2.0 3.0 6.356609525254082
2.0 4.0 6.3057400556333665
2.0 5.0 13.117503093463334
2.0 6.0 19.761016328777036
2.0 11.0 40.76281542667332
2.0 13.0 50.92659960110079
2.0 16.0 70.98693329347192
2.0 18.0 12.602295724192679
2.0 20.0 18.706213822276272
2.0 21.0 24.838998326238844
2.0 23.0 30.404951595017202
2.0 24.0 33.1338235503801
2.0 26.0 44.524477593392916
2.0 27.0 50.23369337130693
2.0 29.0 59.34598840098589
2.0 30.0 59.09261723556931
2.0 31.0 64.34836053782865
2.0 36.0 75.76839463170575
2.0 39.0 80.80525638401414
2.0 40.0 83.70238776139786
2.0 42.0 37.50869144091307
2.0 43.0 45.37938469132648
2.0 44.0 42.01780084135794
2.0 46.0 52.15570026623644
2.0 47.0 51.93365474964027
2.0 48.0 57.6239025246047
2.0 49.0 42.25803233939416
2.0 50.0 47.46286012030171
2.0 51.0 46.79609331074755
2.0 52.0 51.457046309197864
2.0 53.0 55.11452566988195
2.0 54.0 59.097948243193244
2.0 57.0 88.18057487313091
2.0 59.0 92.17343220944936
2.0 61.0 96.38013444263044
2.0 62.0 96.72374180943461
2.0 63.0 102.00425110841533
2.0 65.0 47.348822075880115
2.0 66.0 51.47672182461453
2.0 67.0 54.412019387487355
2.0 68.0 58.071752726460225
2.0 69.0 61.446529352489
2.0 70.0 55.832502526159814
2.0 73.0 66.66352590679404
2.0 74.0 70.70158602260221
2.0 75.0 69.93516994837384
2.0 76.0 78.8501240216205
2.0 78.0 81.47980050318779
2.0 79.0 83.97560208082146
2.0 80.0 78.99391498145646
2.0 81.0 79.19945266012694
2.0 82.0 67.64786141462099
2.0 83.0 68.20022071097861
2.0 84.0 72.44702188437273
2.0 86.0 79.51280569871886
2.0 87.0 79.24097907389135
2.0 88.0 92.79888428377191
2.0 89.0 96.68007766719379
2.0 90.0 81.86609076347139
2.0 91.0 80.96355287532072
2.0 92.0 71.63235013507031
2.0 94.0 76.14682385101015
2.0 95.0 79.32186315605895
2.0 96.0 82.10448146424518
2.0 97.0 80.76208368516373
2.0 98.0 106.98483973278212
2.0 100.0 65.03392131811118
2.0 101.0 47.79609331085102
2.0 102.0 48.03205024002112
2.0 104.0 55.857733829512405
2.0 105.0 55.308512236472254
2.0 107.0 83.62074680893183
2.0 109.0 112.42178327725492
2.0 110.0 115.25017382941425
2.0 111.0 112.99113522691566
2.0 112.0 56.948793837332325
3.0 4.0 12.66234958094144
3.0 5.0 6.760893568044288
3.0 6.0 13.404406803315098
3.0 11.0 34.406205901101146
3.0 13.0 44.56999007603609
3.0 16.0 64.63032376845499
3.0 18.0 18.958905249613696
3.0 20.0 25.062823347818778
3.0 21.0 31.195607851720467
3.0 23.0 36.76156112050955
3.0 24.0 39.49043307589352
3.0 26.0 50.881087118982464
3.0 27.0 56.59030289679676
3.0 29.0 65.70259792656242
3.0 30.0 65.44922676098712
3.0 31.0 70.70497006298922
3.0 36.0 82.12500415937798
3.0 39.0 87.1618659081551
3.0 40.0 90.0589972912515
3.0 42.0 31.152081915408495
3.0 43.0 39.022775165762255
3.0 44.0 35.66119131604536
3.0 46.0 45.79909074139043
3.0 47.0 45.57704522387702
3.0 48.0 51.26729299919208
3.0 49.0 35.90142281417775
3.0 50.0 41.10625059490196
3.0 51.0 40.43948378516585
3.0 52.0 45.100436783565236
3.0 53.0 48.7579161445904
3.0 54.0 52.74133871773123
3.0 57.0 94.53718440482362
3.0 59.0 98.5300417452305
3.0 61.0 102.73674396416135
3.0 62.0 103.0803513307824
3.0 63.0 108.36086064179433
3.0 65.0 40.99221255037458
3.0 66.0 45.12011229952078
3.0 67.0 48.055409861854194
3.0 68.0 51.71514320151452
3.0 69.0 55.08991982727594
3.0 70.0 49.475893001030684
3.0 73.0 73.02013543232493
3.0 74.0 77.05819554742382
3.0 75.0 76.291779473715
3.0 76.0 85.2067335551272
3.0 78.0 87.83641003669757
3.0 79.0 90.3322116072606
3.0 80.0 85.35052450153262
3.0 81.0 85.55606218856813
3.0 82.0 61.291251889224434
3.0 83.0 61.8436111857899
3.0 84.0 78.80363140944536
3.0 86.0 85.86941522441008
3.0 87.0 85.59758859919386
3.0 88.0 99.15549380856442
3.0 89.0 103.03668718947674
3.0 90.0 88.22270027899532
3.0 91.0 87.32016240285209
3.0 92.0 65.27574060840719
3.0 94.0 69.79021432577245
3.0 95.0 72.96525363139165
3.0 96.0 75.74787193919862
3.0 97.0 74.40547415975249
3.0 98.0 113.34144925199723
3.0 100.0 58.677311792391976
3.0 101.0 41.43948378526581
3.0 102.0 41.675440714631094
3.0 104.0 49.50112430391141
3.0 105.0 48.95190271094981
3.0 107.0 89.97735636802656
3.0 109.0 118.77839280630576
3.0 110.0 121.60678335348553
3.0 111.0 119.34774475438529
3.0 112.0 50.59218431193101
4.0 5.0 19.423243148948224
4.0 6.0 26.066756384500664
4.0 11.0 47.06855548217871
4.0 13.0 57.232339656831584
4.0 16.0 77.29267334850647
4.0 18.0 6.296555668449913
4.0 20.0 12.400473766889927
4.0 21.0 18.53325827080029
4.0 23.0 24.099211539413858
4.0 24.0 26.82808349475521
4.0 26.0 38.218737537803634
4.0 27.0 43.927953315729546
4.0 29.0 53.04024834606706
4.0 30.0 52.78687717999612
4.0 31.0 58.04262048454706
4.0 36.0 69.46265457680602
4.0 39.0 74.49951632854132
4.0 40.0 77.39664770547559
4.0 42.0 43.814431496417654
4.0 43.0 51.685124746672514
4.0 44.0 48.32354089689436
4.0 46.0 58.46144032220522
4.0 47.0 58.23939480494613
4.0 48.0 63.92964258027409
4.0 49.0 48.56377239528541
4.0 50.0 53.76860017596107
4.0 51.0 53.10183336614075
4.0 52.0 57.762786364539316
4.0 53.0 61.42026572542879
4.0 54.0 65.4036882986505
4.0 57.0 81.87483481921633
4.0 59.0 85.86769216150599
4.0 61.0 90.0743943843209
4.0 62.0 90.41800175547343
4.0 63.0 95.69851105284079
4.0 65.0 53.6545621314018
4.0 66.0 57.782461880501764
4.0 67.0 60.717759442802304
4.0 68.0 64.37749278212277
4.0 69.0 67.75226940813737
4.0 70.0 62.13824258168173
4.0 73.0 60.35778585139674
4.0 74.0 64.39584596701265
4.0 75.0 63.62942989269651
4.0 76.0 72.5443839576246
4.0 78.0 75.1740604520983
4.0 79.0 77.66986203180453
4.0 80.0 72.68817491668108
4.0 81.0 72.89371261084327
4.0 82.0 73.95360146837803
4.0 83.0 74.50596076546786
4.0 84.0 66.14128182890005
4.0 86.0 73.20706564368484
4.0 87.0 72.9352390178633
4.0 88.0 86.49314422640623
4.0 89.0 90.37433761001697
4.0 90.0 75.5603507146614
4.0 91.0 74.65781282708548
4.0 92.0 77.93809018941651
4.0 94.0 82.45256390645648
4.0 95.0 85.62760321373702
4.0 96.0 88.41022151843401
4.0 97.0 87.06782374065236
4.0 98.0 100.67909966634141
4.0 100.0 71.33966137379892
4.0 101.0 54.10183336632123
4.0 102.0 54.33779029559169
4.0 104.0 62.16347388497377
4.0 105.0 61.614252292118735
4.0 107.0 77.31500676504385
4.0 109.0 106.11604322798743
4.0 110.0 108.94443377003435
4.0 111.0 106.68539516561077
4.0 112.0 63.25453389289788
5.0 6.0 6.643513235377603
5.0 11.0 27.645312333284245
5.0 13.0 37.80909650722944
5.0 16.0 57.86943019977954
5.0 18.0 25.719798817402413
5.0 20.0 31.82371691580154
5.0 21.0 37.95650141968265
5.0 23.0 43.522454688405205
5.0 24.0 46.25132664367476
5.0 26.0 57.64198068667662
5.0 27.0 63.35119646441808
5.0 29.0 72.46349149508322
5.0 30.0 72.21012032862731
5.0 31.0 77.46586362953744
5.0 36.0 88.88589772160248
5.0 39.0 93.92275947896323
5.0 40.0 96.81989085552415
5.0 42.0 24.39118834735644
5.0 43.0 32.26188159763351
5.0 44.0 28.900297747857252
5.0 46.0 39.03819717324379
5.0 47.0 38.81615165618791
5.0 48.0 44.50639943146575
5.0 49.0 29.14052924608236
5.0 50.0 34.345357026703
5.0 51.0 33.678590217280174
5.0 52.0 38.33954321544333
5.0 53.0 41.99702257676002
5.0 54.0 45.980445149568546
5.0 57.0 101.29807797422694
5.0 59.0 105.2909353093059
5.0 61.0 109.49763753649789
5.0 62.0 109.8412449037047
5.0 63.0 115.12175420229528
5.0 65.0 34.23131898248916
5.0 66.0 38.35921873114806
5.0 67.0 41.2945162942186
5.0 68.0 44.954249633333944
5.0 69.0 48.329026259780605
5.0 70.0 42.71499943253019
5.0 73.0 79.78102900035398
5.0 74.0 83.81908911567459
5.0 75.0 83.05267304111541
5.0 76.0 91.96762711721887
5.0 78.0 94.5973035994607
5.0 79.0 97.09310517317934
5.0 80.0 92.11141805142962
5.0 81.0 92.31695573752285
5.0 82.0 54.53035832074438
5.0 83.0 55.082717616600895
5.0 84.0 85.56452497731968
5.0 86.0 92.6303087934937
5.0 87.0 92.35848216768363
5.0 88.0 105.91638737445047
5.0 89.0 109.79758075672208
5.0 90.0 94.9835938606191
5.0 91.0 94.08105597900438
5.0 92.0 58.514847040657166
5.0 94.0 63.02932075764118
5.0 95.0 66.20436006449152
5.0 96.0 68.98697836904527
5.0 97.0 67.64458059125563
5.0 98.0 120.10234281915044
5.0 100.0 51.916418225105
5.0 101.0 34.67859021729103
5.0 102.0 34.91454714663752
5.0 104.0 42.74023073618718
5.0 105.0 42.191009142942015
5.0 107.0 96.73824990967015
5.0 109.0 125.5392863730832
5.0 110.0 128.36767692733568
5.0 111.0 126.10863831724143
5.0 112.0 43.83129074384457
6.0 11.0 21.00179909776865
6.0 13.0 31.16558327207322
6.0 16.0 51.22591696497399
6.0 18.0 32.3633120528282
6.0 20.0 38.467230151045044
6.0 21.0 44.60001465507374
6.0 23.0 50.16596792376461
6.0 24.0 52.89483987905068
6.0 26.0 64.28549392211889
6.0 27.0 69.9947097003232
6.0 29.0 79.10700473024067
6.0 30.0 78.85363356375399
6.0 31.0 84.10937686352368
6.0 36.0 95.52941095650272
6.0 39.0 100.56627271704588
6.0 40.0 103.46340408900868
6.0 42.0 17.747675111833296
6.0 43.0 25.61836836189799
6.0 44.0 22.256784512837363
6.0 46.0 32.3946839377575
6.0 47.0 32.17263842049745
6.0 48.0 37.86288619603084
6.0 49.0 22.497016010893034
6.0 50.0 27.70184379178329
6.0 51.0 27.035076982392972
6.0 52.0 31.696029979984242
6.0 53.0 35.35350934108236
6.0 54.0 39.336931914344085
6.0 57.0 107.94159120976812
6.0 59.0 111.93444854161126
6.0 61.0 116.14115077856485
6.0 62.0 116.484758146111
6.0 63.0 121.76526743736278
6.0 65.0 27.587805747299868
6.0 66.0 31.71570549536358
6.0 67.0 34.65100305817008
6.0 68.0 38.31073639782758
6.0 69.0 41.68551302419041
6.0 70.0 36.07148619730457
6.0 73.0 86.4245422354372
6.0 74.0 90.46260235135145
6.0 75.0 89.69618627659558
6.0 76.0 98.61114035333193
6.0 78.0 101.24081683703136
6.0 79.0 103.7366184126827
6.0 80.0 98.75493129954639
6.0 81.0 98.96046898901476
6.0 82.0 47.886845085474505
6.0 83.0 48.439204380712326
6.0 84.0 92.20803821278477
6.0 86.0 99.27382202820183
6.0 87.0 99.0019954025766
6.0 88.0 112.55990062045058
6.0 89.0 116.44109398739633
6.0 90.0 101.6271070847301
6.0 91.0 100.72456921434707
6.0 92.0 51.87133380551109
6.0 94.0 56.385807523735636
6.0 95.0 59.56084682878922
6.0 96.0 62.34346513536699
6.0 97.0 61.00106735556745
6.0 98.0 126.74585606325272
6.0 100.0 45.272904989573256
6.0 101.0 28.035076981928494
6.0 102.0 28.271033911269164
6.0 104.0 36.09671750058587
6.0 105.0 35.54749590778475
6.0 107.0 103.3817631504478
6.0 109.0 132.18279960232843
6.0 110.0 135.0111901514921
6.0 111.0 132.7521515528574
6.0 112.0 37.18777750852319
11.0 13.0 21.315049651846643
11.0 16.0 41.37538334514908
11.0 18.0 53.36511115077509
11.0 20.0 59.46902924861128
11.0 21.0 65.60181375233472
11.0 23.0 71.16776702121167
11.0 24.0 73.89663897634891
11.0 26.0 85.28729301985399
11.0 27.0 90.99650879749288
11.0 29.0 100.10880382907641
11.0 30.0 99.85543266193763
11.0 31.0 105.11117596519523
11.0 36.0 116.5312100485655
11.0 39.0 121.56807180408121
11.0 40.0 124.46520318839217
11.0 42.0 24.70208545297244
11.0 43.0 32.57277870231501
11.0 44.0 29.21119485274872
11.0 46.0 39.349094278436915
11.0 47.0 39.127048762332336
11.0 48.0 44.81729653677205
11.0 49.0 29.45142635171545
11.0 50.0 34.65625413239613
11.0 51.0 33.989487322680695
11.0 52.0 38.65044032106255
11.0 53.0 42.30791968204249
11.0 54.0 46.29134225484552
11.0 57.0 128.943390294844
11.0 59.0 132.93624763915653
11.0 61.0 137.1429498682615
11.0 62.0 137.48655722828806
11.0 63.0 142.7670665430463
11.0 65.0 34.54221608758236
11.0 66.0 38.67011583694906
11.0 67.0 41.60541339939279
11.0 68.0 45.26514673871557
11.0 69.0 48.63992336470723
11.0 70.0 43.02589653727742
11.0 73.0 107.4263413329868
11.0 74.0 111.46440144882928
11.0 75.0 110.69798537435902
11.0 76.0 119.61293944654358
11.0 78.0 122.2426159338682
11.0 79.0 124.73841750865265
11.0 80.0 119.75673039522235
11.0 81.0 119.96226807840644
11.0 82.0 38.036311465470106
11.0 83.0 38.58867076102052
11.0 84.0 113.20983731060483
11.0 86.0 120.27562112658259
11.0 87.0 120.00379450059113
11.0 88.0 133.56169971071859
11.0 89.0 137.44289308599792
11.0 90.0 122.62890618759478
11.0 91.0 121.72636829431778
11.0 92.0 42.020800185510716
11.0 94.0 46.5352739023564
11.0 95.0 49.710313209623116
11.0 96.0 52.49293151488049
11.0 97.0 51.150533735533635
11.0 98.0 147.74765515717564
11.0 100.0 52.2273153303195
11.0 101.0 34.989487322734526
11.0 102.0 35.22544425227461
11.0 104.0 43.05112784139374
11.0 105.0 42.50190624847036
11.0 107.0 124.38356224496412
11.0 109.0 153.1845987091538
11.0 110.0 156.01298925059
11.0 111.0 153.75395064590455
11.0 112.0 44.142187849221784
13.0 16.0 31.539167519375866
13.0 18.0 63.52889532491052
13.0 20.0 69.63281342208687
13.0 21.0 75.76559792771145
13.0 23.0 81.33155119578674
13.0 24.0 84.0604231508131
13.0 26.0 95.45107719383421
13.0 27.0 101.1602929716019
13.0 29.0 110.27258800168111
13.0 30.0 110.01921683577865
13.0 31.0 115.27496013793584
13.0 36.0 126.69499423033858
13.0 39.0 131.73185598302982
13.0 40.0 134.62898735833753
13.0 42.0 34.8658696269605
13.0 43.0 42.73656287728407
13.0 44.0 39.37497902769607
13.0 46.0 49.512878453044365
13.0 47.0 49.29083293573087
13.0 48.0 54.981080711032526
13.0 49.0 39.6152105257371
13.0 50.0 44.82003830697457
13.0 51.0 44.15327149755181
13.0 52.0 48.81422449573421
13.0 53.0 52.4717038561641
13.0 54.0 56.45512642915712
13.0 57.0 139.10717447616216
13.0 59.0 143.1000318136496
13.0 61.0 147.30673403717626
13.0 62.0 147.65034140796098
13.0 63.0 152.9308507110637
13.0 65.0 44.70600026247556
13.0 66.0 48.83390000987319
13.0 67.0 51.76919757321634
13.0 68.0 55.42893091305298
13.0 69.0 58.80370753838091
13.0 70.0 53.18968071240174
13.0 73.0 117.59012550725048
13.0 74.0 121.62818562299078
13.0 75.0 120.86176954868382
13.0 76.0 129.77672361907
13.0 78.0 132.40640010918005
13.0 79.0 134.9022016790933
13.0 80.0 129.92051456584417
13.0 81.0 130.12605225192144
13.0 82.0 28.200095639334407
13.0 83.0 28.752454935391278
13.0 84.0 123.37362148473932
13.0 86.0 130.43940530046967
13.0 87.0 130.1675786743545
13.0 88.0 143.72548388197447
13.0 89.0 147.60667726413473
13.0 90.0 132.79269035803105
13.0 91.0 131.89015247552916
13.0 92.0 32.184584359587284
13.0 94.0 36.69905807659971
13.0 95.0 39.874097382665575
13.0 96.0 42.656715689265866
13.0 97.0 41.31431791067003
13.0 98.0 157.9114393301516
13.0 100.0 62.391099504124185
13.0 101.0 45.15327149687264
13.0 102.0 45.38922842652683
13.0 104.0 53.214912015546346
13.0 105.0 52.66569042312314
13.0 107.0 134.54734641753856
13.0 109.0 163.34838288044102
13.0 110.0 166.17677342965618
13.0 111.0 163.91773482273172
13.0 112.0 54.30597202373533
16.0 18.0 83.58922901895703
16.0 20.0 89.69314711658939
16.0 21.0 95.82593162081494
16.0 23.0 101.39188489080196
16.0 24.0 104.12075684430037
16.0 26.0 115.51141088717273
16.0 27.0 121.22062666498186
16.0 29.0 130.3329216948106
16.0 30.0 130.07955052906937
16.0 31.0 135.3352938310753
16.0 36.0 146.75532792396592
16.0 39.0 151.79218967754844
16.0 40.0 154.68932105328332
16.0 42.0 54.92620332094029
16.0 43.0 62.79689657093593
16.0 44.0 59.43531272069963
16.0 46.0 69.57321214682594
16.0 47.0 69.35116662872653
16.0 48.0 75.0414144039978
16.0 49.0 59.67554421920493
16.0 50.0 64.88037199993892
16.0 51.0 64.2136051903019
16.0 52.0 68.87455818807541
16.0 53.0 72.53203755098899
16.0 54.0 76.5154601232351
16.0 57.0 159.16750817058957
16.0 59.0 163.16036550495858
16.0 61.0 167.36706773029272
16.0 62.0 167.7106751014851
16.0 63.0 172.9911844053666
16.0 65.0 64.76633395536595
16.0 66.0 68.89423370423962
16.0 67.0 71.82953126564455
16.0 68.0 75.48926460606825
16.0 69.0 78.86404123434531
16.0 70.0 73.25001440504032
16.0 73.0 137.65045920049917
16.0 74.0 141.68851931623314
16.0 75.0 140.92210324217922
16.0 76.0 149.83705731375875
16.0 78.0 152.46673380319908
16.0 79.0 154.96253537254205
16.0 80.0 149.9808482601306
16.0 81.0 150.18638594480558
16.0 82.0 28.315435524342966
16.0 83.0 28.8677948204828
16.0 84.0 143.43395517805226
16.0 86.0 150.49973899356343
16.0 87.0 150.2279123676076
16.0 88.0 163.78581757383927
16.0 89.0 167.6670109574256
16.0 90.0 152.85302405068222
16.0 91.0 151.95048617006847
16.0 92.0 32.29992424459105
16.0 94.0 17.48440836768289
16.0 95.0 20.65944767393212
16.0 96.0 23.442065980556258
16.0 97.0 22.099668201739483
16.0 98.0 177.97177302253135
16.0 100.0 82.4514331992105
16.0 101.0 65.21360519061867
16.0 102.0 65.44956212002015
16.0 104.0 73.27524570909375
16.0 105.0 72.7260241167736
16.0 107.0 154.60768011102306
16.0 109.0 183.4087165762035
16.0 110.0 186.23710712355324
16.0 111.0 183.97806851836535
16.0 112.0 74.3663057169839
18.0 20.0 6.103918098342813
18.0 21.0 12.236702602230618
18.0 23.0 17.802655870985355
18.0 24.0 20.531527826307965
18.0 26.0 31.922181869711974
18.0 27.0 37.63139764742591
18.0 29.0 46.74369267667877
18.0 30.0 46.49032151171053
18.0 31.0 51.74606480954799
18.0 36.0 63.166098903784075
18.0 39.0 68.20296066345009
18.0 40.0 71.10009203468867
18.0 42.0 50.110987164898205
18.0 43.0 57.98168041523729
18.0 44.0 54.62009656523841
18.0 46.0 64.75799599078253
18.0 47.0 64.53595047353276
18.0 48.0 70.22619824867898
18.0 49.0 54.860328063600946
18.0 50.0 60.06515584424879
18.0 51.0 59.398389034968076
18.0 52.0 64.05934203309802
18.0 53.0 67.71682139390936
18.0 54.0 71.70024396682504
18.0 57.0 75.5782791533259
18.0 59.0 79.5711364876958
18.0 61.0 83.77783872274173
18.0 62.0 84.12144608231195
18.0 63.0 89.40195538817413
18.0 65.0 59.95111779998394
18.0 66.0 64.0790175490151
18.0 67.0 67.0143151113132
18.0 68.0 70.67404845082834
18.0 69.0 74.04882507656802
18.0 70.0 68.43479825018343
18.0 73.0 54.06123018291936
18.0 74.0 58.09929029828959
18.0 75.0 57.33287422432485
18.0 76.0 66.24782830156725
18.0 78.0 68.87750479012635
18.0 79.0 71.3733063580279
18.0 80.0 66.39161926391782
18.0 81.0 66.59715693595649
18.0 82.0 80.25015713902486
18.0 83.0 80.80251643580165
18.0 84.0 59.84472616011098
18.0 86.0 66.91050997629645
18.0 87.0 66.63868334996083
18.0 88.0 80.19658856291053
18.0 89.0 84.07778193823
18.0 90.0 69.2637950381356
18.0 91.0 68.36125715600917
18.0 92.0 84.23464585927678
18.0 94.0 88.74911957440476
18.0 95.0 91.92415888194375
18.0 96.0 94.70677718854834
18.0 97.0 93.36437940879244
18.0 98.0 94.38254400497338
18.0 100.0 77.63621704240593
18.0 101.0 60.3983890346543
18.0 102.0 60.63434596422812
18.0 104.0 68.46002955350926
18.0 105.0 67.91080796085848
18.0 107.0 71.01845110389536
18.0 109.0 99.8194875583518
18.0 110.0 102.64787810807678
18.0 111.0 100.38883950253859
18.0 112.0 69.55108956094811
20.0 21.0 6.132784503838861
20.0 23.0 11.698737772656695
20.0 24.0 14.427609727737046
20.0 26.0 25.818263771219698
20.0 27.0 31.52747954906552
20.0 29.0 40.639774579959315
20.0 30.0 40.386403413279325
20.0 31.0 45.64214671524439
20.0 36.0 57.062180806442626
20.0 39.0 62.09904256217057
20.0 40.0 64.99617393584973
20.0 42.0 56.21490526319339
20.0 43.0 64.0855985132123
20.0 44.0 60.7240146637068
20.0 46.0 70.86191408944403
20.0 47.0 70.63986857173273
20.0 48.0 76.33011634734103
20.0 49.0 60.964246162076506
20.0 50.0 66.16907394260848
20.0 51.0 65.50230713293656
20.0 52.0 70.16326013099976
20.0 53.0 73.82073949262548
20.0 54.0 77.80416206532102
20.0 57.0 69.47436105891045
20.0 59.0 73.46721838918145
20.0 61.0 77.6739206183728
20.0 62.0 78.0175279838148
20.0 63.0 83.29803728327997
20.0 65.0 66.05503589819607
20.0 66.0 70.18293564712468
20.0 67.0 73.11823320943927
20.0 68.0 76.77796654919395
20.0 69.0 80.15274317544151
20.0 70.0 74.53871634824553
20.0 73.0 47.95731208454778
20.0 74.0 51.99537220012198
20.0 75.0 51.22895612604109
20.0 76.0 60.14391020398473
20.0 78.0 62.77358669046781
20.0 79.0 65.269388257283
20.0 80.0 60.287701161087455
20.0 81.0 60.49323882943037
20.0 82.0 86.35407523526023
20.0 83.0 86.90643453284841
20.0 84.0 53.74080806246194
20.0 86.0 60.80659187728149
20.0 87.0 60.53476525197369
20.0 88.0 74.09267045741062
20.0 89.0 77.97386384454582
20.0 90.0 63.159876931947856
20.0 91.0 62.25733905133502
20.0 92.0 90.33856395726372
20.0 94.0 94.85303767360884
20.0 95.0 98.02807698068818
20.0 96.0 100.81069528693727
20.0 97.0 99.46829750698176
20.0 98.0 88.27862591448871
20.0 100.0 83.7401351406532
20.0 101.0 66.50230713310998
20.0 102.0 66.7382640623473
20.0 104.0 74.5639476515952
20.0 105.0 74.01472605878243
20.0 107.0 64.91453300098489
20.0 109.0 93.71556946225724
20.0 110.0 96.54396000235947
20.0 111.0 94.28492140205005
20.0 112.0 75.65500765968868
21.0 23.0 5.565953268731279
21.0 24.0 8.2948252241897
21.0 26.0 19.685479267233617
21.0 27.0 25.39469504535708
21.0 29.0 34.50699007502918
21.0 30.0 34.25361890961037
21.0 31.0 39.509362213111004
21.0 36.0 50.92939630305111
21.0 39.0 55.966258059761685
21.0 40.0 58.86338942925239
21.0 42.0 62.3476897667494
21.0 43.0 70.21838301715738
21.0 44.0 66.85679916738954
21.0 46.0 76.99469859348126
21.0 47.0 76.77265307508077
21.0 48.0 82.46290085050254
21.0 49.0 67.09703066584416
21.0 50.0 72.30185844625035
21.0 51.0 71.63509163685364
21.0 52.0 76.29604463534986
21.0 53.0 79.95352399641348
21.0 54.0 83.93694656956062
21.0 57.0 63.341576550936765
21.0 59.0 67.33443389072843
21.0 61.0 71.541136113014
21.0 62.0 71.8847434819527
21.0 63.0 77.16525278865997
21.0 65.0 72.18782040215098
21.0 66.0 76.31572015090708
21.0 67.0 79.25101771373967
21.0 68.0 82.91075105257228
21.0 69.0 86.2855276788842
21.0 70.0 80.67150085230801
21.0 73.0 41.82452758077973
21.0 74.0 45.862587696405384
21.0 75.0 45.09617162225015
21.0 76.0 54.01112569040999
21.0 78.0 56.640802184018
21.0 79.0 59.136603754566394
21.0 80.0 54.15491664278629
21.0 81.0 54.36045431384545
21.0 82.0 92.48685974008231
21.0 83.0 93.03921903731998
21.0 84.0 47.60802355834666
21.0 86.0 54.673807374253855
21.0 87.0 54.401980747633765
21.0 88.0 67.95988595504096
21.0 89.0 71.84107933940388
21.0 90.0 57.02709243203425
21.0 91.0 56.1245545523694
21.0 92.0 96.47134846057413
21.0 94.0 100.98582217659833
21.0 95.0 104.1608614833446
21.0 96.0 106.94347979075543
21.0 97.0 105.60108201039428
21.0 98.0 82.14584140461483
21.0 100.0 89.87291964463358
21.0 101.0 72.63509163648656
21.0 102.0 72.87104856572105
21.0 104.0 80.6967321551194
21.0 105.0 80.14751056239854
21.0 107.0 58.78174850580689
21.0 109.0 87.58278495667001
21.0 110.0 90.41117550107056
21.0 111.0 88.15213689816264
21.0 112.0 81.78779216347019
23.0 24.0 2.728871955379792
23.0 26.0 14.119525998561116
23.0 27.0 19.828741776593038
23.0 29.0 28.941036806711033
23.0 30.0 28.68766564065575
23.0 31.0 33.94340894238192
23.0 36.0 45.363443034952255
23.0 39.0 50.40030478881067
23.0 40.0 53.29743616110605
23.0 42.0 67.91364303559558
23.0 43.0 75.78433628597516
23.0 44.0 72.42275243637583
23.0 46.0 82.56065186110149
23.0 47.0 82.33860634411539
23.0 48.0 88.02885411980324
23.0 49.0 72.66298393385239
23.0 50.0 77.86781171453997
23.0 51.0 77.20104490489405
23.0 52.0 81.86199790362953
23.0 53.0 85.51947726515249
23.0 54.0 89.50289983765902
23.0 57.0 57.77562327888039
23.0 59.0 61.76848061458683
23.0 61.0 65.97518284303649
23.0 62.0 66.31879021201007
23.0 63.0 71.59929951383711
23.0 65.0 77.75377367015518
23.0 66.0 81.88167341943574
23.0 67.0 84.81697098269395
23.0 68.0 88.47670432180567
23.0 69.0 91.85148094700193
23.0 70.0 86.23745412149196
23.0 73.0 36.25857431214472
23.0 74.0 40.29663442779612
23.0 75.0 39.530218353728955
23.0 76.0 48.44517242275474
23.0 78.0 51.0748489172384
23.0 79.0 53.57065048647351
23.0 80.0 48.588963375204465
23.0 81.0 48.794501057148615
23.0 82.0 98.05281300869545
23.0 83.0 98.605172304363
23.0 84.0 42.042070289492884
23.0 86.0 49.10785410494873
23.0 87.0 48.836027478754055
23.0 88.0 62.39393268873486
23.0 89.0 66.27512607168543
23.0 90.0 51.46113916586162
23.0 91.0 50.55860128449788
23.0 92.0 102.03730172969047
23.0 94.0 106.55177544597666
23.0 95.0 109.72681475191024
23.0 96.0 112.50943305851779
23.0 97.0 111.16703527971003
23.0 98.0 76.57988813480897
23.0 100.0 95.43887291324928
23.0 101.0 78.20104490459435
23.0 102.0 78.43700183492624
23.0 104.0 86.26268542416346
23.0 105.0 85.71346383085132
23.0 107.0 53.21579522761599
23.0 109.0 82.01683169104166
23.0 110.0 84.84522223722917
23.0 111.0 82.58618362729115
23.0 112.0 87.35374543253587
24.0 26.0 11.390654043101822
24.0 27.0 17.099869821262942
24.0 29.0 26.212164851039937
24.0 30.0 25.958793685286956
24.0 31.0 31.214536985981105
24.0 36.0 42.634571082998015
24.0 39.0 47.67143283596627
24.0 40.0 50.56856421107199
24.0 42.0 70.64251499145757
24.0 43.0 78.51320824117938
24.0 44.0 75.15162439164564
24.0 46.0 85.28952381692994
24.0 47.0 85.06747830000555
24.0 48.0 90.75772607489772
24.0 49.0 75.39185588932382
24.0 50.0 80.59668367105648
24.0 51.0 79.92991686079974
24.0 52.0 84.59086985820493
24.0 53.0 88.24834922052855
24.0 54.0 92.23177179337046
24.0 57.0 55.04675132968984
24.0 59.0 59.03960866801907
24.0 61.0 63.2463108905621
24.0 62.0 63.589918257079816
24.0 63.0 68.870427557281
24.0 65.0 80.48264562614938
24.0 66.0 84.61054537497319
24.0 67.0 87.54584293817163
24.0 68.0 91.2055762770237
24.0 69.0 94.58035290233082
24.0 70.0 88.96632607637667
24.0 73.0 33.52970235669298
24.0 74.0 37.56776247272339
24.0 75.0 36.80134639808378
24.0 76.0 45.71630047487741
24.0 78.0 48.34597695973437
24.0 79.0 50.84177852958655
24.0 80.0 45.86009141937423
24.0 81.0 46.06562909838906
24.0 82.0 100.78168496488458
24.0 83.0 101.33404426163848
24.0 84.0 39.31319833396893
24.0 86.0 46.37898214982323
24.0 87.0 46.10715552341436
24.0 88.0 59.66506073062139
24.0 89.0 63.54625411405402
24.0 90.0 48.732267204200454
24.0 91.0 47.82972932469821
24.0 92.0 104.76617368455815
24.0 94.0 109.28064740063054
24.0 95.0 112.45568670755921
24.0 96.0 115.23830501389689
24.0 97.0 113.89590723497315
24.0 98.0 73.8510161790387
24.0 100.0 98.167744868733
24.0 101.0 80.92991686005124
24.0 102.0 81.16587379034878
24.0 104.0 88.99155737829835
24.0 105.0 88.44233578701645
24.0 107.0 50.48692325512203
24.0 109.0 79.28795972967295
24.0 110.0 82.11635027945599
24.0 111.0 79.85731167335565
24.0 112.0 90.08261738785485
26.0 27.0 5.7092157779030295
26.0 29.0 14.821510810340731
26.0 30.0 14.56813964218179
26.0 31.0 19.823882944437308
26.0 36.0 31.243917037453443
26.0 39.0 36.28077878752108
26.0 40.0 39.17791016558833
26.0 42.0 82.03316903386369
26.0 43.0 89.90386228399512
26.0 44.0 86.54227843443036
26.0 46.0 96.68017785992842
26.0 47.0 96.45813234225648
26.0 48.0 102.14838011772028
26.0 49.0 86.78250993263737
26.0 50.0 91.98733771339212
26.0 51.0 91.32057090370894
26.0 52.0 95.98152390150261
26.0 53.0 99.63900326288694
26.0 54.0 103.62242583587023
26.0 57.0 43.65609728653621
26.0 59.0 47.648954619617236
26.0 61.0 51.85565684550697
26.0 62.0 52.199264219667185
26.0 63.0 57.479773516728265
26.0 65.0 91.87329966813316
26.0 66.0 96.00119941792846
26.0 67.0 98.9364969800157
26.0 68.0 102.5962303193944
26.0 69.0 105.97100694547791
26.0 70.0 100.35698011870369
26.0 73.0 22.13904831361394
26.0 74.0 26.177108429340493
26.0 75.0 25.410692356292497
26.0 76.0 34.32564642696946
26.0 78.0 36.955322915510685
26.0 79.0 39.45112448629179
26.0 80.0 34.46943737298595
26.0 81.0 34.67497505037651
26.0 82.0 112.1723390071482
26.0 83.0 112.72469830292229
26.0 84.0 27.92254429097576
26.0 86.0 34.988328108071066
26.0 87.0 34.71650148021331
26.0 88.0 48.274406685498306
26.0 89.0 52.15560007115807
26.0 90.0 37.341613164013154
26.0 91.0 36.43907528617259
26.0 92.0 116.1568277271723
26.0 94.0 120.67130144402702
26.0 95.0 123.8463407503398
26.0 96.0 126.62895905688883
26.0 97.0 125.28656127808574
26.0 98.0 62.46036212912956
26.0 100.0 109.55839891108127
26.0 101.0 92.3205709036757
26.0 102.0 92.55652783310367
26.0 104.0 100.38221142232126
26.0 105.0 99.83298982933084
26.0 107.0 39.096269228505335
26.0 109.0 67.89730568823579
26.0 110.0 70.72569623595585
26.0 111.0 68.46665763242619
26.0 112.0 101.47327143027218
27.0 29.0 9.112295029750921
27.0 30.0 8.858923864058957
27.0 31.0 14.114667162695724
27.0 36.0 25.534701258100576
27.0 39.0 30.571563007795366
27.0 40.0 33.46869439084777
27.0 42.0 87.74238481182348
27.0 43.0 95.61307806187644
27.0 44.0 92.25149421211114
27.0 46.0 102.3893936376052
27.0 47.0 102.16734812033198
27.0 48.0 107.85759589547693
27.0 49.0 92.49172571054243
27.0 50.0 97.69655349111751
27.0 51.0 97.02978668157772
27.0 52.0 101.6907396796952
27.0 53.0 105.3482190407542
27.0 54.0 109.33164161381927
27.0 57.0 37.946881507031726
27.0 59.0 41.939738841317734
27.0 61.0 46.1464410678768
27.0 62.0 46.4900484462997
27.0 63.0 51.770557741234384
27.0 65.0 97.58251544657884
27.0 66.0 101.71041519568212
27.0 67.0 104.64571275814271
27.0 68.0 108.30544609730711
27.0 69.0 111.68022272331666
27.0 70.0 106.06619589608496
27.0 73.0 16.429832535759253
27.0 74.0 20.467892651703753
27.0 75.0 19.701476577519177
27.0 76.0 28.616430647847224
27.0 78.0 31.246107140245904
27.0 79.0 33.741908707474174
27.0 80.0 28.760221597840257
27.0 81.0 28.965759284929266
27.0 82.0 117.88155478488919
27.0 83.0 118.43391408090908
27.0 84.0 22.213328513491724
27.0 86.0 29.27911232887776
27.0 87.0 29.00728570198944
27.0 88.0 42.56519089833137
27.0 89.0 46.44638429431051
27.0 90.0 31.632397387839525
27.0 91.0 30.72985950451779
27.0 92.0 121.86604350508264
27.0 94.0 126.38051722190374
27.0 95.0 129.55555652804884
27.0 96.0 132.33817483498976
27.0 97.0 130.99577705554378
27.0 98.0 56.75114636086575
27.0 100.0 115.26761468908575
27.0 101.0 98.02978668149498
27.0 102.0 98.26574361087376
27.0 104.0 106.09142720023203
27.0 105.0 105.54220560712616
27.0 107.0 33.387053448865686
27.0 109.0 62.18808991381415
27.0 110.0 65.0164804615374
27.0 111.0 62.75744185506516
27.0 112.0 107.18248720810931
29.0 30.0 10.940069045279248
29.0 31.0 5.002372135554882
29.0 36.0 16.42240622787174
29.0 39.0 21.459267983414215
29.0 40.0 24.35639935836382
29.0 42.0 96.8546798420085
29.0 43.0 104.72537309209287
29.0 44.0 101.36378924278881
29.0 46.0 111.50168866796912
29.0 47.0 111.27964315058816
29.0 48.0 116.96989092603744
29.0 49.0 101.60402074085964
29.0 50.0 106.80884852133386
29.0 51.0 106.14208171180078
29.0 52.0 110.80303471024288
29.0 53.0 114.46051407093503
29.0 54.0 118.44393664415169
29.0 57.0 28.8345864753106
29.0 59.0 32.82744381146741
29.0 61.0 37.03414603681576
29.0 62.0 37.37775340866271
29.0 63.0 42.658262710373634
29.0 65.0 106.69481047690556
29.0 66.0 110.82271022605501
29.0 67.0 113.75800778807398
29.0 68.0 117.41774112769565
29.0 69.0 120.79251775346809
29.0 70.0 115.17849092720138
29.0 73.0 18.510977716947504
29.0 74.0 22.549037832922835
29.0 75.0 21.782621760104668
29.0 76.0 19.50413561882213
29.0 78.0 22.133812108519727
29.0 79.0 24.62961367763425
29.0 80.0 19.647926567205058
29.0 81.0 19.853464249619176
29.0 82.0 126.99384981516815
29.0 83.0 127.54620911102188
29.0 84.0 24.294473696245632
29.0 86.0 31.36025751181869
29.0 87.0 31.088430884915006
29.0 88.0 33.45289588341801
29.0 89.0 37.334089262451904
29.0 90.0 22.52010235556604
29.0 91.0 21.617564474636545
29.0 92.0 130.97833853569762
29.0 94.0 135.4928122517339
29.0 95.0 138.667851557927
29.0 96.0 141.45046986475023
29.0 97.0 140.1080720857509
29.0 98.0 47.638851326511016
29.0 100.0 124.37990971956032
29.0 101.0 107.14208171192166
29.0 102.0 107.3780386410594
29.0 104.0 115.20372223037913
29.0 105.0 114.65450063747093
29.0 107.0 24.274758417875503
29.0 109.0 53.075794881550706
29.0 110.0 55.90418542866581
29.0 111.0 53.64514682289644
29.0 112.0 116.29478223833745
30.0 31.0 15.942441182932846
30.0 36.0 27.362475277179264
30.0 39.0 32.39933702842643
30.0 40.0 35.296468398741695
30.0 42.0 96.60130867579403
30.0 43.0 104.47200192593635
30.0 44.0 101.11041807623073
30.0 46.0 111.24831750182292
30.0 47.0 111.02627198434641
30.0 48.0 116.71651975968554
30.0 49.0 101.35064957461279
30.0 50.0 106.55547735536747
30.0 51.0 105.88871054563103
30.0 52.0 110.54966354379417
30.0 53.0 114.20714290483585
30.0 54.0 118.19056547795196
30.0 57.0 39.774655519840195
30.0 59.0 43.76751285726901
30.0 61.0 47.97421508104048
30.0 62.0 48.31782245049917
30.0 63.0 53.5983317519474
30.0 65.0 106.44143931081476
30.0 66.0 110.56933905980523
30.0 67.0 113.50463662229333
30.0 68.0 117.16436996152854
30.0 69.0 120.53914658756956
30.0 70.0 114.92511976107238
30.0 73.0 7.5709086715125
30.0 74.0 11.608968787118199
30.0 75.0 10.842552713307745
30.0 76.0 30.44420466597765
30.0 78.0 33.07388115418023
30.0 79.0 35.56968272404497
30.0 80.0 30.58799561373712
30.0 81.0 30.793533297195644
30.0 82.0 126.74047864886884
30.0 83.0 127.29283794491516
30.0 84.0 13.354404648979237
30.0 86.0 20.420188464657308
30.0 87.0 20.14836183848068
30.0 88.0 44.39296492470078
30.0 89.0 48.274158301921446
30.0 90.0 33.46017140136561
30.0 91.0 32.55763352392502
30.0 92.0 130.7249673692902
30.0 94.0 135.23944108621666
30.0 95.0 138.4144803921025
30.0 96.0 141.1970986987466
30.0 97.0 139.85470092017772
30.0 98.0 58.57892036881762
30.0 100.0 124.12653855318437
30.0 101.0 106.88871054554427
30.0 102.0 107.12466747510635
30.0 104.0 114.95035106406038
30.0 105.0 114.401129471242
30.0 107.0 35.214827465806835
30.0 109.0 64.01586392969914
30.0 110.0 66.8442544752858
30.0 111.0 64.5852158694621
30.0 112.0 116.04141107237766
31.0 36.0 11.420034093548892
31.0 39.0 16.45689584750614
31.0 40.0 19.35402722237268
31.0 42.0 101.85705197766583
31.0 43.0 109.72774522774316
31.0 44.0 106.36616137783815
31.0 46.0 116.50406080376739
31.0 47.0 116.28201528650162
31.0 48.0 121.97226306124557
31.0 49.0 106.60639287607437
31.0 50.0 111.81122065724705
31.0 51.0 111.1444538469897
31.0 52.0 115.8054068452692
31.0 53.0 119.46288620648667
31.0 54.0 123.44630878005816
31.0 57.0 23.832214340584187
31.0 59.0 27.82507167634935
31.0 61.0 32.031773901910896
31.0 62.0 32.37538127298607
31.0 63.0 37.65589057281256
31.0 65.0 111.69718261370514
31.0 66.0 115.82508236096669
31.0 67.0 118.76037992353636
31.0 68.0 122.42011326422679
31.0 69.0 125.79488988932913
31.0 70.0 120.18086306207039
31.0 73.0 23.51334985322263
31.0 74.0 27.551409972253364
31.0 75.0 26.78499389518816
31.0 76.0 14.50176348332796
31.0 78.0 17.131439972403285
31.0 79.0 19.627241542648395
31.0 80.0 14.64555443251937
31.0 81.0 14.851092114366205
31.0 82.0 131.99622195023497
31.0 83.0 132.5485812464112
31.0 84.0 29.296845830483694
31.0 86.0 36.36262964687689
31.0 87.0 36.090803018766174
31.0 88.0 28.45052374604479
31.0 89.0 32.331717127196505
31.0 90.0 17.517730219831773
31.0 91.0 16.61519233842107
31.0 92.0 135.98071067091627
31.0 94.0 140.4951843876111
31.0 95.0 143.67022369362894
31.0 96.0 146.45284199963544
31.0 97.0 145.11044422148495
31.0 98.0 42.63647919296245
31.0 100.0 129.38228185485366
31.0 101.0 112.1444538468422
31.0 102.0 112.38041077655168
31.0 104.0 120.2060943662631
31.0 105.0 119.65687277296736
31.0 107.0 19.27238628441348
31.0 109.0 48.073422747627305
31.0 110.0 50.901813293017675
31.0 111.0 48.64277468631435
31.0 112.0 121.2971543736511
36.0 39.0 5.036861753710296
36.0 40.0 7.933993128981771
36.0 42.0 113.27708606956928
36.0 43.0 121.14777932110913
36.0 44.0 117.78619547084595
36.0 46.0 127.92409489656973
36.0 47.0 127.70204938019572
36.0 48.0 133.39229715355728
36.0 49.0 118.02642696890688
36.0 50.0 123.23125475063125
36.0 51.0 122.56448793950511
36.0 52.0 127.2254409389385
36.0 53.0 130.88292030051363
36.0 54.0 134.86634287262083
36.0 57.0 12.412180247215398
36.0 59.0 16.40503758366256
36.0 61.0 20.611739807368888
36.0 62.0 20.95534717995223
36.0 63.0 26.235856483069075
36.0 65.0 123.1172167045685
36.0 66.0 127.24511645546644
36.0 67.0 130.180414017366
36.0 68.0 133.84014735827887
36.0 69.0 137.21492398212467
36.0 70.0 131.6008971560798
36.0 73.0 34.93338394463261
36.0 74.0 38.97144406136463
36.0 75.0 38.205027983604126
36.0 76.0 15.82034814673068
36.0 78.0 18.45002463601334
36.0 79.0 20.945826206319204
36.0 80.0 15.964139094891241
36.0 81.0 16.16967677775486
36.0 82.0 143.41625604400457
36.0 83.0 143.96861534013917
36.0 84.0 40.71687991802516
36.0 86.0 47.78266372665159
36.0 87.0 47.510837107261196
36.0 88.0 17.030489652720867
36.0 89.0 20.911683034292594
36.0 90.0 11.660123903231165
36.0 91.0 10.757586021832083
36.0 92.0 147.40074476337765
36.0 94.0 151.91521847803224
36.0 95.0 155.09025778707732
36.0 96.0 157.87287609404592
36.0 97.0 156.53047831518265
36.0 98.0 31.216445110428285
36.0 100.0 140.80231594718907
36.0 101.0 123.56448794075231
36.0 102.0 123.80044486953904
36.0 104.0 131.6261284585011
36.0 105.0 131.07690686585073
36.0 107.0 20.590970946232854
36.0 109.0 36.65338865278115
36.0 110.0 39.48177920105068
36.0 111.0 37.22274059433798
36.0 112.0 132.71718846720734
39.0 40.0 9.625308062611078
39.0 42.0 118.31394782529814
39.0 43.0 126.18464107371983
39.0 44.0 122.82305722536405
39.0 46.0 132.96095665024936
39.0 47.0 132.7389111332107
39.0 48.0 138.42915890839407
39.0 49.0 123.0632887232915
39.0 50.0 128.26811650456096
39.0 51.0 127.60134969323971
39.0 52.0 132.2623026927486
39.0 53.0 135.91978205389802
39.0 54.0 139.9032046272721
39.0 57.0 14.103495180740214
39.0 59.0 18.09635251668045
39.0 61.0 22.30305474185148
39.0 62.0 22.646662113425727
39.0 63.0 27.927171415219583
39.0 65.0 128.15407845775619
39.0 66.0 132.28197820925638
39.0 67.0 135.21727577069936
39.0 68.0 138.87700911044232
39.0 69.0 142.25178573519378
39.0 70.0 136.63775891016695
39.0 73.0 39.97024569730918
39.0 74.0 44.00830581154074
39.0 75.0 43.24188974983544
39.0 76.0 20.857209900401273
39.0 78.0 23.486886389744004
39.0 79.0 25.98268795982353
39.0 80.0 21.00100084902185
39.0 81.0 21.206538532003947
39.0 82.0 148.45311779737727
39.0 83.0 149.0054770921495
39.0 84.0 45.75374167559016
39.0 86.0 52.81952549473279
39.0 87.0 52.54769887431646
39.0 88.0 18.72180458621184
39.0 89.0 22.6029979678765
39.0 90.0 16.696985656910783
39.0 91.0 15.794447775471799
39.0 92.0 152.4376065173888
39.0 94.0 156.95208023483926
39.0 95.0 160.12711953977208
39.0 96.0 162.90973784729513
39.0 97.0 161.56734006799618
39.0 98.0 32.907760032254714
39.0 100.0 145.83917770228283
39.0 101.0 128.601349693647
39.0 102.0 128.8373066227844
39.0 104.0 136.66299021240496
39.0 105.0 136.11376862013915
39.0 107.0 25.627832699366927
39.0 109.0 38.34470358427361
39.0 110.0 41.173094136474454
39.0 111.0 38.914055529704235
39.0 112.0 137.75405022079187
40.0 42.0 121.2110791995914
40.0 43.0 129.081772450696
40.0 44.0 125.72018859971976
40.0 46.0 135.85808802622552
40.0 47.0 135.63604250822095
40.0 48.0 141.32629028375138
40.0 49.0 125.96042009825973
40.0 50.0 131.16524787980174
40.0 51.0 130.49848106997715
40.0 52.0 135.1594340684129
40.0 53.0 138.81691342997942
40.0 54.0 142.800336001555
40.0 57.0 4.478187118133042
40.0 59.0 8.471044456435038
40.0 61.0 12.677746679284123
40.0 62.0 13.021354049722756
40.0 63.0 18.30186335377916
40.0 65.0 131.05120983389395
40.0 66.0 135.17910958340855
40.0 67.0 138.11440714704813
40.0 68.0 141.7741404858159
40.0 69.0 145.14891711124784
40.0 70.0 139.53489028523933
40.0 73.0 42.867377072638064
40.0 74.0 46.90543719435831
40.0 75.0 46.13902112533785
40.0 76.0 23.75434127578889
40.0 78.0 26.38401776532645
40.0 79.0 28.879819334694925
40.0 80.0 23.898132223784955
40.0 81.0 24.103669907258492
40.0 82.0 151.35024917218004
40.0 83.0 151.90260846836762
40.0 84.0 48.650873050352885
40.0 86.0 55.716656875294504
40.0 87.0 55.444830244142636
40.0 88.0 9.096496524014036
40.0 89.0 12.977689905341991
40.0 90.0 19.594117032199954
40.0 91.0 18.69157915086558
40.0 92.0 155.33473789177123
40.0 94.0 159.8492116106359
40.0 95.0 163.02425091537387
40.0 96.0 165.80686922309096
40.0 97.0 164.46447144278028
40.0 98.0 23.282451969365706
40.0 100.0 148.7363090774079
40.0 101.0 131.498481069769
40.0 102.0 131.73443799818347
40.0 104.0 139.56012158758625
40.0 105.0 139.01089999485436
40.0 107.0 28.524964074544258
40.0 109.0 28.719395523159964
40.0 110.0 31.547786071281653
40.0 111.0 29.288747466155705
40.0 112.0 140.65118159621247
42.0 43.0 17.123744340463283
42.0 44.0 13.762160492063348
42.0 46.0 23.90005991806576
42.0 47.0 23.678014400373797
42.0 48.0 29.368262175706057
42.0 49.0 4.749340898955875
42.0 50.0 9.954168679425006
42.0 51.0 9.287401870031506
42.0 52.0 13.94835486803291
42.0 53.0 17.605834228923307
42.0 54.0 21.58925680218781
42.0 57.0 125.68926631758015
42.0 59.0 129.6821236540402
42.0 61.0 133.8888258778719
42.0 62.0 134.23243324981723
42.0 63.0 139.5129425506161
42.0 65.0 19.09318172668974
42.0 66.0 23.22108147597322
42.0 67.0 26.156379038402797
42.0 68.0 29.816112377602117
42.0 69.0 33.19088900459563
42.0 70.0 27.576862177047396
42.0 73.0 104.1722173471576
42.0 74.0 108.21027746299612
42.0 75.0 107.4438613887504
42.0 76.0 116.3588154608166
42.0 78.0 118.98849194938413
42.0 79.0 121.48429352054988
42.0 80.0 116.5026064097402
42.0 81.0 116.70814409058852
42.0 82.0 51.587131440618
42.0 83.0 52.13949073637251
42.0 84.0 109.95571332442788
42.0 86.0 117.02149714020086
42.0 87.0 116.74967051452376
42.0 88.0 130.3075757234618
42.0 89.0 134.1887691044897
42.0 90.0 119.37478219730477
42.0 91.0 118.47224431662576
42.0 92.0 55.57162016068385
42.0 94.0 60.08609387714615
42.0 95.0 63.26113318289602
42.0 96.0 66.04375149029796
42.0 97.0 64.70135371258327
42.0 98.0 144.4935311689069
42.0 100.0 36.7782809693967
42.0 101.0 10.28740187015416
42.0 102.0 10.523358799516476
42.0 104.0 18.349042388813373
42.0 105.0 17.79982079487505
42.0 107.0 121.12943826031795
42.0 109.0 149.93047472340353
42.0 110.0 152.7588652706961
42.0 111.0 150.49982666489788
42.0 112.0 19.440102396502052
43.0 44.0 10.351661355704099
43.0 46.0 6.776315575743427
43.0 47.0 6.554270058357151
43.0 48.0 12.244517833755944
43.0 49.0 21.873085240927477
43.0 50.0 27.077913021555695
43.0 51.0 26.411146211958147
43.0 52.0 31.072099210094127
43.0 53.0 34.72957857161232
43.0 54.0 38.713001144494406
43.0 57.0 133.55995956769215
43.0 59.0 137.55281690295695
43.0 61.0 141.7595191282491
43.0 62.0 142.10312649810868
43.0 63.0 147.38363580269032
43.0 65.0 15.682682590343553
43.0 66.0 19.810582339739135
43.0 67.0 22.745879901582533
43.0 68.0 26.40561324108962
43.0 69.0 29.780389867236277
43.0 70.0 10.453117835061837
43.0 73.0 112.04291059756838
43.0 74.0 116.08097071297138
43.0 75.0 115.31455463890089
43.0 76.0 124.22950871166522
43.0 78.0 126.85918519960742
43.0 79.0 129.35498677075617
43.0 80.0 124.37329966023425
43.0 81.0 124.57883734436007
43.0 82.0 59.457824690919225
43.0 83.0 60.01018398674546
43.0 84.0 117.82640657479664
43.0 86.0 124.89219039044065
43.0 87.0 124.62036376450641
43.0 88.0 138.17826897340345
43.0 89.0 142.05946235410156
43.0 90.0 127.24547544877387
43.0 91.0 126.3429375669383
43.0 92.0 63.442313409479
43.0 94.0 67.95678712807731
43.0 95.0 71.1318264350625
43.0 96.0 73.91444474099886
43.0 97.0 72.5720469618389
43.0 98.0 152.36422442057187
43.0 100.0 33.36778183283798
43.0 101.0 27.411146211805292
43.0 102.0 27.64710314136333
43.0 104.0 35.47278673051857
43.0 105.0 34.92356513774766
43.0 107.0 129.00013151081015
43.0 109.0 157.80116797402957
43.0 110.0 160.62955852298808
43.0 111.0 158.37051991488988
43.0 112.0 36.563846738968785
44.0 46.0 17.127976931562063
44.0 47.0 16.905931414491725
44.0 48.0 22.59617918963756
44.0 49.0 18.51150139104776
44.0 50.0 23.716329171888532
44.0 51.0 23.049562362173862
44.0 52.0 27.71051536027557
44.0 53.0 31.36799472132168
44.0 54.0 35.35141729493766
44.0 57.0 130.19837571813724
44.0 59.0 134.19123305445214
44.0 61.0 138.3979352793261
44.0 62.0 138.74154265049543
44.0 63.0 144.02205195163634
44.0 65.0 5.331021234550797
44.0 66.0 9.458920983625076
44.0 67.0 12.394218546100099
44.0 68.0 16.053951885298044
44.0 69.0 19.428728511285364
44.0 70.0 20.804779190830022
44.0 73.0 108.6813267477312
44.0 74.0 112.71938686326803
44.0 75.0 111.95297078915023
44.0 76.0 120.86792486086966
44.0 78.0 123.49760135181177
44.0 79.0 125.99340292160724
44.0 80.0 121.01171580888567
44.0 81.0 121.21725349410127
44.0 82.0 56.09624084047162
44.0 83.0 56.64860013626011
44.0 84.0 114.46482272533413
44.0 86.0 121.5306065408682
44.0 87.0 121.25877991485089
44.0 88.0 134.81668512425932
44.0 89.0 138.69787850471857
44.0 90.0 123.88389159809049
44.0 91.0 122.98135371791994
44.0 92.0 60.08072956135541
44.0 94.0 64.5952032785912
44.0 95.0 67.77024258431445
44.0 96.0 70.55286089108057
44.0 97.0 69.21046311175274
44.0 98.0 149.00264056832592
44.0 100.0 23.016120476943623
44.0 101.0 24.0495623621519
44.0 102.0 24.285519291748614
44.0 104.0 32.11120288091042
44.0 105.0 31.56198128801544
44.0 107.0 125.63854765862584
44.0 109.0 154.4395841215515
44.0 110.0 157.2679746713243
44.0 111.0 155.00893606544696
44.0 112.0 33.202262889031914
46.0 47.0 6.724669216034416
46.0 48.0 5.468202257915604
46.0 49.0 28.64940081656298
46.0 50.0 33.85422859739072
46.0 51.0 33.18746178776999
46.0 52.0 37.848414785980665
46.0 53.0 41.505894146839054
46.0 54.0 45.48931671999688
46.0 57.0 140.33627514408482
46.0 59.0 144.32913247961795
46.0 61.0 148.5358347038195
46.0 62.0 148.87944207570325
46.0 63.0 154.15995137782434
46.0 65.0 22.458998166039585
46.0 66.0 26.58689791624404
46.0 67.0 29.522195477512994
46.0 68.0 33.18192881720465
46.0 69.0 36.55670544311725
46.0 70.0 10.62351699277157
46.0 73.0 118.81922617263717
46.0 74.0 122.85728628893239
46.0 75.0 122.09087021447954
46.0 76.0 131.00582428544027
46.0 78.0 133.63550077554612
46.0 79.0 136.13130234608104
46.0 80.0 131.14961523468253
46.0 81.0 131.35515291631515
46.0 82.0 66.23414026715201
46.0 83.0 66.78649956190537
46.0 84.0 124.60272215079202
46.0 86.0 131.6685059662106
46.0 87.0 131.3966793402554
46.0 88.0 144.95458454929235
46.0 89.0 148.83577793002007
46.0 90.0 134.02179102442776
46.0 91.0 133.11925314385627
46.0 92.0 70.21862898645014
46.0 94.0 74.7331027027174
46.0 95.0 77.90814200938871
46.0 96.0 80.69076031603714
46.0 97.0 79.34836253791987
46.0 98.0 159.1405399961787
46.0 100.0 40.1440974083978
46.0 101.0 34.18746178792054
46.0 102.0 34.42341871702659
46.0 104.0 42.249102306809135
46.0 105.0 41.699880713581535
46.0 107.0 135.7764470879647
46.0 109.0 164.57748354978918
46.0 110.0 167.40587409623458
46.0 111.0 165.1468354913854
46.0 112.0 43.340162314408275
47.0 48.0 12.192871473939837
47.0 49.0 28.427355299148992
47.0 50.0 33.632183080088794
47.0 51.0 32.965416270339595
47.0 52.0 37.62636926850118
47.0 53.0 41.28384862957408
47.0 54.0 45.267271203009045
47.0 57.0 140.11422962682707
47.0 59.0 144.10708696222378
47.0 61.0 148.31378918591776
47.0 62.0 148.65739655758506
47.0 63.0 153.93790586180006
47.0 65.0 22.236952648648256
47.0 66.0 26.36485239757791
47.0 67.0 29.30014996012617
47.0 68.0 32.95988329937238
47.0 69.0 36.33465992519844
47.0 70.0 3.8988477766695713
47.0 73.0 118.59718065587481
47.0 74.0 122.63524077178226
47.0 75.0 121.86882469717946
47.0 76.0 130.7837787698934
47.0 78.0 133.41345525940798
47.0 79.0 135.90925682909705
47.0 80.0 130.92756971876662
47.0 81.0 131.13310740006816
47.0 82.0 66.01209474918487
47.0 83.0 66.56445404546217
47.0 84.0 124.38067663312972
47.0 86.0 131.44646044891599
47.0 87.0 131.1746338228622
47.0 88.0 144.73253903300918
47.0 89.0 148.61373241429055
47.0 90.0 133.79974550784613
47.0 91.0 132.8972076258376
47.0 92.0 69.99658346865844
47.0 94.0 74.51105718657816
47.0 95.0 77.68609649260966
47.0 96.0 80.46871479852203
47.0 97.0 79.1263170201444
47.0 98.0 158.91849447942676
47.0 100.0 39.92205189088808
47.0 101.0 33.96541627015299
47.0 102.0 34.201373200119534
47.0 104.0 42.02705678889691
47.0 105.0 41.47783519615296
47.0 107.0 135.55440156867428
47.0 109.0 164.35543803314178
47.0 110.0 167.18382857736003
47.0 111.0 164.92478997107617
47.0 112.0 43.11811679676088
48.0 49.0 34.11760307451348
48.0 50.0 39.32243085523118
48.0 51.0 38.65566404566341
48.0 52.0 43.316617043871084
48.0 53.0 46.97409640484028
48.0 54.0 50.9575189780376
48.0 57.0 145.80447739982696
48.0 59.0 149.79733473877332
48.0 61.0 154.00403696355937
48.0 62.0 154.34764433417513
48.0 63.0 159.62815363603363
48.0 65.0 27.92720042377072
48.0 66.0 32.0551001728636
48.0 67.0 34.990397736132344
48.0 68.0 38.65013107469766
48.0 69.0 42.0249077006726
48.0 70.0 16.091719250628053
48.0 73.0 124.28742843110518
48.0 74.0 128.32548854696364
48.0 75.0 127.55907247258436
48.0 76.0 136.4740265438508
48.0 78.0 139.10370303464003
48.0 79.0 141.5995046035569
48.0 80.0 136.6178174916335
48.0 81.0 136.8233551759756
48.0 82.0 71.70234252381923
48.0 83.0 72.25470182061508
48.0 84.0 130.07092440793886
48.0 86.0 137.13670822415838
48.0 87.0 136.86488159818828
48.0 88.0 150.42278680713662
48.0 89.0 154.30398018886643
48.0 90.0 139.4899932816557
48.0 91.0 138.58745540150056
48.0 92.0 75.68683124429973
48.0 94.0 80.20130496106941
48.0 95.0 83.37634426826881
48.0 96.0 86.15896257405996
48.0 97.0 84.81656479585277
48.0 98.0 164.60874225106963
48.0 100.0 45.612299666359775
48.0 101.0 39.655664045459865
48.0 102.0 39.89162097503621
48.0 104.0 47.71730456420733
48.0 105.0 47.16808297121435
48.0 107.0 141.2446493446252
48.0 109.0 170.04568580588597
48.0 110.0 172.87407635497212
48.0 111.0 170.61503774889607
48.0 112.0 48.808364572171314
49.0 50.0 5.204827780658633
49.0 51.0 4.538060971183509
49.0 52.0 9.199013969311887
49.0 53.0 12.856493330261081
49.0 54.0 16.83991590338398
49.0 57.0 130.43860721666007
49.0 59.0 134.4314645539717
49.0 61.0 138.63816677657923
49.0 62.0 138.9817741481624
49.0 63.0 144.2622834500237
49.0 65.0 23.842522625583264
49.0 66.0 27.970422374719295
49.0 67.0 30.90571993723526
49.0 68.0 34.56545327637124
49.0 69.0 37.94022990247027
49.0 70.0 32.32620307598994
49.0 73.0 108.92155824625073
49.0 74.0 112.95961836168317
49.0 75.0 112.1932022872061
49.0 76.0 121.10815635959695
49.0 78.0 123.73783284860298
49.0 79.0 126.2336344180359
49.0 80.0 121.2519473063478
49.0 81.0 121.45748499052311
49.0 82.0 56.33647234048284
49.0 83.0 56.888831634981415
49.0 84.0 114.70505422384187
49.0 86.0 121.77083803886704
49.0 87.0 121.4990114130336
49.0 88.0 135.0569166218702
49.0 89.0 138.93811000350343
49.0 90.0 124.12412309644755
49.0 91.0 123.22158521528456
49.0 92.0 60.320961059523775
49.0 94.0 64.83543477619608
49.0 95.0 68.01047408422176
49.0 96.0 70.79309238786453
49.0 97.0 69.45069461133374
49.0 98.0 149.24287206779175
49.0 100.0 41.52762186812553
49.0 101.0 5.538060971073192
49.0 102.0 5.774017900429299
49.0 104.0 13.599701489438212
49.0 105.0 13.050479896896801
49.0 107.0 125.87877916004004
49.0 109.0 154.67981562257233
49.0 110.0 157.50820616806087
49.0 111.0 155.24916756355623
49.0 112.0 14.690761498248953
50.0 51.0 9.742888751828728
50.0 52.0 3.9941861886049304
50.0 53.0 7.6516655495197625
50.0 54.0 11.635088122706053
50.0 57.0 135.64343499781677
50.0 59.0 139.63629233338224
50.0 61.0 143.8429945582746
50.0 62.0 144.1866019296243
50.0 63.0 149.46711122913732
50.0 65.0 29.0473504064807
50.0 66.0 33.17525015548036
50.0 67.0 36.110547717924675
50.0 68.0 39.770281057157106
50.0 69.0 43.14505768316698
50.0 70.0 37.53103085663059
50.0 73.0 114.12638602712313
50.0 74.0 118.16444614235118
50.0 75.0 117.39803006832844
50.0 76.0 126.31298413908362
50.0 78.0 128.94266062933335
50.0 79.0 131.4384621990893
50.0 80.0 126.45677508692319
50.0 81.0 126.66231277232679
50.0 82.0 61.541300119142335
50.0 83.0 62.093659417417626
50.0 84.0 119.90988200432554
50.0 86.0 126.9756658198637
50.0 87.0 126.7038391939115
50.0 88.0 140.26174440283202
50.0 89.0 144.1429377842461
50.0 90.0 129.3289508768173
50.0 91.0 128.42641299584176
50.0 92.0 65.52578884045485
50.0 94.0 70.04026255735292
50.0 95.0 73.21530186325376
50.0 96.0 75.99792017060915
50.0 97.0 74.65552239194693
50.0 98.0 154.4476998489564
50.0 100.0 46.73244964880293
50.0 101.0 10.742888751831021
50.0 102.0 10.978845681175994
50.0 104.0 18.804529270450562
50.0 105.0 18.25530767748492
50.0 107.0 131.08360694000777
50.0 109.0 159.88464340244818
50.0 110.0 162.71303394875184
50.0 111.0 160.45399534501675
50.0 112.0 19.895589278470837
51.0 52.0 13.737074940403271
51.0 53.0 17.394554301334985
51.0 54.0 21.37797687435817
51.0 57.0 134.97666818724088
51.0 59.0 138.969525524194
51.0 61.0 143.176227748591
51.0 62.0 143.51983511932556
51.0 63.0 148.8003444218184
51.0 65.0 28.380583596790203
51.0 66.0 32.50848334598791
51.0 67.0 35.44378090832269
51.0 68.0 39.10351424762842
51.0 69.0 42.47829087351359
51.0 70.0 36.864264046987905
51.0 73.0 113.4596192172036
51.0 74.0 117.49767933277784
51.0 75.0 116.73126325861462
51.0 76.0 125.64621732993032
51.0 78.0 128.27589381944546
51.0 79.0 130.77169538977068
51.0 80.0 125.79000827707789
51.0 81.0 125.99554596071303
51.0 82.0 60.874533310758885
51.0 83.0 61.42689260701953
51.0 84.0 119.24311519472766
51.0 86.0 126.30889900999384
51.0 87.0 126.03707238399676
51.0 88.0 139.5949775930993
51.0 89.0 143.47617097419814
51.0 90.0 128.6621840680849
51.0 91.0 127.75964618661101
51.0 92.0 64.85902203074914
51.0 94.0 69.37349574721983
51.0 95.0 72.54853505320247
51.0 96.0 75.33115335941675
51.0 97.0 73.98875558153428
51.0 98.0 153.7809330388422
51.0 100.0 46.06568283925042
51.0 101.0 1.0000000000021403
51.0 102.0 1.2359569293464867
51.0 104.0 9.06164051861738
51.0 105.0 8.51241892571835
51.0 107.0 130.4168401295982
51.0 109.0 159.21787659300202
51.0 110.0 162.04626714025446
51.0 111.0 159.78722853389883
51.0 112.0 10.152700526703105
52.0 53.0 3.6574793609943295
52.0 54.0 7.640901934040182
52.0 57.0 139.63762118658258
52.0 59.0 143.63047852148242
52.0 61.0 147.8371807475956
52.0 62.0 148.1807881173267
52.0 63.0 153.46129741839093
52.0 65.0 33.041536595047965
52.0 66.0 37.169436344295995
52.0 67.0 40.10473390659723
52.0 68.0 43.764467245599555
52.0 69.0 47.13924387153231
52.0 70.0 41.525217045228175
52.0 73.0 118.12057221539257
52.0 74.0 122.15863233111965
52.0 75.0 121.39221625667564
52.0 76.0 130.30717032847176
52.0 78.0 132.93684681881595
52.0 79.0 135.4326483890878
52.0 80.0 130.45096127849962
52.0 81.0 130.65649895988474
52.0 82.0 65.53548630988324
52.0 83.0 66.08784560427019
52.0 84.0 123.9040681928787
52.0 86.0 130.969852008231
52.0 87.0 130.6980253823565
52.0 88.0 144.2559305918503
52.0 89.0 148.13712397275003
52.0 90.0 133.32313706589147
52.0 91.0 132.42059918417104
52.0 92.0 69.51997502907707
52.0 94.0 74.03444874549677
52.0 95.0 77.20948805356453
52.0 96.0 79.99210635865435
52.0 97.0 78.64970858115888
52.0 98.0 158.44188603795692
52.0 100.0 50.72663583749771
52.0 101.0 14.737074940493713
52.0 102.0 14.97303186988185
52.0 104.0 22.79871545899796
52.0 105.0 22.24949386609469
52.0 107.0 135.07779312636274
52.0 109.0 163.8788295918566
52.0 110.0 166.7072201384307
52.0 111.0 164.448181533943
52.0 112.0 23.889775466952898
53.0 54.0 3.9834225731109627
53.0 57.0 143.29510054641148
53.0 59.0 147.2879578839117
53.0 61.0 151.49466010655078
53.0 62.0 151.83826747766605
53.0 63.0 157.1187767803608
53.0 65.0 36.69901595606309
53.0 66.0 40.82691570522027
53.0 67.0 43.762213267396916
53.0 68.0 47.42194660667985
53.0 69.0 50.796723232475856
53.0 70.0 45.18269640631722
53.0 73.0 121.7780515761873
53.0 74.0 125.81611169205203
53.0 75.0 125.04969561766958
53.0 76.0 133.96464968946546
53.0 78.0 136.5943261796427
53.0 79.0 139.09012774979615
53.0 80.0 134.10844063767198
53.0 81.0 134.31397831924204
53.0 82.0 69.19296566848541
53.0 83.0 69.74532496372635
53.0 84.0 127.56154755390142
53.0 86.0 134.62733136930703
53.0 87.0 134.3555047433485
53.0 88.0 147.9134099521608
53.0 89.0 151.79460333485963
53.0 90.0 136.98061642747024
53.0 91.0 136.07807854610834
53.0 92.0 73.17745439006316
53.0 94.0 77.69192810571877
53.0 95.0 80.86696741169774
53.0 96.0 83.64958571894987
53.0 97.0 82.3071879389976
53.0 98.0 162.09936539796092
53.0 100.0 54.38411519858114
53.0 101.0 18.39455430153929
53.0 102.0 18.630511230758657
53.0 104.0 26.456194819939313
53.0 105.0 25.906973227097446
53.0 107.0 138.7352724879641
53.0 109.0 167.5363089527001
53.0 110.0 170.36469950020313
53.0 111.0 168.1056608934353
53.0 112.0 27.547254827897227
54.0 57.0 147.27852311993172
54.0 59.0 151.27138045561287
54.0 61.0 155.4780826800526
54.0 62.0 155.82169005246732
54.0 63.0 161.1021993524897
54.0 65.0 40.6824385293104
54.0 66.0 44.810338278103885
54.0 67.0 47.745635840744065
54.0 68.0 51.40536917977721
54.0 69.0 54.78014580568599
54.0 70.0 49.16611898006382
54.0 73.0 125.76147414943907
54.0 74.0 129.79953426504485
54.0 75.0 129.03311819089524
54.0 76.0 137.94807226383367
54.0 78.0 140.5777487521629
54.0 79.0 143.0735503220456
54.0 80.0 138.0918632119205
54.0 81.0 138.29740089572275
54.0 82.0 73.17638824196754
54.0 83.0 73.72874753900918
54.0 84.0 131.54497012662122
54.0 86.0 138.6107539424155
54.0 87.0 138.33892731653344
54.0 88.0 151.89683252572326
54.0 89.0 155.77802590803984
54.0 90.0 140.96403899970045
54.0 91.0 140.06150111859256
54.0 92.0 77.16087696361646
54.0 94.0 81.67535067945569
54.0 95.0 84.85038998513886
54.0 96.0 87.63300829311862
54.0 97.0 86.29061051400117
54.0 98.0 166.08278797164485
54.0 100.0 58.36753777123667
54.0 101.0 22.377976874553614
54.0 102.0 22.61393380399538
54.0 104.0 30.43961739321991
54.0 105.0 29.890395799993104
54.0 107.0 142.71869505887292
54.0 109.0 171.519731524704
54.0 110.0 174.34812207138884
54.0 111.0 172.0890834656429
54.0 112.0 31.530677401098316
57.0 59.0 7.595852274171866
57.0 61.0 11.802554497959783
57.0 62.0 12.14616186935502
57.0 63.0 17.426671171675594
57.0 65.0 135.52939695411197
57.0 66.0 139.6572967014057
57.0 67.0 142.5925942643301
57.0 68.0 146.2523276046382
57.0 69.0 149.62710422930832
57.0 70.0 144.01307740396513
57.0 73.0 47.34556419207442
57.0 74.0 51.383624312675764
57.0 75.0 50.61720822209861
57.0 76.0 28.232528393823827
57.0 78.0 30.862204883504972
57.0 79.0 33.3580064536968
57.0 80.0 28.37631934134638
57.0 81.0 28.581857025068345
57.0 82.0 155.8284362910445
57.0 83.0 156.38079558676333
57.0 84.0 53.1290601695853
57.0 86.0 60.194843980836005
57.0 87.0 59.923017364817966
57.0 88.0 4.618309405445732
57.0 89.0 8.499502787093977
57.0 90.0 24.07230415034867
57.0 91.0 23.169766269066045
57.0 92.0 159.81292501136264
57.0 94.0 164.32739872650677
57.0 95.0 167.5024380336753
57.0 96.0 170.285056340413
57.0 97.0 168.94265856136263
57.0 98.0 22.407259788323646
57.0 100.0 153.21449619482985
57.0 101.0 135.97666818717272
57.0 102.0 136.21262511677048
57.0 104.0 144.03830870597056
57.0 105.0 143.4890871129006
57.0 107.0 33.00315119240436
57.0 109.0 27.844203342834902
57.0 110.0 30.672593889930543
57.0 111.0 28.41355528339286
57.0 112.0 145.1293687140895
59.0 61.0 7.924493247357637
59.0 62.0 8.26810061851262
59.0 63.0 13.54860992050407
59.0 65.0 139.5222542878532
59.0 66.0 143.65015403691382
59.0 67.0 146.58545160181936
59.0 68.0 150.2451849394278
59.0 69.0 153.61996156682875
59.0 70.0 148.00593473907014
59.0 73.0 51.33842153368136
59.0 74.0 55.376481653102886
59.0 75.0 54.61006556436021
59.0 76.0 32.22538573087132
59.0 78.0 34.85506221865114
59.0 79.0 37.35086379144448
59.0 80.0 32.3691766797212
59.0 81.0 32.57471436203947
59.0 82.0 159.82129362770974
59.0 83.0 160.37365292165833
59.0 84.0 57.12191750272683
59.0 86.0 64.18770132292853
59.0 87.0 63.915874692583195
59.0 88.0 12.214161678866013
59.0 89.0 16.095355058675835
59.0 90.0 28.06516148693394
59.0 91.0 27.162623605852584
59.0 92.0 163.80578234713005
59.0 94.0 168.32025606484225
59.0 95.0 171.49529537059263
59.0 96.0 174.27791367803633
59.0 97.0 172.93551589857412
59.0 98.0 18.52919853815187
59.0 100.0 157.2073535316169
59.0 101.0 139.96952552492235
59.0 102.0 140.2054824538265
59.0 104.0 148.03116604150884
59.0 105.0 147.48194444901597
59.0 107.0 36.996008529165124
59.0 109.0 23.966142092010703
59.0 110.0 26.794532639385324
59.0 111.0 24.53549403318767
59.0 112.0 149.12222605038826
61.0 62.0 5.279557693998613
61.0 63.0 10.560066995886492
61.0 65.0 143.72895651434018
61.0 66.0 147.8568562611519
61.0 67.0 150.79215382566457
61.0 68.0 154.45188716424929
61.0 69.0 157.82666378896621
61.0 70.0 152.21263696347899
61.0 73.0 55.5451237547791
61.0 74.0 59.5831838831013
61.0 75.0 58.81676780826393
61.0 76.0 36.432087954703945
61.0 78.0 39.0617644433528
61.0 79.0 41.557566013939265
61.0 80.0 36.57587890205417
61.0 81.0 36.781416587690046
61.0 82.0 164.02799585032352
61.0 83.0 164.58035514574595
61.0 84.0 61.32861971789115
61.0 86.0 68.39440353610553
61.0 87.0 68.12257689302166
61.0 88.0 16.420863902538684
61.0 89.0 20.30205728587996
61.0 90.0 32.27186371307929
61.0 91.0 31.369325830667147
61.0 92.0 168.01248457103094
61.0 94.0 172.52695828970712
61.0 95.0 175.701997595406
61.0 96.0 178.48461590111995
61.0 97.0 177.1422181228458
61.0 98.0 15.540655613605583
61.0 100.0 161.41405575454365
61.0 101.0 144.17622774781285
61.0 102.0 144.41218467812445
61.0 104.0 152.23786826658096
61.0 105.0 151.68864667373987
61.0 107.0 41.202710754095946
61.0 109.0 20.9775991676268
61.0 110.0 23.805989714751192
61.0 111.0 21.54695110896013
61.0 112.0 153.32892827431016
62.0 63.0 7.639172220624538
62.0 65.0 144.07256388535382
62.0 66.0 148.2004636343222
62.0 67.0 151.13576119923198
62.0 68.0 154.79549453538746
62.0 69.0 158.17027115956324
62.0 70.0 152.55624433588991
62.0 73.0 55.88873113263992
62.0 74.0 59.926791244262176
62.0 75.0 59.160375152853476
62.0 76.0 36.77569532546714
62.0 78.0 39.40537181513601
62.0 79.0 41.90117338598922
62.0 80.0 36.91948627488247
62.0 81.0 37.1250239573208
62.0 82.0 164.37160322375746
62.0 83.0 164.92396251660603
62.0 84.0 61.67222710045644
62.0 86.0 68.73801092662023
62.0 87.0 68.46618429647961
62.0 88.0 16.764471274202542
62.0 89.0 20.645664653998686
62.0 90.0 32.61547108241159
62.0 91.0 31.71293320092872
62.0 92.0 168.35609194222957
62.0 94.0 172.87056566018742
62.0 95.0 176.04560496640875
62.0 96.0 178.82822327403346
62.0 97.0 177.4858254941093
62.0 98.0 10.261097919614778
62.0 100.0 161.75766312723053
62.0 101.0 144.51983511936245
62.0 102.0 144.7557920485773
62.0 104.0 152.58147563776143
62.0 105.0 152.03225404464217
62.0 107.0 41.546318124399065
62.0 109.0 15.698041473560085
62.0 110.0 18.526432020536422
62.0 111.0 16.267393415206104
62.0 112.0 153.67253564600367
63.0 65.0 149.35307318867348
63.0 66.0 153.48097293678805
63.0 67.0 156.4162704974452
63.0 68.0 160.07600383527836
63.0 69.0 163.45078046276194
63.0 70.0 157.8367536385626
63.0 73.0 61.16924042870814
63.0 74.0 65.20730054084973
63.0 75.0 64.44088446432963
63.0 76.0 42.056204629841694
63.0 78.0 44.6858811167659
63.0 79.0 47.18168268690232
63.0 80.0 42.19999557681622
63.0 81.0 42.40553325908656
63.0 82.0 169.65211252334774
63.0 83.0 170.2044718200233
63.0 84.0 66.9527364042519
63.0 86.0 74.01852022301046
63.0 87.0 73.74669359049174
63.0 88.0 22.044980575390134
63.0 89.0 25.926173957772733
63.0 90.0 37.89598038557887
63.0 91.0 36.993442502666156
63.0 92.0 173.63660124455856
63.0 94.0 178.15107496105895
63.0 95.0 181.32611426807415
63.0 96.0 184.10873257303422
63.0 97.0 182.76633479440895
63.0 98.0 17.900270140213017
63.0 100.0 167.03817242748474
63.0 101.0 149.80034442165498
63.0 102.0 150.03630135078282
63.0 104.0 157.8619849400862
63.0 105.0 157.31276334767776
63.0 107.0 46.8268274278925
63.0 109.0 23.33721369422071
63.0 110.0 26.16560424077654
63.0 111.0 23.90656563396498
63.0 112.0 158.9530449489116
65.0 66.0 4.12789974905365
65.0 67.0 7.063197311554146
65.0 68.0 10.722930650763246
65.0 69.0 14.097707276792832
65.0 70.0 26.135800425270485
65.0 73.0 114.01234798245943
65.0 74.0 118.0504080979652
65.0 75.0 117.28399202360298
65.0 76.0 126.1989460967805
65.0 78.0 128.8286225845559
65.0 79.0 131.32442415644033
65.0 80.0 126.34273704670736
65.0 81.0 126.54827472501393
65.0 82.0 61.42726207616706
65.0 83.0 61.9796213729492
65.0 84.0 119.79584395924473
65.0 86.0 126.86162777531672
65.0 87.0 126.58980114931859
65.0 88.0 140.14770635955267
65.0 89.0 144.02889974038342
65.0 90.0 129.21491283206964
65.0 91.0 128.31237495054032
65.0 92.0 65.41175079620882
65.0 94.0 69.92622451441152
65.0 95.0 73.10126381877988
65.0 96.0 75.88388212509756
65.0 97.0 74.54148434744758
65.0 98.0 154.3336618030273
65.0 100.0 17.685099242489837
65.0 101.0 29.380583596868334
65.0 102.0 29.61654052609601
65.0 104.0 37.442224115261084
65.0 105.0 36.893002522695554
65.0 107.0 130.9695688947035
65.0 109.0 159.77060535795943
65.0 110.0 162.59899590414656
65.0 111.0 160.33995729907582
65.0 112.0 38.53328412344992
66.0 67.0 2.935297562478754
66.0 68.0 6.595030901562023
66.0 69.0 9.969807528075247
66.0 70.0 30.263700174321876
66.0 73.0 118.14024773117482
66.0 74.0 122.17830784694463
66.0 75.0 121.4118917725747
66.0 76.0 130.3268458445399
66.0 78.0 132.95652233572895
66.0 79.0 135.45232390659817
66.0 80.0 130.47063679320604
66.0 81.0 130.67617447577896
66.0 82.0 65.55516182450754
66.0 83.0 66.10752112247818
66.0 84.0 123.92374370839062
66.0 86.0 130.98952752411643
66.0 87.0 130.71770089803226
66.0 88.0 144.2756061088715
66.0 89.0 148.1567994904205
66.0 90.0 133.34281258231357
66.0 91.0 132.4402746998426
66.0 92.0 69.53965054468395
66.0 94.0 74.05412426229964
66.0 95.0 77.22916356699626
66.0 96.0 80.01178187544969
66.0 97.0 78.6693840958416
66.0 98.0 158.46156155430887
66.0 100.0 13.557199493407103
66.0 101.0 33.508483345722034
66.0 102.0 33.74444027496759
66.0 104.0 41.570123864251265
66.0 105.0 41.020902271616976
66.0 107.0 135.09746864350092
66.0 109.0 163.89850510768824
66.0 110.0 166.7268956557069
66.0 111.0 164.46785704844424
66.0 112.0 42.66118387227225
67.0 68.0 3.659733339208827
67.0 69.0 7.034509965415194
67.0 70.0 33.198997736656615
67.0 73.0 121.0755452936924
67.0 74.0 125.11360540951449
67.0 75.0 124.3471893352338
67.0 76.0 133.2621434091383
67.0 78.0 135.89181989626735
67.0 79.0 138.38762146566086
67.0 80.0 133.40593435763387
67.0 81.0 133.6114720370526
67.0 82.0 68.49045938814822
67.0 83.0 69.04281868606085
67.0 84.0 126.85904127095628
67.0 86.0 133.92482508662815
67.0 87.0 133.65299846082866
67.0 88.0 147.21090366915206
67.0 89.0 151.0920970522233
67.0 90.0 136.27811014441855
67.0 91.0 135.37557226404505
67.0 92.0 72.47494810750982
67.0 94.0 76.98942182523923
67.0 95.0 80.1644611300137
67.0 96.0 82.94707943700887
67.0 97.0 81.60468165739441
67.0 98.0 161.39685911872039
67.0 100.0 10.62190193087611
67.0 101.0 36.44378090813669
67.0 102.0 36.6797378378256
67.0 104.0 44.5054214269106
67.0 105.0 43.956199833918944
67.0 107.0 138.0327662082521
67.0 109.0 166.83380266977514
67.0 110.0 169.6621932176841
67.0 111.0 167.40315461288426
67.0 112.0 45.59648143512409
68.0 69.0 3.374776626032767
68.0 70.0 36.85873107603068
68.0 73.0 124.73527863309279
68.0 74.0 128.77333874869953
68.0 75.0 128.00692267434104
68.0 76.0 136.92187674508523
68.0 78.0 139.55155323781733
68.0 79.0 142.04735480811718
68.0 80.0 137.06566769647443
68.0 81.0 137.27120537897707
68.0 82.0 72.15019272604322
68.0 83.0 72.70255202121632
68.0 84.0 130.51877461031162
68.0 86.0 137.58455842616775
68.0 87.0 137.3127317999298
68.0 88.0 150.87063700872528
68.0 89.0 154.7518303922182
68.0 90.0 139.93784348534626
68.0 91.0 139.0353056016504
68.0 92.0 76.13468144664142
68.0 94.0 80.64915516259586
68.0 95.0 83.82419446974902
68.0 96.0 86.60681277543222
68.0 97.0 85.26441499774398
68.0 98.0 165.0565924529721
68.0 100.0 6.96216859173049
68.0 101.0 40.103514247416626
68.0 102.0 40.33947117692109
68.0 104.0 48.16515476610925
68.0 105.0 47.615933173216256
68.0 107.0 141.69249954314478
68.0 109.0 170.4935360080559
68.0 110.0 173.3219265575972
68.0 111.0 171.0628879509788
68.0 112.0 49.256214774225285
69.0 70.0 40.23350770209421
69.0 73.0 128.11005525899623
69.0 74.0 132.1481153745252
69.0 75.0 131.3816993002225
69.0 76.0 140.29665337164192
69.0 78.0 142.92632986187465
69.0 79.0 145.42213143061025
69.0 80.0 140.44044432109828
69.0 81.0 140.64598200561196
69.0 82.0 75.52496935224164
69.0 83.0 76.07732864926183
69.0 84.0 133.893551236459
69.0 86.0 140.95933505209825
69.0 87.0 140.6875084262275
69.0 88.0 154.24541363483223
69.0 89.0 158.12660701787576
69.0 90.0 143.31262010865652
69.0 91.0 142.41008222703135
69.0 92.0 79.50945807351195
69.0 94.0 84.02393179047387
69.0 95.0 87.19897109637769
69.0 96.0 89.98158940186465
69.0 97.0 88.63919162312158
69.0 98.0 168.43136907988944
69.0 100.0 3.587391965649172
69.0 101.0 43.47829087385695
69.0 102.0 43.71424780282023
69.0 104.0 51.53993139206025
69.0 105.0 50.9907097994911
69.0 107.0 145.0672761705846
69.0 109.0 173.86831263426984
69.0 110.0 176.69670318110337
69.0 111.0 174.43766457823133
69.0 112.0 52.630991400258864
70.0 73.0 122.49602843202874
70.0 74.0 126.53408854820883
70.0 75.0 125.76767247380522
70.0 76.0 134.6826265470325
70.0 78.0 137.31230303248162
70.0 79.0 139.8081046012722
70.0 80.0 134.8264174957551
70.0 81.0 135.03195518265528
70.0 82.0 69.91094252609808
70.0 83.0 70.46330182160506
70.0 84.0 128.27952440984296
70.0 86.0 135.34530822536732
70.0 87.0 135.0734815996901
70.0 88.0 148.63138680753895
70.0 89.0 152.51258019058474
70.0 90.0 137.698593283666
70.0 91.0 136.79605540156726
70.0 92.0 73.89543124548231
70.0 94.0 78.40990496241221
70.0 95.0 81.58494426999121
70.0 96.0 84.3675625758566
70.0 97.0 83.02516479655941
70.0 98.0 162.81734225476006
70.0 100.0 43.820899667661784
70.0 101.0 37.864264047272904
70.0 102.0 38.10022097654818
70.0 104.0 45.925904565652765
70.0 105.0 45.376682973119145
70.0 107.0 139.45324935048347
70.0 109.0 168.25428580762517
70.0 110.0 171.0826763553667
70.0 111.0 168.8236377490016
70.0 112.0 47.01696457352549
73.0 74.0 10.80730072021547
73.0 75.0 10.04088464585961
73.0 76.0 38.015113337956166
73.0 78.0 40.64478982582598
73.0 79.0 43.14059139577778
73.0 80.0 38.15890428411261
73.0 81.0 38.36444196640697
73.0 82.0 134.31138732032886
73.0 83.0 134.86374661653483
73.0 84.0 5.783495977414029
73.0 86.0 19.61852039759514
73.0 87.0 19.346693771563295
73.0 88.0 51.963873595256786
73.0 89.0 55.84506697934921
73.0 90.0 41.03108007530139
73.0 91.0 40.1285421909534
73.0 92.0 138.2958760406512
73.0 94.0 142.8103497576179
73.0 95.0 145.9853890635612
73.0 96.0 148.7680073706389
73.0 97.0 147.42560959142756
73.0 98.0 66.14982903975199
73.0 100.0 131.69744722468192
73.0 101.0 114.45961921727003
73.0 102.0 114.69557614612748
73.0 104.0 122.5212597365157
73.0 105.0 121.97203814294204
73.0 107.0 42.78573613574139
73.0 109.0 71.58677260175537
73.0 110.0 74.41516314974899
73.0 111.0 72.15612453824171
73.0 112.0 123.61231974436649
74.0 75.0 7.675871806324373
74.0 76.0 42.05317345333937
74.0 78.0 44.682849940051995
74.0 79.0 47.17865151176247
74.0 80.0 42.19696439851016
74.0 81.0 42.40250208657599
74.0 82.0 138.349447436077
74.0 83.0 138.9018067319996
74.0 84.0 16.590796697653026
74.0 86.0 17.25350755795872
74.0 87.0 16.981680932086977
74.0 88.0 56.00193371597564
74.0 89.0 59.88312709948705
74.0 90.0 45.069140193167264
74.0 91.0 44.166602312054955
74.0 92.0 142.3339361562757
74.0 94.0 146.84840987323176
74.0 95.0 150.02344917931438
74.0 96.0 152.80606748602443
74.0 97.0 151.46366970689573
74.0 98.0 70.18788916165482
74.0 100.0 135.735507340252
74.0 101.0 118.49767933286779
74.0 102.0 118.73363626226529
74.0 104.0 126.55931985137832
74.0 105.0 126.01009825842496
74.0 107.0 46.8237962487875
74.0 109.0 75.62483271380873
74.0 110.0 78.4532232692521
74.0 111.0 76.19418466348115
74.0 112.0 127.65037985915589
75.0 76.0 41.28675737876067
75.0 78.0 43.9164338666679
75.0 79.0 46.412235436549494
75.0 80.0 41.43054831988823
75.0 81.0 41.63608600751898
75.0 82.0 137.58303136193322
75.0 83.0 138.13539065780367
75.0 84.0 15.824380623250384
75.0 86.0 9.577635751667474
75.0 87.0 9.30580912570714
75.0 88.0 55.23551764217216
75.0 89.0 59.116711016875726
75.0 90.0 44.302724119760335
75.0 91.0 43.400186235872155
75.0 92.0 141.5675200819627
75.0 94.0 146.08199379901677
75.0 95.0 149.25703310509306
75.0 96.0 152.0396514117689
75.0 97.0 150.6972536329291
75.0 98.0 69.42147309282387
75.0 100.0 134.96909126578913
75.0 101.0 117.73126325853286
75.0 102.0 117.96722018788765
75.0 104.0 125.7929037769751
75.0 105.0 125.24368218393398
75.0 107.0 46.05738017964904
75.0 109.0 74.85841663240528
75.0 110.0 77.68680718859886
75.0 111.0 75.42776856732542
75.0 112.0 126.8839637849911
76.0 78.0 2.6296764892540057
76.0 79.0 5.125478059389292
76.0 80.0 10.167740198391908
76.0 81.0 10.373277881119979
76.0 82.0 146.49798543272323
76.0 83.0 147.05034472899018
76.0 84.0 43.79860931150775
76.0 86.0 50.864393126286714
76.0 87.0 50.59256650162274
76.0 88.0 32.850837799097825
76.0 89.0 36.73203118118688
76.0 90.0 21.91804427399919
76.0 91.0 21.01550639254483
76.0 92.0 150.48247415297385
76.0 94.0 154.99694786773773
76.0 95.0 158.17198717643535
76.0 96.0 160.95460548403054
76.0 97.0 159.61220770422736
76.0 98.0 47.03679324588052
76.0 100.0 143.88404533833912
76.0 101.0 126.64621732956303
76.0 102.0 126.8821742591129
76.0 104.0 134.70785784781216
76.0 105.0 134.15863625623342
76.0 107.0 14.794572048807709
76.0 109.0 52.47373680221422
76.0 110.0 55.3021273463108
76.0 111.0 53.043088738610926
76.0 112.0 135.79891785770755
78.0 79.0 2.4958015702244016
78.0 80.0 12.797416687409626
78.0 81.0 13.002954371075923
78.0 82.0 149.12766192322437
78.0 83.0 149.68002121742632
78.0 84.0 46.42828580413371
78.0 86.0 53.494069617354924
78.0 87.0 53.22224298998341
78.0 88.0 35.48051428881844
78.0 89.0 39.3617076706955
78.0 90.0 24.54772076318885
78.0 91.0 23.645182881744386
78.0 92.0 153.1121506417457
78.0 94.0 157.62662436005013
78.0 95.0 160.801663665812
78.0 96.0 163.58428197290527
78.0 97.0 162.2418841938748
78.0 98.0 49.66646973585385
78.0 100.0 146.51372182695954
78.0 101.0 129.27589381934203
78.0 102.0 129.5118507490888
78.0 104.0 137.33753433752096
78.0 105.0 136.7883127453704
78.0 107.0 17.424248538516164
78.0 109.0 55.1034132872925
78.0 110.0 57.93180383457886
78.0 111.0 55.672765229866116
78.0 112.0 138.42859434563547
79.0 80.0 15.293218257438319
79.0 81.0 15.498755941110442
79.0 82.0 151.6234634931982
79.0 83.0 152.1758227860126
79.0 84.0 48.924087375499184
79.0 86.0 55.989871191173826
79.0 87.0 55.718044561168966
79.0 88.0 37.97631585842626
79.0 89.0 41.85750924055748
79.0 90.0 27.043522333363423
79.0 91.0 26.140984452040165
79.0 92.0 155.60795221309377
79.0 94.0 160.1224259292886
79.0 95.0 163.2974652356793
79.0 96.0 166.08008354126872
79.0 97.0 164.73768576372044
79.0 98.0 52.162271305610915
79.0 100.0 149.00952339882488
79.0 101.0 131.7716953893028
79.0 102.0 132.00765231955555
79.0 104.0 139.8333359077928
79.0 105.0 139.28411431524606
79.0 107.0 19.920050108192907
79.0 109.0 57.599214857400455
79.0 110.0 60.427605407065386
79.0 111.0 58.16856679911449
79.0 112.0 140.9243959160026
80.0 81.0 4.970487862483789
80.0 82.0 146.64177638351387
80.0 83.0 147.1941356762497
80.0 84.0 43.94240026525964
80.0 86.0 51.00818408209183
80.0 87.0 50.73635744520119
80.0 88.0 32.99462874710243
80.0 89.0 36.87582212949567
80.0 90.0 22.06183522265563
80.0 91.0 21.159297340108992
80.0 92.0 150.62626510295067
80.0 94.0 155.1407388189684
80.0 95.0 158.31577812384973
80.0 96.0 161.09839643044842
80.0 97.0 159.75599865261424
80.0 98.0 47.18058419253999
80.0 100.0 144.02783628427412
80.0 101.0 126.79000827794127
80.0 102.0 127.02596520715935
80.0 104.0 134.85164879565008
80.0 105.0 134.30242720412136
80.0 107.0 9.391782029735335
80.0 109.0 52.617527748140624
80.0 110.0 55.44591829894155
80.0 111.0 53.18687969079543
80.0 112.0 135.94270880372932
81.0 82.0 146.84731406783828
81.0 83.0 147.39967336413304
81.0 84.0 44.147937944174885
81.0 86.0 51.21372175664651
81.0 87.0 50.94189514174155
81.0 88.0 33.20016643136531
81.0 89.0 37.08135981327669
81.0 90.0 22.26737290611019
81.0 91.0 21.36483502432034
81.0 92.0 150.83180278346407
81.0 94.0 155.34627650214807
81.0 95.0 158.52131580869644
81.0 96.0 161.3039341154241
81.0 97.0 159.96153633389633
81.0 98.0 47.386121877832686
81.0 100.0 144.2333739698972
81.0 101.0 126.99554595909933
81.0 102.0 127.23150289029425
81.0 104.0 135.05718647956976
81.0 105.0 134.5079648874172
81.0 107.0 4.421294167281563
81.0 109.0 52.82306543063304
81.0 110.0 55.65145597890028
81.0 111.0 53.392417372331984
81.0 112.0 136.14824648792094
82.0 83.0 10.97516428674359
82.0 84.0 140.0948832978902
82.0 86.0 147.16066711337393
82.0 87.0 146.88884048746775
82.0 88.0 160.4467456949077
82.0 89.0 164.32793907624261
82.0 90.0 149.51395217072974
82.0 91.0 148.61141429050323
82.0 92.0 14.407293710754892
82.0 94.0 33.475326081371584
82.0 95.0 36.65036538759951
82.0 96.0 39.43298369419955
82.0 97.0 38.09058591550986
82.0 98.0 174.632701141811
82.0 100.0 79.1123613178834
82.0 101.0 61.87453331101714
82.0 102.0 62.110490239825836
82.0 104.0 69.93617382935884
82.0 105.0 69.38695223589595
82.0 107.0 151.2686082321902
82.0 109.0 180.06964469751085
82.0 110.0 182.89803524286341
82.0 111.0 180.63899663666396
82.0 112.0 71.0272338367299
83.0 84.0 140.64724259420817
83.0 86.0 147.7130264094984
83.0 87.0 147.4411997837682
83.0 88.0 160.99910499173677
83.0 89.0 164.88029837330808
83.0 90.0 150.06631146631003
83.0 91.0 149.16377358515217
83.0 92.0 3.432129424126727
83.0 94.0 34.02768537772748
83.0 95.0 37.202724683843385
83.0 96.0 39.98534299023591
83.0 97.0 38.64294521156572
83.0 98.0 175.18506043860197
83.0 100.0 79.66472061326155
83.0 101.0 62.426892606385934
83.0 102.0 62.66284953590279
83.0 104.0 70.488533125119
83.0 105.0 69.93931153137055
83.0 107.0 151.82096752590337
83.0 109.0 180.6220039892846
83.0 110.0 183.45039453816773
83.0 111.0 181.1913559333376
83.0 112.0 71.57959313254804
84.0 86.0 25.402016375053933
84.0 87.0 25.130189749078227
84.0 88.0 57.74736956949299
84.0 89.0 61.62856295776898
84.0 90.0 46.814576054895184
84.0 91.0 45.91203816947915
84.0 92.0 144.07937201799584
84.0 94.0 148.59384573518128
84.0 95.0 151.76888504108524
84.0 96.0 154.55150334770124
84.0 97.0 153.20910556900327
84.0 98.0 71.9333250224472
84.0 100.0 137.4809432021262
84.0 101.0 120.24311519423445
84.0 102.0 120.47907212402838
84.0 104.0 128.3047557128845
84.0 105.0 127.75553412080062
84.0 107.0 48.56923211566782
84.0 109.0 77.37026857122719
84.0 110.0 80.19865912052714
84.0 111.0 77.93962052259478
84.0 112.0 129.3958157220797
86.0 87.0 10.366057296937768
86.0 88.0 64.81315340430082
86.0 89.0 68.69434677489946
86.0 90.0 53.8803598651713
86.0 91.0 52.97782198637649
86.0 92.0 151.1451558338406
86.0 94.0 155.65962955071163
86.0 95.0 158.83466885661306
86.0 96.0 161.617287163218
86.0 97.0 160.2748893843567
86.0 98.0 78.9991088339007
86.0 100.0 144.54672701762598
86.0 101.0 127.30889900992017
86.0 102.0 127.54485593949119
86.0 104.0 135.370539528591
86.0 105.0 134.82131793571307
86.0 107.0 55.6350159291914
86.0 109.0 84.43605238433533
86.0 110.0 87.26444294012694
86.0 111.0 85.00540432306204
86.0 112.0 136.46159953653193
87.0 88.0 64.54132676255715
87.0 89.0 68.42252015580382
87.0 90.0 53.60853323910341
87.0 91.0 52.70599536245993
87.0 92.0 150.8733292078869
87.0 94.0 155.38780292465293
87.0 95.0 158.56284223067746
87.0 96.0 161.34546053764979
87.0 97.0 160.003062758863
87.0 98.0 78.72728222158561
87.0 100.0 144.27490039153054
87.0 101.0 127.03707238416814
87.0 102.0 127.27302931359522
87.0 104.0 135.0987129027571
87.0 105.0 134.549491309982
87.0 107.0 55.363189301059215
87.0 109.0 84.16422576001483
87.0 110.0 86.99261631386469
87.0 111.0 84.73357770107634
87.0 112.0 136.18977291094387
88.0 89.0 3.8811933816568622
88.0 90.0 28.69061355589637
88.0 91.0 27.788075674335744
88.0 92.0 164.43123441655723
88.0 94.0 168.94570813352703
88.0 95.0 172.12074743799505
88.0 96.0 174.9033657448585
88.0 97.0 173.5609679679833
88.0 98.0 27.025569194079814
88.0 100.0 157.8328055989151
88.0 101.0 140.59497759254577
88.0 102.0 140.83093452154782
88.0 104.0 148.65661811128842
88.0 105.0 148.10739651842414
88.0 107.0 37.621460599205164
88.0 109.0 32.46251274724827
88.0 110.0 35.290903294472656
88.0 111.0 33.03186468946064
88.0 112.0 149.74767811947652
89.0 90.0 32.571806937545524
89.0 91.0 31.66926905604874
89.0 92.0 168.31242779803745
89.0 94.0 172.82690151500992
89.0 95.0 176.00194082006112
89.0 96.0 178.78455912692363
89.0 97.0 177.44216134773615
89.0 98.0 30.906762575532866
89.0 100.0 161.71399898172075
89.0 101.0 144.47617097474
89.0 102.0 144.71212790354116
89.0 104.0 152.53781149228087
89.0 105.0 151.9885898997284
89.0 107.0 41.50265398087228
89.0 109.0 36.343706130003994
89.0 110.0 39.17209667611483
89.0 111.0 36.91305807048933
89.0 112.0 153.62887150085703
90.0 91.0 9.007896203282073
90.0 92.0 153.49844089020127
90.0 94.0 158.01291460796443
90.0 95.0 161.18795391421725
90.0 96.0 163.97057222138977
90.0 97.0 162.62817444244945
90.0 98.0 42.876569001982894
90.0 100.0 146.9000120765612
90.0 101.0 129.66218406739128
90.0 102.0 129.8981409967034
90.0 104.0 137.72382458577422
90.0 105.0 137.17460299386994
90.0 107.0 26.688667073878882
90.0 109.0 48.31351255269392
90.0 110.0 51.14190310594725
90.0 111.0 48.88286449861974
90.0 112.0 138.81488459467732
91.0 92.0 152.59590300891404
91.0 94.0 157.11037672659901
91.0 95.0 160.28541603241354
91.0 96.0 163.06803433871582
91.0 97.0 161.7256365583694
91.0 98.0 41.97403112232175
91.0 100.0 145.9974741949971
91.0 101.0 128.75964618531788
91.0 102.0 128.99560311523106
91.0 104.0 136.82128670430333
91.0 105.0 136.27206511285218
91.0 107.0 25.786129191622976
91.0 109.0 47.410974678077054
91.0 110.0 50.23936522143882
91.0 111.0 47.980326617979316
91.0 112.0 137.91234671283746
92.0 94.0 37.45981480163846
92.0 95.0 40.63485410771413
92.0 96.0 43.41747241439916
92.0 97.0 42.07507463558882
92.0 98.0 178.61718986163203
92.0 100.0 83.09685003900842
92.0 101.0 65.85902203127044
92.0 102.0 66.09497895955894
92.0 104.0 73.92066255045802
92.0 105.0 73.37144095617471
92.0 107.0 155.2530969528189
92.0 109.0 184.0541334154181
92.0 110.0 186.8825239632344
92.0 111.0 184.62348535707008
92.0 112.0 75.01172255721579
94.0 95.0 11.031814633583867
94.0 96.0 13.814432940120039
94.0 97.0 12.472035161347673
94.0 98.0 183.13166357900428
94.0 100.0 87.61132375734161
94.0 101.0 70.37349574781119
94.0 102.0 70.60945267680607
94.0 104.0 78.4351362669947
94.0 105.0 77.88591467388451
94.0 107.0 159.7675706686739
94.0 109.0 188.5686071324189
94.0 110.0 191.39699768012787
94.0 111.0 189.13795907307417
94.0 112.0 79.52619627410465
95.0 96.0 9.578979707115069
95.0 97.0 1.4402205278937692
95.0 98.0 186.30670288591318
95.0 100.0 90.78636306038993
95.0 101.0 73.54853505384693
95.0 102.0 73.78449198375995
95.0 104.0 81.61017557269834
95.0 105.0 81.06095397925625
95.0 107.0 162.94260997552658
95.0 109.0 191.7436464394774
95.0 110.0 194.57203698729413
95.0 111.0 192.31299838099355
95.0 112.0 82.7012355807287
96.0 97.0 11.019200234826421
96.0 98.0 189.0893211924244
96.0 100.0 93.56898136789485
96.0 101.0 76.33115336090904
96.0 102.0 76.56711029020774
96.0 104.0 84.39279387994404
96.0 105.0 83.84357228571088
96.0 107.0 165.72522828405704
96.0 109.0 194.5262647461413
96.0 110.0 197.35465529289618
96.0 111.0 195.0956166864487
96.0 112.0 85.48385388717281
97.0 98.0 187.74692341405037
97.0 100.0 92.22658359030594
97.0 101.0 74.98875558185136
97.0 102.0 75.22471251095789
97.0 104.0 83.05039610010853
97.0 105.0 82.50117450723417
97.0 107.0 164.38283050520465
97.0 109.0 193.18386696646107
97.0 110.0 196.01225751380014
97.0 111.0 193.75321890812145
97.0 112.0 84.14145610794293
98.0 100.0 172.0187610461516
98.0 101.0 154.78093303856318
98.0 102.0 155.01688996810634
98.0 104.0 162.84257355782063
98.0 105.0 162.2933519643261
98.0 107.0 51.807416045636614
98.0 109.0 14.522732246783216
98.0 110.0 17.35112279399266
98.0 111.0 15.092084188085652
98.0 112.0 163.93363356632648
100.0 101.0 47.06568283929668
100.0 102.0 47.30163976869312
100.0 104.0 55.127323357783276
100.0 105.0 54.578101764829796
100.0 107.0 148.6546681348709
100.0 109.0 177.45570459956605
100.0 110.0 180.2840951457994
100.0 111.0 178.02505653979458
100.0 112.0 56.218383365851615
101.0 102.0 2.2359569293623145
101.0 104.0 8.06164051864012
101.0 105.0 7.5124189257429
101.0 107.0 131.41684012950304
101.0 109.0 160.21787659279568
101.0 110.0 163.04626714026824
101.0 111.0 160.78722853505326
101.0 112.0 9.15270052664805
102.0 104.0 10.297597447964005
102.0 105.0 9.74837585498087
102.0 107.0 131.65279705825986
102.0 109.0 160.45383352228322
102.0 110.0 163.28222406973134
102.0 111.0 161.02318546344543
102.0 112.0 11.388657456028426
104.0 105.0 9.29252354683323
104.0 107.0 139.47848064717613
104.0 109.0 168.27951711187507
104.0 110.0 171.10790765923673
104.0 111.0 168.84886905345553
104.0 112.0 10.932805147946379
105.0 107.0 138.929259056534
105.0 109.0 167.73029551891668
105.0 110.0 170.55868606586114
105.0 111.0 168.29964745995565
105.0 112.0 1.6402816009462098
107.0 109.0 57.2443595992639
107.0 110.0 60.072750146800125
107.0 111.0 57.81371153943742
107.0 112.0 140.56954065532602
109.0 110.0 13.181622308256099
109.0 111.0 10.922583702363415
109.0 112.0 169.37057712014743
110.0 111.0 4.788154469134343
110.0 112.0 172.198967667114
111.0 112.0 169.93992906098168
