2.0 3.0 5.553827066445969
2.0 4.0 5.553827066976941
2.0 5.0 11.107654134169533
2.0 6.0 16.64596970340886
2.0 11.0 30.223480981020398
2.0 13.0 39.00739342204121
2.0 16.0 57.768120105892294
2.0 18.0 11.193563594950213
2.0 20.0 16.90170479866995
2.0 21.0 22.60984600221569
2.0 23.0 28.317987205983044
2.0 24.0 29.317987205971228
2.0 26.0 40.623100746880176
2.0 27.0 46.39936076384204
2.0 29.0 53.64936034546487
2.0 30.0 53.16555179755744
2.0 31.0 58.66906418941046
2.0 36.0 69.6846261253226
2.0 39.0 77.16387050134637
2.0 40.0 75.21463214168078
2.0 42.0 27.514681295751593
2.0 43.0 33.22948619476796
2.0 44.0 29.76072597747882
2.0 46.0 36.543274256807265
2.0 47.0 35.979746902313096
2.0 48.0 39.3300463852214
2.0 49.0 29.149356854719553
2.0 50.0 32.09495373499358
2.0 51.0 30.773428242226004
2.0 52.0 33.60203308186675
2.0 53.0 39.121370507098256
2.0 54.0 45.03862965897519
2.0 57.0 80.24330444544682
2.0 59.0 85.67809939185273
2.0 61.0 93.50552006909871
2.0 62.0 91.73363692985878
2.0 63.0 96.15420439683115
2.0 65.0 34.53895748750966
2.0 66.0 37.855956532865974
2.0 67.0 39.00822902188939
2.0 68.0 41.83593145419109
2.0 69.0 43.88010172702779
2.0 70.0 37.993431284323876
2.0 73.0 57.18810991251594
2.0 74.0 59.67890831139764
2.0 75.0 59.16595070718183
2.0 76.0 75.07812958389829
2.0 78.0 76.07812957816671
2.0 79.0 77.25206992225911
2.0 80.0 72.06658657394918
2.0 81.0 72.29630900331054
2.0 82.0 56.97699262678329
2.0 83.0 54.2918020642956
2.0 84.0 60.55722416793765
2.0 86.0 63.37747099999203
2.0 87.0 62.109758572219434
2.0 88.0 81.24330444239362
2.0 89.0 82.26875592591352
2.0 90.0 74.61578292634624
2.0 91.0 75.53390794975923
2.0 92.0 55.43684720243428
2.0 94.0 63.73419952401532
2.0 95.0 68.62678656665128
2.0 96.0 73.17722270583295
2.0 97.0 70.03767166602894
2.0 98.0 98.50321116199767
2.0 100.0 44.96251559653729
2.0 101.0 31.777396623248762
2.0 102.0 31.80147517225153
2.0 104.0 36.539589806164315
2.0 105.0 35.878173669743404
2.0 107.0 74.1524646058146
2.0 109.0 105.11413597349606
2.0 110.0 102.57462782010109
2.0 111.0 102.1209370083747
2.0 112.0 37.33963827936944
3.0 4.0 11.107654133737428
3.0 5.0 5.553827066940901
3.0 6.0 11.092142636435913
3.0 11.0 24.66965391423412
3.0 13.0 33.45356635486121
3.0 16.0 52.21429304209013
3.0 18.0 16.747390661865303
3.0 20.0 22.455531865572652
3.0 21.0 28.163673069224053
3.0 23.0 33.87181427273093
3.0 24.0 34.871814272965516
3.0 26.0 46.17692781371784
3.0 27.0 51.953187829839024
3.0 29.0 59.20318741503023
3.0 30.0 58.719378864526874
3.0 31.0 64.22289125938372
3.0 36.0 75.23845322732004
3.0 39.0 82.71769756215858
3.0 40.0 80.76845920686067
3.0 42.0 21.96085422903831
3.0 43.0 27.675659127867853
3.0 44.0 24.206898910344954
3.0 46.0 30.98944718983912
3.0 47.0 30.425919835446834
3.0 48.0 33.77621931834802
3.0 49.0 23.59552978782337
3.0 50.0 26.541126667891916
3.0 51.0 25.21960117535898
3.0 52.0 28.048206014635813
3.0 53.0 33.567543440232804
3.0 54.0 39.484802592102426
3.0 57.0 85.79713150443521
3.0 59.0 91.23192646247497
3.0 61.0 99.05934711438181
3.0 62.0 97.2874640250093
3.0 63.0 101.70803147544655
3.0 65.0 28.98513042060899
3.0 66.0 32.30212946631626
3.0 67.0 33.4544019553255
3.0 68.0 36.282104387590095
3.0 69.0 38.326274660612064
3.0 70.0 32.4396042175844
3.0 73.0 62.74193697931024
3.0 74.0 65.232735378713
3.0 75.0 64.71977777415552
3.0 76.0 80.6319566609301
3.0 78.0 81.6319566503146
3.0 79.0 82.80589698950385
3.0 80.0 77.62041364212138
3.0 81.0 77.85013608889079
3.0 82.0 51.423165560541605
3.0 83.0 48.737974996592904
3.0 84.0 66.11105123477353
3.0 86.0 68.93129806709133
3.0 87.0 67.6635856396406
3.0 88.0 86.79713149542545
3.0 89.0 87.82258297764778
3.0 90.0 80.16961001762829
3.0 91.0 81.08773502956711
3.0 92.0 49.88302013601908
3.0 94.0 58.18037245877815
3.0 95.0 63.07295949974177
3.0 96.0 67.62339563929355
3.0 97.0 64.48384459871019
3.0 98.0 104.05703825514678
3.0 100.0 39.40868852963253
3.0 101.0 26.22356955618792
3.0 102.0 26.24764810551261
3.0 104.0 30.98576273940141
3.0 105.0 30.324346603268406
3.0 107.0 79.70629166391092
3.0 109.0 110.66796304022827
3.0 110.0 108.12845487336854
3.0 111.0 107.6747640505852
3.0 112.0 31.785811212541226
4.0 5.0 16.661481200826167
4.0 6.0 22.1997967702603
4.0 11.0 35.77730804811785
4.0 13.0 44.56122048788602
4.0 16.0 63.321947175386704
4.0 18.0 5.639736527837869
4.0 20.0 11.347877731723143
4.0 21.0 17.056018935568588
4.0 23.0 22.764160139130496
4.0 24.0 23.76416013907722
4.0 26.0 35.069273679860714
4.0 27.0 40.84553369642888
4.0 29.0 48.095533279075966
4.0 30.0 47.61172473074861
4.0 31.0 53.115237116831
4.0 36.0 64.1307990606397
4.0 39.0 71.6100434545912
4.0 40.0 69.66080506570937
4.0 42.0 33.068508362719484
4.0 43.0 38.78331326163649
4.0 44.0 35.3145530442596
4.0 46.0 42.09710132369385
4.0 47.0 41.53357396923002
4.0 48.0 44.88387345223118
4.0 49.0 34.70318392147934
4.0 50.0 37.64878080172353
4.0 51.0 36.32725530899978
4.0 52.0 39.155860148743194
4.0 53.0 44.67519757388891
4.0 54.0 50.59245672601342
4.0 57.0 74.68947736857906
4.0 59.0 80.1242723323696
4.0 61.0 87.95169297683248
4.0 62.0 86.1798098776016
4.0 63.0 90.60037732314731
4.0 65.0 40.09278455416322
4.0 66.0 43.40978360005698
4.0 67.0 44.56205608884598
4.0 68.0 47.38975852133931
4.0 69.0 49.43392879410983
4.0 70.0 43.54725835141955
4.0 73.0 51.63428284566428
4.0 74.0 54.12508124477023
4.0 75.0 53.61212364037894
4.0 76.0 69.52430250221772
4.0 78.0 70.5243025074927
4.0 79.0 71.69824286938525
4.0 80.0 66.51275953428289
4.0 81.0 66.74248193333757
4.0 82.0 62.530819692773115
4.0 83.0 59.84562912994048
4.0 84.0 55.00339710112523
4.0 86.0 57.823643933024286
4.0 87.0 56.5559315052416
4.0 88.0 75.68947738414755
4.0 89.0 76.71492885212379
4.0 90.0 69.06195586508444
4.0 91.0 69.98008087130799
4.0 92.0 60.990674270989764
4.0 94.0 69.28802659052339
4.0 95.0 74.18061363378698
4.0 96.0 78.73104977538478
4.0 97.0 75.5914987290251
4.0 98.0 92.94938413398413
4.0 100.0 50.516342663472244
4.0 101.0 37.33122368987818
4.0 102.0 37.355302239285194
4.0 104.0 42.09341687323392
4.0 105.0 41.4320007370455
4.0 107.0 68.59863753224397
4.0 109.0 99.56030889924338
4.0 110.0 97.0208007654548
4.0 111.0 96.56710993698837
4.0 112.0 42.893465346212636
5.0 6.0 5.538315569521462
5.0 11.0 19.11582684732444
5.0 13.0 27.899739286484305
5.0 16.0 46.66046597461515
5.0 18.0 22.301217728839802
5.0 20.0 28.009358932487846
5.0 21.0 33.71750013624478
5.0 23.0 39.42564133973891
5.0 24.0 40.42564133964319
5.0 26.0 51.730754880223735
5.0 27.0 57.50701489682814
5.0 29.0 64.7570144795711
5.0 30.0 64.27320593139095
5.0 31.0 69.77671832427885
5.0 36.0 80.79228028424066
5.0 39.0 88.27152462618716
5.0 40.0 86.32228626503405
5.0 42.0 16.407027162113412
5.0 43.0 22.121832060891485
5.0 44.0 18.653071843625703
5.0 46.0 25.435620122878813
5.0 47.0 24.87209276848713
5.0 48.0 28.22239225152733
5.0 49.0 18.041702720931532
5.0 50.0 20.98729960106328
5.0 51.0 19.665774108324833
5.0 52.0 22.494378948147045
5.0 53.0 28.01371637287533
5.0 54.0 33.930975525090474
5.0 57.0 91.35095856539886
5.0 59.0 96.78575354307907
5.0 61.0 104.6131741976032
5.0 62.0 102.841291107013
5.0 63.0 107.26185853293069
5.0 65.0 23.43130335386116
5.0 66.0 26.748302399283773
5.0 67.0 27.90057488831441
5.0 68.0 30.7282773205106
5.0 69.0 32.77244759373346
5.0 70.0 26.885777150647247
5.0 73.0 68.29576404630205
5.0 74.0 70.78656244564745
5.0 75.0 70.27360484093302
5.0 76.0 86.18578368773224
5.0 78.0 87.1857837232265
5.0 79.0 88.35972406662458
5.0 80.0 83.17424070655079
5.0 81.0 83.40396313443472
5.0 82.0 45.8693384917072
5.0 83.0 43.18414792914935
5.0 84.0 71.66487830160406
5.0 86.0 74.48512513387841
5.0 87.0 73.21741270588232
5.0 88.0 92.35095857105732
5.0 89.0 93.37641004843893
5.0 90.0 85.72343707069416
5.0 91.0 86.64156207765146
5.0 92.0 44.32919307057888
5.0 94.0 52.62654539189555
5.0 95.0 57.51913243236835
5.0 96.0 62.069568574071724
5.0 97.0 58.93001752750432
5.0 98.0 109.61086532768037
5.0 100.0 33.85486146288218
5.0 101.0 20.669742489096194
5.0 102.0 20.693821038572658
5.0 104.0 25.431935672419705
5.0 105.0 24.770519536167914
5.0 107.0 85.26011873042194
5.0 109.0 116.22179008814817
5.0 110.0 113.68228194528834
5.0 111.0 113.2285911378843
5.0 112.0 26.231984145433472
6.0 11.0 13.577511277825522
6.0 13.0 22.36142371758725
6.0 16.0 41.122150407160845
6.0 18.0 27.839533298142456
6.0 20.0 33.547674502112294
6.0 21.0 39.25581570567035
6.0 23.0 44.96395690908294
6.0 24.0 45.96395690921817
6.0 26.0 57.26907044988572
6.0 27.0 63.04533046610222
6.0 29.0 70.2953300492598
6.0 30.0 69.81152150045591
6.0 31.0 75.31503389683266
6.0 36.0 86.33059582912534
6.0 39.0 93.80984019597716
6.0 40.0 91.86060185251554
6.0 42.0 10.868711592686472
6.0 43.0 16.58351649146506
6.0 44.0 13.114756274075976
6.0 46.0 19.89730455345008
6.0 47.0 19.33377719906636
6.0 48.0 22.684076682049437
6.0 49.0 12.503387151439654
6.0 50.0 15.448984031743107
6.0 51.0 14.127458538701514
6.0 52.0 16.95606337843224
6.0 53.0 22.475400803823206
6.0 54.0 28.39265995577279
6.0 57.0 96.88927414308628
6.0 59.0 102.32406906545698
6.0 61.0 110.15148974940232
6.0 62.0 108.37960667395294
6.0 63.0 112.80017409014667
6.0 65.0 17.892987784252682
6.0 66.0 21.20998682996499
6.0 67.0 22.362259318674077
6.0 68.0 25.189961751161206
6.0 69.0 27.234132024141417
6.0 70.0 21.347461581133928
6.0 73.0 73.83407961565712
6.0 74.0 76.32487801494155
6.0 75.0 75.8119204106037
6.0 76.0 91.72409927676219
6.0 78.0 92.72409928075433
6.0 79.0 93.89803963595946
6.0 80.0 88.7125562648147
6.0 81.0 88.94227869027108
6.0 82.0 40.33102292317526
6.0 83.0 37.64583235925749
6.0 84.0 77.20319387101509
6.0 86.0 80.02344070327683
6.0 87.0 78.75572827507142
6.0 88.0 97.88927415414437
6.0 89.0 98.91472563483515
6.0 90.0 91.26175263494785
6.0 91.0 92.17987767120061
6.0 92.0 38.790877500539665
6.0 94.0 47.088229821581024
6.0 95.0 51.98081686460584
6.0 96.0 56.53125300364363
6.0 97.0 53.39170196237115
6.0 98.0 115.14918089852557
6.0 100.0 28.31654589353021
6.0 101.0 15.131426919790297
6.0 102.0 15.155505468931949
6.0 104.0 19.89362010293006
6.0 105.0 19.232203966912554
6.0 107.0 90.79843430785826
6.0 109.0 121.76010569346852
6.0 110.0 119.22059751563319
6.0 111.0 118.76690672288089
6.0 112.0 20.69366857615276
11.0 13.0 11.56776218193153
11.0 16.0 30.32848886505652
11.0 18.0 41.41704457589521
11.0 20.0 47.12518577971329
11.0 21.0 52.83332698312342
11.0 23.0 58.54146818694778
11.0 24.0 59.5414681867599
11.0 26.0 70.84658172750073
11.0 27.0 76.62284174394884
11.0 29.0 83.87284133130996
11.0 30.0 83.38903277791078
11.0 31.0 88.89254517764068
11.0 36.0 99.90810712182571
11.0 39.0 107.38735147961181
11.0 40.0 105.43811311688245
11.0 42.0 13.34945067653339
11.0 43.0 19.064255574387204
11.0 44.0 15.595495357971291
11.0 46.0 22.378043637404563
11.0 47.0 21.81451628382697
11.0 48.0 25.164815765891923
11.0 49.0 14.984126234815648
11.0 50.0 17.92972311556433
11.0 51.0 16.60819762266936
11.0 52.0 19.436802462442955
11.0 53.0 24.956139887542815
11.0 54.0 30.873399039415872
11.0 57.0 110.46678541613927
11.0 59.0 115.90158037435702
11.0 61.0 123.72900103107213
11.0 62.0 121.9571179297502
11.0 63.0 126.37768537701444
11.0 65.0 20.37372686825038
11.0 66.0 23.690725912990708
11.0 67.0 24.84299840213996
11.0 68.0 27.6707008340031
11.0 69.0 29.714871107512067
11.0 70.0 23.828200664131455
11.0 73.0 87.41159089291838
11.0 74.0 89.9023892924662
11.0 75.0 89.38943168805332
11.0 76.0 105.30161056910526
11.0 78.0 106.3016105390491
11.0 79.0 107.47555090576438
11.0 80.0 102.29006756034343
11.0 81.0 102.51978993347495
11.0 82.0 29.53736138662188
11.0 83.0 26.85217082279662
11.0 84.0 90.78070514822537
11.0 86.0 93.6009519803515
11.0 87.0 92.33323955256765
11.0 88.0 111.46678541605561
11.0 89.0 112.49223689569604
11.0 90.0 104.83926395578912
11.0 91.0 105.75738895733595
11.0 92.0 27.997215961167477
11.0 94.0 36.29456828228275
11.0 95.0 41.18715532819101
11.0 96.0 45.737591468936834
11.0 97.0 42.59804042838699
11.0 98.0 128.72669216198398
11.0 100.0 30.797284977215924
11.0 101.0 17.612166003657237
11.0 102.0 17.6362445528816
11.0 104.0 22.374359186767343
11.0 105.0 21.71294305051176
11.0 107.0 104.37594556010883
11.0 109.0 135.33761695782204
11.0 110.0 132.7981087902014
11.0 111.0 132.34441799009448
11.0 112.0 23.174407659861373
13.0 16.0 21.957676878588284
13.0 18.0 50.20095701615695
13.0 20.0 55.90909822011554
13.0 21.0 61.61723942292186
13.0 23.0 67.32538062748142
13.0 24.0 68.32538062388724
13.0 26.0 79.63049416706946
13.0 27.0 85.40675418415344
13.0 29.0 92.65675376369563
13.0 30.0 92.17294522018372
13.0 31.0 97.67645760975952
13.0 36.0 108.69201955712234
13.0 39.0 116.17126391932048
13.0 40.0 114.22202555268056
13.0 42.0 22.133363117976593
13.0 43.0 27.848168014495158
13.0 44.0 24.379407798276088
13.0 46.0 31.16195607815615
13.0 47.0 30.598428724857477
13.0 48.0 33.948728204916435
13.0 49.0 23.768038675232944
13.0 50.0 26.713635554491066
13.0 51.0 25.39211006285067
13.0 52.0 28.220714901622202
13.0 53.0 33.740052327480385
13.0 54.0 39.65731147901536
13.0 57.0 119.25069785777052
13.0 59.0 124.68549281446681
13.0 61.0 132.5129134717301
13.0 62.0 130.74103037234283
13.0 63.0 135.1615978156499
13.0 65.0 29.157639309706255
13.0 66.0 32.474638355563876
13.0 67.0 33.6269108437762
13.0 68.0 36.45461328141661
13.0 69.0 38.4987835547697
13.0 70.0 32.61211310632659
13.0 73.0 96.19550333389694
13.0 74.0 98.68630173477958
13.0 75.0 98.1733441287546
13.0 76.0 114.08552299549837
13.0 78.0 115.08552299795883
13.0 79.0 116.25946334955196
13.0 80.0 111.0739800059716
13.0 81.0 111.30370242668306
13.0 82.0 21.166549397080715
13.0 83.0 18.481358833159486
13.0 84.0 99.5646175905591
13.0 86.0 102.38486441979381
13.0 87.0 101.11715199373805
13.0 88.0 120.25069786549544
13.0 89.0 121.27614933254699
13.0 90.0 113.62317635478264
13.0 91.0 114.54130137745383
13.0 92.0 19.626403974137624
13.0 94.0 27.923756295959983
13.0 95.0 32.81634333869266
13.0 96.0 37.36677947833361
13.0 97.0 34.22722843528768
13.0 98.0 137.51060460655194
13.0 100.0 39.58119742755535
13.0 101.0 26.39607844295312
13.0 102.0 26.42015699186726
13.0 104.0 31.15827162764885
13.0 105.0 30.49685549085537
13.0 107.0 113.15985801049518
13.0 109.0 144.12152939609905
13.0 110.0 141.5820212296788
13.0 111.0 141.12833042964954
13.0 112.0 31.958320100357675
16.0 18.0 68.96168370138383
16.0 20.0 74.66982490947638
16.0 21.0 80.3779661099882
16.0 23.0 86.08610731489416
16.0 24.0 87.08610731379301
16.0 26.0 98.39122085621153
16.0 27.0 104.16748086928604
16.0 29.0 111.4174804522874
16.0 30.0 110.93367190469849
16.0 31.0 116.43718429922262
16.0 36.0 127.45274624437397
16.0 39.0 134.931990609123
16.0 40.0 132.98275224434406
16.0 42.0 40.89408980313018
16.0 43.0 46.60889470411742
16.0 44.0 43.14013448551206
16.0 46.0 49.92268276562284
16.0 47.0 49.35915541107157
16.0 48.0 52.7094548951997
16.0 49.0 42.5287653612701
16.0 50.0 45.47436224489952
16.0 51.0 44.15283675022477
16.0 52.0 46.981441589562884
16.0 53.0 52.50077901234571
16.0 54.0 58.418038166239015
16.0 57.0 138.01142454325026
16.0 59.0 143.44621950243146
16.0 61.0 151.27364015940054
16.0 62.0 149.50175705894634
16.0 63.0 153.92232450261747
16.0 65.0 47.91836599823078
16.0 66.0 51.235365040076914
16.0 67.0 52.38763753187002
16.0 68.0 55.215339962312775
16.0 69.0 57.259510236489305
16.0 70.0 51.37283979282259
16.0 73.0 114.9562300193416
16.0 74.0 117.4470284204231
16.0 75.0 116.93407081823432
16.0 76.0 132.84624968912834
16.0 78.0 133.8462496869211
16.0 79.0 135.02019003858848
16.0 80.0 129.83470668420836
16.0 81.0 130.06442910583394
16.0 82.0 21.99684752514179
16.0 83.0 19.31165696112433
16.0 84.0 118.32534427829651
16.0 86.0 121.14559110908107
16.0 87.0 119.87787868146452
16.0 88.0 139.01142454193956
16.0 89.0 140.03687602415894
16.0 90.0 132.38390304083336
16.0 91.0 133.30202806539077
16.0 92.0 20.456702102274555
16.0 94.0 11.320489781635882
16.0 95.0 16.213076823449192
16.0 96.0 20.763512963750017
16.0 97.0 17.62396192027028
16.0 98.0 156.27133129337807
16.0 100.0 58.34192410590441
16.0 101.0 45.15680513277417
16.0 102.0 45.180883679702085
16.0 104.0 49.91899831585431
16.0 105.0 49.25758217540635
16.0 107.0 131.92058470526703
16.0 109.0 162.88225608324166
16.0 110.0 160.3427479172473
16.0 111.0 159.88905711732295
16.0 112.0 50.719046787161204
18.0 20.0 5.708141203711824
18.0 21.0 11.416282407431302
18.0 23.0 17.124423611125714
18.0 24.0 18.124423611134738
18.0 26.0 29.429537152039064
18.0 27.0 35.20579716850655
18.0 29.0 42.45579675012161
18.0 30.0 41.97198820284197
18.0 31.0 47.475500601069754
18.0 36.0 58.491062543127924
18.0 39.0 65.97030690483642
18.0 40.0 64.02106853949982
18.0 42.0 38.70824489069807
18.0 43.0 44.42304978975024
18.0 44.0 40.954289571954966
18.0 46.0 47.73683785167423
18.0 47.0 47.17331049688796
18.0 48.0 50.5236099802335
18.0 49.0 40.342920449568666
18.0 50.0 43.288517329915024
18.0 51.0 41.966991837055104
18.0 52.0 44.79559667650547
18.0 53.0 50.31493410154319
18.0 54.0 56.2321932537001
18.0 57.0 69.04974085086346
18.0 59.0 74.4845358075292
18.0 61.0 82.31195645051368
18.0 62.0 80.54007337888946
18.0 63.0 84.96064078994026
18.0 65.0 45.73252108207998
18.0 66.0 49.049520127596764
18.0 67.0 50.201792616710165
18.0 68.0 53.02949504929856
18.0 69.0 55.0736653220287
18.0 70.0 49.18699487918557
18.0 73.0 45.99454631764064
18.0 74.0 48.48534471696638
18.0 75.0 47.97238711254139
18.0 76.0 63.88456598962194
18.0 78.0 64.88456599010149
18.0 79.0 66.05850634657538
18.0 80.0 60.87302299635509
18.0 81.0 61.10274539758631
18.0 82.0 68.17055622233012
18.0 83.0 65.48536565555104
18.0 84.0 49.36366057309192
18.0 86.0 52.183907404997655
18.0 87.0 50.91619497726532
18.0 88.0 70.04974083615596
18.0 89.0 71.0751923204407
18.0 90.0 63.42221933913574
18.0 91.0 64.34034436411099
18.0 92.0 66.63041079792774
18.0 94.0 74.92776312046317
18.0 95.0 79.82035015953636
18.0 96.0 84.37078630107504
18.0 97.0 81.23123525797034
18.0 98.0 87.30964761641842
18.0 100.0 56.15607919108202
18.0 101.0 42.970960218149344
18.0 102.0 42.99503876743165
18.0 104.0 47.7331534010758
18.0 105.0 47.071737264713875
18.0 107.0 62.95890099045246
18.0 109.0 93.92057237318667
18.0 110.0 91.38106422687235
18.0 111.0 90.92737343727416
18.0 112.0 48.533201874282796
20.0 21.0 5.7081412037132475
20.0 23.0 11.416282407443024
20.0 24.0 12.416282407455887
20.0 26.0 23.721395948260707
20.0 27.0 29.49765596486121
20.0 29.0 36.74765554691062
20.0 30.0 36.263846999228534
20.0 31.0 41.76735939737481
20.0 36.0 52.78292134393407
20.0 39.0 60.262165706797454
20.0 40.0 58.312927344351735
20.0 42.0 44.41638609438716
20.0 43.0 50.131190993107815
20.0 44.0 46.66243077564638
20.0 46.0 53.44497905524125
20.0 47.0 52.8814517006514
20.0 48.0 56.23175118358556
20.0 49.0 46.05106165298388
20.0 50.0 48.996658533321046
20.0 51.0 47.675133040635515
20.0 52.0 50.50373788031249
20.0 53.0 56.02307530539075
20.0 54.0 61.94033445756486
20.0 57.0 63.34159965073084
20.0 59.0 68.77639459616319
20.0 61.0 76.60381524743418
20.0 62.0 74.83193214086859
20.0 63.0 79.25249962252606
20.0 65.0 51.440662286092376
20.0 66.0 54.75766133145065
20.0 67.0 55.90993382061499
20.0 68.0 58.73763625253045
20.0 69.0 60.78180652596532
20.0 70.0 54.895136083085376
20.0 73.0 40.286405114216706
20.0 74.0 42.77720351348519
20.0 75.0 42.26424590922949
20.0 76.0 58.176424785113895
20.0 78.0 59.17642478089796
20.0 79.0 60.35036513939353
20.0 80.0 55.16488177690787
20.0 81.0 55.39460418763905
20.0 82.0 73.87869742661042
20.0 83.0 71.19350685979052
20.0 84.0 43.6555193695085
20.0 86.0 46.47576620139582
20.0 87.0 45.20805377367682
20.0 88.0 64.34159964740886
20.0 89.0 65.3670511144377
20.0 90.0 57.71407814430482
20.0 91.0 58.63220314551634
20.0 92.0 72.33855200182644
20.0 94.0 80.63590432320255
20.0 95.0 85.52849136494751
20.0 96.0 90.07892750534512
20.0 97.0 86.93937646124701
20.0 98.0 81.6015063841103
20.0 100.0 61.864220395162306
20.0 101.0 48.679101421452174
20.0 102.0 48.70317997098202
20.0 104.0 53.441294604684
20.0 105.0 52.77987846839004
20.0 107.0 57.25075978770005
20.0 109.0 88.21243118382142
20.0 110.0 85.67292300890908
20.0 111.0 85.21923218976553
20.0 112.0 54.24134307767452
21.0 23.0 5.708141203724297
21.0 24.0 6.708141203784249
21.0 26.0 18.01325474451328
21.0 27.0 23.789514761060822
21.0 29.0 31.03951434182698
21.0 30.0 30.555705795632562
21.0 31.0 36.059218191146314
21.0 36.0 47.07478014757773
21.0 39.0 54.55402450967236
21.0 40.0 52.6047861317345
21.0 42.0 50.124527297901736
21.0 43.0 55.839332196760985
21.0 44.0 52.37057197932921
21.0 46.0 59.15312025877534
21.0 47.0 58.58959290433364
21.0 48.0 61.93989238743325
21.0 49.0 51.75920285654131
21.0 50.0 54.70479973718342
21.0 51.0 53.38327424423434
21.0 52.0 56.21187908376761
21.0 53.0 61.73121650913172
21.0 54.0 67.64847566126058
21.0 57.0 57.63345843120352
21.0 59.0 63.068253375839376
21.0 61.0 70.89567404088501
21.0 62.0 69.1237909492964
21.0 63.0 73.5443583966636
21.0 65.0 57.14880348943241
21.0 66.0 60.46580253487405
21.0 67.0 61.618075024205254
21.0 68.0 64.44577745670945
21.0 69.0 66.48994772939656
21.0 70.0 60.60327728645004
21.0 73.0 34.57826391039674
21.0 74.0 37.06906230998402
21.0 75.0 36.55610470552796
21.0 76.0 52.46828357363195
21.0 78.0 53.46828358317232
21.0 79.0 54.64222392171895
21.0 80.0 49.4567405948308
21.0 81.0 49.68646300012317
21.0 82.0 79.58683862994013
21.0 83.0 76.90164806596623
21.0 84.0 37.94737816593326
21.0 86.0 40.767624997938945
21.0 87.0 39.49991257045183
21.0 88.0 58.63345843582066
21.0 89.0 59.65890991574862
21.0 90.0 52.00593693083793
21.0 91.0 52.92406196361664
21.0 92.0 78.04669320650142
21.0 94.0 86.34404552715709
21.0 95.0 91.23663256797852
21.0 96.0 95.78706871065907
21.0 97.0 92.64751766593935
21.0 98.0 75.8933651848468
21.0 100.0 67.57236159861253
21.0 101.0 54.38724262512656
21.0 102.0 54.41132117453114
21.0 104.0 59.149435808360465
21.0 105.0 58.48801967219937
21.0 107.0 51.54261860981278
21.0 109.0 82.50428997109668
21.0 110.0 79.96478181882597
21.0 111.0 79.5110909901168
21.0 112.0 59.94948428134439
23.0 24.0 1.000000000003481
23.0 26.0 12.305113540856961
23.0 27.0 18.081373557465824
23.0 29.0 25.331373140382553
23.0 30.0 24.84756459187959
23.0 31.0 30.351076985004575
23.0 36.0 41.366638933947776
23.0 39.0 48.845883303748636
23.0 40.0 46.896644933040335
23.0 42.0 55.83266850177407
23.0 43.0 61.54747340032854
23.0 44.0 58.07871318313562
23.0 46.0 64.86126146245876
23.0 47.0 64.29773410774294
23.0 48.0 67.64803359090794
23.0 49.0 57.467344060413794
23.0 50.0 60.41294094067864
23.0 51.0 59.09141544779389
23.0 52.0 61.920020287711765
23.0 53.0 67.43935771277738
23.0 54.0 73.35661686459886
23.0 57.0 51.925317236450994
23.0 59.0 57.36011218457361
23.0 61.0 65.18753284549446
23.0 62.0 63.41564976471385
23.0 63.0 67.83621718441489
23.0 65.0 62.856944693101504
23.0 66.0 66.17394373903082
23.0 67.0 67.32621622770095
23.0 68.0 70.15391866037409
23.0 69.0 72.19808893302924
23.0 70.0 66.311418490114
23.0 73.0 28.870122706772406
23.0 74.0 31.360921106138022
23.0 75.0 30.847963501774096
23.0 76.0 46.760142365272245
23.0 78.0 47.76014236741244
23.0 79.0 48.93408273019138
23.0 80.0 43.74859935674193
23.0 81.0 43.97832180370754
23.0 82.0 85.29497983226322
23.0 83.0 82.60978926962576
23.0 84.0 32.23923696227877
23.0 86.0 35.059483794742164
23.0 87.0 33.79177136680558
23.0 88.0 52.92531722994565
23.0 89.0 53.95076871630047
23.0 90.0 46.29779573081527
23.0 91.0 47.21592076138721
23.0 92.0 83.75483441015939
23.0 94.0 92.05218673040093
23.0 95.0 96.94477377525666
23.0 96.0 101.4952099139398
23.0 97.0 98.3556588707996
23.0 98.0 70.18522399343658
23.0 100.0 73.2805028020812
23.0 101.0 60.09538382893135
23.0 102.0 60.11946237812644
23.0 104.0 64.85757701209342
23.0 105.0 64.19616087581889
23.0 107.0 45.83447738025843
23.0 109.0 76.79614878060197
23.0 110.0 74.25664058922942
23.0 111.0 73.80294983586292
23.0 112.0 65.6576254850375
24.0 26.0 11.305113540822719
24.0 27.0 17.081373557385966
24.0 29.0 24.331373140377845
24.0 30.0 23.847564591936248
24.0 31.0 29.351076986431273
24.0 36.0 40.36663893285059
24.0 39.0 47.845883295154195
24.0 40.0 45.896644934178916
24.0 42.0 56.83266850154084
24.0 43.0 62.54747340019598
24.0 44.0 59.07871318314305
24.0 46.0 65.8612614621692
24.0 47.0 65.29773410797351
24.0 48.0 68.64803359080969
24.0 49.0 58.46734406049538
24.0 50.0 61.41294094058355
24.0 51.0 60.09141544776921
24.0 52.0 62.92002028757548
24.0 53.0 68.43935771268761
24.0 54.0 74.35661686476814
24.0 57.0 50.9253172269813
24.0 59.0 56.36011217985498
24.0 61.0 64.18753286391114
24.0 62.0 62.41564973659051
24.0 63.0 66.83621721790732
24.0 65.0 63.85694469323904
24.0 66.0 67.1739437389029
24.0 67.0 68.32621622774613
24.0 68.0 71.15391866020926
24.0 69.0 73.19808893298676
24.0 70.0 67.31141849022227
24.0 73.0 27.87012270682624
24.0 74.0 30.36092110615171
24.0 75.0 29.84796350180072
24.0 76.0 45.760142372714824
24.0 78.0 46.760142375098184
24.0 79.0 47.9340827291162
24.0 80.0 42.748599376854536
24.0 81.0 42.9783217846257
24.0 82.0 86.2949798373545
24.0 83.0 83.60978926837609
24.0 84.0 31.239236962256943
24.0 86.0 34.05948379481091
24.0 87.0 32.79177136627279
24.0 88.0 51.92531724477667
24.0 89.0 52.95076870452533
24.0 90.0 45.297795723715176
24.0 91.0 46.21592075185097
24.0 92.0 84.75483441134713
24.0 94.0 93.05218673009536
24.0 95.0 97.94477377177036
24.0 96.0 102.49520991434937
24.0 97.0 99.35565887116168
24.0 98.0 69.18522397203505
24.0 100.0 74.28050280239421
24.0 101.0 61.09538382881279
24.0 102.0 61.11946237810845
24.0 104.0 65.85757701188287
24.0 105.0 65.19616087575028
24.0 107.0 44.834477390896566
24.0 109.0 75.79614878052189
24.0 110.0 73.25664061191291
24.0 111.0 72.80294978977663
24.0 112.0 66.65762548502954
26.0 27.0 5.776260016513599
26.0 29.0 13.026259599116973
26.0 30.0 12.542451050639713
26.0 31.0 18.045963447203867
26.0 36.0 29.061525396324658
26.0 39.0 36.54076975607029
26.0 40.0 34.59153139363906
26.0 42.0 68.13778204222427
26.0 43.0 73.85258694104823
26.0 44.0 70.383826723619
26.0 46.0 77.1663750031278
26.0 47.0 76.60284764860899
26.0 48.0 79.95314713174608
26.0 49.0 69.772457600957
26.0 50.0 72.71805448113233
26.0 51.0 71.39652898835668
26.0 52.0 74.22513382815552
26.0 53.0 79.74447125328646
26.0 54.0 85.66173040538929
26.0 57.0 39.62020369260712
26.0 59.0 45.05499864673564
26.0 61.0 52.8824193052241
26.0 62.0 51.110536205254256
26.0 63.0 55.53110364911432
26.0 65.0 75.16205823366299
26.0 66.0 78.47905727958441
26.0 67.0 79.63132976834913
26.0 68.0 82.45903220082272
26.0 69.0 84.50320247365602
26.0 70.0 78.6165320308242
26.0 73.0 16.565009164818996
26.0 74.0 19.05580756534438
26.0 75.0 18.542849960947365
26.0 76.0 34.45502882711364
26.0 78.0 35.45502884081571
26.0 79.0 36.628969191786936
26.0 80.0 31.44348583101205
26.0 81.0 31.67320824200923
26.0 82.0 97.60009337350112
26.0 83.0 94.9149028091712
26.0 84.0 19.93412342182394
26.0 86.0 22.754370253812073
26.0 87.0 21.486657825248045
26.0 88.0 40.62020369176669
26.0 89.0 41.64565517028623
26.0 90.0 33.99268219674441
26.0 91.0 34.910807209907155
26.0 92.0 96.0599479510922
26.0 94.0 104.35730027205841
26.0 95.0 109.24988731555563
26.0 96.0 113.80032345557416
26.0 97.0 110.66077241153681
26.0 98.0 57.88011043883946
26.0 100.0 85.58561634274659
26.0 101.0 72.40049736922212
26.0 102.0 72.4245759186903
26.0 104.0 77.1626905526523
26.0 105.0 76.50127441641392
26.0 107.0 33.52936384676439
26.0 109.0 64.49103522950826
26.0 110.0 61.95152706131429
26.0 111.0 61.49783626399118
26.0 112.0 77.96273902534143
27.0 29.0 7.249999581895542
27.0 30.0 6.766191035146664
27.0 31.0 12.269703430590646
27.0 36.0 23.285265380000695
27.0 39.0 30.764509740343975
27.0 40.0 28.815271376665308
27.0 42.0 73.91404205845964
27.0 43.0 79.62884695726646
27.0 44.0 76.16008674002148
27.0 46.0 82.94263501944472
27.0 47.0 82.37910766505729
27.0 48.0 85.72940714830072
27.0 49.0 75.54871761748251
27.0 50.0 78.4943144975841
27.0 51.0 77.17278900481514
27.0 52.0 80.0013938443843
27.0 53.0 85.5207312696269
27.0 54.0 91.43799042151144
27.0 57.0 33.8439436759978
27.0 59.0 39.278738630450064
27.0 61.0 47.10615928857318
27.0 62.0 45.33427618883951
27.0 63.0 49.75484363258477
27.0 65.0 80.93831825042284
27.0 66.0 84.25531729601943
27.0 67.0 85.40758978471105
27.0 68.0 88.2352922173123
27.0 69.0 90.27946248968696
27.0 70.0 84.39279204715504
27.0 73.0 10.788749149526161
27.0 74.0 13.279547547929356
27.0 75.0 12.766589944902762
27.0 76.0 28.678768817537463
27.0 78.0 29.67876881515007
27.0 79.0 30.852709174915958
27.0 80.0 25.667225820037448
27.0 81.0 25.896948231440124
27.0 82.0 103.3763533874683
27.0 83.0 100.69116282486556
27.0 84.0 14.157863404221077
27.0 86.0 16.978110237195178
27.0 87.0 15.71039780965898
27.0 88.0 34.84394367556808
27.0 89.0 35.86939515426125
27.0 90.0 28.21642217889377
27.0 91.0 29.13454719790871
27.0 92.0 101.83620796755218
27.0 94.0 110.13356028769363
27.0 95.0 115.02614732881655
27.0 96.0 119.5765834697795
27.0 97.0 116.43703242623991
27.0 98.0 52.103850423556906
27.0 100.0 91.36187635933035
27.0 101.0 78.17675738564097
27.0 102.0 78.2008359350061
27.0 104.0 82.93895056899882
27.0 105.0 82.27753443261997
27.0 107.0 27.75310383375146
27.0 109.0 58.71477521159623
27.0 110.0 56.17526704877888
27.0 111.0 55.721576246990125
27.0 112.0 83.73899904179211
29.0 30.0 10.556435711745847
29.0 31.0 5.019703848331082
29.0 36.0 16.035265795957923
29.0 39.0 23.514510154265793
29.0 40.0 21.565271798580852
29.0 42.0 81.1640416409847
29.0 43.0 86.878846541125
29.0 44.0 83.41008632190423
29.0 46.0 90.19263460150502
29.0 47.0 89.62910724765138
29.0 48.0 92.97940673097875
29.0 49.0 82.79871719961403
29.0 50.0 85.74431407942387
29.0 51.0 84.42278858630425
29.0 52.0 87.25139342727621
29.0 53.0 92.77073085216577
29.0 54.0 98.68799000367052
29.0 57.0 26.593944094125614
29.0 59.0 32.0287390521342
29.0 61.0 39.856159710153044
29.0 62.0 38.08427660677922
29.0 63.0 42.50484404677458
29.0 65.0 88.18831782983226
29.0 66.0 91.50531687959477
29.0 67.0 92.65758936664412
29.0 68.0 95.48529180013635
29.0 69.0 97.52946207299638
29.0 70.0 91.64279162944145
29.0 73.0 14.578993825907354
29.0 74.0 17.069792226164
29.0 75.0 16.55683462113523
29.0 76.0 21.42876923582249
29.0 78.0 22.428769235857224
29.0 79.0 23.602709591811703
29.0 80.0 18.417226241133665
29.0 81.0 18.646948663607784
29.0 82.0 110.62635297045722
29.0 83.0 107.94116240315869
29.0 84.0 17.948108081693157
29.0 86.0 20.76835491376042
29.0 87.0 19.500642486043866
29.0 88.0 27.59394409187497
29.0 89.0 28.61939557288949
29.0 90.0 20.96642259482969
29.0 91.0 21.884547614725662
29.0 92.0 109.08620754741867
29.0 94.0 117.38355986826966
29.0 95.0 122.27614690863834
29.0 96.0 126.82658305257985
29.0 97.0 123.68703200914932
29.0 98.0 44.85385084392679
29.0 100.0 98.61187594173906
29.0 101.0 85.42675696729714
29.0 102.0 85.45083551720384
29.0 104.0 90.18895015060124
29.0 105.0 89.52753401675139
29.0 107.0 20.503104255540748
29.0 109.0 51.464775624570684
29.0 110.0 48.92526745970093
29.0 111.0 48.471576662920285
29.0 112.0 90.98899862426549
30.0 31.0 15.576139561332411
30.0 36.0 26.591701512723553
30.0 39.0 34.07094586854419
30.0 40.0 32.121707509528235
30.0 42.0 80.68023309297325
30.0 43.0 86.3950379919857
30.0 44.0 82.92627777463922
30.0 46.0 89.70882605388616
30.0 47.0 89.14529869946318
30.0 48.0 92.4955981826982
30.0 49.0 82.3149086516716
30.0 50.0 85.26050553220645
30.0 51.0 83.9389800391683
30.0 52.0 86.76758487903037
30.0 53.0 92.28692230397812
30.0 54.0 98.2041814562775
30.0 57.0 37.15037980656809
30.0 59.0 42.58517475805297
30.0 61.0 50.412595417796645
30.0 62.0 48.64071231847251
30.0 63.0 53.06127976217787
30.0 65.0 87.70450928434434
30.0 66.0 91.02150833029455
30.0 67.0 92.17378081906904
30.0 68.0 95.00148325130648
30.0 69.0 97.04565352420666
30.0 70.0 91.15898308171342
30.0 73.0 4.022558114643588
30.0 74.0 6.513356514378678
30.0 75.0 6.000398909692027
30.0 76.0 31.985204947356664
30.0 78.0 32.985204946823586
30.0 79.0 34.15914530190406
30.0 80.0 28.973661948168484
30.0 81.0 29.203384366834776
30.0 82.0 110.14254442555693
30.0 83.0 107.45735385731079
30.0 84.0 7.391672370363765
30.0 86.0 10.211919203005438
30.0 87.0 8.94420677415132
30.0 88.0 38.1503798114198
30.0 89.0 39.175831287442094
30.0 90.0 31.52285830568941
30.0 91.0 32.4409833270516
30.0 92.0 108.60239900169233
30.0 94.0 116.89975132270791
30.0 95.0 121.7923383673148
30.0 96.0 126.34277450537891
30.0 97.0 123.2032234614473
30.0 98.0 55.41028655305085
30.0 100.0 98.128067393646
30.0 101.0 84.94294842017811
30.0 102.0 84.96702696944828
30.0 104.0 89.70514160335455
30.0 105.0 89.04372546713694
30.0 107.0 31.059539961527022
30.0 109.0 62.02121134150565
30.0 110.0 59.48170317506549
30.0 111.0 59.02801237288914
30.0 112.0 90.50519007622287
31.0 36.0 11.01556195052051
31.0 39.0 18.494806308055594
31.0 40.0 16.545567943410305
31.0 42.0 86.18374548978635
31.0 43.0 91.89855038851199
31.0 44.0 88.42979017473925
31.0 46.0 95.21233844271755
31.0 47.0 94.64881109493473
31.0 48.0 97.99911057782427
31.0 49.0 87.81842104839788
31.0 50.0 90.76401792972942
31.0 51.0 89.44249243254193
31.0 52.0 92.27109727449016
31.0 53.0 97.79043469987465
31.0 54.0 103.70769385317345
31.0 57.0 21.57424024530749
31.0 59.0 27.009035202214946
31.0 61.0 34.83645585082122
31.0 62.0 33.06457276522701
31.0 63.0 37.48514020530268
31.0 65.0 93.20802167773178
31.0 66.0 96.52502072973061
31.0 67.0 97.67729321401269
31.0 68.0 100.5049956515983
31.0 69.0 102.54916592176237
31.0 70.0 96.66249548071232
31.0 73.0 19.598697675489493
31.0 74.0 22.089496075166686
31.0 75.0 21.576538470989735
31.0 76.0 16.40906538847504
31.0 78.0 17.40906538469408
31.0 79.0 18.583005742912718
31.0 80.0 13.397522386415812
31.0 81.0 13.62724480767353
31.0 82.0 115.64605681520834
31.0 83.0 112.96086625410015
31.0 84.0 22.96781193086676
31.0 86.0 25.78805876211034
31.0 87.0 24.520346336358692
31.0 88.0 22.57424024490972
31.0 89.0 23.59969172365524
31.0 90.0 15.94671874543867
31.0 91.0 16.864843765691145
31.0 92.0 114.10591139556975
31.0 94.0 122.40326371627285
31.0 95.0 127.29585075969582
31.0 96.0 131.84628689994975
31.0 97.0 128.7067358561962
31.0 98.0 39.83414699145622
31.0 100.0 103.63157978742512
31.0 101.0 90.44646081546253
31.0 102.0 90.47053936890126
31.0 104.0 95.20865400476734
31.0 105.0 94.54723786923651
31.0 107.0 15.483400400831938
31.0 109.0 46.44507178066294
31.0 110.0 43.905563622485786
31.0 111.0 43.45187281286599
31.0 112.0 96.00870247253785
36.0 39.0 7.4792443598302265
36.0 40.0 5.530005996962617
36.0 42.0 97.19930743022101
36.0 43.0 102.91411233643734
36.0 44.0 99.44535211846016
36.0 46.0 106.22790039812321
36.0 47.0 105.66437304816037
36.0 48.0 109.01467252827895
36.0 49.0 98.83398299569762
36.0 50.0 101.77957987800409
36.0 51.0 100.45805438124329
36.0 52.0 103.28665922285893
36.0 53.0 108.80599664878403
36.0 54.0 114.72325580079362
36.0 57.0 10.558678296354564
36.0 59.0 15.993473253298237
36.0 61.0 23.820893912872688
36.0 62.0 22.049010800283323
36.0 63.0 26.46957825448347
36.0 65.0 104.22358362990511
36.0 66.0 107.54058267565216
36.0 67.0 108.6928551661093
36.0 68.0 111.52055759165702
36.0 69.0 113.56472787061685
36.0 70.0 107.67805742310219
36.0 73.0 30.61425962588725
36.0 74.0 33.10505802668951
36.0 75.0 32.59210041730648
36.0 76.0 17.228554336039508
36.0 78.0 18.228554336081586
36.0 79.0 19.402494692391087
36.0 80.0 14.217011339911373
36.0 81.0 14.446733755960903
36.0 82.0 126.66161876184646
36.0 83.0 123.97642819828013
36.0 84.0 33.98337387946316
36.0 86.0 36.803620712893654
36.0 87.0 35.5359082818739
36.0 88.0 11.558678296396161
36.0 89.0 12.584129774875821
36.0 90.0 10.042670089933637
36.0 91.0 10.960795110011599
36.0 92.0 125.12147334319195
36.0 94.0 133.41882565715363
36.0 95.0 138.31141270833334
36.0 96.0 142.86184884653363
36.0 97.0 139.72229779837963
36.0 98.0 28.818585047612622
36.0 100.0 114.64714173847642
36.0 101.0 101.46202276330801
36.0 102.0 101.48610131844089
36.0 104.0 106.224215945233
36.0 105.0 105.56279981557446
36.0 107.0 16.30288935445454
36.0 109.0 35.42950984506988
36.0 110.0 32.89000166746634
36.0 111.0 32.436310867525336
36.0 112.0 107.02426442195141
39.0 40.0 9.545598634921667
39.0 42.0 104.67855179652267
39.0 43.0 110.39335669903426
39.0 44.0 106.92459647689407
39.0 46.0 113.70714475654634
39.0 47.0 113.14361740641823
39.0 48.0 116.49391689191236
39.0 49.0 106.31322735797399
39.0 50.0 109.2588242353695
39.0 51.0 107.93729874620014
39.0 52.0 110.76590358429576
39.0 53.0 116.28524100635637
39.0 54.0 122.20250016396166
39.0 57.0 14.574270933994868
39.0 59.0 20.009065890392915
39.0 61.0 27.836486543932065
39.0 62.0 26.06460344498715
39.0 63.0 30.485170884653307
39.0 65.0 111.70282799428969
39.0 66.0 115.01982703529637
39.0 67.0 116.1720995207346
39.0 68.0 118.9998019538029
39.0 69.0 121.04397222403999
39.0 70.0 115.1573017878386
39.0 73.0 38.09350398723565
39.0 74.0 40.584302387125646
39.0 75.0 40.071344778236195
39.0 76.0 24.707798695905282
39.0 78.0 25.707798696161817
39.0 79.0 26.881739052240153
39.0 80.0 21.696255699960936
39.0 81.0 21.92597811730431
39.0 82.0 134.14086312356747
39.0 83.0 131.45567256062495
39.0 84.0 41.46261824163794
39.0 86.0 44.28286507476206
39.0 87.0 43.015152641333984
39.0 88.0 15.57427093408978
39.0 89.0 16.59972241252125
39.0 90.0 17.521914449840587
39.0 91.0 18.440039469933076
39.0 92.0 132.60071770390553
39.0 94.0 140.89807002669005
39.0 95.0 145.79065706215172
39.0 96.0 150.34109320569547
39.0 97.0 147.20154216318605
39.0 98.0 32.8341776771332
39.0 100.0 122.12638610496032
39.0 101.0 108.94126713047811
39.0 102.0 108.9653456744616
39.0 104.0 113.7034603092676
39.0 105.0 113.04204417964482
39.0 107.0 23.782133712581597
39.0 109.0 39.445102460313755
39.0 110.0 36.90559430311013
39.0 111.0 36.45190351351038
39.0 112.0 114.50350877553355
40.0 42.0 102.72931343643624
40.0 43.0 108.44411833283169
40.0 44.0 104.97535811822824
40.0 46.0 111.75790639588207
40.0 47.0 111.1943790404373
40.0 48.0 114.54467852343251
40.0 49.0 104.36398899314295
40.0 50.0 107.30958587473076
40.0 51.0 105.98806038152928
40.0 52.0 108.8166652222499
40.0 53.0 114.33600264781757
40.0 54.0 120.25326179460586
40.0 57.0 5.0286722993594015
40.0 59.0 10.46346725959162
40.0 61.0 18.290887901360048
40.0 62.0 16.51900481386227
40.0 63.0 20.93957226069196
40.0 65.0 109.75358962706173
40.0 66.0 113.07058867213465
40.0 67.0 114.22286115772263
40.0 68.0 117.05056359601632
40.0 69.0 119.09473386621355
40.0 70.0 113.20806342237418
40.0 73.0 36.14426561844734
40.0 74.0 38.63506401941787
40.0 75.0 38.122106417367675
40.0 76.0 22.758560333605296
40.0 78.0 23.758560332671593
40.0 79.0 24.932500689092084
40.0 80.0 19.747017337569865
40.0 81.0 19.97673975361982
40.0 82.0 132.19162476560663
40.0 83.0 129.50643420220052
40.0 84.0 39.51337987776914
40.0 86.0 42.33362670691867
40.0 87.0 41.065914285588974
40.0 88.0 6.02867229938607
40.0 89.0 7.054123778068696
40.0 90.0 15.5726760867391
40.0 91.0 16.490801107021454
40.0 92.0 130.6514793328295
40.0 94.0 138.94883166151038
40.0 95.0 143.84141870337328
40.0 96.0 148.39185483960284
40.0 97.0 145.2523037960941
40.0 98.0 23.288579047161853
40.0 100.0 120.17714773368776
40.0 101.0 106.99202875951305
40.0 102.0 107.01610731325331
40.0 104.0 111.75422194045825
40.0 105.0 111.09280581019912
40.0 107.0 21.832895349682964
40.0 109.0 29.899503823556806
40.0 110.0 27.359995665087915
40.0 111.0 26.90630486536663
40.0 112.0 112.55427041617648
42.0 43.0 10.159335488087562
42.0 44.0 6.690575270555151
42.0 46.0 13.47312354991667
42.0 47.0 12.90959619555554
42.0 48.0 16.259895678551583
42.0 49.0 1.6346755587458222
42.0 50.0 4.580272439053157
42.0 51.0 3.25874694617779
42.0 52.0 6.08735178623073
42.0 53.0 11.606689211088403
42.0 54.0 17.523948363473163
42.0 57.0 107.75798573173185
42.0 59.0 113.1927806918059
42.0 61.0 121.02020134408536
42.0 62.0 119.24831825205023
42.0 63.0 123.6688856837859
42.0 65.0 11.468806780856951
42.0 66.0 14.785805826227467
42.0 67.0 15.938078315271516
42.0 68.0 18.76578074793713
42.0 69.0 20.809951020805247
42.0 70.0 14.923280577992447
42.0 73.0 84.70279120794288
42.0 74.0 87.19358960738927
42.0 75.0 86.68063200318483
42.0 76.0 102.59281088540045
42.0 78.0 103.59281086583358
42.0 79.0 104.76675123557325
42.0 80.0 99.58126788285341
42.0 81.0 99.81099028661106
42.0 82.0 40.102962319347796
42.0 83.0 37.41777175786011
42.0 84.0 88.07190546344953
42.0 86.0 90.89215229563595
42.0 87.0 89.62443986749093
42.0 88.0 108.75798573310898
42.0 89.0 109.78343721561072
42.0 90.0 102.13046423611762
42.0 91.0 103.04858925958166
42.0 92.0 38.56281689922448
42.0 94.0 46.86016922226462
42.0 95.0 51.75275626386413
42.0 96.0 56.303192403108966
42.0 97.0 53.163641360847755
42.0 98.0 126.01789248144097
42.0 100.0 21.8923648899295
42.0 101.0 4.262715327104157
42.0 102.0 4.286793876564416
42.0 104.0 9.02490851024186
42.0 105.0 8.363492374047771
42.0 107.0 101.66714586528182
42.0 109.0 132.62881726896399
42.0 110.0 130.08930910225683
42.0 111.0 129.63561830263174
42.0 112.0 9.824956983331715
43.0 44.0 6.942585407669183
43.0 46.0 3.313788062042932
43.0 47.0 2.750260707538597
43.0 48.0 6.100560190548923
43.0 49.0 11.794011046877472
43.0 50.0 14.739607926809033
43.0 51.0 13.418082434263088
43.0 52.0 16.24668727399814
43.0 53.0 21.766024699099308
43.0 54.0 27.683283851456288
43.0 57.0 113.47279063426357
43.0 59.0 118.90758558958923
43.0 61.0 126.73500624261276
43.0 62.0 124.96312314524909
43.0 63.0 129.3836905949835
43.0 65.0 11.720816917226152
43.0 66.0 15.037815962976346
43.0 67.0 16.190088451805174
43.0 68.0 19.017790884248114
43.0 69.0 21.06196115713427
43.0 70.0 4.7639450896980104
43.0 73.0 90.41759610669234
43.0 74.0 92.908394505851
43.0 75.0 92.39543690176211
43.0 76.0 108.30761576875028
43.0 78.0 109.30761578189264
43.0 79.0 110.48155612459576
43.0 80.0 105.2960727874653
43.0 81.0 105.52579522210286
43.0 82.0 45.817767220791445
43.0 83.0 43.13257665725208
43.0 84.0 93.78671036224426
43.0 86.0 96.60695719417993
43.0 87.0 95.33924476600713
43.0 88.0 114.47279063083154
43.0 89.0 115.49824211246853
43.0 90.0 107.8452691370524
43.0 91.0 108.76339415553713
43.0 92.0 44.27762179859876
43.0 94.0 52.57497411892538
43.0 95.0 57.467561161627586
43.0 96.0 62.01799730067121
43.0 97.0 58.87844625816675
43.0 98.0 131.73269738325874
43.0 100.0 22.144375026281534
43.0 101.0 14.42205081514216
43.0 102.0 14.446129364500154
43.0 104.0 19.184243998360277
43.0 105.0 18.522827862135486
43.0 107.0 107.38195077942785
43.0 109.0 138.34362217148407
43.0 110.0 135.80411400641486
43.0 111.0 135.35042320375308
43.0 112.0 19.984292471284572
44.0 46.0 10.256373469119662
44.0 47.0 9.692846114666665
44.0 48.0 13.043145597672476
44.0 49.0 8.325250829463009
44.0 50.0 11.270847709348349
44.0 51.0 9.949322216807065
44.0 52.0 12.777927056543149
44.0 53.0 18.29726448159739
44.0 54.0 24.214523633706563
44.0 57.0 110.00403041722132
44.0 59.0 115.43882537438637
44.0 61.0 123.26624603195104
44.0 62.0 121.49436292376558
44.0 63.0 125.91493036817204
44.0 65.0 4.778231510061144
44.0 66.0 8.095230555748888
44.0 67.0 9.247503044852783
44.0 68.0 12.075205476986167
44.0 69.0 14.119375749975799
44.0 70.0 11.706530496849462
44.0 73.0 86.94883588924097
44.0 74.0 89.43963428867801
44.0 75.0 88.92667668433482
44.0 76.0 104.83885555648692
44.0 78.0 105.83885556298941
44.0 79.0 107.01279592442569
44.0 80.0 101.82731253937547
44.0 81.0 102.0570349607022
44.0 82.0 42.34900700892902
44.0 83.0 39.66381644164617
44.0 84.0 90.31795014458945
44.0 86.0 93.13819697669284
44.0 87.0 91.87048454868108
44.0 88.0 111.00403041460017
44.0 89.0 112.02948189436233
44.0 90.0 104.37650892634801
44.0 91.0 105.29463393986714
44.0 92.0 40.80886158554891
44.0 94.0 49.10621390457633
44.0 95.0 53.99880094641995
44.0 96.0 58.54923708604912
44.0 97.0 55.409686044181356
44.0 98.0 128.2639371645949
44.0 100.0 15.201789619128803
44.0 101.0 10.953290597654568
44.0 102.0 10.977369147037946
44.0 104.0 15.71548378081281
44.0 105.0 15.054067644570354
44.0 107.0 103.91319055903028
44.0 109.0 134.874861953078
44.0 110.0 132.33535378906964
44.0 111.0 131.88166298790645
44.0 112.0 16.51553225388848
46.0 47.0 3.2565635686109218
46.0 48.0 2.78677212851714
46.0 49.0 15.107799108794342
46.0 50.0 18.053395989004567
46.0 51.0 16.731870496206014
46.0 52.0 19.5604753361647
46.0 53.0 25.079812761144204
46.0 54.0 30.99707191314968
46.0 57.0 116.78657869447758
46.0 59.0 122.22137364833078
46.0 61.0 130.0487943091166
46.0 62.0 128.27691120968814
46.0 63.0 132.6974786533562
46.0 65.0 15.034604979268735
46.0 66.0 18.351604024982773
46.0 67.0 19.50387651398769
46.0 68.0 22.331578946393464
46.0 69.0 24.37574921906828
46.0 70.0 5.270247950786745
46.0 73.0 93.73138416892496
46.0 74.0 96.2221825681201
46.0 75.0 95.70922496406968
46.0 76.0 111.62140383258844
46.0 78.0 112.62140383860009
46.0 79.0 113.7953442023298
46.0 80.0 108.6098608432681
46.0 81.0 108.83958326212587
46.0 82.0 49.13155528508732
46.0 83.0 46.446364717842194
46.0 84.0 97.10049842418636
46.0 86.0 99.92074525652978
46.0 87.0 98.65303282827173
46.0 88.0 117.78657869382894
46.0 89.0 118.81203017117313
46.0 90.0 111.1590571912021
46.0 91.0 112.07718221162088
46.0 92.0 47.59140985962016
46.0 94.0 55.88876218140214
46.0 95.0 60.78134922592419
46.0 96.0 65.33178536354018
46.0 97.0 62.192234318617544
46.0 98.0 135.0464854425173
46.0 100.0 25.458163088560394
46.0 101.0 17.735838877096676
46.0 102.0 17.759917426536223
46.0 104.0 22.498032060419575
46.0 105.0 21.83661592407
46.0 107.0 110.69573883437211
46.0 109.0 141.6574102324914
46.0 110.0 139.11790206588486
46.0 111.0 138.66421126935384
46.0 112.0 23.2980805332841
47.0 48.0 6.0433356971305665
47.0 49.0 14.544271754261912
47.0 50.0 17.489868634637297
47.0 51.0 16.168343141736553
47.0 52.0 18.996947981624658
47.0 53.0 24.516285406641657
47.0 54.0 30.4335445586944
47.0 57.0 116.22305134128734
47.0 59.0 121.65784629823794
47.0 61.0 129.4852669551192
47.0 62.0 127.71338385388947
47.0 63.0 132.13395129696937
47.0 65.0 14.471077624769919
47.0 66.0 17.78807667052252
47.0 67.0 18.940349159409635
47.0 68.0 21.768051591685936
47.0 69.0 23.81222186483476
47.0 70.0 2.01368438214388
47.0 73.0 93.16785681447459
47.0 74.0 95.65865521383078
47.0 75.0 95.14569760909848
47.0 76.0 111.05787647698273
47.0 78.0 112.05787647995493
47.0 79.0 113.23181683432611
47.0 80.0 108.04633349487543
47.0 81.0 108.27605589424616
47.0 82.0 48.568027928707636
47.0 83.0 45.882837365380944
47.0 84.0 96.5369710696803
47.0 86.0 99.3572179016039
47.0 87.0 98.08950547423873
47.0 88.0 117.22305133974004
47.0 89.0 118.24850281884082
47.0 90.0 110.59552983928432
47.0 91.0 111.51365486414454
47.0 92.0 47.02788250536306
47.0 94.0 55.32523482725408
47.0 95.0 60.21782187094408
47.0 96.0 64.76825801275017
47.0 97.0 61.62870696562691
47.0 98.0 134.48295808997497
47.0 100.0 24.894635733908657
47.0 101.0 17.17231152268684
47.0 102.0 17.19639007193898
47.0 104.0 21.934504705850777
47.0 105.0 21.27308856967195
47.0 107.0 110.1322115035421
47.0 109.0 141.09388287862055
47.0 110.0 138.55437471210217
47.0 111.0 138.10068391463955
47.0 112.0 22.734553178878592
48.0 49.0 17.89457123734075
48.0 50.0 20.84016811749596
48.0 51.0 19.518642624734937
48.0 52.0 22.34724746448832
48.0 53.0 27.866584889655627
48.0 54.0 33.783844041731676
48.0 57.0 119.57335082580424
48.0 59.0 125.00814577743878
48.0 61.0 132.83556644129428
48.0 62.0 131.06368333644977
48.0 63.0 135.4842507814048
48.0 65.0 17.82137710784298
48.0 66.0 21.138376153656477
48.0 67.0 22.29064864234573
48.0 68.0 25.118351074854992
48.0 69.0 27.162521347529523
48.0 70.0 8.057020079289513
48.0 73.0 96.51815629743493
48.0 74.0 99.00895469678738
48.0 75.0 98.49599709224901
48.0 76.0 114.40817596738874
48.0 78.0 115.40817597044176
48.0 79.0 116.58211632668083
48.0 80.0 111.39663297756434
48.0 81.0 111.62635539351692
48.0 82.0 51.918327412072294
48.0 83.0 49.23313684897949
48.0 84.0 99.88727055281595
48.0 86.0 102.70751738463053
48.0 87.0 101.43980495696849
48.0 88.0 120.57335082517636
48.0 89.0 121.59880230258133
48.0 90.0 113.94582932244354
48.0 91.0 114.86395434276297
48.0 92.0 50.378181989470896
48.0 94.0 58.67553431140041
48.0 95.0 63.56812135209947
48.0 96.0 68.11855749158326
48.0 97.0 64.97900644966438
48.0 98.0 137.83325757259357
48.0 100.0 28.244935216901638
48.0 101.0 20.522611005691797
48.0 102.0 20.54668955507612
48.0 104.0 25.284804188990186
48.0 105.0 24.62338805264521
48.0 107.0 113.48251097138592
48.0 109.0 144.4441823610014
48.0 110.0 141.90467419505387
48.0 111.0 141.4509833957481
48.0 112.0 26.084852661903803
49.0 50.0 2.945596880180628
49.0 51.0 1.6240713873437702
49.0 52.0 4.452676227223806
49.0 53.0 9.972013652326913
49.0 54.0 15.889272804562998
49.0 57.0 109.3926612951889
49.0 59.0 114.82745625344951
49.0 61.0 122.65487690503355
49.0 62.0 120.88299380496485
49.0 63.0 125.30356124582224
49.0 65.0 13.103482339407481
49.0 66.0 16.4204813850437
49.0 67.0 17.57275387413829
49.0 68.0 20.400456306807932
49.0 69.0 22.444626579606513
49.0 70.0 16.557956136451644
49.0 73.0 86.33746676649929
49.0 74.0 88.82826516602057
49.0 75.0 88.3153075615335
49.0 76.0 104.22748643600929
49.0 78.0 105.22748644794481
49.0 79.0 106.40142679100944
49.0 80.0 101.21594344896508
49.0 81.0 101.44566580979648
49.0 82.0 41.73763788232981
49.0 83.0 39.05244731758642
49.0 84.0 89.70658102228722
49.0 86.0 92.52682785475696
49.0 87.0 91.25911542641134
49.0 88.0 110.39266129260838
49.0 89.0 111.41811276930352
49.0 90.0 103.76513978987111
49.0 91.0 104.6832648174412
49.0 92.0 40.19749245677639
49.0 94.0 48.494844778690585
49.0 95.0 53.38743181878894
49.0 96.0 57.93786796282191
49.0 97.0 54.79831691992814
49.0 98.0 127.65256804369221
49.0 100.0 23.527040448840083
49.0 101.0 2.6280397684680215
49.0 102.0 2.652118317752683
49.0 104.0 7.390232951554851
49.0 105.0 6.728816815266574
49.0 107.0 103.30182148904296
49.0 109.0 134.26349282938816
49.0 110.0 131.7239846650286
49.0 111.0 131.27029386826138
49.0 112.0 8.190281424567932
50.0 51.0 4.569668267552689
50.0 52.0 1.5070793470470962
50.0 53.0 7.0264167721046915
50.0 54.0 12.94367592418255
50.0 57.0 112.33825817392727
50.0 59.0 117.7730531282655
50.0 61.0 125.60047378269354
50.0 62.0 123.82859068934418
50.0 63.0 128.2491581353443
50.0 65.0 16.049079219400934
50.0 66.0 19.366078265309245
50.0 67.0 20.51835075432497
50.0 68.0 23.346053186816555
50.0 69.0 25.390223459307517
50.0 70.0 19.50355301668141
50.0 73.0 89.2830636467763
50.0 74.0 91.77386204609266
50.0 75.0 91.26090444206422
50.0 76.0 107.17308332085543
50.0 78.0 108.17308330988544
50.0 79.0 109.347023672702
50.0 80.0 104.1615403133563
50.0 81.0 104.39126274614007
50.0 82.0 44.68323476048156
50.0 83.0 41.99804420113571
50.0 84.0 92.65217790191045
50.0 86.0 95.47242473453721
50.0 87.0 94.20471230650244
50.0 88.0 113.33825817202987
50.0 89.0 114.36370965451536
50.0 90.0 106.71073667016337
50.0 91.0 107.62886169504162
50.0 92.0 43.143089337412604
50.0 94.0 51.44044166017775
50.0 95.0 56.33302869931699
50.0 96.0 60.88346484221485
50.0 97.0 57.7439137987701
50.0 98.0 130.59816491885323
50.0 100.0 26.472637328935374
50.0 101.0 5.573636648587676
50.0 102.0 5.5977151975411115
50.0 104.0 10.335829831669583
50.0 105.0 9.674413695488184
50.0 107.0 106.24741832851123
50.0 109.0 137.20908971332622
50.0 110.0 134.6695815413181
50.0 111.0 134.21589074810043
50.0 112.0 11.135878304878263
51.0 52.0 6.076747614604665
51.0 53.0 11.596085039754618
51.0 54.0 17.513344191795884
51.0 57.0 111.01673268016688
51.0 59.0 116.45152763431324
51.0 61.0 124.27894829513264
51.0 62.0 122.50706519517075
51.0 63.0 126.9276326345022
51.0 65.0 14.727553726715447
51.0 66.0 18.044552772696036
51.0 67.0 19.196825261349943
51.0 68.0 22.02452769421074
51.0 69.0 24.068697966669877
51.0 70.0 18.182027523701915
51.0 73.0 87.9615381542682
51.0 74.0 90.45233655319275
51.0 75.0 89.93937894901998
51.0 76.0 105.85155782034852
51.0 78.0 106.85155782578866
51.0 79.0 108.0254981752663
51.0 80.0 102.84001481139741
51.0 81.0 103.06973724486376
51.0 82.0 43.36170926784477
51.0 83.0 40.67651870302997
51.0 84.0 91.33065240925966
51.0 86.0 94.1508992415975
51.0 87.0 92.88318681373335
51.0 88.0 112.01673268086485
51.0 89.0 113.04218415499105
51.0 90.0 105.38921118360574
51.0 91.0 106.30733620460143
51.0 92.0 41.82156384573925
51.0 94.0 50.1189161672771
51.0 95.0 55.01150321007445
51.0 96.0 59.56193934695088
51.0 97.0 56.42238830869341
51.0 98.0 129.27663942900807
51.0 100.0 25.15111183602415
51.0 101.0 1.0039683809292526
51.0 102.0 1.02804693030341
51.0 104.0 5.766161564148812
51.0 105.0 5.104745427853051
51.0 107.0 104.92589284819121
51.0 109.0 135.88756421617785
51.0 110.0 133.3480560510216
51.0 111.0 132.89436525640446
51.0 112.0 6.566210037098108
52.0 53.0 5.519337425114063
52.0 54.0 11.436596577185918
52.0 57.0 113.84533752213962
52.0 59.0 119.28013247470258
52.0 61.0 127.1075531363827
52.0 62.0 125.33567003400984
52.0 63.0 129.75623747995655
52.0 65.0 17.556158566647746
52.0 66.0 20.873157612319922
52.0 67.0 22.025430101329448
52.0 68.0 24.85313253392644
52.0 69.0 26.897302807217816
52.0 70.0 21.010632363729584
52.0 73.0 90.7901429937566
52.0 74.0 93.28094139336808
52.0 75.0 92.76798378895245
52.0 76.0 108.68016265963647
52.0 78.0 109.68016266578883
52.0 79.0 110.8541030125138
52.0 80.0 105.66861965273638
52.0 81.0 105.89834207884365
52.0 82.0 46.1903141083505
52.0 83.0 43.50512354267968
52.0 84.0 94.15925724915883
52.0 86.0 96.97950408168344
52.0 87.0 95.71179165375545
52.0 88.0 114.84533751944579
52.0 89.0 115.870788998954
52.0 90.0 108.21781602011308
52.0 91.0 109.1359410380258
52.0 92.0 44.650168685482384
52.0 94.0 52.94752100780937
52.0 95.0 57.84010804924774
52.0 96.0 62.39054419066127
52.0 97.0 59.25099314694769
52.0 98.0 132.1052442734801
52.0 100.0 27.979716676038798
52.0 101.0 7.0807159956033034
52.0 102.0 7.104794544909379
52.0 104.0 11.842909178732889
52.0 105.0 11.181493042437465
52.0 107.0 107.75449766868587
52.0 109.0 138.716169053402
52.0 110.0 136.1766608909451
52.0 111.0 135.72297009265674
52.0 112.0 12.642957651716891
53.0 54.0 5.917259152073726
53.0 57.0 119.36467494482312
53.0 59.0 124.79946990114266
53.0 61.0 132.62689056090244
53.0 62.0 130.85500746054626
53.0 63.0 135.27557490003886
53.0 65.0 23.075495991966868
53.0 66.0 26.39249503745664
53.0 67.0 27.544767526449114
53.0 68.0 30.372469958711157
53.0 69.0 32.41664023159547
53.0 70.0 26.529969788771922
53.0 73.0 96.3094804190038
53.0 74.0 98.8002788181106
53.0 75.0 98.28732121403218
53.0 76.0 114.19950008843989
53.0 78.0 115.1995000916322
53.0 79.0 116.37344044355427
53.0 80.0 111.18795709429362
53.0 81.0 111.41767950546708
53.0 82.0 51.7096515340547
53.0 83.0 49.02446096943831
53.0 84.0 99.67859467455159
53.0 86.0 102.49884150665838
53.0 87.0 101.23112907867014
53.0 88.0 120.3646749490988
53.0 89.0 121.39012642662408
53.0 90.0 113.73715343809016
53.0 91.0 114.6552784636518
53.0 92.0 50.16950610905553
53.0 94.0 58.46685843055563
53.0 95.0 63.359445473765334
53.0 96.0 67.90988161298641
53.0 97.0 64.77033056990767
53.0 98.0 137.6245816917687
53.0 100.0 33.49905410095154
53.0 101.0 12.600053420681297
53.0 102.0 12.624131969946548
53.0 104.0 17.362246603847165
53.0 105.0 16.700830467642007
53.0 107.0 113.27383508467952
53.0 109.0 144.2355064826712
53.0 110.0 141.69599831705776
53.0 111.0 141.24230752128875
53.0 112.0 18.162295076812164
54.0 57.0 125.28193409736389
54.0 59.0 130.71672904514688
54.0 61.0 138.54414970871375
54.0 62.0 136.77226661325818
54.0 63.0 141.19283405016284
54.0 65.0 28.99275514373279
54.0 66.0 32.309754189455276
54.0 67.0 33.46202667847996
54.0 68.0 36.28972911081486
54.0 69.0 38.333899383701116
54.0 70.0 32.44722894025578
54.0 73.0 102.22673957103285
54.0 74.0 104.71753797013315
54.0 75.0 104.20458036633217
54.0 76.0 120.11675923608462
54.0 78.0 121.11675923871606
54.0 79.0 122.29069959969868
54.0 80.0 117.10521623814319
54.0 81.0 117.33493863597494
54.0 82.0 57.626910684358556
54.0 83.0 54.94172012310469
54.0 84.0 105.59585382625133
54.0 86.0 108.41610065883813
54.0 87.0 107.14838823080487
54.0 88.0 126.2819340959134
54.0 89.0 127.30738557683796
54.0 90.0 119.65441259832838
54.0 91.0 120.5725376191472
54.0 92.0 56.08676526242456
54.0 94.0 64.38411758461822
54.0 95.0 69.27670462760727
54.0 96.0 73.82714076806727
54.0 97.0 70.68758972512312
54.0 98.0 143.54184084546353
54.0 100.0 39.41631325293878
54.0 101.0 18.517312572720318
54.0 102.0 18.541391122233044
54.0 104.0 23.279505755939425
54.0 105.0 22.61808961971341
54.0 107.0 119.1910942640651
54.0 109.0 150.15276563013867
54.0 110.0 147.6132574653476
54.0 111.0 147.15956667068173
54.0 112.0 24.079554228930846
57.0 59.0 8.3982673680533
57.0 61.0 16.22568802526518
57.0 62.0 14.453804917433848
57.0 63.0 18.874372367683513
57.0 65.0 114.7822619253668
57.0 66.0 118.0992609687807
57.0 67.0 119.25153346582286
57.0 68.0 122.07923589295544
57.0 69.0 124.12340616125206
57.0 70.0 118.23673572325276
57.0 73.0 41.17293792123664
57.0 74.0 43.66373631929331
57.0 75.0 43.150778721368695
57.0 76.0 27.78723263300021
57.0 78.0 28.787232632135854
57.0 79.0 29.961172988621662
57.0 80.0 24.77568963704931
57.0 81.0 25.005412051530506
57.0 82.0 137.2202970612625
57.0 83.0 134.53510649405547
57.0 84.0 44.54205217932424
57.0 86.0 47.362299012369434
57.0 87.0 46.09458657822148
57.0 88.0 0.9999999999791153
57.0 89.0 2.02545147850141
57.0 90.0 20.60134838654014
57.0 91.0 21.519473406358465
57.0 92.0 135.6801516382311
57.0 94.0 143.97750395645653
57.0 95.0 148.87009100072555
57.0 96.0 153.42052714261058
57.0 97.0 150.28097609839148
57.0 98.0 21.223379162146117
57.0 100.0 125.2058200368649
57.0 101.0 112.02070106761056
57.0 102.0 112.04477960989777
57.0 104.0 116.78289424418179
57.0 105.0 116.12147811234861
57.0 107.0 26.86156764629247
57.0 109.0 27.83430394606288
57.0 110.0 25.294795781619644
57.0 111.0 24.8411049803533
57.0 112.0 117.58294271228135
59.0 61.0 10.62537992790462
59.0 62.0 8.85349682776787
59.0 63.0 13.274064271485027
59.0 65.0 120.2170568780628
59.0 66.0 123.53405592133453
59.0 67.0 124.68632841446106
59.0 68.0 127.5140308453822
59.0 69.0 129.55820112361982
59.0 70.0 123.67153068155235
59.0 73.0 46.60773288996273
59.0 74.0 49.09853127584319
59.0 75.0 48.58557367779286
59.0 76.0 33.22202758943227
59.0 78.0 34.22202758895093
59.0 79.0 35.39596794530138
59.0 80.0 30.210484589408978
59.0 81.0 30.440207012243
59.0 82.0 142.6550920212886
59.0 83.0 139.96990145600896
59.0 84.0 49.97684713058631
59.0 86.0 52.797093971350066
59.0 87.0 51.52938154162236
59.0 88.0 9.398267367760187
59.0 89.0 10.423718842313841
59.0 90.0 26.036143341507973
59.0 91.0 26.954268358163873
59.0 92.0 141.11494659743715
59.0 94.0 149.41229891835061
59.0 95.0 154.3048859615389
59.0 96.0 158.85532210155742
59.0 97.0 155.71577105804238
59.0 98.0 15.623071062502477
59.0 100.0 130.64061499107703
59.0 101.0 117.45549602031852
59.0 102.0 117.47957456832984
59.0 104.0 122.2176891972419
59.0 105.0 121.55627306388442
59.0 107.0 32.296362606521114
59.0 109.0 22.233995851479765
59.0 110.0 19.6944876873793
59.0 111.0 19.240796885099346
59.0 112.0 123.01773768166335
61.0 62.0 6.711235050478617
61.0 63.0 11.131802494076943
61.0 65.0 128.04447754165633
61.0 66.0 131.36147658235114
61.0 67.0 132.51374906780347
61.0 68.0 135.3414515042602
61.0 69.0 137.38562178149056
61.0 70.0 131.4989513370389
61.0 73.0 54.435153532687394
61.0 74.0 56.92595193649703
61.0 75.0 56.41299433250711
61.0 76.0 41.04944824604319
61.0 78.0 42.049448246729156
61.0 79.0 43.22338859922252
61.0 80.0 38.037905249626036
61.0 81.0 38.26762766662616
61.0 82.0 150.48251267797525
61.0 83.0 147.79732211361488
61.0 84.0 57.804267782424375
61.0 86.0 60.62451462458861
61.0 87.0 59.35680219739304
61.0 88.0 17.225688023096144
61.0 89.0 18.251139503635287
61.0 90.0 33.86356402284285
61.0 91.0 34.78168903152861
61.0 92.0 148.94236725452424
61.0 94.0 157.23971957628697
61.0 95.0 162.13230661862937
61.0 96.0 166.68274275934473
61.0 97.0 163.54319171530926
61.0 98.0 13.480809285143106
61.0 100.0 138.46803564797204
61.0 101.0 125.28291667580994
61.0 102.0 125.30699522784849
61.0 104.0 130.04510985560722
61.0 105.0 129.38369372136304
61.0 107.0 40.123783262973646
61.0 109.0 20.0917340740982
61.0 110.0 17.55222590803547
61.0 111.0 17.09853510958765
61.0 112.0 130.84515834065502
62.0 63.0 6.464202117579621
62.0 65.0 126.27259444052117
62.0 66.0 129.5895934853964
62.0 67.0 130.74186596721185
62.0 68.0 133.56956841107313
62.0 69.0 135.61373868442644
62.0 70.0 129.7270682375011
62.0 73.0 52.6632704302672
62.0 74.0 55.154068831328956
62.0 75.0 54.64111123891262
62.0 76.0 39.27756515352401
62.0 78.0 40.27756514382132
62.0 79.0 41.45150550990717
62.0 80.0 36.266022151547034
62.0 81.0 36.49574457078136
62.0 82.0 148.71062957771125
62.0 83.0 146.02543901311742
62.0 84.0 56.03238468922619
62.0 86.0 58.852631526701344
62.0 87.0 57.584919100764
62.0 88.0 15.453804923524785
62.0 89.0 16.479256404527042
62.0 90.0 32.0916808899667
62.0 91.0 33.00980592179814
62.0 92.0 147.17048415490842
62.0 94.0 155.46783647602808
62.0 95.0 160.36042351813882
62.0 96.0 164.91085965859702
62.0 97.0 161.7713086156414
62.0 98.0 6.76957423444132
62.0 100.0 136.69615254771207
62.0 101.0 123.51103357452389
62.0 102.0 123.53511212016952
62.0 104.0 128.27322676302873
62.0 105.0 127.61181063044323
62.0 107.0 38.35190016609807
62.0 109.0 13.380499023518539
62.0 110.0 10.840990858292395
62.0 111.0 10.387300058578687
62.0 112.0 129.0732752313346
63.0 65.0 130.69316188078454
63.0 66.0 134.01016092870034
63.0 67.0 135.16243341278525
63.0 68.0 137.99013585594975
63.0 69.0 140.03430612271796
63.0 70.0 134.1476356806704
63.0 73.0 57.083837876315215
63.0 74.0 59.57463627689109
63.0 75.0 59.061678665677775
63.0 76.0 43.69813258424966
63.0 78.0 44.698132589517726
63.0 79.0 45.87207294781897
63.0 80.0 40.686589589750845
63.0 81.0 40.91631201074733
63.0 82.0 153.13119702079405
63.0 83.0 150.44600645772545
63.0 84.0 60.45295213492656
63.0 86.0 63.27319896353077
63.0 87.0 62.00548654196341
63.0 88.0 19.87437237629882
63.0 89.0 20.899823844120252
63.0 90.0 36.512248328258586
63.0 91.0 37.430373348441805
63.0 92.0 151.59105159831563
63.0 94.0 159.8884039205007
63.0 95.0 164.78099096204699
63.0 96.0 169.33142710234705
63.0 97.0 166.19187605911964
63.0 98.0 13.233776352028421
63.0 100.0 141.11671999474567
63.0 101.0 127.93160101718766
63.0 102.0 127.95567956989248
63.0 104.0 132.6937942007532
63.0 105.0 132.03237806560952
63.0 107.0 42.77246761416431
63.0 109.0 19.84470114096119
63.0 110.0 17.30519297527591
63.0 111.0 16.85150217624136
63.0 112.0 133.49384268446795
65.0 66.0 3.3169990457070866
65.0 67.0 4.469271534686009
65.0 68.0 7.296973967084583
65.0 69.0 9.341144239864965
65.0 70.0 16.48476200705368
65.0 73.0 91.72706739947793
65.0 74.0 94.21786579905697
65.0 75.0 93.70490819392245
65.0 76.0 109.61708706224215
65.0 78.0 110.61708706400424
65.0 79.0 111.79102741460763
65.0 80.0 106.60554406580398
65.0 81.0 106.83526649260013
65.0 82.0 47.12723851670258
65.0 83.0 44.44204795733665
65.0 84.0 95.0961816548139
65.0 86.0 97.91642848751181
65.0 87.0 96.64871605879412
65.0 88.0 115.78226192763624
65.0 89.0 116.8077134026426
65.0 90.0 109.15474042041393
65.0 91.0 110.07286544205874
65.0 92.0 45.58709309835206
65.0 94.0 53.8844454141579
65.0 95.0 58.777032451499956
65.0 96.0 63.32746859994364
65.0 97.0 60.18791755128581
65.0 98.0 133.04216867725177
65.0 100.0 10.423558109120501
65.0 101.0 15.731522107822318
65.0 102.0 15.755600657398855
65.0 104.0 20.493715290893363
65.0 105.0 19.83229915462716
65.0 107.0 108.69142208617424
65.0 109.0 139.65309346349264
65.0 110.0 137.1135852948767
65.0 111.0 136.6598944966261
65.0 112.0 21.293763763891153
66.0 67.0 1.152272488981637
66.0 68.0 3.979974921377165
66.0 69.0 6.024145194172594
66.0 70.0 19.801761052558135
66.0 73.0 95.04406644502157
66.0 74.0 97.53486484448521
66.0 75.0 97.02190723986571
66.0 76.0 112.93408611217228
66.0 78.0 113.93408611230427
66.0 79.0 115.1080264701034
66.0 80.0 109.92254313931276
66.0 81.0 110.15226553568809
66.0 82.0 50.44423756250199
66.0 83.0 47.75904699580467
66.0 84.0 98.41318070120725
66.0 86.0 101.23342753282827
66.0 87.0 99.96571510466342
66.0 88.0 119.09926096985191
66.0 89.0 120.12471245250781
66.0 90.0 112.47173946213286
66.0 91.0 113.38986448522103
66.0 92.0 48.9040921369789
66.0 94.0 57.20144446058267
66.0 95.0 62.09403149921769
66.0 96.0 66.64446764093431
66.0 97.0 63.50491659772057
66.0 98.0 136.35916772120578
66.0 100.0 7.10655906354019
66.0 101.0 19.048521153279435
66.0 102.0 19.07259970272785
66.0 104.0 23.810714336647663
66.0 105.0 23.1492982002921
66.0 107.0 112.008421132665
66.0 109.0 142.97009251259348
66.0 110.0 140.4305843458933
66.0 111.0 139.97689354296057
66.0 112.0 24.610762809698297
67.0 68.0 2.8277024323762587
67.0 69.0 4.8718727053395465
67.0 70.0 20.954033541569906
67.0 73.0 96.19633893357069
67.0 74.0 98.68713733297717
67.0 75.0 98.17417972864516
67.0 76.0 114.08635859113767
67.0 78.0 115.08635858990529
67.0 79.0 116.26029895811983
67.0 80.0 111.07481561396925
67.0 81.0 111.30453801954854
67.0 82.0 51.59651004825591
67.0 83.0 48.91131948692665
67.0 84.0 99.56545318898443
67.0 86.0 102.38570002157005
67.0 87.0 101.11798759340567
67.0 88.0 120.25153345825737
67.0 89.0 121.27698493749033
67.0 90.0 113.62401196429393
67.0 91.0 114.54213697460976
67.0 92.0 50.05636462494031
67.0 94.0 58.35371694751994
67.0 95.0 63.24630398875083
67.0 96.0 67.79674012886318
67.0 97.0 64.65718908736055
67.0 98.0 137.51144020688517
67.0 100.0 5.954286575000487
67.0 101.0 20.200793642455523
67.0 102.0 20.22487219150481
67.0 104.0 24.962986825452525
67.0 105.0 24.301570689336838
67.0 107.0 113.16069361844016
67.0 109.0 144.12236499720512
67.0 110.0 141.58285683458098
67.0 111.0 141.12916603653318
67.0 112.0 25.763035298670218
68.0 69.0 2.04417027281192
68.0 70.0 23.781735974105516
68.0 73.0 99.02404136627422
68.0 74.0 101.51483976562895
68.0 75.0 101.00188216147257
68.0 76.0 116.91406103260667
68.0 78.0 117.91406103499867
68.0 79.0 119.08800138745134
68.0 80.0 113.90251803227974
68.0 81.0 114.13224045730018
68.0 82.0 54.42421248162059
68.0 83.0 51.73902191920078
68.0 84.0 102.39315562162561
68.0 86.0 105.21340245436976
68.0 87.0 103.94569002607767
68.0 88.0 123.0792358919191
68.0 89.0 124.10468737517715
68.0 90.0 116.45171439538392
68.0 91.0 117.36983941676809
68.0 92.0 52.88406706057147
68.0 94.0 61.18141938033128
68.0 95.0 66.07400641843508
68.0 96.0 70.62444255953028
68.0 97.0 67.48489152030629
68.0 98.0 140.33914263845978
68.0 100.0 3.1265841421385527
68.0 101.0 23.028496074674628
68.0 102.0 23.05257462410453
68.0 104.0 27.79068925811623
68.0 105.0 27.129273121626824
68.0 107.0 115.98839604243781
68.0 109.0 146.95006742621578
68.0 110.0 144.4105592620062
68.0 111.0 143.95686846264064
68.0 112.0 28.590737730802342
69.0 70.0 25.825906246697443
69.0 73.0 101.06821163909547
69.0 74.0 103.55901003878091
69.0 75.0 103.04605243432306
69.0 76.0 118.95823131521867
69.0 78.0 119.95823130334966
69.0 79.0 121.13217166617312
69.0 80.0 115.94668831039996
69.0 81.0 116.17641071568116
69.0 82.0 56.46838275538419
69.0 83.0 53.78319218940248
69.0 84.0 104.43732589455588
69.0 86.0 107.25757272594088
69.0 87.0 105.98986029887448
69.0 88.0 125.12340616158255
69.0 89.0 126.14885764247737
69.0 90.0 118.49588467207982
69.0 91.0 119.41400968511076
69.0 92.0 54.928237330104416
69.0 94.0 63.22558965387719
69.0 95.0 68.11817669633459
69.0 96.0 72.66861283747377
69.0 97.0 69.52906179089075
69.0 98.0 142.38331291627668
69.0 100.0 1.082413869302658
69.0 101.0 25.072666347310427
69.0 102.0 25.096744897092588
69.0 104.0 29.834859530626833
69.0 105.0 29.17344339460726
69.0 107.0 118.03256633818255
69.0 109.0 148.99423770118864
69.0 110.0 146.45472953950312
69.0 111.0 146.00103873638557
69.0 112.0 30.634908003783966
70.0 73.0 95.18154119610944
70.0 74.0 97.67233959602717
70.0 75.0 97.15938199148508
70.0 76.0 113.07156086680303
70.0 78.0 114.07156086493708
70.0 79.0 115.24550122514492
70.0 80.0 110.06001786170849
70.0 81.0 110.28974029248641
70.0 82.0 50.58171231180779
70.0 83.0 47.896521746559195
70.0 84.0 98.5506554520694
70.0 86.0 101.37090228460261
70.0 87.0 100.10318985622511
70.0 88.0 119.23673572307419
70.0 89.0 120.26218720281672
70.0 90.0 112.60921421949436
70.0 91.0 113.52733924974478
70.0 92.0 49.0415668893678
70.0 94.0 57.33891920957207
70.0 95.0 62.231506252205435
70.0 96.0 66.78194239132681
70.0 97.0 63.64239134863272
70.0 98.0 136.49664247019086
70.0 100.0 26.908320116151913
70.0 101.0 19.18599590494281
70.0 102.0 19.210074454400388
70.0 104.0 23.948189087981717
70.0 105.0 23.28677295177348
70.0 107.0 112.14589589750713
70.0 109.0 143.1075672638254
70.0 110.0 140.56805909621187
70.0 111.0 140.11436829677302
70.0 112.0 24.748237561106592
73.0 74.0 5.1375295273842365
73.0 75.0 4.624571922776912
73.0 76.0 36.00776306284266
73.0 78.0 37.00776305546303
73.0 79.0 38.181703420938895
73.0 80.0 32.996220066861284
73.0 81.0 33.22594248015428
73.0 82.0 114.16510254031215
73.0 83.0 111.47991197543962
73.0 84.0 3.36911425542289
73.0 86.0 8.83609221564591
73.0 87.0 7.568379787802483
73.0 88.0 42.17293792696198
73.0 89.0 43.19838940395732
73.0 90.0 35.545416420906015
73.0 91.0 36.46354143985886
73.0 92.0 112.62495711842317
73.0 94.0 120.92230943877335
73.0 95.0 125.81489648302991
73.0 96.0 130.36533261872944
73.0 97.0 127.22578157640562
73.0 98.0 59.4328446660039
73.0 100.0 102.1506255084827
73.0 101.0 88.96550653496173
73.0 102.0 88.9895850841327
73.0 104.0 93.72769971817175
73.0 105.0 93.06628358192773
73.0 107.0 35.08209807808743
73.0 109.0 66.04376945336922
73.0 110.0 63.50426129063439
73.0 111.0 63.05057048736361
73.0 112.0 94.52774819093247
74.0 75.0 4.810825336213794
74.0 76.0 38.49856146056437
74.0 78.0 39.498561459518015
74.0 79.0 40.6725018150433
74.0 80.0 35.487018464362706
74.0 81.0 35.71674088121698
74.0 82.0 116.65590093931168
74.0 83.0 113.97071037413667
74.0 84.0 8.506643782780406
74.0 86.0 9.02234562879768
74.0 87.0 7.754633201020967
74.0 88.0 44.663736323255364
74.0 89.0 45.68918779214029
74.0 90.0 38.036214819970894
74.0 91.0 38.954339841103014
74.0 92.0 115.11575551633385
74.0 94.0 123.41310783726473
74.0 95.0 128.30569488038503
74.0 96.0 132.85613101779953
74.0 97.0 129.7165799773977
74.0 98.0 61.92364307370244
74.0 100.0 104.64142390815394
74.0 101.0 91.45630493420707
74.0 102.0 91.48038348416429
74.0 104.0 96.2184981171913
74.0 105.0 95.55708198131083
74.0 107.0 37.5728964794228
74.0 109.0 68.53456785452791
74.0 110.0 65.99505968952059
74.0 111.0 65.54136889265136
74.0 112.0 97.01854659054555
75.0 76.0 37.985603854896205
75.0 78.0 38.985603857211274
75.0 79.0 40.15954421692649
75.0 80.0 34.97406086169328
75.0 81.0 35.203783277751086
75.0 82.0 116.14294333379266
75.0 83.0 113.45775277357316
75.0 84.0 7.993686178300459
75.0 86.0 4.211520292739326
75.0 87.0 2.9438078648140373
75.0 88.0 44.15077870781677
75.0 89.0 45.176230189000705
75.0 90.0 37.52325721892211
75.0 91.0 38.44138223756158
75.0 92.0 114.60279791145473
75.0 94.0 122.90015023404155
75.0 95.0 127.79273727534286
75.0 96.0 132.3431734140123
75.0 97.0 129.2036223726697
75.0 98.0 61.41068546067325
75.0 100.0 104.12846630356506
75.0 101.0 90.94334732930646
75.0 102.0 90.96742587946825
75.0 104.0 95.70554051319539
75.0 105.0 95.04412437698747
75.0 107.0 37.059938872127134
75.0 109.0 68.02161024897762
75.0 110.0 65.48210208273687
75.0 111.0 65.02841128663596
75.0 112.0 96.50558898592816
76.0 78.0 1.0000000000009466
76.0 79.0 2.1739403564285773
76.0 80.0 8.118028991248659
76.0 81.0 8.347751407818967
76.0 82.0 132.05512219901246
76.0 83.0 129.36993163685673
76.0 84.0 39.37687731796858
76.0 86.0 42.19712414888802
76.0 87.0 40.92941172213783
76.0 88.0 28.78723263307799
76.0 89.0 29.81268411089126
76.0 90.0 22.15971113295005
76.0 91.0 23.07783615291457
76.0 92.0 130.5149767843945
76.0 94.0 138.81232910783882
76.0 95.0 143.70491614651917
76.0 96.0 148.25535227927978
76.0 97.0 145.1158012412998
76.0 98.0 46.047139377961514
76.0 100.0 120.04064518478144
76.0 101.0 106.85552619610958
76.0 102.0 106.87960474604671
76.0 104.0 111.61771938483415
76.0 105.0 110.95630324625662
76.0 107.0 10.20390700453887
76.0 109.0 52.65806416527124
76.0 110.0 50.11855600314778
76.0 111.0 49.66486521405119
76.0 112.0 112.41776787199505
78.0 79.0 1.1739403564302142
78.0 80.0 9.118028991244902
78.0 81.0 9.347751407810433
78.0 82.0 133.05512220541297
78.0 83.0 130.3699316333855
78.0 84.0 40.37687732078128
78.0 86.0 43.19712414843573
78.0 87.0 41.9294117224417
78.0 88.0 29.78723263171903
78.0 89.0 30.812684110126646
78.0 90.0 23.15971113258312
78.0 91.0 24.077836152749107
78.0 92.0 131.5149767722807
78.0 94.0 139.81232909684257
78.0 95.0 144.70491614084764
78.0 96.0 149.2553522893188
78.0 97.0 146.11580123452063
78.0 98.0 47.047139373466386
78.0 100.0 121.04064517972418
78.0 101.0 107.8555261989724
78.0 102.0 107.87960475710202
78.0 104.0 112.61771938381001
78.0 105.0 111.9563032455115
78.0 107.0 11.203907004350341
78.0 109.0 53.658064166974725
78.0 110.0 51.11855600178095
78.0 111.0 50.66486520231721
78.0 112.0 113.41776786215753
79.0 80.0 10.291969347721524
79.0 81.0 10.521691764466832
79.0 82.0 134.2290625614321
79.0 83.0 131.54387199846767
79.0 84.0 41.55081767087192
79.0 86.0 44.3710645066662
79.0 87.0 43.1033520810219
79.0 88.0 30.96117298860146
79.0 89.0 31.986624466245942
79.0 90.0 24.333651489227556
79.0 91.0 25.25177650959513
79.0 92.0 132.6889171284564
79.0 94.0 140.98626946307715
79.0 95.0 145.87885650038498
79.0 96.0 150.4292926320872
79.0 97.0 147.28974158872393
79.0 98.0 48.22107973834258
79.0 100.0 122.21458553607371
79.0 101.0 109.02946656010178
79.0 102.0 109.05354511218326
79.0 104.0 113.79165974549855
79.0 105.0 113.13024361106218
79.0 107.0 12.377847360919972
79.0 109.0 54.83200452928136
79.0 110.0 52.29249637021721
79.0 111.0 51.83880555325092
79.0 112.0 114.5917082198863
80.0 81.0 2.229722416758695
80.0 82.0 129.04357919106937
80.0 83.0 126.35838863695415
80.0 84.0 36.365334320800784
80.0 86.0 39.18558115121752
80.0 87.0 37.91786872791974
80.0 88.0 25.77568963663082
80.0 89.0 26.801141112065828
80.0 90.0 19.14816813617398
80.0 91.0 20.066293157236686
80.0 92.0 127.50343377600547
80.0 94.0 135.80078610972248
80.0 95.0 140.69337313995686
80.0 96.0 145.2438092743181
80.0 97.0 142.1042582476086
80.0 98.0 43.035596384037845
80.0 100.0 117.02910218363215
80.0 101.0 103.8439832007807
80.0 102.0 103.8680617538721
80.0 104.0 108.60617637510164
80.0 105.0 107.94476026099449
80.0 107.0 4.08587801317533
80.0 109.0 49.64652117260289
80.0 110.0 47.10701300083698
80.0 111.0 46.65332222157466
80.0 112.0 109.40622485737516
81.0 82.0 129.27330161206925
81.0 83.0 126.58811105977918
81.0 84.0 36.59505673721745
81.0 86.0 39.41530357159075
81.0 87.0 38.14759114222518
81.0 88.0 26.005412053164505
81.0 89.0 27.03086353257568
81.0 90.0 19.377890553094428
81.0 91.0 20.29601557294827
81.0 92.0 127.73315619865798
81.0 94.0 136.03050851863134
81.0 95.0 140.92309556097211
81.0 96.0 145.47353169706423
81.0 97.0 142.33398065780125
81.0 98.0 43.26531880112418
81.0 100.0 117.25882460376627
81.0 101.0 104.0737056241851
81.0 102.0 104.09778417169994
81.0 104.0 108.83589881705372
81.0 105.0 108.17448268513117
81.0 107.0 1.8561555964004621
81.0 109.0 49.87624359016597
81.0 110.0 47.336735424520576
81.0 111.0 46.88304462486194
81.0 112.0 109.63594728323119
82.0 83.0 9.306171175440696
82.0 84.0 117.5342167944145
82.0 86.0 120.35446362853921
82.0 87.0 119.08675120013339
82.0 88.0 138.22029706393567
82.0 89.0 139.2457485373212
82.0 90.0 131.59277556237654
82.0 91.0 132.5109005791425
82.0 92.0 10.451216316596355
82.0 94.0 27.962926942309203
82.0 95.0 32.855513984114395
82.0 96.0 37.405950124841866
82.0 97.0 34.26639908064457
82.0 98.0 155.48020381180146
82.0 100.0 57.55079662094607
82.0 101.0 44.36567765157126
82.0 102.0 44.38975619756212
82.0 104.0 49.12787083151913
82.0 105.0 48.46645469539499
82.0 107.0 131.12945721279243
82.0 109.0 162.09112860112424
82.0 110.0 159.5516204355656
82.0 111.0 159.09792963586779
82.0 112.0 49.92791930469461
83.0 84.0 114.849026231014
83.0 86.0 117.66927306284708
83.0 87.0 116.40156063567748
83.0 88.0 135.53510649867275
83.0 89.0 136.56055797482875
83.0 90.0 128.9075849998837
83.0 91.0 129.82571001863198
83.0 92.0 1.1450451411954348
83.0 94.0 25.277736378333827
83.0 95.0 30.170323420503756
83.0 96.0 34.720759560495424
83.0 97.0 31.58120851686617
83.0 98.0 152.79501324795189
83.0 100.0 54.86560606340854
83.0 101.0 41.68048708586449
83.0 102.0 41.70456563359213
83.0 104.0 46.44268026916755
83.0 105.0 45.78126413266813
83.0 107.0 128.44426665294824
83.0 109.0 159.40593803742712
83.0 110.0 156.86642987179002
83.0 111.0 156.4127390720896
83.0 112.0 47.24272874079382
84.0 86.0 12.205206471270913
84.0 87.0 10.937494043190396
84.0 88.0 45.54205217672111
84.0 89.0 46.56750365050772
84.0 90.0 38.9145306817579
84.0 91.0 39.83265569834033
84.0 92.0 115.99407137532229
84.0 94.0 124.29142369329915
84.0 95.0 129.18401073506453
84.0 96.0 133.7344468749771
84.0 97.0 130.59489583172711
84.0 98.0 62.80195892058225
84.0 100.0 105.51973976410682
84.0 101.0 92.33462079023238
84.0 102.0 92.35869933948487
84.0 104.0 97.09681397347438
84.0 105.0 96.4353978372142
84.0 107.0 38.45121233467899
84.0 109.0 69.4128837153437
84.0 110.0 66.87337554574879
84.0 111.0 66.4196847490443
84.0 112.0 97.8968624465885
86.0 87.0 4.33161036581856
86.0 88.0 48.36229901025024
86.0 89.0 49.38775048620306
86.0 90.0 41.734777509010485
86.0 91.0 42.652902530575396
86.0 92.0 118.81431820493356
86.0 94.0 127.11167052695598
86.0 95.0 132.00425757049317
86.0 96.0 136.55469370878131
86.0 97.0 133.41514266583937
86.0 98.0 65.62220575978434
86.0 100.0 108.33998659596395
86.0 101.0 95.15486762243052
86.0 102.0 95.17894617188287
86.0 104.0 99.91706080546572
86.0 105.0 99.25564466942538
86.0 107.0 41.27145916129589
86.0 109.0 72.2331305424762
86.0 110.0 69.69362238675441
86.0 111.0 69.23993158308846
86.0 112.0 100.71710927889453
87.0 88.0 47.0945865803769
87.0 89.0 48.12003807195116
87.0 90.0 40.46706507827986
87.0 91.0 41.385190099073014
87.0 92.0 117.54660577674463
87.0 94.0 125.84395809943672
87.0 95.0 130.7365451400754
87.0 96.0 135.28698128192914
87.0 97.0 132.14743023811224
87.0 98.0 64.3544933320396
87.0 100.0 107.0722741687782
87.0 101.0 93.88715519433518
87.0 102.0 93.91123374395356
87.0 104.0 98.64934837786399
87.0 105.0 97.98793224191945
87.0 107.0 40.00374673885064
87.0 109.0 70.96541812157669
87.0 110.0 68.42590994917651
87.0 111.0 67.97221915859751
87.0 112.0 99.44939685102372
88.0 89.0 1.025451478507011
88.0 90.0 21.601348386294642
88.0 91.0 22.5194734065422
88.0 92.0 136.68015164051573
88.0 94.0 144.9775039607666
88.0 95.0 149.8700910014973
88.0 96.0 154.42052713963074
88.0 97.0 151.28097610474725
88.0 98.0 22.223379162362637
88.0 100.0 126.20582003434771
88.0 101.0 113.02070105808167
88.0 102.0 113.04477961436345
88.0 104.0 117.78289425277482
88.0 105.0 117.12147811302965
88.0 107.0 27.861567646430352
88.0 109.0 28.834303943883064
88.0 110.0 26.29479579005563
88.0 111.0 25.841104981252744
88.0 112.0 118.5829427191264
89.0 90.0 22.626799864705724
89.0 91.0 23.544924884904603
89.0 92.0 137.7056031155907
89.0 94.0 146.00295543829054
89.0 95.0 150.8955424796312
89.0 96.0 155.4459786215262
89.0 97.0 152.30642757894154
89.0 98.0 23.24883063224779
89.0 100.0 127.23127151317445
89.0 101.0 114.04615254331942
89.0 102.0 114.07023108983752
89.0 104.0 118.8083457234822
89.0 105.0 118.14692959422779
89.0 107.0 28.887019126229138
89.0 109.0 29.85975543051117
89.0 110.0 27.320247266861774
89.0 111.0 26.866556466431284
89.0 112.0 119.60839420356724
90.0 91.0 4.058135620820822
90.0 92.0 130.05263014338772
90.0 94.0 138.34998245464573
90.0 95.0 143.24256950009888
90.0 96.0 147.79300564968938
90.0 97.0 144.65345459346256
90.0 98.0 38.86125515660702
90.0 100.0 119.57829854130475
90.0 101.0 106.3931795623052
90.0 102.0 106.41725810563918
90.0 104.0 111.15537275299617
90.0 105.0 110.4939566194964
90.0 107.0 21.234046150273777
90.0 109.0 45.47217989263517
90.0 110.0 42.932671772426254
90.0 111.0 42.478980961174706
90.0 112.0 111.95542120925045
91.0 92.0 130.97075515533362
91.0 94.0 139.2681074785389
91.0 95.0 144.16069451762533
91.0 96.0 148.71113066609487
91.0 97.0 145.57157961671203
91.0 98.0 39.77938016985928
91.0 100.0 120.49642356745348
91.0 101.0 107.31130457565547
91.0 102.0 107.3353831327756
91.0 104.0 112.07349777041551
91.0 105.0 111.41208163779243
91.0 107.0 22.152171169194148
91.0 109.0 46.39030493687592
91.0 110.0 43.850796798384835
91.0 111.0 43.3971059761613
91.0 112.0 112.87354623270645
92.0 94.0 26.42278151969285
92.0 95.0 31.315368561694292
92.0 96.0 35.86580470186631
92.0 97.0 32.726253657991855
92.0 98.0 153.9400583893172
92.0 100.0 56.01065120424026
92.0 101.0 42.825532225881744
92.0 102.0 42.84961077492465
92.0 104.0 47.58772540696657
92.0 105.0 46.92630927281781
92.0 107.0 129.58931179239164
92.0 109.0 160.55098317794796
92.0 110.0 158.01147501277728
92.0 111.0 157.55778421314943
92.0 112.0 48.387773881434285
94.0 95.0 9.969910993629405
94.0 96.0 14.520347133837806
94.0 97.0 11.380796090401507
94.0 98.0 162.23741071085104
94.0 100.0 64.30800352270435
94.0 101.0 51.122884548009736
94.0 102.0 51.146963098634984
94.0 104.0 55.88507773214682
94.0 105.0 55.22366159427727
94.0 107.0 137.88666411827748
94.0 109.0 168.84833549996213
94.0 110.0 166.3088273347069
94.0 111.0 165.85513653469565
94.0 112.0 56.685126201875306
95.0 96.0 15.449563859657854
95.0 97.0 1.4108850968371651
95.0 98.0 167.1299977533456
95.0 100.0 69.20059056324793
95.0 101.0 56.015471590264184
95.0 102.0 56.03955013972652
95.0 104.0 60.77766477199089
95.0 105.0 60.116248634362776
95.0 107.0 142.7792511648355
95.0 109.0 173.7409225420974
95.0 110.0 171.20141437685902
95.0 111.0 170.74772357649562
95.0 112.0 61.57771324648563
96.0 97.0 16.860448956786243
96.0 98.0 171.68043389320144
96.0 100.0 73.75102670472613
96.0 101.0 60.565907732290185
96.0 102.0 60.58998628054721
96.0 104.0 65.32810091465922
96.0 105.0 64.66668477742478
96.0 107.0 147.3296872994142
96.0 109.0 178.29135868283322
96.0 110.0 175.751850517089
96.0 111.0 175.29815971707012
96.0 112.0 66.12814938776005
97.0 98.0 168.54088284964087
97.0 100.0 70.61147566069968
97.0 101.0 57.426356687490276
97.0 102.0 57.4504352354769
97.0 104.0 62.18854986929612
97.0 105.0 61.52713373097337
97.0 107.0 144.19013626266636
97.0 109.0 175.15180763899224
97.0 110.0 172.61229947358981
97.0 111.0 172.15860867343963
97.0 112.0 62.98859834159249
98.0 100.0 143.4657267852814
98.0 101.0 130.28060780806555
98.0 102.0 130.30468635888576
98.0 104.0 135.042800993884
98.0 105.0 134.38138485919131
98.0 107.0 45.12147439712484
98.0 109.0 10.063924278997252
98.0 110.0 7.52441611371028
98.0 111.0 7.070725313800034
98.0 112.0 135.84284946126883
100.0 101.0 26.15508021676424
100.0 102.0 26.179158766295878
100.0 104.0 30.91727340006024
100.0 105.0 30.25585726377733
100.0 107.0 119.11498018121111
100.0 109.0 150.07665157258288
100.0 110.0 147.53714340485925
100.0 111.0 147.08345260867065
100.0 112.0 31.71732187286725
101.0 102.0 2.0320153112395776
101.0 104.0 4.762193183115721
101.0 105.0 4.100777046958808
101.0 107.0 105.92986122414162
101.0 109.0 136.89153259908483
101.0 110.0 134.35202443042917
101.0 111.0 133.898333634207
101.0 112.0 5.562241656293056
102.0 104.0 6.794208494506681
102.0 105.0 6.1327923582227095
102.0 107.0 105.95393976516061
102.0 109.0 136.9156111468627
102.0 110.0 134.37610298243027
102.0 111.0 133.92241218225155
102.0 112.0 7.59425696748891
104.0 105.0 4.605819115027458
104.0 107.0 110.69205440208574
104.0 109.0 141.65372578514965
104.0 110.0 139.1142176166398
104.0 111.0 138.66052682139951
104.0 112.0 6.0672837241888065
105.0 107.0 110.03063826983521
105.0 109.0 140.99230964260033
105.0 110.0 138.45280148408116
105.0 111.0 137.9991106775318
105.0 112.0 1.461464609269867
107.0 109.0 51.732399186345745
107.0 110.0 49.19289102065676
107.0 111.0 48.739200222206215
107.0 112.0 111.49210287712302
109.0 110.0 9.67019513979145
109.0 111.0 9.216504339865685
109.0 112.0 142.45377425880878
110.0 111.0 2.4536907999294506
110.0 112.0 139.91426608771982
111.0 112.0 139.46057528713666
