2.0 3.0 4.858961160068462
2.0 4.0 5.023803018134663
2.0 5.0 9.88157727842711
2.0 6.0 15.085673670078307
2.0 11.0 30.442776737323076
2.0 13.0 31.71956659838062
2.0 16.0 34.165098348878445
2.0 18.0 10.127975345097978
2.0 20.0 15.54917421991452
2.0 21.0 21.131565338384625
2.0 23.0 27.468244859602855
2.0 24.0 35.57838442334479
2.0 26.0 48.13128250099014
2.0 27.0 54.18790913819333
2.0 29.0 68.66576790738611
2.0 30.0 69.50036565475023
2.0 31.0 76.17162372427319
2.0 36.0 100.72781036151008
2.0 39.0 117.24463872999448
2.0 40.0 115.44682589265994
2.0 42.0 34.09296018266312
2.0 43.0 39.168706568245575
2.0 44.0 41.12041287825016
2.0 46.0 54.613228649663796
2.0 47.0 54.56860918286856
2.0 48.0 61.34092921888704
2.0 49.0 41.335944311527875
2.0 50.0 47.87628613586698
2.0 51.0 48.59881712597713
2.0 52.0 55.20677011898823
2.0 53.0 62.1254071929589
2.0 54.0 68.8984117787499
2.0 57.0 132.29447025912341
2.0 59.0 139.2261581964326
2.0 61.0 146.8259004357926
2.0 62.0 157.65112267388207
2.0 63.0 153.63086515046064
2.0 65.0 47.65677191446558
2.0 66.0 54.86042308738809
2.0 67.0 63.15242113771882
2.0 68.0 70.76002060565773
2.0 69.0 78.35345362999851
2.0 70.0 62.31807312566151
2.0 73.0 83.57409636681659
2.0 74.0 89.98964963129228
2.0 75.0 90.98429653754818
2.0 76.0 97.64972865182077
2.0 78.0 105.67552531910206
2.0 79.0 113.29480006116722
2.0 80.0 106.0757864062059
2.0 81.0 106.6314113795232
2.0 82.0 39.01045170181259
2.0 83.0 37.53874086177893
2.0 84.0 88.64230439199322
2.0 86.0 100.89571060537867
2.0 87.0 100.00837783488703
2.0 88.0 135.93114365843388
2.0 89.0 139.86805627542483
2.0 90.0 104.2524871525381
2.0 91.0 106.4500365625585
2.0 92.0 44.94924305761798
2.0 94.0 40.410068511403026
2.0 95.0 47.75876214745143
2.0 96.0 44.084387550389366
2.0 97.0 55.61818867198808
2.0 98.0 169.04917395494235
2.0 100.0 84.07096140390266
2.0 101.0 58.517598984747146
2.0 102.0 58.53703798340834
2.0 104.0 73.10165893800672
2.0 105.0 73.37885117636759
2.0 107.0 113.11894069283869
2.0 109.0 176.0229355927272
2.0 110.0 182.371164561456
2.0 111.0 185.4368701175474
2.0 112.0 82.85982134262211
3.0 4.0 9.882764177106377
3.0 5.0 5.022616118668041
3.0 6.0 10.226712510782587
3.0 11.0 25.583815577292246
3.0 13.0 26.86060543855578
3.0 16.0 29.306137189331018
3.0 18.0 14.986936505233151
3.0 20.0 20.408135379519088
3.0 21.0 25.990526497990267
3.0 23.0 32.32720601924902
3.0 24.0 40.43734558325511
3.0 26.0 52.99024366056406
3.0 27.0 59.04687029711219
3.0 29.0 73.52472906610714
3.0 30.0 74.35932681494685
3.0 31.0 81.03058488606544
3.0 36.0 105.58677152147175
3.0 39.0 122.10359989041348
3.0 40.0 120.30578705433717
3.0 42.0 29.233999022633416
3.0 43.0 34.30974540816442
3.0 44.0 36.26145171865005
3.0 46.0 49.75426749035081
3.0 47.0 49.709648023709036
3.0 48.0 56.48196805933563
3.0 49.0 36.4769831518216
3.0 50.0 43.01732497649501
3.0 51.0 43.73985596694425
3.0 52.0 50.34780895806624
3.0 53.0 57.266446033325415
3.0 54.0 64.03945062027063
3.0 57.0 137.15343141990581
3.0 59.0 144.08511935169025
3.0 61.0 151.68486159440135
3.0 62.0 162.5100838494549
3.0 63.0 158.48982630979833
3.0 65.0 42.79781075505135
3.0 66.0 50.001461927876065
3.0 67.0 58.293459977785844
3.0 68.0 65.9010594451987
3.0 69.0 73.49449246912062
3.0 70.0 57.45911196562479
3.0 73.0 88.43305752610189
3.0 74.0 94.84861079106358
3.0 75.0 95.84325769689174
3.0 76.0 102.50868981226922
3.0 78.0 110.53448647436487
3.0 79.0 118.1537612215568
3.0 80.0 110.93474756443071
3.0 81.0 111.49037254439169
3.0 82.0 34.15149054191796
3.0 83.0 32.67977970254709
3.0 84.0 93.50126555186495
3.0 86.0 105.75467176630772
3.0 87.0 104.86733899526422
3.0 88.0 140.79010481640313
3.0 89.0 144.7270174346249
3.0 90.0 109.11144831194903
3.0 91.0 111.30899772059038
3.0 92.0 40.090281897816276
3.0 94.0 35.55110735172728
3.0 95.0 42.899800988893716
3.0 96.0 39.22542639104928
3.0 97.0 50.75922751180468
3.0 98.0 173.90813512059208
3.0 100.0 79.2120002446086
3.0 101.0 53.65863782568461
3.0 102.0 53.67807682392349
3.0 104.0 68.2426977783353
3.0 105.0 68.51989001642093
3.0 107.0 117.97790184764776
3.0 109.0 180.88189675732374
3.0 110.0 187.23012572623077
3.0 111.0 190.295831258933
3.0 112.0 78.00086018415743
4.0 5.0 14.905380296215395
4.0 6.0 20.109476687985307
4.0 11.0 35.466579755306
4.0 13.0 36.743369616245424
4.0 16.0 39.188901367034696
4.0 18.0 5.10417232765008
4.0 20.0 10.525371201935574
4.0 21.0 16.10776232036633
4.0 23.0 22.444441841692118
4.0 24.0 30.554581405767514
4.0 26.0 43.107479483325434
4.0 27.0 49.164106120369325
4.0 29.0 63.6419648890881
4.0 30.0 64.47656263714414
4.0 31.0 71.1478207066674
4.0 36.0 95.70400734118331
4.0 39.0 112.2208357133035
4.0 40.0 110.42302287505251
4.0 42.0 39.11676320018806
4.0 43.0 44.19250958579506
4.0 44.0 46.14421589564345
4.0 46.0 59.637031668234656
4.0 47.0 59.592412200640496
4.0 48.0 66.36473223666239
4.0 49.0 46.359747328574166
4.0 50.0 52.90008915446505
4.0 51.0 53.62262014398823
4.0 52.0 60.23057313640283
4.0 53.0 67.1492102103949
4.0 54.0 73.92221479732854
4.0 57.0 127.2706672396621
4.0 59.0 134.2023551778246
4.0 61.0 141.80209742167273
4.0 62.0 152.62731966504703
4.0 63.0 148.60706212990988
4.0 65.0 52.680574932504975
4.0 66.0 59.88422610519635
4.0 67.0 68.17622415647324
4.0 68.0 75.78382362327282
4.0 69.0 83.37725664807763
4.0 70.0 67.3418761431402
4.0 73.0 78.5502933489408
4.0 74.0 84.96584661303518
4.0 75.0 85.96049351841228
4.0 76.0 92.62592562938815
4.0 78.0 100.65172229804396
4.0 79.0 108.27099704380318
4.0 80.0 101.05198338715996
4.0 81.0 101.6076083594485
4.0 82.0 44.034254719576
4.0 83.0 42.56254387985421
4.0 84.0 83.61850137418907
4.0 86.0 95.87190758801489
4.0 87.0 94.9845748170782
4.0 88.0 130.90734064135324
4.0 89.0 134.84425325839027
4.0 90.0 99.22868413514351
4.0 91.0 101.42623354305428
4.0 92.0 49.97304607537595
4.0 94.0 45.43387152924517
4.0 95.0 52.7825651655327
4.0 96.0 49.10819056825444
4.0 97.0 60.64199168896336
4.0 98.0 164.02537096221812
4.0 100.0 89.0947644224351
4.0 101.0 63.54140200241813
4.0 102.0 63.56084100141314
4.0 104.0 78.12546195603952
4.0 105.0 78.40265419421625
4.0 107.0 108.09513767090415
4.0 109.0 170.9991325696354
4.0 110.0 177.34736154352868
4.0 111.0 180.41306707176497
4.0 112.0 87.88362436075231
5.0 6.0 5.20409639192766
5.0 11.0 20.56119945890172
5.0 13.0 21.83798932047921
5.0 16.0 24.283521070821696
5.0 18.0 20.009552623747677
5.0 20.0 25.430751498184804
5.0 21.0 31.01314261678329
5.0 23.0 37.349822137872806
5.0 24.0 45.459961702164264
5.0 26.0 58.012859779669284
5.0 27.0 64.06948641674231
5.0 29.0 78.54734518484646
5.0 30.0 79.38194293311749
5.0 31.0 86.05320100427244
5.0 36.0 110.60938763780283
5.0 39.0 127.12621600766353
5.0 40.0 125.32840317387738
5.0 42.0 24.211382903965955
5.0 43.0 29.287129289493866
5.0 44.0 31.23883559994275
5.0 46.0 44.73165137120103
5.0 47.0 44.687031904402076
5.0 48.0 51.459351939997674
5.0 49.0 31.454367033357975
5.0 50.0 37.994708858256644
5.0 51.0 38.717239847983706
5.0 52.0 45.32519284019101
5.0 53.0 52.243829915267675
5.0 54.0 59.01683450072299
5.0 57.0 142.1760475367489
5.0 59.0 149.1077354708732
5.0 61.0 156.70747771095233
5.0 62.0 167.5326999467207
5.0 63.0 163.51244243203448
5.0 65.0 37.775194636351124
5.0 66.0 44.97884580775793
5.0 67.0 53.2708438597047
5.0 68.0 60.87844332709654
5.0 69.0 68.4718763491595
5.0 70.0 52.43649584721944
5.0 73.0 93.45567364487093
5.0 74.0 99.87122690979419
5.0 75.0 100.86587381525368
5.0 76.0 107.53130592817698
5.0 78.0 115.55710259455617
5.0 79.0 123.176377341552
5.0 80.0 115.95736368102797
5.0 81.0 116.51298865389819
5.0 82.0 29.128874423454736
5.0 83.0 27.65716358334542
5.0 84.0 98.52388166997079
5.0 86.0 110.7772878837041
5.0 87.0 109.88995511405102
5.0 88.0 145.81272093686744
5.0 89.0 149.74963355275938
5.0 90.0 114.13406443158478
5.0 91.0 116.3316138387617
5.0 92.0 35.06766577895209
5.0 94.0 30.52849123305609
5.0 95.0 37.87718487098145
5.0 96.0 34.20281027136388
5.0 97.0 45.73661139494686
5.0 98.0 178.9307512299101
5.0 100.0 74.18938412597112
5.0 101.0 48.6360217064091
5.0 102.0 48.655460705042586
5.0 104.0 63.22008165982058
5.0 105.0 63.497273897965435
5.0 107.0 123.0005179618343
5.0 109.0 185.90451286895876
5.0 110.0 192.25274179359133
5.0 111.0 195.31844737180907
5.0 112.0 72.97824406508734
6.0 11.0 15.357103067135142
6.0 13.0 16.633892928528887
6.0 16.0 19.079424678917537
6.0 18.0 25.213649015522982
6.0 20.0 30.634847890158934
6.0 21.0 36.21723900855549
6.0 23.0 42.55391852966078
6.0 24.0 50.66405809385718
6.0 26.0 63.216956171389526
6.0 27.0 69.273582808014
6.0 29.0 83.75144157736327
6.0 30.0 84.58603932513819
6.0 31.0 91.25729739359095
6.0 36.0 115.81348403027238
6.0 39.0 132.33031240027174
6.0 40.0 130.53249956571432
6.0 42.0 19.007286512431943
6.0 43.0 24.083032898032194
6.0 44.0 26.034739207775363
6.0 46.0 39.52755497922574
6.0 47.0 39.48293551245383
6.0 48.0 46.255255548253494
6.0 49.0 26.25027064094025
6.0 50.0 32.79061246594301
6.0 51.0 33.51314345583295
6.0 52.0 40.121096447737635
6.0 53.0 47.039733522419525
6.0 54.0 53.81273810889912
6.0 57.0 147.38014392783012
6.0 59.0 154.31183186461493
6.0 61.0 161.91157410278407
6.0 62.0 172.73679634977822
6.0 63.0 168.71653881131294
6.0 65.0 32.57109824449287
6.0 66.0 39.774749416102864
6.0 67.0 48.06674746757362
6.0 68.0 55.67434693576828
6.0 69.0 63.26777995550781
6.0 70.0 47.23239945498245
6.0 73.0 98.6597700361275
6.0 74.0 105.07532330150894
6.0 75.0 106.06997020745081
6.0 76.0 112.73540232521484
6.0 78.0 120.76119898801295
6.0 79.0 128.38047373290084
6.0 80.0 121.16146007997673
6.0 81.0 121.71708504910389
6.0 82.0 23.924778031423518
6.0 83.0 22.453067191263692
6.0 84.0 103.72797806185599
6.0 86.0 115.98138427538956
6.0 87.0 115.09405150549773
6.0 88.0 151.01681732945167
6.0 89.0 154.95372994491902
6.0 90.0 119.33816082716436
6.0 91.0 121.53571023052244
6.0 92.0 29.863569387122098
6.0 94.0 25.324394841189534
6.0 95.0 32.67308847602267
6.0 96.0 28.998713879654154
6.0 97.0 40.53251500426123
6.0 98.0 184.13484763755565
6.0 100.0 68.98528773352932
6.0 101.0 43.43192531474761
6.0 102.0 43.451364313046774
6.0 104.0 58.01598526762553
6.0 105.0 58.29317750572049
6.0 107.0 128.20461436084827
6.0 109.0 191.1086092472691
6.0 110.0 197.45683823500482
6.0 111.0 200.5225437638362
6.0 112.0 67.77414767364748
11.0 13.0 12.815571733887008
11.0 16.0 15.261103484605322
11.0 18.0 40.57075208272733
11.0 20.0 45.99195095715527
11.0 21.0 51.5743420754872
11.0 23.0 57.91102159659174
11.0 24.0 66.02116116075383
11.0 26.0 78.5740592384499
11.0 27.0 84.630685876271
11.0 29.0 99.10854464482762
11.0 30.0 99.94314239194718
11.0 31.0 106.61440046257107
11.0 36.0 131.17058709877193
11.0 39.0 147.6874154683555
11.0 40.0 145.8896026302494
11.0 42.0 23.644086445772544
11.0 43.0 28.71983283038564
11.0 44.0 30.671539141049415
11.0 46.0 44.16435491316131
11.0 47.0 44.11973544633316
11.0 48.0 50.892055481368594
11.0 49.0 30.887070574107693
11.0 50.0 37.42741239900407
11.0 51.0 38.14994338879822
11.0 52.0 44.75789638103703
11.0 53.0 51.676533456210706
11.0 54.0 58.44953804243133
11.0 57.0 162.73724699453206
11.0 59.0 169.66893492951
11.0 61.0 177.26867716814093
11.0 62.0 188.0938994037329
11.0 63.0 184.07364187562473
11.0 65.0 37.2078981774217
11.0 66.0 44.41154934998862
11.0 67.0 52.703547400738515
11.0 68.0 60.31114686854838
11.0 69.0 67.90457989092337
11.0 70.0 51.86919938752595
11.0 73.0 114.0168731034454
11.0 74.0 120.4324263683731
11.0 75.0 121.42707327424449
11.0 76.0 128.0925053883089
11.0 78.0 136.1183020561161
11.0 79.0 143.73757680064014
11.0 80.0 136.51856314272834
11.0 81.0 137.07418811966093
11.0 82.0 20.106456837192493
11.0 83.0 18.634745997470777
11.0 84.0 119.08508112957317
11.0 86.0 131.33848734235158
11.0 87.0 130.45115457251856
11.0 88.0 166.37392039464544
11.0 89.0 170.31083301172606
11.0 90.0 134.6952638921377
11.0 91.0 136.8928133010251
11.0 92.0 26.045248193048394
11.0 94.0 21.50607364681302
11.0 95.0 28.85476728240532
11.0 96.0 25.18039268647421
11.0 97.0 36.71419380720869
11.0 98.0 199.4919506989964
11.0 100.0 73.6220876676158
11.0 101.0 48.0687252478977
11.0 102.0 48.088164246152424
11.0 104.0 62.65278520085756
11.0 105.0 62.92997743849155
11.0 107.0 143.56171743178652
11.0 109.0 206.4657123216279
11.0 110.0 212.81394124013576
11.0 111.0 215.87964681094667
11.0 112.0 72.41094760608068
13.0 16.0 11.293186477973787
13.0 18.0 41.847541943786354
13.0 20.0 47.268740818127284
13.0 21.0 52.851131936781364
13.0 23.0 59.187811457971975
13.0 24.0 67.29795102147888
13.0 26.0 79.85084909928997
13.0 27.0 85.90747573619464
13.0 29.0 100.38533450389028
13.0 30.0 101.21993225294068
13.0 31.0 107.89119032349171
13.0 36.0 132.44737695828348
13.0 39.0 148.9642053283789
13.0 40.0 147.1663924911893
13.0 42.0 24.92087630590266
13.0 43.0 29.99662269197121
13.0 44.0 31.948329001837415
13.0 46.0 45.441144773499246
13.0 47.0 45.39652530713582
13.0 48.0 52.168845342357905
13.0 49.0 32.163860435331785
13.0 50.0 38.704202260277846
13.0 51.0 39.4267332499278
13.0 52.0 46.034686241982214
13.0 53.0 52.9533233168298
13.0 54.0 59.72632790342372
13.0 57.0 164.01403685621102
13.0 59.0 170.94572479393187
13.0 61.0 178.54546703132138
13.0 62.0 189.3706892643596
13.0 63.0 185.35043174511077
13.0 65.0 38.48468803940999
13.0 66.0 45.688339211290455
13.0 67.0 53.98033726178418
13.0 68.0 61.587936729356805
13.0 69.0 69.18136975347059
13.0 70.0 53.14598924895756
13.0 73.0 115.29366296545338
13.0 74.0 121.709216229285
13.0 75.0 122.7038631353264
13.0 76.0 129.3692952516791
13.0 78.0 137.3950919182809
13.0 79.0 145.0143666606625
13.0 80.0 137.79535300406255
13.0 81.0 138.3509779805932
13.0 82.0 16.138539830549405
13.0 83.0 14.666828990873999
13.0 84.0 120.36187099087304
13.0 86.0 132.61527720318617
13.0 87.0 131.7279444335357
13.0 88.0 167.650710255849
13.0 89.0 171.5876228728282
13.0 90.0 135.97205375332666
13.0 91.0 138.16960316013376
13.0 92.0 22.077331186428097
13.0 94.0 17.53815664025583
13.0 95.0 24.886850276435815
13.0 96.0 21.212475678506273
13.0 97.0 32.74627680050704
13.0 98.0 200.7687405516641
13.0 100.0 74.89887752873526
13.0 101.0 49.345515108630835
13.0 102.0 49.3649541074448
13.0 104.0 63.92957506171683
13.0 105.0 64.20676730007327
13.0 107.0 144.83850729075607
13.0 109.0 207.7425021781153
13.0 110.0 214.0907311154579
13.0 111.0 217.15643668587194
13.0 112.0 73.68773746759948
16.0 18.0 44.293073694527244
16.0 20.0 49.71427256887138
16.0 21.0 55.296663687630925
16.0 23.0 61.63334320890266
16.0 24.0 69.74348277203848
16.0 26.0 82.29638085013528
16.0 27.0 88.35300748752505
16.0 29.0 102.8308662560924
16.0 30.0 103.66546400364837
16.0 31.0 110.3367220731185
16.0 36.0 134.8929087106822
16.0 39.0 151.40973708071834
16.0 40.0 149.61192424156695
16.0 42.0 27.366408057503413
16.0 43.0 32.44215444286384
16.0 44.0 34.39386075388647
16.0 46.0 47.8866765259987
16.0 47.0 47.84205705712588
16.0 48.0 54.61437709357843
16.0 49.0 34.60939218558085
16.0 50.0 41.14973401052675
16.0 51.0 41.872265000711316
16.0 52.0 48.48021799361874
16.0 53.0 55.39885506810286
16.0 54.0 62.17185965411288
16.0 57.0 166.45956860628934
16.0 59.0 173.39125654045066
16.0 61.0 180.99099877938224
16.0 62.0 191.8162210042999
16.0 63.0 187.79596349474602
16.0 65.0 40.93021978832753
16.0 66.0 48.13387096363792
16.0 67.0 56.42586901191622
16.0 68.0 64.03346847975463
16.0 69.0 71.62690150283456
16.0 70.0 55.591520999426336
16.0 73.0 117.7391947151707
16.0 74.0 124.1547479803974
16.0 75.0 125.14939488600564
16.0 76.0 131.81482700057052
16.0 78.0 139.84062366745408
16.0 79.0 147.45989841145806
16.0 80.0 140.2408847554408
16.0 81.0 140.79650973310368
16.0 82.0 14.109703986241826
16.0 83.0 12.637993146595015
16.0 84.0 122.80740274071381
16.0 86.0 135.06080895413936
16.0 87.0 134.17347618434917
16.0 88.0 170.09624200661864
16.0 89.0 174.0331546228453
16.0 90.0 138.4175855040421
16.0 91.0 140.61513491129665
16.0 92.0 20.04849534209182
16.0 94.0 13.509320795968248
16.0 95.0 20.858014432099953
16.0 96.0 17.183639834952913
16.0 97.0 28.717440956090776
16.0 98.0 203.2142723035223
16.0 100.0 77.34440927917834
16.0 101.0 51.79104685888964
16.0 102.0 51.81048585773839
16.0 104.0 66.37510681288637
16.0 105.0 66.65229905056904
16.0 107.0 147.28403904289104
16.0 109.0 210.1880339276354
16.0 110.0 216.53626287938079
16.0 111.0 219.60196841753435
16.0 112.0 76.13326921878416
18.0 20.0 5.421198874364279
18.0 21.0 11.003589993329843
18.0 23.0 17.340269514128643
18.0 24.0 25.450409078132118
18.0 26.0 38.003307156125544
18.0 27.0 44.059933793027454
18.0 29.0 58.53779256150963
18.0 30.0 59.37239030872031
18.0 31.0 66.0436483802323
18.0 36.0 90.59983501536436
18.0 39.0 107.1166633851812
18.0 40.0 105.31885054651153
18.0 42.0 44.22093552825659
18.0 43.0 49.29668191348471
18.0 44.0 51.24838822342339
18.0 46.0 64.7412039953915
18.0 47.0 64.69658452860318
18.0 48.0 71.46890456379188
18.0 49.0 51.463919656189226
18.0 50.0 58.00426148158476
18.0 51.0 58.72679247181263
18.0 52.0 65.33474546294562
18.0 53.0 72.253382538075
18.0 54.0 79.0263871248047
18.0 57.0 122.16649491473461
18.0 59.0 129.0981828515661
18.0 61.0 136.6979250873179
18.0 62.0 147.52314732900362
18.0 63.0 143.50288980692733
18.0 65.0 57.7847472603764
18.0 66.0 64.98839843269485
18.0 67.0 73.28039648329289
18.0 68.0 80.88799595091416
18.0 69.0 88.48142897405292
18.0 70.0 72.44604847066125
18.0 73.0 73.44612102081993
18.0 74.0 79.86167428609257
18.0 75.0 80.85632119155855
18.0 76.0 87.52175330691799
18.0 78.0 95.54754997340726
18.0 79.0 103.16682471471158
18.0 80.0 95.94781105959295
18.0 81.0 96.50343603472982
18.0 82.0 49.13842704707566
18.0 83.0 47.66671620747549
18.0 84.0 78.51432904682667
18.0 86.0 90.76773525908028
18.0 87.0 89.88040248986523
18.0 88.0 125.8031683137231
18.0 89.0 129.74008093024517
18.0 90.0 94.12451180999685
18.0 91.0 96.32206121797236
18.0 92.0 55.07721840297049
18.0 94.0 50.53804385671955
18.0 95.0 57.88673749343312
18.0 96.0 54.21236289613861
18.0 97.0 65.7461640169304
18.0 98.0 158.92119863257852
18.0 100.0 94.19893674998697
18.0 101.0 68.64557433062853
18.0 102.0 68.66501332926688
18.0 104.0 83.22963428394436
18.0 105.0 83.5068265216458
18.0 107.0 102.99096534202206
18.0 109.0 165.8949602160927
18.0 110.0 172.24318921220163
18.0 111.0 175.30889474511537
18.0 112.0 92.98779668812568
20.0 21.0 5.5823911184286725
20.0 23.0 11.919070639752352
20.0 24.0 20.029210203773722
20.0 26.0 32.58210828127752
20.0 27.0 38.6387349185198
20.0 29.0 53.116593687097435
20.0 30.0 53.951191434803164
20.0 31.0 60.62244950591375
20.0 36.0 85.17863613973745
20.0 39.0 101.69546451089964
20.0 40.0 99.89765167443848
20.0 42.0 49.64213440213071
20.0 43.0 54.71788078754392
20.0 44.0 56.66958709796968
20.0 46.0 70.16240286972817
20.0 47.0 70.11778340314464
20.0 48.0 76.89010343838534
20.0 49.0 56.885118531181504
20.0 50.0 63.425460355917835
20.0 51.0 64.14799134576434
20.0 52.0 70.75594433788372
20.0 53.0 77.67458141235144
20.0 54.0 84.44758599889467
20.0 57.0 116.74529604049319
20.0 59.0 123.67698397722569
20.0 61.0 131.27672621617018
20.0 62.0 142.10194845506055
20.0 63.0 138.08169092975805
20.0 65.0 63.20594613428844
20.0 66.0 70.40959730725204
20.0 67.0 78.70159535750011
20.0 68.0 86.30919482526521
20.0 69.0 93.90262784807925
20.0 70.0 77.86724734506133
20.0 73.0 68.02492214677278
20.0 74.0 74.44047541179499
20.0 75.0 75.43512231753868
20.0 76.0 82.10055443033691
20.0 78.0 90.12635109769883
20.0 79.0 97.74562584200093
20.0 80.0 90.52661218672175
20.0 81.0 91.08223716536446
20.0 82.0 54.55962592141326
20.0 83.0 53.087915081780714
20.0 84.0 73.0931301724084
20.0 86.0 85.34653638594
20.0 87.0 84.45920361543295
20.0 88.0 120.38196943817829
20.0 89.0 124.3188820574675
20.0 90.0 88.70331293466504
20.0 91.0 90.90086234234113
20.0 92.0 60.498417277437795
20.0 94.0 55.95924273108275
20.0 95.0 63.30793636744575
20.0 96.0 59.63356177029239
20.0 97.0 71.16736289074383
20.0 98.0 153.4999997543534
20.0 100.0 99.62013562437741
20.0 101.0 74.06677320448641
20.0 102.0 74.08621220327913
20.0 104.0 88.65083315740854
20.0 105.0 88.92802539572824
20.0 107.0 97.5697664732633
20.0 109.0 160.47376137197094
20.0 110.0 166.82199030459734
20.0 111.0 169.88769583777642
20.0 112.0 98.40899556285183
21.0 23.0 6.336679521063556
21.0 24.0 14.446819085373562
21.0 26.0 26.999717162910457
21.0 27.0 33.0563438000756
21.0 29.0 47.53420256928089
21.0 30.0 48.368800316839575
21.0 31.0 55.04005838637272
21.0 36.0 79.5962450204826
21.0 39.0 96.1130733919917
21.0 40.0 94.3152605561393
21.0 42.0 55.22452552049552
21.0 43.0 60.300271906216494
21.0 44.0 62.25197821642283
21.0 46.0 75.74479398836198
21.0 47.0 75.70017452121412
21.0 48.0 82.47249455693029
21.0 49.0 62.46750964982736
21.0 50.0 69.00785147471922
21.0 51.0 69.73038246430983
21.0 52.0 76.33833545661246
21.0 53.0 83.25697253152589
21.0 54.0 90.02997711768433
21.0 57.0 111.16290491977838
21.0 59.0 118.09459285703493
21.0 61.0 125.69433508935026
21.0 62.0 136.51955732739358
21.0 63.0 132.49929981274744
21.0 65.0 68.78833725287787
21.0 66.0 75.9919884258668
21.0 67.0 84.28398647627239
21.0 68.0 91.89158594358042
21.0 69.0 99.48501896680467
21.0 70.0 83.44963846360197
21.0 73.0 62.44253102823881
21.0 74.0 68.85808429306786
21.0 75.0 69.85273119941338
21.0 76.0 76.51816331428668
21.0 78.0 84.54395997997545
21.0 79.0 92.16323472291961
21.0 80.0 84.94422106478815
21.0 81.0 85.49984604412025
21.0 82.0 60.1420170398239
21.0 83.0 58.67030620028996
21.0 84.0 67.51073905384696
21.0 86.0 79.76414526652786
21.0 87.0 78.87681249667087
21.0 88.0 114.79957832193965
21.0 89.0 118.73649093868596
21.0 90.0 83.12092181555741
21.0 91.0 85.3184712247585
21.0 92.0 66.08080839591446
21.0 94.0 61.541633849459444
21.0 95.0 68.8903274856209
21.0 96.0 65.21595288854458
21.0 97.0 76.74975400936515
21.0 98.0 147.91760863403783
21.0 100.0 105.20252674253915
21.0 101.0 79.64916432316882
21.0 102.0 79.66860332159696
21.0 104.0 94.23322427605152
21.0 105.0 94.51041651468938
21.0 107.0 91.98737535254935
21.0 109.0 154.8913702791287
21.0 110.0 161.2395991819067
21.0 111.0 164.3053047407374
21.0 112.0 103.99138668162342
23.0 24.0 8.110139564061697
23.0 26.0 20.66303764161532
23.0 27.0 26.719664278752646
23.0 29.0 41.19752304793721
23.0 30.0 42.03212079540069
23.0 31.0 48.703378866388626
23.0 36.0 73.2595655038269
23.0 39.0 89.77639386931887
23.0 40.0 87.97858103448749
23.0 42.0 61.56120504231859
23.0 43.0 66.63695142727302
23.0 44.0 68.58865773771619
23.0 46.0 82.0814735088299
23.0 47.0 82.03685404246345
23.0 48.0 88.80917407782391
23.0 49.0 68.80418917059936
23.0 50.0 75.3445309957778
23.0 51.0 76.06706198592765
23.0 52.0 82.6750149779875
23.0 53.0 89.59365205238379
23.0 54.0 96.36665663872022
23.0 57.0 104.82622539681046
23.0 59.0 111.75791333515303
23.0 61.0 119.35765557424676
23.0 62.0 130.18287781394784
23.0 63.0 126.16262028368756
23.0 65.0 75.12501677388776
23.0 66.0 82.32866794692227
23.0 67.0 90.6206659973512
23.0 68.0 98.22826546440427
23.0 69.0 105.82169848799992
23.0 70.0 89.78631798505788
23.0 73.0 56.105851506794224
23.0 74.0 62.521404772296535
23.0 75.0 63.51605167784325
23.0 76.0 70.18148379166662
23.0 78.0 78.20728045840534
23.0 79.0 85.82655520139342
23.0 80.0 78.60754154618712
23.0 81.0 79.16316651898391
23.0 82.0 66.47869656093886
23.0 83.0 65.00698572144215
23.0 84.0 61.174059532732386
23.0 86.0 73.42746574570486
23.0 87.0 72.54013297592074
23.0 88.0 108.4628987999207
23.0 89.0 112.39981141492646
23.0 90.0 76.7842422969051
23.0 91.0 78.98179170238906
23.0 92.0 72.41748791723222
23.0 94.0 67.87831337105186
23.0 95.0 75.22700700679773
23.0 96.0 71.55263241002804
23.0 97.0 83.08643353047871
23.0 98.0 141.58092913289227
23.0 100.0 111.53920626430309
23.0 101.0 85.98584384441807
23.0 102.0 86.00528284273639
23.0 104.0 100.56990379718243
23.0 105.0 100.84709603585723
23.0 107.0 85.65069583303958
23.0 109.0 148.55469074184566
23.0 110.0 154.9029196661469
23.0 111.0 157.96862520025903
23.0 112.0 110.3280662032327
24.0 26.0 12.552898077621698
24.0 27.0 18.609524714724436
24.0 29.0 33.087383483556394
24.0 30.0 33.9219812317411
24.0 31.0 40.593239303000175
24.0 36.0 65.14942593874798
24.0 39.0 81.66625430979575
24.0 40.0 79.868441471908
24.0 42.0 69.67134460562173
24.0 43.0 74.74709099109576
24.0 44.0 76.69879730152431
24.0 46.0 90.1916130728799
24.0 47.0 90.14699360613817
24.0 48.0 96.91931364163005
24.0 49.0 76.91432873472758
24.0 50.0 83.45467055985267
24.0 51.0 84.1772015491498
24.0 52.0 90.7851545416241
24.0 53.0 97.70379161632886
24.0 54.0 104.47679620208102
24.0 57.0 96.71608583732652
24.0 59.0 103.64777376949226
24.0 61.0 111.24751600534097
24.0 62.0 122.07273824190588
24.0 63.0 118.05248073015096
24.0 65.0 83.23515633813247
24.0 66.0 90.43880751105173
24.0 67.0 98.73080556147363
24.0 68.0 106.33840502863103
24.0 69.0 113.93183805225328
24.0 70.0 97.89645754911594
24.0 73.0 47.99571194302308
24.0 74.0 54.41126520776784
24.0 75.0 55.40591211393993
24.0 76.0 62.071344227447184
24.0 78.0 70.0971408955809
24.0 79.0 77.716415641311
24.0 80.0 70.4974019831507
24.0 81.0 71.05302695956112
24.0 82.0 74.58883612459185
24.0 83.0 73.11712528518947
24.0 84.0 53.063919968639894
24.0 86.0 65.31732618180456
24.0 87.0 64.4299934122285
24.0 88.0 100.35275923623456
24.0 89.0 104.28967185258446
24.0 90.0 68.67410273172595
24.0 91.0 70.87165214126114
24.0 92.0 80.52762748082456
24.0 94.0 75.98845293446199
24.0 95.0 83.33714657064982
24.0 96.0 79.66277197494955
24.0 97.0 91.19657309547456
24.0 98.0 133.47078956189006
24.0 100.0 119.64934582765454
24.0 101.0 94.09598340843449
24.0 102.0 94.1154224067095
24.0 104.0 108.68004336127817
24.0 105.0 108.95723559942131
24.0 107.0 77.54055626676623
24.0 109.0 140.44455115391187
24.0 110.0 146.79278009995892
24.0 111.0 149.85848563578446
24.0 112.0 118.4382057661654
26.0 27.0 6.056626637080304
26.0 29.0 20.53448540615686
26.0 30.0 21.369083153975367
26.0 31.0 28.040341225686845
26.0 36.0 52.59652786058844
26.0 39.0 69.11335622827542
26.0 40.0 67.31554339479936
26.0 42.0 82.22424268320705
26.0 43.0 87.29998906909512
26.0 44.0 89.25169537908286
26.0 46.0 102.74451114984151
26.0 47.0 102.69989168402552
26.0 48.0 109.47221171957176
26.0 49.0 89.46722681120848
26.0 50.0 96.00756863785466
26.0 51.0 96.7300996266911
26.0 52.0 103.33805261905292
26.0 53.0 110.2566896938416
26.0 54.0 117.02969428002362
26.0 57.0 84.1631877606969
26.0 59.0 91.0948756959512
26.0 61.0 98.69461793755146
26.0 62.0 109.51984018313419
26.0 63.0 105.49958264414258
26.0 65.0 95.78805441580481
26.0 66.0 102.99170558930481
26.0 67.0 111.28370363889303
26.0 68.0 118.89130310631526
26.0 69.0 126.48473612941496
26.0 70.0 110.44935562638273
26.0 73.0 35.442813865410734
26.0 74.0 41.858367130512946
26.0 75.0 42.85301403663745
26.0 76.0 49.518446150385316
26.0 78.0 57.54424281769815
26.0 79.0 65.16351756122789
26.0 80.0 57.94450390467297
26.0 81.0 58.50012888040857
26.0 82.0 87.141734202275
26.0 83.0 85.67002336227526
26.0 84.0 40.511021891099986
26.0 86.0 52.76442810485891
26.0 87.0 51.87709533483353
26.0 88.0 87.79986115846782
26.0 89.0 91.7367737769794
26.0 90.0 56.12120465351518
26.0 91.0 58.318754062838565
26.0 92.0 93.080525559024
26.0 94.0 88.54135101292349
26.0 95.0 95.89004464830069
26.0 96.0 92.2156700513433
26.0 97.0 103.7494711725029
26.0 98.0 120.91789146965996
26.0 100.0 132.20224390532667
26.0 101.0 106.64888148537233
26.0 102.0 106.66832048409015
26.0 104.0 121.23294143861199
26.0 105.0 121.51013367709312
26.0 107.0 64.98765819155757
26.0 109.0 127.89165308089363
26.0 110.0 134.23988203049353
26.0 111.0 137.30558759596354
26.0 112.0 130.99110384378588
27.0 29.0 14.477858768972185
27.0 30.0 15.31245651685419
27.0 31.0 21.983714588584462
27.0 36.0 46.539901224570606
27.0 39.0 63.056729594075605
27.0 40.0 61.258916757551276
27.0 42.0 88.28086932020577
27.0 43.0 93.35661570619061
27.0 44.0 95.30832201622832
27.0 46.0 108.80113778926712
27.0 47.0 108.75651832156814
27.0 48.0 115.52883835605762
27.0 49.0 95.52385344935288
27.0 50.0 102.06419527323028
27.0 51.0 102.7867262646669
27.0 52.0 109.39467925566404
27.0 53.0 116.31331633089084
27.0 54.0 123.08632091771736
27.0 57.0 78.10656112170292
27.0 59.0 85.03824905999909
27.0 61.0 92.63799129845594
27.0 62.0 103.46321353923457
27.0 63.0 99.44295600783549
27.0 65.0 101.84468105270065
27.0 66.0 109.0483322253537
27.0 67.0 117.3403302755452
27.0 68.0 124.94792974333308
27.0 69.0 132.541362766242
27.0 70.0 116.50598226360074
27.0 73.0 29.38618722837727
27.0 74.0 35.80174049346362
27.0 75.0 36.796387399228394
27.0 76.0 43.4618195151142
27.0 78.0 51.48761618049211
27.0 79.0 59.106890924978366
27.0 80.0 51.88787726857518
27.0 81.0 52.4435022451776
27.0 82.0 93.19836083856134
27.0 83.0 91.72665000175846
27.0 84.0 34.45439525399198
27.0 86.0 46.70780146695711
27.0 87.0 45.82046869707155
27.0 88.0 81.74323452217254
27.0 89.0 85.68014714085344
27.0 90.0 50.064578019200155
27.0 91.0 52.26212742707307
27.0 92.0 99.13715219420588
27.0 94.0 94.59797764847346
27.0 95.0 101.94667128549946
27.0 96.0 98.27229668823372
27.0 97.0 109.80609780931273
27.0 98.0 114.86126481303597
27.0 100.0 138.25887054233846
27.0 101.0 112.70550812245878
27.0 102.0 112.72494712220363
27.0 104.0 127.2895680762251
27.0 105.0 127.56676031350932
27.0 107.0 58.93103155626751
27.0 109.0 121.83502645406895
27.0 110.0 128.18325536794978
27.0 111.0 131.2489609367508
27.0 112.0 137.04773048158205
29.0 30.0 14.04592543843708
29.0 31.0 7.50585581942295
29.0 36.0 32.06204245588947
29.0 39.0 48.57887082442489
29.0 40.0 46.781057986861114
29.0 42.0 102.7587280897406
29.0 43.0 107.834474474721
29.0 44.0 109.78618078521181
29.0 46.0 123.27899655636826
29.0 47.0 123.23437708972493
29.0 48.0 130.00669712520576
29.0 49.0 110.00171221763631
29.0 50.0 116.54205404175872
29.0 51.0 117.2645850316851
29.0 52.0 123.87253802487731
29.0 53.0 130.7911750998282
29.0 54.0 137.56417968588843
29.0 57.0 63.62870235317917
29.0 59.0 70.56039028688612
29.0 61.0 78.16013252990368
29.0 62.0 88.98535475685308
29.0 63.0 84.96509723944507
29.0 65.0 116.3225398213855
29.0 66.0 123.52619099393532
29.0 67.0 131.81818904439305
29.0 68.0 139.4257885118025
29.0 69.0 147.01922153511077
29.0 70.0 130.98384103204089
29.0 73.0 28.119656148977136
29.0 74.0 34.53520941401865
29.0 75.0 35.52985632040944
29.0 76.0 28.983960745929224
29.0 78.0 37.00975741180278
29.0 79.0 44.62903215584078
29.0 80.0 37.41001849964059
29.0 81.0 37.96564347784234
29.0 82.0 107.67621960737547
29.0 83.0 106.20450876868142
29.0 84.0 33.187864174548324
29.0 86.0 45.441270388551075
29.0 87.0 44.55393761812201
29.0 88.0 67.26537575259708
29.0 89.0 71.20228836999254
29.0 90.0 35.586719248652365
29.0 91.0 37.784268656861045
29.0 92.0 113.6150109644683
29.0 94.0 109.07583641833
29.0 95.0 116.42453005421669
29.0 96.0 112.7501554573848
29.0 97.0 124.28395657859906
29.0 98.0 100.38340605396783
29.0 100.0 152.7367293114904
29.0 101.0 127.18336689133946
29.0 102.0 127.20280588897236
29.0 104.0 141.7674268439081
29.0 105.0 142.04461908219824
29.0 107.0 44.4531727880953
29.0 109.0 107.35716767538997
29.0 110.0 113.70539660871722
29.0 111.0 116.77110216026213
29.0 112.0 151.525589249182
30.0 31.0 21.551781257263748
30.0 36.0 46.107967893300085
30.0 39.0 62.624796263716284
30.0 40.0 60.82698342427052
30.0 42.0 103.5933258369111
30.0 43.0 108.66907222261624
30.0 44.0 110.62077853289092
30.0 46.0 124.11359430442302
30.0 47.0 124.0689748377171
30.0 48.0 130.841294873204
30.0 49.0 110.83630996656765
30.0 50.0 117.3766517908627
30.0 51.0 118.09918278016467
30.0 52.0 124.70713577279903
30.0 53.0 131.62577284760485
30.0 54.0 138.39877743377681
30.0 57.0 77.67462779205665
30.0 59.0 84.6063157269777
30.0 61.0 92.2060579605692
30.0 62.0 103.03128019987984
30.0 63.0 99.01102268064082
30.0 65.0 117.15713756916503
30.0 66.0 124.3607887421264
30.0 67.0 132.65278679245915
30.0 68.0 140.2603862601651
30.0 69.0 147.85381928332612
30.0 70.0 131.81843877993808
30.0 73.0 14.07373071148879
30.0 74.0 20.48928397459063
30.0 75.0 21.483930882392322
30.0 76.0 43.02988618286361
30.0 78.0 51.055682849578716
30.0 79.0 58.67495759321494
30.0 80.0 51.455943936383505
30.0 81.0 52.01156891452118
30.0 82.0 108.5108173558672
30.0 83.0 107.03910651533836
30.0 84.0 19.14193873747418
30.0 86.0 31.395344950381176
30.0 87.0 30.50801218035233
30.0 88.0 81.31130119021685
30.0 89.0 85.24821380620776
30.0 90.0 49.63264468704607
30.0 91.0 51.83019409428441
30.0 92.0 114.44960871187837
30.0 94.0 109.91043416619804
30.0 95.0 117.25912780194264
30.0 96.0 113.58475320500762
30.0 97.0 125.11855432585756
30.0 98.0 114.42933147855196
30.0 100.0 153.57132705923445
30.0 101.0 128.01796463900817
30.0 102.0 128.0374036386897
30.0 104.0 142.6020245930844
30.0 105.0 142.87921683058647
30.0 107.0 58.499098224659356
30.0 109.0 121.40309311966837
30.0 110.0 127.75132204305007
30.0 111.0 130.8170275835558
30.0 112.0 152.36018699782466
31.0 36.0 24.556186635445393
31.0 39.0 41.073015004567765
31.0 40.0 39.27520216703295
31.0 42.0 110.2645839076381
31.0 43.0 115.34033029402843
31.0 44.0 117.2920366047482
31.0 46.0 130.78485237567838
31.0 47.0 130.74023290923452
31.0 48.0 137.5125529452382
31.0 49.0 117.50756803556528
31.0 50.0 124.04790986172716
31.0 51.0 124.77044085260201
31.0 52.0 131.3783938439106
31.0 53.0 138.29703091941425
31.0 54.0 145.07003550523527
31.0 57.0 56.12284653237531
31.0 59.0 63.05453446832575
31.0 61.0 70.65427670677079
31.0 62.0 81.47949894793433
31.0 63.0 77.4592414256129
31.0 65.0 123.82839564061781
31.0 66.0 131.03204681375834
31.0 67.0 139.324044864648
31.0 68.0 146.93164433133063
31.0 69.0 154.52507735457678
31.0 70.0 138.48969685124933
31.0 73.0 35.62551196869966
31.0 74.0 42.041065234677276
31.0 75.0 43.03571214052951
31.0 76.0 21.478104926181672
31.0 78.0 29.503901592405825
31.0 79.0 37.123176336756
31.0 80.0 29.904162679827127
31.0 81.0 30.45978765808009
31.0 82.0 115.18207542657342
31.0 83.0 113.71036458815135
31.0 84.0 40.69371999433042
31.0 86.0 52.94712620899047
31.0 87.0 52.0597934386845
31.0 88.0 59.75951993185855
31.0 89.0 63.696432550471656
31.0 90.0 28.080863429097704
31.0 91.0 30.27841283750561
31.0 92.0 121.12086678342816
31.0 94.0 116.5816922369564
31.0 95.0 123.93038587398507
31.0 96.0 120.2560112765489
31.0 97.0 131.7898123979987
31.0 98.0 92.8775502413011
31.0 100.0 160.24258513044174
31.0 101.0 134.68922271010356
31.0 102.0 134.70866171046038
31.0 104.0 149.2732826645416
31.0 105.0 149.55047490391334
31.0 107.0 36.947316967993416
31.0 109.0 99.85131185308849
31.0 110.0 106.19954078881153
31.0 111.0 109.26524634433335
31.0 112.0 159.03144507038184
36.0 39.0 16.516828369446998
36.0 40.0 14.719015532158487
36.0 42.0 134.82077054627007
36.0 43.0 139.8965169291186
36.0 44.0 141.84822323973611
36.0 46.0 155.34103901131164
36.0 47.0 155.2964195448464
36.0 48.0 162.06873957970322
36.0 49.0 142.06375467353536
36.0 50.0 148.60409649682327
36.0 51.0 149.32662748393122
36.0 52.0 155.9345804789997
36.0 53.0 162.85321755362827
36.0 54.0 169.62622214042662
36.0 57.0 31.566659896559777
36.0 59.0 38.49834783218526
36.0 61.0 46.0980900687397
36.0 62.0 56.92331229553929
36.0 63.0 52.903054781114065
36.0 65.0 148.38458227465614
36.0 66.0 155.5882334484896
36.0 67.0 163.88023150018796
36.0 68.0 171.48783096599516
36.0 69.0 179.0812639898087
36.0 70.0 163.0458834874433
36.0 73.0 60.1816986064715
36.0 74.0 66.59725187150605
36.0 75.0 67.59189877523617
36.0 76.0 31.563080755134006
36.0 78.0 39.58887742095001
36.0 79.0 47.208152165023506
36.0 80.0 39.989138508826564
36.0 81.0 40.54476348703832
36.0 82.0 139.73826206529907
36.0 83.0 138.26655122206208
36.0 84.0 65.24990663180793
36.0 86.0 77.50331284679595
36.0 87.0 76.61598007695144
36.0 88.0 35.20333329641775
36.0 89.0 39.14024591308668
36.0 90.0 21.255435732444862
36.0 91.0 23.452985140396393
36.0 92.0 145.6770534138573
36.0 94.0 141.1378788730913
36.0 95.0 148.48657250826767
36.0 96.0 144.812197911429
36.0 97.0 156.345999032542
36.0 98.0 68.32136359033265
36.0 100.0 184.79877176454517
36.0 101.0 159.24540934463266
36.0 102.0 159.26484834272853
36.0 104.0 173.8294692968221
36.0 105.0 174.10666153694146
36.0 107.0 47.03229279708005
36.0 109.0 75.29512520718967
36.0 110.0 81.64335414219805
36.0 111.0 84.70905968435127
36.0 112.0 183.58763170465437
39.0 40.0 14.198472572995858
39.0 42.0 151.33759891127
39.0 43.0 156.41334529864912
39.0 44.0 158.36505160908337
39.0 46.0 171.85786738140257
39.0 47.0 171.81324791479767
39.0 48.0 178.58556794891444
39.0 49.0 158.58058304316359
39.0 50.0 165.1209248670989
39.0 51.0 165.84345585587653
39.0 52.0 172.45140884851247
39.0 53.0 179.37004592328827
39.0 54.0 186.14305050963935
39.0 57.0 31.046116935938656
39.0 59.0 37.977804871898876
39.0 61.0 45.57754710913217
39.0 62.0 56.40276933749587
39.0 63.0 52.382511819916004
39.0 65.0 164.90141064512858
39.0 66.0 172.1050618186835
39.0 67.0 180.3970598682571
39.0 68.0 188.00465933620563
39.0 69.0 195.59809235853032
39.0 70.0 179.56271185601855
39.0 73.0 76.6985269756495
39.0 74.0 83.1140802427125
39.0 75.0 84.10872715054919
39.0 76.0 48.07990912485354
39.0 78.0 56.10570579063636
39.0 79.0 63.7249805349921
39.0 80.0 56.50596687788895
39.0 81.0 57.06159185600959
39.0 82.0 156.25509043533359
39.0 83.0 154.78337959550447
39.0 84.0 81.76673500421754
39.0 86.0 94.02014122058661
39.0 87.0 93.13280844985564
39.0 88.0 34.68279033583552
39.0 89.0 38.6197029529525
39.0 90.0 37.772264099583595
39.0 91.0 39.96981351353378
39.0 92.0 162.19388178598513
39.0 94.0 157.6547072421733
39.0 95.0 165.00340087812964
39.0 96.0 161.32902628106592
39.0 97.0 172.86282740223947
39.0 98.0 67.80082062130039
39.0 100.0 201.31560013450348
39.0 101.0 175.76223771798266
39.0 102.0 175.78167671328515
39.0 104.0 190.3462976658194
39.0 105.0 190.6234899079427
39.0 107.0 63.549121165142566
39.0 109.0 74.77458225801091
39.0 110.0 81.12281117569142
39.0 111.0 84.18851674237216
39.0 112.0 200.10446007463037
40.0 42.0 149.5397860709166
40.0 43.0 154.615532460002
40.0 44.0 156.56723877284122
40.0 46.0 170.06005454378175
40.0 47.0 170.01543507637916
40.0 48.0 176.78775511075233
40.0 49.0 156.78277020355654
40.0 50.0 163.3231120296713
40.0 51.0 164.04564301754735
40.0 52.0 170.6535960114735
40.0 53.0 177.57223308800377
40.0 54.0 184.34523767250434
40.0 57.0 16.84764436451861
40.0 59.0 23.7793323000455
40.0 61.0 31.379074537576464
40.0 62.0 42.20429677346479
40.0 63.0 38.18403924546214
40.0 65.0 163.10359780856558
40.0 66.0 170.3072489813411
40.0 67.0 178.59924703070246
40.0 68.0 186.20684649945213
40.0 69.0 193.80027952377685
40.0 70.0 177.76489901922548
40.0 73.0 74.90071414021202
40.0 74.0 81.31626740955085
40.0 75.0 82.31091431348966
40.0 76.0 46.28209628725361
40.0 78.0 54.30789295313046
40.0 79.0 61.92716769743191
40.0 80.0 54.708154040371454
40.0 81.0 55.26377901731924
40.0 82.0 154.45727759787607
40.0 83.0 152.9855667565413
40.0 84.0 79.96892216497918
40.0 86.0 92.222328380692
40.0 87.0 91.33499561333264
40.0 88.0 20.484317764416822
40.0 89.0 24.421230381342877
40.0 90.0 35.974451263171886
40.0 91.0 38.17200068031572
40.0 92.0 160.39606894899578
40.0 94.0 155.85689440408237
40.0 95.0 163.20558804053167
40.0 96.0 159.53121344350134
40.0 97.0 171.06501456374593
40.0 98.0 53.60234805485913
40.0 100.0 199.51778729756984
40.0 101.0 173.96442487787857
40.0 102.0 173.98386388082366
40.0 104.0 188.54848482913724
40.0 105.0 188.8256770696778
40.0 107.0 61.751308328751
40.0 109.0 60.576109676533065
40.0 110.0 66.92433860638442
40.0 111.0 69.99004416147122
40.0 112.0 198.30664723676557
42.0 43.0 19.71119107470176
42.0 44.0 21.662897384793375
42.0 46.0 35.15571315635909
42.0 47.0 35.11109368965429
42.0 48.0 41.88341372519164
42.0 49.0 7.242984129131607
42.0 50.0 13.783325953943901
42.0 51.0 14.50585694384437
42.0 52.0 21.11380993591031
42.0 53.0 28.032447010705084
42.0 54.0 34.805451596931704
42.0 57.0 166.38743044206325
42.0 59.0 173.3191183788732
42.0 61.0 180.91886061662444
42.0 62.0 191.74408284092806
42.0 63.0 187.7238253289666
42.0 65.0 28.199256421152818
42.0 66.0 35.40290759406531
42.0 67.0 43.69490564466872
42.0 68.0 51.30250511218043
42.0 69.0 58.895938134714314
42.0 70.0 42.86055763215249
42.0 73.0 117.66705654838776
42.0 74.0 124.08260981248876
42.0 75.0 125.07725671907752
42.0 76.0 131.74268883660287
42.0 78.0 139.76848549862444
42.0 79.0 147.38776024435865
42.0 80.0 140.1687465909114
42.0 81.0 140.7243715654661
42.0 82.0 32.21176140879701
42.0 83.0 30.740050569595887
42.0 84.0 122.7352645736544
42.0 86.0 134.98867078724362
42.0 87.0 134.10133801742688
42.0 88.0 170.02410384035784
42.0 89.0 173.9610164553921
42.0 90.0 138.34544733742277
42.0 91.0 140.54299674656
42.0 92.0 38.15055276562892
42.0 94.0 33.61137821890488
42.0 95.0 40.96007185298626
42.0 96.0 37.28569725808088
42.0 97.0 48.819498380477754
42.0 98.0 203.14213413134541
42.0 100.0 64.61344591125174
42.0 101.0 24.42463880260253
42.0 102.0 24.44407780124385
42.0 104.0 39.00869875560358
42.0 105.0 39.2858909939261
42.0 107.0 147.21190087625007
42.0 109.0 210.11589576297288
42.0 110.0 216.46412470105633
42.0 111.0 219.52983027848882
42.0 112.0 48.76686116068422
43.0 44.0 13.387553726390163
43.0 46.0 15.444522082217414
43.0 47.0 15.399902615448527
43.0 48.0 22.172222650537186
43.0 49.0 26.954175203733435
43.0 50.0 33.494517029051536
43.0 51.0 34.21704801841017
43.0 52.0 40.82500101082996
43.0 53.0 47.743638085182866
43.0 54.0 54.51664267181195
43.0 57.0 171.46317682572203
43.0 59.0 178.39486476433945
43.0 61.0 185.99460699888053
43.0 62.0 196.81982923607916
43.0 63.0 192.79957170825423
43.0 65.0 19.9239127626633
43.0 66.0 27.127563935542913
43.0 67.0 35.41956198576978
43.0 68.0 43.027161453162506
43.0 69.0 50.62059447684593
43.0 70.0 23.149366557311215
43.0 73.0 122.74280293414375
43.0 74.0 129.15835619936448
43.0 75.0 130.15300310499748
43.0 76.0 136.81843521981693
43.0 78.0 144.8442318876747
43.0 79.0 152.46350662995155
43.0 80.0 145.2444929725744
43.0 81.0 145.80011795510572
43.0 82.0 37.28750779432801
43.0 83.0 35.81579695503409
43.0 84.0 127.81101096048964
43.0 86.0 140.06441717282337
43.0 87.0 139.17708440303645
43.0 88.0 175.09985022621544
43.0 89.0 179.03676284308608
43.0 90.0 143.4211937236407
43.0 91.0 145.6187431311263
43.0 92.0 43.226299150927304
43.0 94.0 38.687124603650574
43.0 95.0 46.03581824009518
43.0 96.0 42.3614436438077
43.0 97.0 53.895244765157585
43.0 98.0 208.21788051852394
43.0 100.0 56.33810225257717
43.0 101.0 44.13582987684464
43.0 102.0 44.15526887604083
43.0 104.0 58.719889830316546
43.0 105.0 58.99708206813435
43.0 107.0 152.28764725939456
43.0 109.0 215.19164214772434
43.0 110.0 221.53987107595373
43.0 111.0 224.60557663026395
43.0 112.0 68.47805223570911
44.0 46.0 28.832075807161424
44.0 47.0 28.787456341835693
44.0 48.0 35.5597763767805
44.0 49.0 28.905881513413792
44.0 50.0 35.44622333876405
44.0 51.0 36.16875432856277
44.0 52.0 42.77670732099795
44.0 53.0 49.695344395680465
44.0 54.0 56.46834898174018
44.0 57.0 173.41488313481295
44.0 59.0 180.3465710733558
44.0 61.0 187.94631330814315
44.0 62.0 198.77153554362036
44.0 63.0 194.7512780211472
44.0 65.0 6.53635903643194
44.0 66.0 13.740010209270556
44.0 67.0 22.032008259835862
44.0 68.0 29.63960772701274
44.0 69.0 37.2330407503713
44.0 70.0 36.536920283549776
44.0 73.0 124.69450924436131
44.0 74.0 131.11006250920948
44.0 75.0 132.10470941514183
44.0 76.0 138.7701415298883
44.0 78.0 146.79593819587961
44.0 79.0 154.41521293990203
44.0 80.0 147.196199284704
44.0 81.0 147.75182426341883
44.0 82.0 39.23921410597602
44.0 83.0 37.76750326587951
44.0 84.0 129.76271727072228
44.0 86.0 142.01612348309223
44.0 87.0 141.12879071350704
44.0 88.0 177.0515565357974
44.0 89.0 180.98846915251858
44.0 90.0 145.37290003226354
44.0 91.0 147.57044944183917
44.0 92.0 45.1780054620654
44.0 94.0 40.638830915731575
44.0 95.0 47.98752455166874
44.0 96.0 44.31314995454331
44.0 97.0 55.846951070783206
44.0 98.0 210.16958683207667
44.0 100.0 42.95054852615265
44.0 101.0 46.08753618698865
44.0 102.0 46.10697518612394
44.0 104.0 60.671596140624914
44.0 105.0 60.94878837942309
44.0 107.0 154.23935357106456
44.0 109.0 217.14334846251626
44.0 110.0 223.49157738455875
44.0 111.0 226.55728295380794
44.0 112.0 70.42975854590347
46.0 47.0 15.324688157122388
46.0 48.0 6.727700568752466
46.0 49.0 42.39869728540653
46.0 50.0 48.939039110102215
46.0 51.0 49.661570100218285
46.0 52.0 56.26952309252485
46.0 53.0 63.18816016670071
46.0 54.0 69.96116475354161
46.0 57.0 186.90769890666135
46.0 59.0 193.8393868446076
46.0 61.0 201.4391290805109
46.0 62.0 212.2643513160723
46.0 63.0 208.24409379376507
46.0 65.0 35.36843484455325
46.0 66.0 42.57208601724464
46.0 67.0 50.86408406773538
46.0 68.0 58.47168353541821
46.0 69.0 66.06511655831721
46.0 70.0 23.07415209933785
46.0 73.0 138.18732501584634
46.0 74.0 144.60287828040597
46.0 75.0 145.59752518657808
46.0 76.0 152.2629573009844
46.0 78.0 160.288753967266
46.0 79.0 167.9080287123775
46.0 80.0 160.68901505484195
46.0 81.0 161.24464003359958
46.0 82.0 52.73202987657139
46.0 83.0 51.26031903754619
46.0 84.0 143.25553304288104
46.0 86.0 155.50893925468827
46.0 87.0 154.62160648483447
46.0 88.0 190.54437230696414
46.0 89.0 194.48128492457698
46.0 90.0 158.8657158044286
46.0 91.0 161.06326521261775
46.0 92.0 58.6708212322428
46.0 94.0 54.13164668822801
46.0 95.0 61.48034032478607
46.0 96.0 57.80596572691383
46.0 97.0 69.33976684877538
46.0 98.0 223.6624026008397
46.0 100.0 71.78262433462689
46.0 101.0 59.580351958675315
46.0 102.0 59.5997909576224
46.0 104.0 74.1644119124417
46.0 105.0 74.44160415000255
46.0 107.0 167.73216934509986
46.0 109.0 230.6361642232436
46.0 110.0 236.98439316545094
46.0 111.0 240.05009872567547
46.0 112.0 83.92257431719696
47.0 48.0 22.052388725870983
47.0 49.0 42.35407781901395
47.0 50.0 48.89441964415615
47.0 51.0 49.616950633691935
47.0 52.0 56.224903625492985
47.0 53.0 63.14354070060206
47.0 54.0 69.91654528688093
47.0 57.0 186.86307944165873
47.0 59.0 193.7947673765915
47.0 61.0 201.39450961526114
47.0 62.0 212.21973185371004
47.0 63.0 208.19947432680425
47.0 65.0 35.323815378194894
47.0 66.0 42.527466550620446
47.0 67.0 50.81946460102621
47.0 68.0 58.42706406868942
47.0 69.0 66.02049709190496
47.0 70.0 7.749463942205578
47.0 73.0 138.14270554815892
47.0 74.0 144.55825881421504
47.0 75.0 145.55290571992805
47.0 76.0 152.21833783506008
47.0 78.0 160.2441345016058
47.0 79.0 167.86340924700488
47.0 80.0 160.64439558887653
47.0 81.0 161.20002056564172
47.0 82.0 52.68741041043261
47.0 83.0 51.21569957197619
47.0 84.0 143.21091357388428
47.0 86.0 155.4643197879592
47.0 87.0 154.57698701832322
47.0 88.0 190.49975284176406
47.0 89.0 194.43666545702342
47.0 90.0 158.82109633911227
47.0 91.0 161.01864574576095
47.0 92.0 58.62620176515992
47.0 94.0 54.08702721978095
47.0 95.0 61.43572085764961
47.0 96.0 57.76134626169295
47.0 97.0 69.29514738069268
47.0 98.0 223.61778313802267
47.0 100.0 71.73800486780573
47.0 101.0 59.535732492513
47.0 102.0 59.55517149087803
47.0 104.0 74.11979244545273
47.0 105.0 74.39698468262688
47.0 107.0 167.68754987695195
47.0 109.0 230.59154476987328
47.0 110.0 236.93977369454
47.0 111.0 240.00547925961695
47.0 112.0 83.87795485084085
48.0 49.0 49.12639785415573
48.0 50.0 55.666739679021944
48.0 51.0 56.389270669581975
48.0 52.0 62.9972236611851
48.0 53.0 69.91586073599038
48.0 54.0 76.6888653220933
48.0 57.0 193.63539947630292
48.0 59.0 200.56708741254795
48.0 61.0 208.16682964906715
48.0 62.0 218.99205187855574
48.0 63.0 214.9717943629118
48.0 65.0 42.09613541334552
48.0 66.0 49.29978658590258
48.0 67.0 57.591784636548994
48.0 68.0 65.199384103971
48.0 69.0 72.79281712689118
48.0 70.0 29.801852668052106
48.0 73.0 144.915025584454
48.0 74.0 151.3305788494848
48.0 75.0 152.3252257553542
48.0 76.0 158.99065786999904
48.0 78.0 167.0164545373898
48.0 79.0 174.63572928010439
48.0 80.0 167.41671562428854
48.0 81.0 167.97234060121895
48.0 82.0 59.45973044535545
48.0 83.0 57.98801960597724
48.0 84.0 149.98323361155212
48.0 86.0 162.23663982349535
48.0 87.0 161.3493070534755
48.0 88.0 197.2720728764554
48.0 89.0 201.20898549258703
48.0 90.0 165.5934163737533
48.0 91.0 167.79096578173056
48.0 92.0 65.39852180188366
48.0 94.0 60.859347255552116
48.0 95.0 68.20804089463638
48.0 96.0 64.53366629791873
48.0 97.0 76.06746741139442
48.0 98.0 230.39010316875704
48.0 100.0 78.51032490326565
48.0 101.0 66.30805252782292
48.0 102.0 66.32749152589507
48.0 104.0 80.8921124808466
48.0 105.0 81.16930471909826
48.0 107.0 174.4598699119046
48.0 109.0 237.3638647860044
48.0 110.0 243.71209374338173
48.0 111.0 246.77779928369836
48.0 112.0 90.65027488566196
49.0 50.0 6.540341824979271
49.0 51.0 7.262872814615236
49.0 52.0 13.87082580685664
49.0 53.0 20.78946288127052
49.0 54.0 27.562467467937072
49.0 57.0 173.63041456936952
49.0 59.0 180.56210250667093
49.0 61.0 188.16184474734882
49.0 62.0 198.98706697612334
49.0 63.0 194.96680945980964
49.0 65.0 35.44224055124098
49.0 66.0 42.64589172326528
49.0 67.0 50.93788977267842
49.0 68.0 58.54548924130475
49.0 69.0 66.13892226421366
49.0 70.0 50.103541760998944
49.0 73.0 124.91004067685344
49.0 74.0 131.3255939429575
49.0 75.0 132.32024084843184
49.0 76.0 138.98567295840093
49.0 78.0 147.01146962607697
49.0 79.0 154.63074437137107
49.0 80.0 147.4117307119137
49.0 81.0 147.96735569501723
49.0 82.0 39.45474553863336
49.0 83.0 37.98303469863012
49.0 84.0 129.9782487030852
49.0 86.0 142.23165491627725
49.0 87.0 141.3443221465743
49.0 88.0 177.26708797068136
49.0 89.0 181.2040005839183
49.0 90.0 145.5884314665111
49.0 91.0 147.7859808747357
49.0 92.0 45.393536892994035
49.0 94.0 40.854362348069046
49.0 95.0 48.20305598430717
49.0 96.0 44.528681387595775
49.0 97.0 56.06248250889266
49.0 98.0 210.38511826599927
49.0 100.0 71.85643004040797
49.0 101.0 17.181654673392863
49.0 102.0 17.20109367209678
49.0 104.0 31.765714626609515
49.0 105.0 32.04290686487299
49.0 107.0 154.45488500476802
49.0 109.0 217.3588798907056
49.0 110.0 223.70710885879072
49.0 111.0 226.7728143737865
49.0 112.0 41.52387703190905
50.0 51.0 13.803214640212705
50.0 52.0 7.330483982069855
50.0 53.0 14.249121056680341
50.0 54.0 21.02212564307008
50.0 57.0 180.17075639488368
50.0 59.0 187.1024443297406
50.0 61.0 194.7021865707759
50.0 62.0 205.52740880739674
50.0 63.0 201.5071512770233
50.0 65.0 41.982582374896836
50.0 66.0 49.18623354820811
50.0 67.0 57.47823159777983
50.0 68.0 65.08583106579705
50.0 69.0 72.67926408984572
50.0 70.0 56.643883586303964
50.0 73.0 131.4503825010973
50.0 74.0 137.8659357681638
50.0 75.0 138.8605826729808
50.0 76.0 145.52601479043506
50.0 78.0 153.55181145455083
50.0 79.0 161.17108620030695
50.0 80.0 153.9520725419605
50.0 81.0 154.50769752121082
50.0 82.0 45.995087363701444
50.0 83.0 44.52337652462994
50.0 84.0 136.51859052870748
50.0 86.0 148.77199674096516
50.0 87.0 147.8846639713147
50.0 88.0 183.80742979408282
50.0 89.0 187.74434241083884
50.0 90.0 152.12877329088886
50.0 91.0 154.32632269927734
50.0 92.0 51.933878719021955
50.0 94.0 47.39470417295398
50.0 95.0 54.743397807291274
50.0 96.0 51.06902321098701
50.0 97.0 62.60282433311578
50.0 98.0 216.92546009261173
50.0 100.0 78.3967718653208
50.0 101.0 23.72199649824452
50.0 102.0 23.741435496975267
50.0 104.0 38.306056451553154
50.0 105.0 38.583248689642225
50.0 107.0 160.99522682946193
50.0 109.0 223.89922171667433
50.0 110.0 230.24745065785686
50.0 111.0 233.31315621263138
50.0 112.0 48.06421885671412
51.0 52.0 21.133698621624628
51.0 53.0 28.052335696261416
51.0 54.0 34.82534028251278
51.0 57.0 180.89328738532816
51.0 59.0 187.82497531912765
51.0 61.0 195.42471756183443
51.0 62.0 206.2499397944489
51.0 63.0 202.2296822653883
51.0 65.0 42.705113365064875
51.0 66.0 49.90876453787733
51.0 67.0 58.200762588336275
51.0 68.0 65.80836205570928
51.0 69.0 73.4017950793905
51.0 70.0 57.36641457542689
51.0 73.0 132.17291349258355
51.0 74.0 138.5884667568416
51.0 75.0 139.58311366208883
51.0 76.0 146.2485457805251
51.0 78.0 154.27434244307975
51.0 79.0 161.89361718836687
51.0 80.0 154.67460353342761
51.0 81.0 155.23022850983068
51.0 82.0 46.717618353424896
51.0 83.0 45.24590751457564
51.0 84.0 137.2411215171611
51.0 86.0 149.49452773105713
51.0 87.0 148.60719496108115
51.0 88.0 184.52996078410837
51.0 89.0 188.46687340066794
51.0 90.0 152.85130427894165
51.0 91.0 155.04885369167766
51.0 92.0 52.65640970939138
51.0 94.0 48.11723516284328
51.0 95.0 55.4659287992657
51.0 96.0 51.79155420197021
51.0 97.0 63.32535532326186
51.0 98.0 217.64799109899337
51.0 100.0 79.11930285453563
51.0 101.0 9.918781858720124
51.0 102.0 9.938220857357985
51.0 104.0 24.502841811848437
51.0 105.0 24.78003404989491
51.0 107.0 161.7177578198473
51.0 109.0 224.6217527052921
51.0 110.0 230.96998166412558
51.0 111.0 234.03568721324348
51.0 112.0 34.26100421708677
52.0 53.0 6.918637074714917
52.0 54.0 13.691641661030577
52.0 57.0 187.5012403767304
52.0 59.0 194.43292831365417
52.0 61.0 202.03267055094548
52.0 62.0 212.85789278561703
52.0 63.0 208.83763525860041
52.0 65.0 49.31306635728978
52.0 66.0 56.51671753004432
52.0 67.0 64.80871558080185
52.0 68.0 72.41631504822391
52.0 69.0 80.00974807096131
52.0 70.0 63.97436756808075
52.0 73.0 138.78086648370237
52.0 74.0 145.19641974949803
52.0 75.0 146.19106665499405
52.0 76.0 152.85649876984115
52.0 78.0 160.88229543747687
52.0 79.0 168.5015701807303
52.0 80.0 161.28255652420034
52.0 81.0 161.83818150009492
52.0 82.0 53.32557134593164
52.0 83.0 51.85386050579166
52.0 84.0 143.8490745090514
52.0 86.0 156.10248072306894
52.0 87.0 155.21514795319763
52.0 88.0 191.13791377730655
52.0 89.0 195.07482639188063
52.0 90.0 159.45925727399117
52.0 91.0 161.65680668166635
52.0 92.0 59.264362701145956
52.0 94.0 54.72518815425796
52.0 95.0 62.073881790331555
52.0 96.0 58.399507193941986
52.0 97.0 69.93330831316993
52.0 98.0 224.25594407072822
52.0 100.0 85.72725584709923
52.0 101.0 31.05248048026781
52.0 102.0 31.071919479019854
52.0 104.0 45.63654043340362
52.0 105.0 45.9137326716963
52.0 107.0 168.32571081050304
52.0 109.0 231.2297056973677
52.0 110.0 237.57793463109226
52.0 111.0 240.64364017389343
52.0 112.0 55.39470283880444
53.0 54.0 6.773004586325016
53.0 57.0 194.41987745005832
53.0 59.0 201.35156538667962
53.0 61.0 208.9513076254155
53.0 62.0 219.77652985904868
53.0 63.0 215.7562723360876
53.0 65.0 56.2317034319273
53.0 66.0 63.435354604800246
53.0 67.0 71.7273526551115
53.0 68.0 79.3349521228923
53.0 69.0 86.92838514575314
53.0 70.0 70.89300464276644
53.0 73.0 145.6995035589178
53.0 74.0 152.1150568238218
53.0 75.0 153.10970372986418
53.0 76.0 159.77513584503683
53.0 78.0 167.8009325123912
53.0 79.0 175.4202072546422
53.0 80.0 168.20119359894375
53.0 81.0 168.7568185746187
53.0 82.0 60.244208419678046
53.0 83.0 58.772497580494715
53.0 84.0 150.76771158652616
53.0 86.0 163.02111779786438
53.0 87.0 162.13378502816204
53.0 88.0 198.05655085268535
53.0 89.0 201.99346346691087
53.0 90.0 166.3778943474353
53.0 91.0 168.57544375573366
53.0 92.0 66.18299977603598
53.0 94.0 61.64382523033662
53.0 95.0 68.99251886260114
53.0 96.0 65.31814426793274
53.0 97.0 76.85194538602337
53.0 98.0 231.1745811410437
53.0 100.0 92.64589292207421
53.0 101.0 37.97111755507847
53.0 102.0 37.99055655359281
53.0 104.0 52.555177508149
53.0 105.0 52.83236974653826
53.0 107.0 175.24434788853426
53.0 109.0 238.14834277426894
53.0 110.0 244.4965717114809
53.0 111.0 247.56227725208714
53.0 112.0 62.31333991340303
54.0 57.0 201.19288203902457
54.0 59.0 208.12456997121637
54.0 61.0 215.72431221054842
54.0 62.0 226.54953444067615
54.0 63.0 222.5292769226274
54.0 65.0 63.00470801835321
54.0 66.0 70.20835919099223
54.0 67.0 78.50035724141804
54.0 68.0 86.10795670929389
54.0 69.0 93.70138973228208
54.0 70.0 77.66600922901154
54.0 73.0 152.4725081454393
54.0 74.0 158.888061409737
54.0 75.0 159.88270831608367
54.0 76.0 166.5481404311455
54.0 78.0 174.57393709728137
54.0 79.0 182.19321184167032
54.0 80.0 174.97419818508834
54.0 81.0 175.52982316189684
54.0 82.0 67.01721300601078
54.0 83.0 65.5455021667512
54.0 84.0 157.54071617128767
54.0 86.0 169.79412238407212
54.0 87.0 168.90678961434583
54.0 88.0 204.82955543901085
54.0 89.0 208.76646805359428
54.0 90.0 173.1508989338539
54.0 91.0 175.34844834275904
54.0 92.0 72.9560043623801
54.0 94.0 68.41682981523539
54.0 95.0 75.7655234520743
54.0 96.0 72.09114885707872
54.0 97.0 83.62494997241492
54.0 98.0 237.94758572978094
54.0 100.0 99.41889750832088
54.0 101.0 44.74412214096297
54.0 102.0 44.76356113979339
54.0 104.0 59.32818209444507
54.0 105.0 59.605374332696876
54.0 107.0 182.01735247489194
54.0 109.0 244.92134736378154
54.0 110.0 251.2695762993747
54.0 111.0 254.3352818407998
54.0 112.0 69.08634449965176
57.0 59.0 24.770060243028755
57.0 61.0 32.369802479035855
57.0 62.0 43.195024716584236
57.0 63.0 39.174767189645095
57.0 65.0 179.95124217356627
57.0 66.0 187.15489334615543
57.0 67.0 195.44689139434786
57.0 68.0 203.05449086398727
57.0 69.0 210.64792388632435
57.0 70.0 194.61254338288143
57.0 73.0 91.74835849993715
57.0 74.0 98.1639117684293
57.0 75.0 99.15855867330359
57.0 76.0 63.12974065225325
57.0 78.0 71.1555373181503
57.0 79.0 78.77481206187284
57.0 80.0 71.55579840399787
57.0 81.0 72.11142338291432
57.0 82.0 171.30492196313963
57.0 83.0 169.83321111953737
57.0 84.0 96.81656652566154
57.0 86.0 109.06997274713888
57.0 87.0 108.18263997511235
57.0 88.0 3.636673400035308
57.0 89.0 7.573586016713531
57.0 90.0 52.822095629096204
57.0 91.0 55.01964504264218
57.0 92.0 177.2437133169162
57.0 94.0 172.70453876810205
57.0 95.0 180.0532324054384
57.0 96.0 176.3788578083686
57.0 97.0 187.91265892902385
57.0 98.0 54.5930759942533
57.0 100.0 216.36543166411946
57.0 101.0 190.8120692460066
57.0 102.0 190.8315082441269
57.0 104.0 205.3961291949082
57.0 105.0 205.6733214344713
57.0 107.0 78.5989526931732
57.0 109.0 61.56683762674635
57.0 110.0 67.915066573679
57.0 111.0 70.98077211724498
57.0 112.0 215.15429160143538
59.0 61.0 25.048318667151143
59.0 62.0 35.873540896525185
59.0 63.0 31.853283378069243
59.0 65.0 186.88293010880113
59.0 66.0 194.08658128219415
59.0 67.0 202.3785793323436
59.0 68.0 209.9861787992789
59.0 69.0 217.57961182245765
59.0 70.0 201.54423131865042
59.0 73.0 98.68004643838002
59.0 74.0 105.09559970803974
59.0 75.0 106.09024661523762
59.0 76.0 70.06142858443711
59.0 78.0 78.08722525265709
59.0 79.0 85.70649998563187
59.0 80.0 78.4874863381866
59.0 81.0 79.0431113196461
59.0 82.0 178.2366098947415
59.0 83.0 176.76489905560965
59.0 84.0 103.74825446205821
59.0 86.0 116.0016606885321
59.0 87.0 115.11432791255588
59.0 88.0 28.406733642986385
59.0 89.0 32.343646259205435
59.0 90.0 59.753783562069685
59.0 91.0 61.95133297417613
59.0 92.0 184.17540125766536
59.0 94.0 179.63622670413508
59.0 95.0 186.98492034093516
59.0 96.0 183.3105457445161
59.0 97.0 194.84434686413738
59.0 98.0 47.27159218272078
59.0 100.0 223.2971195982316
59.0 101.0 197.74375718059565
59.0 102.0 197.76319618480017
59.0 104.0 212.3278171303989
59.0 105.0 212.60500937021465
59.0 107.0 85.53064062699804
59.0 109.0 54.245353813823115
59.0 110.0 60.59358274658954
59.0 111.0 63.6592882989776
59.0 112.0 222.08597953933537
61.0 62.0 28.283571767841103
61.0 63.0 24.263314246020947
61.0 65.0 194.4826723457599
61.0 66.0 201.68632351861228
61.0 67.0 209.97832156976406
61.0 68.0 217.585921036375
61.0 69.0 225.17935405757044
61.0 70.0 209.1439735556118
61.0 73.0 106.27978867574275
61.0 74.0 112.69534193981931
61.0 75.0 113.68998885253674
61.0 76.0 77.661170847076
61.0 78.0 85.68696748486536
61.0 79.0 93.30624223679133
61.0 80.0 86.08722857897365
61.0 81.0 86.64285355473115
61.0 82.0 185.83635213583446
61.0 83.0 184.3646412995592
61.0 84.0 111.34799670503747
61.0 86.0 123.60140291374569
61.0 87.0 122.71407014059048
61.0 88.0 36.006475879867246
61.0 89.0 39.94338849727898
61.0 90.0 67.35352580092797
61.0 91.0 69.55107520949403
61.0 92.0 191.77514349190915
61.0 94.0 187.23596894124825
61.0 95.0 194.58466257812003
61.0 96.0 190.9102879799864
61.0 97.0 202.4440891012632
61.0 98.0 39.68162305327543
61.0 100.0 230.89686183782408
61.0 101.0 205.34349942160267
61.0 102.0 205.36293842021996
61.0 104.0 219.9275593741333
61.0 105.0 220.204751606958
61.0 107.0 93.13038287236571
61.0 109.0 46.655384678952515
61.0 110.0 53.0036136105351
61.0 111.0 56.069319162697965
61.0 112.0 229.68572177364558
62.0 63.0 15.979742480218592
62.0 65.0 205.30789458576098
62.0 66.0 212.51154575978785
62.0 67.0 220.80354380854578
62.0 68.0 228.41114327222786
62.0 69.0 236.00457629296307
62.0 70.0 219.9691957885733
62.0 73.0 117.10501090538503
62.0 74.0 123.5205641731404
62.0 75.0 124.51521108432982
62.0 76.0 88.48639305362492
62.0 78.0 96.51218973125125
62.0 79.0 104.13146447205321
62.0 80.0 96.9124508067716
62.0 81.0 97.46807578232988
62.0 82.0 196.66157437134407
62.0 83.0 195.18986354151718
62.0 84.0 122.17321893844039
62.0 86.0 134.4266251496344
62.0 87.0 133.5392923714889
62.0 88.0 46.83169810857993
62.0 89.0 50.7686107249031
62.0 90.0 78.17874805136582
62.0 91.0 80.37629744889256
62.0 92.0 202.6003657290421
62.0 94.0 198.06119117409577
62.0 95.0 205.40988481151393
62.0 96.0 201.73551021834362
62.0 97.0 213.26931133266362
62.0 98.0 11.398051285589078
62.0 100.0 241.72208406568197
62.0 101.0 216.16872164374774
62.0 102.0 216.1881606574042
62.0 104.0 230.75278160322227
62.0 105.0 231.02997383569354
62.0 107.0 103.95560510629277
62.0 109.0 18.37181291188688
62.0 110.0 24.72004184837076
62.0 111.0 27.785747396724354
62.0 112.0 240.51094400422718
63.0 65.0 201.28763705794586
63.0 66.0 208.491288228348
63.0 67.0 216.78328628204463
63.0 68.0 224.39088574656068
63.0 69.0 231.98431877038126
63.0 70.0 215.94893826785022
63.0 73.0 113.0847533893124
63.0 74.0 119.50030666063122
63.0 75.0 120.4949535525458
63.0 76.0 84.4661355442604
63.0 78.0 92.4919322161951
63.0 79.0 100.11120694398312
63.0 80.0 92.89219328872126
63.0 81.0 93.4478182633062
63.0 82.0 192.64131684128407
63.0 83.0 191.16960600541574
63.0 84.0 118.15296141535245
63.0 86.0 130.4063676349585
63.0 87.0 129.51903486689397
63.0 88.0 42.811440593381526
63.0 89.0 46.748353207705996
63.0 90.0 74.15849052319646
63.0 91.0 76.35603991268289
63.0 92.0 198.5801081987866
63.0 94.0 194.0409336578541
63.0 95.0 201.38962728649287
63.0 96.0 197.71525269285974
63.0 97.0 209.24905381200568
63.0 98.0 27.377793766101018
63.0 100.0 237.70182654822477
63.0 101.0 212.14846412965414
63.0 102.0 212.16790312465088
63.0 104.0 226.73252408268098
63.0 105.0 227.00971631950668
63.0 107.0 99.93534757754384
63.0 109.0 34.35155539341257
63.0 110.0 40.69978432831046
63.0 111.0 43.76548987925658
63.0 112.0 236.49068648917057
65.0 66.0 7.203651172780101
65.0 67.0 15.495649223235187
65.0 68.0 23.103248690802452
65.0 69.0 30.696681713951794
65.0 70.0 43.0732793200567
65.0 73.0 131.23086828085957
65.0 74.0 137.64642154636994
65.0 75.0 138.64106845146034
65.0 76.0 145.3065005674904
65.0 78.0 153.33229723319386
65.0 79.0 160.9515719769385
65.0 80.0 153.73255832094907
65.0 81.0 154.28818329903999
65.0 82.0 45.77557314219669
65.0 83.0 44.30386230217516
65.0 84.0 136.29907630627056
65.0 86.0 148.55248251952105
65.0 87.0 147.66514974976184
65.0 88.0 183.58791557212032
65.0 89.0 187.5248281889514
65.0 90.0 151.90925906954698
65.0 91.0 154.10680847858973
65.0 92.0 51.714364497315145
65.0 94.0 47.17518995111004
65.0 95.0 54.523883585140396
65.0 96.0 50.84950899033599
65.0 97.0 62.38331010970998
65.0 98.0 216.70594587067114
65.0 100.0 36.41418948964776
65.0 101.0 52.62389522413383
65.0 102.0 52.64333422295079
65.0 104.0 67.20795517731483
65.0 105.0 67.48514741529047
65.0 107.0 160.77571260854668
65.0 109.0 223.679707485525
65.0 110.0 230.027936428501
65.0 111.0 233.0936419838566
65.0 112.0 76.96611758258173
66.0 67.0 8.291998050316057
66.0 68.0 15.899597518070658
66.0 69.0 23.493030541148332
66.0 70.0 50.27693049298367
66.0 73.0 138.43451945361858
66.0 74.0 144.85007271862838
66.0 75.0 145.84471962450897
66.0 76.0 152.5101517407124
66.0 78.0 160.53594840596114
66.0 79.0 168.15522314977858
66.0 80.0 160.93620949297014
66.0 81.0 161.49183447205257
66.0 82.0 52.979224315771205
66.0 83.0 51.507513474897266
66.0 84.0 143.50272747867936
66.0 86.0 155.75613369236055
66.0 87.0 154.86880092274896
66.0 88.0 190.79156674556097
66.0 89.0 194.72847936155097
66.0 90.0 159.11291024268684
66.0 91.0 161.31045965064317
66.0 92.0 58.91801566994596
66.0 94.0 54.378841124562264
66.0 95.0 61.7275347603467
66.0 96.0 58.05316016460153
66.0 97.0 69.58696128181475
66.0 98.0 223.90959704101692
66.0 100.0 29.210538317069485
66.0 101.0 59.82754639676989
66.0 102.0 59.84698539529857
66.0 104.0 74.41160634953813
66.0 105.0 74.68879858744026
66.0 107.0 167.9793637808081
66.0 109.0 230.88335866713527
66.0 110.0 237.23158761014685
66.0 111.0 240.29729314833364
66.0 112.0 84.16976875455055
67.0 68.0 7.607599467636756
67.0 69.0 15.201032490640253
67.0 70.0 58.56892854320685
67.0 73.0 146.7265175040921
67.0 74.0 153.14207076891296
67.0 75.0 154.1367176747625
67.0 76.0 160.80214979038635
67.0 78.0 168.8279464576803
67.0 79.0 176.44722119934238
67.0 80.0 169.22820754476334
67.0 81.0 169.78383252244967
67.0 82.0 61.27122236456498
67.0 83.0 59.799511525688644
67.0 84.0 151.79472552852468
67.0 86.0 164.04813174285783
67.0 87.0 163.1607989730185
67.0 88.0 199.0835647947826
67.0 89.0 203.02047741219397
67.0 90.0 167.40490829239127
67.0 91.0 169.6024577013111
67.0 92.0 67.21001372186556
67.0 94.0 62.67083917531936
67.0 95.0 70.01953280608228
67.0 96.0 66.34515821529197
67.0 97.0 77.87895933188176
67.0 98.0 232.20159508724976
67.0 100.0 20.91854026659305
67.0 101.0 68.11954444678945
67.0 102.0 68.13898344545265
67.0 104.0 82.70360440025064
67.0 105.0 82.98079663820586
67.0 107.0 176.27136183326348
67.0 109.0 239.175356721843
67.0 110.0 245.5235856573011
67.0 111.0 248.58929119682534
67.0 112.0 92.46176680546992
68.0 69.0 7.593433023067353
68.0 70.0 66.17652801093917
68.0 73.0 154.33411697147636
68.0 74.0 160.74967023649194
68.0 75.0 161.74431714237954
68.0 76.0 168.40974925666765
68.0 78.0 176.43554592233073
68.0 79.0 184.05482066707253
68.0 80.0 176.8358070116032
68.0 81.0 177.39143199012466
68.0 82.0 68.87882183258297
68.0 83.0 67.40711099246722
68.0 84.0 159.40232499793086
68.0 86.0 171.65573121002706
68.0 87.0 170.76839844057196
68.0 88.0 206.69116426286126
68.0 89.0 210.62807687923362
68.0 90.0 175.01250776046297
68.0 91.0 177.2100571680204
68.0 92.0 74.8176131902185
68.0 94.0 70.27843864230873
68.0 95.0 77.62713227832067
68.0 96.0 73.95275768174753
68.0 97.0 85.48655880365101
68.0 98.0 239.80919455344412
68.0 100.0 13.310940799208037
68.0 101.0 75.72714391455256
68.0 102.0 75.74658291327307
68.0 104.0 90.31120386824091
68.0 105.0 90.5883961060732
68.0 107.0 183.8789613005533
68.0 109.0 246.78295618358007
68.0 110.0 253.131185122298
68.0 111.0 256.19689068450094
68.0 112.0 100.06936627333295
69.0 70.0 73.7699610341242
69.0 73.0 161.9275499946394
69.0 74.0 168.34310325963168
69.0 75.0 169.33775016547486
69.0 76.0 176.0031822797137
69.0 78.0 184.02897894603453
69.0 79.0 191.64825369202157
69.0 80.0 184.4292400330487
69.0 81.0 184.98486501514256
69.0 82.0 76.47225485594049
69.0 83.0 75.00054401639873
69.0 84.0 166.99575802067164
69.0 86.0 179.24916423337916
69.0 87.0 178.36183146365696
69.0 88.0 214.28459728635443
69.0 89.0 218.22150990255906
69.0 90.0 182.60594078335174
69.0 91.0 184.8034901928374
69.0 92.0 82.41104621201777
69.0 94.0 77.87187166573598
69.0 95.0 85.22056529723247
69.0 96.0 81.54619070001725
69.0 97.0 93.07999182828482
69.0 98.0 247.40262757966553
69.0 100.0 5.717507775976469
69.0 101.0 83.32057693736166
69.0 102.0 83.34001593619368
69.0 104.0 97.90463689049011
69.0 105.0 98.18182912947717
69.0 107.0 191.47239432260574
69.0 109.0 254.37638919809183
69.0 110.0 260.72461813647374
69.0 111.0 263.79032370785046
69.0 112.0 107.66279929646149
70.0 73.0 145.89216949151384
70.0 74.0 152.3077227567294
70.0 75.0 153.3023696621725
70.0 76.0 159.96780177755045
70.0 78.0 167.99359844332147
70.0 79.0 175.61287318887693
70.0 80.0 168.39385953220625
70.0 81.0 168.94948451038374
70.0 82.0 60.4368743523643
70.0 83.0 58.96516351310949
70.0 84.0 150.96037751713868
70.0 86.0 163.21378372996062
70.0 87.0 162.32645096035108
70.0 88.0 198.24921678392025
70.0 89.0 202.18612940020725
70.0 90.0 166.57056028102477
70.0 91.0 168.7681096880265
70.0 92.0 66.37566570836401
70.0 94.0 61.8364911627407
70.0 95.0 69.18518479973503
70.0 96.0 65.51081019940304
70.0 97.0 77.04461131810534
70.0 98.0 231.36724707217513
70.0 100.0 79.4874688101458
70.0 101.0 67.28519643448465
70.0 102.0 67.30463543304671
70.0 104.0 81.86925638785749
70.0 105.0 82.14644862603404
70.0 107.0 175.43701382021143
70.0 109.0 238.34100870927747
70.0 110.0 244.68923764257735
70.0 111.0 247.75494320077166
70.0 112.0 91.6274187933237
73.0 74.0 19.995548408778642
73.0 75.0 20.990195314970872
73.0 76.0 57.10361689559057
73.0 78.0 65.12941356104551
73.0 79.0 72.74868830469875
73.0 80.0 65.52967464960726
73.0 81.0 66.08529962617322
73.0 82.0 122.58454806776881
73.0 83.0 121.11283722816081
73.0 84.0 5.068208025711379
73.0 86.0 30.901609382911623
73.0 87.0 30.01427661325609
73.0 88.0 95.38503190522002
73.0 89.0 99.32194451787257
73.0 90.0 63.70637539715018
73.0 91.0 65.90392480662763
73.0 92.0 128.5233394237664
73.0 94.0 123.98416487828835
73.0 95.0 131.33285851347512
73.0 96.0 127.65848391646307
73.0 97.0 139.1922850373055
73.0 98.0 128.50306220286785
73.0 100.0 167.64505777069402
73.0 101.0 142.09169535129234
73.0 102.0 142.11113435036185
73.0 104.0 156.67575530379725
73.0 105.0 156.95294754289597
73.0 107.0 72.57282893728103
73.0 109.0 135.47682381408532
73.0 110.0 141.8250527696685
73.0 111.0 144.8907583170596
73.0 112.0 166.43391770997619
74.0 75.0 15.298096670690338
74.0 76.0 63.51917016058367
74.0 78.0 71.5449668270288
74.0 79.0 79.1642415721319
74.0 80.0 71.94522791277305
74.0 81.0 72.50085289310792
74.0 82.0 129.00010133235182
74.0 83.0 127.52839049241658
74.0 84.0 25.063756434322684
74.0 86.0 25.209510738324937
74.0 87.0 24.322177969349205
74.0 88.0 101.80058516998841
74.0 89.0 105.73749778601677
74.0 90.0 70.12192866519257
74.0 91.0 72.31947807307192
74.0 92.0 134.9388926886429
74.0 94.0 130.39971814326393
74.0 95.0 137.74841177893208
74.0 96.0 134.07403718157335
74.0 97.0 145.6078383024558
74.0 98.0 134.91861546264323
74.0 100.0 174.06061103572642
74.0 101.0 148.50724861587457
74.0 102.0 148.5266876141921
74.0 104.0 163.0913085692054
74.0 105.0 163.36850080672758
74.0 107.0 78.98838220249465
74.0 109.0 141.89237707643588
74.0 110.0 148.24060601526236
74.0 111.0 151.30631157085918
74.0 112.0 172.849470974336
75.0 76.0 64.51381706592569
75.0 78.0 72.539613733339
75.0 79.0 80.1588884753952
75.0 80.0 72.93987482023684
75.0 81.0 73.49549979675167
75.0 82.0 129.99474823889267
75.0 83.0 128.52303739900938
75.0 84.0 26.05840334074098
75.0 86.0 9.911414067923651
75.0 87.0 9.024081298167133
75.0 88.0 102.79523207799639
75.0 89.0 106.73214469620274
75.0 90.0 71.11657557203975
75.0 91.0 73.31412497960369
75.0 92.0 135.93353959439278
75.0 94.0 131.39436504836374
75.0 95.0 138.74305868431296
75.0 96.0 135.0686840871606
75.0 97.0 146.60248520829708
75.0 98.0 135.9132623654923
75.0 100.0 175.05525794140604
75.0 101.0 149.50189551961554
75.0 102.0 149.5213345218835
75.0 104.0 164.0859554750095
75.0 105.0 164.363147713059
75.0 107.0 79.9830291093402
75.0 109.0 142.88702399541228
75.0 110.0 149.23525294769422
75.0 111.0 152.3009584868563
75.0 112.0 173.84411788024363
76.0 78.0 8.02579666620342
76.0 79.0 15.645071410301481
76.0 80.0 21.918191031291055
76.0 81.0 22.47381600981118
76.0 82.0 136.66018035280382
76.0 83.0 135.1884695128481
76.0 84.0 62.17182492126419
76.0 86.0 74.42523113665811
76.0 87.0 73.53789836614828
76.0 88.0 66.76641405133716
76.0 89.0 70.70332666834915
76.0 90.0 35.08775754919629
76.0 91.0 37.28530695757952
76.0 92.0 142.59897170603637
76.0 94.0 138.05979716483012
76.0 95.0 145.40849080022235
76.0 96.0 141.73411620289693
76.0 97.0 153.26791732491387
76.0 98.0 99.88444434459535
76.0 100.0 181.72069005633625
76.0 101.0 156.16732763831425
76.0 102.0 156.1867666336866
76.0 104.0 170.75138758599036
76.0 105.0 171.0285798286148
76.0 107.0 28.96134531946587
76.0 109.0 106.85820596033058
76.0 110.0 113.2064349075433
76.0 111.0 116.27214045343551
76.0 112.0 180.50954999690316
78.0 79.0 7.619274744070501
78.0 80.0 29.943987697564424
78.0 81.0 30.49961267572233
78.0 82.0 144.6859770216164
78.0 83.0 143.21426618026527
78.0 84.0 70.19762158684041
78.0 86.0 82.45102780178601
78.0 87.0 81.56369503322031
78.0 88.0 74.79221071864539
78.0 89.0 78.72912333382425
78.0 90.0 43.113554215354355
78.0 91.0 45.31110362377761
78.0 92.0 150.6247683705028
78.0 94.0 146.08559382885107
78.0 95.0 153.43428746610536
78.0 96.0 149.75991286892437
78.0 97.0 161.29371399015702
78.0 98.0 107.91024099921233
78.0 100.0 189.74648672207007
78.0 101.0 164.19312430122045
78.0 102.0 164.21256329955895
78.0 104.0 178.7771842551984
78.0 105.0 179.05437649535259
78.0 107.0 36.98714198574203
78.0 109.0 114.88400262159004
78.0 110.0 121.23223158227583
78.0 111.0 124.2979371256474
78.0 112.0 188.5353466622051
79.0 80.0 37.563262441630414
79.0 81.0 38.118887419834735
79.0 82.0 152.30525176486378
79.0 83.0 150.8335409243287
79.0 84.0 77.81689633031759
79.0 86.0 90.07030254626082
79.0 87.0 89.18296977592505
79.0 88.0 82.41148546077568
79.0 89.0 86.34839808015305
79.0 90.0 50.73282895942316
79.0 91.0 52.93037836777185
79.0 92.0 158.2440431197561
79.0 94.0 153.70486857442825
79.0 95.0 161.0535622096524
79.0 96.0 157.37918761369338
79.0 97.0 168.91298873407248
79.0 98.0 115.52951576237254
79.0 100.0 197.36576146682762
79.0 101.0 171.8123990470333
79.0 102.0 171.83183804518177
79.0 104.0 186.39645900093433
79.0 105.0 186.6736512397408
79.0 107.0 44.60641672992387
79.0 109.0 122.50327739844967
79.0 110.0 128.85150631005925
79.0 111.0 131.91721185972915
79.0 112.0 196.15462140613263
80.0 81.0 15.614992409314087
80.0 82.0 145.0862381066358
80.0 83.0 143.61452726462988
80.0 84.0 70.59788267378019
80.0 86.0 82.85128888977258
80.0 87.0 81.96395611564537
80.0 88.0 75.19247180455014
80.0 89.0 79.12938442376966
80.0 90.0 43.51381530299141
80.0 91.0 45.71136471148411
80.0 92.0 151.02502946386056
80.0 94.0 146.485854917623
80.0 95.0 153.83454855377923
80.0 96.0 150.1601739569372
80.0 97.0 161.69397507768844
80.0 98.0 108.31050210465457
80.0 100.0 190.1467478101983
80.0 101.0 164.59338538776626
80.0 102.0 164.61282438358157
80.0 104.0 179.17744534049325
80.0 105.0 179.4546375825345
80.0 107.0 22.102521719276453
80.0 109.0 115.28426373112495
80.0 110.0 121.63249266599973
80.0 111.0 124.69819822130873
80.0 112.0 188.93560774942574
81.0 82.0 145.64186308659694
81.0 83.0 144.17015224551545
81.0 84.0 71.15350765327433
81.0 86.0 83.40691386746374
81.0 87.0 82.51958109892195
81.0 88.0 75.74809678387744
81.0 89.0 79.68500940051825
81.0 90.0 44.06944028125305
81.0 91.0 46.26698968966113
81.0 92.0 151.58065444089118
81.0 94.0 147.041479898329
81.0 95.0 154.390173532311
81.0 96.0 150.71579893423683
81.0 97.0 162.24960005606022
81.0 98.0 108.8661270700497
81.0 100.0 190.70237278853327
81.0 101.0 165.1490103685361
81.0 102.0 165.16844936832763
81.0 104.0 179.73307032240555
81.0 105.0 180.010262561715
81.0 107.0 6.487529309983649
81.0 109.0 115.83988870351716
81.0 110.0 122.18811764158053
81.0 111.0 125.25382318914103
81.0 112.0 189.49123272750876
82.0 83.0 11.495310910839425
82.0 84.0 127.65275609422193
82.0 86.0 139.90616230649525
82.0 87.0 139.0188295365544
82.0 88.0 174.9415953627899
82.0 89.0 178.87850797592145
82.0 90.0 143.26293885571002
82.0 91.0 145.4604882650062
82.0 92.0 18.90581310637462
82.0 94.0 20.354674148561358
82.0 95.0 27.703367784590732
82.0 96.0 24.02899318771856
82.0 97.0 35.562794308701385
82.0 98.0 208.05962565238195
82.0 100.0 82.18976263257224
82.0 101.0 56.63640021186714
82.0 102.0 56.655839210465615
82.0 104.0 71.22046016500164
82.0 105.0 71.49765240314595
82.0 107.0 152.12939239279598
82.0 109.0 215.0333872976591
82.0 110.0 221.38161622725573
82.0 111.0 224.4473217819816
82.0 112.0 80.97862257038248
83.0 84.0 126.18104525290889
83.0 86.0 138.4344514667427
83.0 87.0 137.54711869697007
83.0 88.0 173.46988452114678
83.0 89.0 177.40679713960483
83.0 90.0 141.79122801733104
83.0 91.0 143.9887774251443
83.0 92.0 7.410502195506446
83.0 94.0 18.882963308892535
83.0 95.0 26.23165694479568
83.0 96.0 22.55728234796476
83.0 97.0 34.091083468944625
83.0 98.0 206.58791481520484
83.0 100.0 80.71805179349435
83.0 101.0 55.16468937290897
83.0 102.0 55.18412837081196
83.0 104.0 69.74874932583649
83.0 105.0 70.02594156312028
83.0 107.0 150.657681553854
83.0 109.0 213.56167644405332
83.0 110.0 219.90990540805433
83.0 111.0 222.97561095799887
83.0 112.0 79.50691173189915
84.0 86.0 35.96981740882698
84.0 87.0 35.08248463897691
84.0 88.0 100.45323992915814
84.0 89.0 104.39015254609464
84.0 90.0 68.77458342286785
84.0 91.0 70.97213283167673
84.0 92.0 133.59154744892592
84.0 94.0 129.05237290329936
84.0 95.0 136.4010665399153
84.0 96.0 132.72669194256446
84.0 97.0 144.26049306340335
84.0 98.0 133.5712702333399
84.0 100.0 172.7132657957099
84.0 101.0 147.15990337615102
84.0 102.0 147.1793423753558
84.0 104.0 161.74396332850637
84.0 105.0 162.02115556819203
84.0 107.0 77.64103696265758
84.0 109.0 140.54503184296868
84.0 110.0 146.89326079992827
84.0 111.0 149.95896634577838
84.0 112.0 171.5021257348642
86.0 87.0 8.835764203311395
86.0 88.0 112.70664614466308
86.0 89.0 116.64355876005828
86.0 90.0 81.02798963857472
86.0 91.0 83.22553904682749
86.0 92.0 145.8449536624645
86.0 94.0 141.30577911624414
86.0 95.0 148.65447275255696
86.0 96.0 144.98009815554389
86.0 97.0 156.5138992763881
86.0 98.0 145.82467642874576
86.0 100.0 184.96667200938845
86.0 101.0 159.4133095895748
86.0 102.0 159.43274858825043
86.0 104.0 173.99736954282406
86.0 105.0 174.27456178089238
86.0 107.0 89.8944431770258
86.0 109.0 152.7984380708434
86.0 110.0 159.1466669991518
86.0 111.0 162.21237255307238
86.0 112.0 183.75553194803143
87.0 88.0 111.81931337627458
87.0 89.0 115.75622599204664
87.0 90.0 80.14065687072147
87.0 91.0 82.33820627766634
87.0 92.0 144.95762089240998
87.0 94.0 140.41844634642135
87.0 95.0 147.76713998222624
87.0 96.0 144.0927653856935
87.0 97.0 155.62656650628927
87.0 98.0 144.93734366561523
87.0 100.0 184.0793392396822
87.0 101.0 158.52597681964966
87.0 102.0 158.54541581854002
87.0 104.0 173.1100367729863
87.0 105.0 173.38722901113624
87.0 107.0 89.00711040776844
87.0 109.0 151.91110529082297
87.0 110.0 158.25933422605425
87.0 111.0 161.32503976436786
87.0 112.0 182.8681991784208
88.0 89.0 3.936912616818933
88.0 90.0 56.45876903622331
88.0 91.0 58.656318436662715
88.0 92.0 180.88038671633223
88.0 94.0 176.34121216903216
88.0 95.0 183.68990580477944
88.0 96.0 180.01553120769253
88.0 97.0 191.54933232901652
88.0 98.0 58.229749402286686
88.0 100.0 220.0021050626013
88.0 101.0 194.44874264476826
88.0 102.0 194.46818164326686
88.0 104.0 209.03280259562018
88.0 105.0 209.30999483469088
88.0 107.0 82.23562609164186
88.0 109.0 65.2035110206212
88.0 110.0 71.55173995314605
88.0 111.0 74.61744550872541
88.0 112.0 218.7909649991181
89.0 90.0 60.39568164251678
89.0 91.0 62.593231054991975
89.0 92.0 184.8172993352661
89.0 94.0 180.27812478568111
89.0 95.0 187.62681842135788
89.0 96.0 183.95244382512527
89.0 97.0 195.48624494506882
89.0 98.0 62.166662012587686
89.0 100.0 223.93901767727021
89.0 101.0 198.38565525676478
89.0 102.0 198.40509426404145
89.0 104.0 212.96971521318073
89.0 105.0 213.24690745129845
89.0 107.0 86.17253870872267
89.0 109.0 69.14042363534071
89.0 110.0 75.48865257419185
89.0 111.0 78.55435812889704
89.0 112.0 222.7278776171005
90.0 91.0 11.806344571569753
90.0 92.0 149.20173021299297
90.0 94.0 144.66255566604485
90.0 95.0 152.01124930112087
90.0 96.0 148.33687470531567
90.0 97.0 159.87067582662456
90.0 98.0 89.57679931072089
90.0 100.0 188.3234485597526
90.0 101.0 162.77008613928345
90.0 102.0 162.78952513528958
90.0 104.0 177.35414609135492
90.0 105.0 177.63133833250473
90.0 107.0 50.55696959123028
90.0 109.0 96.55056096538544
90.0 110.0 102.89878987766409
90.0 111.0 105.96449544327675
90.0 112.0 187.11230849750774
91.0 92.0 151.39927962065713
91.0 94.0 146.8601050743849
91.0 95.0 154.20879871164556
91.0 96.0 150.5344241136787
91.0 97.0 162.06822523468605
91.0 98.0 91.77434874113695
91.0 100.0 190.52099796828358
91.0 101.0 164.96763554892655
91.0 102.0 164.98707454827604
91.0 104.0 179.55169550142273
91.0 105.0 179.82888773841873
91.0 107.0 52.75451899957656
91.0 109.0 98.74811037033777
91.0 110.0 105.09633931220152
91.0 111.0 108.16204483749851
91.0 112.0 189.30985790745547
92.0 94.0 26.29346550440451
92.0 95.0 33.6421591404083
92.0 96.0 29.967784543539693
92.0 97.0 41.50158566440514
92.0 98.0 213.99841700913723
92.0 100.0 88.12855398728117
92.0 101.0 62.575191566646936
92.0 102.0 62.594630566160816
92.0 104.0 77.15925152093112
92.0 105.0 77.43644375899095
92.0 107.0 158.06818374970743
92.0 109.0 220.9721786309354
92.0 110.0 227.32040762077662
92.0 111.0 230.38611315209116
92.0 112.0 86.91741392720407
94.0 95.0 20.762823828057943
94.0 96.0 17.08844923118805
94.0 97.0 28.622250352266995
94.0 98.0 209.4592424656031
94.0 100.0 83.58937944202991
94.0 101.0 58.03601702140093
94.0 102.0 58.05545602067568
94.0 104.0 72.62007697440637
94.0 105.0 72.89726921213318
94.0 107.0 153.52900920415158
94.0 109.0 216.4330040877465
94.0 110.0 222.78123302749498
94.0 111.0 225.84693858653398
94.0 112.0 82.37823938045902
95.0 96.0 9.953263469126856
95.0 97.0 7.85942652412476
95.0 98.0 216.80793610064802
95.0 100.0 90.93807307569284
95.0 101.0 65.38471065793243
95.0 102.0 65.40414965790465
95.0 104.0 79.96877061148128
95.0 105.0 80.24596285053902
95.0 107.0 160.87770284168312
95.0 109.0 223.78169772632614
95.0 110.0 230.1299266631085
95.0 111.0 233.1956322173574
95.0 112.0 89.72693301395711
96.0 97.0 17.812689993158653
96.0 98.0 213.13356150174874
96.0 100.0 87.26369848212336
96.0 101.0 61.71033606095866
96.0 102.0 61.72977505961782
96.0 104.0 76.29439601333748
96.0 105.0 76.57158824926032
96.0 107.0 157.20332824376538
96.0 109.0 220.10732312529623
96.0 110.0 226.45555206598044
96.0 111.0 229.52125760764335
96.0 112.0 86.05255842031775
97.0 98.0 224.66736262460716
97.0 100.0 98.79749960353548
97.0 101.0 73.24413718101323
97.0 102.0 73.26357618065332
97.0 104.0 87.82819713498219
97.0 105.0 88.10538937305938
97.0 107.0 168.73712936552775
97.0 109.0 231.64112425224386
97.0 110.0 237.9893531914819
97.0 111.0 241.05505874036356
97.0 112.0 97.58635954100491
98.0 100.0 253.12013536332222
98.0 101.0 227.56677293888333
98.0 102.0 227.58621196489656
98.0 104.0 242.15083289006577
98.0 105.0 242.42802512595125
98.0 107.0 115.35365639178148
98.0 109.0 16.971391020694977
98.0 110.0 23.31961995701212
98.0 111.0 26.38532550575738
98.0 112.0 251.9089952934462
100.0 101.0 89.0380847138224
100.0 102.0 89.05752371213677
100.0 104.0 103.62214466718288
100.0 105.0 103.89933690422191
100.0 107.0 197.18990209870623
100.0 109.0 260.09389697554076
100.0 110.0 266.44212591973917
100.0 111.0 269.50783147455815
100.0 112.0 113.3803070729125
101.0 102.0 19.85700271599491
101.0 104.0 14.58405995319563
101.0 105.0 14.86125219153697
101.0 107.0 171.63653968028393
101.0 109.0 234.54053455323722
101.0 110.0 240.88876352718017
101.0 111.0 243.95446902829943
101.0 112.0 24.342222358575007
102.0 104.0 34.44106266920251
102.0 105.0 34.71825490744205
102.0 107.0 171.65597867913797
102.0 109.0 234.55997359445877
102.0 110.0 240.90820250796781
102.0 111.0 243.97390805250518
102.0 112.0 44.19922507472054
104.0 105.0 13.461332113702888
104.0 107.0 186.22059963199908
104.0 109.0 249.12459451818066
104.0 110.0 255.4728234562988
104.0 111.0 258.5385289975527
104.0 112.0 22.94230228057959
105.0 107.0 186.49779187178027
105.0 109.0 249.40178675324478
105.0 110.0 255.75001569425893
105.0 111.0 258.8157212432791
105.0 112.0 9.480970166830854
107.0 109.0 122.32741801838327
107.0 110.0 128.67564694791824
107.0 111.0 131.74135250335692
107.0 112.0 195.97876203961036
109.0 110.0 19.43252692288515
109.0 111.0 22.498232471965203
109.0 112.0 258.8827569240723
110.0 111.0 16.649816023145586
110.0 112.0 265.2309858544894
111.0 112.0 268.2966914047735
