2.0 3.0 6.712276052172698
2.0 4.0 6.674688243265473
2.0 5.0 14.268244760853333
2.0 6.0 21.678083112302332
2.0 11.0 48.06047007787707
2.0 13.0 57.73365177845213
2.0 16.0 75.47789011526581
2.0 18.0 13.286336287071034
2.0 20.0 19.580329470373584
2.0 21.0 25.990468055431265
2.0 23.0 31.570112548007387
2.0 24.0 35.89813503348863
2.0 26.0 47.61955711794769
2.0 27.0 53.316122095381004
2.0 29.0 64.50543602625675
2.0 30.0 64.73692021425033
2.0 31.0 70.01049171779593
2.0 36.0 83.42849950326192
2.0 39.0 86.95081558164213
2.0 40.0 93.70261122165209
2.0 42.0 45.50015452487734
2.0 43.0 55.14954121699584
2.0 44.0 52.01543307154836
2.0 46.0 65.20236884622814
2.0 47.0 65.14966136579771
2.0 48.0 73.1000143060374
2.0 49.0 53.02501249206671
2.0 50.0 60.226096881999496
2.0 51.0 60.15542915012635
2.0 52.0 66.40496742058144
2.0 53.0 68.53933441077211
2.0 54.0 70.91468535074058
2.0 57.0 98.33218968477686
2.0 59.0 101.22041730992507
2.0 61.0 102.95096763155237
2.0 62.0 105.64349991193015
2.0 63.0 111.2017088118541
2.0 65.0 58.01247561226064
2.0 66.0 63.07017122832636
2.0 67.0 67.76964365419978
2.0 68.0 72.42700955525612
2.0 69.0 77.09968446505643
2.0 70.0 70.93693668234022
2.0 73.0 75.32230887369037
2.0 74.0 80.52902286907828
2.0 75.0 79.76662258479499
2.0 76.0 83.93750806989169
2.0 78.0 88.03630962203252
2.0 79.0 91.59310412236191
2.0 80.0 86.44234818858314
2.0 81.0 86.89809308434448
2.0 82.0 71.96601270831749
2.0 83.0 74.73431954564445
2.0 84.0 82.77691117471886
2.0 86.0 92.58691276792447
2.0 87.0 92.63698955063302
2.0 88.0 104.69866925137202
2.0 89.0 109.72856205529935
2.0 90.0 89.47353699543564
2.0 91.0 87.87630790867436
2.0 92.0 80.09358749900595
2.0 94.0 79.99160323209352
2.0 95.0 81.78587758403548
2.0 96.0 81.15983638589789
2.0 97.0 83.10957127836792
2.0 98.0 118.35062422893009
2.0 100.0 82.17811648759596
2.0 101.0 61.63236676660528
2.0 102.0 62.11200601588221
2.0 104.0 72.8257820417268
2.0 105.0 72.34006794224496
2.0 107.0 93.35056767264328
2.0 109.0 123.17948995341744
2.0 110.0 129.99251093422794
2.0 111.0 126.90534699903199
2.0 112.0 74.6411710246564
3.0 4.0 13.38696429465379
3.0 5.0 7.555968709054207
3.0 6.0 14.965807060249247
3.0 11.0 41.34819402630005
3.0 13.0 51.02137572678214
3.0 16.0 68.76561406339988
3.0 18.0 19.998612338963035
3.0 20.0 26.292605522052778
3.0 21.0 32.70274410676015
3.0 23.0 38.28238859978682
3.0 24.0 42.610411085062914
3.0 26.0 54.33183316937264
3.0 27.0 60.028398146633045
3.0 29.0 71.21771207823384
3.0 30.0 71.44919626593033
3.0 31.0 76.72276777054273
3.0 36.0 90.14077555536127
3.0 39.0 93.66309163362457
3.0 40.0 100.41488727340194
3.0 42.0 38.78787847332076
3.0 43.0 48.43726516523579
3.0 44.0 45.303157019799585
3.0 46.0 58.49009279450833
3.0 47.0 58.437385314733675
3.0 48.0 66.38773825424902
3.0 49.0 46.31273644049895
3.0 50.0 53.513820830283024
3.0 51.0 53.44315309812486
3.0 52.0 59.69269136884287
3.0 53.0 61.827058358971414
3.0 54.0 64.20240929911317
3.0 57.0 105.04446573788712
3.0 59.0 107.93269335934724
3.0 61.0 109.66324368048181
3.0 62.0 112.35577596474252
3.0 63.0 117.91398486048703
3.0 65.0 51.30019956052141
3.0 66.0 56.35789517686558
3.0 67.0 61.05736760243681
3.0 68.0 65.71473350393534
3.0 69.0 70.38740841352984
3.0 70.0 64.22466063043292
3.0 73.0 82.0345849253307
3.0 74.0 87.241298920499
3.0 75.0 86.47889863642399
3.0 76.0 90.64978411981885
3.0 78.0 94.74858567595655
3.0 79.0 98.30538017115423
3.0 80.0 93.15462425130315
3.0 81.0 93.61036912854325
3.0 82.0 65.25373665700204
3.0 83.0 68.02204349404923
3.0 84.0 89.48918722643384
3.0 86.0 99.29918881934626
3.0 87.0 99.34926560241618
3.0 88.0 111.41094530510874
3.0 89.0 116.44083811017097
3.0 90.0 96.18581304728022
3.0 91.0 94.58858396445234
3.0 92.0 73.38131144699878
3.0 94.0 73.27932718020139
3.0 95.0 75.07360153271627
3.0 96.0 74.44756033378442
3.0 97.0 76.39729522693818
3.0 98.0 125.06290028416146
3.0 100.0 75.46584043601035
3.0 101.0 54.92009071484962
3.0 102.0 55.39972996484351
3.0 104.0 66.11350598949967
3.0 105.0 65.62779188955233
3.0 107.0 100.06284371257507
3.0 109.0 129.89176600591037
3.0 110.0 136.704786988099
3.0 111.0 133.61762304763027
3.0 112.0 67.92889497306156
4.0 5.0 20.94293300382407
4.0 6.0 28.352771355117042
4.0 11.0 54.7351583212627
4.0 13.0 64.40834002150265
4.0 16.0 82.15257835829456
4.0 18.0 6.611648043946715
4.0 20.0 12.905641227212335
4.0 21.0 19.315779812103123
4.0 23.0 24.895424304817503
4.0 24.0 29.223446790219114
4.0 26.0 40.94486887455514
4.0 27.0 46.641433852058775
4.0 29.0 57.830747783563055
4.0 30.0 58.06223197106977
4.0 31.0 63.33580347685475
4.0 36.0 76.753811260901
4.0 39.0 80.27612733432815
4.0 40.0 87.0279229757657
4.0 42.0 52.17484276811178
4.0 43.0 61.82422946032652
4.0 44.0 58.69012131439716
4.0 46.0 71.87705708912307
4.0 47.0 71.82434960934393
4.0 48.0 79.77470254907843
4.0 49.0 59.69970073521719
4.0 50.0 66.90078512518097
4.0 51.0 66.83011739282183
4.0 52.0 73.07965566358102
4.0 53.0 75.21402265391725
4.0 54.0 77.58937359390781
4.0 57.0 91.65750144335797
4.0 59.0 94.54572906520582
4.0 61.0 96.27627938848795
4.0 62.0 98.9688116680492
4.0 63.0 104.52702056699174
4.0 65.0 64.68716385520574
4.0 66.0 69.74485947114994
4.0 67.0 74.4443318972788
4.0 68.0 79.10169779868463
4.0 69.0 83.77437270804502
4.0 70.0 77.61162492524376
4.0 73.0 68.64762063064097
4.0 74.0 73.85433462598562
4.0 75.0 73.09193434178238
4.0 76.0 77.26281982441637
4.0 78.0 81.36162138246512
4.0 79.0 84.9184158812549
4.0 80.0 79.76765995210658
4.0 81.0 80.22340484000523
4.0 82.0 78.64070095204382
4.0 83.0 81.40900778856894
4.0 84.0 76.10222293162154
4.0 86.0 85.91222452469347
4.0 87.0 85.96230130800207
4.0 88.0 98.0239810063947
4.0 89.0 103.05387381506972
4.0 90.0 82.79884875016333
4.0 91.0 81.20161966797515
4.0 92.0 86.76827574207542
4.0 94.0 86.66629147480417
4.0 95.0 88.46056582809025
4.0 96.0 87.83452462855462
4.0 97.0 89.78425952153258
4.0 98.0 111.6759359861289
4.0 100.0 88.85280473081423
4.0 101.0 68.30705500948406
4.0 102.0 68.78669425992949
4.0 104.0 79.50047028473284
4.0 105.0 79.01475618517141
4.0 107.0 86.67587943136537
4.0 109.0 116.50480171041701
4.0 110.0 123.31782269334595
4.0 111.0 120.23065875300497
4.0 112.0 81.31585926780535
5.0 6.0 7.40983835129164
5.0 11.0 33.792225316533674
5.0 13.0 43.46540701767002
5.0 16.0 61.209645354292206
5.0 18.0 27.554581047854555
5.0 20.0 33.848574231110085
5.0 21.0 40.25871281605258
5.0 23.0 45.838357308812306
5.0 24.0 50.166379794044886
5.0 26.0 61.88780187834854
5.0 27.0 67.58436685578363
5.0 29.0 78.77368078752778
5.0 30.0 79.00516497492514
5.0 31.0 84.27873647967519
5.0 36.0 97.69674426102246
5.0 39.0 101.21906033745918
5.0 40.0 107.97085597757848
5.0 42.0 31.231909764198942
5.0 43.0 40.881296456311375
5.0 44.0 37.747188310626186
5.0 46.0 50.9341240854377
5.0 47.0 50.881416605312964
5.0 48.0 58.831769545601475
5.0 49.0 38.75676773145081
5.0 50.0 45.95785212133768
5.0 51.0 45.88718438880486
5.0 52.0 52.13672265976388
5.0 53.0 54.271089649899295
5.0 54.0 56.64644059032388
5.0 57.0 112.60043444757883
5.0 59.0 115.4886620625495
5.0 61.0 117.21921239137501
5.0 62.0 119.91174466672827
5.0 63.0 125.46995356492212
5.0 65.0 43.74423085142915
5.0 66.0 48.801926467396925
5.0 67.0 53.50139889358444
5.0 68.0 58.158764794928345
5.0 69.0 62.83143970434489
5.0 70.0 56.66869192162574
5.0 73.0 89.59055363427049
5.0 74.0 94.79726762953868
5.0 75.0 94.03486734541448
5.0 76.0 98.20575282852118
5.0 78.0 102.30455438357183
5.0 79.0 105.86134888413407
5.0 80.0 100.71059295699695
5.0 81.0 101.16633783994192
5.0 82.0 57.69776794772605
5.0 83.0 60.46607478475474
5.0 84.0 97.04515593537172
5.0 86.0 106.85515752846439
5.0 87.0 106.90523431146985
5.0 88.0 118.96691401354389
5.0 89.0 123.99680681671427
5.0 90.0 103.74178175508752
5.0 91.0 102.14455267327983
5.0 92.0 65.82534273804498
5.0 94.0 65.72335847113223
5.0 95.0 67.51763282377168
5.0 96.0 66.89159162475055
5.0 97.0 68.84132651774108
5.0 98.0 132.61886899185888
5.0 100.0 67.90987172710953
5.0 101.0 47.36412200569025
5.0 102.0 47.84376125591804
5.0 104.0 58.557537281180515
5.0 105.0 58.07182318096155
5.0 107.0 107.61881242772469
5.0 109.0 137.44773471531724
5.0 110.0 144.26075569466627
5.0 111.0 141.17359176194267
5.0 112.0 60.372926264210506
6.0 11.0 26.38238696611115
6.0 13.0 36.05556866681767
6.0 16.0 53.799807002978326
6.0 18.0 34.96441939955183
6.0 20.0 41.258412582197536
6.0 21.0 47.66855116717076
6.0 23.0 53.248195660040096
6.0 24.0 57.576218145299364
6.0 26.0 69.29764022956915
6.0 27.0 74.99420520715287
6.0 29.0 86.18351913972185
6.0 30.0 86.4150033263068
6.0 31.0 91.68857483144356
6.0 36.0 105.10658261638127
6.0 39.0 108.6288986925436
6.0 40.0 115.38069433072772
6.0 42.0 23.8220714128911
6.0 43.0 33.47145810500806
6.0 44.0 30.337349959471386
6.0 46.0 43.52428573389895
6.0 47.0 43.4715782542559
6.0 48.0 51.42193119405485
6.0 49.0 31.346929380164905
6.0 50.0 38.54801377008093
6.0 51.0 38.47734603748245
6.0 52.0 44.72688430864509
6.0 53.0 46.86125129841919
6.0 54.0 49.23660223871374
6.0 57.0 120.01027279878546
6.0 59.0 122.89850041734576
6.0 61.0 124.62905074564753
6.0 62.0 127.32158302556682
6.0 63.0 132.8797919165391
6.0 65.0 36.33439250031394
6.0 66.0 41.39208811630775
6.0 67.0 46.09156054204712
6.0 68.0 50.7489264433169
6.0 69.0 55.4216013530951
6.0 70.0 49.258853570113
6.0 73.0 97.00039198540449
6.0 74.0 102.20710598095681
6.0 75.0 101.44470569670996
6.0 76.0 105.6155911814345
6.0 78.0 109.71439273506525
6.0 79.0 113.27118723687649
6.0 80.0 108.12043130480122
6.0 81.0 108.57617619260881
6.0 82.0 50.2879295965287
6.0 83.0 53.05623643372946
6.0 84.0 104.45499428636239
6.0 86.0 114.26499587951989
6.0 87.0 114.31507266281217
6.0 88.0 126.37675236457324
6.0 89.0 131.40664516841645
6.0 90.0 111.15162010750845
6.0 91.0 109.55439102309695
6.0 92.0 58.41550438680153
6.0 94.0 58.31352011980991
6.0 95.0 60.10779447293656
6.0 96.0 59.48175327380866
6.0 97.0 61.43148816679853
6.0 98.0 140.02870734054818
6.0 100.0 60.50003337597918
6.0 101.0 39.95428365433099
6.0 102.0 40.43392290453
6.0 104.0 51.14769892946891
6.0 105.0 50.66198482840857
6.0 107.0 115.0286507782328
6.0 109.0 144.85757306110958
6.0 110.0 151.67059404792946
6.0 111.0 148.58343011036249
6.0 112.0 52.96308791181576
11.0 13.0 27.14656837767594
11.0 16.0 44.890806714464084
11.0 18.0 61.34680636514921
11.0 20.0 67.64079954825166
11.0 21.0 74.05093813308008
11.0 23.0 79.63058262627438
11.0 24.0 83.95860511130446
11.0 26.0 95.68002719571089
11.0 27.0 101.37659217315475
11.0 29.0 112.56590610417469
11.0 30.0 112.7973902917015
11.0 31.0 118.07096179747148
11.0 36.0 131.48896958413425
11.0 39.0 135.01128565795818
11.0 40.0 141.76308129716597
11.0 42.0 33.81858909136132
11.0 43.0 43.46797578337154
11.0 44.0 40.33386763931651
11.0 46.0 53.52080341242124
11.0 47.0 53.468095931342404
11.0 48.0 61.41844887234443
11.0 49.0 41.34344705840928
11.0 50.0 48.544531448212545
11.0 51.0 48.473863716498634
11.0 52.0 54.72340198688392
11.0 53.0 56.857768977094025
11.0 54.0 59.23311991696241
11.0 57.0 146.39265976327556
11.0 59.0 149.28088738770353
11.0 61.0 151.0114377087974
11.0 62.0 153.70396998786157
11.0 63.0 159.26217888485064
11.0 65.0 46.33091017851555
11.0 66.0 51.3886057947075
11.0 67.0 56.08807822055569
11.0 68.0 60.74544412202209
11.0 69.0 65.41811903125166
11.0 70.0 59.25537124783651
11.0 73.0 123.38277895145505
11.0 74.0 128.58949294664095
11.0 75.0 127.82709266261979
11.0 76.0 131.99797814939046
11.0 78.0 136.09677969947276
11.0 79.0 139.65357420061235
11.0 80.0 134.50281827548054
11.0 81.0 134.95856315593895
11.0 82.0 41.37892930785936
11.0 83.0 44.14723614503602
11.0 84.0 130.83738125218645
11.0 86.0 140.64738284500186
11.0 87.0 140.69745962893666
11.0 88.0 152.75913932758016
11.0 89.0 157.78903213843353
11.0 90.0 137.53400707198227
11.0 91.0 135.93677798982765
11.0 92.0 49.50650409813838
11.0 94.0 49.40451983115305
11.0 95.0 51.19879418455398
11.0 96.0 50.57275298527544
11.0 97.0 52.52248787822226
11.0 98.0 166.41109430224202
11.0 100.0 70.49655105412945
11.0 101.0 49.95080133209132
11.0 102.0 50.430440583135315
11.0 104.0 61.14421660742576
11.0 105.0 60.65850250687522
11.0 107.0 141.4110377489996
11.0 109.0 171.23996003102383
11.0 110.0 178.0529810174753
11.0 111.0 174.9658170820578
11.0 112.0 62.959605590534665
13.0 16.0 34.56398841481794
13.0 18.0 71.0199880653567
13.0 20.0 77.31398124867621
13.0 21.0 83.72411983351398
13.0 23.0 89.3037643264788
13.0 24.0 93.6317868117485
13.0 26.0 105.3532088959011
13.0 27.0 111.04977387361188
13.0 29.0 122.23908780759777
13.0 30.0 122.4705719926136
13.0 31.0 127.74414349482632
13.0 36.0 141.1621512817583
13.0 39.0 144.68446736625032
13.0 40.0 151.43626300154588
13.0 42.0 43.491770791787275
13.0 43.0 53.14115748404422
13.0 44.0 50.007049338064135
13.0 46.0 63.19398511339849
13.0 47.0 63.141277633061655
13.0 48.0 71.09163057283737
13.0 49.0 51.016628759177905
13.0 50.0 58.217713148542614
13.0 51.0 58.14704541655199
13.0 52.0 64.39658368724774
13.0 53.0 66.53095067709464
13.0 54.0 68.90630161709387
13.0 57.0 156.06584146440127
13.0 59.0 158.95406908583595
13.0 61.0 160.68461941080204
13.0 62.0 163.377151689242
13.0 63.0 168.93536058596555
13.0 65.0 56.004091879056375
13.0 66.0 61.061787494758164
13.0 67.0 65.7612599211825
13.0 68.0 70.41862582251092
13.0 69.0 75.09130073177016
13.0 70.0 68.92855294902871
13.0 73.0 133.0559606522465
13.0 74.0 138.262674647582
13.0 75.0 137.50027436309563
13.0 76.0 141.67115985023042
13.0 78.0 145.76996140597305
13.0 79.0 149.32675589935272
13.0 80.0 144.17599997964436
13.0 81.0 144.63174487081434
13.0 82.0 31.052111008051973
13.0 83.0 33.82041784521937
13.0 84.0 140.51056295285383
13.0 86.0 150.32056454617612
13.0 87.0 150.37064132925394
13.0 88.0 162.43232102790682
13.0 89.0 167.46221383576798
13.0 90.0 147.20718877997393
13.0 91.0 145.60995968964926
13.0 92.0 39.17968579870033
13.0 94.0 39.077701531592794
13.0 95.0 40.87197588469848
13.0 96.0 40.24593468541166
13.0 97.0 42.19566957870494
13.0 98.0 176.08427601124254
13.0 100.0 80.16973275447428
13.0 101.0 59.62398303267949
13.0 102.0 60.10362228311472
13.0 104.0 70.81739830822444
13.0 105.0 70.33168420802198
13.0 107.0 151.0842194450383
13.0 109.0 180.9131417316537
13.0 110.0 187.72616272136696
13.0 111.0 184.6389987760915
13.0 112.0 72.6327872928557
16.0 18.0 88.7642264020863
16.0 20.0 95.05821958529073
16.0 21.0 101.46835817010495
16.0 23.0 107.04800266281786
16.0 24.0 111.37602514818218
16.0 26.0 123.09744723232554
16.0 27.0 128.79401221028837
16.0 29.0 139.98332614246092
16.0 30.0 140.21481032916753
16.0 31.0 145.48838183714193
16.0 36.0 158.90638961808313
16.0 39.0 162.42870570279393
16.0 40.0 169.18050134123908
16.0 42.0 61.23600912852487
16.0 43.0 70.88539582042566
16.0 44.0 67.75128767481377
16.0 46.0 80.93822344966942
16.0 47.0 80.88551596958828
16.0 48.0 88.83586890951966
16.0 49.0 68.76086709602566
16.0 50.0 75.96195148483753
16.0 51.0 75.89128375310256
16.0 52.0 82.14082202389471
16.0 53.0 84.27518901371829
16.0 54.0 86.65053995421769
16.0 57.0 173.81007980540642
16.0 59.0 176.69830742527625
16.0 61.0 178.4288577499144
16.0 62.0 181.1213900257965
16.0 63.0 186.6795989220969
16.0 65.0 73.74833021588492
16.0 66.0 78.80602583186717
16.0 67.0 83.50549825746988
16.0 68.0 88.16286415925956
16.0 69.0 92.83553906819229
16.0 70.0 86.67279128573776
16.0 73.0 150.80019898820547
16.0 74.0 156.0069129839111
16.0 75.0 155.24451269974423
16.0 76.0 159.41539818388858
16.0 78.0 163.5141997395619
16.0 79.0 167.070994241449
16.0 80.0 161.92023830670277
16.0 81.0 162.3759832008596
16.0 82.0 30.028137924390553
16.0 83.0 32.79644476151206
16.0 84.0 158.25480128937744
16.0 86.0 168.06480288315075
16.0 87.0 168.1148796651044
16.0 88.0 180.17655936627386
16.0 89.0 185.20645217556978
16.0 90.0 164.9514271159261
16.0 91.0 163.35419803285575
16.0 92.0 38.155712714694054
16.0 94.0 20.841901729832117
16.0 95.0 22.63617608303676
16.0 96.0 22.01013488382263
16.0 97.0 23.959869776724474
16.0 98.0 193.82851434256162
16.0 100.0 97.91397109110541
16.0 101.0 77.3682213700349
16.0 102.0 77.84786061998065
16.0 104.0 88.56163664557123
16.0 105.0 88.0759225445762
16.0 107.0 168.82845778186797
16.0 109.0 198.65738006900662
16.0 110.0 205.47040105148545
16.0 111.0 202.38323710867041
16.0 112.0 90.377025631765
18.0 20.0 6.293993183247043
18.0 21.0 12.70413176802722
18.0 23.0 18.283776260945757
18.0 24.0 22.611798746360094
18.0 26.0 34.333220830383276
18.0 27.0 40.02978580805966
18.0 29.0 51.21909973875307
18.0 30.0 51.45058392735858
18.0 31.0 56.7241554316891
18.0 36.0 70.14216321695224
18.0 39.0 73.6644792919146
18.0 40.0 80.41627493236948
18.0 42.0 58.7864908119286
18.0 43.0 68.43587750417569
18.0 44.0 65.3017693584038
18.0 46.0 78.48870513285472
18.0 47.0 78.43599765282322
18.0 48.0 86.38635059297047
18.0 49.0 66.31134877916571
18.0 50.0 73.51243316884856
18.0 51.0 73.44176543678269
18.0 52.0 79.69130370786468
18.0 53.0 81.8256706978186
18.0 54.0 84.2010216378686
18.0 57.0 85.0458533982101
18.0 59.0 87.93408102195377
18.0 61.0 89.66463134529158
18.0 62.0 92.35716362462006
18.0 63.0 97.91537252198918
18.0 65.0 71.29881189918292
18.0 66.0 76.35650751502074
18.0 67.0 81.05597994098532
18.0 68.0 85.71334584244167
18.0 69.0 90.38602075199915
18.0 70.0 84.22327296910107
18.0 73.0 62.035972586782975
18.0 74.0 67.24268658213254
18.0 75.0 66.480286297991
18.0 76.0 70.65117178358722
18.0 78.0 74.7499733398179
18.0 79.0 78.30676783899756
18.0 80.0 73.15601190958064
18.0 81.0 73.61175679575982
18.0 82.0 85.25234899569661
18.0 83.0 88.02065583298162
18.0 84.0 69.49057488776205
18.0 86.0 79.30057648083803
18.0 87.0 79.35065326424026
18.0 88.0 91.41233296297969
18.0 89.0 96.44222576719696
18.0 90.0 76.18720070602302
18.0 91.0 74.58997162519216
18.0 92.0 93.37992378587799
18.0 94.0 93.27793951907259
18.0 95.0 95.07221387156973
18.0 96.0 94.4461726723106
18.0 97.0 96.3959075656127
18.0 98.0 105.06428794513585
18.0 100.0 95.46445277464694
18.0 101.0 74.91870305344966
18.0 102.0 75.39834230329646
18.0 104.0 86.11211832858633
18.0 105.0 85.62640422877253
18.0 107.0 80.0642313825346
18.0 109.0 109.8931536636999
18.0 110.0 116.70617465049907
18.0 111.0 113.61901071099399
18.0 112.0 87.92750731160191
20.0 21.0 6.410138584908887
20.0 23.0 11.989783077778014
20.0 24.0 16.31780556314483
20.0 26.0 28.039227647590874
20.0 27.0 33.73579262369291
20.0 29.0 44.92510655665329
20.0 30.0 45.15659074399427
20.0 31.0 50.43016224992601
20.0 36.0 63.848170030911376
20.0 39.0 67.37048611018376
20.0 40.0 74.122281749574
20.0 42.0 65.08048399528047
20.0 43.0 74.72987068736158
20.0 44.0 71.59576254145645
20.0 46.0 84.78269831607085
20.0 47.0 84.72999083617059
20.0 48.0 92.68034377608828
20.0 49.0 72.60534196247016
20.0 50.0 79.80642635198456
20.0 51.0 79.73575861997693
20.0 52.0 85.98529689078548
20.0 53.0 88.1196638810128
20.0 54.0 90.49501482104787
20.0 57.0 78.75186021451493
20.0 59.0 81.64008783677377
20.0 61.0 83.37063816263492
20.0 62.0 86.06317044068052
20.0 63.0 91.62137933963935
20.0 65.0 77.59280508229526
20.0 66.0 82.65050069815481
20.0 67.0 87.34997312424345
20.0 68.0 92.00733902592833
20.0 69.0 96.68001393513968
20.0 70.0 90.5172661523109
20.0 73.0 55.7419794035635
20.0 74.0 60.94869339887772
20.0 75.0 60.186293114666526
20.0 76.0 64.35717859793627
20.0 78.0 68.4559801548902
20.0 79.0 72.01277465624118
20.0 80.0 66.86201872589733
20.0 81.0 67.31776361106463
20.0 82.0 91.5463421787336
20.0 83.0 94.31464901590941
20.0 84.0 63.19658170458301
20.0 86.0 73.0065832976049
20.0 87.0 73.05666008101879
20.0 88.0 85.11833978304895
20.0 89.0 90.14823258723769
20.0 90.0 69.89320752451619
20.0 91.0 68.29597844149966
20.0 92.0 99.67391696899728
20.0 94.0 99.57193270197928
20.0 95.0 101.36620705467924
20.0 96.0 100.74016585565624
20.0 97.0 102.6899007482993
20.0 98.0 98.77029475915245
20.0 100.0 101.75844595775862
20.0 101.0 81.21269623623294
20.0 102.0 81.69233548655134
20.0 104.0 92.40611151134152
20.0 105.0 91.920397410411
20.0 107.0 73.77023819820104
20.0 109.0 103.599160483448
20.0 110.0 110.41218146230244
20.0 111.0 107.32501752867313
20.0 112.0 94.22150049509996
21.0 23.0 5.579644493026953
21.0 24.0 9.907666978215506
21.0 26.0 21.629089062560357
21.0 27.0 27.325654040028148
21.0 29.0 38.514967970355556
21.0 30.0 38.74645215934704
21.0 31.0 44.020023662813244
21.0 36.0 57.43803144713633
21.0 39.0 60.960347526939046
21.0 40.0 67.7121431627672
21.0 42.0 71.49062257962957
21.0 43.0 81.14000927207286
21.0 44.0 78.00590112626536
21.0 46.0 91.19283690122192
21.0 47.0 91.14012942123756
21.0 48.0 99.09048236066778
21.0 49.0 79.01548054736547
21.0 50.0 86.21656493691191
21.0 51.0 86.14589720497264
21.0 52.0 92.39543547564216
21.0 53.0 94.52980246594328
21.0 54.0 96.90515340575087
21.0 57.0 72.34172163081612
21.0 59.0 75.22994925069983
21.0 61.0 76.96049957601308
21.0 62.0 79.65303185787516
21.0 63.0 85.211240752198
21.0 65.0 84.00294366736033
21.0 66.0 89.06063928346592
21.0 67.0 93.76011170898227
21.0 68.0 98.4174776104778
21.0 69.0 103.09015251999124
21.0 70.0 96.92740473726266
21.0 73.0 49.331840818690196
21.0 74.0 54.53855481408426
21.0 75.0 53.77615452971041
21.0 76.0 57.947040014013425
21.0 78.0 62.04584156846954
21.0 79.0 65.60263606648147
21.0 80.0 60.45188013981248
21.0 81.0 60.90762502578695
21.0 82.0 97.95648076359863
21.0 83.0 100.72478760076174
21.0 84.0 56.78644311973625
21.0 86.0 66.59644471311879
21.0 87.0 66.64652149611597
21.0 88.0 78.70820119648255
21.0 89.0 83.73809400143945
21.0 90.0 63.48306894021135
21.0 91.0 61.88583985862596
21.0 92.0 106.08405555347355
21.0 94.0 105.98207128691492
21.0 95.0 107.77634563892137
21.0 96.0 107.1503044408036
21.0 97.0 109.10003933369724
21.0 98.0 92.36015617652207
21.0 100.0 108.16858454229579
21.0 101.0 87.6228348208429
21.0 102.0 88.10247407093267
21.0 104.0 98.8162500973593
21.0 105.0 98.3305359953601
21.0 107.0 67.360099613243
21.0 109.0 97.18902189940823
21.0 110.0 104.00204288040439
21.0 111.0 100.91487894268516
21.0 112.0 100.6316390827508
23.0 24.0 4.328022485314307
23.0 26.0 16.049444569653073
23.0 27.0 21.746009547232145
23.0 29.0 32.93532347896982
23.0 30.0 33.16680766638547
23.0 31.0 38.44037917262605
23.0 36.0 51.85838695431738
23.0 39.0 55.38070303177416
23.0 40.0 62.132498673508664
23.0 42.0 77.07026707290937
23.0 43.0 86.71965376482375
23.0 44.0 83.58554561917614
23.0 46.0 96.77248139395854
23.0 47.0 96.71977391367983
23.0 48.0 104.67012685370298
23.0 49.0 84.5951250401952
23.0 50.0 91.79620943005732
23.0 51.0 91.72554169785704
23.0 52.0 97.97507996852278
23.0 53.0 100.10944695864032
23.0 54.0 102.48479789833166
23.0 57.0 66.76207713827966
23.0 59.0 69.65030475763525
23.0 61.0 71.3808550843918
23.0 62.0 74.07338736500651
23.0 63.0 79.63159626025327
23.0 65.0 89.58258816003436
23.0 66.0 94.64028377615317
23.0 67.0 99.33975620148962
23.0 68.0 103.99712210349949
23.0 69.0 108.6697970128666
23.0 70.0 102.50704923005661
23.0 73.0 43.752196325344634
23.0 74.0 48.958910321056784
23.0 75.0 48.19651003693712
23.0 76.0 52.36739552221819
23.0 78.0 56.466197077150284
23.0 79.0 60.02299157525768
23.0 80.0 54.872235646609965
23.0 81.0 55.32798053157044
23.0 82.0 103.53612525644421
23.0 83.0 106.30443209364495
23.0 84.0 51.20679862676653
23.0 86.0 61.0168002198113
23.0 87.0 61.0668770036185
23.0 88.0 73.12855670345978
23.0 89.0 78.15844951007695
23.0 90.0 57.903424448815585
23.0 91.0 56.30619536404248
23.0 92.0 111.66370004679291
23.0 94.0 111.56171577955996
23.0 95.0 113.35599013193928
23.0 96.0 112.72994893287964
23.0 97.0 114.679683826217
23.0 98.0 86.7805116828817
23.0 100.0 113.7482290354613
23.0 101.0 93.20247931368978
23.0 102.0 93.68211856472502
23.0 104.0 104.39589458984236
23.0 105.0 103.91018048995957
23.0 107.0 61.78045512005946
23.0 109.0 91.60937740219693
23.0 110.0 98.42239838685089
23.0 111.0 95.33523445105915
23.0 112.0 106.21128357268282
24.0 26.0 11.721422084629268
24.0 27.0 17.417987061453218
24.0 29.0 28.607300993706303
24.0 30.0 28.83878518119094
24.0 31.0 34.112356684481824
24.0 36.0 47.53036447017847
24.0 39.0 51.05268054797731
24.0 40.0 57.80447618866634
24.0 42.0 81.39828955808743
24.0 43.0 91.04767625023209
24.0 44.0 87.91356810444691
24.0 46.0 101.10050387935044
24.0 47.0 101.04779639919518
24.0 48.0 108.99814933889454
24.0 49.0 88.9231475252227
24.0 50.0 96.1242319153614
24.0 51.0 96.05356418315336
24.0 52.0 102.30310245358244
24.0 53.0 104.43746944391191
24.0 54.0 106.81282038363824
24.0 57.0 62.43405465146824
24.0 59.0 65.32228227331291
24.0 61.0 67.05283259909007
24.0 62.0 69.74536487861386
24.0 63.0 75.30357377387463
24.0 65.0 93.91061064538684
24.0 66.0 98.96830626133121
24.0 67.0 103.66777868702671
24.0 68.0 108.32514458875669
24.0 69.0 112.99781949796667
24.0 70.0 106.83507171535658
24.0 73.0 39.42417384042102
24.0 74.0 44.63088783588189
24.0 75.0 43.86848755170853
24.0 76.0 48.03937303573855
24.0 78.0 52.138174590990616
24.0 79.0 55.69496909219027
24.0 80.0 50.54421316439746
24.0 81.0 50.99995804681422
24.0 82.0 107.86414774161197
24.0 83.0 110.63245457895462
24.0 84.0 46.87877614154533
24.0 86.0 56.68877773473991
24.0 87.0 56.738854517887795
24.0 88.0 68.80053421900048
24.0 89.0 73.83042702539441
24.0 90.0 53.5754019624121
24.0 91.0 51.97817288040398
24.0 92.0 115.99172253213123
24.0 94.0 115.88973826486588
24.0 95.0 117.68401261789492
24.0 96.0 117.05797141805513
24.0 97.0 119.00770631132161
24.0 98.0 82.45248919744013
24.0 100.0 118.07625152105378
24.0 101.0 97.53050179895993
24.0 102.0 98.01014104968823
24.0 104.0 108.72391707492429
24.0 105.0 108.23820297387493
24.0 107.0 57.452432631801294
24.0 109.0 87.28135491820824
24.0 110.0 94.0943759012948
24.0 111.0 91.00721196463468
24.0 112.0 110.53930605863685
26.0 27.0 5.696564977496651
26.0 29.0 16.885878907806347
26.0 30.0 17.11736309667914
26.0 31.0 22.390934602405423
26.0 36.0 35.808942386466754
26.0 39.0 39.331258462942834
26.0 40.0 46.083054103996474
26.0 42.0 93.11971164221714
26.0 43.0 102.76909833430841
26.0 44.0 99.63499018866712
26.0 46.0 112.82192596346059
26.0 47.0 112.76921848389523
26.0 48.0 120.7195714233669
26.0 49.0 100.64456960919503
26.0 50.0 107.84565399902839
26.0 51.0 107.77498626718705
26.0 52.0 114.0245245378097
26.0 53.0 116.15889152774236
26.0 54.0 118.53424246767509
26.0 57.0 50.71263256937317
26.0 59.0 53.600860190602695
26.0 61.0 55.33141051268825
26.0 62.0 58.023942793879534
26.0 63.0 63.58215169056203
26.0 65.0 105.63203272940852
26.0 66.0 110.68972834530982
26.0 67.0 115.38920077148015
26.0 68.0 120.04656667258931
26.0 69.0 124.71924158182676
26.0 70.0 118.55649379969384
26.0 73.0 27.702751755951848
26.0 74.0 32.9094657513416
26.0 75.0 32.147065467439155
26.0 76.0 36.317950952644374
26.0 78.0 40.416752506319085
26.0 79.0 43.973547006221295
26.0 80.0 38.82279108091108
26.0 81.0 39.27853596069598
26.0 82.0 119.58556982674939
26.0 83.0 122.35387666333135
26.0 84.0 35.15735405761343
26.0 86.0 44.96735565118838
26.0 87.0 45.017432433560906
26.0 88.0 57.07911213486627
26.0 89.0 62.10900493995594
26.0 90.0 41.85397987829592
26.0 91.0 40.25675079510698
26.0 92.0 127.71314461623132
26.0 94.0 127.61116034908848
26.0 95.0 129.40543470227044
26.0 96.0 128.77939350295784
26.0 97.0 130.7291283960492
26.0 98.0 70.73106711300369
26.0 100.0 129.79767360522584
26.0 101.0 109.25192388316793
26.0 102.0 109.73156313333511
26.0 104.0 120.4453391596341
26.0 105.0 119.95962505883406
26.0 107.0 45.7310105344079
26.0 109.0 75.55993283534688
26.0 110.0 82.37295381691128
26.0 111.0 79.28578988100486
26.0 112.0 122.26072814412827
27.0 29.0 11.189313931359369
27.0 30.0 11.420798119182408
27.0 31.0 16.694369624906038
27.0 36.0 30.11237740671954
27.0 39.0 33.63469348651998
27.0 40.0 40.38648912565586
27.0 42.0 98.81627661958328
27.0 43.0 108.46566331181428
27.0 44.0 105.33155516582302
27.0 46.0 118.51849094050473
27.0 47.0 118.46578346051007
27.0 48.0 126.41613640056659
27.0 49.0 106.34113458651055
27.0 50.0 113.54221897633673
27.0 51.0 113.47155124461293
27.0 52.0 119.72108951468401
27.0 53.0 121.8554565049331
27.0 54.0 124.23080744485165
27.0 57.0 45.0160675919088
27.0 59.0 47.90429521257617
27.0 61.0 49.63484553796268
27.0 62.0 52.32737781794362
27.0 63.0 57.8855867170363
27.0 65.0 111.32859770647792
27.0 66.0 116.38629332260544
27.0 67.0 121.08576574845938
27.0 68.0 125.74313165051345
27.0 69.0 130.41580655955804
27.0 70.0 124.25305877667651
27.0 73.0 22.006186779086985
27.0 74.0 27.212900773467624
27.0 75.0 26.450500490527578
27.0 76.0 30.621385974890618
27.0 78.0 34.720187529378634
27.0 79.0 38.27698202878064
27.0 80.0 33.12622610407202
27.0 81.0 33.58197098776546
27.0 82.0 125.28213480375445
27.0 83.0 128.0504416411335
27.0 84.0 29.46078908004834
27.0 86.0 39.27079067353941
27.0 87.0 39.32086745707099
27.0 88.0 51.382547154989915
27.0 89.0 56.41243995913406
27.0 90.0 36.15741489807788
27.0 91.0 34.5601858175051
27.0 92.0 133.40970959363602
27.0 94.0 133.30772532745962
27.0 95.0 135.10199967982592
27.0 96.0 134.47595848008922
27.0 97.0 136.42569337196142
27.0 98.0 65.03450213641685
27.0 100.0 135.49423858253232
27.0 101.0 114.94848886061388
27.0 102.0 115.42812811120018
27.0 104.0 126.14190413665597
27.0 105.0 125.65619003663535
27.0 107.0 40.034445573850235
27.0 109.0 69.86336785907838
27.0 110.0 76.67638883882323
27.0 111.0 73.58922490154247
27.0 112.0 127.95729311987651
29.0 30.0 12.044872710857643
29.0 31.0 5.505055692857547
29.0 36.0 18.923063476927116
29.0 39.0 22.445379553643974
29.0 40.0 29.19717519249467
29.0 42.0 110.00559055050866
29.0 43.0 119.65497724400325
29.0 44.0 116.52086909763231
29.0 46.0 129.70780487235328
29.0 47.0 129.6550973927587
29.0 48.0 137.60545033251873
29.0 49.0 117.53044851781706
29.0 50.0 124.73153290887555
29.0 51.0 124.66086517653802
29.0 52.0 130.91040344730158
29.0 53.0 133.0447704360704
29.0 54.0 135.42012137717745
29.0 57.0 33.826753659521614
29.0 59.0 36.71498127998044
29.0 61.0 38.44553160417457
29.0 62.0 41.13806388517732
29.0 63.0 46.69627278170789
29.0 65.0 122.51791163802389
29.0 66.0 127.57560725486834
29.0 67.0 132.2750796799033
29.0 68.0 136.9324455823193
29.0 69.0 141.60512049230152
29.0 70.0 135.4423727081941
29.0 73.0 22.630261369331503
29.0 74.0 27.836975363875773
29.0 75.0 27.074575081188136
29.0 76.0 19.43207204321428
29.0 78.0 23.530873597037846
29.0 79.0 27.087668097425073
29.0 80.0 21.936912167337177
29.0 81.0 22.39265705541847
29.0 82.0 136.4714487360448
29.0 83.0 139.23975557393587
29.0 84.0 30.08486367120056
29.0 86.0 39.89486526404688
29.0 87.0 39.94494204876584
29.0 88.0 40.19323322436531
29.0 89.0 45.22312603091579
29.0 90.0 24.968100970583382
29.0 91.0 23.370871883906702
29.0 92.0 144.59902352614014
29.0 94.0 144.49703926133537
29.0 95.0 146.29131361105394
29.0 96.0 145.66527241159645
29.0 97.0 147.61500730591433
29.0 98.0 53.84518820193877
29.0 100.0 146.68355251392796
29.0 101.0 126.1378027922317
29.0 102.0 126.61744204299676
29.0 104.0 137.3312180678137
29.0 105.0 136.84550396931382
29.0 107.0 28.84513163929513
29.0 109.0 58.67405392492177
29.0 110.0 65.48707490879846
29.0 111.0 62.399910970440814
29.0 112.0 139.14660705124413
30.0 31.0 17.549928403049574
30.0 36.0 30.967936185719765
30.0 39.0 34.490252263299126
30.0 40.0 41.24204790296105
30.0 42.0 110.2370747385751
30.0 43.0 119.88646143090972
30.0 44.0 116.75235328490767
30.0 46.0 129.93928905972012
30.0 47.0 129.886581579752
30.0 48.0 137.83693451935747
30.0 49.0 117.76193270561947
30.0 50.0 124.96301709569738
30.0 51.0 124.89234936283486
30.0 52.0 131.14188763410422
30.0 53.0 133.27625462442154
30.0 54.0 135.65160556447324
30.0 57.0 45.87162637392791
30.0 59.0 48.759853989961336
30.0 61.0 50.49040431826241
30.0 62.0 53.182936597345034
30.0 63.0 58.74114548916539
30.0 65.0 122.74939582570069
30.0 66.0 127.80709144175775
30.0 67.0 132.50656386775134
30.0 68.0 137.16392976950561
30.0 69.0 141.8366046779172
30.0 70.0 135.67385689595037
30.0 73.0 10.58538865947444
30.0 74.0 15.792102654507326
30.0 75.0 15.02970237167339
30.0 76.0 31.47694475431343
30.0 78.0 35.57574630740957
30.0 79.0 39.13254080852201
30.0 80.0 33.981784881930665
30.0 81.0 34.43752976645583
30.0 82.0 136.70293292209274
30.0 83.0 139.4712397591619
30.0 84.0 18.039990960424653
30.0 86.0 27.849992553210633
30.0 87.0 27.90006933680649
30.0 88.0 52.2381059388737
30.0 89.0 57.26799874028422
30.0 90.0 37.01297367967262
30.0 91.0 35.415744595914305
30.0 92.0 144.83050771258928
30.0 94.0 144.72852344535477
30.0 95.0 146.52279779853535
30.0 96.0 145.89675659932627
30.0 97.0 147.84649149161578
30.0 98.0 65.89006091446178
30.0 100.0 146.9150367013063
30.0 101.0 126.36928698012301
30.0 102.0 126.84892623013351
30.0 104.0 137.5627022559343
30.0 105.0 137.0769881550959
30.0 107.0 40.89000435110543
30.0 109.0 70.71892663286303
30.0 110.0 77.531947619778
30.0 111.0 74.44478368335092
30.0 112.0 139.37809123896255
31.0 36.0 13.418007783444226
31.0 39.0 16.940323861250008
31.0 40.0 23.692119500090087
31.0 42.0 115.51064624499827
31.0 43.0 125.16003293523875
31.0 44.0 122.02592479049676
31.0 46.0 135.21286056369505
31.0 47.0 135.1601530843079
31.0 48.0 143.1105060242844
31.0 49.0 123.03550421128546
31.0 50.0 130.23658860137527
31.0 51.0 130.16592086860425
31.0 52.0 136.4154591384447
31.0 53.0 138.54982612999424
31.0 54.0 140.92517706826357
31.0 57.0 28.32169796617374
31.0 59.0 31.209925586483592
31.0 61.0 32.94047591140602
31.0 62.0 35.633008191291445
31.0 63.0 41.19121708821623
31.0 65.0 128.02296733087752
31.0 66.0 133.0806629477125
31.0 67.0 137.78013537365752
31.0 68.0 142.4375012747128
31.0 69.0 147.1101761845537
31.0 70.0 140.9474284010174
31.0 73.0 28.135317062034368
31.0 74.0 33.34203106657912
31.0 75.0 32.57963077389958
31.0 76.0 13.927016349888447
31.0 78.0 18.02581790510106
31.0 79.0 21.582612404751032
31.0 80.0 16.431856479167774
31.0 81.0 16.887601361332198
31.0 82.0 141.97650442808154
31.0 83.0 144.7448112644176
31.0 84.0 35.58991936383251
31.0 86.0 45.39992095652386
31.0 87.0 45.44999774267271
31.0 88.0 34.68817753177496
31.0 89.0 39.718070337092996
31.0 90.0 19.463045275807243
31.0 91.0 17.865816192345775
31.0 92.0 150.10407922032113
31.0 94.0 150.00209495424704
31.0 95.0 151.79636930757434
31.0 96.0 151.17032810795007
31.0 97.0 153.12006300339718
31.0 98.0 48.34013250928254
31.0 100.0 152.18860820666538
31.0 101.0 131.64285848612184
31.0 102.0 132.1224977353239
31.0 104.0 142.8362737615643
31.0 105.0 142.3505596619017
31.0 107.0 23.340075949378626
31.0 109.0 53.16899823274676
31.0 110.0 59.98201921548486
31.0 111.0 56.89485527721187
31.0 112.0 144.651662744505
36.0 39.0 3.5223160775407756
36.0 40.0 10.274111716214035
36.0 42.0 128.92865402704842
36.0 43.0 138.57804071990466
36.0 44.0 135.44393257208444
36.0 46.0 148.6308683469017
36.0 47.0 148.5781608692272
36.0 48.0 156.5285138071506
36.0 49.0 136.45351199474436
36.0 50.0 143.65459638372266
36.0 51.0 143.58392865246304
36.0 52.0 149.83346692381892
36.0 53.0 151.96783391416912
36.0 54.0 154.34318485014856
36.0 57.0 14.90369018261186
36.0 59.0 17.791917803580343
36.0 61.0 19.522468128306095
36.0 62.0 22.21500040829491
36.0 63.0 27.773209304524453
36.0 65.0 141.44097511288925
36.0 66.0 146.4986707322419
36.0 67.0 151.1981431556663
36.0 68.0 155.85550905811687
36.0 69.0 160.5281839648826
36.0 70.0 154.36543618187704
36.0 73.0 41.55332484688147
36.0 74.0 46.760038840126825
36.0 75.0 45.99763855628812
36.0 76.0 16.479330477134734
36.0 78.0 20.57813203156408
36.0 79.0 24.134926531165938
36.0 80.0 18.984170605354628
36.0 81.0 19.439915489365404
36.0 82.0 155.3945122113937
36.0 83.0 158.16281904446822
36.0 84.0 49.00792714913648
36.0 86.0 58.81792874554769
36.0 87.0 58.86800552729065
36.0 88.0 21.270169747976748
36.0 89.0 26.300062553405784
36.0 90.0 13.188927776174008
36.0 91.0 11.591698693039593
36.0 92.0 163.5220870093572
36.0 94.0 163.4201027443836
36.0 95.0 165.21437709027285
36.0 96.0 164.5883358956383
36.0 97.0 166.53807077910767
36.0 98.0 34.9221247259546
36.0 100.0 165.6066159888165
36.0 101.0 145.06086626904516
36.0 102.0 145.54050551847004
36.0 104.0 156.2542815439335
36.0 105.0 155.7685674458307
36.0 107.0 25.892390074998332
36.0 109.0 39.75099044945844
36.0 110.0 46.56401143523277
36.0 111.0 43.47684749344068
36.0 112.0 158.06967052861506
39.0 40.0 10.180552486187118
39.0 42.0 132.45097010460603
39.0 43.0 142.10035679754571
39.0 44.0 138.96624864933932
39.0 46.0 152.15318442385913
39.0 47.0 152.1004769452558
39.0 48.0 160.05082988346066
39.0 49.0 139.97582807063156
39.0 50.0 147.17691246163844
39.0 51.0 147.106244730204
39.0 52.0 153.3557829990932
39.0 53.0 155.49014998683248
39.0 54.0 157.86550093054913
39.0 57.0 14.810130953330255
39.0 59.0 17.698358574013284
39.0 61.0 19.42890889866247
39.0 62.0 22.12144117859657
39.0 63.0 27.679650077140757
39.0 65.0 144.9632911929757
39.0 66.0 150.02098680979708
39.0 67.0 154.7204592351241
39.0 68.0 159.37782513451552
39.0 69.0 164.05050004190048
39.0 70.0 157.88775226138688
39.0 73.0 45.07564092166744
39.0 74.0 50.28235492125481
39.0 75.0 49.519954636592196
39.0 76.0 20.00164655460285
39.0 78.0 24.100448108988832
39.0 79.0 27.65724260861637
39.0 80.0 22.506486682915053
39.0 81.0 22.962231567187217
39.0 82.0 158.91682829519794
39.0 83.0 161.68513512483437
39.0 84.0 52.53024322488824
39.0 86.0 62.34024482232111
39.0 87.0 62.39032160517104
39.0 88.0 21.176610518401635
39.0 89.0 26.206503323899884
39.0 90.0 16.711243853499333
39.0 91.0 15.114014770549867
39.0 92.0 167.04440308393785
39.0 94.0 166.94241881845988
39.0 95.0 168.73669316839226
39.0 96.0 168.11065196449448
39.0 97.0 170.0603868616636
39.0 98.0 34.828565495930675
39.0 100.0 169.1289320677756
39.0 101.0 148.583182345534
39.0 102.0 149.06282159664661
39.0 104.0 159.7765976208424
39.0 105.0 159.29088352265853
39.0 107.0 29.41470615249382
39.0 109.0 39.657431219931695
39.0 110.0 46.470452201916174
39.0 111.0 43.38328826394654
39.0 112.0 161.59198660513766
40.0 42.0 139.20276574359434
40.0 43.0 148.85215243385204
40.0 44.0 145.7180442884991
40.0 46.0 158.90498006371183
40.0 47.0 158.85227258495254
40.0 48.0 166.80262552580166
40.0 49.0 146.7276237109993
40.0 50.0 153.92870809845974
40.0 51.0 153.85804036860327
40.0 52.0 160.10757863944514
40.0 53.0 162.24194562780434
40.0 54.0 164.61729656774395
40.0 57.0 4.6295784664306625
40.0 59.0 7.517806086942824
40.0 61.0 9.248356411685648
40.0 62.0 11.940888691666064
40.0 63.0 17.499097587752342
40.0 65.0 151.71508682814766
40.0 66.0 156.77278244965396
40.0 67.0 161.47225487362033
40.0 68.0 166.12962077110672
40.0 69.0 170.80229568113003
40.0 70.0 164.6395479009097
40.0 73.0 51.82743656332815
40.0 74.0 57.03415056024262
40.0 75.0 56.2717502752429
40.0 76.0 26.753442193624334
40.0 78.0 30.85224374803148
40.0 79.0 34.40903824760541
40.0 80.0 29.258282322073235
40.0 81.0 29.714027206147527
40.0 82.0 165.66862393513793
40.0 83.0 168.43693077105627
40.0 84.0 59.28203886307813
40.0 86.0 69.09204045940689
40.0 87.0 69.14211724691862
40.0 88.0 10.996058031352668
40.0 89.0 16.025950836978563
40.0 90.0 23.46303949269081
40.0 91.0 21.865810409394
40.0 92.0 173.79619872035977
40.0 94.0 173.69421445133315
40.0 95.0 175.48848880824164
40.0 96.0 174.86244761049926
40.0 97.0 176.81218249877418
40.0 98.0 24.648013009420833
40.0 100.0 175.88072770744378
40.0 101.0 155.3349779851443
40.0 102.0 155.81461723510546
40.0 104.0 166.52839326078538
40.0 105.0 166.04267916074596
40.0 107.0 36.16650179152323
40.0 109.0 29.476878732979337
40.0 110.0 36.289899715515
40.0 111.0 33.20273577755592
40.0 112.0 168.3437822435443
42.0 43.0 23.44528015108338
42.0 44.0 20.31117200641181
42.0 46.0 33.49810778228596
42.0 47.0 33.44540030242174
42.0 48.0 41.39575324189589
42.0 49.0 7.524857967117192
42.0 50.0 14.725942357207975
42.0 51.0 14.65527462459017
42.0 52.0 20.904812895641996
42.0 53.0 23.03917988569957
42.0 54.0 25.414530825770115
42.0 57.0 143.83234421016908
42.0 59.0 146.72057183182963
42.0 61.0 148.45112215553524
42.0 62.0 151.1436544351166
42.0 63.0 156.70186333748717
42.0 65.0 26.30821454741716
42.0 66.0 31.365910164205857
42.0 67.0 36.0653825901136
42.0 68.0 40.72274849166853
42.0 69.0 45.395423400898814
42.0 70.0 39.23267561828457
42.0 73.0 120.82246339764716
42.0 74.0 126.0291773935324
42.0 75.0 125.26677710888416
42.0 76.0 129.43766259504588
42.0 78.0 133.53646414752842
42.0 79.0 137.09325864925594
42.0 80.0 131.94250272209368
42.0 81.0 132.39824760875842
42.0 82.0 57.72413172214439
42.0 83.0 60.49243855943797
42.0 84.0 128.27706569918593
42.0 86.0 138.0870672921544
42.0 87.0 138.13714407456945
42.0 88.0 150.1988237765576
42.0 89.0 155.22871658114758
42.0 90.0 134.97369151842656
42.0 91.0 133.37646243634117
42.0 92.0 65.85170651227263
42.0 94.0 65.74972224554995
42.0 95.0 67.54399659820683
42.0 96.0 66.91795539932643
42.0 97.0 68.8676902919388
42.0 98.0 163.85077875793615
42.0 100.0 50.47385542372203
42.0 101.0 16.132212240990945
42.0 102.0 16.61185149121813
42.0 104.0 27.32562751694628
42.0 105.0 26.839913416360634
42.0 107.0 138.8507221920127
42.0 109.0 168.67964447491443
42.0 110.0 175.49266545919033
42.0 111.0 172.4055015208561
42.0 112.0 29.1410164995293
43.0 44.0 13.457770410874634
43.0 46.0 10.05282762907014
43.0 47.0 10.000120148924829
43.0 48.0 17.950473088828474
43.0 49.0 30.97013812028584
43.0 50.0 38.17122251019305
43.0 51.0 38.10055477845523
43.0 52.0 44.350093048796296
43.0 53.0 46.48446003728998
43.0 54.0 48.85981097875413
43.0 57.0 153.48173090477482
43.0 59.0 156.36995852348056
43.0 61.0 158.10050884757612
43.0 62.0 160.79304113252894
43.0 63.0 166.35125003128232
43.0 65.0 19.454812950685707
43.0 66.0 24.512508566901055
43.0 67.0 29.211980992380862
43.0 68.0 33.86934689431739
43.0 69.0 38.54202180356001
43.0 70.0 15.787395464978951
43.0 73.0 130.4718500901945
43.0 74.0 135.67856408533612
43.0 75.0 134.91616380187583
43.0 76.0 139.08704928644693
43.0 78.0 143.18585084078558
43.0 79.0 146.7426453419413
43.0 80.0 141.59188941290597
43.0 81.0 142.04763429938967
43.0 82.0 67.37351841407846
43.0 83.0 70.14182525131451
43.0 84.0 137.92645239111738
43.0 86.0 147.73645398462847
43.0 87.0 147.78653076772187
43.0 88.0 159.8482104700514
43.0 89.0 164.8781032730633
43.0 90.0 144.62307820907915
43.0 91.0 143.02584912878237
43.0 92.0 75.50109320409331
43.0 94.0 75.39910893747951
43.0 95.0 77.19338329052978
43.0 96.0 76.56734209124109
43.0 97.0 78.51707698412984
43.0 98.0 173.50016544612944
43.0 100.0 43.62045382609266
43.0 101.0 39.5774923948037
43.0 102.0 40.05713164460023
43.0 104.0 50.77090767042178
43.0 105.0 50.28519356979624
43.0 107.0 148.50010888105987
43.0 109.0 178.32903116943112
43.0 110.0 185.142052150808
43.0 111.0 182.05488821317203
43.0 112.0 52.58629665337027
44.0 46.0 23.510598038701918
44.0 47.0 23.45789055873259
44.0 48.0 31.40824349877889
44.0 49.0 27.836029974536974
44.0 50.0 35.03711436430635
44.0 51.0 34.966446632530726
44.0 52.0 41.215984903003005
44.0 53.0 43.350351892161726
44.0 54.0 45.72570283309247
44.0 57.0 150.347622756915
44.0 59.0 153.23585037532695
44.0 61.0 154.9664006993758
44.0 62.0 157.6589329832759
44.0 63.0 163.21714187953998
44.0 65.0 5.997042540955499
44.0 66.0 11.054738156825303
44.0 67.0 15.75421058265991
44.0 68.0 20.411576484286503
44.0 69.0 25.08425139340567
44.0 70.0 29.24516587491864
44.0 73.0 127.33774194470891
44.0 74.0 132.5444559395499
44.0 75.0 131.78205565556647
44.0 76.0 135.95294114361258
44.0 78.0 140.05174269610512
44.0 79.0 143.60853719314215
44.0 80.0 138.45778126812712
44.0 81.0 138.91352614899387
44.0 82.0 64.23941026837187
44.0 83.0 67.00771710537845
44.0 84.0 134.79234424522406
44.0 86.0 144.60234583856743
44.0 87.0 144.65242262173194
44.0 88.0 156.71410232119112
44.0 89.0 161.74399512809686
44.0 90.0 141.4889700648622
44.0 91.0 139.8917409811499
44.0 92.0 72.36698505881144
44.0 94.0 72.26500079171024
44.0 95.0 74.0592751448864
44.0 96.0 73.43323394579048
44.0 97.0 75.38296883858445
44.0 98.0 170.36605730043811
44.0 100.0 30.162683416400668
44.0 101.0 36.44338424842315
44.0 102.0 36.923023499052796
44.0 104.0 47.63679952415852
44.0 105.0 47.151085424007434
44.0 107.0 145.36600073606965
44.0 109.0 175.19492302461578
44.0 110.0 182.00794400668795
44.0 111.0 178.9207800696364
44.0 112.0 49.45218850813063
46.0 47.0 9.946631559813838
46.0 48.0 7.89764545975739
46.0 49.0 41.022965749326396
46.0 50.0 48.22405013927569
46.0 51.0 48.15338240712731
46.0 52.0 54.402920677813015
46.0 53.0 56.53728766808846
46.0 54.0 58.91263860747739
46.0 57.0 163.53455853243628
46.0 59.0 166.42278615607833
46.0 61.0 168.15333648176784
46.0 62.0 170.8458687487245
46.0 63.0 176.40407764779508
46.0 65.0 29.507640579458744
46.0 66.0 34.56533619598585
46.0 67.0 39.26480862189435
46.0 68.0 43.92217452312315
46.0 69.0 48.59484943197967
46.0 70.0 15.733906875760974
46.0 73.0 140.52467771913518
46.0 74.0 145.73139171456228
46.0 75.0 144.96899143086375
46.0 76.0 149.13987691358915
46.0 78.0 153.23867846837186
46.0 79.0 156.79547296909544
46.0 80.0 151.6447170418491
46.0 81.0 152.10046192767385
46.0 82.0 77.42634604308776
46.0 83.0 80.19465288020486
46.0 84.0 147.9792800202423
46.0 86.0 157.7892816132611
46.0 87.0 157.83935839642712
46.0 88.0 169.9010380958452
46.0 89.0 174.93093090124665
46.0 90.0 154.6759058420475
46.0 91.0 153.07867675679307
46.0 92.0 85.55392083338214
46.0 94.0 85.45193656642427
46.0 95.0 87.24621091936126
46.0 96.0 86.6201697205118
46.0 97.0 88.56990461337378
46.0 98.0 183.55299307439566
46.0 100.0 53.673281454384295
46.0 101.0 49.630320023391505
46.0 102.0 50.10995927400365
46.0 104.0 60.82373529922714
46.0 105.0 60.33802119930572
46.0 107.0 158.55293651446325
46.0 109.0 188.38185880406326
46.0 110.0 195.19487978053587
46.0 111.0 192.10771584540387
46.0 112.0 62.639124282746586
47.0 48.0 17.844277019568313
47.0 49.0 40.97025826942306
47.0 50.0 48.17134265928341
47.0 51.0 48.10067492752236
47.0 52.0 54.35021319773669
47.0 53.0 56.484580187902765
47.0 54.0 58.85993112774395
47.0 57.0 163.4818510510782
47.0 59.0 166.37007867181626
47.0 61.0 168.10062899424472
47.0 62.0 170.79316127792697
47.0 63.0 176.35137017466184
47.0 65.0 29.454933099589425
47.0 66.0 34.51262871538388
47.0 67.0 39.21210114190326
47.0 68.0 43.869467043572484
47.0 69.0 48.542141952428324
47.0 70.0 5.787275316128593
47.0 73.0 140.47197023916664
47.0 74.0 145.678684235216
47.0 75.0 144.91628395014126
47.0 76.0 149.08716943290648
47.0 78.0 153.18597099162204
47.0 79.0 156.7427654900804
47.0 80.0 151.5920095602306
47.0 81.0 152.04775445067463
47.0 82.0 77.37363856287698
47.0 83.0 80.14194540028862
47.0 84.0 147.92657254016527
47.0 86.0 157.73657413381724
47.0 87.0 157.78665091698002
47.0 88.0 169.84833061734258
47.0 89.0 174.87822342468877
47.0 90.0 154.62319835889298
47.0 91.0 153.02596927683027
47.0 92.0 85.5012133535901
47.0 94.0 85.39922908663385
47.0 95.0 87.1935034394303
47.0 96.0 86.56746224039568
47.0 97.0 88.51719713381604
47.0 98.0 183.50028558929193
47.0 100.0 53.62057397387707
47.0 101.0 49.577612543609675
47.0 102.0 50.05725179379246
47.0 104.0 60.77102781931125
47.0 105.0 60.28531371877848
47.0 107.0 158.50022903319086
47.0 109.0 188.3291513186828
47.0 110.0 195.14217230211415
47.0 111.0 192.05500836604892
47.0 112.0 62.586416802601335
48.0 49.0 48.92061120925883
48.0 50.0 56.12169559892473
48.0 51.0 56.051027866856394
48.0 52.0 62.30056613759621
48.0 53.0 64.43493312752551
48.0 54.0 66.81028406760842
48.0 57.0 171.43220399146824
48.0 59.0 174.3204316133656
48.0 61.0 176.05098193576487
48.0 62.0 178.7435142187698
48.0 63.0 184.30172311386082
48.0 65.0 37.40528603946766
48.0 66.0 42.46298165549182
48.0 67.0 47.16245408211217
48.0 68.0 51.81981998250794
48.0 69.0 56.492494891296076
48.0 70.0 23.631552335651122
48.0 73.0 148.42232317935014
48.0 74.0 153.62903717384478
48.0 75.0 152.86663689022708
48.0 76.0 157.0375223732758
48.0 78.0 161.13632392718006
48.0 79.0 164.6931184276218
48.0 80.0 159.54236250252018
48.0 81.0 159.99810738870323
48.0 82.0 85.32399150281535
48.0 83.0 88.09229834014299
48.0 84.0 155.87692548002502
48.0 86.0 165.68692707331206
48.0 87.0 165.73700385573414
48.0 88.0 177.79868355673182
48.0 89.0 182.8285763631444
48.0 90.0 162.57355130356154
48.0 91.0 160.97632221763305
48.0 92.0 93.45156629336454
48.0 94.0 93.34958202628411
48.0 95.0 95.14385637880014
48.0 96.0 94.51781518032675
48.0 97.0 96.46755007306643
48.0 98.0 191.45063853335398
48.0 100.0 61.57092691476892
48.0 101.0 57.52796548321319
48.0 102.0 58.00760473341208
48.0 104.0 68.72138075916013
48.0 105.0 68.2356666586987
48.0 107.0 166.45058197128665
48.0 109.0 196.27950425423214
48.0 110.0 203.09252524477466
48.0 111.0 200.005361307776
48.0 112.0 70.53676974304707
49.0 50.0 7.201084390145011
49.0 51.0 7.130416657851762
49.0 52.0 13.379954928507749
49.0 53.0 15.514321918549
49.0 54.0 17.889672858346387
49.0 57.0 151.3572021773536
49.0 59.0 154.24542979776618
49.0 61.0 155.97598012262097
49.0 62.0 158.66851240233075
49.0 63.0 164.22672129972648
49.0 65.0 33.83307251550068
49.0 66.0 38.89076813139369
49.0 67.0 43.59024055734304
49.0 68.0 48.2476064589317
49.0 69.0 52.92028136784482
49.0 70.0 46.757533585373395
49.0 73.0 128.34732136488208
49.0 74.0 133.55403536013586
49.0 75.0 132.791635076458
49.0 76.0 136.9625205607246
49.0 78.0 141.06132211546083
49.0 79.0 144.61811661502415
49.0 80.0 139.46736068999968
49.0 81.0 139.92310557198442
49.0 82.0 65.24898968917634
49.0 83.0 68.01729652607804
49.0 84.0 135.80192366677522
49.0 86.0 145.6119252593041
49.0 87.0 145.66200204219786
49.0 88.0 157.72368174252193
49.0 89.0 162.75357454781795
49.0 90.0 142.49854948587426
49.0 91.0 140.90132040503192
49.0 92.0 73.3765644791412
49.0 94.0 73.27458021211908
49.0 95.0 75.0688545646986
49.0 96.0 74.44281336622637
49.0 97.0 76.39254825974137
49.0 98.0 171.37563672034463
49.0 100.0 57.99871339090146
49.0 101.0 8.607354273972804
49.0 102.0 9.086993524442018
49.0 104.0 19.80076954957233
49.0 105.0 19.3150554499823
49.0 107.0 146.37558015961838
49.0 109.0 176.20450244415895
49.0 110.0 183.0175234260209
49.0 111.0 179.9303594884385
49.0 112.0 21.616158533586372
50.0 51.0 14.331501047600032
50.0 52.0 6.178870538566731
50.0 53.0 8.31323752864852
50.0 54.0 10.688588468742545
50.0 57.0 158.55828656852393
50.0 59.0 161.44651418793524
50.0 61.0 163.17706451272556
50.0 62.0 165.8695967924031
50.0 63.0 171.42780569096317
50.0 65.0 41.03415690528778
50.0 66.0 46.091852521232525
50.0 67.0 50.7913249470993
50.0 68.0 55.44869084872782
50.0 69.0 60.12136575786691
50.0 70.0 53.958617975424076
50.0 73.0 135.54840575486472
50.0 74.0 140.75511975038734
50.0 75.0 139.99271946626632
50.0 76.0 144.16360495197034
50.0 78.0 148.26240650696474
50.0 79.0 151.81920100591026
50.0 80.0 146.6684450787427
50.0 81.0 147.12418996111026
50.0 82.0 72.4500740784106
50.0 83.0 75.21838091638551
50.0 84.0 143.0030080563257
50.0 86.0 152.81300964891796
50.0 87.0 152.86308643178785
50.0 88.0 164.9247661322488
50.0 89.0 169.95465893742744
50.0 90.0 149.6996338768916
50.0 91.0 148.10240479227764
50.0 92.0 80.57764886892946
50.0 94.0 80.47566460232888
50.0 95.0 82.26993895467876
50.0 96.0 81.6438977568604
50.0 97.0 83.593632647952
50.0 98.0 178.57672111067268
50.0 100.0 65.19979778068429
50.0 101.0 15.808438664136894
50.0 102.0 16.28807791451113
50.0 104.0 27.00185393948792
50.0 105.0 26.5161398391467
50.0 107.0 153.57666455076227
50.0 109.0 183.4055868337095
50.0 110.0 190.21860781714102
50.0 111.0 187.13144387797422
50.0 112.0 28.817242922757448
51.0 52.0 20.51037158610692
51.0 53.0 22.644738576534063
51.0 54.0 25.02008951649569
51.0 57.0 158.4876188354162
51.0 59.0 161.37584645593574
51.0 61.0 163.10639678058482
51.0 62.0 165.79892906050736
51.0 63.0 171.35713795731039
51.0 65.0 40.963489173050235
51.0 66.0 46.02118478927417
51.0 67.0 50.720657214996436
51.0 68.0 55.378023116662426
51.0 69.0 60.050698026465845
51.0 70.0 53.88795024308422
51.0 73.0 135.4777380228214
51.0 74.0 140.6844520177826
51.0 75.0 139.92205173309708
51.0 76.0 144.0929372203825
51.0 78.0 148.19173877427696
51.0 79.0 151.7485332745274
51.0 80.0 146.59777734680137
51.0 81.0 147.05352223230418
51.0 82.0 72.37940634648558
51.0 83.0 75.14771318436871
51.0 84.0 142.93234032424425
51.0 86.0 152.74234191745268
51.0 87.0 152.79241869950042
51.0 88.0 164.8540983999928
51.0 89.0 169.8839912058829
51.0 90.0 149.6289661456989
51.0 91.0 148.03173706314772
51.0 92.0 80.50698113741639
51.0 94.0 80.40499687047044
51.0 95.0 82.19927122418068
51.0 96.0 81.57323002417665
51.0 97.0 83.522964917042
51.0 98.0 178.50605337807897
51.0 100.0 65.12913004897875
51.0 101.0 1.4769376162558934
51.0 102.0 1.9565768664852636
51.0 104.0 12.670352891895726
51.0 105.0 12.184638791375978
51.0 107.0 153.50599681775248
51.0 109.0 183.33491910172535
51.0 110.0 190.14794008378595
51.0 111.0 187.060776146267
51.0 112.0 14.485741874514115
52.0 53.0 2.134366990143161
52.0 54.0 4.509717930152155
52.0 57.0 164.7371571072091
52.0 59.0 167.62538472696872
52.0 61.0 169.35593505047544
52.0 62.0 172.04846732974784
52.0 63.0 177.6066762288298
52.0 65.0 47.21302744389007
52.0 66.0 52.270723059831866
52.0 67.0 56.97019548563605
52.0 68.0 61.62756138705994
52.0 69.0 66.30023629660192
52.0 70.0 60.137488513808805
52.0 73.0 141.72727629381546
52.0 74.0 146.93399028904452
52.0 75.0 146.17159000404178
52.0 76.0 150.34247548959354
52.0 78.0 154.44127704520548
52.0 79.0 157.99807154473362
52.0 80.0 152.84731561595163
52.0 81.0 153.3030605059733
52.0 82.0 78.62894461711528
52.0 83.0 81.39725145401235
52.0 84.0 149.18187859471203
52.0 86.0 158.99188018739937
52.0 87.0 159.04195697089256
52.0 88.0 171.1036366729387
52.0 89.0 176.1335294761868
52.0 90.0 155.87850441601836
52.0 91.0 154.2812753292241
52.0 92.0 86.75651940726117
52.0 94.0 86.65453514051242
52.0 95.0 88.44880949367865
52.0 96.0 87.82276829459607
52.0 97.0 89.77250318785414
52.0 98.0 184.75559164442623
52.0 100.0 71.37866832045849
52.0 101.0 21.987309202435043
52.0 102.0 22.46694845228209
52.0 104.0 33.18072447811397
52.0 105.0 32.69501037783752
52.0 107.0 159.7555350922109
52.0 109.0 189.58445737395797
52.0 110.0 196.39747835482524
52.0 111.0 193.31031441920595
52.0 112.0 34.99611346102924
53.0 54.0 2.375350939943617
53.0 57.0 166.87152409614464
53.0 59.0 169.75975171803452
53.0 61.0 171.49030204024143
53.0 62.0 174.18283432308692
53.0 63.0 179.7410432196919
53.0 65.0 49.34739443391642
53.0 66.0 54.40509004943243
53.0 67.0 59.10456247582431
53.0 68.0 63.76192837752363
53.0 69.0 68.43460328643737
53.0 70.0 62.27185550326175
53.0 73.0 143.86164328324125
53.0 74.0 149.06835727898033
53.0 75.0 148.305956994353
53.0 76.0 152.47684248028827
53.0 78.0 156.575644033226
53.0 79.0 160.1324385343536
53.0 80.0 154.98168260580775
53.0 81.0 155.43742749339611
53.0 82.0 80.7633116069305
53.0 83.0 83.5316184443865
53.0 84.0 151.31624558509435
53.0 86.0 161.12624717755077
53.0 87.0 161.17632396114956
53.0 88.0 173.238003661272
53.0 89.0 178.26789646606494
53.0 90.0 158.0128714064545
53.0 91.0 156.41564232217414
53.0 92.0 88.89088639736168
53.0 94.0 88.78890213087617
53.0 95.0 90.58317648419117
53.0 96.0 89.95713528476597
53.0 97.0 91.90687017784568
53.0 98.0 186.88995863793468
53.0 100.0 73.51303530899499
53.0 101.0 24.121676192676787
53.0 102.0 24.601315442796157
53.0 104.0 35.31509146803529
53.0 105.0 34.82937736817636
53.0 107.0 161.88990207939077
53.0 109.0 191.71882436080318
53.0 110.0 198.53184534407717
53.0 111.0 195.44468141205127
53.0 112.0 37.13048045115713
54.0 57.0 169.24687503802227
54.0 59.0 172.1351026594328
54.0 61.0 173.86565298501677
54.0 62.0 176.55818525826413
54.0 63.0 182.11639415945592
54.0 65.0 51.72274537376219
54.0 66.0 56.780440989606895
54.0 67.0 61.479913416088934
54.0 68.0 66.1372793175521
54.0 69.0 70.80995422609848
54.0 70.0 64.64720644342793
54.0 73.0 146.23699422375046
54.0 74.0 151.44370821886832
54.0 75.0 150.68130793486665
54.0 76.0 154.85219341719582
54.0 78.0 158.9509949745629
54.0 79.0 162.5077894748564
54.0 80.0 157.35703354848812
54.0 81.0 157.81277843181553
54.0 82.0 83.13866254734728
54.0 83.0 85.90696938422741
54.0 84.0 153.69159652472513
54.0 86.0 163.50159811821408
54.0 87.0 163.55167490112683
54.0 88.0 175.61335460207994
54.0 89.0 180.64324740635362
54.0 90.0 160.3882223421386
54.0 91.0 158.7909932620038
54.0 92.0 91.2662373377622
54.0 94.0 91.16425307068432
54.0 95.0 92.95852742371409
54.0 96.0 92.33248622440551
54.0 97.0 94.28222111742423
54.0 98.0 189.2653095811873
54.0 100.0 75.888386249691
54.0 101.0 26.497027132665615
54.0 102.0 26.976666382943733
54.0 104.0 37.69044240799454
54.0 105.0 37.204728307856186
54.0 107.0 164.2652530200439
54.0 109.0 194.0941753042325
54.0 110.0 200.90719628824044
54.0 111.0 197.82003234726122
54.0 112.0 39.50583139133661
57.0 59.0 7.705261195565413
57.0 61.0 9.435811520134905
57.0 62.0 12.128343800151747
57.0 63.0 17.686552697128135
57.0 65.0 156.34466529827796
57.0 66.0 161.4023609140624
57.0 67.0 166.10183334133373
57.0 68.0 170.75919923718305
57.0 69.0 175.43187414877974
57.0 70.0 169.2691263665557
57.0 73.0 56.45701503479078
57.0 74.0 61.66372902690894
57.0 75.0 60.90132874150579
57.0 76.0 31.383020660017927
57.0 78.0 35.4818222144214
57.0 79.0 39.03861671428578
57.0 80.0 33.887860788256866
57.0 81.0 34.34360567224601
57.0 82.0 170.2982023953897
57.0 83.0 173.06650923562444
57.0 84.0 63.911617331815506
57.0 86.0 73.72161891803572
57.0 87.0 73.77169570405665
57.0 88.0 6.366479565076244
57.0 89.0 11.396372370564197
57.0 90.0 28.092617959012223
57.0 91.0 26.495388875867334
57.0 92.0 178.4257771808362
57.0 94.0 178.3237929173799
57.0 95.0 180.11806727401003
57.0 96.0 179.4920260736703
57.0 97.0 181.44176096629087
57.0 98.0 24.835468117896074
57.0 100.0 180.51030617331023
57.0 101.0 159.9645564513864
57.0 102.0 160.44419570176007
57.0 104.0 171.1579717270283
57.0 105.0 170.67225762689318
57.0 107.0 40.796080258057856
57.0 109.0 29.66433384145994
57.0 110.0 36.4773548244887
57.0 111.0 33.39019088642999
57.0 112.0 172.9733607104572
59.0 61.0 6.7599786868060825
59.0 62.0 9.452510966710273
59.0 63.0 15.01071986365802
59.0 65.0 159.23289291992882
59.0 66.0 164.29058853688025
59.0 67.0 168.99006096406046
59.0 68.0 173.64742685822858
59.0 69.0 178.320101771059
59.0 70.0 172.15735398696836
59.0 73.0 59.34524264587817
59.0 74.0 64.55195664993471
59.0 75.0 63.78955636812597
59.0 76.0 34.271248280800116
59.0 78.0 38.37004983516323
59.0 79.0 41.926844334756076
59.0 80.0 36.77608840880193
59.0 81.0 37.231833293217605
59.0 82.0 173.18643001642388
59.0 83.0 175.95473685882067
59.0 84.0 66.79984495289045
59.0 86.0 76.60984654366182
59.0 87.0 76.65992332351325
59.0 88.0 14.071740760772201
59.0 89.0 19.101633566188145
59.0 90.0 30.980845579831495
59.0 91.0 29.383616496631827
59.0 92.0 181.31400481123654
59.0 94.0 181.21202054199904
59.0 95.0 183.00629489510575
59.0 96.0 182.38025369126458
59.0 97.0 184.32998858967505
59.0 98.0 22.159635284560153
59.0 100.0 183.39853379431355
59.0 101.0 162.85278407165822
59.0 102.0 163.33242332236978
59.0 104.0 174.0461993476079
59.0 105.0 173.56048524755897
59.0 107.0 43.68430787863185
59.0 109.0 26.98850100813504
59.0 110.0 33.801521990391834
59.0 111.0 30.714358052454614
59.0 112.0 175.86158833061086
61.0 62.0 5.684880051366783
61.0 63.0 11.243088948359224
61.0 65.0 160.96344324525012
61.0 66.0 166.02113885990443
61.0 67.0 170.72061128351334
61.0 68.0 175.3779771900729
61.0 69.0 180.0506520930051
61.0 70.0 173.88790431115805
61.0 73.0 61.07579297666889
61.0 74.0 66.28250696897717
61.0 75.0 65.52010669083882
61.0 76.0 36.0017986052255
61.0 78.0 40.10060015958477
61.0 79.0 43.6573946595237
61.0 80.0 38.50663873361863
61.0 81.0 38.962383617758874
61.0 82.0 174.9169803376455
61.0 83.0 177.68528717953427
61.0 84.0 68.53039527966726
61.0 86.0 78.34039687638841
61.0 87.0 78.39047365879391
61.0 88.0 15.802291085234515
61.0 89.0 20.832183890749107
61.0 90.0 32.711395904450924
61.0 91.0 31.114166821144327
61.0 92.0 183.04455513245054
61.0 94.0 182.94257086053716
61.0 95.0 184.73684521451975
61.0 96.0 184.11080401717413
61.0 97.0 186.0605389121466
61.0 98.0 18.39200436913962
61.0 100.0 185.1290841193864
61.0 101.0 164.5833343966398
61.0 102.0 165.06297364690792
61.0 104.0 175.77674967217163
61.0 105.0 175.2910355718452
61.0 107.0 45.414858203556506
61.0 109.0 23.220870092857588
61.0 110.0 30.03389107570804
61.0 111.0 26.946727136505544
61.0 112.0 177.59213865538948
62.0 63.0 9.291711320317061
62.0 65.0 163.65597551986156
62.0 66.0 168.71367113493142
62.0 67.0 173.41314357070632
62.0 68.0 178.0705094667137
62.0 69.0 182.74318438173327
62.0 70.0 176.58043659488231
62.0 73.0 63.76832525308631
62.0 74.0 68.97503924884532
62.0 75.0 68.21263895878104
62.0 76.0 38.69433088534843
62.0 78.0 42.793132439673265
62.0 79.0 46.34992693940168
62.0 80.0 41.199171013527206
62.0 81.0 41.65491589768762
62.0 82.0 177.60951261771328
62.0 83.0 180.37781945484403
62.0 84.0 71.22292755705612
62.0 86.0 81.03292914831097
62.0 87.0 81.0830059291867
62.0 88.0 18.494823365166745
62.0 89.0 23.524716170377317
62.0 90.0 35.40392818432261
62.0 91.0 33.806699101219195
62.0 92.0 185.73708741044985
62.0 94.0 185.63510314418957
62.0 95.0 187.42937749178242
62.0 96.0 186.80333629911928
62.0 97.0 188.75307119287461
62.0 98.0 12.707124317792061
62.0 100.0 187.82161639811173
62.0 101.0 167.27586667689025
62.0 102.0 167.75550592709868
62.0 104.0 178.46928195224748
62.0 105.0 177.98356785189213
62.0 107.0 48.10739048330357
62.0 109.0 17.53599004145487
62.0 110.0 24.349011023900612
62.0 111.0 21.26184708633999
62.0 112.0 180.2846709348269
63.0 65.0 169.214184419164
63.0 66.0 174.27188003312892
63.0 67.0 178.97135245810006
63.0 68.0 183.6287183652015
63.0 69.0 188.3013932701615
63.0 70.0 182.13864548570206
63.0 73.0 69.32653415487597
63.0 74.0 74.53324814644658
63.0 75.0 73.7708478681422
63.0 76.0 44.25253978219602
63.0 78.0 48.35134133642307
63.0 79.0 51.90813583624207
63.0 80.0 46.757379910429414
63.0 81.0 47.21312479435223
63.0 82.0 183.16772151924874
63.0 83.0 185.93602835780553
63.0 84.0 76.78113644913152
63.0 86.0 86.59113804368774
63.0 87.0 86.64121483248468
63.0 88.0 24.053032262629145
63.0 89.0 29.082925067698785
63.0 90.0 40.96213708164244
63.0 91.0 39.36490799848285
63.0 92.0 191.2952963019683
63.0 94.0 191.1933120408736
63.0 95.0 192.98758640056315
63.0 96.0 192.36154520231696
63.0 97.0 194.31128008976074
63.0 98.0 21.998835638397566
63.0 100.0 193.37982529340132
63.0 101.0 172.83407557350114
63.0 102.0 173.31371482388658
63.0 104.0 184.02749084917565
63.0 105.0 183.54177674868106
63.0 107.0 53.66559938017093
63.0 109.0 26.82770136190893
63.0 110.0 33.64072234401449
63.0 111.0 30.55355840654005
63.0 112.0 185.84287983237
65.0 66.0 5.057695615944631
65.0 67.0 9.757168041887407
65.0 68.0 14.41453394348077
65.0 69.0 19.087208852704805
65.0 70.0 35.24220841576013
65.0 73.0 133.3347844852088
65.0 74.0 138.54149848014094
65.0 75.0 137.77909819625083
65.0 76.0 141.94998368169212
65.0 78.0 146.04878523459166
65.0 79.0 149.60557973359124
65.0 80.0 144.45482380909144
65.0 81.0 144.91056869255482
65.0 82.0 70.23645280882846
65.0 83.0 73.00475964627664
65.0 84.0 140.78938678619903
65.0 86.0 150.59938837970316
65.0 87.0 150.6494651626092
65.0 88.0 162.71114486321386
65.0 89.0 167.74103766723948
65.0 90.0 147.48601260506558
65.0 91.0 145.8887835227777
65.0 92.0 78.36402759925367
65.0 94.0 78.26204333239541
65.0 95.0 80.0563176855645
65.0 96.0 79.43027648658682
65.0 97.0 81.38001137945488
65.0 98.0 176.36309983740844
65.0 100.0 24.165640875391738
65.0 101.0 42.4404267895941
65.0 102.0 42.92006603971946
65.0 104.0 53.6338420655527
65.0 105.0 53.14812796456169
65.0 107.0 151.3630432788955
65.0 109.0 181.19196556254968
65.0 110.0 188.00498655060207
65.0 111.0 184.91782260464788
65.0 112.0 55.44923104766305
66.0 67.0 4.699472425955251
66.0 68.0 9.356838327441375
66.0 69.0 14.02951323675776
66.0 70.0 40.29990403171139
66.0 73.0 138.39248010142046
66.0 74.0 143.59919409659034
66.0 75.0 142.83679381216626
66.0 76.0 147.00767929605922
66.0 78.0 151.10648084900336
66.0 79.0 154.663275351377
66.0 80.0 149.51251942543936
66.0 81.0 149.96826431386393
66.0 82.0 75.29414842503647
66.0 83.0 78.0624552621602
66.0 84.0 145.8470824020166
66.0 86.0 155.65708399530462
66.0 87.0 155.70716077882452
66.0 88.0 167.76884047715848
66.0 89.0 172.7987332861939
66.0 90.0 152.54370822143352
66.0 91.0 150.9464791371061
66.0 92.0 83.42172321538331
66.0 94.0 83.31973894866623
66.0 95.0 85.11401330158476
66.0 96.0 84.48797210235439
66.0 97.0 86.43770699551837
66.0 98.0 181.42079545800564
66.0 100.0 19.107945259509997
66.0 101.0 47.498122405113705
66.0 102.0 47.977761655667294
66.0 104.0 58.69153768123236
66.0 105.0 58.20582358069021
66.0 107.0 156.4207388928848
66.0 109.0 186.24966117929623
66.0 110.0 193.06268216397768
66.0 111.0 189.97551822214717
66.0 112.0 60.50692666362944
67.0 68.0 4.657365901563134
67.0 69.0 9.330040810764567
67.0 70.0 44.99937645779646
67.0 73.0 143.0919525270932
67.0 74.0 148.29866652232914
67.0 75.0 147.53626623768417
67.0 76.0 151.70715172358643
67.0 78.0 155.80595327520763
67.0 79.0 159.3627477773515
67.0 80.0 154.21199185163056
67.0 81.0 154.6677367356985
67.0 82.0 79.99362085098895
67.0 83.0 82.76192768783082
67.0 84.0 150.54655482880236
67.0 86.0 160.35655642162507
67.0 87.0 160.40663320453328
67.0 88.0 172.46831290476098
67.0 89.0 177.49820571126665
67.0 90.0 157.24318064646252
67.0 91.0 155.64595156444688
67.0 92.0 88.12119564115144
67.0 94.0 88.01921137448929
67.0 95.0 89.81348572751233
67.0 96.0 89.18744452847828
67.0 97.0 91.13717942174371
67.0 98.0 186.12026788583347
67.0 100.0 14.408472833365122
67.0 101.0 52.197594831179984
67.0 102.0 52.67723408155746
67.0 104.0 63.391010106992866
67.0 105.0 62.90529600667615
67.0 107.0 161.1202113220441
67.0 109.0 190.94913360033706
67.0 110.0 197.76215458888925
67.0 111.0 194.6749906479921
67.0 112.0 65.20639908921763
68.0 69.0 4.672674909192362
68.0 70.0 49.65674235917823
68.0 73.0 147.74931842904107
68.0 74.0 152.9560324239866
68.0 75.0 152.1936321398536
68.0 76.0 156.36451762469125
68.0 78.0 160.46331917944383
68.0 79.0 164.02011367937843
68.0 80.0 158.8693577545255
68.0 81.0 159.3251026358883
68.0 82.0 84.65098675260097
68.0 83.0 87.41929358958771
68.0 84.0 155.20392072975395
68.0 86.0 165.01392232352828
68.0 87.0 165.06399910548953
68.0 88.0 177.1256788142135
68.0 89.0 182.15557161638156
68.0 90.0 161.90054654743903
68.0 91.0 160.30331746519101
68.0 92.0 92.77856154259835
68.0 94.0 92.67657727592871
68.0 95.0 94.47085162877681
68.0 96.0 93.84481042976529
68.0 97.0 95.79454532303062
68.0 98.0 190.77763378149962
68.0 100.0 9.751106931965166
68.0 101.0 56.85496073270074
68.0 102.0 57.33459998315814
68.0 104.0 68.0483760088671
68.0 105.0 67.5626619080544
68.0 107.0 165.7775772215674
68.0 109.0 195.60649951244613
68.0 110.0 202.41952049330285
68.0 111.0 199.33235655344026
68.0 112.0 69.86376499160706
69.0 70.0 54.329417267928235
69.0 73.0 152.42199333753018
69.0 74.0 157.6287073328843
69.0 75.0 156.86630704980564
69.0 76.0 161.03719253453
69.0 78.0 165.1359940875224
69.0 79.0 168.69278858730968
69.0 80.0 163.54203265983472
69.0 81.0 163.9977775442952
69.0 82.0 89.32366166155302
69.0 83.0 92.09196849903714
69.0 84.0 159.87659563919965
69.0 86.0 169.68659723256596
69.0 87.0 169.73667401510883
69.0 88.0 181.7983537154016
69.0 89.0 186.82824651946532
69.0 90.0 166.57322146109038
69.0 91.0 164.97599237461924
69.0 92.0 97.45123645255487
69.0 94.0 97.34925218490963
69.0 95.0 99.14352653762553
69.0 96.0 98.5174853390502
69.0 97.0 100.46722023211302
69.0 98.0 195.45030869546179
69.0 100.0 5.078432022670292
69.0 101.0 61.52763564190254
69.0 102.0 62.00727489258365
69.0 104.0 72.72105091753758
69.0 105.0 72.23533681773338
69.0 107.0 170.45025213257367
69.0 109.0 200.27917441810354
69.0 110.0 207.09219539983906
69.0 111.0 204.00503146379373
69.0 112.0 74.53643990164369
70.0 73.0 146.2592455552239
70.0 74.0 151.46595955053124
70.0 75.0 150.70355926643762
70.0 76.0 154.87444475099034
70.0 78.0 158.9732463065847
70.0 79.0 162.53004080331397
70.0 80.0 157.3792848771974
70.0 81.0 157.8350297614125
70.0 82.0 83.16091387917521
70.0 83.0 85.92922071655813
70.0 84.0 153.71384785634058
70.0 86.0 163.5238494495391
70.0 87.0 163.57392623269547
70.0 88.0 175.6356059324377
70.0 89.0 180.66549873986986
70.0 90.0 160.41047367499593
70.0 91.0 158.81324459347346
70.0 92.0 91.28848866906968
70.0 94.0 91.18650440279474
70.0 95.0 92.98077875571056
70.0 96.0 92.35473755636178
70.0 97.0 94.30447244981322
70.0 98.0 189.2875609134513
70.0 100.0 59.407849291447285
70.0 101.0 55.36488785986215
70.0 102.0 55.844527109814564
70.0 104.0 66.55830313524665
70.0 105.0 66.07258903539221
70.0 107.0 164.28750434676118
70.0 109.0 194.11642663574355
70.0 110.0 200.92944762108334
70.0 111.0 197.84228368045444
70.0 112.0 68.37369211838251
73.0 74.0 15.028135575640604
73.0 75.0 14.265735290995046
73.0 76.0 42.06233341357682
73.0 78.0 46.16113496742033
73.0 79.0 49.71792946796596
73.0 80.0 44.567173541608746
73.0 81.0 45.022918422823054
73.0 82.0 147.28832158168234
73.0 83.0 150.05662841885032
73.0 84.0 7.45460230105114
73.0 86.0 27.08602547432917
73.0 87.0 27.136102257895995
73.0 88.0 62.82349459575037
73.0 89.0 67.85338739881833
73.0 90.0 47.598362338353766
73.0 91.0 46.001133255196656
73.0 92.0 155.41589637206135
73.0 94.0 155.31391210520195
73.0 95.0 157.108186456726
73.0 96.0 156.48214525868264
73.0 97.0 158.4318801512757
73.0 98.0 76.4754495706724
73.0 100.0 157.5004253605797
73.0 101.0 136.95467563890884
73.0 102.0 137.4343148882476
73.0 104.0 148.14809091456658
73.0 105.0 147.66237681490674
73.0 107.0 51.47539301740598
73.0 109.0 81.304315299292
73.0 110.0 88.11733627816895
73.0 111.0 85.03017233955023
73.0 112.0 149.9634798944457
74.0 75.0 10.681620741705267
74.0 76.0 47.26904740781728
74.0 78.0 51.36784896370444
74.0 79.0 54.924643461389195
74.0 80.0 49.77388753608573
74.0 81.0 50.229632420435664
74.0 82.0 152.4950355772953
74.0 83.0 155.26334241397177
74.0 84.0 22.482737876798524
74.0 86.0 23.501910924631698
74.0 87.0 23.551987708030378
74.0 88.0 68.03020859398195
74.0 89.0 73.06010139874923
74.0 90.0 52.805076335431224
74.0 91.0 51.20784725287179
74.0 92.0 160.62261036757536
74.0 94.0 160.52062610059093
74.0 95.0 162.31490045352254
74.0 96.0 161.6888592537197
74.0 97.0 163.6385941470486
74.0 98.0 81.68216356968634
74.0 100.0 162.70713935572462
74.0 101.0 142.16138963456729
74.0 102.0 142.64102888370383
74.0 104.0 153.35480491010463
74.0 105.0 152.8690908097362
74.0 107.0 56.68210700644839
74.0 109.0 86.51102928729087
74.0 110.0 93.3240502731492
74.0 111.0 90.23688633582053
74.0 112.0 155.17019389276714
75.0 76.0 46.50664712351141
75.0 78.0 50.60544867950493
75.0 79.0 54.16224317935147
75.0 80.0 49.011487252917945
75.0 81.0 49.46723213637682
75.0 82.0 151.73263529293757
75.0 83.0 154.50094213000781
75.0 84.0 21.720337592756685
75.0 86.0 12.820290182996434
75.0 87.0 12.870366966215052
75.0 88.0 67.26780830323584
75.0 89.0 72.29770111301339
75.0 90.0 52.04267604949071
75.0 91.0 50.44544696532092
75.0 92.0 159.86021008299213
75.0 94.0 159.7582258157526
75.0 95.0 161.5525001684329
75.0 96.0 160.92645896897528
75.0 97.0 162.87619386251546
75.0 98.0 80.91976328648717
75.0 100.0 161.94473907168964
75.0 101.0 141.3989893502346
75.0 102.0 141.8786285998504
75.0 104.0 152.59240462685466
75.0 105.0 152.10669052559092
75.0 107.0 55.91970672296415
75.0 109.0 85.74862900602702
75.0 110.0 92.56164999340932
75.0 111.0 89.47448605435693
75.0 112.0 154.40779360871693
76.0 78.0 4.098801554353224
76.0 79.0 7.655596054003255
76.0 80.0 12.032797582253476
76.0 81.0 12.488542466391316
76.0 82.0 155.90352077143197
76.0 83.0 158.67182762643952
76.0 84.0 49.516935712845964
76.0 86.0 59.32693730852544
76.0 87.0 59.37701409040638
76.0 88.0 37.74950022496888
76.0 89.0 42.77939303056969
76.0 90.0 22.524367970017828
76.0 91.0 20.927138886842215
76.0 92.0 164.03109556631364
76.0 94.0 163.92911130619515
76.0 95.0 165.7233856573214
76.0 96.0 165.09734445827604
76.0 97.0 167.04707934919685
76.0 98.0 51.40145520311254
76.0 100.0 166.11562455813706
76.0 101.0 145.5698748362712
76.0 102.0 146.04951408599953
76.0 104.0 156.76329011216552
76.0 105.0 156.27757601122454
76.0 107.0 18.941017052067593
76.0 109.0 56.23032092687236
76.0 110.0 63.04334190870515
76.0 111.0 59.95617797184779
76.0 112.0 158.5786790956564
78.0 79.0 3.556794499649076
78.0 80.0 16.13159913657475
78.0 81.0 16.587344020688807
78.0 82.0 160.0023223403491
78.0 83.0 162.77062916781722
78.0 84.0 53.6157372688275
78.0 86.0 63.42573886156865
78.0 87.0 63.475815645596704
78.0 88.0 41.84830177957983
78.0 89.0 46.87819458520961
78.0 90.0 26.623169523865087
78.0 91.0 25.02594044145261
78.0 92.0 168.1298971283714
78.0 94.0 168.0279128529007
78.0 95.0 169.8221872125646
78.0 96.0 169.1961460153829
78.0 97.0 171.14588090708196
78.0 98.0 55.50025675793131
78.0 100.0 170.21442610954512
78.0 101.0 149.66867638895337
78.0 102.0 150.14831564156086
78.0 104.0 160.8620916658894
78.0 105.0 160.3763775651437
78.0 107.0 23.039818606441358
78.0 109.0 60.3291224809884
78.0 110.0 67.14214346380888
78.0 111.0 64.05497952776214
78.0 112.0 162.67748064813009
79.0 80.0 19.688393636128115
79.0 81.0 20.144138520256394
79.0 82.0 163.5591168374512
79.0 83.0 166.32742367314012
79.0 84.0 57.17253176880169
79.0 86.0 66.9825333625966
79.0 87.0 67.0326101455833
79.0 88.0 45.40509627922603
79.0 89.0 50.4349890847533
79.0 90.0 30.179964023798767
79.0 91.0 28.582734940948406
79.0 92.0 171.68669162399001
79.0 94.0 171.58470735765212
79.0 95.0 173.37898171208087
79.0 96.0 172.75294050788924
79.0 97.0 174.7026754026303
79.0 98.0 59.05705125703855
79.0 100.0 173.77122061206683
79.0 101.0 153.2254708906622
79.0 102.0 153.7051101408221
79.0 104.0 164.4188861658688
79.0 105.0 163.93317206490912
79.0 107.0 26.596613106096278
79.0 109.0 63.885916980607334
79.0 110.0 70.69893796296627
79.0 111.0 67.61177402523397
79.0 112.0 166.2342751494906
80.0 81.0 7.294452115725052
80.0 82.0 158.40836091729952
80.0 83.0 161.17666774375743
80.0 84.0 52.02177584382538
80.0 86.0 61.83177743763207
80.0 87.0 61.881854218418894
80.0 88.0 40.25434035338418
80.0 89.0 45.28423315864943
80.0 90.0 25.029208097871443
80.0 91.0 23.431979014847933
80.0 92.0 166.5359356977773
80.0 94.0 166.43395143584422
80.0 95.0 168.22822578574394
80.0 96.0 167.60218460235518
80.0 97.0 169.55191948276547
80.0 98.0 53.90629533147364
80.0 100.0 168.62046468601818
80.0 101.0 148.07471496127414
80.0 102.0 148.55435421162525
80.0 104.0 159.26813024130217
80.0 105.0 158.7824161388292
80.0 107.0 13.7469267013569
80.0 109.0 58.735161054922955
80.0 110.0 65.54818203723914
80.0 111.0 62.46101809917428
80.0 112.0 161.0835192218977
81.0 82.0 158.86410579167165
81.0 83.0 161.63241262943052
81.0 84.0 52.477520727552715
81.0 86.0 62.28752231990465
81.0 87.0 62.337599104715814
81.0 88.0 40.71008523726503
81.0 89.0 45.73997804270192
81.0 90.0 25.484952981813016
81.0 91.0 23.88772389909046
81.0 92.0 166.99168058438522
81.0 94.0 166.8896963063516
81.0 95.0 168.6839706703242
81.0 96.0 168.05792947182948
81.0 97.0 170.0076643699751
81.0 98.0 54.362040215403525
81.0 100.0 169.0762095713243
81.0 101.0 148.53045985030798
81.0 102.0 149.01009909814445
81.0 104.0 159.72387512436677
81.0 105.0 159.23816102652358
81.0 107.0 6.452474585623293
81.0 109.0 59.19090593882526
81.0 110.0 66.00392692144943
81.0 111.0 62.91676298384002
81.0 112.0 161.5392641072085
82.0 83.0 12.11173974720207
82.0 84.0 154.742923882747
82.0 86.0 164.55292547542143
82.0 87.0 164.60300225867672
82.0 88.0 176.664681967188
82.0 89.0 181.6945747674949
82.0 90.0 161.4395497011991
82.0 91.0 159.84232061717012
82.0 92.0 17.47100770036198
82.0 94.0 34.54185104120093
82.0 95.0 36.33612539440264
82.0 96.0 35.7100841951508
82.0 97.0 37.65981908825567
82.0 98.0 190.31663693947792
82.0 100.0 94.40209368481558
82.0 101.0 73.85634396313148
82.0 102.0 74.33598321353425
82.0 104.0 85.04975923869205
82.0 105.0 84.56404513837654
82.0 107.0 165.31658037857426
82.0 109.0 195.1455026669087
82.0 110.0 201.95852364836287
82.0 111.0 198.87135970683732
82.0 112.0 86.86514821759832
83.0 84.0 157.51123071984637
83.0 86.0 167.32123231326818
83.0 87.0 167.37130909639967
83.0 88.0 179.4329887966885
83.0 89.0 184.4628816071657
83.0 90.0 164.20785654231685
83.0 91.0 162.61062745915223
83.0 92.0 5.359267953153392
83.0 94.0 37.31015787841086
83.0 95.0 39.10443223184892
83.0 96.0 38.47839103262061
83.0 97.0 40.42812592547865
83.0 98.0 193.08494377563045
83.0 100.0 97.17040052187821
83.0 101.0 76.62465080017752
83.0 102.0 77.10429005080982
83.0 104.0 87.8180660764001
83.0 105.0 87.33235197535006
83.0 107.0 168.08488721617505
83.0 109.0 197.91380949811608
83.0 110.0 204.72683048292157
83.0 111.0 201.63966654364577
83.0 112.0 89.63345505664842
84.0 86.0 34.540627775772066
84.0 87.0 34.59070455846759
84.0 88.0 70.27809689895867
84.0 89.0 75.30798970057496
84.0 90.0 55.052964639455624
84.0 91.0 53.45573555680632
84.0 92.0 162.87049867294724
84.0 94.0 162.76851440608874
84.0 95.0 164.5627887580531
84.0 96.0 163.9367475595116
84.0 97.0 165.88648245252983
84.0 98.0 83.93005187762253
84.0 100.0 164.95502766139793
84.0 101.0 144.40927794007933
84.0 102.0 144.88891719116253
84.0 104.0 155.60269321608624
84.0 105.0 155.11697911577897
84.0 107.0 58.92999530905789
84.0 109.0 88.75891759609173
84.0 110.0 95.57193857920356
84.0 111.0 92.48477464423998
84.0 112.0 157.41808219606105
86.0 87.0 13.863802332926458
86.0 88.0 80.0880984907615
86.0 89.0 85.11799130584944
86.0 90.0 64.8629662352198
86.0 91.0 63.265737149643044
86.0 92.0 172.680500266056
86.0 94.0 172.578515998848
86.0 95.0 174.3727903521002
86.0 96.0 173.746749152389
86.0 97.0 175.6964840452275
86.0 98.0 93.74005346222047
86.0 100.0 174.76502925454415
86.0 101.0 154.21927953353136
86.0 102.0 154.69891878325615
86.0 104.0 165.4126948089871
86.0 105.0 164.92698070887937
86.0 107.0 68.73999690583881
86.0 109.0 98.56891919052791
86.0 110.0 105.38194017106994
86.0 111.0 102.29477623047615
86.0 112.0 167.228083791301
87.0 88.0 80.13817527592553
87.0 89.0 85.16806808575595
87.0 90.0 64.91304301815524
87.0 91.0 63.315813932549986
87.0 92.0 172.73057704975014
87.0 94.0 172.62859278254007
87.0 95.0 174.4228671351255
87.0 96.0 173.7968259353567
87.0 97.0 175.74656082898176
87.0 98.0 93.79013025083077
87.0 100.0 174.8151060380148
87.0 101.0 154.2693563157014
87.0 102.0 154.74899556541692
87.0 104.0 165.4627715916311
87.0 105.0 164.9770574911733
87.0 107.0 68.79007368909967
87.0 109.0 98.61899597457395
87.0 110.0 105.43201695557656
87.0 111.0 102.34485301463792
87.0 112.0 167.27816057523148
88.0 89.0 5.029892805478104
88.0 90.0 34.45909752411913
88.0 91.0 32.86186844095324
88.0 92.0 184.79225675773756
88.0 94.0 184.69027248346865
88.0 95.0 186.4845468376584
88.0 96.0 185.85850563429813
88.0 97.0 187.80824052576295
88.0 98.0 31.201947682996526
88.0 100.0 186.8767857415795
88.0 101.0 166.33103601636333
88.0 102.0 166.81067526663418
88.0 104.0 177.52445129213572
88.0 105.0 177.03873719172947
88.0 107.0 47.162559823059354
88.0 109.0 36.030813406524146
88.0 110.0 42.84383438862814
88.0 111.0 39.756670451316324
88.0 112.0 179.33984027496172
89.0 90.0 39.488990329515346
89.0 91.0 37.891761246497445
89.0 92.0 189.82214955751698
89.0 94.0 189.72016529272065
89.0 95.0 191.51443964505688
89.0 96.0 190.88839844737123
89.0 97.0 192.83813333850122
89.0 98.0 36.23184048840071
89.0 100.0 191.90667853981054
89.0 101.0 171.36092882233706
89.0 102.0 171.84056807203513
89.0 104.0 182.5543440974802
89.0 105.0 182.06862999717387
89.0 107.0 52.192452628655644
89.0 109.0 41.060706212016555
89.0 110.0 47.87372719424222
89.0 111.0 44.786563256542216
89.0 112.0 184.3697330802956
90.0 91.0 12.526684541154221
90.0 92.0 169.56712450023764
90.0 94.0 169.4651402315272
90.0 95.0 171.25941458517192
90.0 96.0 170.63337339173788
90.0 97.0 172.5831082737875
90.0 98.0 48.11105250228144
90.0 100.0 171.65165348033344
90.0 101.0 151.10590376074595
90.0 102.0 151.58554300968592
90.0 104.0 162.2993190355956
90.0 105.0 161.81360493724316
90.0 107.0 31.937427567469825
90.0 109.0 52.93991822550527
90.0 110.0 59.75293920639842
90.0 111.0 56.66577527322699
90.0 112.0 164.1147080197515
91.0 92.0 167.9698954124999
91.0 94.0 167.86791114898665
91.0 95.0 169.66218550077747
91.0 96.0 169.03614429697163
91.0 97.0 170.98587919371298
91.0 98.0 46.51382341871536
91.0 100.0 170.05442439726065
91.0 101.0 149.50867467894193
91.0 102.0 149.98831392701558
91.0 104.0 160.70208995264574
91.0 105.0 160.2163758535757
91.0 107.0 30.34019848492919
91.0 109.0 51.342689142432405
91.0 110.0 58.15571012088008
91.0 111.0 55.0685461916549
91.0 112.0 162.51747893812495
92.0 94.0 42.66942583152107
92.0 95.0 44.46370018450135
92.0 96.0 43.83765898531615
92.0 97.0 45.78739387854171
92.0 98.0 198.4442117278458
92.0 100.0 102.52966847466993
92.0 101.0 81.98391875407415
92.0 102.0 82.46355800385572
92.0 104.0 93.17733402900828
92.0 105.0 92.69161992867328
92.0 107.0 173.44415516524347
92.0 109.0 203.27307745184643
92.0 110.0 210.08609843495196
92.0 111.0 206.99893450162602
92.0 112.0 94.99272300934405
94.0 95.0 11.94011863980202
94.0 96.0 11.314077440917288
94.0 97.0 13.263812333687067
94.0 98.0 198.3422274631863
94.0 100.0 102.42768420802983
94.0 101.0 81.88193448665903
94.0 102.0 82.36157373709696
94.0 104.0 93.07534976202952
94.0 105.0 92.58963566156862
94.0 107.0 173.3421709083524
94.0 109.0 203.17109319551918
94.0 110.0 209.98411416838672
94.0 111.0 206.8969502339768
94.0 112.0 94.8907387488812
95.0 96.0 2.6260411990613983
95.0 97.0 1.3236936939420818
95.0 98.0 200.1365018139268
95.0 100.0 104.22195856039139
95.0 101.0 83.67620884002656
95.0 102.0 84.1558480894165
95.0 104.0 94.86962411576735
95.0 105.0 94.38391001374177
95.0 107.0 175.13644526539437
95.0 109.0 204.96536753913347
95.0 110.0 211.77838852194887
95.0 111.0 208.69122458246306
95.0 112.0 96.685013118032
96.0 97.0 3.949734893020172
96.0 98.0 199.51046061926752
96.0 100.0 103.59591736200906
96.0 101.0 83.05016764055253
96.0 102.0 83.52980688999025
96.0 104.0 94.24358291531652
96.0 105.0 93.75786881507877
96.0 107.0 174.5104040611894
96.0 109.0 204.33932633765627
96.0 110.0 211.1523473169296
96.0 111.0 208.06518338514752
96.0 112.0 96.05897190970833
97.0 98.0 201.46019551068554
97.0 100.0 105.54565225522703
97.0 101.0 84.99990253423373
97.0 102.0 85.47954178250978
97.0 104.0 96.19331780801585
97.0 105.0 95.70760370702837
97.0 107.0 176.46013894779793
97.0 109.0 206.2890612311658
97.0 110.0 213.102082211905
97.0 111.0 210.01491827737783
97.0 112.0 98.00870679938336
98.0 100.0 200.52874071151024
98.0 101.0 179.98299099451094
98.0 102.0 180.4626302447469
98.0 104.0 191.1764062700397
98.0 105.0 190.69069216939766
98.0 107.0 60.814514801195145
98.0 109.0 17.283062102146797
98.0 110.0 24.096083084559393
98.0 111.0 21.008919146851177
98.0 112.0 192.9917952533212
100.0 101.0 66.60606766575991
100.0 102.0 67.08570691536248
100.0 104.0 77.79948294047031
100.0 105.0 77.31376884006642
100.0 107.0 175.5286841567265
100.0 109.0 205.3576064400154
100.0 110.0 212.17062742519397
100.0 111.0 209.08346348110854
100.0 112.0 79.61487192371388
101.0 102.0 3.433514482787965
101.0 104.0 11.193415275592272
101.0 105.0 10.707701175712506
101.0 107.0 154.9829344327755
101.0 109.0 184.81185671810493
101.0 110.0 191.62487769998972
101.0 111.0 188.53771376240928
101.0 112.0 13.008804259011086
102.0 104.0 14.626929758519074
102.0 105.0 14.141215657821885
102.0 107.0 155.4625736829244
102.0 109.0 185.29149596819317
102.0 110.0 192.10451695038475
102.0 111.0 189.01735301268246
102.0 112.0 16.442318742211206
104.0 105.0 13.315721150719096
104.0 107.0 166.1763497062458
104.0 109.0 196.0052719935278
104.0 110.0 202.81829297564116
104.0 111.0 199.73112903824892
104.0 112.0 15.616824234140921
105.0 107.0 165.69063561051206
105.0 109.0 195.51955789328386
105.0 110.0 202.33257887509905
105.0 111.0 199.24541493735586
105.0 112.0 2.3011030834411197
107.0 109.0 65.64338052475364
107.0 110.0 72.45640150688044
107.0 111.0 69.36923756946243
107.0 112.0 167.99173869394457
109.0 110.0 15.859289577329697
109.0 111.0 12.772125639417876
109.0 112.0 197.82066097639736
110.0 111.0 7.100076899721143
110.0 112.0 204.63368195901737
111.0 112.0 201.54651802104019
