2.0 3.0 6.817472392254491
2.0 4.0 6.809883361155487
2.0 5.0 14.153437352624314
2.0 6.0 21.42489459434543
2.0 11.0 47.08350854310892
2.0 13.0 53.700614105371784
2.0 16.0 65.25348255401359
2.0 18.0 13.546867850307875
2.0 20.0 20.093636487493526
2.0 21.0 26.723082710368473
2.0 23.0 32.9529384941889
2.0 24.0 40.73829517576121
2.0 26.0 53.56045294865821
2.0 27.0 59.79331630871836
2.0 29.0 74.32642742647378
2.0 30.0 74.78404107565339
2.0 31.0 80.9767917329716
2.0 36.0 101.27417408773132
2.0 39.0 111.88564575503472
2.0 40.0 116.35275244356217
2.0 42.0 47.18007739593105
2.0 43.0 55.75347339126375
2.0 44.0 55.63274876291092
2.0 46.0 71.48864286694477
2.0 47.0 71.68056036561845
2.0 48.0 80.4658608546039
2.0 49.0 56.4559571352583
2.0 50.0 64.92526882475076
2.0 51.0 65.50080664778233
2.0 52.0 73.46537674729291
2.0 53.0 78.02339093409057
2.0 54.0 82.48934057318385
2.0 57.0 128.66452911296096
2.0 59.0 133.63837078631232
2.0 61.0 137.1530201815326
2.0 62.0 145.55226327954603
2.0 63.0 146.22699740451895
2.0 65.0 62.5710363383392
2.0 66.0 69.71104741532001
2.0 67.0 77.65803064174342
2.0 68.0 84.83014215534871
2.0 69.0 92.33430554349185
2.0 70.0 79.83369591506386
2.0 73.0 90.38968143731701
2.0 74.0 97.89834561533058
2.0 75.0 97.78827302591374
2.0 76.0 98.74528195006769
2.0 78.0 106.39866601663775
2.0 79.0 113.6549314312673
2.0 80.0 107.3598707736015
2.0 81.0 107.56775910760527
2.0 82.0 64.2941231210227
2.0 83.0 67.01910486819702
2.0 84.0 98.69997345266658
2.0 86.0 114.23925686911511
2.0 87.0 114.74525089518355
2.0 88.0 137.235540236136
2.0 89.0 145.04997994038322
2.0 90.0 107.90558140096695
2.0 91.0 106.78122871025643
2.0 92.0 75.24478794597417
2.0 94.0 70.67000201854401
2.0 95.0 75.37330921372282
2.0 96.0 72.04596417625234
2.0 97.0 81.42823937717371
2.0 98.0 160.9118345564649
2.0 100.0 100.27988560154449
2.0 101.0 72.03177182876762
2.0 102.0 72.26121981806818
2.0 104.0 87.76604657583258
2.0 105.0 87.78248498649542
2.0 107.0 116.04786619607134
2.0 109.0 166.38037137106386
2.0 110.0 177.02798982237175
2.0 111.0 175.91629062468996
2.0 112.0 94.49085921724631
3.0 4.0 13.62735575291801
3.0 5.0 7.335964960737302
3.0 6.0 14.607422202585537
3.0 11.0 40.26603615101713
3.0 13.0 46.883141713782074
3.0 16.0 58.436010162575215
3.0 18.0 20.36434024208038
3.0 20.0 26.911108879358103
3.0 21.0 33.5405551020435
3.0 23.0 39.77041088607591
3.0 24.0 47.555767567213316
3.0 26.0 60.3779253405939
3.0 27.0 66.61078870013961
3.0 29.0 81.14389982102024
3.0 30.0 81.60151346740099
3.0 31.0 87.79426412188039
3.0 36.0 108.09164645930024
3.0 39.0 118.70311814296852
3.0 40.0 123.17022483626117
3.0 42.0 40.36260500418024
3.0 43.0 48.93600099980355
3.0 44.0 48.81527637075666
3.0 46.0 64.67117047454153
3.0 47.0 64.86308797428221
3.0 48.0 73.64838846302109
3.0 49.0 49.63848474324835
3.0 50.0 58.10779643305867
3.0 51.0 58.683334254917
3.0 52.0 66.64790435543341
3.0 53.0 71.20591854325437
3.0 54.0 75.67186818190427
3.0 57.0 135.48200150632334
3.0 59.0 140.45584318308642
3.0 61.0 143.97049258013845
3.0 62.0 152.36973567459938
3.0 63.0 153.04446979836757
3.0 65.0 55.753563946963446
3.0 66.0 62.89357502432545
3.0 67.0 70.84055824962815
3.0 68.0 78.01266976408269
3.0 69.0 85.51683315379817
3.0 70.0 73.01622352389627
3.0 73.0 97.20715382902569
3.0 74.0 104.71581800733941
3.0 75.0 104.60574541760563
3.0 76.0 105.56275434885478
3.0 78.0 113.21613841288656
3.0 79.0 120.47240382529736
3.0 80.0 114.17734319797162
3.0 81.0 114.38523155274952
3.0 82.0 57.47665072946628
3.0 83.0 60.201632476318835
3.0 84.0 105.51744584394238
3.0 86.0 121.05672926071426
3.0 87.0 121.56272328649965
3.0 88.0 144.05301262823798
3.0 89.0 151.8674523251123
3.0 90.0 114.72305379454126
3.0 91.0 113.59870111814502
3.0 92.0 68.42731555327792
3.0 94.0 63.852529627704335
3.0 95.0 68.55583682225219
3.0 96.0 65.22849178502628
3.0 97.0 74.61076698626557
3.0 98.0 167.72930694483796
3.0 100.0 93.46241321024503
3.0 101.0 65.21429943700089
3.0 102.0 65.44374742593953
3.0 104.0 80.94857418451623
3.0 105.0 80.96501259439604
3.0 107.0 122.86533858268129
3.0 109.0 173.19784376867074
3.0 110.0 183.84546221295673
3.0 111.0 182.73376300841136
3.0 112.0 87.67338682472369
4.0 5.0 20.963320713362855
4.0 6.0 28.23477795527644
4.0 11.0 53.89339190394318
4.0 13.0 60.510497466358
4.0 16.0 72.06336591405362
4.0 18.0 6.73698448930462
4.0 20.0 13.283753126587502
4.0 21.0 19.91319934948783
4.0 23.0 26.143055133161404
4.0 24.0 33.928411814706045
4.0 26.0 46.7505695879776
4.0 27.0 52.983432947219825
4.0 29.0 67.51654407044995
4.0 30.0 67.97415771446077
4.0 31.0 74.16690836428421
4.0 36.0 94.4642907279021
4.0 39.0 105.07576239329683
4.0 40.0 109.54286908646719
4.0 42.0 53.98996075689229
4.0 43.0 62.56335675217919
4.0 44.0 62.44263212310098
4.0 46.0 78.29852622664508
4.0 47.0 78.49044372713828
4.0 48.0 87.27574421535229
4.0 49.0 63.26584049551405
4.0 50.0 71.73515218525041
4.0 51.0 72.31069000757861
4.0 52.0 80.27526010784285
4.0 53.0 84.83327429437621
4.0 54.0 89.29922393341383
4.0 57.0 121.85464575566061
4.0 59.0 126.82848742159538
4.0 61.0 130.3431368276664
4.0 62.0 138.74237991929058
4.0 63.0 139.41711404540052
4.0 65.0 69.3809196996926
4.0 66.0 76.52093077648584
4.0 67.0 84.46791400252175
4.0 68.0 91.64002551552844
4.0 69.0 99.1441889053882
4.0 70.0 86.64357927621471
4.0 73.0 83.57979807612556
4.0 74.0 91.08846225461087
4.0 75.0 90.97838966503228
4.0 76.0 91.93539858881908
4.0 78.0 99.58878265841128
4.0 79.0 106.84504806084097
4.0 80.0 100.549987429899
4.0 81.0 100.75787575782985
4.0 82.0 71.10400648219186
4.0 83.0 73.82898823041151
4.0 84.0 91.89009009195556
4.0 86.0 107.42937350792057
4.0 87.0 107.93536753391481
4.0 88.0 130.4256568767251
4.0 89.0 138.2400965724364
4.0 90.0 101.09569804410907
4.0 91.0 99.97134535308338
4.0 92.0 82.05467130717217
4.0 94.0 77.47988537943374
4.0 95.0 82.18319257422878
4.0 96.0 78.85584753785145
4.0 97.0 88.23812273617101
4.0 98.0 154.10195119538974
4.0 100.0 107.08976896277304
4.0 101.0 78.84165519020863
4.0 102.0 79.07110317764594
4.0 104.0 94.57592993669233
4.0 105.0 94.59236834758524
4.0 107.0 109.23798280106709
4.0 109.0 159.57048801315557
4.0 110.0 170.21810646158673
4.0 111.0 169.1064072588895
4.0 112.0 101.30074257852462
5.0 6.0 7.271457241997403
5.0 11.0 32.93007119065187
5.0 13.0 39.54717675272541
5.0 16.0 51.10004520139674
5.0 18.0 27.700305202669607
5.0 20.0 34.24707383989439
5.0 21.0 40.876520062841095
5.0 23.0 47.10637584656753
5.0 24.0 54.891732527974774
5.0 26.0 67.71389030204689
5.0 27.0 73.94675366025265
5.0 29.0 88.47986477847945
5.0 30.0 88.9374784273814
5.0 31.0 95.1302290918723
5.0 36.0 115.4276114184712
5.0 39.0 126.0390831039952
5.0 40.0 130.50618979712192
5.0 42.0 33.02664004338132
5.0 43.0 41.60003603916189
5.0 44.0 41.479311409778504
5.0 46.0 57.33520551403615
5.0 47.0 57.52712301304544
5.0 48.0 66.31242350232353
5.0 49.0 42.30251978214451
5.0 50.0 50.77183147245283
5.0 51.0 51.347369295135174
5.0 52.0 59.311939394841986
5.0 53.0 63.86995358166557
5.0 54.0 68.33590322117944
5.0 57.0 142.8179664689197
5.0 59.0 147.79180813532363
5.0 61.0 151.30645753752594
5.0 62.0 159.70570062919268
5.0 63.0 160.3804347598065
5.0 65.0 48.417598986777975
5.0 66.0 55.557610063010884
5.0 67.0 63.50459328940494
5.0 68.0 70.67670480278325
5.0 69.0 78.18086819169667
5.0 70.0 65.68025856270646
5.0 73.0 104.54311878949616
5.0 74.0 112.05178296781514
5.0 75.0 111.94171037819197
5.0 76.0 112.8987192948668
5.0 78.0 120.55210336463932
5.0 79.0 127.80836877787542
5.0 80.0 121.51330817109752
5.0 81.0 121.72119650391858
5.0 82.0 50.140685768802484
5.0 83.0 52.86566751663398
5.0 84.0 112.85341080601847
5.0 86.0 128.39269422112736
5.0 87.0 128.89868824706548
5.0 88.0 151.38897758802972
5.0 89.0 159.2034172876053
5.0 90.0 122.05901876473833
5.0 91.0 120.93466606594227
5.0 92.0 61.0913505943737
5.0 94.0 56.516564665871535
5.0 95.0 61.2198718633762
5.0 96.0 57.89252682478045
5.0 97.0 67.27480202331984
5.0 98.0 175.0652719082126
5.0 100.0 86.12644824938205
5.0 101.0 57.878334476623436
5.0 102.0 58.107782465384744
5.0 104.0 73.61260922257617
5.0 105.0 73.6290476344756
5.0 107.0 130.2013035410856
5.0 109.0 180.53380872634546
5.0 110.0 191.18142717646253
5.0 111.0 190.06972797127497
5.0 112.0 80.33742186537596
6.0 11.0 25.658613948746048
6.0 13.0 32.275719510768866
6.0 16.0 43.828587959861466
6.0 18.0 34.971762444536026
6.0 20.0 41.51853108169268
6.0 21.0 48.1479773046855
6.0 23.0 54.377833088578285
6.0 24.0 62.16318976992413
6.0 26.0 74.98534754382996
6.0 27.0 81.21821090193748
6.0 29.0 95.75132202789061
6.0 30.0 96.20893566985032
6.0 31.0 102.40168632231902
6.0 36.0 122.69906868127853
6.0 39.0 133.31054034826934
6.0 40.0 137.77764703944075
6.0 42.0 25.75518280135018
6.0 43.0 34.32857879737188
6.0 44.0 34.207854167777455
6.0 46.0 50.06374827183372
6.0 47.0 50.25566577174214
6.0 48.0 59.04096625999648
6.0 49.0 35.03106253998075
6.0 50.0 43.500374230059435
6.0 51.0 44.07591205301615
6.0 52.0 52.04048215285475
6.0 53.0 56.59849633930034
6.0 54.0 61.06444597879837
6.0 57.0 150.08942370723236
6.0 59.0 155.0632653810227
6.0 61.0 158.57791478250863
6.0 62.0 166.9771578734727
6.0 63.0 167.6518920013822
6.0 65.0 41.14614174438567
6.0 66.0 48.2861528205406
6.0 67.0 56.23313604880406
6.0 68.0 63.405247560603264
6.0 69.0 70.90941095141687
6.0 70.0 58.408801320566695
6.0 73.0 111.81457603122408
6.0 74.0 119.3232402093904
6.0 75.0 119.21316762007811
6.0 76.0 120.17017653836649
6.0 78.0 127.82356061440785
6.0 79.0 135.07982602791046
6.0 80.0 128.78476538463553
6.0 81.0 128.9926537337472
6.0 82.0 42.86922852692757
6.0 83.0 45.594210275479696
6.0 84.0 120.12486804713774
6.0 86.0 135.66415146308864
6.0 87.0 136.1701454893929
6.0 88.0 158.6604348316595
6.0 89.0 166.47487452769462
6.0 90.0 129.33047602121871
6.0 91.0 128.20612331887781
6.0 92.0 53.81989335151368
6.0 94.0 49.245107424154114
6.0 95.0 53.948414618135885
6.0 96.0 50.621069581742645
6.0 97.0 60.00334478091792
6.0 98.0 182.33672914427763
6.0 100.0 78.85499100640614
6.0 101.0 50.60687723382753
6.0 102.0 50.836325223918614
6.0 104.0 66.34115198154251
6.0 105.0 66.35759039177287
6.0 107.0 137.47276077859215
6.0 109.0 187.80526596591255
6.0 110.0 198.4528844146457
6.0 111.0 197.34118521407368
6.0 112.0 73.0659646231375
11.0 13.0 26.617105562469355
11.0 16.0 38.169974010998956
11.0 18.0 60.630376393208344
11.0 20.0 67.17714503069098
11.0 21.0 73.80659125333266
11.0 23.0 80.0364470371711
11.0 24.0 87.82180371845567
11.0 26.0 100.64396149229455
11.0 27.0 106.87682485163866
11.0 29.0 121.40993597775686
11.0 30.0 121.86754961846108
11.0 31.0 128.06030027362357
11.0 36.0 148.357682636206
11.0 39.0 158.96915430046602
11.0 40.0 163.43626099014207
11.0 42.0 35.89358007214345
11.0 43.0 44.466976067959244
11.0 44.0 44.34625143867604
11.0 46.0 60.202145542737114
11.0 47.0 60.394063042332206
11.0 48.0 69.1793635309748
11.0 49.0 45.16945981113834
11.0 50.0 53.638771500825314
11.0 51.0 54.2143093237739
11.0 52.0 62.17887942343022
11.0 53.0 66.7368936110166
11.0 54.0 71.20284324928063
11.0 57.0 175.74803765409507
11.0 59.0 180.72187932930268
11.0 61.0 184.23652873192066
11.0 62.0 192.6357718233304
11.0 63.0 193.31050594977165
11.0 65.0 51.28453901532308
11.0 66.0 58.42455009223242
11.0 67.0 66.37153331838545
11.0 68.0 73.54364483087295
11.0 69.0 81.04780822071022
11.0 70.0 68.54719859166389
11.0 73.0 137.47318997980375
11.0 74.0 144.98185415823068
11.0 75.0 144.8717815689178
11.0 76.0 145.82879051772153
11.0 78.0 153.4821745592526
11.0 79.0 160.7384399663859
11.0 80.0 154.4433793598393
11.0 81.0 154.6512676921178
11.0 82.0 37.21061457886324
11.0 83.0 39.93559632624182
11.0 84.0 145.78348199553858
11.0 86.0 161.32276541192965
11.0 87.0 161.8287594376782
11.0 88.0 184.31904877974623
11.0 89.0 192.13348848209006
11.0 90.0 154.9890899437174
11.0 91.0 153.8647372696186
11.0 92.0 48.161279402135165
11.0 94.0 43.58649347547173
11.0 95.0 48.289800668257755
11.0 96.0 44.962455632622294
11.0 97.0 54.34473083132005
11.0 98.0 207.99534309337741
11.0 100.0 88.99338827829756
11.0 101.0 60.74527450531757
11.0 102.0 60.97472249430036
11.0 104.0 76.47954925273459
11.0 105.0 76.49598766320373
11.0 107.0 163.1313747397012
11.0 109.0 213.4638799164326
11.0 110.0 224.11149836862396
11.0 111.0 222.99979916678132
11.0 112.0 83.20436189353967
13.0 16.0 30.779043087690397
13.0 18.0 67.24748195519028
13.0 20.0 73.79425059349005
13.0 21.0 80.42369681536944
13.0 23.0 86.65355259957347
13.0 24.0 94.43890928137479
13.0 26.0 107.26106705612554
13.0 27.0 113.49393041253813
13.0 29.0 128.02704153142662
13.0 30.0 128.48465518160754
13.0 31.0 134.67740584567764
13.0 36.0 154.97478818180605
13.0 39.0 165.58625986037424
13.0 40.0 170.05336654895143
13.0 42.0 42.51068563403
13.0 43.0 51.08408162948122
13.0 44.0 50.963357000888294
13.0 46.0 66.81925110473523
13.0 47.0 67.011168604202
13.0 48.0 75.79646909329156
13.0 49.0 51.78656537306439
13.0 50.0 60.25587706342762
13.0 51.0 60.83141488609162
13.0 52.0 68.79598498566068
13.0 53.0 73.35399917278755
13.0 54.0 77.81994881110126
13.0 57.0 182.3651432182496
13.0 59.0 187.33898489374542
13.0 61.0 190.85363429151136
13.0 62.0 199.2528773832868
13.0 63.0 199.92761150948877
13.0 65.0 57.90164457682218
13.0 66.0 65.04165565442273
13.0 67.0 72.98863887965564
13.0 68.0 80.16075039291485
13.0 69.0 87.66491378296274
13.0 70.0 75.16430415390506
13.0 73.0 144.0902955434477
13.0 74.0 151.59895972073846
13.0 75.0 151.48888712948497
13.0 76.0 152.44589608547955
13.0 78.0 160.09928011985744
13.0 79.0 167.35554552885924
13.0 80.0 161.06048493209695
13.0 81.0 161.26837324068237
13.0 82.0 29.819683655611584
13.0 83.0 32.54466540343657
13.0 84.0 152.40058755739912
13.0 86.0 167.93987097152348
13.0 87.0 168.4458650006698
13.0 88.0 190.9361543409928
13.0 89.0 198.7505940378968
13.0 90.0 161.60619551095039
13.0 91.0 160.48184281322202
13.0 92.0 40.770348479453844
13.0 94.0 36.195562552339716
13.0 95.0 40.898869746920866
13.0 96.0 37.57152470958008
13.0 97.0 46.95379990939327
13.0 98.0 214.61244865584655
13.0 100.0 95.6104938402541
13.0 101.0 67.36238006776259
13.0 102.0 67.59182805685347
13.0 104.0 83.09665481523999
13.0 105.0 83.11309322518181
13.0 107.0 169.74848029040453
13.0 109.0 220.08098547988038
13.0 110.0 230.7286039269114
13.0 111.0 229.61690472203423
13.0 112.0 89.8214674558975
16.0 18.0 78.80035040451064
16.0 20.0 85.34711904186945
16.0 21.0 91.97656526402311
16.0 23.0 98.20642104759624
16.0 24.0 105.99177773028197
16.0 26.0 118.81393550373612
16.0 27.0 125.04679886127839
16.0 29.0 139.5799099803889
16.0 30.0 140.03752362955697
16.0 31.0 146.23027428521794
16.0 36.0 166.52765661807982
16.0 39.0 177.13912830848568
16.0 40.0 181.6062350019227
16.0 42.0 54.0635540829832
16.0 43.0 62.63695007910728
16.0 44.0 62.51622544874873
16.0 46.0 78.37211955383064
16.0 47.0 78.56403705210832
16.0 48.0 87.3493375416059
16.0 49.0 63.33943382066707
16.0 50.0 71.80874551100493
16.0 51.0 72.38428333341477
16.0 52.0 80.34885343470002
16.0 53.0 84.90686762164441
16.0 54.0 89.37281726004542
16.0 57.0 193.91801166745148
16.0 59.0 198.89185333928097
16.0 61.0 202.40650273815567
16.0 62.0 210.80574583608205
16.0 63.0 211.4804799607682
16.0 65.0 69.45451302512404
16.0 66.0 76.59452410336297
16.0 67.0 84.54150732909578
16.0 68.0 91.71361884124184
16.0 69.0 99.21778223186406
16.0 70.0 86.71717260216869
16.0 73.0 155.6431639907758
16.0 74.0 163.1518281679418
16.0 75.0 163.04175558081886
16.0 76.0 163.99876450537812
16.0 78.0 171.65214856744248
16.0 79.0 178.90841397878793
16.0 80.0 172.61335336339766
16.0 81.0 172.82124167583473
16.0 82.0 28.7299330742025
16.0 83.0 31.454914821240333
16.0 84.0 163.95345600613066
16.0 86.0 179.49273942510774
16.0 87.0 179.99873344982905
16.0 88.0 202.4890227883416
16.0 89.0 210.30346248648348
16.0 90.0 173.15906395290475
16.0 91.0 172.03471126691966
16.0 92.0 39.68059789792066
16.0 94.0 23.316557507864005
16.0 95.0 28.019864702433065
16.0 96.0 24.69251966514666
16.0 97.0 34.07479486494242
16.0 98.0 226.16531710425505
16.0 100.0 107.16336228928762
16.0 101.0 78.91524851645664
16.0 102.0 79.14469650492134
16.0 104.0 94.64952326277658
16.0 105.0 94.66596167292035
16.0 107.0 181.3013487433517
16.0 109.0 231.63385392064606
16.0 110.0 242.28147237099972
16.0 111.0 241.16977317486396
16.0 112.0 101.3743359041967
18.0 20.0 6.546768637223812
18.0 21.0 13.176214860188681
18.0 23.0 19.406070643803435
18.0 24.0 27.19142732520314
18.0 26.0 40.01358509788625
18.0 27.0 46.24644845826366
18.0 29.0 60.779559573837645
18.0 30.0 61.23717322604701
18.0 31.0 67.42992388830427
18.0 36.0 87.72730622519845
18.0 39.0 98.33877790238881
18.0 40.0 102.80588459424848
18.0 42.0 60.726945246223806
18.0 43.0 69.30034124157103
18.0 44.0 69.17961661246369
18.0 46.0 85.03551071667998
18.0 47.0 85.22742821595837
18.0 48.0 94.01272870497829
18.0 49.0 70.0028249855667
18.0 50.0 78.47213667414016
18.0 51.0 79.04767449763344
18.0 52.0 87.01224459717906
18.0 53.0 91.57025878421214
18.0 54.0 96.03620842330716
18.0 57.0 115.1176612649929
18.0 59.0 120.09150293346823
18.0 61.0 123.60615233512317
18.0 62.0 132.00539542877513
18.0 63.0 132.68012955825742
18.0 65.0 76.11790418946569
18.0 66.0 83.25791526557128
18.0 67.0 91.20489849215396
18.0 68.0 98.37701000513773
18.0 69.0 105.88117339438006
18.0 70.0 93.3805637657466
18.0 73.0 76.84281358669634
18.0 74.0 84.35147776523047
18.0 75.0 84.24140517396575
18.0 76.0 85.19841409212319
18.0 78.0 92.85179816328407
18.0 79.0 100.10806357768797
18.0 80.0 93.81300296801828
18.0 81.0 94.02089126344502
18.0 82.0 77.84099097142605
18.0 83.0 80.5659727190535
18.0 84.0 85.15310560214084
18.0 86.0 100.69238901879447
18.0 87.0 101.19838304469762
18.0 88.0 123.68867238578197
18.0 89.0 131.50311208328282
18.0 90.0 94.35871354800025
18.0 91.0 93.23436087628262
18.0 92.0 88.7916557960626
18.0 94.0 84.21686986842226
18.0 95.0 88.92017706321089
18.0 96.0 85.59283202620333
18.0 97.0 94.97510722600785
18.0 98.0 147.364966703411
18.0 100.0 113.82675345169909
18.0 101.0 85.57863967943986
18.0 102.0 85.80808766820036
18.0 104.0 101.31291442613532
18.0 105.0 101.32935283694012
18.0 107.0 102.50099834209013
18.0 109.0 152.83350352304126
18.0 110.0 163.48112196999955
18.0 111.0 162.3694227675705
18.0 112.0 108.0377270685976
20.0 21.0 6.629446223099691
20.0 23.0 12.859302006662535
20.0 24.0 20.64465868772021
20.0 26.0 33.4668164615716
20.0 27.0 39.69967982105895
20.0 29.0 54.232790940427876
20.0 30.0 54.69040458777731
20.0 31.0 60.88315524316826
20.0 36.0 81.18053759080902
20.0 39.0 91.79200926398654
20.0 40.0 96.25911595827603
20.0 42.0 67.2737138832388
20.0 43.0 75.84710987896686
20.0 44.0 75.72638524999151
20.0 46.0 91.58227935429673
20.0 47.0 91.77419685312489
20.0 48.0 100.55949734237959
20.0 49.0 76.5495936219346
20.0 50.0 85.01890531206818
20.0 51.0 85.5944431340605
20.0 52.0 93.55901323443578
20.0 53.0 98.1170274217797
20.0 54.0 102.58297706034692
20.0 57.0 108.57089262791263
20.0 59.0 113.54473429723885
20.0 61.0 117.05938369692959
20.0 62.0 125.45862679233562
20.0 63.0 126.13336091586105
20.0 65.0 82.6646728264341
20.0 66.0 89.80468390337109
20.0 67.0 97.75166712937269
20.0 68.0 104.92377864242718
20.0 69.0 112.4279420310294
20.0 70.0 99.92733240242715
20.0 73.0 70.2960449496296
20.0 74.0 77.80470912825179
20.0 75.0 77.69463653852024
20.0 76.0 78.65164547343045
20.0 78.0 86.30502952440082
20.0 79.0 93.56129493381104
20.0 80.0 87.26623434718374
20.0 81.0 87.47412264067842
20.0 82.0 84.38775960867244
20.0 83.0 87.11274135545793
20.0 84.0 78.60633696529301
20.0 86.0 94.14562038160618
20.0 87.0 94.651614407496
20.0 88.0 117.14190374946483
20.0 89.0 124.95634344583235
20.0 90.0 87.811944911501
20.0 91.0 86.68759223645057
20.0 92.0 95.33842443317651
20.0 94.0 90.76363850509983
20.0 95.0 95.4669457015205
20.0 96.0 92.13960066291068
20.0 97.0 101.52187586430514
20.0 98.0 140.81819806991498
20.0 100.0 120.3735220894257
20.0 101.0 92.12540831636203
20.0 102.0 92.35485630376867
20.0 104.0 107.85968306375763
20.0 105.0 107.87612147358905
20.0 107.0 95.9542296859669
20.0 109.0 146.2867348863358
20.0 110.0 156.93435333087487
20.0 111.0 155.8226541341919
20.0 112.0 114.58449570445705
21.0 23.0 6.22985578397301
21.0 24.0 14.01521246516708
21.0 26.0 26.837370238476446
21.0 27.0 33.07023359703077
21.0 29.0 47.6033447139331
21.0 30.0 48.06095836582824
21.0 31.0 54.25370902095307
21.0 36.0 74.55109135049162
21.0 39.0 85.16256304284266
21.0 40.0 89.62966973457782
21.0 42.0 73.90316010610864
21.0 43.0 82.47655610196205
21.0 44.0 82.35583147305938
21.0 46.0 98.21172557704791
21.0 47.0 98.40364307645852
21.0 48.0 107.18894356512361
21.0 49.0 83.17903984486199
21.0 50.0 91.64835153484145
21.0 51.0 92.22388935792273
21.0 52.0 100.18845945767693
21.0 53.0 104.74647364479233
21.0 54.0 109.21242328347597
21.0 57.0 101.94144640340922
21.0 59.0 106.91528807800432
21.0 61.0 110.42993747510502
21.0 62.0 118.82918056701826
21.0 63.0 119.50391469515208
21.0 65.0 89.29411904964385
21.0 66.0 96.43413012550474
21.0 67.0 104.38111335160058
21.0 68.0 111.55322486553631
21.0 69.0 119.05738825416944
21.0 70.0 106.55677862526626
21.0 73.0 63.66659872668684
21.0 74.0 71.17526290525913
21.0 75.0 71.06519031566597
21.0 76.0 72.02219923597889
21.0 78.0 79.67558330262452
21.0 79.0 86.93184871632012
21.0 80.0 80.63678810032823
21.0 81.0 80.84467640747897
21.0 82.0 91.01720583197238
21.0 83.0 93.74218758020032
21.0 84.0 71.9768907421082
21.0 86.0 87.51617415882902
21.0 87.0 88.0221681846784
21.0 88.0 110.51245752585953
21.0 89.0 118.3268972251841
21.0 90.0 81.18249868982224
21.0 91.0 80.05814600696459
21.0 92.0 101.96787065580794
21.0 94.0 97.39308472857898
21.0 95.0 102.09639192534644
21.0 96.0 98.76904688532434
21.0 97.0 108.15132208897148
21.0 98.0 134.18875184240238
21.0 100.0 127.00296831245655
21.0 101.0 98.75485453991084
21.0 102.0 98.9843025273318
21.0 104.0 114.48912928630808
21.0 105.0 114.50556769638351
21.0 107.0 89.32478348013822
21.0 109.0 139.65728866509545
21.0 110.0 150.30490711475665
21.0 111.0 149.1932079103901
21.0 112.0 121.21394192833533
23.0 24.0 7.785356681404373
23.0 26.0 20.607514454980507
23.0 27.0 26.840377813601904
23.0 29.0 41.37348893588459
23.0 30.0 41.83110258159739
23.0 31.0 48.02385323157992
23.0 36.0 68.32123556924553
23.0 39.0 78.93270725834631
23.0 40.0 83.39981394942944
23.0 42.0 80.13301589004216
23.0 43.0 88.70641188537024
23.0 44.0 88.58568725647292
23.0 46.0 104.44158136035266
23.0 47.0 104.63349886005675
23.0 48.0 113.41879934901539
23.0 49.0 89.40889562867292
23.0 50.0 97.87820731812958
23.0 51.0 98.45374514143334
23.0 52.0 106.41831524072107
23.0 53.0 110.97632942840882
23.0 54.0 115.4422790672105
23.0 57.0 95.71159061713519
23.0 59.0 100.68543229102701
23.0 61.0 104.20008169029406
23.0 62.0 112.59932478478046
23.0 63.0 113.2740589124887
23.0 65.0 95.52397483347022
23.0 66.0 102.66398591026352
23.0 67.0 110.61096913608226
23.0 68.0 117.78308064835676
23.0 69.0 125.28724403838385
23.0 70.0 112.78663440943384
23.0 73.0 57.43674294333442
23.0 74.0 64.94540712139718
23.0 75.0 64.83533453195845
23.0 76.0 65.79234345374627
23.0 78.0 73.44572751729694
23.0 79.0 80.70199292933393
23.0 80.0 74.40693229785394
23.0 81.0 74.61482063611862
23.0 82.0 97.247061615481
23.0 83.0 99.97204336335356
23.0 84.0 65.74703495836704
23.0 86.0 81.2863183752074
23.0 87.0 81.79231240101028
23.0 88.0 104.28260174120226
23.0 89.0 112.0970414395573
23.0 90.0 74.95264290872571
23.0 91.0 73.82829021974464
23.0 92.0 108.19772643846049
23.0 94.0 103.6229405124729
23.0 95.0 108.32624770866579
23.0 96.0 104.99890266906051
23.0 97.0 114.38117787142932
23.0 98.0 127.95889606110461
23.0 100.0 133.23282409581606
23.0 101.0 104.98471032307475
23.0 102.0 105.21415831202032
23.0 104.0 120.71898507003874
23.0 105.0 120.73542348014008
23.0 107.0 83.09492771750652
23.0 109.0 133.42743288008978
23.0 110.0 144.07505132893652
23.0 111.0 142.96335212807983
23.0 112.0 127.44379771121612
24.0 26.0 12.822157773614958
24.0 27.0 19.055021132249795
24.0 29.0 33.58813225083612
24.0 30.0 34.045745900518966
24.0 31.0 40.23849655440097
24.0 36.0 60.53587890108109
24.0 39.0 71.14735057082217
24.0 40.0 75.61445725268953
24.0 42.0 87.91837257145036
24.0 43.0 96.49176856726697
24.0 44.0 96.37104393805042
24.0 46.0 112.2269380416777
24.0 47.0 112.4188555417753
24.0 48.0 121.20415602964057
24.0 49.0 97.19425231007615
24.0 50.0 105.6635639997202
24.0 51.0 106.23910182287077
24.0 52.0 114.20367192250379
24.0 53.0 118.76168611043008
24.0 54.0 123.22763574800918
24.0 57.0 87.92623394315606
24.0 59.0 92.90007561131408
24.0 61.0 96.4147250105005
24.0 62.0 104.8139681042367
24.0 63.0 105.48870223088312
24.0 65.0 103.309331515266
24.0 66.0 110.44934259094612
24.0 67.0 118.39632581743851
24.0 68.0 125.56843732992905
24.0 69.0 133.07260071989953
24.0 70.0 120.57199109064832
24.0 73.0 49.6513862617806
24.0 74.0 57.160050440046845
24.0 75.0 57.04997785100559
24.0 76.0 58.006986775528866
24.0 78.0 65.66037084102345
24.0 79.0 72.91663624842127
24.0 80.0 66.62157563739362
24.0 81.0 66.8294639398346
24.0 82.0 105.03241829751347
24.0 83.0 107.75740004567822
24.0 84.0 57.96167827706889
24.0 86.0 73.50096169374604
24.0 87.0 74.0069557196041
24.0 88.0 96.49724506107435
24.0 89.0 104.31168475873886
24.0 90.0 67.16728622469884
24.0 91.0 66.04293354033716
24.0 92.0 115.98308312119377
24.0 94.0 111.40829719408399
24.0 95.0 116.11160438845255
24.0 96.0 112.7842593522692
24.0 97.0 122.16653455099184
24.0 98.0 120.17353937867924
24.0 100.0 141.01818077727964
24.0 101.0 112.77006700467123
24.0 102.0 112.99951499350553
24.0 104.0 128.50434175114117
24.0 105.0 128.52078016154096
24.0 107.0 75.30957100872435
24.0 109.0 125.64207619953172
24.0 110.0 136.28969464932908
24.0 111.0 135.1779954469624
24.0 112.0 135.22915439256732
26.0 27.0 6.232863358896431
26.0 29.0 20.765974478491188
26.0 30.0 21.223588126953313
26.0 31.0 27.416338782234988
26.0 36.0 47.713721122435814
26.0 39.0 58.32519280308033
26.0 40.0 62.792299496362304
26.0 42.0 100.74053034536529
26.0 43.0 109.3139263411611
26.0 44.0 109.19320171255096
26.0 46.0 125.0490958153238
26.0 47.0 125.24101331481961
26.0 48.0 134.02631380338573
26.0 49.0 110.01641008517433
26.0 50.0 118.4857217740205
26.0 51.0 119.0612595959099
26.0 52.0 127.02582969632749
26.0 53.0 131.5838438828917
26.0 54.0 136.04979352219422
26.0 57.0 75.1040761644089
26.0 59.0 80.07791783511797
26.0 61.0 83.592567238056
26.0 62.0 91.99181033020838
26.0 63.0 92.66654445862261
26.0 65.0 116.13148928775016
26.0 66.0 123.27150036478099
26.0 67.0 131.2184835905988
26.0 68.0 138.39059510382896
26.0 69.0 145.89475849296196
26.0 70.0 133.3941488639782
26.0 73.0 36.8292284879552
26.0 74.0 44.33789266731541
26.0 75.0 44.22782007687335
26.0 76.0 45.184828999966605
26.0 78.0 52.83821306183343
26.0 79.0 60.094478478277594
26.0 80.0 53.799417854848926
26.0 81.0 54.00730617686989
26.0 82.0 117.85457607046496
26.0 83.0 120.57955781894051
26.0 84.0 45.13952050350336
26.0 86.0 60.678803920250644
26.0 87.0 61.1847979472794
26.0 88.0 83.67508728730891
26.0 89.0 91.48952698526332
26.0 90.0 54.345128450371114
26.0 91.0 53.220775769654914
26.0 92.0 128.80524089587598
26.0 94.0 124.23045496733471
26.0 95.0 128.93376216170657
26.0 96.0 125.6064171246154
26.0 97.0 134.98869232379116
26.0 98.0 107.35138160529137
26.0 100.0 153.84033855105417
26.0 101.0 125.5922247778975
26.0 102.0 125.8216727671636
26.0 104.0 141.326499524803
26.0 105.0 141.3429379349757
26.0 107.0 62.48741324841124
26.0 109.0 112.81991842584576
26.0 110.0 123.46753687481342
26.0 111.0 122.35583767095062
26.0 112.0 148.05131216615314
27.0 29.0 14.533111119392313
27.0 30.0 14.990724768153612
27.0 31.0 21.18347542362424
27.0 36.0 41.48085776924483
27.0 39.0 52.092329444720484
27.0 40.0 56.55943613945841
27.0 42.0 106.97339370344065
27.0 43.0 115.54678969894529
27.0 44.0 115.42606506985132
27.0 46.0 131.28195917442616
27.0 47.0 131.47387667363438
27.0 48.0 140.2591771625958
27.0 49.0 116.249273442606
27.0 50.0 124.71858513171003
27.0 51.0 125.29412295480688
27.0 52.0 133.2586930544531
27.0 53.0 137.81670724146144
27.0 54.0 142.2826568803165
27.0 57.0 68.87121281453145
27.0 59.0 73.8450544767143
27.0 61.0 77.35970387652912
27.0 62.0 85.75894697120165
27.0 63.0 86.43368109873488
27.0 65.0 122.3643526466922
27.0 66.0 129.50436372338012
27.0 67.0 137.45134694991677
27.0 68.0 144.6234584624998
27.0 69.0 152.12762185233817
27.0 70.0 139.62701222290082
27.0 73.0 30.596365129372735
27.0 74.0 38.10502930686563
27.0 75.0 37.994956718417185
27.0 76.0 38.951965641724925
27.0 78.0 46.60534970532637
27.0 79.0 53.861615116239996
27.0 80.0 47.56655449840032
27.0 81.0 47.77444281761461
27.0 82.0 124.0874394294245
27.0 83.0 126.81242117693716
27.0 84.0 38.90665714461815
27.0 86.0 54.445940560748205
27.0 87.0 54.951934586552504
27.0 88.0 77.44222392807181
27.0 89.0 85.25666362516088
27.0 90.0 48.11226508803728
27.0 91.0 46.98791241236189
27.0 92.0 135.03810425350036
27.0 94.0 130.4633183258959
27.0 95.0 135.1666255201012
27.0 96.0 131.839280483572
27.0 97.0 141.22155568281028
27.0 98.0 101.11851824556817
27.0 100.0 160.07320190963924
27.0 101.0 131.82508813674423
27.0 102.0 132.0545361255909
27.0 104.0 147.55936288354442
27.0 105.0 147.57580129332115
27.0 107.0 56.25454988472048
27.0 109.0 106.5870550660962
27.0 110.0 117.23467351436831
27.0 111.0 116.12297431322745
27.0 112.0 154.2841755245493
29.0 30.0 13.530761512649317
29.0 31.0 6.650364303307567
29.0 36.0 26.94774664379173
29.0 39.0 37.55921833116054
29.0 40.0 42.02632501625051
29.0 42.0 121.50650482538586
29.0 43.0 130.0799008176398
29.0 44.0 129.95917618898235
29.0 46.0 145.81507029198883
29.0 47.0 146.0069877915034
29.0 48.0 154.79228828081793
29.0 49.0 130.78238456153815
29.0 50.0 139.25169625030114
29.0 51.0 139.82723407417234
29.0 52.0 147.79180417313324
29.0 53.0 152.34981836067763
29.0 54.0 156.81576799876012
29.0 57.0 54.338101694575535
29.0 59.0 59.311943356536084
29.0 61.0 62.82659273822893
29.0 62.0 71.22583585327727
29.0 63.0 71.90057000040986
29.0 65.0 136.89746376498303
29.0 66.0 144.0374748430895
29.0 67.0 151.98445806891743
29.0 68.0 159.15656958165897
29.0 69.0 166.66073297037468
29.0 70.0 154.16012334220548
29.0 73.0 29.1364018747806
29.0 74.0 36.645066052575594
29.0 75.0 36.53499346305737
29.0 76.0 24.41885452287448
29.0 78.0 32.07223858612948
29.0 79.0 39.328503997712176
29.0 80.0 33.03344338044189
29.0 81.0 33.241331692670784
29.0 82.0 138.62055054945665
29.0 83.0 141.34553229603617
29.0 84.0 37.446693888377666
29.0 86.0 52.98597730611212
29.0 87.0 53.491971335841235
29.0 88.0 62.90911280315768
29.0 89.0 70.72355250545885
29.0 90.0 33.579153974263946
29.0 91.0 32.454801287701684
29.0 92.0 149.57121537149908
29.0 94.0 144.99642944520753
29.0 95.0 149.69973663909846
29.0 96.0 146.37239160215967
29.0 97.0 155.75466680161182
29.0 98.0 86.58540714164927
29.0 100.0 174.6063130293094
29.0 101.0 146.35819925575083
29.0 102.0 146.5876472448828
29.0 104.0 162.09247400263118
29.0 105.0 162.10891241225863
29.0 107.0 41.72143876193559
29.0 109.0 92.05394394371206
29.0 110.0 102.70156238774177
29.0 111.0 101.58986320386055
29.0 112.0 168.81728664381862
30.0 31.0 20.181125815791784
30.0 36.0 40.47850816175766
30.0 39.0 51.08997983451287
30.0 40.0 55.55708653299799
30.0 42.0 121.9641184714286
30.0 43.0 130.53751446710513
30.0 44.0 130.4167898376948
30.0 46.0 146.2726839418372
30.0 47.0 146.46460144148958
30.0 48.0 155.24990193032272
30.0 49.0 131.23999821010415
30.0 50.0 139.70930989955943
30.0 51.0 140.2848477225454
30.0 52.0 148.2494178222384
30.0 53.0 152.80743200943346
30.0 54.0 157.27338164808302
30.0 57.0 67.86886319116644
30.0 59.0 72.84270487084069
30.0 61.0 76.35735427269283
30.0 62.0 84.75659736636615
30.0 63.0 85.43133149325669
30.0 65.0 137.35507741407866
30.0 66.0 144.4950884914596
30.0 67.0 152.44207171761332
30.0 68.0 159.61418323083944
30.0 69.0 167.1183466193414
30.0 70.0 154.61773699043383
30.0 73.0 15.605640361229618
30.0 74.0 23.11430453969538
30.0 75.0 23.004231950321746
30.0 76.0 37.949616038233245
30.0 78.0 45.60300009799268
30.0 79.0 52.859265512399716
30.0 80.0 46.564204891890554
30.0 81.0 46.77209320663715
30.0 82.0 139.07816419732816
30.0 83.0 141.80314594465665
30.0 84.0 23.91593237671768
30.0 86.0 39.45521579392571
30.0 87.0 39.961209819759844
30.0 88.0 76.43987431000828
30.0 89.0 84.25431401000749
30.0 90.0 47.10991547958375
30.0 91.0 45.98556279957546
30.0 92.0 150.0288290213718
30.0 94.0 145.45404309370542
30.0 95.0 150.15735028839663
30.0 96.0 146.8300052514743
30.0 97.0 156.21228045070924
30.0 98.0 100.11616864010355
30.0 100.0 175.06392667713996
30.0 101.0 146.81581290442864
30.0 102.0 147.0452608932956
30.0 104.0 162.55008765155887
30.0 105.0 162.56652606176618
30.0 107.0 55.252200275331646
30.0 109.0 105.58470545888025
30.0 110.0 116.23232390886692
30.0 111.0 115.12062470653913
30.0 112.0 169.27490029266386
31.0 36.0 20.297382343322454
31.0 39.0 30.90885402692466
31.0 40.0 35.3759607189488
31.0 42.0 128.15686913082956
31.0 43.0 136.73026512045112
31.0 44.0 136.60954049146372
31.0 46.0 152.46543459729827
31.0 47.0 152.65735209702962
31.0 48.0 161.44265258426907
31.0 49.0 137.4327488655283
31.0 50.0 145.90206055343722
31.0 51.0 146.47759837853692
31.0 52.0 154.4421684749909
31.0 53.0 159.00018266708088
31.0 54.0 163.4661323027602
31.0 57.0 47.687737388090845
31.0 59.0 52.66157906137282
31.0 61.0 56.176228461799866
31.0 62.0 64.57547154734236
31.0 63.0 65.25020564879688
31.0 65.0 143.54782806876344
31.0 66.0 150.68783914973375
31.0 67.0 158.63482237109406
31.0 68.0 165.8069338865845
31.0 69.0 173.31109727478892
31.0 70.0 160.8104876432347
31.0 73.0 35.786766178160306
31.0 74.0 43.29543035502059
31.0 75.0 43.18535776158216
31.0 76.0 17.768490219008896
31.0 78.0 25.421874282566538
31.0 79.0 32.678139693489754
31.0 80.0 26.38307907564522
31.0 81.0 26.590967390670446
31.0 82.0 145.27091485331272
31.0 83.0 147.99589659918917
31.0 84.0 44.097058190877256
31.0 86.0 59.63634160838241
31.0 87.0 60.14233562855551
31.0 88.0 56.258748502871065
31.0 89.0 64.07318819710999
31.0 90.0 26.928789669081446
31.0 91.0 25.80443698544212
31.0 92.0 156.22157967687912
31.0 94.0 151.6467937484089
31.0 95.0 156.3501009419171
31.0 96.0 153.02275590517888
31.0 97.0 162.40503110619767
31.0 98.0 79.93504283161606
31.0 100.0 181.25667733075895
31.0 101.0 153.00856355669404
31.0 102.0 153.2380115476123
31.0 104.0 168.74283830583852
31.0 105.0 168.75927671538557
31.0 107.0 35.0710744585956
31.0 109.0 85.40357964476536
31.0 110.0 96.05119811759153
31.0 111.0 94.93949891191524
31.0 112.0 175.46765094626903
36.0 39.0 10.611471679290602
36.0 40.0 15.078578371388463
36.0 42.0 148.45425147289876
36.0 43.0 157.02764746087814
36.0 44.0 156.90692283662324
36.0 46.0 172.76281693823307
36.0 47.0 172.95473443886942
36.0 48.0 181.74003492825642
36.0 49.0 157.73013121321875
36.0 50.0 166.19944290046766
36.0 51.0 166.77498072119158
36.0 52.0 174.73955082447557
36.0 53.0 179.29756500607985
36.0 54.0 183.76351464808278
36.0 57.0 27.390355040885307
36.0 59.0 32.364196715113614
36.0 61.0 35.87884611282753
36.0 62.0 44.278089195639225
36.0 63.0 44.95282333975405
36.0 65.0 163.84521041214373
36.0 66.0 170.98522148688295
36.0 67.0 178.93220471490767
36.0 68.0 186.1043162328586
36.0 69.0 193.6084796125905
36.0 70.0 181.10786998553965
36.0 73.0 56.08414852520809
36.0 74.0 63.59281269850435
36.0 75.0 63.48274010876089
36.0 76.0 24.981664400139856
36.0 78.0 32.63504846287067
36.0 79.0 39.89131387352319
36.0 80.0 33.596253255194306
36.0 81.0 33.80414157072663
36.0 82.0 165.56829719315013
36.0 83.0 168.29327894608065
36.0 84.0 64.39444053918612
36.0 86.0 79.93372394963544
36.0 87.0 80.43971797594759
36.0 88.0 35.961366162202125
36.0 89.0 43.77580586007175
36.0 90.0 20.327060993398796
36.0 91.0 19.202708309134284
36.0 92.0 176.51896201655788
36.0 94.0 171.9441760894054
36.0 95.0 176.64748328760734
36.0 96.0 173.32013824947677
36.0 97.0 182.7024134497423
36.0 98.0 59.63766050089909
36.0 100.0 201.5540596714238
36.0 101.0 173.305945899121
36.0 102.0 173.53539389408937
36.0 104.0 189.0402206488202
36.0 105.0 189.05665905631588
36.0 107.0 42.284248640353596
36.0 109.0 65.10619730523663
36.0 110.0 75.75381574642611
36.0 111.0 74.64211653308357
36.0 112.0 195.76503329013923
39.0 40.0 13.208644161135734
39.0 42.0 159.06572315003086
39.0 43.0 167.6391191520365
39.0 44.0 167.51839451632895
39.0 46.0 183.3742886259519
39.0 47.0 183.56620611613795
39.0 48.0 192.35150661171082
39.0 49.0 168.3416028856131
39.0 50.0 176.8109145764689
39.0 51.0 177.38645240252777
39.0 52.0 185.35102250643138
39.0 53.0 189.90903668517547
39.0 54.0 194.37498633033198
39.0 57.0 25.52042082938
39.0 59.0 30.49426250114937
39.0 61.0 34.00891190361415
39.0 62.0 42.408154992695856
39.0 63.0 43.08288912655916
39.0 65.0 174.4566820951424
39.0 66.0 181.59669317219203
39.0 67.0 189.54367639807856
39.0 68.0 196.7157879142686
39.0 69.0 204.21995128770084
39.0 70.0 191.71934166898285
39.0 73.0 66.6956202019992
39.0 74.0 74.20428437763815
39.0 75.0 74.09421179091557
39.0 76.0 35.59313607635636
39.0 78.0 43.24652013957167
39.0 79.0 50.50278555339324
39.0 80.0 44.20772493809491
39.0 81.0 44.415613251836575
39.0 82.0 176.17976887830935
39.0 83.0 178.90475062319402
39.0 84.0 75.00591221649229
39.0 86.0 90.54519563173149
39.0 87.0 91.05118965963554
39.0 88.0 34.09143195252819
39.0 89.0 41.905871650141876
39.0 90.0 30.93853267200072
39.0 91.0 29.81417999261984
39.0 92.0 187.13043370063198
39.0 94.0 182.5556477720104
39.0 95.0 187.25895496874313
39.0 96.0 183.93160992699774
39.0 97.0 193.31388512818302
39.0 98.0 57.767726266650406
39.0 100.0 212.16553135682466
39.0 101.0 183.91741758468638
39.0 102.0 184.1468655665995
39.0 104.0 199.65169233518787
39.0 105.0 199.66813074026533
39.0 107.0 52.8957203164135
39.0 109.0 63.23626309337668
39.0 110.0 73.88388151650436
39.0 111.0 72.77218230548883
39.0 112.0 206.3765049702328
40.0 42.0 163.53282983697505
40.0 43.0 172.10622583504008
40.0 44.0 171.98550120804737
40.0 46.0 187.84139531772996
40.0 47.0 188.0333128081487
40.0 48.0 196.81861329227476
40.0 49.0 172.80870957594124
40.0 50.0 181.27802127006674
40.0 51.0 181.85355909272005
40.0 52.0 189.81812918598055
40.0 53.0 194.37614337921644
40.0 54.0 198.84209302039054
40.0 57.0 12.311776668875739
40.0 59.0 17.28561834080587
40.0 61.0 20.80026774131483
40.0 62.0 29.199510833024014
40.0 63.0 29.87424496266125
40.0 65.0 178.92378878870278
40.0 66.0 186.0637998631217
40.0 67.0 194.01078308410433
40.0 68.0 201.18289460219515
40.0 69.0 208.68705799225108
40.0 70.0 196.18644835783624
40.0 73.0 71.16272687686
40.0 74.0 78.67139107005542
40.0 75.0 78.5613184868971
40.0 76.0 40.06024276846736
40.0 78.0 47.71362683239188
40.0 79.0 54.9698922421607
40.0 80.0 48.67483162187666
40.0 81.0 48.88271994345543
40.0 82.0 180.64687556069637
40.0 83.0 183.3718573173372
40.0 84.0 79.47301890726027
40.0 86.0 95.01230232499354
40.0 87.0 95.51829634980398
40.0 88.0 20.882787789874698
40.0 89.0 28.697227488736402
40.0 90.0 35.40563936564068
40.0 91.0 34.281286682681994
40.0 92.0 191.59754039026637
40.0 94.0 187.022754459974
40.0 95.0 191.72606165594675
40.0 96.0 188.39871662109175
40.0 97.0 197.78099181951285
40.0 98.0 44.55908210684237
40.0 100.0 216.63263804615866
40.0 101.0 188.38452427378468
40.0 102.0 188.61397226343934
40.0 104.0 204.118799024809
40.0 105.0 204.13523743056714
40.0 107.0 57.36282701026009
40.0 109.0 50.0276189267052
40.0 110.0 60.67523737742842
40.0 111.0 59.56353818642414
40.0 112.0 210.8436116639005
42.0 43.0 25.90929649854199
42.0 44.0 25.788571869531776
42.0 46.0 41.644465973711675
42.0 47.0 41.8363834730288
42.0 48.0 50.62168396183473
42.0 49.0 9.27587973813916
42.0 50.0 17.745191428599316
42.0 51.0 18.320729251364902
42.0 52.0 26.285299351257596
42.0 53.0 30.84331353836531
42.0 54.0 35.30926317735357
42.0 57.0 175.84460650723807
42.0 59.0 180.81844818366375
42.0 61.0 184.3330975811939
42.0 62.0 192.73234067531732
42.0 63.0 193.4070747966799
42.0 65.0 32.72685944577093
42.0 66.0 39.86687052335152
42.0 67.0 47.81385374931594
42.0 68.0 54.98596526203585
42.0 69.0 62.49012865114059
42.0 70.0 49.98951902263511
42.0 73.0 137.56975883264698
42.0 74.0 145.07842301087447
42.0 75.0 144.96835042139236
42.0 76.0 145.9253593454237
42.0 78.0 153.5787434093156
42.0 79.0 160.8350088202206
42.0 80.0 154.53994820348123
42.0 81.0 154.74783652249297
42.0 82.0 53.1041946512554
42.0 83.0 55.82917639869919
42.0 84.0 145.88005084822368
42.0 86.0 161.41933426449657
42.0 87.0 161.92532829061065
42.0 88.0 184.41561762803317
42.0 89.0 192.23005733183666
42.0 90.0 155.0856587983476
42.0 91.0 153.96130610959545
42.0 92.0 64.05485947427113
42.0 94.0 59.48007354729356
42.0 95.0 64.18338074163508
42.0 96.0 60.85603570323686
42.0 97.0 70.23831090375965
42.0 98.0 208.09191194795594
42.0 100.0 70.4357087090464
42.0 101.0 24.851694433554766
42.0 102.0 25.081142421910304
42.0 104.0 40.58596918002549
42.0 105.0 40.602407590349806
42.0 107.0 163.22794359000937
42.0 109.0 213.56044877392677
42.0 110.0 224.20806721963066
42.0 111.0 223.09636802645048
42.0 112.0 47.31078182160485
43.0 44.0 15.932246921260257
43.0 46.0 15.735169475218681
43.0 47.0 15.927086974770397
43.0 48.0 24.712387463018597
43.0 49.0 35.185176237800064
43.0 50.0 43.654487927345016
43.0 51.0 44.23002575035443
43.0 52.0 52.19459584997982
43.0 53.0 56.75261003687727
43.0 54.0 61.2185596760019
43.0 57.0 184.41800250639216
43.0 59.0 189.39184417561512
43.0 61.0 192.90649358155616
43.0 62.0 201.30573666706866
43.0 63.0 201.98047079477317
43.0 65.0 22.870534497788896
43.0 66.0 30.010545574608493
43.0 67.0 37.95752880112222
43.0 68.0 45.12964031391793
43.0 69.0 52.633803703196236
43.0 70.0 24.08022252362776
43.0 73.0 146.1431548282148
43.0 74.0 153.6518190066919
43.0 75.0 153.54174641692077
43.0 76.0 154.49875534067303
43.0 78.0 162.1521394084144
43.0 79.0 169.40840481713377
43.0 80.0 163.11334420028624
43.0 81.0 163.3212325149652
43.0 82.0 61.677590646726046
43.0 83.0 64.40257239444908
43.0 84.0 154.45344684370042
43.0 86.0 169.99273026041476
43.0 87.0 170.49872428651494
43.0 88.0 192.98901362618915
43.0 89.0 200.80345333191562
43.0 90.0 163.65905479427568
43.0 91.0 162.53470210632335
43.0 92.0 72.62825546959388
43.0 94.0 68.0534695424619
43.0 95.0 72.75677673745217
43.0 96.0 69.42943170040074
43.0 97.0 78.81170689783913
43.0 98.0 216.66530794283358
43.0 100.0 60.57938376090125
43.0 101.0 50.76099093216472
43.0 102.0 50.99043892105671
43.0 104.0 66.49526567929189
43.0 105.0 66.51170408856578
43.0 107.0 171.80133957804168
43.0 109.0 222.13384476567398
43.0 110.0 232.7814632171702
43.0 111.0 231.6697640080754
43.0 112.0 73.22007831941909
44.0 46.0 31.667416397289237
44.0 47.0 31.859333895830275
44.0 48.0 40.64463438459987
44.0 49.0 35.064451608513245
44.0 50.0 43.53376329765088
44.0 51.0 44.10930112083487
44.0 52.0 52.07387122062707
44.0 53.0 56.63188540769018
44.0 54.0 61.09783504655525
44.0 57.0 184.2972778826964
44.0 59.0 189.2711195484816
44.0 61.0 192.78576895193584
44.0 62.0 201.18501203835706
44.0 63.0 201.85974616610946
44.0 65.0 6.938287576433637
44.0 66.0 14.078298653460061
44.0 67.0 22.02528187955751
44.0 68.0 29.197393392632968
44.0 69.0 36.70155678213695
44.0 70.0 40.01246944496423
44.0 73.0 146.02243019919604
44.0 74.0 153.53109437762794
44.0 75.0 153.42102178793783
44.0 76.0 154.37803071622756
44.0 78.0 162.03141477696283
44.0 79.0 169.2876801860066
44.0 80.0 162.99261956525862
44.0 81.0 163.20050788723847
44.0 82.0 61.556866016588515
44.0 83.0 64.28184776422715
44.0 84.0 154.3327222143785
44.0 86.0 169.87200563090596
44.0 87.0 170.377999657052
44.0 88.0 192.86828899577444
44.0 89.0 200.68272870068176
44.0 90.0 163.53833016095442
44.0 91.0 162.4139774763225
44.0 92.0 72.50753084000046
44.0 94.0 67.93274491389958
44.0 95.0 72.63605210879453
44.0 96.0 69.30870707450264
44.0 97.0 78.69098227124101
44.0 98.0 216.54458332405497
44.0 100.0 44.64713683966304
44.0 101.0 50.64026630264403
44.0 102.0 50.86971429261445
44.0 104.0 66.37454105010079
44.0 105.0 66.39097946010077
44.0 107.0 171.68061495629655
44.0 109.0 222.01312013742518
44.0 110.0 232.66073858704462
44.0 111.0 231.5490393863779
44.0 112.0 73.0993536903191
46.0 47.0 15.687108149878345
46.0 48.0 8.977217988134985
46.0 49.0 50.920345712495674
46.0 50.0 59.38965740203503
46.0 51.0 59.965195225116354
46.0 52.0 67.92976532517855
46.0 53.0 72.4877795120664
46.0 54.0 76.95372915094593
46.0 57.0 200.15317197741405
46.0 59.0 205.12701365082285
46.0 61.0 208.6416630506782
46.0 62.0 217.04090614238967
46.0 63.0 217.71564027130455
46.0 65.0 38.605703973778276
46.0 66.0 45.74571505027296
46.0 67.0 53.69269827608001
46.0 68.0 60.86480978904182
46.0 69.0 68.36897317828195
46.0 70.0 23.840243699015332
46.0 73.0 161.87832430344605
46.0 74.0 169.3869884818659
46.0 75.0 169.27691589203164
46.0 76.0 170.23392481725645
46.0 78.0 177.88730888007362
46.0 79.0 185.14357428954617
46.0 80.0 178.84851367405423
46.0 81.0 179.05640198223347
46.0 82.0 77.41276012145505
46.0 83.0 80.13774186946182
46.0 84.0 170.18861631872318
46.0 86.0 185.72789973516063
46.0 87.0 186.23389376103893
46.0 88.0 208.72418310927404
46.0 89.0 216.53862279983892
46.0 90.0 179.39422426346502
46.0 91.0 178.26987158229537
46.0 92.0 88.36342494501467
46.0 94.0 83.78863901789515
46.0 95.0 88.49194621375835
46.0 96.0 85.16460117611777
46.0 97.0 94.54687637835322
46.0 98.0 232.40047742017748
46.0 100.0 76.3145532360617
46.0 101.0 66.49616040717387
46.0 102.0 66.72560839610928
46.0 104.0 82.23043515388002
46.0 105.0 82.24687356405686
46.0 107.0 187.53650905449473
46.0 109.0 237.86901424818694
46.0 110.0 248.51663268554267
46.0 111.0 247.40493349610844
46.0 112.0 88.95524779552136
47.0 48.0 24.66432613800219
47.0 49.0 51.112263211922
47.0 50.0 59.58157490113267
47.0 51.0 60.157112724590476
47.0 52.0 68.12168282452649
47.0 53.0 72.67969701146869
47.0 54.0 77.14564664993566
47.0 57.0 200.34508948321084
47.0 59.0 205.31893115189172
47.0 61.0 208.83358055124233
47.0 62.0 217.23282364140277
47.0 63.0 217.90755777750886
47.0 65.0 38.79762147194704
47.0 66.0 45.93763254978926
47.0 67.0 53.8846157753159
47.0 68.0 61.05672728836791
47.0 69.0 68.56089067759882
47.0 70.0 8.153135549162615
47.0 73.0 162.07024180244397
47.0 74.0 169.57890598101523
47.0 75.0 169.4688333912834
47.0 76.0 170.42584231788013
47.0 78.0 178.07922637490776
47.0 79.0 185.33549179253174
47.0 80.0 179.04043117614003
47.0 81.0 179.24831948608244
47.0 82.0 77.60467762128462
47.0 83.0 80.32965936787436
47.0 84.0 170.38053381801905
47.0 86.0 185.91981723464028
47.0 87.0 186.4258112608194
47.0 88.0 208.91610060248445
47.0 89.0 216.73054030036525
47.0 90.0 179.5861417639789
47.0 91.0 178.4617890813627
47.0 92.0 88.55534244334743
47.0 94.0 83.98055651749755
47.0 95.0 88.68386371274768
47.0 96.0 85.35651867338325
47.0 97.0 94.7387938725378
47.0 98.0 232.59239491387154
47.0 100.0 76.50647073560836
47.0 101.0 66.68807790658335
47.0 102.0 66.91752589490682
47.0 104.0 82.42235265324693
47.0 105.0 82.43879106348909
47.0 107.0 187.7284265615495
47.0 109.0 238.06093174208286
47.0 110.0 248.70855019204197
47.0 111.0 247.59685098210048
47.0 112.0 89.14716529491523
48.0 49.0 59.89756370089092
48.0 50.0 68.36687539047153
48.0 51.0 68.94241321354332
48.0 52.0 76.90698331309534
48.0 53.0 81.46499749986495
48.0 54.0 85.93094713904455
48.0 57.0 209.13038996766875
48.0 59.0 214.10423163787118
48.0 61.0 217.61888103828034
48.0 62.0 226.01812413322205
48.0 63.0 226.69285825564987
48.0 65.0 47.582921959715065
48.0 66.0 54.722933037854574
48.0 67.0 62.669916264828615
48.0 68.0 69.84202777801654
48.0 69.0 77.34619116635515
48.0 70.0 32.81746168717838
48.0 73.0 170.8555422915091
48.0 74.0 178.36420646958894
48.0 75.0 178.25413388017688
48.0 76.0 179.21114280743888
48.0 78.0 186.8645268692365
48.0 79.0 194.12079227825654
48.0 80.0 187.82573166497025
48.0 81.0 188.0336199822602
48.0 82.0 86.38997810983687
48.0 83.0 89.11495985718093
48.0 84.0 179.1658343069979
48.0 86.0 194.70511772392712
48.0 87.0 195.21111174924667
48.0 88.0 217.70140108781925
48.0 89.0 225.51584079550048
48.0 90.0 188.37144225396693
48.0 91.0 187.24708956966953
48.0 92.0 97.34064293406671
48.0 94.0 92.76585700734378
48.0 95.0 97.46916420350973
48.0 96.0 94.14181916423243
48.0 97.0 103.52409436598298
48.0 98.0 241.37769541492736
48.0 100.0 85.2917712244737
48.0 101.0 75.47337839542163
48.0 102.0 75.70282638417703
48.0 104.0 91.20765314197683
48.0 105.0 91.22409155263183
48.0 107.0 196.5137270480335
48.0 109.0 246.84623222351047
48.0 110.0 257.49385067535405
48.0 111.0 256.3821514751726
48.0 112.0 97.93246578318724
49.0 50.0 8.46931168965307
49.0 51.0 9.04484951244944
49.0 52.0 17.009419612385198
49.0 53.0 21.567433799273868
49.0 54.0 26.033383438300458
49.0 57.0 185.12048624804822
49.0 59.0 190.09432791756035
49.0 61.0 193.60897731666478
49.0 62.0 202.00822041382878
49.0 63.0 202.6829545444637
49.0 65.0 42.00273918487768
49.0 66.0 49.1427502621663
49.0 67.0 57.08973348813814
49.0 68.0 64.26184500122078
49.0 69.0 71.76600839101269
49.0 70.0 59.26539876139972
49.0 73.0 146.84563857153594
49.0 74.0 154.35430274979277
49.0 75.0 154.24423016015635
49.0 76.0 155.201239083415
49.0 78.0 162.85462315046516
49.0 79.0 170.11088855677218
49.0 80.0 163.81582794366932
49.0 81.0 164.02371625952307
49.0 82.0 62.380074389216105
49.0 83.0 65.1050561354974
49.0 84.0 155.15593058683405
49.0 86.0 170.69521400346417
49.0 87.0 171.20120802926175
49.0 88.0 193.6914973696222
49.0 89.0 201.50593706869358
49.0 90.0 164.3615385332762
49.0 91.0 163.23718584983345
49.0 92.0 73.33073921527713
49.0 94.0 68.7559532861722
49.0 95.0 73.45926048089684
49.0 96.0 70.13191544360771
49.0 97.0 79.51419064340816
49.0 98.0 217.3677916899108
49.0 100.0 79.71158844752628
49.0 101.0 15.575814694353907
49.0 102.0 15.80526268319014
49.0 104.0 31.310089441265912
49.0 105.0 31.326527851433013
49.0 107.0 172.503823331388
49.0 109.0 222.83632850757934
49.0 110.0 233.48394695220532
49.0 111.0 232.37224775928928
49.0 112.0 38.03490208253199
50.0 51.0 17.51416120140893
50.0 52.0 8.540107922688238
50.0 53.0 13.098122109900661
50.0 54.0 17.564071748687518
50.0 57.0 193.58979793644647
50.0 59.0 198.5636396129521
50.0 61.0 202.07828901378372
50.0 62.0 210.4775321014058
50.0 63.0 211.15226622925186
50.0 65.0 50.47205087441881
50.0 66.0 57.612061951744685
50.0 67.0 65.5590451771883
50.0 68.0 72.73115669048158
50.0 69.0 80.23532008033686
50.0 70.0 67.73471045060634
50.0 73.0 155.3149502609432
50.0 74.0 162.82361443922267
50.0 75.0 162.7135418496838
50.0 76.0 163.670550777299
50.0 78.0 171.32393483433566
50.0 79.0 178.58020024861116
50.0 80.0 172.2851396281664
50.0 81.0 172.4930279420737
50.0 82.0 70.84938607936562
50.0 83.0 73.57436782655961
50.0 84.0 163.6252422761884
50.0 86.0 179.1645256923913
50.0 87.0 179.67051971844802
50.0 88.0 202.1608090628096
50.0 89.0 209.97524875925316
50.0 90.0 172.8308502245734
50.0 91.0 171.7064975409379
50.0 92.0 81.80005090316516
50.0 94.0 77.22526497590992
50.0 95.0 81.92857217033433
50.0 96.0 78.60122713367599
50.0 97.0 87.98350233255334
50.0 98.0 225.83710337909946
50.0 100.0 88.18090013757137
50.0 101.0 24.045126383294956
50.0 102.0 24.27457437258387
50.0 104.0 39.77940113078327
50.0 105.0 39.79583954108872
50.0 107.0 180.97313501728098
50.0 109.0 231.30564019685488
50.0 110.0 241.9532586553409
50.0 111.0 240.84155944244708
50.0 112.0 46.50421377203431
51.0 52.0 26.05426912485362
51.0 53.0 30.612283311478855
51.0 54.0 35.07823295034653
51.0 57.0 194.16533576405533
51.0 59.0 199.13917743746117
51.0 61.0 202.65382683440822
51.0 62.0 211.05306992464529
51.0 63.0 211.7278040531724
51.0 65.0 51.04758869708158
51.0 66.0 58.18759977453526
51.0 67.0 66.13458300039649
51.0 68.0 73.3066945131558
51.0 69.0 80.81085790252045
51.0 70.0 68.31024827371142
51.0 73.0 155.8904880840815
51.0 74.0 163.39915226220342
51.0 75.0 163.28907967317699
51.0 76.0 164.24608859363866
51.0 78.0 171.89947266016298
51.0 79.0 179.1557380727915
51.0 80.0 172.8606774532158
51.0 81.0 173.06856577366884
51.0 82.0 71.4249239021166
51.0 83.0 74.14990565064033
51.0 84.0 164.20078009948912
51.0 86.0 179.74006351598132
51.0 87.0 180.24605754210683
51.0 88.0 202.7363468839481
51.0 89.0 210.5507865819606
51.0 90.0 173.4063880468254
51.0 91.0 172.28203536543214
51.0 92.0 82.37558872635029
51.0 94.0 77.80080279884955
51.0 95.0 82.50410999352319
51.0 96.0 79.17676495621997
51.0 97.0 88.55904015581129
51.0 98.0 226.41264120248255
51.0 100.0 88.75643795970802
51.0 101.0 6.530965181793483
51.0 102.0 6.760413170493235
51.0 104.0 22.265239928693305
51.0 105.0 22.281678338642887
51.0 107.0 181.54867283872153
51.0 109.0 231.8811780226784
51.0 110.0 242.52879647434455
51.0 111.0 241.41709726625893
51.0 112.0 28.990052570076514
52.0 53.0 4.558014186966522
52.0 54.0 9.02396382590594
52.0 57.0 202.12990586571127
52.0 59.0 207.10374753044658
52.0 61.0 210.6183969377558
52.0 62.0 219.01764002510043
52.0 63.0 219.6923741510812
52.0 65.0 59.01215879739997
52.0 66.0 66.15216987418398
52.0 67.0 74.09915310016197
52.0 68.0 81.27126461321096
52.0 69.0 88.7754280024805
52.0 70.0 76.27481837300881
52.0 73.0 163.85505818369842
52.0 74.0 171.36372236161478
52.0 75.0 171.25364977245061
52.0 76.0 172.2106586930741
52.0 78.0 179.86404276126854
52.0 79.0 187.12030817063192
52.0 80.0 180.82524755529823
52.0 81.0 181.03313586934166
52.0 82.0 79.3894940012847
52.0 83.0 82.11447575102721
52.0 84.0 172.16535019909702
52.0 86.0 187.70463361526248
52.0 87.0 188.2106276411235
52.0 88.0 210.70091698507514
52.0 89.0 218.51535667796153
52.0 90.0 181.3709581496512
52.0 91.0 180.24660546029494
52.0 92.0 90.34015882484375
52.0 94.0 85.76537289852982
52.0 95.0 90.46868008975044
52.0 96.0 87.14133505286857
52.0 97.0 96.52361025557767
52.0 98.0 234.3772113000923
52.0 100.0 96.72100806012932
52.0 101.0 32.585234306344944
52.0 102.0 32.81468229520513
52.0 104.0 48.319509053532656
52.0 105.0 48.33594746396001
52.0 107.0 189.51324293125245
52.0 109.0 239.84574811866332
52.0 110.0 250.49336657364523
52.0 111.0 249.38166736824638
52.0 112.0 55.04432169412901
53.0 54.0 4.465949638970012
53.0 57.0 206.6879200452894
53.0 59.0 211.66176171796576
53.0 61.0 215.17641112199232
53.0 62.0 223.5756542129644
53.0 63.0 224.25038833710795
53.0 65.0 63.570172984037114
53.0 66.0 70.71018406112275
53.0 67.0 78.65716728733615
53.0 68.0 85.82927880035416
53.0 69.0 93.33344218973846
53.0 70.0 80.83283256060272
53.0 73.0 168.41307237046408
53.0 74.0 175.92173654939123
53.0 75.0 175.81166395972537
53.0 76.0 176.76867288220762
53.0 78.0 184.42205694581995
53.0 79.0 191.6783223617422
53.0 80.0 185.38326174090741
53.0 81.0 185.59115005088717
53.0 82.0 83.94750818826088
53.0 83.0 86.6724899359202
53.0 84.0 176.7233643860082
53.0 86.0 192.26264780232881
53.0 87.0 192.7686418281213
53.0 88.0 215.25893116285977
53.0 89.0 223.07337086459063
53.0 90.0 185.928972333807
53.0 91.0 184.80461965569637
53.0 92.0 94.89817301239276
53.0 94.0 90.32338708553371
53.0 95.0 95.0266942806297
53.0 96.0 91.69934924142055
53.0 97.0 101.08162444131231
53.0 98.0 238.93522548391547
53.0 100.0 101.27902224681222
53.0 101.0 37.14324849342133
53.0 102.0 37.372696481593955
53.0 104.0 52.87752324037183
53.0 105.0 52.89396165016456
53.0 107.0 194.07125712368702
53.0 109.0 244.40376230631577
53.0 110.0 255.05138075571386
53.0 111.0 253.939681560127
53.0 112.0 59.60233588138017
54.0 57.0 211.1538696842365
54.0 59.0 216.12771135664062
54.0 61.0 219.64236075839491
54.0 62.0 228.04160385522738
54.0 63.0 228.716337982336
54.0 65.0 68.0361226229385
54.0 66.0 75.17613370002687
54.0 67.0 83.1231169260395
54.0 68.0 90.29522843954322
54.0 69.0 97.79939182869398
54.0 70.0 85.2987821991363
54.0 73.0 172.87902200933036
54.0 74.0 180.3876861875085
54.0 75.0 180.27761359810006
54.0 76.0 181.2346225213883
54.0 78.0 188.8880065853753
54.0 79.0 196.14427199557406
54.0 80.0 189.84921137628757
54.0 81.0 190.05709969849244
54.0 82.0 88.41345782841273
54.0 83.0 91.13843957495935
54.0 84.0 181.1893140249934
54.0 86.0 196.72859744147104
54.0 87.0 197.2345914671862
54.0 88.0 219.72488081059367
54.0 89.0 227.53932051044174
54.0 90.0 190.39492197488912
54.0 91.0 189.27056928799726
54.0 92.0 99.36412265222378
54.0 94.0 94.78933672435659
54.0 95.0 99.49264391728411
54.0 96.0 96.16529888106508
54.0 97.0 105.54757408235236
54.0 98.0 243.40117512895984
54.0 100.0 105.74497188620074
54.0 101.0 41.60919813267179
54.0 102.0 41.838646121894655
54.0 104.0 57.34347287960651
54.0 105.0 57.35991128906823
54.0 107.0 198.53720675601193
54.0 109.0 248.8697119444852
54.0 110.0 259.5173303996377
54.0 111.0 258.4056311966951
54.0 112.0 64.06828552038914
57.0 59.0 18.346445936867923
57.0 61.0 21.861095337474044
57.0 62.0 30.260338431740053
57.0 63.0 30.935072555713283
57.0 65.0 191.23556544784552
57.0 66.0 198.3755765310704
57.0 67.0 206.32255975839752
57.0 68.0 213.49467126584705
57.0 69.0 220.99883465970873
57.0 70.0 208.49822503189876
57.0 73.0 83.4745035677052
57.0 74.0 90.98316773959584
57.0 75.0 90.87309514507066
57.0 76.0 52.37201944366778
57.0 78.0 60.02540349924752
57.0 79.0 67.28166891353844
57.0 80.0 60.986608295570186
57.0 81.0 61.194496613274026
57.0 82.0 192.95865223641837
57.0 83.0 195.68363397738852
57.0 84.0 91.7847955966539
57.0 86.0 107.3240789946392
57.0 87.0 107.83007301833064
57.0 88.0 8.571011123199376
57.0 89.0 16.385450820638546
57.0 90.0 47.71741602882214
57.0 91.0 46.59306334357257
57.0 92.0 203.9093170583073
57.0 94.0 199.33453113064186
57.0 95.0 204.03783832700447
57.0 96.0 200.71049328445838
57.0 97.0 210.09276848695083
57.0 98.0 45.619909704027855
57.0 100.0 228.9444147149672
57.0 101.0 200.69630094526457
57.0 102.0 200.925748935627
57.0 104.0 216.43057568637994
57.0 105.0 216.44701410208197
57.0 107.0 69.67460368132427
57.0 109.0 51.088446520092205
57.0 110.0 61.7360649697506
57.0 111.0 60.62436577847973
57.0 112.0 223.15538833219983
59.0 61.0 17.0137168842993
59.0 62.0 25.412959981446335
59.0 63.0 26.0876941036795
59.0 65.0 196.20940712954578
59.0 66.0 203.34941820246252
59.0 67.0 211.29640143067877
59.0 68.0 218.4685129426764
59.0 69.0 225.97267633548037
59.0 70.0 213.47206669959075
59.0 73.0 88.44834523227803
59.0 74.0 95.95700941135624
59.0 75.0 95.84693682211223
59.0 76.0 57.34586110901119
59.0 78.0 64.99924517162871
59.0 79.0 72.25551058213202
59.0 80.0 65.96044997052712
59.0 81.0 66.16833828089938
59.0 82.0 197.93249390538972
59.0 83.0 200.65747565470537
59.0 84.0 96.75863724738412
59.0 86.0 112.29792066314126
59.0 87.0 112.80391468801906
59.0 88.0 26.91745706006361
59.0 89.0 34.73189675726566
59.0 90.0 52.691257714344175
59.0 91.0 51.5669050241209
59.0 92.0 208.88315873379963
59.0 94.0 204.30837280295754
59.0 95.0 209.01168000096536
59.0 96.0 205.684334965659
59.0 97.0 215.06661016094986
59.0 98.0 40.77253125005514
59.0 100.0 233.91825638991583
59.0 101.0 205.67014261919076
59.0 102.0 205.89959060138335
59.0 104.0 221.40441736396286
59.0 105.0 221.42085577259138
59.0 107.0 74.64844535230604
59.0 109.0 46.24106807047886
59.0 110.0 56.888686510335916
59.0 111.0 55.776987307386804
59.0 112.0 228.1292300019395
61.0 62.0 18.51990065866213
61.0 63.0 19.194634785785787
61.0 65.0 199.72405652744246
61.0 66.0 206.86406760160878
61.0 67.0 214.8110508311974
61.0 68.0 221.98316234227426
61.0 69.0 229.48732573065746
61.0 70.0 216.98671610308986
61.0 73.0 91.96299461357901
61.0 74.0 99.47165881301912
61.0 75.0 99.3615862216864
61.0 76.0 60.86051051813362
61.0 78.0 68.51389458644351
61.0 79.0 75.77015999159002
61.0 80.0 69.47509937932952
61.0 81.0 69.68298768137348
61.0 82.0 201.4471433100261
61.0 83.0 204.17212505508837
61.0 84.0 100.27328664982011
61.0 86.0 115.81257006620925
61.0 87.0 116.31856409327148
61.0 88.0 30.432106459562064
61.0 89.0 38.246546158524126
61.0 90.0 56.205907104829265
61.0 91.0 55.081554416814456
61.0 92.0 212.39780813280905
61.0 94.0 207.82302220873936
61.0 95.0 212.52632939568707
61.0 96.0 209.19898436084304
61.0 97.0 218.58125956587378
61.0 98.0 33.87947193384788
61.0 100.0 237.43290578611257
61.0 101.0 209.18479201908173
61.0 102.0 209.41424000200612
61.0 104.0 224.9190667632193
61.0 105.0 224.935505173323
61.0 107.0 78.16309475194396
61.0 109.0 39.348008753428175
61.0 110.0 49.99562719526335
61.0 111.0 48.88392800261995
61.0 112.0 231.6438794051458
62.0 63.0 14.127274414943876
62.0 65.0 208.1232996183729
62.0 66.0 215.26331069337982
62.0 67.0 223.21029391960946
62.0 68.0 230.38240543296308
62.0 69.0 237.8865688217167
62.0 70.0 225.38595919637547
62.0 73.0 100.36223772658936
62.0 74.0 107.87090190420571
62.0 75.0 107.76082931506522
62.0 76.0 69.25975361289063
62.0 78.0 76.91313765210101
62.0 79.0 84.16940310120329
62.0 80.0 77.87434245914949
62.0 81.0 78.08223076685566
62.0 82.0 209.84638639433726
62.0 83.0 212.57136814810167
62.0 84.0 108.67252974174517
62.0 86.0 124.21181315799944
62.0 87.0 124.71780718427657
62.0 88.0 38.83134955334884
62.0 89.0 46.64578925294195
62.0 90.0 64.6051501867984
62.0 91.0 63.48079752787394
62.0 92.0 220.7970512218748
62.0 94.0 216.22226529658502
62.0 95.0 220.92557249193675
62.0 96.0 217.59822745512588
62.0 97.0 226.98050264944425
62.0 98.0 15.359571273802747
62.0 100.0 245.83214888211856
62.0 101.0 217.58403511218643
62.0 102.0 217.81348310016932
62.0 104.0 233.3183098555336
62.0 105.0 233.33474827084257
62.0 107.0 86.56233783450101
62.0 109.0 20.828108095916207
62.0 110.0 31.475726545147012
62.0 111.0 30.3640273415886
62.0 112.0 240.04312249453375
63.0 65.0 208.798033749696
63.0 66.0 215.93804482156366
63.0 67.0 223.885028047935
63.0 68.0 231.05713955857868
63.0 69.0 238.56130295028402
63.0 70.0 226.0606933183642
63.0 73.0 101.03697186503994
63.0 74.0 108.54563603316103
63.0 75.0 108.43556344366348
63.0 76.0 69.93448774335397
63.0 78.0 77.58787179542844
63.0 79.0 84.84413719706787
63.0 80.0 78.54907660285868
63.0 81.0 78.75696489963556
63.0 82.0 210.52112052451963
63.0 83.0 213.24610227143006
63.0 84.0 109.34726386805602
63.0 86.0 124.88654728590282
63.0 87.0 125.39254131076396
63.0 88.0 39.50608368055376
63.0 89.0 47.320523380571274
63.0 90.0 65.27988432857177
63.0 91.0 64.15553163598307
63.0 92.0 221.47178534893703
63.0 94.0 216.8969994237637
63.0 95.0 221.60030661352238
63.0 96.0 218.27296157208974
63.0 97.0 227.6552367745731
63.0 98.0 29.486845691165016
63.0 100.0 246.5068830055689
63.0 101.0 218.2587692329905
63.0 102.0 218.48821722367873
63.0 104.0 233.99304398319447
63.0 105.0 234.0094823912687
63.0 107.0 87.2370719638719
63.0 109.0 34.95538250672212
63.0 110.0 45.60300095853588
63.0 111.0 44.491301752333996
63.0 112.0 240.7178566266394
65.0 66.0 7.140011076942932
65.0 67.0 15.086994303121719
65.0 68.0 22.25910581612594
65.0 69.0 29.763269205517947
65.0 70.0 46.95075702144282
65.0 73.0 152.96071777564885
65.0 74.0 160.46938195426688
65.0 75.0 160.35930936453087
65.0 76.0 161.31631829112513
65.0 78.0 168.96970235464545
65.0 79.0 176.2259677638234
65.0 80.0 169.93090715329265
65.0 81.0 170.13879545753323
65.0 82.0 68.49515359264083
65.0 83.0 71.22013534116175
65.0 84.0 161.27100979107033
65.0 86.0 176.81029320786422
65.0 87.0 177.31628723372808
65.0 88.0 199.80657657504975
65.0 89.0 207.62101627649275
65.0 90.0 170.47661773863516
65.0 91.0 169.3522650524036
65.0 92.0 79.44581841669304
65.0 94.0 74.87103249068306
65.0 95.0 79.57433968809511
65.0 96.0 76.24699464842485
65.0 97.0 85.6292698460566
65.0 98.0 223.4828708980365
65.0 100.0 37.70884926313635
65.0 101.0 57.578553879205934
65.0 102.0 57.8080018687172
65.0 104.0 73.31282862590473
65.0 105.0 73.32926703638226
65.0 107.0 178.61890253115502
65.0 109.0 228.95140771736442
65.0 110.0 239.59902615366596
65.0 111.0 238.48732695550916
65.0 112.0 80.03764126809662
66.0 67.0 7.946983226129214
66.0 68.0 15.11909473904901
66.0 69.0 22.623258127982346
66.0 70.0 54.09076809825579
66.0 73.0 160.10072885269108
66.0 74.0 167.60939303076054
66.0 75.0 167.49932044135772
66.0 76.0 168.45632936523253
66.0 78.0 176.10971342772115
66.0 79.0 183.3659788421736
66.0 80.0 177.07091822186035
66.0 81.0 177.2788065442532
66.0 82.0 75.63516467089238
66.0 83.0 78.36014641918021
66.0 84.0 168.41102086791847
66.0 86.0 183.95030428410558
66.0 87.0 184.45629831046296
66.0 88.0 206.9465876527499
66.0 89.0 214.76102735161746
66.0 90.0 177.61662881572153
66.0 91.0 176.49227613241356
66.0 92.0 86.58582949267327
66.0 94.0 82.01104356735502
66.0 95.0 86.714350765066
66.0 96.0 83.38700572527725
66.0 97.0 92.76928092490445
66.0 98.0 230.62288197699806
66.0 100.0 30.56883818631221
66.0 101.0 64.71856495461964
66.0 102.0 64.94801294459155
66.0 104.0 80.45283970355511
66.0 105.0 80.46927811332438
66.0 107.0 185.75891360309004
66.0 109.0 236.09141878332176
66.0 110.0 246.7390372378444
66.0 111.0 245.62733803586735
66.0 112.0 87.17765234461476
67.0 68.0 7.172111512961913
67.0 69.0 14.676274902259244
67.0 70.0 62.03775132453286
67.0 73.0 168.04771207865207
67.0 74.0 175.55637625710182
67.0 75.0 175.4463036676341
67.0 76.0 176.40331259312535
67.0 78.0 184.05669665515302
67.0 79.0 191.31296206837482
67.0 80.0 185.0179014468431
67.0 81.0 185.22578976199202
67.0 82.0 83.58214789689373
67.0 83.0 86.30712964384088
67.0 84.0 176.35800409407938
67.0 86.0 191.8972875105514
67.0 87.0 192.4032815365445
67.0 88.0 214.89357087841933
67.0 89.0 222.70801057746968
67.0 90.0 185.56361203978406
67.0 91.0 184.43925935820485
67.0 92.0 94.53281272025637
67.0 94.0 89.95802679355305
67.0 95.0 94.66133398988285
67.0 96.0 91.3339889522702
67.0 97.0 100.71626415044966
67.0 98.0 238.56986519831537
67.0 100.0 22.621854960165628
67.0 101.0 72.66554818340445
67.0 102.0 72.89499617160786
67.0 104.0 88.39982292898026
67.0 105.0 88.41626133886777
67.0 107.0 193.705896837231
67.0 109.0 244.0384020140465
67.0 110.0 254.68602046764548
67.0 111.0 253.5743212637413
67.0 112.0 95.12463557013734
68.0 69.0 7.5041633893729225
68.0 70.0 69.20986283744301
68.0 73.0 175.2198235916863
68.0 74.0 182.72848776997205
68.0 75.0 182.61841518042095
68.0 76.0 183.57542410486326
68.0 78.0 191.22880816495717
68.0 79.0 198.4850735823659
68.0 80.0 192.19001295891636
68.0 81.0 192.39790128152583
68.0 82.0 90.75425940942485
68.0 83.0 93.47924115644902
68.0 84.0 183.53011560708572
68.0 86.0 199.06939902319368
68.0 87.0 199.57539304975734
68.0 88.0 222.06568239115427
68.0 89.0 229.88012208820678
68.0 90.0 192.73572355538488
68.0 91.0 191.6113708727292
68.0 92.0 101.70492423394097
68.0 94.0 97.13013830672435
68.0 95.0 101.83344550560196
68.0 96.0 98.50610046998973
68.0 97.0 107.88837566434776
68.0 98.0 245.7419767119553
68.0 100.0 15.449743446993267
68.0 101.0 79.83765969591204
68.0 102.0 80.06710768261232
68.0 104.0 95.57193444314319
68.0 105.0 95.58837285267938
68.0 107.0 200.87800834462075
68.0 109.0 251.21051353075367
68.0 110.0 261.8581319748426
68.0 111.0 260.74643277258093
68.0 112.0 102.29674708359188
69.0 70.0 76.71402622705114
69.0 73.0 182.72398698100238
69.0 74.0 190.2326511590898
69.0 75.0 190.1225785696124
69.0 76.0 191.07958749616716
69.0 78.0 198.7329715551113
69.0 79.0 205.98923696956794
69.0 80.0 199.69417634770554
69.0 81.0 199.90206466755768
69.0 82.0 98.25842279850238
69.0 83.0 100.98340454586923
69.0 84.0 191.03427899631978
69.0 86.0 206.5735624134223
69.0 87.0 207.07955643871105
69.0 88.0 229.56984578416322
69.0 89.0 237.38428547639612
69.0 90.0 200.23988694413492
69.0 91.0 199.11553425679912
69.0 92.0 109.20908762347344
69.0 94.0 104.63430169562324
69.0 95.0 109.33760889192206
69.0 96.0 106.01026385542806
69.0 97.0 115.39253905536196
69.0 98.0 253.24614009753446
69.0 100.0 7.945580057698176
69.0 101.0 87.34182308443965
69.0 102.0 87.57127107219341
69.0 104.0 103.07609782976428
69.0 105.0 103.09253624134007
69.0 107.0 208.38217173899014
69.0 109.0 258.71467691987795
69.0 110.0 269.36229536139854
69.0 111.0 268.25059616607905
69.0 112.0 109.80091047284286
70.0 73.0 170.22337735196606
70.0 74.0 177.7320415303879
70.0 75.0 177.62196894079852
70.0 76.0 178.57897786223077
70.0 78.0 186.23236192927183
70.0 79.0 193.48862733834022
70.0 80.0 187.1935667193527
70.0 81.0 187.40145504141216
70.0 82.0 85.7578131694324
70.0 83.0 88.4827949172936
70.0 84.0 178.5336693673991
70.0 86.0 194.0729527837172
70.0 87.0 194.57894680980246
70.0 88.0 217.06923615439777
70.0 89.0 224.88367584640412
70.0 90.0 187.73927731645753
70.0 91.0 186.6149246290815
70.0 92.0 96.7084779945429
70.0 94.0 92.13369206655716
70.0 95.0 96.83699926283606
70.0 96.0 93.509654225695
70.0 97.0 102.89192942782852
70.0 98.0 240.7455304735464
70.0 100.0 84.65960628457864
70.0 101.0 74.84121345528453
70.0 102.0 75.07066144436556
70.0 104.0 90.57548820247169
70.0 105.0 90.59192661262537
70.0 107.0 195.88156210669422
70.0 109.0 246.2140672887616
70.0 110.0 256.8616857408888
70.0 111.0 255.74998653719888
70.0 112.0 97.30030084384603
73.0 74.0 23.20415507024513
73.0 75.0 23.094082480815494
73.0 76.0 53.55525639371801
73.0 78.0 61.20864045993527
73.0 79.0 68.46490586968754
73.0 80.0 62.16984525426315
73.0 81.0 62.377733562412764
73.0 82.0 154.68380455845903
73.0 83.0 157.40878630735324
73.0 84.0 8.310292015372756
73.0 86.0 39.54506632451894
73.0 87.0 40.05106034951549
73.0 88.0 92.04551466781834
73.0 89.0 99.85995438631076
73.0 90.0 62.71555583718755
73.0 91.0 61.59120316027537
73.0 92.0 165.6344693839885
73.0 94.0 161.0596834551419
73.0 95.0 165.76299064974398
73.0 96.0 162.4356456123536
73.0 97.0 171.81792081205512
73.0 98.0 115.72180900049865
73.0 100.0 190.66956703881215
73.0 101.0 162.42145326594886
73.0 102.0 162.65090125461126
73.0 104.0 178.15572801278807
73.0 105.0 178.17216642283591
73.0 107.0 70.85784063916678
73.0 109.0 121.19034582304022
73.0 110.0 131.8379642689133
73.0 111.0 130.72626506809783
73.0 112.0 184.88054065388707
74.0 75.0 15.464430177725266
74.0 76.0 61.063920577368265
74.0 78.0 68.71730463306298
74.0 79.0 75.97357004995979
74.0 80.0 69.67850942985004
74.0 81.0 69.88639773677104
74.0 82.0 162.19246873525424
74.0 83.0 164.91745048280745
74.0 84.0 31.514447085784855
74.0 86.0 31.91541402099969
74.0 87.0 32.421408046989
74.0 88.0 99.55417886362389
74.0 89.0 107.3686185598183
74.0 90.0 70.2242200283475
74.0 91.0 69.09986735096281
74.0 92.0 173.14313356240598
74.0 94.0 168.5683476336125
74.0 95.0 173.27165482800774
74.0 96.0 169.94430979106232
74.0 97.0 179.32658499023188
74.0 98.0 123.23047318065994
74.0 100.0 198.17823121709512
74.0 101.0 169.93011744436595
74.0 102.0 170.1595654329812
74.0 104.0 185.66439219103785
74.0 105.0 185.68083060100187
74.0 107.0 78.36650481342882
74.0 109.0 128.69901000036774
74.0 110.0 139.34662844892512
74.0 111.0 138.23492924645765
74.0 112.0 192.38920483213562
75.0 76.0 60.9538479857704
75.0 78.0 68.60723204401202
75.0 79.0 75.86349745318637
75.0 80.0 69.5684368349257
75.0 81.0 69.77632515503615
75.0 82.0 162.0823961439881
75.0 83.0 164.8073778921734
75.0 84.0 31.404374497018775
75.0 86.0 16.450983843194106
75.0 87.0 16.956977869128018
75.0 88.0 99.44410627936426
75.0 89.0 107.25854596890703
75.0 90.0 70.11414743521024
75.0 91.0 68.9897947524894
75.0 92.0 173.033060970439
75.0 94.0 168.45827504409567
75.0 95.0 173.16158223772493
75.0 96.0 169.83423720140135
75.0 97.0 179.21651240087414
75.0 98.0 123.12040059049892
75.0 100.0 198.06815862810038
75.0 101.0 169.82004485451768
75.0 102.0 170.04949284365927
75.0 104.0 185.55431960114117
75.0 105.0 185.57075801194287
75.0 107.0 78.25643221896539
75.0 109.0 128.58893741034993
75.0 110.0 139.23655585974376
75.0 111.0 138.12485665715664
75.0 112.0 192.2791322425446
76.0 78.0 7.65338406332907
76.0 79.0 14.909649474430624
76.0 80.0 20.39855456343147
76.0 81.0 20.606442877941596
76.0 82.0 163.03940507015568
76.0 83.0 165.76438681741234
76.0 84.0 61.8655484145317
76.0 86.0 77.40483183807629
76.0 87.0 77.9108258526036
76.0 88.0 60.9430305646728
76.0 89.0 68.75747026318115
76.0 90.0 31.61307172491756
76.0 91.0 30.488719041107622
76.0 92.0 173.99006989271362
76.0 94.0 169.41528396581214
76.0 95.0 174.11859115996128
76.0 96.0 170.79124612634743
76.0 97.0 180.1735213236941
76.0 98.0 84.61932487455549
76.0 100.0 199.02516754869515
76.0 101.0 170.77705378138768
76.0 102.0 171.0065017669017
76.0 104.0 186.51132852620128
76.0 105.0 186.52776693942485
76.0 107.0 29.086549947672008
76.0 109.0 90.08786167884858
76.0 110.0 100.7354801471332
76.0 111.0 99.6237809601357
76.0 112.0 193.23614116724798
78.0 79.0 7.256265411119605
78.0 80.0 28.051938626849566
78.0 81.0 28.259826941197595
78.0 82.0 170.69278913623486
78.0 83.0 173.4177708834996
78.0 84.0 69.5189324754152
78.0 86.0 85.05821588796628
78.0 87.0 85.5642099166457
78.0 88.0 68.5964146261054
78.0 89.0 76.41085432728113
78.0 90.0 39.26645578832358
78.0 91.0 38.14210310448493
78.0 92.0 181.64345396151248
78.0 94.0 177.06866803168697
78.0 95.0 181.7719752272289
78.0 96.0 178.44463018667733
78.0 97.0 187.82690538662223
78.0 98.0 92.27270896799922
78.0 100.0 206.67855161533907
78.0 101.0 178.43043784146448
78.0 102.0 178.65988583069748
78.0 104.0 194.16471258347823
78.0 105.0 194.18115099756204
78.0 107.0 36.73993401098143
78.0 109.0 97.74124575437457
78.0 110.0 108.38886422846801
78.0 111.0 107.27716502440886
78.0 112.0 200.88952523111837
79.0 80.0 35.30820403784253
79.0 81.0 35.516092352211544
79.0 82.0 177.9490545452831
79.0 83.0 180.67403629435356
79.0 84.0 76.77519788660572
79.0 86.0 92.3144813012888
79.0 87.0 92.82047532668997
79.0 88.0 75.85268003871874
79.0 89.0 83.66711973523361
79.0 90.0 46.52272119958535
79.0 91.0 45.39836851591414
79.0 92.0 188.8997193704982
79.0 94.0 184.3249334434138
79.0 95.0 189.02824063701047
79.0 96.0 185.70089559934667
79.0 97.0 195.08317079812787
79.0 98.0 99.52897434492388
79.0 100.0 213.93481702366722
79.0 101.0 185.6867032530607
79.0 102.0 185.91615124256873
79.0 104.0 201.42097799838052
79.0 105.0 201.43741640470472
79.0 107.0 43.99619942217116
79.0 109.0 104.9975112046692
79.0 110.0 115.6451296514644
79.0 111.0 114.53343047654081
79.0 112.0 208.1457906391733
80.0 81.0 14.693857256935175
80.0 82.0 171.65399393135112
80.0 83.0 174.3789756743616
80.0 84.0 70.48013727336979
80.0 86.0 86.019420678431
80.0 87.0 86.52541470103343
80.0 88.0 69.55761940631628
80.0 89.0 77.37205911781116
80.0 90.0 40.227660581243015
80.0 91.0 39.10330789751341
80.0 92.0 182.60465875387624
80.0 94.0 178.02987282243583
80.0 95.0 182.7331800144404
80.0 96.0 179.40583498003775
80.0 97.0 188.78811018163827
80.0 98.0 93.23391371971744
80.0 100.0 207.639756413122
80.0 101.0 179.39164263254554
80.0 102.0 179.62109062650995
80.0 104.0 195.12591738034143
80.0 105.0 195.14235579411962
80.0 107.0 23.173964326704994
80.0 109.0 98.70245054385852
80.0 110.0 109.35006899060022
80.0 111.0 108.23836979943636
80.0 112.0 201.8507300227443
81.0 82.0 171.86188224641086
81.0 83.0 174.58686399325558
81.0 84.0 70.68802558000888
81.0 86.0 86.22730900383883
81.0 87.0 86.73330301582939
81.0 88.0 69.7655077274613
81.0 89.0 77.57994743161431
81.0 90.0 40.43554889570163
81.0 91.0 39.31119621222141
81.0 92.0 182.8125470653933
81.0 94.0 178.23776113578924
81.0 95.0 182.94106833149146
81.0 96.0 179.61372329583736
81.0 97.0 188.9959984958827
81.0 98.0 93.44180203732643
81.0 100.0 207.84764472473614
81.0 101.0 179.59953094993438
81.0 102.0 179.8289789397116
81.0 104.0 195.3338056967088
81.0 105.0 195.3502441014843
81.0 107.0 8.480107069756695
81.0 109.0 98.91033887962277
81.0 110.0 109.55795731290902
81.0 111.0 108.4462581257086
81.0 112.0 202.05861833985455
82.0 83.0 13.921333317820244
82.0 84.0 162.99409657378192
82.0 86.0 178.5333799892315
82.0 87.0 179.0393740162144
82.0 88.0 201.52966335935957
82.0 89.0 209.34410305413456
82.0 90.0 172.1997045232022
82.0 91.0 171.07535183857772
82.0 92.0 22.147016394092205
82.0 94.0 34.146452538579055
82.0 95.0 38.849759732903074
82.0 96.0 35.52241469596935
82.0 97.0 44.90468989556674
82.0 98.0 225.20595766965954
82.0 100.0 106.20400285632218
82.0 101.0 77.95588908268044
82.0 102.0 78.18533707354695
82.0 104.0 93.69016383105345
82.0 105.0 93.70660223960203
82.0 107.0 180.34198931724833
82.0 109.0 230.6744944931785
82.0 110.0 241.32211294127222
82.0 111.0 240.2104137453556
82.0 112.0 100.41497647278919
83.0 84.0 165.71907832160267
83.0 86.0 181.25836174168307
83.0 87.0 181.76435576315203
83.0 88.0 204.25464510454407
83.0 89.0 212.06908480670248
83.0 90.0 174.92468626609877
83.0 91.0 173.80033358632818
83.0 92.0 8.225683076116713
83.0 94.0 36.871434286335194
83.0 95.0 41.57474148063997
83.0 96.0 38.2473964436742
83.0 97.0 47.62967164355112
83.0 98.0 227.93093941644554
83.0 100.0 108.92898460434914
83.0 101.0 80.68087083050979
83.0 102.0 80.9103188192063
83.0 104.0 96.41514557724878
83.0 105.0 96.43158398912573
83.0 107.0 183.06697106538627
83.0 109.0 233.39947624791643
83.0 110.0 244.04709469368572
83.0 111.0 242.93539548942599
83.0 112.0 103.13995821887647
84.0 86.0 47.85535834013136
84.0 87.0 48.36135236531416
84.0 88.0 100.35580671031431
84.0 89.0 108.17024639609801
84.0 90.0 71.02584785881645
84.0 91.0 69.90149517820625
84.0 92.0 173.94476139741352
84.0 94.0 169.36997547023248
84.0 95.0 174.073282665185
84.0 96.0 170.74593762793802
84.0 97.0 180.12821282753447
84.0 98.0 124.03210101683518
84.0 100.0 198.97985905410422
84.0 101.0 170.73174528111295
84.0 102.0 170.96119326986548
84.0 104.0 186.46602002821345
84.0 105.0 186.48245843824395
84.0 107.0 79.16813264636517
84.0 109.0 129.50063783754405
84.0 110.0 140.1482562864785
84.0 111.0 139.036557084993
84.0 112.0 193.19083266929718
86.0 87.0 16.939416955607733
86.0 88.0 115.89509011683195
86.0 89.0 123.70952981467957
86.0 90.0 86.56513127610754
86.0 91.0 85.44077858314783
86.0 92.0 189.4840448153612
86.0 94.0 184.9092588873016
86.0 95.0 189.6125660818916
86.0 96.0 186.28522104444718
86.0 97.0 195.6674962442318
86.0 98.0 139.57138443234632
86.0 100.0 214.51914247016666
86.0 101.0 186.27102869725056
86.0 102.0 186.50047668661722
86.0 104.0 202.00530344470326
86.0 105.0 202.02174185507005
86.0 107.0 94.70741608092625
86.0 109.0 145.03992125225446
86.0 110.0 155.68753970057207
86.0 111.0 154.57584049882473
86.0 112.0 208.73011608594885
87.0 88.0 116.40108414187571
87.0 89.0 124.2155238381466
87.0 90.0 87.07112529981966
87.0 91.0 85.94677261444207
87.0 92.0 189.99003883677906
87.0 94.0 185.4152529130909
87.0 95.0 190.11856010800759
87.0 96.0 186.79121506991783
87.0 97.0 196.1734902704472
87.0 98.0 140.07737845875147
87.0 100.0 215.02513649688663
87.0 101.0 186.77702272380594
87.0 102.0 187.00647071272346
87.0 104.0 202.51129747022208
87.0 105.0 202.5277358809968
87.0 107.0 95.21341009809946
87.0 109.0 145.54591527963498
87.0 110.0 156.19353372799796
87.0 111.0 155.08183452569537
87.0 112.0 209.23611011159812
88.0 89.0 7.814439697772842
88.0 90.0 56.28842715485503
88.0 91.0 55.16407447271256
88.0 92.0 212.48032818420148
88.0 94.0 207.90554226038108
88.0 95.0 212.60884945246423
88.0 96.0 209.28150441365432
88.0 97.0 218.66377961393638
88.0 98.0 54.19092082594372
88.0 100.0 237.51542583911095
88.0 101.0 209.26731206926547
88.0 102.0 209.49676005170028
88.0 104.0 225.00158681260552
88.0 105.0 225.01802522070756
88.0 107.0 78.24561480837795
88.0 109.0 59.65945765355662
88.0 110.0 70.3070761135561
88.0 111.0 69.19537689146779
88.0 112.0 231.7263994539955
89.0 90.0 64.10286685297316
89.0 91.0 62.97851416751283
89.0 92.0 220.29476787721734
89.0 94.0 215.71998195094875
89.0 95.0 220.42328914527238
89.0 96.0 217.09594410628628
89.0 97.0 226.47821930928504
89.0 98.0 62.005360524567365
89.0 100.0 245.32986553484434
89.0 101.0 217.0817517599638
89.0 102.0 217.31119975435394
89.0 104.0 232.81602650872478
89.0 105.0 232.8324649222992
89.0 107.0 86.06005449984026
89.0 109.0 67.4738973410837
89.0 110.0 78.12151579896185
89.0 111.0 77.00981657652308
89.0 112.0 239.54083915216728
90.0 91.0 16.525212707924695
90.0 92.0 183.15036934835882
90.0 94.0 178.57558341676682
90.0 95.0 183.27889061400953
90.0 96.0 179.95154557546428
90.0 97.0 189.33382077509944
90.0 98.0 79.96472146886865
90.0 100.0 208.1854670036251
90.0 101.0 179.9373532294964
90.0 102.0 180.16680121723127
90.0 104.0 195.67162797583546
90.0 105.0 195.6880663868974
90.0 107.0 48.91565596587196
90.0 109.0 85.43325831462955
90.0 110.0 96.08087676573616
90.0 111.0 94.96917755119088
90.0 112.0 202.39644061621698
91.0 92.0 182.02601666118818
91.0 94.0 177.45123073288167
91.0 95.0 182.15453792739487
91.0 96.0 178.82719289019275
91.0 97.0 188.20946809094116
91.0 98.0 78.84036880986535
91.0 100.0 207.06111431551528
91.0 101.0 178.8130005432868
91.0 102.0 179.04244853500825
91.0 104.0 194.54727529261584
91.0 105.0 194.56371370407052
91.0 107.0 47.79130328180223
91.0 109.0 84.30890563126412
91.0 110.0 94.95652405754076
91.0 111.0 93.84482486501724
91.0 112.0 201.27208793642802
92.0 94.0 45.0971173624815
92.0 95.0 49.800424557039264
92.0 96.0 46.47307951997054
92.0 97.0 55.85535471958479
92.0 98.0 236.1566224969207
92.0 100.0 117.1546676788913
92.0 101.0 88.90655390728998
92.0 102.0 89.1360018958276
92.0 104.0 104.64082865497588
92.0 105.0 104.65726706531751
92.0 107.0 191.29265413465913
92.0 109.0 241.6251593184988
92.0 110.0 252.27277777171344
92.0 111.0 251.16107856294377
92.0 112.0 111.36564129485782
94.0 95.0 19.567689390147667
94.0 96.0 16.240344352844907
94.0 97.0 25.622619552439886
94.0 98.0 231.5818365774976
94.0 100.0 112.57988175368027
94.0 101.0 84.3317679807296
94.0 102.0 84.56121596770191
94.0 104.0 100.06604272768047
94.0 105.0 100.0824811376797
94.0 107.0 186.71786821018253
94.0 109.0 237.05037339206308
94.0 110.0 247.69799184288752
94.0 111.0 246.58629264381273
94.0 112.0 106.79085536900595
95.0 96.0 5.327345037080269
95.0 97.0 6.05493016244282
95.0 98.0 236.28514376501116
95.0 100.0 117.28318894884893
95.0 101.0 89.03507517538155
95.0 102.0 89.26452316392997
95.0 104.0 104.76934992210457
95.0 105.0 104.78578833226155
95.0 107.0 191.4211754016453
95.0 109.0 241.75368058624593
95.0 110.0 252.40129904078856
95.0 111.0 251.28959983034105
95.0 112.0 111.49416256337943
96.0 97.0 11.38227519954728
96.0 98.0 232.95779872066453
96.0 100.0 113.95584391490367
96.0 101.0 85.70773013782276
96.0 102.0 85.93717812707175
96.0 104.0 101.44200488464942
96.0 105.0 101.45844329512379
96.0 107.0 188.09383036971815
96.0 109.0 238.42633554286988
96.0 110.0 249.07395399459816
96.0 111.0 247.96225478583145
96.0 112.0 108.1668175263342
97.0 98.0 242.34007393586316
97.0 100.0 123.33811911150828
97.0 101.0 95.09000533740405
97.0 102.0 95.31945332647567
97.0 104.0 110.82428008430472
97.0 105.0 110.84071849451482
97.0 107.0 197.47610556597346
97.0 109.0 247.80861074075264
97.0 110.0 258.4562292023028
97.0 111.0 257.34452999723226
97.0 112.0 117.54909272573283
98.0 100.0 261.19172015068887
98.0 101.0 232.94360638363042
98.0 102.0 233.17305437810091
98.0 104.0 248.6778811288528
98.0 105.0 248.6943195386878
98.0 107.0 101.92190910851053
98.0 109.0 22.0336344673878
98.0 110.0 32.68125291482172
98.0 111.0 31.56955371359578
98.0 112.0 255.40269377211368
100.0 101.0 95.28740314221236
100.0 102.0 95.51685112956923
100.0 104.0 111.02167789003823
100.0 105.0 111.03811629972034
100.0 107.0 216.3277517947729
100.0 109.0 266.6602569767273
100.0 110.0 277.3078754196954
100.0 111.0 276.19617622752025
100.0 112.0 117.7464905300678
101.0 102.0 13.29137835247726
101.0 104.0 15.734274747035096
101.0 105.0 15.750713156840074
101.0 107.0 188.07963802515297
101.0 109.0 238.4121432022082
101.0 110.0 249.05976165497003
101.0 111.0 247.94806245612892
101.0 112.0 22.459087388086356
102.0 104.0 29.025653099378246
102.0 105.0 29.0420915095822
102.0 107.0 188.30908600955505
102.0 109.0 238.641591195881
102.0 110.0 249.2892096404917
102.0 111.0 248.1775104385824
102.0 112.0 35.75046574054756
104.0 105.0 16.873737006654537
104.0 107.0 203.81391276491206
104.0 109.0 254.1464179548962
104.0 110.0 264.79403640337273
104.0 111.0 263.6823371970429
104.0 112.0 23.58211123776781
105.0 107.0 203.83035118032308
105.0 109.0 254.1628563617078
105.0 110.0 264.8104748086579
105.0 111.0 263.6987756046183
105.0 112.0 6.708374231143374
107.0 109.0 107.39044592609272
107.0 110.0 118.03806437301216
107.0 111.0 116.92636519931749
107.0 112.0 210.53872540551205
109.0 110.0 21.584644713134214
109.0 111.0 20.472945511370206
109.0 112.0 260.87123059657927
110.0 111.0 14.682647166331954
110.0 112.0 271.5188490359915
111.0 112.0 270.40714983892144
