2.0 3.0 4.252706417023358
2.0 4.0 4.041437626295303
2.0 5.0 7.3068421780139525
2.0 6.0 10.263766678917424
2.0 11.0 16.132087016568732
2.0 13.0 19.462276106262177
2.0 16.0 27.819656425240606
2.0 18.0 7.965503702059416
2.0 20.0 11.680909243899876
2.0 21.0 15.023986145257414
2.0 23.0 17.991474085593527
2.0 24.0 22.43197498292285
2.0 26.0 28.094648866701288
2.0 27.0 31.349697105457984
2.0 29.0 37.23025526745872
2.0 30.0 35.98639219184726
2.0 31.0 38.86450909641397
2.0 36.0 45.97349591591205
2.0 39.0 54.328563251839725
2.0 40.0 52.45470093445128
2.0 42.0 15.722554827881389
2.0 43.0 16.12547439267617
2.0 44.0 18.762421890941113
2.0 46.0 24.21282094220578
2.0 47.0 24.6856606163485
2.0 48.0 26.089591832400632
2.0 49.0 17.968207733377163
2.0 50.0 20.85398701759873
2.0 51.0 20.64226679781124
2.0 52.0 24.511032816157773
2.0 53.0 29.426888492664546
2.0 54.0 34.113869645993134
2.0 57.0 61.353308462449675
2.0 59.0 65.78441064279235
2.0 61.0 68.23584127096069
2.0 62.0 71.36634569982013
2.0 63.0 70.06193300218253
2.0 65.0 21.686482357626154
2.0 66.0 25.447650948560437
2.0 67.0 29.183922543701353
2.0 68.0 32.97653248281278
2.0 69.0 37.29183706032169
2.0 70.0 27.74745907724754
2.0 73.0 45.26585535245046
2.0 74.0 50.579846818608296
2.0 75.0 50.022918812195655
2.0 76.0 46.731018348388034
2.0 78.0 51.49546472482304
2.0 79.0 57.227052676428
2.0 80.0 54.891841721214725
2.0 81.0 53.514270366884375
2.0 82.0 25.059838697336446
2.0 83.0 26.418858981886352
2.0 84.0 49.82166865032653
2.0 86.0 63.243466928440846
2.0 87.0 65.16444796956992
2.0 88.0 70.47693421947415
2.0 89.0 80.47693421926812
2.0 90.0 52.839484983051335
2.0 91.0 50.64356997684444
2.0 92.0 30.968906659599682
2.0 94.0 32.06605468481267
2.0 95.0 36.90033713408808
2.0 96.0 39.35887987594433
2.0 97.0 43.64132041889212
2.0 98.0 80.80040223953806
2.0 100.0 44.696224759874774
2.0 101.0 24.141661263835644
2.0 102.0 23.784973695432704
2.0 104.0 31.42308444669722
2.0 105.0 31.928048866892812
2.0 107.0 57.978245574393476
2.0 109.0 82.84111427986167
2.0 110.0 90.24052856488147
2.0 111.0 87.94339965065919
2.0 112.0 35.33354609278466
3.0 4.0 8.294144042964696
3.0 5.0 3.0541357613207802
3.0 6.0 6.0110602621610525
3.0 11.0 11.879380599703218
3.0 13.0 15.209569689113867
3.0 16.0 23.56695000889532
3.0 18.0 12.218210118723626
3.0 20.0 15.933615660701427
3.0 21.0 19.276692562231176
3.0 23.0 22.244180502489655
3.0 24.0 26.684681400047253
3.0 26.0 32.34735528364824
3.0 27.0 35.60240352200714
3.0 29.0 41.4829616841181
3.0 30.0 40.23909860823582
3.0 31.0 43.117215513408624
3.0 36.0 50.22620233261337
3.0 39.0 58.5812696686277
3.0 40.0 56.707407351375934
3.0 42.0 11.469848410980012
3.0 43.0 11.872767975808655
3.0 44.0 14.50971547402813
3.0 46.0 19.960114525650415
3.0 47.0 20.432954199565792
3.0 48.0 21.836885415383712
3.0 49.0 13.715501316516775
3.0 50.0 16.601280600783028
3.0 51.0 16.389560380886316
3.0 52.0 20.258326399303847
3.0 53.0 25.17418207558857
3.0 54.0 29.86116322877935
3.0 57.0 65.60601487915011
3.0 59.0 70.0371170585795
3.0 61.0 72.48854768866961
3.0 62.0 75.61905211566737
3.0 63.0 74.31463941932815
3.0 65.0 17.433775940596966
3.0 66.0 21.194944531472203
3.0 67.0 24.93121612673735
3.0 68.0 28.72382606588893
3.0 69.0 33.039130642698225
3.0 70.0 23.494752660231832
3.0 73.0 49.518561769509255
3.0 74.0 54.83255323578483
3.0 75.0 54.27562522923799
3.0 76.0 50.983724765253484
3.0 78.0 55.74817114173085
3.0 79.0 61.479759093252525
3.0 80.0 59.14454813795482
3.0 81.0 57.766976783658166
3.0 82.0 20.80713228066968
3.0 83.0 22.166152565181328
3.0 84.0 54.07437506730412
3.0 86.0 67.49617334555748
3.0 87.0 69.41715438638427
3.0 88.0 74.72964063643907
3.0 89.0 84.72964063677509
3.0 90.0 57.092191399753666
3.0 91.0 54.896276393216866
3.0 92.0 26.716200243289528
3.0 94.0 27.81334826852559
3.0 95.0 32.64763071739351
3.0 96.0 35.10617345907361
3.0 97.0 39.38861400208782
3.0 98.0 85.05310865610458
3.0 100.0 40.44351834283858
3.0 101.0 19.888954847384326
3.0 102.0 19.53226727874491
3.0 104.0 27.170378029806184
3.0 105.0 27.675342450027337
3.0 107.0 62.230951991261676
3.0 109.0 87.09382069679432
3.0 110.0 94.49323498417778
3.0 111.0 92.19610606758715
3.0 112.0 31.080839675919805
4.0 5.0 11.348279804271218
4.0 6.0 14.305204305152714
4.0 11.0 20.173524642771035
4.0 13.0 23.503713732232878
4.0 16.0 31.861094051809733
4.0 18.0 3.924066075832501
4.0 20.0 7.639471617645677
4.0 21.0 10.982548519147377
4.0 23.0 13.950036459250617
4.0 24.0 18.390537356865636
4.0 26.0 24.05321124071073
4.0 27.0 27.308259479666848
4.0 29.0 33.1888176410132
4.0 30.0 31.944954565678927
4.0 31.0 34.82307147069096
4.0 36.0 41.93205828958456
4.0 39.0 50.28712562576366
4.0 40.0 48.413263308570976
4.0 42.0 19.763992454072962
4.0 43.0 20.166912018839717
4.0 44.0 22.803859517243378
4.0 46.0 28.254258568406726
4.0 47.0 28.727098242712106
4.0 48.0 30.131029458454467
4.0 49.0 22.009645359481468
4.0 50.0 24.89542464375694
4.0 51.0 24.683704424118247
4.0 52.0 28.55247044252449
4.0 53.0 33.468326118901985
4.0 54.0 38.1553072721314
4.0 57.0 57.31187083627435
4.0 59.0 61.74297301584517
4.0 61.0 64.19440364533551
4.0 62.0 67.32490807221109
4.0 63.0 66.02049537741831
4.0 65.0 25.727919983763307
4.0 66.0 29.489088574559272
4.0 67.0 33.2253601699067
4.0 68.0 37.017970109324224
4.0 69.0 41.333274686349924
4.0 70.0 31.78889670254311
4.0 73.0 41.22441772643065
4.0 74.0 46.53840919321248
4.0 75.0 45.981481186174406
4.0 76.0 42.689580722207154
4.0 78.0 47.45402709872322
4.0 79.0 53.185615050262506
4.0 80.0 50.85040409508498
4.0 81.0 49.472832740741744
4.0 82.0 29.101276323832124
4.0 83.0 30.460296608478544
4.0 84.0 45.7802310244267
4.0 86.0 59.20202930257548
4.0 87.0 61.123010343266984
4.0 88.0 66.43549659358844
4.0 89.0 76.43549659390798
4.0 90.0 48.79804735607073
4.0 91.0 46.60213235073442
4.0 92.0 35.01034428643828
4.0 94.0 36.107492311350015
4.0 95.0 40.94177476020224
4.0 96.0 43.40031750207536
4.0 97.0 47.68275804514036
4.0 98.0 76.75896461345701
4.0 100.0 48.7376623861598
4.0 101.0 28.183098890406267
4.0 102.0 27.82641132166212
4.0 104.0 35.46452207298719
4.0 105.0 35.96948649312705
4.0 107.0 53.93680794817013
4.0 109.0 78.79967665430814
4.0 110.0 86.19909093942215
4.0 111.0 83.90196202449812
4.0 112.0 39.37498371898637
5.0 6.0 2.9569245007659815
5.0 11.0 8.82524483844304
5.0 13.0 12.155433927994
5.0 16.0 20.512814247443846
5.0 18.0 15.272345880208182
5.0 20.0 18.987751421992836
5.0 21.0 22.330828323447648
5.0 23.0 25.298316263797254
5.0 24.0 29.738817161209774
5.0 26.0 35.40149104462522
5.0 27.0 38.65653928332624
5.0 29.0 44.5370974457116
5.0 30.0 43.293234370211906
5.0 31.0 46.17135127467206
5.0 36.0 53.28033809403489
5.0 39.0 61.63540543041201
5.0 40.0 59.761543113050514
5.0 42.0 8.415712649815006
5.0 43.0 8.818632214461198
5.0 44.0 11.455579712811753
5.0 46.0 16.90597876415083
5.0 47.0 17.378818438275704
5.0 48.0 18.782749653857202
5.0 49.0 10.661365555321025
5.0 50.0 13.547144839509203
5.0 51.0 13.335424619653107
5.0 52.0 17.204190638392227
5.0 53.0 22.12004631464
5.0 54.0 26.80702746784428
5.0 57.0 68.66015064024447
5.0 59.0 73.09125282031464
5.0 61.0 75.54268344948488
5.0 62.0 78.67318787780482
5.0 63.0 77.36877518088815
5.0 65.0 14.37964017952996
5.0 66.0 18.140808770583075
5.0 67.0 21.877080365399358
5.0 68.0 25.66969030474407
5.0 69.0 29.984994881797995
5.0 70.0 20.440616899038936
5.0 73.0 52.57269753085586
5.0 74.0 57.886688996725894
5.0 75.0 57.32976099072286
5.0 76.0 54.03786052643453
5.0 78.0 58.80230690301794
5.0 79.0 64.53389485454784
5.0 80.0 62.19868389938703
5.0 81.0 60.821112544989575
5.0 82.0 17.752996519532072
5.0 83.0 19.112016804374214
5.0 84.0 57.128510828550496
5.0 86.0 70.55030910696811
5.0 87.0 72.47129014816608
5.0 88.0 77.78377639689995
5.0 89.0 87.7837763972195
5.0 90.0 60.1463271604119
5.0 91.0 57.95041215468255
5.0 92.0 23.66206448172196
5.0 94.0 24.759212506966122
5.0 95.0 29.593494956406857
5.0 96.0 32.05203769774535
5.0 97.0 36.334478240854224
5.0 98.0 88.10724441704735
5.0 100.0 37.38938258186592
5.0 101.0 16.834819086019657
5.0 102.0 16.478131517367018
5.0 104.0 24.11624226853523
5.0 105.0 24.621206688777445
5.0 107.0 65.28508775256711
5.0 109.0 90.14795645840846
5.0 110.0 97.54737074474197
5.0 111.0 95.25024182876382
5.0 112.0 28.026703914502008
6.0 11.0 5.868320337650962
6.0 13.0 9.19850942712301
6.0 16.0 17.555889746702867
6.0 18.0 18.229270380957928
6.0 20.0 21.9446759227869
6.0 21.0 25.287752824254312
6.0 23.0 28.255240764574594
6.0 24.0 32.69574166196652
6.0 26.0 38.35841554567837
6.0 27.0 41.613463784576695
6.0 29.0 47.49402194616689
6.0 30.0 46.25015887079181
6.0 31.0 49.128275775662814
6.0 36.0 56.23726259487834
6.0 39.0 64.59232993112033
6.0 40.0 62.718467614125636
6.0 42.0 5.458788149006993
6.0 43.0 5.861707713753128
6.0 44.0 8.498655211958695
6.0 46.0 13.949054263270796
6.0 47.0 14.421893937691923
6.0 48.0 15.825825153489259
6.0 49.0 7.704441054631721
6.0 50.0 10.590220338669864
6.0 51.0 10.378500118903759
6.0 52.0 14.247266137290875
6.0 53.0 19.16312181391242
6.0 54.0 23.85010296692404
6.0 57.0 71.61707514030655
6.0 59.0 76.04817732144838
6.0 61.0 78.4996079496727
6.0 62.0 81.63011237851381
6.0 63.0 80.32569968188886
6.0 65.0 11.42271567857421
6.0 66.0 15.18388426913946
6.0 67.0 18.920155864639234
6.0 68.0 22.712765804118483
6.0 69.0 27.028070381151565
6.0 70.0 17.483692398131176
6.0 73.0 55.52962203158363
6.0 74.0 60.843613497597005
6.0 75.0 60.286685491311424
6.0 76.0 56.99478502728472
6.0 78.0 61.75923140370868
6.0 79.0 67.49081935539556
6.0 80.0 65.15560840009474
6.0 81.0 63.778037045758396
6.0 82.0 14.796072018684272
6.0 83.0 16.155092303350834
6.0 84.0 60.085435329272485
6.0 86.0 73.50723360750406
6.0 87.0 75.42821464920696
6.0 88.0 80.74070089783865
6.0 89.0 90.74070089851145
6.0 90.0 63.10325166163302
6.0 91.0 60.9073366555987
6.0 92.0 20.705139981246596
6.0 94.0 21.802288006398392
6.0 95.0 26.63657045511387
6.0 96.0 29.095113196856275
6.0 97.0 33.377553739806665
6.0 98.0 91.0641689187824
6.0 100.0 34.43245808120546
6.0 101.0 13.877894585185024
6.0 102.0 13.521207016535485
6.0 104.0 21.159317767765373
6.0 105.0 21.664282187831148
6.0 107.0 68.24201225337619
6.0 109.0 93.10488095940462
6.0 110.0 100.5042952443341
6.0 111.0 98.20716633037003
6.0 112.0 25.069779414063827
11.0 13.0 9.544148116769897
11.0 16.0 17.90152843632011
11.0 18.0 24.097590718655407
11.0 20.0 27.812996260406564
11.0 21.0 31.156073161871788
11.0 23.0 34.12356110211293
11.0 24.0 38.56406199958815
11.0 26.0 44.2267358833612
11.0 27.0 47.48178412164488
11.0 29.0 53.36234228364748
11.0 30.0 52.11847920835735
11.0 31.0 54.99659611326392
11.0 36.0 62.105582932362246
11.0 39.0 70.46065026824809
11.0 40.0 68.58678795113414
11.0 42.0 7.804426838362595
11.0 43.0 8.207346403336954
11.0 44.0 10.84429390162753
11.0 46.0 16.29469295296739
11.0 47.0 16.767532627321152
11.0 48.0 18.17146384301458
11.0 49.0 10.050079744146533
11.0 50.0 12.935859028236443
11.0 51.0 12.724138808554748
11.0 52.0 16.59290482722549
11.0 53.0 21.508760503209437
11.0 54.0 26.195741656907185
11.0 57.0 77.48539547929249
11.0 59.0 81.91649765826443
11.0 61.0 84.3679282876636
11.0 62.0 87.49843271581778
11.0 63.0 86.19402001941162
11.0 65.0 13.768354368265792
11.0 66.0 17.5295229590809
11.0 67.0 21.265794554194244
11.0 68.0 25.05840449369954
11.0 69.0 29.37370907032534
11.0 70.0 19.829331087963354
11.0 73.0 61.39794236903322
11.0 74.0 66.71193383578505
11.0 75.0 66.15500582906643
11.0 76.0 62.86310536497003
11.0 78.0 67.62755174152142
11.0 79.0 73.35913969290881
11.0 80.0 71.02392873775194
11.0 81.0 69.64635738326349
11.0 82.0 15.141710708336218
11.0 83.0 16.500730992980323
11.0 84.0 65.95375566692978
11.0 86.0 79.37555394533885
11.0 87.0 81.29653498654116
11.0 88.0 86.60902123650172
11.0 89.0 96.60902123613576
11.0 90.0 68.97157199924236
11.0 91.0 66.77565699320681
11.0 92.0 21.050778670994614
11.0 94.0 22.14792669591985
11.0 95.0 26.98220914469879
11.0 96.0 29.44075188673598
11.0 97.0 33.723192429718296
11.0 98.0 96.93248925563512
11.0 100.0 36.77809677054671
11.0 101.0 16.22353327480564
11.0 102.0 15.866845706234729
11.0 104.0 23.504956457523754
11.0 105.0 24.0099208776818
11.0 107.0 74.11033259105739
11.0 109.0 98.97320129685598
11.0 110.0 106.37261558254178
11.0 111.0 104.0754866681566
11.0 112.0 27.415418103590138
13.0 16.0 19.05280819901904
13.0 18.0 27.42777980809957
13.0 20.0 31.143185349776395
13.0 21.0 34.486262251269906
13.0 23.0 37.453750191654166
13.0 24.0 41.894251089019306
13.0 26.0 47.556924972598836
13.0 27.0 50.81197321132157
13.0 29.0 56.69253137321178
13.0 30.0 55.44866829769788
13.0 31.0 58.326785202765414
13.0 36.0 65.43577202157961
13.0 39.0 73.79083935818903
13.0 40.0 71.91697704092127
13.0 42.0 11.134615927907493
13.0 43.0 11.53753549265795
13.0 44.0 14.174482990852823
13.0 46.0 19.62488204237963
13.0 47.0 20.097721716807417
13.0 48.0 21.501652932497286
13.0 49.0 13.380268833281168
13.0 50.0 16.26604811769176
13.0 51.0 16.054327898006502
13.0 52.0 19.923093916292622
13.0 53.0 24.83894959321402
13.0 54.0 29.525930746035876
13.0 57.0 80.81558456793488
13.0 59.0 85.24668674740352
13.0 61.0 87.69811737641949
13.0 62.0 90.82862180443826
13.0 63.0 89.52420910847451
13.0 65.0 17.098543457753106
13.0 66.0 20.859712049089957
13.0 67.0 24.595983643531753
13.0 68.0 28.388593583714417
13.0 69.0 32.703898160881415
13.0 70.0 23.159520177422785
13.0 73.0 64.72813145860678
13.0 74.0 70.0421229249265
13.0 75.0 69.48519491862123
13.0 76.0 66.19329445453697
13.0 78.0 70.95774083078888
13.0 79.0 76.68932878254999
13.0 80.0 74.35411782729491
13.0 81.0 72.97654647290733
13.0 82.0 16.292990471006682
13.0 83.0 17.65201075580304
13.0 84.0 69.28394475641772
13.0 86.0 82.7057430346168
13.0 87.0 84.626724075943
13.0 88.0 89.93921032467091
13.0 89.0 99.93921032576363
13.0 90.0 72.3017610888985
13.0 91.0 70.10584608237738
13.0 92.0 22.202058433675873
13.0 94.0 23.299206458592668
13.0 95.0 28.13348890757299
13.0 96.0 30.59203164935322
13.0 97.0 34.874472192232666
13.0 98.0 100.26267834502002
13.0 100.0 40.108285860233096
13.0 101.0 19.553722364468207
13.0 102.0 19.19703479574404
13.0 104.0 26.835145546867466
13.0 105.0 27.34010996725256
13.0 107.0 77.44052168028202
13.0 109.0 102.30339038550188
13.0 110.0 109.70280467137869
13.0 111.0 107.40567575740597
13.0 112.0 30.74560719321216
16.0 18.0 35.785160127590885
16.0 20.0 39.500565669309886
16.0 21.0 42.843642570810076
16.0 23.0 45.81113051116632
16.0 24.0 50.25163140845251
16.0 26.0 55.91430529237802
16.0 27.0 59.169353530572124
16.0 29.0 65.04991169246823
16.0 30.0 63.806048616708715
16.0 31.0 66.68416552134677
16.0 36.0 73.79315234150462
16.0 39.0 82.14821967767537
16.0 40.0 80.2743573595134
16.0 42.0 19.491996247831434
16.0 43.0 19.894915812381967
16.0 44.0 22.531863310584974
16.0 46.0 27.98226236208355
16.0 47.0 28.45510203627419
16.0 48.0 29.85903325196849
16.0 49.0 21.737649153018815
16.0 50.0 24.623428437322676
16.0 51.0 24.41170821754735
16.0 52.0 28.28047423602475
16.0 53.0 33.19632991264171
16.0 54.0 37.883311065432395
16.0 57.0 89.1729648873528
16.0 59.0 93.60406706708646
16.0 61.0 96.05549769613529
16.0 62.0 99.18600212512219
16.0 63.0 97.8815894280433
16.0 65.0 25.45592377733287
16.0 66.0 29.217092367961882
16.0 67.0 32.95336396303151
16.0 68.0 36.74597390279021
16.0 69.0 41.0612784791946
16.0 70.0 31.51690049708866
16.0 73.0 73.08551177784042
16.0 74.0 78.39950324444149
16.0 75.0 77.84257523813248
16.0 76.0 74.5506747739839
16.0 78.0 79.31512115031907
16.0 79.0 85.04670910189415
16.0 80.0 82.71149814675435
16.0 81.0 81.3339267924392
16.0 82.0 20.13559066940065
16.0 83.0 21.494610954187905
16.0 84.0 77.64132507587495
16.0 86.0 91.06312335458738
16.0 87.0 92.98410439545289
16.0 88.0 98.29659064483633
16.0 89.0 108.29659064443211
16.0 90.0 80.6591414081031
16.0 91.0 78.46322640133066
16.0 92.0 26.04465863183122
16.0 94.0 16.55891738171567
16.0 95.0 21.393199830656716
16.0 96.0 23.85174257242573
16.0 97.0 28.13418311543836
16.0 98.0 108.62005866595126
16.0 100.0 48.46566617962438
16.0 101.0 27.911102683863874
16.0 102.0 27.554415115467563
16.0 104.0 35.192525866498656
16.0 105.0 35.69749028675071
16.0 107.0 85.79790199992176
16.0 109.0 110.66077070648151
16.0 110.0 118.0601849915422
16.0 111.0 115.76305607679524
16.0 112.0 39.102987513263784
18.0 20.0 3.715405541843207
18.0 21.0 7.0584824433806785
18.0 23.0 10.025970383681248
18.0 24.0 14.466471281113964
18.0 26.0 20.12914516491906
18.0 27.0 23.384193403468867
18.0 29.0 29.26475156538882
18.0 30.0 28.020888489878402
18.0 31.0 30.899005394703423
18.0 36.0 38.0079922139622
18.0 39.0 46.36305955006742
18.0 40.0 44.48919723255739
18.0 42.0 23.688058529934146
18.0 43.0 24.09097809463858
18.0 44.0 26.72792559300265
18.0 46.0 32.178324644344826
18.0 47.0 32.651164318632304
18.0 48.0 34.05509553432163
18.0 49.0 25.933711435369425
18.0 50.0 28.81949071960298
18.0 51.0 28.607770499879727
18.0 52.0 32.47653651821392
18.0 53.0 37.392392194747266
18.0 54.0 42.07937334800167
18.0 57.0 53.387804760273305
18.0 59.0 57.81890694025742
18.0 61.0 60.270337569578416
18.0 62.0 63.40084199712514
18.0 63.0 62.09642930069635
18.0 65.0 29.65198605975634
18.0 66.0 33.41315465042008
18.0 67.0 37.14942624573565
18.0 68.0 40.94203618502385
18.0 69.0 45.257340762213786
18.0 70.0 35.7129627792643
18.0 73.0 37.300351650785586
18.0 74.0 42.614343116408406
18.0 75.0 42.05741511012548
18.0 76.0 38.765514646510454
18.0 78.0 43.529961022966624
18.0 79.0 49.261548974535245
18.0 80.0 46.926338019327034
18.0 81.0 45.54876666496378
18.0 82.0 33.02534239964436
18.0 83.0 34.38436268428494
18.0 84.0 41.85616494865873
18.0 86.0 55.27796322647635
18.0 87.0 57.19894426810509
18.0 88.0 62.511430518299875
18.0 89.0 72.51143051802565
18.0 90.0 44.87398128085594
18.0 91.0 42.67806627473962
18.0 92.0 38.93441036210574
18.0 94.0 40.03155838705696
18.0 95.0 44.86584083597934
18.0 96.0 47.32438357791297
18.0 97.0 51.606824120781965
18.0 98.0 72.8348985374507
18.0 100.0 52.66172846197486
18.0 101.0 32.10716496610408
18.0 102.0 31.750477397604108
18.0 104.0 39.38858814873483
18.0 105.0 39.89355256899622
18.0 107.0 50.012741872572846
18.0 109.0 74.87561057824868
18.0 110.0 82.27502486311208
18.0 111.0 79.97789594895089
18.0 112.0 43.29904979483271
20.0 21.0 3.343076901522263
20.0 23.0 6.310564841867812
20.0 24.0 10.751065739229357
20.0 26.0 16.413739623076914
20.0 27.0 19.668787861551714
20.0 29.0 25.549346023590005
20.0 30.0 24.305482948019897
20.0 31.0 27.183599852898617
20.0 36.0 34.292586672012746
20.0 39.0 42.6476540082149
20.0 40.0 40.77379169103532
20.0 42.0 27.40346407177013
20.0 43.0 27.806383636400184
20.0 44.0 30.44333113491477
20.0 46.0 35.89373018592813
20.0 47.0 36.36656986033003
20.0 48.0 37.77050107610273
20.0 49.0 29.6491169772423
20.0 50.0 32.534896261350724
20.0 51.0 32.323176041684114
20.0 52.0 36.19194205999976
20.0 53.0 41.10779773658592
20.0 54.0 45.794778889707686
20.0 57.0 49.67239921852588
20.0 59.0 54.10350139770976
20.0 61.0 56.554932026986364
20.0 62.0 59.68543645613313
20.0 63.0 58.381023759644236
20.0 65.0 33.36739160141559
20.0 66.0 37.12856019217311
20.0 67.0 40.86483178751658
20.0 68.0 44.657441726923324
20.0 69.0 48.97274630394531
20.0 70.0 39.42836832098214
20.0 73.0 33.58494610882408
20.0 74.0 38.898937576025084
20.0 75.0 38.34200956856371
20.0 76.0 35.05010910465835
20.0 78.0 39.81455548112754
20.0 79.0 45.54614343264505
20.0 80.0 43.21093247755705
20.0 81.0 41.83336112246356
20.0 82.0 36.74074794144756
20.0 83.0 38.099768226207765
20.0 84.0 38.14075940666437
20.0 86.0 51.562557684980305
20.0 87.0 53.48353872582025
20.0 88.0 58.7960249753834
20.0 89.0 68.79602497555894
20.0 90.0 41.15857573867042
20.0 91.0 38.96266073297806
20.0 92.0 42.6498159040147
20.0 94.0 43.74696392900631
20.0 95.0 48.581246377915235
20.0 96.0 51.03978911974735
20.0 97.0 55.32222966254196
20.0 98.0 69.11949299639198
20.0 100.0 56.37713400380921
20.0 101.0 35.82257050792782
20.0 102.0 35.46588293934569
20.0 104.0 43.10399369058578
20.0 105.0 43.60895811062829
20.0 107.0 46.297336331106294
20.0 109.0 71.16020503542998
20.0 110.0 78.55961932237707
20.0 111.0 76.26249040660016
20.0 112.0 47.01445533670503
21.0 23.0 2.967487940336112
21.0 24.0 7.407988837771949
21.0 26.0 13.070662721503002
21.0 27.0 16.32571096018865
21.0 29.0 22.2062691219686
21.0 30.0 20.962406046522872
21.0 31.0 23.840522951634092
21.0 36.0 30.949509770638542
21.0 39.0 39.30457710687062
21.0 40.0 37.43071478987864
21.0 42.0 30.74654097318288
21.0 43.0 31.149460538005236
21.0 44.0 33.78640803623082
21.0 46.0 39.23680708757794
21.0 47.0 39.70964676173148
21.0 48.0 41.11357797764424
21.0 49.0 32.99219387872484
21.0 50.0 35.877973162846295
21.0 51.0 35.666252943058694
21.0 52.0 39.535018961641136
21.0 53.0 44.45087463810229
21.0 54.0 49.13785579130136
21.0 57.0 46.32932231711211
21.0 59.0 50.76042449667485
21.0 61.0 53.21185512635668
21.0 62.0 56.342359553984
21.0 63.0 55.03794685776281
21.0 65.0 36.71046850306942
21.0 66.0 40.47163709368776
21.0 67.0 44.207908688954774
21.0 68.0 48.00051862844998
21.0 69.0 52.31582320578822
21.0 70.0 42.771445222688335
21.0 73.0 30.2418692074124
21.0 74.0 35.55586067282775
21.0 75.0 34.998932666359764
21.0 76.0 31.707032203185847
21.0 78.0 36.47147857968572
21.0 79.0 42.20306653120346
21.0 80.0 39.867855575952476
21.0 81.0 38.49028422146305
21.0 82.0 40.08382484293842
21.0 83.0 41.442845127509806
21.0 84.0 34.797682505035034
21.0 86.0 48.21948078344083
21.0 87.0 50.140461824728575
21.0 88.0 55.452948074009264
21.0 89.0 65.45294807382572
21.0 90.0 37.81549883733865
21.0 91.0 35.6195838312393
21.0 92.0 45.99289280535516
21.0 94.0 47.09004083053524
21.0 95.0 51.92432327926829
21.0 96.0 54.382866021193024
21.0 97.0 58.66530656387435
21.0 98.0 65.7764160952598
21.0 100.0 59.720210904993834
21.0 101.0 39.16564740943825
21.0 102.0 38.80895984073368
21.0 104.0 46.447070592018136
21.0 105.0 46.952035012162796
21.0 107.0 42.95425942894437
21.0 109.0 67.81712813450753
21.0 110.0 75.21654242044244
21.0 111.0 72.9194135061955
21.0 112.0 50.357532238189734
23.0 24.0 4.440500897425581
23.0 26.0 10.10317478124444
23.0 27.0 13.35822301989002
23.0 29.0 19.238781181743732
23.0 30.0 17.994918106389
23.0 31.0 20.873035011065518
23.0 36.0 27.982021830380035
23.0 39.0 36.337089166263816
23.0 40.0 34.463226849455864
23.0 42.0 33.714028913446946
23.0 43.0 34.1169484782052
23.0 44.0 36.75389597662152
23.0 46.0 42.20429502787548
23.0 47.0 42.67713470202983
23.0 48.0 44.08106591807933
23.0 49.0 35.9596818190961
23.0 50.0 38.84546110311463
23.0 51.0 38.63374088344355
23.0 52.0 42.5025069017443
23.0 53.0 47.41836257834085
23.0 54.0 52.10534373164439
23.0 57.0 43.361834377022966
23.0 59.0 47.792936556121184
23.0 61.0 50.24436718558289
23.0 62.0 53.37487161380439
23.0 63.0 52.070458917865274
23.0 65.0 39.67795644327452
23.0 66.0 43.439125034078536
23.0 67.0 47.17539662924477
23.0 68.0 50.96800656880305
23.0 69.0 55.283311145670254
23.0 70.0 45.73893316290781
23.0 73.0 27.274381267092153
23.0 74.0 32.588372732386965
23.0 75.0 32.03144472689182
23.0 76.0 28.739544262892554
23.0 78.0 33.50399063942283
23.0 79.0 39.23557859094147
23.0 80.0 36.900367635724784
23.0 81.0 35.52279628143707
23.0 82.0 43.0513127832079
23.0 83.0 44.41033306780901
23.0 84.0 31.830194564763914
23.0 86.0 45.251992843138
23.0 87.0 47.17297388414014
23.0 88.0 52.48546013441562
23.0 89.0 62.48546013368304
23.0 90.0 34.84801089719393
23.0 91.0 32.652095891110505
23.0 92.0 48.960380745618124
23.0 94.0 50.05752877079321
23.0 95.0 54.8918112196404
23.0 96.0 57.350353961488324
23.0 97.0 61.632794504586144
23.0 98.0 62.808928154190326
23.0 100.0 62.68769884554623
23.0 101.0 42.133135349637165
23.0 102.0 41.77644778110568
23.0 104.0 49.41455853233079
23.0 105.0 49.91952295234844
23.0 107.0 39.98677148867895
23.0 109.0 64.84964019472358
23.0 110.0 72.24905448012494
23.0 111.0 69.95192556524262
23.0 112.0 53.32502017855334
24.0 26.0 5.662673883794541
24.0 27.0 8.917722122614208
24.0 29.0 14.798280284320644
24.0 30.0 13.554417208811174
24.0 31.0 16.432534113967506
24.0 36.0 23.54152093291193
24.0 39.0 31.896588268859006
24.0 40.0 30.02272595189913
24.0 42.0 38.15452981093689
24.0 43.0 38.55744937557246
24.0 44.0 41.19439687411636
24.0 46.0 46.644795925452875
24.0 47.0 47.11763559968499
24.0 48.0 48.52156681556437
24.0 49.0 40.40018271643868
24.0 50.0 43.285962000512285
24.0 51.0 43.07424178073184
24.0 52.0 46.943007799240426
24.0 53.0 51.85886347573124
24.0 54.0 56.54584462889058
24.0 57.0 38.921333479559124
24.0 59.0 43.3524356591143
24.0 61.0 45.80386628839875
24.0 62.0 48.934370716040135
24.0 63.0 47.62995802053657
24.0 65.0 44.11845734079374
24.0 66.0 47.87962593138958
24.0 67.0 51.61589752666559
24.0 68.0 55.408507466231505
24.0 69.0 59.72381204340816
24.0 70.0 50.17943406024547
24.0 73.0 22.833880369727893
24.0 74.0 28.14787183614123
24.0 75.0 27.590943829346173
24.0 76.0 24.29904336556114
24.0 78.0 29.06348974201652
24.0 79.0 34.79507769347157
24.0 80.0 32.45986673823069
24.0 81.0 31.082295383877454
24.0 82.0 47.49181368071885
24.0 83.0 48.85083396514665
24.0 84.0 27.389693667508308
24.0 86.0 40.81149194583982
24.0 87.0 42.7324729867491
24.0 88.0 48.04495923637404
24.0 89.0 58.044959236572524
24.0 90.0 30.407509999662715
24.0 91.0 28.211594993693858
24.0 92.0 53.40088164306621
24.0 94.0 54.498029667999646
24.0 95.0 59.33231211702565
24.0 96.0 61.79085485871292
24.0 97.0 66.07329540178124
24.0 98.0 58.368427256133494
24.0 100.0 67.12819974303109
24.0 101.0 46.57363624709913
24.0 102.0 46.216948678451615
24.0 104.0 53.855059429846904
24.0 105.0 54.36002384992203
24.0 107.0 35.54627059107933
24.0 109.0 60.409139296389405
24.0 110.0 67.808553582086
24.0 111.0 65.51142466884859
24.0 112.0 57.76552107583246
26.0 27.0 3.2550482387071846
26.0 29.0 9.135606400620702
26.0 30.0 7.891743325095382
26.0 31.0 10.769860230037231
26.0 36.0 17.878847049197745
26.0 39.0 26.233914385211776
26.0 40.0 24.3600520681201
26.0 42.0 43.81720369460973
26.0 43.0 44.220123259529956
26.0 44.0 46.857070757483015
26.0 46.0 52.30746980923707
26.0 47.0 52.780309483519744
26.0 48.0 54.18424069897186
26.0 49.0 46.06285660009371
26.0 50.0 48.948635884349414
26.0 51.0 48.736915664478296
26.0 52.0 52.605681682947576
26.0 53.0 57.521537359459984
26.0 54.0 62.20851851268671
26.0 57.0 33.25865959572263
26.0 59.0 37.689761774986664
26.0 61.0 40.141192404225656
26.0 62.0 43.271696833101565
26.0 63.0 41.967284136819316
26.0 65.0 49.781131224455386
26.0 66.0 53.542299815098126
26.0 67.0 57.278571410184554
26.0 68.0 61.071181349769596
26.0 69.0 65.38648592688695
26.0 70.0 55.8421079433529
26.0 73.0 17.17120648585444
26.0 74.0 22.48519795226449
26.0 75.0 21.928269945342862
26.0 76.0 18.636369481569655
26.0 78.0 23.400815858272136
26.0 79.0 29.132403809725886
26.0 80.0 26.797192854602223
26.0 81.0 25.419621500171846
26.0 82.0 53.15448756458525
26.0 83.0 54.513507848880074
26.0 84.0 21.727019783790894
26.0 86.0 35.14881806081033
26.0 87.0 37.069799102497996
26.0 88.0 42.38228535249516
26.0 89.0 52.38228535253885
26.0 90.0 24.74483611567351
26.0 91.0 22.548921110051353
26.0 92.0 59.063555526897034
26.0 94.0 60.160703551672285
26.0 95.0 64.99498600078951
26.0 96.0 67.45352874245283
26.0 97.0 71.73596928584615
26.0 98.0 52.70575337316569
26.0 100.0 72.79087362672215
26.0 101.0 52.236310130417266
26.0 102.0 51.87962256216072
26.0 104.0 59.51773331321245
26.0 105.0 60.022697733335704
26.0 107.0 29.88359670776126
26.0 109.0 54.7464654128613
26.0 110.0 62.14587969877304
26.0 111.0 59.8487507840242
26.0 112.0 63.42819495946519
27.0 29.0 5.880558161802588
27.0 30.0 4.63669508636524
27.0 31.0 7.514811991340188
27.0 36.0 14.623798810359123
27.0 39.0 22.978866146543172
27.0 40.0 21.105003829072725
27.0 42.0 47.072251933450836
27.0 43.0 47.47517149807405
27.0 44.0 50.112118996104996
27.0 46.0 55.56251804755841
27.0 47.0 56.03535772198051
27.0 48.0 57.43928893800425
27.0 49.0 49.317904838653774
27.0 50.0 52.20368412258351
27.0 51.0 51.99196390297772
27.0 52.0 55.86072992143674
27.0 53.0 60.7765855978317
27.0 54.0 65.46356675120299
27.0 57.0 30.003611356714213
27.0 59.0 34.43471353608806
27.0 61.0 36.88614416563914
27.0 62.0 40.0166485936422
27.0 63.0 38.712235897761886
27.0 65.0 53.036179463117875
27.0 66.0 56.79734805387406
27.0 67.0 60.53361964938306
27.0 68.0 64.32622958879483
27.0 69.0 68.64153416530175
27.0 70.0 59.09715618255402
27.0 73.0 13.916158247117869
27.0 74.0 19.230149713420488
27.0 75.0 18.673221706277992
27.0 76.0 15.381321242995142
27.0 78.0 20.145767619493135
27.0 79.0 25.877355571051318
27.0 80.0 23.542144615835774
27.0 81.0 22.16457326149966
27.0 82.0 56.409535802649316
27.0 83.0 57.7685560872305
27.0 84.0 18.471971545034283
27.0 86.0 31.893769823336225
27.0 87.0 33.8147508642461
27.0 88.0 39.12723711399494
27.0 89.0 49.127237114313814
27.0 90.0 21.48978787744028
27.0 91.0 19.293872871260533
27.0 92.0 62.31860376534459
27.0 94.0 63.41575179052285
27.0 95.0 68.25003423916657
27.0 96.0 70.70857698070695
27.0 97.0 74.99101752421757
27.0 98.0 49.45070513467665
27.0 100.0 76.04592186491797
27.0 101.0 55.491358369385736
27.0 102.0 55.13467080078547
27.0 104.0 62.77278155221252
27.0 105.0 63.27774597203881
27.0 107.0 26.628548469051868
27.0 109.0 51.49141717425577
27.0 110.0 58.890831459911155
27.0 111.0 56.593702546076315
27.0 112.0 66.68324319817543
29.0 30.0 3.46724763898946
29.0 31.0 1.634253829497595
29.0 36.0 8.743240648654307
29.0 39.0 17.098307984534443
29.0 40.0 15.224445667484833
29.0 42.0 52.952810095091564
29.0 43.0 53.355729659406975
29.0 44.0 55.99267715813812
29.0 46.0 61.44307620982383
29.0 47.0 61.91591588419463
29.0 48.0 63.319847099278036
29.0 49.0 55.198463000592625
29.0 50.0 58.0842422847648
29.0 51.0 57.87252206504003
29.0 52.0 61.741288083332556
29.0 53.0 66.65714375997113
29.0 54.0 71.34412491299426
29.0 57.0 24.123053195251956
29.0 59.0 28.554155373736034
29.0 61.0 31.005586003740753
29.0 62.0 34.13609043209319
29.0 63.0 32.83167773547291
29.0 65.0 58.91673762472466
29.0 66.0 62.67790621535124
29.0 67.0 66.4141778107989
29.0 68.0 70.2067877500585
29.0 69.0 74.52209232718755
29.0 70.0 64.97771434485989
29.0 73.0 12.746710800409616
29.0 74.0 18.060702266235527
29.0 75.0 17.50377425974129
29.0 76.0 9.500763081266758
29.0 78.0 14.265209457617773
29.0 79.0 19.996797409217915
29.0 80.0 17.661586454015247
29.0 81.0 16.28401509951266
29.0 82.0 62.2900939645731
29.0 83.0 63.64911424877878
29.0 84.0 17.30252409765132
29.0 86.0 30.72432237566929
29.0 87.0 32.64530341673644
29.0 88.0 33.246678952201776
29.0 89.0 43.24667895151176
29.0 90.0 15.609229715628294
29.0 91.0 13.413314709570585
29.0 92.0 68.19916192689163
29.0 94.0 69.29630995187912
29.0 95.0 74.1305924016242
29.0 96.0 76.58913514279509
29.0 97.0 80.87157568602305
29.0 98.0 43.570146972267054
29.0 100.0 81.92648002701907
29.0 101.0 61.37191653131155
29.0 102.0 61.01522896262878
29.0 104.0 68.65333971391763
29.0 105.0 69.15830413407838
29.0 107.0 20.747990307223056
29.0 109.0 45.61085901311767
29.0 110.0 53.010273299579254
29.0 111.0 50.713144384969375
29.0 112.0 72.56380136005704
30.0 31.0 5.101501468708896
30.0 36.0 12.21048828772047
30.0 39.0 20.56555562383714
30.0 40.0 18.691693306631045
30.0 42.0 51.708947019014744
30.0 43.0 52.111866584313816
30.0 44.0 54.74881408276071
30.0 46.0 60.199213133618
30.0 47.0 60.67205280802658
30.0 48.0 62.075984023928314
30.0 49.0 53.95459992512356
30.0 50.0 56.840379208715646
30.0 51.0 56.628658989312
30.0 52.0 60.49742500790707
30.0 53.0 65.41328068454003
30.0 54.0 70.10026183768676
30.0 57.0 27.590300834228167
30.0 59.0 32.02140301342222
30.0 61.0 34.47283364318629
30.0 62.0 37.60333807118628
30.0 63.0 36.29892537509243
30.0 65.0 57.672874549452644
30.0 66.0 61.43404313979549
30.0 67.0 65.17031473526228
30.0 68.0 68.962924674806
30.0 69.0 73.27822925182087
30.0 70.0 63.73385126904586
30.0 73.0 9.279463160923031
30.0 74.0 14.593454627479321
30.0 75.0 14.036526620698345
30.0 76.0 12.968010720145497
30.0 78.0 17.73245709667786
30.0 79.0 23.46404504822947
30.0 80.0 21.1288340930797
30.0 81.0 19.75126273885661
30.0 82.0 61.04623088882766
30.0 83.0 62.40525117405841
30.0 84.0 13.835276458723856
30.0 86.0 27.257074736831225
30.0 87.0 29.178055777919315
30.0 88.0 36.71392659149382
30.0 89.0 46.71392659155808
30.0 90.0 19.07647735459322
30.0 91.0 16.880562348523725
30.0 92.0 66.95529885178334
30.0 94.0 68.05244687795131
30.0 95.0 72.8867293253982
30.0 96.0 75.34527206785705
30.0 97.0 79.62771261044477
30.0 98.0 47.0373946116181
30.0 100.0 80.68261695162563
30.0 101.0 60.12805345578403
30.0 102.0 59.77136588760057
30.0 104.0 67.40947663849555
30.0 105.0 67.91444105837691
30.0 107.0 24.215237946389134
30.0 109.0 49.07810665199779
30.0 110.0 56.477520938830565
30.0 111.0 54.180392023780506
30.0 112.0 71.31993828456466
31.0 36.0 7.108986818840885
31.0 39.0 15.46405415565496
31.0 40.0 13.590191838004236
31.0 42.0 54.587063924536196
31.0 43.0 54.98998348982758
31.0 44.0 57.626930987296646
31.0 46.0 63.07733003887754
31.0 47.0 63.55016971283677
31.0 48.0 64.95410092927557
31.0 49.0 56.83271682972327
31.0 50.0 59.71849611427372
31.0 51.0 59.50677589410545
31.0 52.0 63.37554191295831
31.0 53.0 68.29139758934987
31.0 54.0 72.97837874260114
31.0 57.0 22.48879936499191
31.0 59.0 26.919901545481142
31.0 61.0 29.371332173910922
31.0 62.0 32.50183660273745
31.0 63.0 31.19742390628027
31.0 65.0 60.55099145404881
31.0 66.0 64.31216004480855
31.0 67.0 68.04843164027207
31.0 68.0 71.84104157956438
31.0 69.0 76.15634615676814
31.0 70.0 66.61196817457446
31.0 73.0 14.380964628561532
31.0 74.0 19.69495609537639
31.0 75.0 19.13802808891362
31.0 76.0 7.866509251650895
31.0 78.0 12.63095562814711
31.0 79.0 18.36254357972274
31.0 80.0 16.027332624471885
31.0 81.0 14.649761270154437
31.0 82.0 63.92434779414209
31.0 83.0 65.28336807915807
31.0 84.0 18.936777927128166
31.0 86.0 32.35857620517748
31.0 87.0 34.27955724594138
31.0 88.0 31.61242512217499
31.0 89.0 41.61242512268273
31.0 90.0 13.97497588593035
31.0 91.0 11.779060879997452
31.0 92.0 69.83341575676204
31.0 94.0 70.93056378153348
31.0 95.0 75.76484623049456
31.0 96.0 78.22338897283484
31.0 97.0 82.50582951538655
31.0 98.0 41.93589314347916
31.0 100.0 83.56073385664186
31.0 101.0 63.006170360702235
31.0 102.0 62.64948279214215
31.0 104.0 70.28759354338357
31.0 105.0 70.79255796358903
31.0 107.0 19.11373647781702
31.0 109.0 43.97660518274541
31.0 110.0 51.37601946948597
31.0 111.0 49.07889055490746
31.0 112.0 74.19805518952718
36.0 39.0 8.355067336184552
36.0 40.0 6.481205018773667
36.0 42.0 61.69605074355589
36.0 43.0 62.098970308516016
36.0 44.0 64.73591780659564
36.0 46.0 70.18631685805778
36.0 47.0 70.65915653239223
36.0 48.0 72.06308774800763
36.0 49.0 63.94170364906998
36.0 50.0 66.82748293343604
36.0 51.0 66.61576271367272
36.0 52.0 70.48452873212703
36.0 53.0 75.400384408351
36.0 54.0 80.08736556168125
36.0 57.0 15.379812546262375
36.0 59.0 19.810914725757385
36.0 61.0 22.262345355336876
36.0 62.0 25.392849783927677
36.0 63.0 24.088437087545344
36.0 65.0 67.659978273139
36.0 66.0 71.42114686397849
36.0 67.0 75.15741845936508
36.0 68.0 78.95002839880017
36.0 69.0 83.2653329754501
36.0 70.0 73.72095499314196
36.0 73.0 21.489951448780786
36.0 74.0 26.803942914321826
36.0 75.0 26.24701490795599
36.0 76.0 10.788182575206905
36.0 78.0 15.552628951621195
36.0 79.0 21.284216903105143
36.0 80.0 18.949005947841286
36.0 81.0 17.571434593592524
36.0 82.0 71.0333346133975
36.0 83.0 72.39235489812917
36.0 84.0 26.045764746976825
36.0 86.0 39.46756302400905
36.0 87.0 41.38854406632893
36.0 88.0 24.503438303636422
36.0 89.0 34.50343830345187
36.0 90.0 12.433759668498013
36.0 91.0 10.237844662485504
36.0 92.0 76.94240257576374
36.0 94.0 78.03955060110613
36.0 95.0 82.87383304984473
36.0 96.0 85.33237579165288
36.0 97.0 89.61481633454883
36.0 98.0 34.826906323808004
36.0 100.0 90.66972067571324
36.0 101.0 70.11515717981689
36.0 102.0 69.75846961148164
36.0 104.0 77.39658036260892
36.0 105.0 77.90154478296614
36.0 107.0 22.03540980161464
36.0 109.0 36.86761836350662
36.0 110.0 44.26703265010947
36.0 111.0 41.96990373567948
36.0 112.0 81.30704200914406
39.0 40.0 4.510697632333095
39.0 42.0 70.05111807933417
39.0 43.0 70.45403764499125
39.0 44.0 73.09098514317317
39.0 46.0 78.54138419365376
39.0 47.0 79.01422386882359
39.0 48.0 80.41815508418966
39.0 49.0 72.29677098536993
39.0 50.0 75.18255026927676
39.0 51.0 74.97083004989273
39.0 52.0 78.83959606820608
39.0 53.0 83.75545174433887
39.0 54.0 88.44243289805067
39.0 57.0 13.40930515996655
39.0 59.0 17.840407338664598
39.0 61.0 20.2918379685346
39.0 62.0 23.422342396723206
39.0 63.0 22.117929702080332
39.0 65.0 76.01504560962812
39.0 66.0 79.77621419998003
39.0 67.0 83.51248579537167
39.0 68.0 87.30509573456297
39.0 69.0 91.62040031229022
39.0 70.0 82.07602232873832
39.0 73.0 29.84501878484864
39.0 74.0 35.15901025060577
39.0 75.0 34.6020822440597
39.0 76.0 19.14324991053749
39.0 78.0 23.907696287859153
39.0 79.0 29.63928423838089
39.0 80.0 27.304073284245533
39.0 81.0 25.926501929826053
39.0 82.0 79.38840194952508
39.0 83.0 80.74742223450184
39.0 84.0 34.4008320826067
39.0 86.0 47.82263036129683
39.0 87.0 49.743611401510194
39.0 88.0 22.532930917215246
39.0 89.0 32.5329309170776
39.0 90.0 20.78882700502586
39.0 91.0 18.592911998989884
39.0 92.0 85.2974699127455
39.0 94.0 86.3946179374542
39.0 95.0 91.228900385989
39.0 96.0 93.68744312813158
39.0 97.0 97.9698836708283
39.0 98.0 32.856398937630715
39.0 100.0 99.02478801158661
39.0 101.0 78.47022451628114
39.0 102.0 78.11353694784825
39.0 104.0 85.75164769880749
39.0 105.0 86.25661211913413
39.0 107.0 30.390477137245504
39.0 109.0 34.897110977825406
39.0 110.0 42.29652526063964
39.0 111.0 39.99939634919149
39.0 112.0 89.66210934531406
40.0 42.0 68.17725576313111
40.0 43.0 68.5801753271102
40.0 44.0 71.21712282585216
40.0 46.0 76.66752187655925
40.0 47.0 77.14036155132919
40.0 48.0 78.54429276695055
40.0 49.0 70.42290866775232
40.0 50.0 73.30868795218507
40.0 51.0 73.09696773289694
40.0 52.0 76.96573375069408
40.0 53.0 81.88158942777517
40.0 54.0 86.56857058061465
40.0 57.0 8.898607527428997
40.0 59.0 13.329709706981246
40.0 61.0 15.781140336526281
40.0 62.0 18.911644764988065
40.0 63.0 17.6072320691795
40.0 65.0 74.14118329178945
40.0 66.0 77.90235188314418
40.0 67.0 81.63862347824066
40.0 68.0 85.43123341750922
40.0 69.0 89.74653799514651
40.0 70.0 80.2021600116235
40.0 73.0 27.971156467334993
40.0 74.0 33.28514793433902
40.0 75.0 32.7282199264251
40.0 76.0 17.269387594116225
40.0 78.0 22.03383397014955
40.0 79.0 27.765421922298938
40.0 80.0 25.43021096677992
40.0 81.0 24.052639612277012
40.0 82.0 77.51453963208179
40.0 83.0 78.87355991763258
40.0 84.0 32.526969765311044
40.0 86.0 45.94876804335963
40.0 87.0 47.86974908412676
40.0 88.0 18.02223328471284
40.0 89.0 28.0222332847003
40.0 90.0 18.914964686801948
40.0 91.0 16.719049681768013
40.0 92.0 83.42360759473718
40.0 94.0 84.52075561947723
40.0 95.0 89.35503806896457
40.0 96.0 91.81358081085776
40.0 97.0 96.09602135372266
40.0 98.0 28.34570130511513
40.0 100.0 97.15092569485101
40.0 101.0 76.59636219778213
40.0 102.0 76.23967463047549
40.0 104.0 83.87778538210915
40.0 105.0 84.38274980185969
40.0 107.0 28.516614820116786
40.0 109.0 30.386413345310604
40.0 110.0 37.78582763101372
40.0 111.0 35.488698716956335
40.0 112.0 87.7882470276518
42.0 43.0 5.340237267227728
42.0 44.0 7.977184765637274
42.0 46.0 13.427583816802368
42.0 47.0 13.900423491209676
42.0 48.0 15.304354706861616
42.0 49.0 2.245652905607702
42.0 50.0 5.131432189608582
42.0 51.0 4.919711969932427
42.0 52.0 8.7884779881114
42.0 53.0 13.70433366484865
42.0 54.0 18.39131481804622
42.0 57.0 77.0758632904839
42.0 59.0 81.50696546969905
42.0 61.0 83.95839609849652
42.0 62.0 87.0889005274893
42.0 63.0 85.7844878308768
42.0 65.0 10.901245232368671
42.0 66.0 14.662413823191141
42.0 67.0 18.398685418321328
42.0 68.0 22.19129535770557
42.0 69.0 26.506599934883724
42.0 70.0 16.962221951856712
42.0 73.0 60.988410180368405
42.0 74.0 66.30240164690214
42.0 75.0 65.74547364056477
42.0 76.0 62.45357317624292
42.0 78.0 67.21801955253814
42.0 79.0 72.94960750414845
42.0 80.0 70.61439654898756
42.0 81.0 69.23682519472985
42.0 82.0 16.732178519659005
42.0 83.0 18.091198804360555
42.0 84.0 65.54422347821405
42.0 86.0 78.96602175651167
42.0 87.0 80.88700279754224
42.0 88.0 86.19948904705709
42.0 89.0 96.19948904655443
42.0 90.0 68.56203981049484
42.0 91.0 66.36612480450425
42.0 92.0 22.64124648203272
42.0 94.0 23.738394507414064
42.0 95.0 28.57267695600732
42.0 96.0 31.031219697927707
42.0 97.0 35.31366024085696
42.0 98.0 96.522957067129
42.0 100.0 33.91098763455347
42.0 101.0 8.419106436198645
42.0 102.0 8.062418867613001
42.0 104.0 15.700529618858148
42.0 105.0 16.20549403897705
42.0 107.0 73.70080040226728
42.0 109.0 98.56366910733506
42.0 110.0 105.96308339248966
42.0 111.0 103.6659544789855
42.0 112.0 19.610991265002706
43.0 44.0 5.2737828134165285
43.0 46.0 8.087346549422547
43.0 47.0 8.560186223744537
43.0 48.0 9.964117439752824
43.0 49.0 7.585890172900423
43.0 50.0 10.471669456721163
43.0 51.0 10.259949237129614
43.0 52.0 14.128715255560353
43.0 53.0 19.044570932052824
43.0 54.0 23.731552085280427
43.0 57.0 77.47878285587657
43.0 59.0 81.90988503360236
43.0 61.0 84.36131566368559
43.0 62.0 87.49182009167006
43.0 63.0 86.1874073955891
43.0 65.0 8.197843280229316
43.0 66.0 11.95901187083045
43.0 67.0 15.69528346631971
43.0 68.0 19.48789340573269
43.0 69.0 23.803197982731486
43.0 70.0 11.621984684659555
43.0 73.0 61.39132974522556
43.0 74.0 66.70532121154626
43.0 75.0 66.14839320503125
43.0 76.0 62.85649274089435
43.0 78.0 67.62093911755686
43.0 79.0 73.35252706887243
43.0 80.0 71.0173161137147
43.0 81.0 69.63974475927401
43.0 82.0 17.135098084365108
43.0 83.0 18.49411836907467
43.0 84.0 65.94714304300797
43.0 86.0 79.3689413213331
43.0 87.0 81.28992236221154
43.0 88.0 86.60240861246001
43.0 89.0 96.60240861194296
43.0 90.0 68.96495937503855
43.0 91.0 66.76904436913789
43.0 92.0 23.044166046850037
43.0 94.0 24.141314071982865
43.0 95.0 28.97559652115639
43.0 96.0 31.434139262652323
43.0 97.0 35.7165798058781
43.0 98.0 96.92587663262218
43.0 100.0 31.207585682687682
43.0 101.0 13.759343703418889
43.0 102.0 13.402656134862417
43.0 104.0 21.040766886151882
43.0 105.0 21.54573130593585
43.0 107.0 74.10371996694248
43.0 109.0 98.96658867229094
43.0 110.0 106.3660029591131
43.0 111.0 104.06887404453195
43.0 112.0 24.9512285322324
44.0 46.0 13.361129363095717
44.0 47.0 13.833969037591434
44.0 48.0 15.237900253201914
44.0 49.0 10.222837671142706
44.0 50.0 13.108616955305056
44.0 51.0 12.896896735440919
44.0 52.0 16.765662753941054
44.0 53.0 21.68151843035087
44.0 54.0 26.368499583584516
44.0 57.0 80.11573035338134
44.0 59.0 84.5468325334864
44.0 61.0 86.99826316220509
44.0 62.0 90.12876759066307
44.0 63.0 88.82435489419642
44.0 65.0 2.92406046663064
44.0 66.0 6.685229057487355
44.0 67.0 10.42150065268508
44.0 68.0 14.214110592101715
44.0 69.0 18.529415169384443
44.0 70.0 16.895767498248844
44.0 73.0 64.02827724361475
44.0 74.0 69.34226870991601
44.0 75.0 68.7853407036437
44.0 76.0 65.49344023927593
44.0 78.0 70.25788661552761
44.0 79.0 75.9894745671343
44.0 80.0 73.65426361212101
44.0 81.0 72.27669225772631
44.0 82.0 19.772045582621033
44.0 83.0 21.13106586744277
44.0 84.0 68.58409054133011
44.0 86.0 82.0058888196573
44.0 87.0 83.92686986071234
44.0 88.0 89.2393561109872
44.0 89.0 99.23935611009226
44.0 90.0 71.60190687322199
44.0 91.0 69.40599186766849
44.0 92.0 25.681113545294135
44.0 94.0 26.77826157017796
44.0 95.0 31.612544018856987
44.0 96.0 34.07108676099259
44.0 97.0 38.35352730405003
44.0 98.0 99.56282412996524
44.0 100.0 25.933802869145996
44.0 101.0 16.396291201623477
44.0 102.0 16.03960363314937
44.0 104.0 23.677714384392775
44.0 105.0 24.182678804472754
44.0 107.0 76.7406674652313
44.0 109.0 101.60353616999552
44.0 110.0 109.00295045657865
44.0 111.0 106.70582154175636
44.0 112.0 27.588176030813596
46.0 47.0 8.408162120594127
46.0 48.0 1.8767708900882927
46.0 49.0 15.673236722317734
46.0 50.0 18.559016006388717
46.0 51.0 18.347295786867605
46.0 52.0 22.21606180532409
46.0 53.0 27.1319174815927
46.0 54.0 31.818898634866013
46.0 57.0 85.56612940390482
46.0 59.0 89.99723158310343
46.0 61.0 92.44866221314089
46.0 62.0 95.57916664157332
46.0 63.0 94.2747539454146
46.0 65.0 16.28518982977768
46.0 66.0 20.046358420521507
46.0 67.0 23.782630015846777
46.0 68.0 27.575239955270177
46.0 69.0 31.890544532252115
46.0 70.0 11.46996058127577
46.0 73.0 69.47867629494355
46.0 74.0 74.79266776066149
46.0 75.0 74.23573975447873
46.0 76.0 70.94383929060798
46.0 78.0 75.70828566690872
46.0 79.0 81.43987361849412
46.0 80.0 79.10466266306284
46.0 81.0 77.72709130922678
46.0 82.0 25.222444633861386
46.0 83.0 26.581464918597362
46.0 84.0 74.03448959244756
46.0 86.0 87.45628787126137
46.0 87.0 89.37726891174609
46.0 88.0 94.68975516130988
46.0 89.0 104.68975516144843
46.0 90.0 77.05230592458747
46.0 91.0 74.85639091867463
46.0 92.0 31.131512596469435
46.0 94.0 32.22866062147405
46.0 95.0 37.06294307019719
46.0 96.0 39.521485812487455
46.0 97.0 43.80392635528274
46.0 98.0 105.01322318207647
46.0 100.0 39.29493223228748
46.0 101.0 21.846690252850305
46.0 102.0 21.490002684315122
46.0 104.0 29.12811343543415
46.0 105.0 29.633077855793616
46.0 107.0 82.1910665164929
46.0 109.0 107.05393522229619
46.0 110.0 114.45334950826242
46.0 111.0 112.15622059379729
46.0 112.0 33.03857508259519
47.0 48.0 10.284933010658165
47.0 49.0 16.14607639641553
47.0 50.0 19.031855680671946
47.0 51.0 18.820135461259124
47.0 52.0 22.688901479485246
47.0 53.0 27.60475715598595
47.0 54.0 32.291738309081346
47.0 57.0 86.0389690784464
47.0 59.0 90.4700712581947
47.0 61.0 92.9215018874315
47.0 62.0 96.05200631597266
47.0 63.0 94.74759361906396
47.0 65.0 16.758029504165275
47.0 66.0 20.51919809467347
47.0 67.0 24.255469690048276
47.0 68.0 28.048079629668464
47.0 69.0 32.36338420674253
47.0 70.0 3.0617984607146322
47.0 73.0 69.95151596852955
47.0 74.0 75.26550743530247
47.0 75.0 74.70857942870742
47.0 76.0 71.4166789647536
47.0 78.0 76.18112534151467
47.0 79.0 81.91271329271761
47.0 80.0 79.57750233772299
47.0 81.0 78.19993098328472
47.0 82.0 25.69528430848308
47.0 83.0 27.054304592933562
47.0 84.0 74.50732926711618
47.0 86.0 87.929127545234
47.0 87.0 89.85010858616954
47.0 88.0 95.16259483549007
47.0 89.0 105.16259483719254
47.0 90.0 77.5251455997172
47.0 91.0 75.32923059303728
47.0 92.0 31.60435227101443
47.0 94.0 32.70150029586661
47.0 95.0 37.535782744670776
47.0 96.0 39.99432548686838
47.0 97.0 44.276766028944714
47.0 98.0 105.4860628558627
47.0 100.0 39.767771906508045
47.0 101.0 22.319529927397937
47.0 102.0 21.962842358642533
47.0 104.0 29.600953110155004
47.0 105.0 30.10591753050097
47.0 107.0 82.66390619081974
47.0 109.0 107.52677489558485
47.0 110.0 114.92618918163929
47.0 111.0 112.62906026896053
47.0 112.0 33.51141475595926
48.0 49.0 17.55000761243941
48.0 50.0 20.435786896516618
48.0 51.0 20.22406667679056
48.0 52.0 24.092832695226306
48.0 53.0 29.00868837169064
48.0 54.0 33.69566952494857
48.0 57.0 87.44290029486987
48.0 59.0 91.87400247428502
48.0 61.0 94.32543310352364
48.0 62.0 97.45593753092305
48.0 63.0 96.15152483525642
48.0 65.0 18.161960719998753
48.0 66.0 21.92312931072445
48.0 67.0 25.6594009058242
48.0 68.0 29.452010845212463
48.0 69.0 33.76731542242767
48.0 70.0 13.346731471384082
48.0 73.0 71.35544718444393
48.0 74.0 76.66943865099839
48.0 75.0 76.11251064421401
48.0 76.0 72.82061018053312
48.0 78.0 77.58505655715476
48.0 79.0 83.31664450853157
48.0 80.0 80.9814335534689
48.0 81.0 79.60386219910781
48.0 82.0 27.09921552398329
48.0 83.0 28.458235808781634
48.0 84.0 75.91126048256032
48.0 86.0 89.3330587611918
48.0 87.0 91.25403980195321
48.0 88.0 96.56652605212975
48.0 89.0 106.56652605167551
48.0 90.0 78.92907681479531
48.0 91.0 76.73316180829143
48.0 92.0 33.00828348655948
48.0 94.0 34.10543151166192
48.0 95.0 38.939713960651886
48.0 96.0 41.39825670248194
48.0 97.0 45.68069724539009
48.0 98.0 106.88999407268045
48.0 100.0 41.17170312213426
48.0 101.0 23.72346114297853
48.0 102.0 23.36677357420145
48.0 104.0 31.004884325858782
48.0 105.0 31.509848745697262
48.0 107.0 84.06783740650593
48.0 109.0 108.930706112589
48.0 110.0 116.33012039742508
48.0 111.0 114.03299148334267
48.0 112.0 34.915345972146426
49.0 50.0 2.8857792841164307
49.0 51.0 2.674059064417608
49.0 52.0 6.542825082866683
49.0 53.0 11.45868075917056
49.0 54.0 16.145661912514633
49.0 57.0 79.32151619599773
49.0 59.0 83.75261837595903
49.0 61.0 86.20404900418534
49.0 62.0 89.33455343364841
49.0 63.0 88.03014073546473
49.0 65.0 13.146898137670817
49.0 66.0 16.908066728598737
49.0 67.0 20.644338323787863
49.0 68.0 24.43694826316814
49.0 69.0 28.752252840969255
49.0 70.0 19.207874857355574
49.0 73.0 63.23406308592959
49.0 74.0 68.54805455224155
49.0 75.0 67.99112654631249
49.0 76.0 64.69922608171065
49.0 78.0 69.46367245818294
49.0 79.0 75.19526040964294
49.0 80.0 72.86004945467263
49.0 81.0 71.48247810026064
49.0 82.0 18.977831425427084
49.0 83.0 20.336851709962335
49.0 84.0 67.78987638362868
49.0 86.0 81.2116746619244
49.0 87.0 83.13265570327826
49.0 88.0 88.44514195344297
49.0 89.0 98.44514195210084
49.0 90.0 70.80769271604815
49.0 91.0 68.61177770912893
49.0 92.0 24.886899387589672
49.0 94.0 25.984047412899173
49.0 95.0 30.81832986162142
49.0 96.0 33.2768726037557
49.0 97.0 37.559313146471105
49.0 98.0 98.76860997342051
49.0 100.0 36.15664054004073
49.0 101.0 6.17345353071349
49.0 102.0 5.8167659621498125
49.0 104.0 13.454876713320699
49.0 105.0 13.959841133406698
49.0 107.0 75.94645330774371
49.0 109.0 100.80932201400086
49.0 110.0 108.20873629860955
49.0 111.0 105.9116073843682
49.0 112.0 17.36533835944483
50.0 51.0 5.559838348733891
50.0 52.0 3.6570457987494476
50.0 53.0 8.572901475213
50.0 54.0 13.259882628404188
50.0 57.0 82.20729547954693
50.0 59.0 86.63839765844723
50.0 61.0 89.08982828920293
50.0 62.0 92.22033271683337
50.0 63.0 90.91592002000513
50.0 65.0 16.032677421920507
50.0 66.0 19.793846012663998
50.0 67.0 23.530117607976557
50.0 68.0 27.322727547650306
50.0 69.0 31.638032123925676
50.0 70.0 22.09365414144238
50.0 73.0 66.11984237008153
50.0 74.0 71.43383383598633
50.0 75.0 70.8769058297986
50.0 76.0 67.58500536579854
50.0 78.0 72.34945174239031
50.0 79.0 78.08103969388173
50.0 80.0 75.74582873863557
50.0 81.0 74.36825738426695
50.0 82.0 21.86361070942346
50.0 83.0 23.22263099401801
50.0 84.0 70.67565566793112
50.0 86.0 84.09745394623414
50.0 87.0 86.01843498751361
50.0 88.0 91.33092123706885
50.0 89.0 101.33092123757828
50.0 90.0 73.69347200018699
50.0 91.0 71.4975569941796
50.0 92.0 27.77267867212584
50.0 94.0 28.869826696977306
50.0 95.0 33.70410914585251
50.0 96.0 36.16265188773677
50.0 97.0 40.44509243022237
50.0 98.0 101.65438925698736
50.0 100.0 39.042419824271256
50.0 101.0 9.059232814804549
50.0 102.0 8.702545246104865
50.0 104.0 16.340655997420708
50.0 105.0 16.84562041755581
50.0 107.0 78.83223259201455
50.0 109.0 103.69510129719873
50.0 110.0 111.09451558281212
50.0 111.0 108.79738666870814
50.0 112.0 20.251117643594725
51.0 52.0 9.216884147202514
51.0 53.0 14.13273982361303
51.0 54.0 18.819720976894292
51.0 57.0 81.99557525966443
51.0 59.0 86.42667743933467
51.0 61.0 88.87810806913119
51.0 62.0 92.00861249673363
51.0 63.0 90.70419980126076
51.0 65.0 15.82095720180396
51.0 66.0 19.582125792762866
51.0 67.0 23.318397388178752
51.0 68.0 27.11100732751327
51.0 69.0 31.426311904575854
51.0 70.0 21.881933921785436
51.0 73.0 65.90812215018009
51.0 74.0 71.22211361656954
51.0 75.0 70.66518561033726
51.0 76.0 67.37328514613725
51.0 78.0 72.13773152255939
51.0 79.0 77.86931947421728
51.0 80.0 75.53410851893426
51.0 81.0 74.15653716444561
51.0 82.0 21.65189048958795
51.0 83.0 23.01091077446666
51.0 84.0 70.46393544820461
51.0 86.0 83.88573372643795
51.0 87.0 85.80671476763331
51.0 88.0 91.11920101764369
51.0 89.0 101.11920101729456
51.0 90.0 73.48175178010219
51.0 91.0 71.28583677442637
51.0 92.0 27.560958451903485
51.0 94.0 28.658106477106223
51.0 95.0 33.4923889262205
51.0 96.0 35.950931667697674
51.0 97.0 40.23337221108661
51.0 98.0 101.44266903665675
51.0 100.0 38.83069960453436
51.0 101.0 3.4993944663511005
51.0 102.0 3.142706897670527
51.0 104.0 10.78081764896708
51.0 105.0 11.285782069152452
51.0 107.0 78.62051237212894
51.0 109.0 103.48338107759926
51.0 110.0 110.88279536386281
51.0 111.0 108.58566644949951
51.0 112.0 14.69127929489206
52.0 53.0 4.915855676463508
52.0 54.0 9.602836829710022
52.0 57.0 85.86434127865118
52.0 59.0 90.29544345862656
52.0 61.0 92.74687408693622
52.0 62.0 95.87737851550193
52.0 63.0 94.57296581935556
52.0 65.0 19.68972322084327
52.0 66.0 23.45089181164245
52.0 67.0 27.187163407054342
52.0 68.0 30.979773346285214
52.0 69.0 35.29507792265724
52.0 70.0 25.75069994010254
52.0 73.0 69.77688816896071
52.0 74.0 75.09087963474116
52.0 75.0 74.53395162821603
52.0 76.0 71.24205116458353
52.0 78.0 76.00649754107968
52.0 79.0 81.73808549265527
52.0 80.0 79.402874537392
52.0 81.0 78.02530318303602
52.0 82.0 25.5206565081831
52.0 83.0 26.87967679286686
52.0 84.0 74.33270146660095
52.0 86.0 87.75449974474185
52.0 87.0 89.67548078575805
52.0 88.0 94.98796703606641
52.0 89.0 104.98796703503666
52.0 90.0 77.35051779891504
52.0 91.0 75.15460279288578
52.0 92.0 31.429724470607134
52.0 94.0 32.52687249548536
52.0 95.0 37.36115494481115
52.0 96.0 39.81969768692303
52.0 97.0 44.102138228976415
52.0 98.0 105.31143505448748
52.0 100.0 42.69946562267802
52.0 101.0 12.71627861367533
52.0 102.0 12.35959104498457
52.0 104.0 19.997701796195056
52.0 105.0 20.502666216236907
52.0 107.0 82.48927839065544
52.0 109.0 107.3521470962923
52.0 110.0 114.7515613816164
52.0 111.0 112.45443246760647
52.0 112.0 23.908163442318113
53.0 54.0 4.6869811531956564
53.0 57.0 90.78019695529767
53.0 59.0 95.21129913486848
53.0 61.0 97.66272976419751
53.0 62.0 100.7932341920145
53.0 63.0 99.48882149537391
53.0 65.0 24.605578897101246
53.0 66.0 28.36674748791164
53.0 67.0 32.10301908304451
53.0 68.0 35.895629022627396
53.0 69.0 40.21093359940775
53.0 70.0 30.66655561666075
53.0 73.0 74.69274384476014
53.0 74.0 80.0067353113955
53.0 75.0 79.44980730534371
53.0 76.0 76.15790684101805
53.0 78.0 80.9223532176855
53.0 79.0 86.65394116912265
53.0 80.0 84.31873021375854
53.0 81.0 82.94115885956687
53.0 82.0 30.436512184587972
53.0 83.0 31.79553246986118
53.0 84.0 79.24855714308299
53.0 86.0 92.67035542139092
53.0 87.0 94.5913364626029
53.0 88.0 99.90382271173237
53.0 89.0 109.90382271190956
53.0 90.0 82.26637347532355
53.0 91.0 80.07045846939214
53.0 92.0 36.34558014755298
53.0 94.0 37.44272817201662
53.0 95.0 42.27701062125483
53.0 96.0 44.73555336283498
53.0 97.0 49.017993905846964
53.0 98.0 110.22729073183802
53.0 100.0 47.615321299561884
53.0 101.0 17.632134289728587
53.0 102.0 17.275446721344743
53.0 104.0 24.913557472686662
53.0 105.0 25.418521892655214
53.0 107.0 87.40513406703818
53.0 109.0 112.26800277262242
53.0 110.0 119.66741705895868
53.0 111.0 117.37028814438027
53.0 112.0 28.824019118846024
54.0 57.0 95.4671781081546
54.0 59.0 99.8982802871492
54.0 61.0 102.34971091700224
54.0 62.0 105.48021534518298
54.0 63.0 104.1758026499477
54.0 65.0 29.29256005024703
54.0 66.0 33.05372864109286
54.0 67.0 36.79000023635737
54.0 68.0 40.58261017568505
54.0 69.0 44.89791475280528
54.0 70.0 35.353536769880975
54.0 73.0 79.37972499805426
54.0 74.0 84.6937164646665
54.0 75.0 84.1367884584944
54.0 76.0 80.84488799421362
54.0 78.0 85.60933437077492
54.0 79.0 91.34092232242989
54.0 80.0 89.00571136714578
54.0 81.0 87.6281400127219
54.0 82.0 35.12349333787792
54.0 83.0 36.48251362259576
54.0 84.0 83.93553829626404
54.0 86.0 97.35733657461255
54.0 87.0 99.27831761578676
54.0 88.0 104.59080386516598
54.0 89.0 114.59080386576491
54.0 90.0 86.95335462855
54.0 91.0 84.7574396225917
54.0 92.0 41.03256130034183
54.0 94.0 42.12970932558532
54.0 95.0 46.963991774588095
54.0 96.0 49.42253451609429
54.0 97.0 53.7049750595541
54.0 98.0 114.91427188623788
54.0 100.0 52.30230245253392
54.0 101.0 22.319115443514605
54.0 102.0 21.962427874453866
54.0 104.0 29.600538625880496
54.0 105.0 30.105503045962056
54.0 107.0 92.09211522032606
54.0 109.0 116.95498392524516
54.0 110.0 124.35439821169675
54.0 111.0 122.05726929750941
54.0 112.0 33.51100027205009
57.0 59.0 12.959989323363999
57.0 61.0 15.4114199528156
57.0 62.0 18.541924380514196
57.0 63.0 17.237511684514402
57.0 65.0 83.03979082006649
57.0 66.0 86.80095941035472
57.0 67.0 90.53723100541637
57.0 68.0 94.32984094458945
57.0 69.0 98.64514552304857
57.0 70.0 89.10076753958722
57.0 73.0 36.86976399486818
57.0 74.0 42.18375546015051
57.0 75.0 41.626827455272554
57.0 76.0 26.16799512168186
57.0 78.0 30.932441498202092
57.0 79.0 36.66402944960154
57.0 80.0 34.3288184945327
57.0 81.0 32.95124714001233
57.0 82.0 86.4131471596265
57.0 83.0 87.77216744342334
57.0 84.0 41.425577292968015
57.0 86.0 54.84737556879149
57.0 87.0 56.76835661486422
57.0 88.0 9.123625757237281
57.0 89.0 19.123625757215304
57.0 90.0 27.813572215108806
57.0 91.0 25.61765720857575
57.0 92.0 92.32221512218732
57.0 94.0 93.41936314700939
57.0 95.0 98.25364559610681
57.0 96.0 100.71218833780796
57.0 97.0 104.99462888074667
57.0 98.0 27.975980920208258
57.0 100.0 106.0495332220815
57.0 101.0 85.49496972624755
57.0 102.0 85.1382821576021
57.0 104.0 92.77639290907655
57.0 105.0 93.2813573287724
57.0 107.0 37.41522234716159
57.0 109.0 30.016692961256823
57.0 110.0 37.41610724708606
57.0 111.0 35.11897833266192
57.0 112.0 96.68685455518262
59.0 61.0 11.588041578601322
59.0 62.0 14.718546006786768
59.0 63.0 13.414133310582114
59.0 65.0 87.4708929993404
59.0 66.0 91.232061590093
59.0 67.0 94.96833318554073
59.0 68.0 98.76094312409198
59.0 69.0 103.07624770142115
59.0 70.0 93.53186971862277
59.0 73.0 41.30086617447991
59.0 74.0 46.614857639641045
59.0 75.0 46.057929634563905
59.0 76.0 30.599097301092797
59.0 78.0 35.363543677542616
59.0 79.0 41.0951316284913
59.0 80.0 38.75992067411596
59.0 81.0 37.38234931980616
59.0 82.0 90.84424933898683
59.0 83.0 92.20326962472453
59.0 84.0 45.85667947208562
59.0 86.0 59.27847775072708
59.0 87.0 61.19945879081591
59.0 88.0 22.08361508042169
59.0 89.0 32.08361508023951
59.0 90.0 32.24467439425587
59.0 91.0 30.048759388223868
59.0 92.0 96.7533173021019
59.0 94.0 97.85046532647328
59.0 95.0 102.68474777654221
59.0 96.0 105.14329051734467
59.0 97.0 109.42573105934883
59.0 98.0 24.152602547070096
59.0 100.0 110.48063540121328
59.0 101.0 89.92607190616988
59.0 102.0 89.56938433774735
59.0 104.0 97.20749508947736
59.0 105.0 97.71245950809103
59.0 107.0 41.846324526710006
59.0 109.0 26.193314587294875
59.0 110.0 33.592728873545155
59.0 111.0 31.29559995868657
59.0 112.0 101.11795673530844
61.0 62.0 9.618362085610721
61.0 63.0 8.313949389342454
61.0 65.0 89.92232362893569
61.0 66.0 93.68349221963456
61.0 67.0 97.41976381429188
61.0 68.0 101.21237375335892
61.0 69.0 105.52767833108479
61.0 70.0 95.98330034782633
61.0 73.0 43.75229680357057
61.0 74.0 49.06628827067848
61.0 75.0 48.50936026418073
61.0 76.0 33.05052793097137
61.0 78.0 37.81497430643582
61.0 79.0 43.54656225859009
61.0 80.0 41.21135130278753
61.0 81.0 39.833779948676685
61.0 82.0 93.2956799685209
61.0 83.0 94.65470025346359
61.0 84.0 48.308110101658905
61.0 86.0 61.72990837944518
61.0 87.0 63.65088942089619
61.0 88.0 24.53504571006497
61.0 89.0 34.535045710016945
61.0 90.0 34.69610502373676
61.0 91.0 32.50019001837552
61.0 92.0 99.20474793109918
61.0 94.0 100.30189595562521
61.0 95.0 105.13617840543014
61.0 96.0 107.59472114641507
61.0 97.0 111.8771616893022
61.0 98.0 19.052418625823318
61.0 100.0 112.93206603097771
61.0 101.0 92.37750253494463
61.0 102.0 92.0208149661315
61.0 104.0 99.6589257187056
61.0 105.0 100.16389013778672
61.0 107.0 44.29775515628084
61.0 109.0 21.09313066605818
61.0 110.0 28.492544951648593
61.0 111.0 26.1954160375994
61.0 112.0 103.56938736398821
62.0 63.0 4.89381080457603
62.0 65.0 93.05282805626462
62.0 66.0 96.81399664828689
62.0 67.0 100.55026824284026
62.0 68.0 104.3428781825066
62.0 69.0 108.65818276051064
62.0 70.0 99.11380477713982
62.0 73.0 46.88280123164271
62.0 74.0 52.19679269745794
62.0 75.0 51.639864691763876
62.0 76.0 36.18103235911898
62.0 78.0 40.94547873525758
62.0 79.0 46.677066687032166
62.0 80.0 44.34185573171719
62.0 81.0 42.96428437647165
62.0 82.0 96.426184396812
62.0 83.0 97.7852046828304
62.0 84.0 51.43861452991027
62.0 86.0 64.86041280825997
62.0 87.0 66.78139384971084
62.0 88.0 27.665550137330094
62.0 89.0 37.665550138448765
62.0 90.0 37.8266094515613
62.0 91.0 35.63069444530824
62.0 92.0 102.33525235957528
62.0 94.0 103.43240038458991
62.0 95.0 108.26668283303351
62.0 96.0 110.72522557585751
62.0 97.0 115.00766611867553
62.0 98.0 9.434056540226711
62.0 100.0 116.06257045944676
62.0 101.0 95.5080069629754
62.0 102.0 95.15131939507691
62.0 104.0 102.78943014662981
62.0 105.0 103.29439456630531
62.0 107.0 47.42825958392645
62.0 109.0 11.474768580463973
62.0 110.0 18.874182866564293
62.0 111.0 16.57705395241196
62.0 112.0 106.69989179221452
63.0 65.0 91.748415360703
63.0 66.0 95.5095839511803
63.0 67.0 99.24585554609747
63.0 68.0 103.03846548597184
63.0 69.0 107.35377006367139
63.0 70.0 97.8093920798191
63.0 73.0 45.5783885356737
63.0 74.0 50.892380001967595
63.0 75.0 50.33545199494766
63.0 76.0 34.876619662086654
63.0 78.0 39.64106603854184
63.0 79.0 45.372653989618
63.0 80.0 43.03744303528903
63.0 81.0 41.659871680436794
63.0 82.0 95.12177170097107
63.0 83.0 96.48079198518687
63.0 84.0 50.13420183369868
63.0 86.0 63.556000111557
63.0 87.0 65.47698115242994
63.0 88.0 26.361137441884345
63.0 89.0 36.36113744172489
63.0 90.0 36.52219675619618
63.0 91.0 34.32628174953271
63.0 92.0 101.03083966267826
63.0 94.0 102.12798768852292
63.0 95.0 106.96227013836622
63.0 96.0 109.42081287884025
63.0 97.0 113.70325342137644
63.0 98.0 14.327867344661676
63.0 100.0 114.75815776298387
63.0 101.0 94.20359426720444
63.0 102.0 93.84690669825179
63.0 104.0 101.48501745041995
63.0 105.0 101.98998187004969
63.0 107.0 46.123846888827956
63.0 109.0 16.36857938493304
63.0 110.0 23.76799367152957
63.0 111.0 21.470864756295796
63.0 112.0 105.39547909661007
65.0 66.0 3.761168590710307
65.0 67.0 7.4974401860465925
65.0 68.0 11.290050125491604
65.0 69.0 15.605354702739744
65.0 70.0 19.819827964736053
65.0 73.0 66.95233770981189
65.0 74.0 72.26632917658827
65.0 75.0 71.70940116958533
65.0 76.0 68.41750070599159
65.0 78.0 73.18194708250269
65.0 79.0 78.91353503394052
65.0 80.0 76.57832407858535
65.0 81.0 75.20075272430337
65.0 82.0 22.69610604945686
65.0 83.0 24.055126334264003
65.0 84.0 71.50815100785523
65.0 86.0 84.92994928594567
65.0 87.0 86.85093032690635
65.0 88.0 92.16341657741489
65.0 89.0 102.16341657666263
65.0 90.0 74.5259673401406
65.0 91.0 72.33005233446255
65.0 92.0 28.605174012162333
65.0 94.0 29.70232203691305
65.0 95.0 34.53660448548386
65.0 96.0 36.995147227877546
65.0 97.0 41.27758777042071
65.0 98.0 102.48688459739645
65.0 100.0 23.00974240229834
65.0 101.0 19.320351668379693
65.0 102.0 18.963664099688643
65.0 104.0 26.601774851088436
65.0 105.0 27.106739271152218
65.0 107.0 79.66472793178535
65.0 109.0 104.52759663664702
65.0 110.0 111.92701092348858
65.0 111.0 109.62988200829815
65.0 112.0 30.512236497329063
66.0 67.0 3.736271595325294
66.0 68.0 7.5288815346937925
66.0 69.0 11.844186111725012
66.0 70.0 23.580996555729975
66.0 73.0 70.71350630127912
66.0 74.0 76.02749776752287
66.0 75.0 75.47056976072132
66.0 76.0 72.17866929673569
66.0 78.0 76.94311567300707
66.0 79.0 82.67470362472932
66.0 80.0 80.33949266957313
66.0 81.0 78.96192131494307
66.0 82.0 26.457274640251303
66.0 83.0 27.81629492479041
66.0 84.0 75.26931959861315
66.0 86.0 88.69111787694618
66.0 87.0 90.6120989183166
66.0 88.0 95.92458516767724
66.0 89.0 105.92458516756926
66.0 90.0 78.28713593092371
66.0 91.0 76.09122092488478
66.0 92.0 32.366342602664545
66.0 94.0 33.463490627266395
66.0 95.0 38.297773076464956
66.0 96.0 40.75631581870019
66.0 97.0 45.03875636154166
66.0 98.0 106.2480531884537
66.0 100.0 19.24857381152317
66.0 101.0 23.081520259420106
66.0 102.0 22.724832690474294
66.0 104.0 30.36294344173239
66.0 105.0 30.86790786180316
66.0 107.0 83.42589652257122
66.0 109.0 108.28876522772529
66.0 110.0 115.68817951375883
66.0 111.0 113.39105059950043
66.0 112.0 34.273405087696375
67.0 68.0 3.7926099394275874
67.0 69.0 8.10791451653223
67.0 70.0 27.317268150641066
67.0 73.0 74.44977789640605
67.0 74.0 79.76376936257233
67.0 75.0 79.2068413559203
67.0 76.0 75.91494089194434
67.0 78.0 80.67938726838352
67.0 79.0 86.41097521989136
67.0 80.0 84.07576426463153
67.0 81.0 82.69819291039805
67.0 82.0 30.193546235280973
67.0 83.0 31.552566519800727
67.0 84.0 79.0055911939964
67.0 86.0 92.42738947210938
67.0 87.0 94.34837051289506
67.0 88.0 99.66085676278743
67.0 89.0 109.66085676293181
67.0 90.0 82.02340752612434
67.0 91.0 79.82749252022768
67.0 92.0 36.102614197964314
67.0 94.0 37.199762222893995
67.0 95.0 42.034044672277176
67.0 96.0 44.49258741342977
67.0 97.0 48.77502795674056
67.0 98.0 109.9843247821991
67.0 100.0 15.512302216386328
67.0 101.0 26.81779185452983
67.0 102.0 26.461104286032324
67.0 104.0 34.099215037265864
67.0 105.0 34.60417945726395
67.0 107.0 87.16216811779078
67.0 109.0 112.02503682356718
67.0 110.0 119.42445110970682
67.0 111.0 117.12732219566317
67.0 112.0 38.00967668332598
68.0 69.0 4.315304577023761
68.0 70.0 31.10987809027049
68.0 73.0 78.24238783572113
68.0 74.0 83.5563793021193
68.0 75.0 82.99945129542814
68.0 76.0 79.70755083142447
68.0 78.0 84.47199720781106
68.0 79.0 90.20358515942429
68.0 80.0 87.8683742041582
68.0 81.0 86.49080284986503
68.0 82.0 33.986156175084965
68.0 83.0 35.345176459528936
68.0 84.0 82.79820113336064
68.0 86.0 96.2199994116277
68.0 87.0 98.14098045274778
68.0 88.0 103.4534667023741
68.0 89.0 113.45346670340645
68.0 90.0 85.8160174657142
68.0 91.0 83.62010245961011
68.0 92.0 39.89522413719793
68.0 94.0 40.99237216195192
68.0 95.0 45.826654611334575
68.0 96.0 48.28519735318135
68.0 97.0 52.56763789594962
68.0 98.0 113.77693472158077
68.0 100.0 11.719692276938488
68.0 101.0 30.610401793634612
68.0 102.0 30.253714225420413
68.0 104.0 37.89182497649307
68.0 105.0 38.396789396553864
68.0 107.0 90.95477805736255
68.0 109.0 115.81764676294151
68.0 110.0 123.21706104917004
68.0 111.0 120.91993213478554
68.0 112.0 41.80228662249671
69.0 70.0 35.42518266726899
69.0 73.0 82.55769241301057
69.0 74.0 87.87168387852779
69.0 75.0 87.31475587214456
69.0 76.0 84.0228554083426
69.0 78.0 88.78730178475146
69.0 79.0 94.51888973619512
69.0 80.0 92.18367878114839
69.0 81.0 90.80610742706165
69.0 82.0 38.301460752027374
69.0 83.0 39.660481036115655
69.0 84.0 87.1135057103221
69.0 86.0 100.53530398849892
69.0 87.0 102.4562850299383
69.0 88.0 107.76877127877292
69.0 89.0 117.76877127863638
69.0 90.0 90.13132204264096
69.0 91.0 87.93540703670095
69.0 92.0 44.21052871466843
69.0 94.0 45.30767673945726
69.0 95.0 50.14195918702334
69.0 96.0 52.6005019304742
69.0 97.0 56.88294247332021
69.0 98.0 118.0922392983383
69.0 100.0 7.404387699829591
69.0 101.0 34.92570637081228
69.0 102.0 34.56901880220252
69.0 104.0 42.207129553372326
69.0 105.0 42.71209397343556
69.0 107.0 95.27008263415928
69.0 109.0 120.13295134057961
69.0 110.0 127.53236562599267
69.0 111.0 125.23523671189263
69.0 112.0 46.117591199695696
70.0 73.0 73.01331443033413
70.0 74.0 78.32730589623938
70.0 75.0 77.77037788929059
70.0 76.0 74.47847742550948
70.0 78.0 79.24292380179958
70.0 79.0 84.97451175349384
70.0 80.0 82.63930079827365
70.0 81.0 81.26172944394591
70.0 82.0 28.757082768957265
70.0 83.0 30.116103053858616
70.0 84.0 77.56912772751735
70.0 86.0 90.99092600610182
70.0 87.0 92.91190704714634
70.0 88.0 98.22439329616574
70.0 89.0 108.22439329672176
70.0 90.0 80.58694405968598
70.0 91.0 78.39102905366332
70.0 92.0 34.66615073159542
70.0 94.0 35.763298756518
70.0 95.0 40.59758120550781
70.0 96.0 43.05612394756753
70.0 97.0 47.33856449005185
70.0 98.0 108.54786131645636
70.0 100.0 42.829570367353256
70.0 101.0 25.381328388117463
70.0 102.0 25.02464081937904
70.0 104.0 32.6627515707944
70.0 105.0 33.16771599167781
70.0 107.0 85.72570465164313
70.0 109.0 110.58857335755397
70.0 110.0 117.9879876430756
70.0 111.0 115.69085872862559
70.0 112.0 36.57321321700002
73.0 74.0 16.932458959017687
73.0 75.0 16.37553095232536
73.0 76.0 22.247473881251775
73.0 78.0 27.01192025733312
73.0 79.0 32.74350820912534
73.0 80.0 30.408297253865335
73.0 81.0 29.0307258995296
73.0 82.0 70.3256940504142
73.0 83.0 71.68471433430173
73.0 84.0 4.555813297816938
73.0 86.0 29.596079068739634
73.0 87.0 31.517060109775752
73.0 88.0 45.99338975214831
73.0 89.0 55.99338975245614
73.0 90.0 28.355940515558828
73.0 91.0 26.160025509267445
73.0 92.0 76.23476201290595
73.0 94.0 77.3319100378045
73.0 95.0 82.16619248620856
73.0 96.0 84.62473522808237
73.0 97.0 88.90717577127845
73.0 98.0 56.31685777267964
73.0 100.0 89.96208011216129
73.0 101.0 69.40751661639797
73.0 102.0 69.0508290477301
73.0 104.0 76.68893979935521
73.0 105.0 77.19390421915605
73.0 107.0 33.49470110716098
73.0 109.0 58.35756981275319
73.0 110.0 65.75698409920216
73.0 111.0 63.45985518362963
73.0 112.0 80.59940144528275
74.0 75.0 6.760684737489838
74.0 76.0 27.561465347127687
74.0 78.0 32.325911724089835
74.0 79.0 38.057499675822974
74.0 80.0 35.722288719832115
74.0 81.0 34.34471736532592
74.0 82.0 75.63968551646778
74.0 83.0 76.99870580170412
74.0 84.0 21.488272256959437
74.0 86.0 19.981232853835735
74.0 87.0 21.902213894891446
74.0 88.0 51.30738121600383
74.0 89.0 61.307381217362575
74.0 90.0 33.669931982030334
74.0 91.0 31.474016976125714
74.0 92.0 81.54875347883043
74.0 94.0 82.64590150408053
74.0 95.0 87.48018395286627
74.0 96.0 89.93872669494226
74.0 97.0 94.22116723782653
74.0 98.0 61.63084923869686
74.0 100.0 95.27607157893158
74.0 101.0 74.72150808303337
74.0 102.0 74.36482051412361
74.0 104.0 82.00293126539106
74.0 105.0 82.50789568573933
74.0 107.0 38.80869257311528
74.0 109.0 63.67156128004035
74.0 110.0 71.07097556396101
74.0 111.0 68.77384664961005
74.0 112.0 85.9133929113064
75.0 76.0 27.00453734066975
75.0 78.0 31.768983716297214
75.0 79.0 37.50057166937001
75.0 80.0 35.16536071457723
75.0 81.0 33.78778936010667
75.0 82.0 75.08275751089282
75.0 83.0 76.44177779443366
75.0 84.0 20.93134425023647
75.0 86.0 13.220548116346661
75.0 87.0 15.14152915740059
75.0 88.0 50.750453210476195
75.0 89.0 60.750453211887034
75.0 90.0 33.11300397580396
75.0 91.0 30.91708896918383
75.0 92.0 80.99182547251988
75.0 94.0 82.08897349736958
75.0 95.0 86.92325594674783
75.0 96.0 89.38179868841203
75.0 97.0 93.664239231299
75.0 98.0 61.073921230620115
75.0 100.0 94.71914357259396
75.0 101.0 74.16458007628631
75.0 102.0 73.8078925078346
75.0 104.0 81.44600325889326
75.0 105.0 81.95096767941021
75.0 107.0 38.25176456686884
75.0 109.0 63.11463327152248
75.0 110.0 70.51404755811097
75.0 111.0 68.21691864292288
75.0 112.0 85.35646490551161
76.0 78.0 4.764446376475525
76.0 79.0 10.496034327984002
76.0 80.0 14.468187172317895
76.0 81.0 13.090615818053957
76.0 82.0 71.79085704585705
76.0 83.0 73.1498773307812
76.0 84.0 26.803287178963316
76.0 86.0 40.22508545767186
76.0 87.0 42.14606649822454
76.0 88.0 35.29162087865497
76.0 89.0 45.291620878898726
76.0 90.0 17.654171641509574
76.0 91.0 15.45825663645061
76.0 92.0 77.69992500850287
76.0 94.0 78.7970730333292
76.0 95.0 83.63135548232415
76.0 96.0 86.08989822404222
76.0 97.0 90.3723387670322
76.0 98.0 45.61508889908197
76.0 100.0 91.42724310822607
76.0 101.0 70.87267961221364
76.0 102.0 70.51599204382973
76.0 104.0 78.15410279515339
76.0 105.0 78.65906721531124
76.0 107.0 17.55459102562761
76.0 109.0 47.655800938057666
76.0 110.0 55.05521522433014
76.0 111.0 52.75808631044154
76.0 112.0 82.06456444116964
78.0 79.0 5.731587951537313
78.0 80.0 19.23263354883125
78.0 81.0 17.85506219444818
78.0 82.0 76.55530342247877
78.0 83.0 77.91432370729686
78.0 84.0 31.56773355536678
78.0 86.0 44.98953183298049
78.0 87.0 46.91051287427449
78.0 88.0 40.05606725533782
78.0 89.0 50.05606725510804
78.0 90.0 22.418618018655835
78.0 91.0 20.222703012476437
78.0 92.0 82.4643713850691
78.0 94.0 83.5615194101394
78.0 95.0 88.39580185880246
78.0 96.0 90.85434460064212
78.0 97.0 95.13678514382127
78.0 98.0 50.37953527494667
78.0 100.0 96.19168948466486
78.0 101.0 75.63712598889211
78.0 102.0 75.28043842024074
78.0 104.0 82.91854917149101
78.0 105.0 83.42351359160779
78.0 107.0 22.319037401954645
78.0 109.0 52.42024731531105
78.0 110.0 59.81966160208929
78.0 111.0 57.52253268677934
78.0 112.0 86.82901081772818
79.0 80.0 24.96422150041133
79.0 81.0 23.58665014593954
79.0 82.0 82.28689137403356
79.0 83.0 83.64591165882989
79.0 84.0 37.29932150690175
79.0 86.0 50.7211197847129
79.0 87.0 52.64210082674144
79.0 88.0 45.78765520700933
79.0 89.0 55.78765520609815
79.0 90.0 28.15020597000632
79.0 91.0 25.95429096404534
79.0 92.0 88.19595933638615
79.0 94.0 89.29310736154747
79.0 95.0 94.12738981038686
79.0 96.0 96.5859325520882
79.0 97.0 100.86837309522517
79.0 98.0 56.11112322735006
79.0 100.0 101.92327743623886
79.0 101.0 81.36871394045434
79.0 102.0 81.01202637181103
79.0 104.0 88.65013712302928
79.0 105.0 89.15510154321663
79.0 107.0 28.050625353607472
79.0 109.0 58.15183526685074
79.0 110.0 65.5512495533248
79.0 111.0 63.25412063889231
79.0 112.0 92.56059876920582
80.0 81.0 10.789833850867954
80.0 82.0 79.95168041881229
80.0 83.0 81.31070070338905
80.0 84.0 34.96411055175527
80.0 86.0 48.3859088301582
80.0 87.0 50.306889870660285
80.0 88.0 43.45244425142991
80.0 89.0 53.452444251923
80.0 90.0 25.81499501472308
80.0 91.0 23.619080008809377
80.0 92.0 85.8607483813345
80.0 94.0 86.95789640621962
80.0 95.0 91.79217885514086
80.0 96.0 94.25072159708536
80.0 97.0 98.53316214002157
80.0 98.0 53.775912271861785
80.0 100.0 99.58806648095276
80.0 101.0 79.03350298527303
80.0 102.0 78.67681541663279
80.0 104.0 86.3149261679865
80.0 105.0 86.81989058798422
80.0 107.0 15.253809058469084
80.0 109.0 55.81662431071827
80.0 110.0 63.216038596936535
80.0 111.0 60.91890968297565
80.0 112.0 90.22538781398853
81.0 82.0 78.57410906423743
81.0 83.0 79.93312934920075
81.0 84.0 33.586539197433936
81.0 86.0 47.00833747611735
81.0 87.0 48.92931851637811
81.0 88.0 42.0748728972447
81.0 89.0 52.07487289744465
81.0 90.0 24.43742366048908
81.0 91.0 22.24150865445072
81.0 92.0 84.4831770270039
81.0 94.0 85.58032505187718
81.0 95.0 90.41460750090981
81.0 96.0 92.87315024273843
81.0 97.0 97.15559078538413
81.0 98.0 52.39834091769049
81.0 100.0 98.21049512674693
81.0 101.0 77.65593163088694
81.0 102.0 77.29924406247866
81.0 104.0 84.93735481351098
81.0 105.0 85.44231923353823
81.0 107.0 4.463975207506351
81.0 109.0 54.43905295776166
81.0 110.0 61.838467244133604
81.0 111.0 59.54133832902889
81.0 112.0 88.84781645965018
82.0 83.0 8.025612162698225
82.0 84.0 74.88150734804822
82.0 86.0 88.30330562658821
82.0 87.0 90.22428666775902
82.0 88.0 95.53677291693225
82.0 89.0 105.5367729173823
82.0 90.0 77.89932367980853
82.0 91.0 75.70340867312598
82.0 92.0 12.575659840435186
82.0 94.0 24.38198892898067
82.0 95.0 29.216271378007438
82.0 96.0 31.67481411975844
82.0 97.0 35.95725466275056
82.0 98.0 105.8602409386084
82.0 100.0 45.70584845147384
82.0 101.0 25.151284955995376
82.0 102.0 24.79459738724666
82.0 104.0 32.432708138576544
82.0 105.0 32.93767255875894
82.0 107.0 83.03808427178754
82.0 109.0 107.90095297725867
82.0 110.0 115.30036726195917
82.0 111.0 113.00323834849902
82.0 112.0 36.34316978436724
83.0 84.0 76.24052763264173
83.0 86.0 89.66232591136352
83.0 87.0 91.58330695192585
83.0 88.0 96.89579320209887
83.0 89.0 106.89579320177734
83.0 90.0 79.25834396456773
83.0 91.0 77.06242895821711
83.0 92.0 4.550047677808723
83.0 94.0 25.74100921375092
83.0 95.0 30.575291662733232
83.0 96.0 33.033834404502144
83.0 97.0 37.31627494752499
83.0 98.0 107.21926122192801
83.0 100.0 47.0648687362451
83.0 101.0 26.51030524063872
83.0 102.0 26.15361767212957
83.0 104.0 33.791728423297855
83.0 105.0 34.2966928435261
83.0 107.0 84.39710455660915
83.0 109.0 109.25997326216344
83.0 110.0 116.65938754770322
83.0 111.0 114.36225863358035
83.0 112.0 37.70219006954745
84.0 86.0 34.15189236672569
84.0 87.0 36.07287340773517
84.0 88.0 50.549203050199196
84.0 89.0 60.549203049580285
84.0 90.0 32.91175381341376
84.0 91.0 30.71583880701038
84.0 92.0 80.79057531050118
84.0 94.0 81.88772333571316
84.0 95.0 86.72200578455222
84.0 96.0 89.18054852616594
84.0 97.0 93.46298906931844
84.0 98.0 60.87267106996043
84.0 100.0 94.51789341034547
84.0 101.0 73.96332991451348
84.0 102.0 73.60664234594336
84.0 104.0 81.24475309692829
84.0 105.0 81.74971751724323
84.0 107.0 38.05051440470109
84.0 109.0 62.91338310990474
84.0 110.0 70.31279739647799
84.0 111.0 68.01566848171585
84.0 112.0 85.15521474312123
86.0 87.0 13.571951424724958
86.0 88.0 63.97100132786103
86.0 89.0 73.97100132776816
86.0 90.0 46.333552091545066
86.0 91.0 44.137637085684
86.0 92.0 94.21237358876928
86.0 94.0 95.309521613963
86.0 95.0 100.14380406264479
86.0 96.0 102.60234680460525
86.0 97.0 106.88478734753627
86.0 98.0 74.29446934902715
86.0 100.0 107.93969168934015
86.0 101.0 87.38512819283503
86.0 102.0 87.02844062418049
86.0 104.0 94.66655137563703
86.0 105.0 95.17151579554849
86.0 107.0 51.47231268353353
86.0 109.0 76.33518138880348
86.0 110.0 83.73459567482622
86.0 111.0 81.43746676087989
86.0 112.0 98.57701302135608
87.0 88.0 65.89198236885629
87.0 89.0 75.8919823660394
87.0 90.0 48.25453313217636
87.0 91.0 46.05861812680621
87.0 92.0 96.13335462982839
87.0 94.0 97.23050265509546
87.0 95.0 102.06478510376886
87.0 96.0 104.52332784567251
87.0 97.0 108.80576838898837
87.0 98.0 76.21545038874345
87.0 100.0 109.86067272931116
87.0 101.0 89.30610923377748
87.0 102.0 88.94942166522242
87.0 104.0 96.58753241643501
87.0 105.0 97.092496836359
87.0 107.0 53.39329372337513
87.0 109.0 78.2561624291767
87.0 110.0 85.65557671410365
87.0 111.0 83.35844780107307
87.0 112.0 100.49799406274956
88.0 89.0 9.999999999992937
88.0 90.0 36.937197972028706
88.0 91.0 34.74128296578231
88.0 92.0 101.44584087976753
88.0 94.0 102.54298890474803
88.0 95.0 107.37727135341254
88.0 96.0 109.83581409548287
88.0 97.0 114.11825463769688
88.0 98.0 37.09960667861953
88.0 100.0 115.17315897904007
88.0 101.0 94.61859548257229
88.0 102.0 94.26190791453266
88.0 104.0 101.9000186661743
88.0 105.0 102.40498308576198
88.0 107.0 46.538848104913086
88.0 109.0 39.14031871931278
88.0 110.0 46.53973300482846
88.0 111.0 44.24260408989882
88.0 112.0 105.81048031240408
89.0 90.0 46.93719797234235
89.0 91.0 44.74128296597045
89.0 92.0 111.44584087983058
89.0 94.0 112.54298890397203
89.0 95.0 117.37727135280399
89.0 96.0 119.8358140950092
89.0 97.0 124.11825463763242
89.0 98.0 47.09960667908211
89.0 100.0 125.17315897952076
89.0 101.0 104.61859548401434
89.0 102.0 104.26190791546681
89.0 104.0 111.90001866664709
89.0 105.0 112.40498308611312
89.0 107.0 56.53884810431566
89.0 109.0 49.140318719021614
89.0 110.0 56.539733004446035
89.0 111.0 54.24260409029361
89.0 112.0 115.81048031229301
90.0 91.0 10.701327839761639
90.0 92.0 83.8083916422366
90.0 94.0 84.9055396673626
90.0 95.0 89.73982211644363
90.0 96.0 92.19836485863999
90.0 97.0 96.48080540084112
90.0 98.0 47.26066599226537
90.0 100.0 97.53570974255807
90.0 101.0 76.98114624676892
90.0 102.0 76.62445867811618
90.0 104.0 84.26256942943205
90.0 105.0 84.7675338495045
90.0 107.0 28.901398868032203
90.0 109.0 49.3013780329843
90.0 110.0 56.70079231821444
90.0 111.0 54.403663403747174
90.0 112.0 88.1730310754946
91.0 92.0 81.61247663686903
91.0 94.0 82.70962466243958
91.0 95.0 87.54390711102268
91.0 96.0 90.00244985313125
91.0 97.0 94.28489039457625
91.0 98.0 45.064750985877005
91.0 100.0 95.33979473647813
91.0 101.0 74.78523124072538
91.0 102.0 74.42854367189695
91.0 104.0 82.06665442341665
91.0 105.0 82.57161884348756
91.0 107.0 26.705483862013992
91.0 109.0 47.10546302632989
91.0 110.0 54.504877311680815
91.0 111.0 52.20774839818539
91.0 112.0 85.97711606957196
92.0 94.0 30.291056891569983
92.0 95.0 35.12533934055562
92.0 96.0 37.58388208230466
92.0 97.0 41.86632262526022
92.0 98.0 111.7693088996811
92.0 100.0 51.61491641420788
92.0 101.0 31.06035291861769
92.0 102.0 30.703665350007828
92.0 104.0 38.34177610125924
92.0 105.0 38.846740521475795
92.0 107.0 88.94715223462036
92.0 109.0 113.81002093937798
92.0 110.0 121.2094352253176
92.0 111.0 118.91230631137282
92.0 112.0 42.2522377473754
94.0 95.0 14.918342635172937
94.0 96.0 17.37688537693824
94.0 97.0 21.659325919875638
94.0 98.0 112.86645692480633
94.0 100.0 52.71206443952721
94.0 101.0 32.157500943834314
94.0 102.0 31.800813374919137
94.0 104.0 39.43892412655195
94.0 105.0 39.94388854638211
94.0 107.0 90.04430025955108
94.0 109.0 114.90716896443637
94.0 110.0 122.30658325069689
94.0 111.0 120.00945433686681
94.0 112.0 43.34938577231661
95.0 96.0 13.400588961155542
95.0 97.0 6.740983284703363
95.0 98.0 117.70073937369298
95.0 100.0 57.54634688828161
95.0 101.0 36.99178339266497
95.0 102.0 36.635095823683436
95.0 104.0 44.27320657503624
95.0 105.0 44.77817099530925
95.0 107.0 94.87858270838063
95.0 109.0 119.74145141296276
95.0 110.0 127.14086569870666
95.0 111.0 124.84373678405913
95.0 112.0 48.18366822110511
96.0 97.0 20.14157224588631
96.0 98.0 120.159282115918
96.0 100.0 60.004889630515834
96.0 101.0 39.45032613439335
96.0 102.0 39.093638565459315
96.0 104.0 46.73174931682856
96.0 105.0 47.236713736964774
96.0 107.0 97.33712545021719
96.0 109.0 122.19999415694606
96.0 110.0 129.5994084433229
96.0 111.0 127.3022795282206
96.0 112.0 50.64221096351106
97.0 98.0 124.44172265843699
97.0 100.0 64.2873301726255
97.0 101.0 43.73276667702893
97.0 102.0 43.37607910837866
97.0 104.0 51.014189860205335
97.0 105.0 51.51915427998769
97.0 107.0 101.6195659931901
97.0 109.0 126.48243469851825
97.0 110.0 133.8818489849199
97.0 111.0 131.5847200706979
97.0 112.0 54.924651505974964
98.0 100.0 125.49662700001156
98.0 101.0 104.94206350427208
98.0 102.0 104.58537593521936
98.0 104.0 112.22348668624967
98.0 105.0 112.72845110531406
98.0 107.0 56.86231612455401
98.0 109.0 15.990286866295854
98.0 110.0 23.389701152451337
98.0 111.0 21.092572237790723
98.0 112.0 116.13394833227109
100.0 101.0 42.330094070725295
100.0 102.0 41.97340650214126
100.0 104.0 49.61151725338189
100.0 105.0 50.11648167378125
100.0 107.0 102.67447033415405
100.0 109.0 127.5373390387715
100.0 110.0 134.93675332533826
100.0 111.0 132.63962441050322
100.0 112.0 53.52197889968264
101.0 102.0 6.642101364004418
101.0 104.0 7.281423182619251
101.0 105.0 7.786387602822492
101.0 107.0 82.11990683848248
101.0 109.0 106.98277554323147
101.0 110.0 114.38218982985086
101.0 111.0 112.0850609166462
101.0 112.0 11.191884828716358
102.0 104.0 13.923524546655809
102.0 105.0 14.428488966635468
102.0 107.0 81.76321926979378
102.0 109.0 106.62608797515028
102.0 110.0 114.02550226148568
102.0 111.0 111.72837334629756
102.0 112.0 17.83398619276295
104.0 105.0 7.185249645565459
104.0 107.0 89.40133002114264
104.0 109.0 114.26419872630743
104.0 110.0 121.66361301203945
104.0 111.0 119.36648409779488
104.0 112.0 10.590746871621421
105.0 107.0 89.90629444109186
105.0 109.0 114.76916314698944
105.0 110.0 122.16857743358835
105.0 111.0 119.87144851881821
105.0 112.0 3.4054972262251564
107.0 109.0 58.903028165243654
107.0 110.0 66.3024424511232
107.0 111.0 64.00531353679344
107.0 112.0 93.31179166715555
109.0 110.0 13.959188954525207
109.0 111.0 11.66206004017893
109.0 112.0 118.17466037216855
110.0 111.0 8.830699701913433
110.0 112.0 125.57407466062767
111.0 112.0 123.27694574541334
