2.0 3.0 6.677014432588596
2.0 4.0 6.845958325491476
2.0 5.0 13.737956736482667
2.0 6.0 20.938932517938106
2.0 11.0 40.7530470140097
2.0 13.0 48.27114850362252
2.0 16.0 63.72461618616225
2.0 18.0 13.856366718288598
2.0 20.0 21.220866415086533
2.0 21.0 28.784783068250178
2.0 23.0 37.044834176121164
2.0 24.0 42.42353007847298
2.0 26.0 58.77975215387862
2.0 27.0 66.81723164000394
2.0 29.0 81.132583457231
2.0 30.0 81.60887793108792
2.0 31.0 89.97466258748017
2.0 36.0 114.35047990464984
2.0 39.0 130.80824840132135
2.0 40.0 127.62458391346473
2.0 42.0 40.9586398947512
2.0 43.0 48.79831502433332
2.0 44.0 46.79025629603542
2.0 46.0 60.068747355929375
2.0 47.0 59.479599005866845
2.0 48.0 66.27784138711387
2.0 49.0 46.52229587724922
2.0 50.0 52.488044558437906
2.0 51.0 51.99487996441179
2.0 52.0 57.720713292834716
2.0 53.0 66.21113946900702
2.0 54.0 74.97031017682004
2.0 57.0 141.86859235108568
2.0 59.0 150.2965248408582
2.0 61.0 161.85535026346037
2.0 62.0 167.49104716294136
2.0 63.0 167.9512700370297
2.0 65.0 54.349272743646026
2.0 66.0 61.02358997728304
2.0 67.0 66.78319977343287
2.0 68.0 73.38138281081203
2.0 69.0 79.20313708620833
2.0 70.0 65.5908155847102
2.0 73.0 92.13583545152308
2.0 74.0 97.2101055985946
2.0 75.0 97.72381494937875
2.0 76.0 116.48800880194833
2.0 78.0 121.75492847648958
2.0 79.0 126.70191542267403
2.0 80.0 118.04853374992405
2.0 81.0 118.900535863063
2.0 82.0 66.96902187158105
2.0 83.0 63.09275047548374
2.0 84.0 97.00729424576085
2.0 86.0 104.38743091494095
2.0 87.0 102.33972769427058
2.0 88.0 142.8685923529618
2.0 89.0 143.97579344110437
2.0 90.0 119.17599531388771
2.0 91.0 122.05046155712054
2.0 92.0 67.94480560252835
2.0 94.0 71.8332365179006
2.0 95.0 80.21014049255672
2.0 96.0 81.529889819066
2.0 97.0 85.6361779107882
2.0 98.0 178.2438689481862
2.0 100.0 82.16015827222631
2.0 101.0 59.383587087704456
2.0 102.0 59.42100252344943
2.0 104.0 71.34598155474202
2.0 105.0 70.91119551131408
2.0 107.0 123.59847280883042
2.0 109.0 188.01749649420077
2.0 110.0 188.1312428024341
2.0 111.0 191.00169469953715
2.0 112.0 78.21507485372244
3.0 4.0 13.522972758235863
3.0 5.0 7.060942304290578
3.0 6.0 14.261918085378525
3.0 11.0 34.07603258138054
3.0 13.0 41.59413407071981
3.0 16.0 57.04760174762212
3.0 18.0 20.533381150433772
3.0 20.0 27.8978808477907
3.0 21.0 35.46179750090545
3.0 23.0 43.7218486085911
3.0 24.0 49.100544510928756
3.0 26.0 65.45676658605637
3.0 27.0 73.49424607243469
3.0 29.0 87.80959789066515
3.0 30.0 88.28589236309443
3.0 31.0 96.65167701987177
3.0 36.0 121.02749433708269
3.0 39.0 137.48526283323213
3.0 40.0 134.3015983473549
3.0 42.0 34.281625462534734
3.0 43.0 42.12130059144944
3.0 44.0 40.11324186332232
3.0 46.0 53.39173292344871
3.0 47.0 52.80258457356
3.0 48.0 59.60082695464952
3.0 49.0 39.84528144488514
3.0 50.0 45.81103012578543
3.0 51.0 45.317865531878724
3.0 52.0 51.043698860299585
3.0 53.0 59.53412503646476
3.0 54.0 68.29329574445123
3.0 57.0 148.54560678431875
3.0 59.0 156.97353927158056
3.0 61.0 168.53236469704223
3.0 62.0 174.16806158723028
3.0 63.0 174.62828447527625
3.0 65.0 47.67225831127265
3.0 66.0 54.346575544980446
3.0 67.0 60.10618534118724
3.0 68.0 66.70436837874621
3.0 69.0 72.5261226538078
3.0 70.0 58.91380115221095
3.0 73.0 98.81284988427674
3.0 74.0 103.88712003170781
3.0 75.0 104.40082938120855
3.0 76.0 123.16502323633134
3.0 78.0 128.43194290809373
3.0 79.0 133.3789298549758
3.0 80.0 124.7255481738338
3.0 81.0 125.57755029380971
3.0 82.0 60.29200744043215
3.0 83.0 56.41573604123962
3.0 84.0 103.68430867792902
3.0 86.0 111.06444534783975
3.0 87.0 109.01674212699547
3.0 88.0 149.5456067839557
3.0 89.0 150.6528078756784
3.0 90.0 125.85300974465679
3.0 91.0 128.72747598945983
3.0 92.0 61.267791168327534
3.0 94.0 65.15622208452457
3.0 95.0 73.53312606443298
3.0 96.0 74.8528753893536
3.0 97.0 78.95916347956737
3.0 98.0 184.92088338404454
3.0 100.0 75.4831438394873
3.0 101.0 52.70657265508704
3.0 102.0 52.74398809111939
3.0 104.0 64.66896712226969
3.0 105.0 64.23418107869182
3.0 107.0 130.27548724332917
3.0 109.0 194.69451092215357
3.0 110.0 194.8082572237396
3.0 111.0 197.67870911683943
3.0 112.0 71.53806042097656
4.0 5.0 20.583915061878088
4.0 6.0 27.7848908431114
4.0 11.0 47.59900533874478
4.0 13.0 55.1171068287017
4.0 16.0 70.57057450783972
4.0 18.0 7.010408393131315
4.0 20.0 14.374908089785176
4.0 21.0 21.93882474297552
4.0 23.0 30.198875850855195
4.0 24.0 35.57757175327848
4.0 26.0 51.93379382867056
4.0 27.0 59.971273314707695
4.0 29.0 74.28662513257933
4.0 30.0 74.76291960546172
4.0 31.0 83.12870426237558
4.0 36.0 107.50452158324867
4.0 39.0 123.96229007461042
4.0 40.0 120.77862558997941
4.0 42.0 47.804598220196766
4.0 43.0 55.64427334927477
4.0 44.0 53.636214621322964
4.0 46.0 66.91470568124318
4.0 47.0 66.3255573317502
4.0 48.0 73.12379971282404
4.0 49.0 53.36825420271228
4.0 50.0 59.33400288394043
4.0 51.0 58.84083828946553
4.0 52.0 64.56667161754407
4.0 53.0 73.05709779368338
4.0 54.0 81.81626850221033
4.0 57.0 135.02263402577262
4.0 59.0 143.4505665171343
4.0 61.0 155.00939194230241
4.0 62.0 160.64508883971678
4.0 63.0 161.10531171074848
4.0 65.0 61.19523106856398
4.0 66.0 67.86954830313009
4.0 67.0 73.62915809846066
4.0 68.0 80.22734113588439
4.0 69.0 86.04909541154692
4.0 70.0 72.43677391018893
4.0 73.0 85.28987712672506
4.0 74.0 90.36414727355216
4.0 75.0 90.87785662423576
4.0 76.0 109.6420504753676
4.0 78.0 114.90897014838279
4.0 79.0 119.8559570974913
4.0 80.0 111.20257542381106
4.0 81.0 112.05457753248955
4.0 82.0 73.81498019596953
4.0 83.0 69.93870880091958
4.0 84.0 90.16133592047254
4.0 86.0 97.54147259037984
4.0 87.0 95.493769369061
4.0 88.0 136.02263402588486
4.0 89.0 137.1298351166635
4.0 90.0 112.33003699151459
4.0 91.0 115.20450323028994
4.0 92.0 74.79076392665252
4.0 94.0 78.67919484480606
4.0 95.0 87.05609881971621
4.0 96.0 88.37584814457114
4.0 97.0 92.48213624108658
4.0 98.0 171.3979106255633
4.0 100.0 89.00611659725578
4.0 101.0 66.22954541269107
4.0 102.0 66.26696084870625
4.0 104.0 78.19193988022587
4.0 105.0 77.75715383656053
4.0 107.0 116.75251448857396
4.0 109.0 181.17153816394733
4.0 110.0 181.28528447351584
4.0 111.0 184.15573637108224
4.0 112.0 85.06103317905746
5.0 6.0 7.200975781274012
5.0 11.0 27.015090276990513
5.0 13.0 34.53319176713433
5.0 16.0 49.98665944649905
5.0 18.0 27.59432345442141
5.0 20.0 34.95882315167567
5.0 21.0 42.52273980509019
5.0 23.0 50.7827909126063
5.0 24.0 56.16148681528311
5.0 26.0 72.51770889037797
5.0 27.0 80.55518837694687
5.0 29.0 94.87054019459268
5.0 30.0 95.34683466778122
5.0 31.0 103.71261932384898
5.0 36.0 128.08843664323933
5.0 39.0 144.54620513763814
5.0 40.0 141.3625406503706
5.0 42.0 27.22068315800251
5.0 43.0 35.0603582875791
5.0 44.0 33.05229955925189
5.0 46.0 46.33079061891646
5.0 47.0 45.74164226939858
5.0 48.0 52.539884650357195
5.0 49.0 32.78433914084557
5.0 50.0 38.75008782190032
5.0 51.0 38.2569232279661
5.0 52.0 43.982756556091395
5.0 53.0 52.47318273199563
5.0 54.0 61.232353440393375
5.0 57.0 155.60654908808613
5.0 59.0 164.03448157811303
5.0 61.0 175.5933070030004
5.0 62.0 181.2290038957309
5.0 63.0 181.6892267747258
5.0 65.0 40.61131600708235
5.0 66.0 47.28563324074699
5.0 67.0 53.04524303681993
5.0 68.0 59.64342607439882
5.0 69.0 65.46518034948778
5.0 70.0 51.85285884784902
5.0 73.0 105.87379218875628
5.0 74.0 110.94806233539194
5.0 75.0 111.46177168548093
5.0 76.0 130.22596553992778
5.0 78.0 135.49288520612305
5.0 79.0 140.43987215846087
5.0 80.0 131.7864904859033
5.0 81.0 132.63849259747377
5.0 82.0 53.231065134499175
5.0 83.0 49.3547937406162
5.0 84.0 110.74525098180573
5.0 86.0 118.12538765213529
5.0 87.0 116.07768443089203
5.0 88.0 156.60654908855327
5.0 89.0 157.7137501779668
5.0 90.0 132.91395204796115
5.0 91.0 135.78841829461166
5.0 92.0 54.206848864003874
5.0 94.0 58.09527978151622
5.0 95.0 66.47218375805717
5.0 96.0 67.79193308035002
5.0 97.0 71.89822117385
5.0 98.0 191.98182567664813
5.0 100.0 68.422201535249
5.0 101.0 45.64563035056277
5.0 102.0 45.68304578696889
5.0 104.0 57.60802481811803
5.0 105.0 57.1732387745794
5.0 107.0 137.33642955002415
5.0 109.0 201.75545323954952
5.0 110.0 201.86919952533168
5.0 111.0 204.73965142883128
5.0 112.0 64.4771181164633
6.0 11.0 19.81411449577422
6.0 13.0 27.332215985371313
6.0 16.0 42.785683664190564
6.0 18.0 34.795299236521565
6.0 20.0 42.15979893309073
6.0 21.0 49.72371558661612
6.0 23.0 57.98376669402939
6.0 24.0 63.36246259635681
6.0 26.0 79.71868467145228
6.0 27.0 87.75616415788545
6.0 29.0 102.07151597640363
6.0 30.0 102.54781044842846
6.0 31.0 110.9135951041685
6.0 36.0 135.2894124251007
6.0 39.0 151.74718091915315
6.0 40.0 148.56351643256025
6.0 42.0 20.019707376724803
6.0 43.0 27.859382506323133
6.0 44.0 25.85132377781305
6.0 46.0 39.12981483766704
6.0 47.0 38.54066648769357
6.0 48.0 45.33890886977148
6.0 49.0 25.583363359709086
6.0 50.0 31.549112040290943
6.0 51.0 31.055947446702508
6.0 52.0 36.781780774775086
6.0 53.0 45.27220695075977
6.0 54.0 54.0313776590247
6.0 57.0 162.80752486984258
6.0 59.0 171.23545735636128
6.0 61.0 182.79428278370477
6.0 62.0 188.4299796631649
6.0 63.0 188.8902025557442
6.0 65.0 33.410340225751874
6.0 66.0 40.084657459914645
6.0 67.0 45.84426725542166
6.0 68.0 52.442450293179306
6.0 69.0 58.26420456922612
6.0 70.0 44.65188306681671
6.0 73.0 113.07476796881015
6.0 74.0 118.14903811661861
6.0 75.0 118.66274746630887
6.0 76.0 137.42694132376457
6.0 78.0 142.69386098831546
6.0 79.0 147.6408479357611
6.0 80.0 138.98746627174225
6.0 81.0 139.83946837898054
6.0 82.0 46.030089352363454
6.0 83.0 42.15381795584205
6.0 84.0 117.94622676405243
6.0 86.0 125.3263634329653
6.0 87.0 123.27866021209397
6.0 88.0 163.80752486742801
6.0 89.0 164.91472596213373
6.0 90.0 140.11492783309063
6.0 91.0 142.98939407565783
6.0 92.0 47.00587308474438
6.0 94.0 50.89430400201783
6.0 95.0 59.271207978871836
6.0 96.0 60.59095730154796
6.0 97.0 64.69724539231146
6.0 98.0 199.18280146541906
6.0 100.0 61.22122575410948
6.0 101.0 38.44465456934634
6.0 102.0 38.48207000566256
6.0 104.0 50.40704903717457
6.0 105.0 49.97226299349026
6.0 107.0 144.53740533219218
6.0 109.0 208.95642900255487
6.0 110.0 209.07017531611737
6.0 111.0 211.9406272030525
6.0 112.0 57.27614233592043
11.0 13.0 15.82380112758797
11.0 16.0 31.27726880667216
11.0 18.0 54.60941373209141
11.0 20.0 61.97391342891103
11.0 21.0 69.53783008229618
11.0 23.0 77.79788118993946
11.0 24.0 83.17657709194228
11.0 26.0 99.53279916738845
11.0 27.0 107.57027865304234
11.0 29.0 121.8856304721149
11.0 30.0 122.3619249436162
11.0 31.0 130.72770960140127
11.0 36.0 155.1035269234535
11.0 39.0 171.56129541355642
11.0 40.0 168.37763093024165
11.0 42.0 24.60700909491616
11.0 43.0 32.44668422426716
11.0 44.0 30.43862549604505
11.0 46.0 43.71711655582099
11.0 47.0 43.12796820663944
11.0 48.0 49.92621058742016
11.0 49.0 30.170665077259635
11.0 50.0 36.13641375820234
11.0 51.0 35.64324916379928
11.0 52.0 41.36908249288459
11.0 53.0 49.85950866957134
11.0 54.0 58.618679377487716
11.0 57.0 182.62163936428988
11.0 59.0 191.04957185573736
11.0 61.0 202.60839727736533
11.0 62.0 208.24409417646865
11.0 63.0 208.70431705138765
11.0 65.0 37.99764194376927
11.0 66.0 44.67195917749303
11.0 67.0 50.43156897376828
11.0 68.0 57.02975201053681
11.0 69.0 62.85150628680413
11.0 70.0 49.23918478494578
11.0 73.0 132.88888246563175
11.0 74.0 137.96315261208895
11.0 75.0 138.47686196232058
11.0 76.0 157.24105580727053
11.0 78.0 162.5079754866652
11.0 79.0 167.454962436501
11.0 80.0 158.80158075475742
11.0 81.0 159.65358287854374
11.0 82.0 34.52167449479021
11.0 83.0 30.645403096586662
11.0 84.0 137.76034125898178
11.0 86.0 145.1404779288792
11.0 87.0 143.0927747074777
11.0 88.0 183.62163936347685
11.0 89.0 184.72884045138625
11.0 90.0 159.9290423291828
11.0 91.0 162.80350856829696
11.0 92.0 35.49745822659055
11.0 94.0 39.38588914258916
11.0 95.0 47.76279311851171
11.0 96.0 49.08254244324443
11.0 97.0 53.18883053755817
11.0 98.0 218.99691593082463
11.0 100.0 65.80852747195846
11.0 101.0 43.031956288063945
11.0 102.0 43.06937172345199
11.0 104.0 54.99435075554776
11.0 105.0 54.55956471202654
11.0 107.0 164.35151982854518
11.0 109.0 228.77054349664166
11.0 110.0 228.88428982096653
11.0 111.0 231.75474171560018
11.0 112.0 61.86344405402638
13.0 16.0 21.156578767426346
13.0 18.0 62.127515220813066
13.0 20.0 69.49201491763262
13.0 21.0 77.05593157113131
13.0 23.0 85.31598267848858
13.0 24.0 90.69467858079477
13.0 26.0 107.0509006558166
13.0 27.0 115.08838014234726
13.0 29.0 129.4037319609495
13.0 30.0 129.88002643284068
13.0 31.0 138.24581109056678
13.0 36.0 162.62162840928448
13.0 39.0 179.0793969029681
13.0 40.0 175.8957324166442
13.0 42.0 32.125110584176184
13.0 43.0 39.96478571398107
13.0 44.0 37.95672698580306
13.0 46.0 51.23521804412832
13.0 47.0 50.64606969630306
13.0 48.0 57.44431207574965
13.0 49.0 37.68876656454569
13.0 50.0 43.65451524634649
13.0 51.0 43.16135065270879
13.0 52.0 48.88718398137743
13.0 53.0 57.37761015720035
13.0 54.0 66.13678086491896
13.0 57.0 190.13974085421677
13.0 59.0 198.56767334299067
13.0 61.0 210.12649876820814
13.0 62.0 215.7621956660742
13.0 63.0 216.22241853698182
13.0 65.0 45.5157434328987
13.0 66.0 52.19006066639159
13.0 67.0 57.949670461319215
13.0 68.0 64.54785350012925
13.0 69.0 70.36960777420126
13.0 70.0 56.757286273900846
13.0 73.0 140.4069839539958
13.0 74.0 145.48125410072913
13.0 75.0 145.99496345183766
13.0 76.0 164.75915730674853
13.0 78.0 170.02607697709396
13.0 79.0 174.97306392673016
13.0 80.0 166.31968225419757
13.0 81.0 167.1716843688107
13.0 82.0 24.40098445582551
13.0 83.0 20.524713060239065
13.0 84.0 145.27844274785164
13.0 86.0 152.65857941911977
13.0 87.0 150.61087619750077
13.0 88.0 191.13974085430044
13.0 89.0 192.2469419446228
13.0 90.0 167.44714381784922
13.0 91.0 170.32161006101967
13.0 92.0 25.37676818638927
13.0 94.0 29.265199103082768
13.0 95.0 37.642103079913404
13.0 96.0 38.961852404047846
13.0 97.0 43.068140497177176
13.0 98.0 226.51501744438752
13.0 100.0 73.32662896052942
13.0 101.0 50.55005777583962
13.0 102.0 50.58747321130344
13.0 104.0 62.51245224281985
13.0 105.0 62.07766619985969
13.0 107.0 171.86962131556194
13.0 109.0 236.28864498629514
13.0 110.0 236.4023912915515
13.0 111.0 239.27284318849397
13.0 112.0 69.38154554055966
16.0 18.0 77.58098290023717
16.0 20.0 84.94548259755278
16.0 21.0 92.50939924988053
16.0 23.0 100.76945035739425
16.0 24.0 106.14814625989021
16.0 26.0 122.50436833497051
16.0 27.0 130.54184782097357
16.0 29.0 144.85719963921446
16.0 30.0 145.33349411150954
16.0 31.0 153.69927876953815
16.0 36.0 178.0750960887359
16.0 39.0 194.5328645826791
16.0 40.0 191.349200095338
16.0 42.0 47.57857826280503
16.0 43.0 55.41825339331781
16.0 44.0 53.41019466368351
16.0 46.0 66.68868572529897
16.0 47.0 66.09953737354138
16.0 48.0 72.89777975636031
16.0 49.0 53.142234244492585
16.0 50.0 59.10798292542907
16.0 51.0 58.614818330629866
16.0 52.0 64.34065165790264
16.0 53.0 72.83107783302559
16.0 54.0 81.59024854435177
16.0 57.0 205.5932085328737
16.0 59.0 214.02114102139834
16.0 61.0 225.57996644539472
16.0 62.0 231.2156633438133
16.0 63.0 231.6758862175489
16.0 65.0 60.96921110983579
16.0 66.0 67.64352834501426
16.0 67.0 73.40313814197901
16.0 68.0 80.0013211789387
16.0 69.0 85.82307545266443
16.0 70.0 72.21075395485542
16.0 73.0 155.86045163304152
16.0 74.0 160.9347217793877
16.0 75.0 161.4484311300912
16.0 76.0 180.21262498345826
16.0 78.0 185.4795446575415
16.0 79.0 190.42653160426585
16.0 80.0 181.7731499336021
16.0 81.0 182.62515204501875
16.0 82.0 22.657897185717452
16.0 83.0 18.78162578994556
16.0 84.0 160.73191042653815
16.0 86.0 168.11204709796377
16.0 87.0 166.06434387616832
16.0 88.0 206.59320853230895
16.0 89.0 207.70040962345
16.0 90.0 182.90061149527594
16.0 91.0 185.7750777394992
16.0 92.0 23.633680916134182
16.0 94.0 14.045670741303766
16.0 95.0 22.422574715680792
16.0 96.0 23.742324041744734
16.0 97.0 27.84861213449744
16.0 98.0 241.9684851211544
16.0 100.0 88.7800966398038
16.0 101.0 66.00352545148372
16.0 102.0 66.04094089232632
16.0 104.0 77.96591992278803
16.0 105.0 77.53113387791703
16.0 107.0 187.32308899714755
16.0 109.0 251.7421126794094
16.0 110.0 251.8558589745622
16.0 111.0 254.7263108731598
16.0 112.0 84.83501322119719
18.0 20.0 7.364499696951381
18.0 21.0 14.928416350325787
18.0 23.0 23.18846745785526
18.0 24.0 28.567163360350218
18.0 26.0 44.92338543580274
18.0 27.0 52.96086492232945
18.0 29.0 67.27621674032918
18.0 30.0 67.7525112130013
18.0 31.0 76.11829587085768
18.0 36.0 100.49411318840913
18.0 39.0 116.9518816822582
18.0 40.0 113.7682171974665
18.0 42.0 54.81500661303431
18.0 43.0 62.654681742733956
18.0 44.0 60.64662301449941
18.0 46.0 73.92511407393194
18.0 47.0 73.33596572403283
18.0 48.0 80.1342081054242
18.0 49.0 60.378662595450706
18.0 50.0 66.34441127652985
18.0 51.0 65.85124668203383
18.0 52.0 71.57708001017124
18.0 53.0 80.06750618601458
18.0 54.0 88.82667689508821
18.0 57.0 128.01222563281482
18.0 59.0 136.44015812159356
18.0 61.0 147.9989835472723
18.0 62.0 153.6346804491119
18.0 63.0 154.09490331469235
18.0 65.0 68.20563946176091
18.0 66.0 74.8799566956145
18.0 67.0 80.63956649126256
18.0 68.0 87.23774952912211
18.0 69.0 93.05950380538947
18.0 70.0 79.44718230282172
18.0 73.0 78.27946873380249
18.0 74.0 83.35373888106685
18.0 75.0 83.86744823046922
18.0 76.0 102.63164208303371
18.0 78.0 107.8985617577587
18.0 79.0 112.84554870451345
18.0 80.0 104.19216702745808
18.0 81.0 105.04416914892661
18.0 82.0 80.82538858899349
18.0 83.0 76.94911719268258
18.0 84.0 83.15092752751617
18.0 86.0 90.53106419480312
18.0 87.0 88.48336097558312
18.0 88.0 129.01222563351203
18.0 89.0 130.11942672474697
18.0 90.0 105.31962859729548
18.0 91.0 108.19409484062501
18.0 92.0 81.80117231977847
18.0 94.0 85.6896032346669
18.0 95.0 94.0665072157237
18.0 96.0 95.38625653991704
18.0 97.0 99.49254463215553
18.0 98.0 164.38750221429086
18.0 100.0 96.01652498961451
18.0 101.0 73.23995380567823
18.0 102.0 73.2773692420225
18.0 104.0 85.20234827270968
18.0 105.0 84.7675622297531
18.0 107.0 109.74210610104234
18.0 109.0 174.16112978595874
18.0 110.0 174.27487608228788
18.0 111.0 177.14532798052235
18.0 112.0 92.07144157144003
20.0 21.0 7.563916653353394
20.0 23.0 15.823967760989687
20.0 24.0 21.202663663457567
20.0 26.0 37.558885738819825
20.0 27.0 45.59636522543242
20.0 29.0 59.91171704313187
20.0 30.0 60.38801151621808
20.0 31.0 68.75379617373122
20.0 36.0 93.12961349213828
20.0 39.0 109.58738198662986
20.0 40.0 106.40371750041179
20.0 42.0 62.179506309723024
20.0 43.0 70.019181439071
20.0 44.0 68.01112271127477
20.0 46.0 81.28961377045718
20.0 47.0 80.70046542097462
20.0 48.0 87.49870780206064
20.0 49.0 67.74316229263167
20.0 50.0 73.70891097371727
20.0 51.0 73.21574637975883
20.0 52.0 78.94157970777584
20.0 53.0 87.4320058838797
20.0 54.0 96.19117659241651
20.0 57.0 120.6477259378751
20.0 59.0 129.07565842600928
20.0 61.0 140.63448385102816
20.0 62.0 146.27018075273227
20.0 63.0 146.7304036209758
20.0 65.0 75.57013915886677
20.0 66.0 82.244456392316
20.0 67.0 88.0040661883602
20.0 68.0 94.60224922566144
20.0 69.0 100.42400350108983
20.0 70.0 86.81168199999235
20.0 73.0 70.91496903693339
20.0 74.0 75.98923918418205
20.0 75.0 76.50294853191974
20.0 76.0 95.26714238752945
20.0 78.0 100.53406205999869
20.0 79.0 105.48104900708915
20.0 80.0 96.82766733348342
20.0 81.0 97.67966944750977
20.0 82.0 88.18988828595943
20.0 83.0 84.31361689138255
20.0 84.0 75.78642783108965
20.0 86.0 83.16656449825481
20.0 87.0 81.11886127858574
20.0 88.0 121.64772593688582
20.0 89.0 122.7549270285713
20.0 90.0 97.95512890067604
20.0 91.0 100.82959514225661
20.0 92.0 89.16567201606796
20.0 94.0 93.05410293592934
20.0 95.0 101.43100690867402
20.0 96.0 102.75075623549009
20.0 97.0 106.85704433147376
20.0 98.0 157.02300252692893
20.0 100.0 103.38102468669707
20.0 101.0 80.60445350263052
20.0 102.0 80.64186893882486
20.0 104.0 92.56684796993531
20.0 105.0 92.1320619267241
20.0 107.0 102.37760640012135
20.0 109.0 166.7966300923145
20.0 110.0 166.91037638574477
20.0 111.0 169.7808282726379
20.0 112.0 99.43594126858974
21.0 23.0 8.260051107389124
21.0 24.0 13.638747009941241
21.0 26.0 29.99496908526302
21.0 27.0 38.032448571831104
21.0 29.0 52.347800389629334
21.0 30.0 52.82409486260555
21.0 31.0 61.1898795192267
21.0 36.0 85.56569683887365
21.0 39.0 102.0234653325974
21.0 40.0 98.83980084822016
21.0 42.0 69.74342296310084
21.0 43.0 77.5830980922297
21.0 44.0 75.5750393643749
21.0 46.0 88.85353042406334
21.0 47.0 88.26438207457986
21.0 48.0 95.06262445583657
21.0 49.0 75.3070789459543
21.0 50.0 81.27282762688495
21.0 51.0 80.77966303293249
21.0 52.0 86.50549636124076
21.0 53.0 94.99592253728416
21.0 54.0 103.75509324565621
21.0 57.0 113.08380928367691
21.0 59.0 121.51174177146383
21.0 61.0 133.07056719663262
21.0 62.0 138.70626409717775
21.0 63.0 139.16648696995105
21.0 65.0 83.1340558119357
21.0 66.0 89.8083730453936
21.0 67.0 95.56798284175929
21.0 68.0 102.1661658794474
21.0 69.0 107.98792015445062
21.0 70.0 94.3755986532653
21.0 73.0 63.35105238363808
21.0 74.0 68.42532253051547
21.0 75.0 68.93903187815704
21.0 76.0 87.70322573369377
21.0 78.0 92.9701454052001
21.0 79.0 97.91713235367271
21.0 80.0 89.2637506739178
21.0 81.0 90.11575279256917
21.0 82.0 95.7538049389852
21.0 83.0 91.87753354435492
21.0 84.0 68.22251117742864
21.0 86.0 75.60264784733131
21.0 87.0 73.5549446258149
21.0 88.0 114.08380928450428
21.0 89.0 115.19101037463577
21.0 90.0 90.39121224467995
21.0 91.0 93.26567848906606
21.0 92.0 96.72958867065886
21.0 94.0 100.61801958687879
21.0 95.0 108.99492356471406
21.0 96.0 110.31467289469484
21.0 97.0 114.42096098337313
21.0 98.0 149.45908588164997
21.0 100.0 110.94494134004377
21.0 101.0 88.16837015606595
21.0 102.0 88.20578559194088
21.0 104.0 100.1307646231988
21.0 105.0 99.69597858010897
21.0 107.0 94.81368973693657
21.0 109.0 159.2327134297512
21.0 110.0 159.34645972961073
21.0 111.0 162.21691163419072
21.0 112.0 106.99985792170945
23.0 24.0 5.378695902459633
23.0 26.0 21.734917977923534
23.0 27.0 29.772397464116228
23.0 29.0 44.08774928247108
23.0 30.0 44.564043755025565
23.0 31.0 52.92982841272639
23.0 36.0 77.30564573026102
23.0 39.0 93.76341422479142
23.0 40.0 90.5797497383207
23.0 42.0 78.00347407053087
23.0 43.0 85.84314920000782
23.0 44.0 83.83509047174496
23.0 46.0 97.11358153112232
23.0 47.0 96.52443318211046
23.0 48.0 103.32267556307761
23.0 49.0 83.56713005347865
23.0 50.0 89.53287873429088
23.0 51.0 89.03971414052523
23.0 52.0 94.76554746844856
23.0 53.0 103.25597364470198
23.0 54.0 112.01514435268663
23.0 57.0 104.82375817649393
23.0 59.0 113.25169066448643
23.0 61.0 124.81051608951331
23.0 62.0 130.44621298929934
23.0 63.0 130.90643585940373
23.0 65.0 91.39410691966899
23.0 66.0 98.06842415320492
23.0 67.0 103.82803394925384
23.0 68.0 110.4262169869676
23.0 69.0 116.247971261677
23.0 70.0 102.63564976079836
23.0 73.0 55.091001275795946
23.0 74.0 60.16527142286611
23.0 75.0 60.678980770963946
23.0 76.0 79.44317462614625
23.0 78.0 84.71009430175235
23.0 79.0 89.65708124607008
23.0 80.0 81.00369956875662
23.0 81.0 81.85570168471004
23.0 82.0 104.01385604598087
23.0 83.0 100.13758465060249
23.0 84.0 59.962460069880095
23.0 86.0 67.34259673998679
23.0 87.0 65.29489351887335
23.0 88.0 105.82375817606564
23.0 89.0 106.93095926708315
23.0 90.0 82.13116113921846
23.0 91.0 85.00562738319573
23.0 92.0 104.98963977725026
23.0 94.0 108.87807069349529
23.0 95.0 117.2549746695553
23.0 96.0 118.5747239945664
23.0 97.0 122.68101208741892
23.0 98.0 141.19903476654605
23.0 100.0 119.2049924476838
23.0 101.0 96.42842126348003
23.0 102.0 96.46583669941774
23.0 104.0 108.39081573067071
23.0 105.0 107.9560296872047
23.0 107.0 86.5536386378353
23.0 109.0 150.97266233049703
23.0 110.0 151.08640862157952
23.0 111.0 153.95686051934018
23.0 112.0 115.25990902922251
24.0 26.0 16.356222075451665
24.0 27.0 24.393701561828628
24.0 29.0 38.709053379991786
24.0 30.0 39.185347852564405
24.0 31.0 47.55113251038675
24.0 36.0 71.92694982908331
24.0 39.0 88.3847183210755
24.0 40.0 85.20105383630742
24.0 42.0 83.38216997292704
24.0 43.0 91.22184510208106
24.0 44.0 89.213786374258
24.0 46.0 102.4922774335028
24.0 47.0 101.90312908403028
24.0 48.0 108.70137146539216
24.0 49.0 88.94582595577768
24.0 50.0 94.91157463691636
24.0 51.0 94.41841004292922
24.0 52.0 100.14424337103759
24.0 53.0 108.6346695468846
24.0 54.0 117.3938402554254
24.0 57.0 99.44506227385857
24.0 59.0 107.87299476242623
24.0 61.0 119.431820188141
24.0 62.0 125.0675170855049
24.0 63.0 125.52773995338629
24.0 65.0 96.77280282191207
24.0 66.0 103.44712005517847
24.0 67.0 109.20672985158967
24.0 68.0 115.80491288898565
24.0 69.0 121.62666716366448
24.0 70.0 108.01434566320431
24.0 73.0 49.712305373531485
24.0 74.0 54.7865755181862
24.0 75.0 55.30028487095288
24.0 76.0 74.06447872424012
24.0 78.0 79.33139839658922
24.0 79.0 84.2783853434289
24.0 80.0 75.62500367180232
24.0 81.0 76.47700578306296
24.0 82.0 109.39255194786242
24.0 83.0 105.51628055245044
24.0 84.0 54.583764167629305
24.0 86.0 61.96390083750469
24.0 87.0 59.91619761675694
24.0 88.0 100.4450622734723
24.0 89.0 101.55226336459953
24.0 90.0 76.75246523686143
24.0 91.0 79.62693147754436
24.0 92.0 110.36833567830762
24.0 94.0 114.2567665951191
24.0 95.0 122.63367057194021
24.0 96.0 123.95341989653909
24.0 97.0 128.05970799015233
24.0 98.0 135.82033885862842
24.0 100.0 124.58368834983253
24.0 101.0 101.80711716585438
24.0 102.0 101.84453260194857
24.0 104.0 113.76951163280026
24.0 105.0 113.33472558981978
24.0 107.0 81.17494273767025
24.0 109.0 145.5939664212446
24.0 110.0 145.70771271811918
24.0 111.0 148.57816461052738
24.0 112.0 120.63860493159639
26.0 27.0 8.037479486491879
26.0 29.0 22.352831304698938
26.0 30.0 22.829125777143986
26.0 31.0 31.194910434879393
26.0 36.0 55.570727755724604
26.0 39.0 72.02849624773314
26.0 40.0 68.84483176019356
26.0 42.0 99.73839204779773
26.0 43.0 107.57806717721269
26.0 44.0 105.57000844946319
26.0 46.0 118.84849950896825
26.0 47.0 118.25935115943672
26.0 48.0 125.05759354053765
26.0 49.0 105.30204803081861
26.0 50.0 111.2677967114594
26.0 51.0 110.7746321183373
26.0 52.0 116.50046544620372
26.0 53.0 124.99089162237888
26.0 54.0 133.7500623304135
26.0 57.0 83.08884019898844
26.0 59.0 91.51677268794825
26.0 61.0 103.07559811060484
26.0 62.0 108.71129500994235
26.0 63.0 109.17151788833172
26.0 65.0 113.12902489676941
26.0 66.0 119.80334213082318
26.0 67.0 125.5629519272114
26.0 68.0 132.1611349645513
26.0 69.0 137.98288923936877
26.0 70.0 124.37056773807052
26.0 73.0 33.356083298333374
26.0 74.0 38.43035344574567
26.0 75.0 38.94406279588136
26.0 76.0 57.708256650225
26.0 78.0 62.97517632152558
26.0 79.0 67.922163272697
26.0 80.0 59.26878159545125
26.0 81.0 60.12078370982671
26.0 82.0 125.7487740232948
26.0 83.0 121.87250262786793
26.0 84.0 38.22754209225949
26.0 86.0 45.60767876116165
26.0 87.0 43.55997554151947
26.0 88.0 84.08884019675901
26.0 89.0 85.1960412889095
26.0 90.0 60.39624316243975
26.0 91.0 63.27070940450511
26.0 92.0 126.72455775373152
26.0 94.0 130.61298867146292
26.0 95.0 138.98989264747848
26.0 96.0 140.30964197102082
26.0 97.0 144.4159300659335
26.0 98.0 119.46411678972449
26.0 100.0 140.9399104256064
26.0 101.0 118.1633392408629
26.0 102.0 118.20075467694663
26.0 104.0 130.1257337082281
26.0 105.0 129.69094766504256
26.0 107.0 64.81872066522793
26.0 109.0 129.23774432936742
26.0 110.0 129.3514906381703
26.0 111.0 132.2219425286728
26.0 112.0 136.9948270067447
27.0 29.0 14.315351818921732
27.0 30.0 14.79164629086796
27.0 31.0 23.15743094698344
27.0 36.0 47.533248260064184
27.0 39.0 63.991016762350085
27.0 40.0 60.807352272781834
27.0 42.0 107.77587153407146
27.0 43.0 115.61554666332209
27.0 44.0 113.60748793490549
27.0 46.0 126.88597899486965
27.0 47.0 126.29683064484209
27.0 48.0 133.09507302613113
27.0 49.0 113.33952751733845
27.0 50.0 119.30527619718816
27.0 51.0 118.8121116039721
27.0 52.0 124.53794493233389
27.0 53.0 133.02837110779177
27.0 54.0 141.78754181649995
27.0 57.0 75.05136071489417
27.0 59.0 83.47929319920911
27.0 61.0 95.03811862619511
27.0 62.0 100.67381552447002
27.0 63.0 101.1340384032408
27.0 65.0 121.16650438305504
27.0 66.0 127.84082161646532
27.0 67.0 133.60043141236082
27.0 68.0 140.19861445012884
27.0 69.0 146.02036872594937
27.0 70.0 132.40804722452725
27.0 73.0 25.318603811636606
27.0 74.0 30.39287395909794
27.0 75.0 30.906583309465052
27.0 76.0 49.67077716046032
27.0 78.0 54.937696835162136
27.0 79.0 59.88468378398067
27.0 80.0 51.23130210715768
27.0 81.0 52.083304226253574
27.0 82.0 133.78625350964396
27.0 83.0 129.9099821141134
27.0 84.0 30.190062606142757
27.0 86.0 37.57019927537883
27.0 87.0 35.52249605415079
27.0 88.0 76.05136071375837
27.0 89.0 77.15856180329565
27.0 90.0 52.35876367436413
27.0 91.0 55.233229916958024
27.0 92.0 134.7620372405511
27.0 94.0 138.65046815778064
27.0 95.0 147.02737213376233
27.0 96.0 148.34712145750362
27.0 97.0 152.4534095519644
27.0 98.0 111.42663730320973
27.0 100.0 148.977389911704
27.0 101.0 126.20081872740629
27.0 102.0 126.23823416306206
27.0 104.0 138.1632131945806
27.0 105.0 137.72842715122755
27.0 107.0 56.781241173585386
27.0 109.0 121.20026485674691
27.0 110.0 121.3140111707366
27.0 111.0 124.18446304879248
27.0 112.0 145.03230649274582
29.0 30.0 17.300685863341165
29.0 31.0 8.842079130100753
29.0 36.0 33.21789644877721
29.0 39.0 49.67566494281047
29.0 40.0 46.492000456263185
29.0 42.0 122.09122335133532
29.0 43.0 129.93089847951578
29.0 44.0 127.92283975335457
29.0 46.0 141.20133081410475
29.0 47.0 140.61218246257476
29.0 48.0 147.4104248439415
29.0 49.0 127.6548793349964
29.0 50.0 133.62062801504678
29.0 51.0 133.12746342123705
29.0 52.0 138.85329674960718
29.0 53.0 147.34372292582873
29.0 54.0 156.10289363428024
29.0 57.0 60.73600889427037
29.0 59.0 69.16394138220986
29.0 61.0 80.72276680694104
29.0 62.0 86.35846370048642
29.0 63.0 86.8186865756828
29.0 65.0 135.48185620154834
29.0 66.0 142.15617343510425
29.0 67.0 147.9157832310885
29.0 68.0 154.51396626814375
29.0 69.0 160.33572054336557
29.0 70.0 146.72339904165142
29.0 73.0 27.827643383948647
29.0 74.0 32.90191353044939
29.0 75.0 33.415622881529856
29.0 76.0 35.35542534610384
29.0 78.0 40.62234501685817
29.0 79.0 45.56933196590536
29.0 80.0 36.91595029378158
29.0 81.0 37.76795240568066
29.0 82.0 148.1016053279886
29.0 83.0 144.2253339323302
29.0 84.0 32.69910217812388
29.0 86.0 40.07923884704825
29.0 87.0 38.03153562740226
29.0 88.0 61.73600889528376
29.0 89.0 62.84320998525902
29.0 90.0 38.043411856234236
29.0 91.0 40.91787809972142
29.0 92.0 149.0773890585656
29.0 94.0 152.96581997573344
29.0 95.0 161.34272395154582
29.0 96.0 162.66247327668648
29.0 97.0 166.76876137041654
29.0 98.0 97.11128548541834
29.0 100.0 163.29274172883476
29.0 101.0 140.51617054454474
29.0 102.0 140.55358598008772
29.0 104.0 152.47856501188164
29.0 105.0 152.04377896977513
29.0 107.0 42.46588935663627
29.0 109.0 106.88491302741652
29.0 110.0 106.99865931354594
29.0 111.0 109.86911122797974
29.0 112.0 159.34765831142064
30.0 31.0 26.142764992621096
30.0 36.0 50.51858231247823
30.0 39.0 66.97635080489093
30.0 40.0 63.792686321456685
30.0 42.0 122.56751782452656
30.0 43.0 130.4071929542229
30.0 44.0 128.3991342261382
30.0 46.0 141.67762528609956
30.0 47.0 141.0884769367912
30.0 48.0 147.88671931670638
30.0 49.0 128.13117380796353
30.0 50.0 134.0969224897002
30.0 51.0 133.6037578952217
30.0 52.0 139.3295912233121
30.0 53.0 147.82001739901688
30.0 54.0 156.57918810801317
30.0 57.0 78.03669476090047
30.0 59.0 86.46462724713825
30.0 61.0 98.02345267135063
30.0 62.0 103.65914956916589
30.0 63.0 104.11937244064417
30.0 65.0 135.95815067396902
30.0 66.0 142.63246790720285
30.0 67.0 148.39207770460956
30.0 68.0 154.9902607397824
30.0 69.0 160.81201501684592
30.0 70.0 147.19969351515755
30.0 73.0 10.52695752101208
30.0 74.0 15.601227667993161
30.0 75.0 16.114937018383966
30.0 76.0 52.65611120863849
30.0 78.0 57.92303087953715
30.0 79.0 62.870017827640766
30.0 80.0 54.21663615607073
30.0 81.0 55.06863827104202
30.0 82.0 148.5778998003295
30.0 83.0 144.70162840537685
30.0 84.0 15.398416314803388
30.0 86.0 22.778552984686414
30.0 87.0 20.730849764090703
30.0 88.0 79.03669476007616
30.0 89.0 80.14389584896014
30.0 90.0 55.34409771786159
30.0 91.0 58.21856396038352
30.0 92.0 149.55368353126812
30.0 94.0 153.44211444819382
30.0 95.0 161.81901842407683
30.0 96.0 163.1387677475156
30.0 97.0 167.24505584203686
30.0 98.0 114.41197134719181
30.0 100.0 163.76903620339647
30.0 101.0 140.99246501771216
30.0 102.0 141.02988045496735
30.0 104.0 152.95485948742598
30.0 105.0 152.52007344152503
30.0 107.0 59.76657521831367
30.0 109.0 124.1855988947709
30.0 110.0 124.29934519910623
30.0 111.0 127.16979709753642
30.0 112.0 159.82395278374244
31.0 36.0 24.375817319057806
31.0 39.0 40.83358581302376
31.0 40.0 37.64992132651366
31.0 42.0 130.93330248193573
31.0 43.0 138.77297760883215
31.0 44.0 136.76491888203606
31.0 46.0 150.04340994264209
31.0 47.0 149.4542615922044
31.0 48.0 156.25250397486616
31.0 49.0 136.49695846533695
31.0 50.0 142.46270714335532
31.0 51.0 141.9695425509033
31.0 52.0 147.69537588010107
31.0 53.0 156.18580205499268
31.0 54.0 164.94497276405076
31.0 57.0 51.89392976413792
31.0 59.0 60.32186225240505
31.0 61.0 71.88068768040557
31.0 62.0 77.51638457581318
31.0 63.0 77.97660743572247
31.0 65.0 144.32393533115578
31.0 66.0 150.99825256348552
31.0 67.0 156.75786236014523
31.0 68.0 163.35604539754036
31.0 69.0 169.17779967117661
31.0 70.0 155.56547817067298
31.0 73.0 36.66972251331936
31.0 74.0 41.743992660502485
31.0 75.0 42.25770201343647
31.0 76.0 26.513346215064704
31.0 78.0 31.78026588664287
31.0 79.0 36.72725283600733
31.0 80.0 28.073871161407535
31.0 81.0 28.925873279417033
31.0 82.0 156.94368445807723
31.0 83.0 153.0674130627188
31.0 84.0 41.541181308192655
31.0 86.0 48.92131797833013
31.0 87.0 46.8736147565213
31.0 88.0 52.89392976398829
31.0 89.0 54.00113085459668
31.0 90.0 29.20133272653193
31.0 91.0 32.07579896931426
31.0 92.0 157.9194681886205
31.0 94.0 161.80789910540398
31.0 95.0 170.18480308239916
31.0 96.0 171.50455240711966
31.0 97.0 175.61084049958424
31.0 98.0 88.26920635624641
31.0 100.0 172.13482085892505
31.0 101.0 149.35824967473502
31.0 102.0 149.39566511020536
31.0 104.0 161.32064414183935
31.0 105.0 160.88585809826168
31.0 107.0 33.623810224113036
31.0 109.0 98.04283389551293
31.0 110.0 98.15658024078282
31.0 111.0 101.02703209212092
31.0 112.0 168.18973744015258
36.0 39.0 16.457768494062844
36.0 40.0 13.274104007710381
36.0 42.0 155.3091198004738
36.0 43.0 163.1487949299139
36.0 44.0 161.14073620328313
36.0 46.0 174.41922726317335
36.0 47.0 173.8300789112867
36.0 48.0 180.62832129139355
36.0 49.0 160.8727757839306
36.0 50.0 166.83852446832583
36.0 51.0 166.3453598693595
36.0 52.0 172.0711931997015
36.0 53.0 180.56161937350527
36.0 54.0 189.32079008394004
36.0 57.0 27.518112444963645
36.0 59.0 35.946044932963915
36.0 61.0 47.50487035607713
36.0 62.0 53.14056725116306
36.0 63.0 53.60079013302293
36.0 65.0 168.69975265118038
36.0 66.0 175.37406988205112
36.0 67.0 181.13367968116154
36.0 68.0 187.73186271346913
36.0 69.0 193.55361699157734
36.0 70.0 179.9412954897392
36.0 73.0 61.04553983172858
36.0 74.0 66.11980998040157
36.0 75.0 66.63351932854621
36.0 76.0 33.682430610258315
36.0 78.0 38.94935028200896
36.0 79.0 43.8963372305259
36.0 80.0 35.242955557814724
36.0 81.0 36.09495767251187
36.0 82.0 181.31950177595598
36.0 83.0 177.44323038070354
36.0 84.0 65.91699862736436
36.0 86.0 73.2971352978538
36.0 87.0 71.24943207241385
36.0 88.0 28.518112445046683
36.0 89.0 29.625313535247667
36.0 90.0 20.205318266877377
36.0 91.0 23.07978450985949
36.0 92.0 182.2952855080597
36.0 94.0 186.18371642454395
36.0 95.0 194.56062040143752
36.0 96.0 195.8803697260205
36.0 97.0 199.9866578191851
36.0 98.0 63.89338901268157
36.0 100.0 196.51063817741752
36.0 101.0 173.73406699129038
36.0 102.0 173.77148243220392
36.0 104.0 185.69646146049416
36.0 105.0 185.2616754163384
36.0 107.0 40.79289462029007
36.0 109.0 73.6670165930013
36.0 110.0 73.78076289765917
36.0 111.0 76.65121476788465
36.0 112.0 192.56555475872455
39.0 40.0 16.81633551431732
39.0 42.0 171.76688829331982
39.0 43.0 179.60656342461877
39.0 44.0 177.59850469819855
39.0 46.0 190.8769957546843
39.0 47.0 190.28784740702815
39.0 48.0 197.08608978541312
39.0 49.0 177.33054427704747
39.0 50.0 183.29629295990418
39.0 51.0 182.80312836402044
39.0 52.0 188.52896169699056
39.0 53.0 197.0193878704206
39.0 54.0 205.77855857797152
39.0 57.0 31.06034395145027
39.0 59.0 39.48827643874664
39.0 61.0 51.047101867992026
39.0 62.0 56.6827987650052
39.0 63.0 57.143021655316176
39.0 65.0 185.15752114191156
39.0 66.0 191.83183837703126
39.0 67.0 197.59144817651662
39.0 68.0 204.1896312103405
39.0 69.0 210.0113854860091
39.0 70.0 196.3990639848177
39.0 73.0 77.50330832748958
39.0 74.0 82.57757847049885
39.0 75.0 83.09128782203626
39.0 76.0 50.14019910415212
39.0 78.0 55.40711877587111
39.0 79.0 60.35410572456732
39.0 80.0 51.70072405121006
39.0 81.0 52.552726166480475
39.0 82.0 197.77727027049195
39.0 83.0 193.90099887556107
39.0 84.0 82.37476712172838
39.0 86.0 89.75490378843068
39.0 87.0 87.70720057096725
39.0 88.0 32.0603439518198
39.0 89.0 33.167545041417966
39.0 90.0 36.66308676130485
39.0 91.0 39.537553003895
39.0 92.0 198.75305400130827
39.0 94.0 202.64148491863938
39.0 95.0 211.01838889505837
39.0 96.0 212.3381382187544
39.0 97.0 216.4444263134044
39.0 98.0 67.43562054897966
39.0 100.0 212.96840666941557
39.0 101.0 190.19183548552706
39.0 102.0 190.2292509232428
39.0 104.0 202.15422995396028
39.0 105.0 201.71944391097287
39.0 107.0 57.250663114628466
39.0 109.0 77.20924807431413
39.0 110.0 77.32299438908981
39.0 111.0 80.19344630598464
39.0 112.0 209.02332325485827
40.0 42.0 168.58322380800354
40.0 43.0 176.42289893735796
40.0 44.0 174.41484020859684
40.0 46.0 187.69333126865916
40.0 47.0 187.1041829193295
40.0 48.0 193.90242529978673
40.0 49.0 174.1468797909314
40.0 50.0 180.1126284719361
40.0 51.0 179.61946387773466
40.0 52.0 185.34529720609623
40.0 53.0 193.8357233822432
40.0 54.0 202.59489409077747
40.0 57.0 14.244008437804277
40.0 59.0 22.671940926003046
40.0 61.0 34.23076634932879
40.0 62.0 39.86646325010144
40.0 63.0 40.326686114061445
40.0 65.0 181.97385665645427
40.0 66.0 188.6481738914904
40.0 67.0 194.40778368664576
40.0 68.0 201.00596672403236
40.0 69.0 206.82772099964814
40.0 70.0 193.21539949809727
40.0 73.0 74.31964384209677
40.0 74.0 79.39391399464768
40.0 75.0 79.90762334350013
40.0 76.0 46.9565346178662
40.0 78.0 52.223454289291574
40.0 79.0 57.17044123770904
40.0 80.0 48.51705956515569
40.0 81.0 49.369061678563995
40.0 82.0 194.59360578460328
40.0 83.0 190.71733438860167
40.0 84.0 79.19110263316674
40.0 86.0 86.5712393081177
40.0 87.0 84.52353607767874
40.0 88.0 15.244008438156406
40.0 89.0 16.35120952768142
40.0 90.0 33.479422274383495
40.0 91.0 36.35388851733452
40.0 92.0 195.56938951524148
40.0 94.0 199.45782043276833
40.0 95.0 207.83472440882107
40.0 96.0 209.15447373302487
40.0 97.0 213.2607618263528
40.0 98.0 50.61928502326027
40.0 100.0 209.78474218533896
40.0 101.0 187.00817100079746
40.0 102.0 187.04558643694668
40.0 104.0 198.97056546873682
40.0 105.0 198.53577942466438
40.0 107.0 54.06699862851187
40.0 109.0 60.392912562704055
40.0 110.0 60.50665888276851
40.0 111.0 63.377110786191125
40.0 112.0 205.83965876707293
42.0 43.0 19.93388568738014
42.0 44.0 17.925826959216415
42.0 46.0 31.204318018773286
42.0 47.0 30.615169669372108
42.0 48.0 37.41341205034087
42.0 49.0 5.563655982730781
42.0 50.0 11.529404663962612
42.0 51.0 11.036240069656916
42.0 52.0 16.762073398544327
42.0 53.0 25.252499573211878
42.0 54.0 34.011670282290765
42.0 57.0 182.82723224598485
42.0 59.0 191.25516473449275
42.0 61.0 202.81399015994242
42.0 62.0 208.4496870552187
42.0 63.0 208.90990992957137
42.0 65.0 25.484843406967407
42.0 66.0 32.15916063954715
42.0 67.0 37.91877043684145
42.0 68.0 44.51695347456891
42.0 69.0 50.33870774887518
42.0 70.0 36.726386247820294
42.0 73.0 133.0944753457495
42.0 74.0 138.1687454932432
42.0 75.0 138.682454843938
42.0 76.0 157.44664869251724
42.0 78.0 162.71356836974724
42.0 79.0 167.66055531493026
42.0 80.0 159.00717363897886
42.0 81.0 159.85917575372267
42.0 82.0 50.822983951148046
42.0 83.0 46.94671255494167
42.0 84.0 137.96593413976163
42.0 86.0 145.3460708098308
42.0 87.0 143.29836758857897
42.0 88.0 183.82723224553422
42.0 89.0 184.93443333653192
42.0 90.0 160.1346352112978
42.0 91.0 163.0091014488535
42.0 92.0 51.798767682044115
42.0 94.0 55.68719860115555
42.0 95.0 64.06410257579958
42.0 96.0 65.38385190056893
42.0 97.0 69.49013999288697
42.0 98.0 219.2025088405319
42.0 100.0 53.295728935539294
42.0 101.0 18.42494719273512
42.0 102.0 18.462362628166403
42.0 104.0 30.387341660091476
42.0 105.0 29.95255561668953
42.0 107.0 164.5571127125876
42.0 109.0 228.97613638909058
42.0 110.0 229.0898826882825
42.0 111.0 231.96033458510834
42.0 112.0 37.25643495873437
43.0 44.0 13.344407031690652
43.0 46.0 11.270432331540817
43.0 47.0 10.681283982084445
43.0 48.0 17.479526363087167
43.0 49.0 25.497541670304862
43.0 50.0 31.463290351815708
43.0 51.0 30.97012575737584
43.0 52.0 36.6959590858594
43.0 53.0 45.18638526203357
43.0 54.0 53.94555596964078
43.0 57.0 190.66690737497734
43.0 59.0 199.09483986319776
43.0 61.0 210.6536652899101
43.0 62.0 216.28936218690131
43.0 63.0 216.7495850607835
43.0 65.0 20.90342347920204
43.0 66.0 27.577740713080264
43.0 67.0 33.33735050953953
43.0 68.0 39.93553354659766
43.0 69.0 45.75728782142159
43.0 70.0 16.792500560667808
43.0 73.0 140.93415047494346
43.0 74.0 146.00842062274893
43.0 75.0 146.52212997231504
43.0 76.0 165.2863238180145
43.0 78.0 170.55324349768543
43.0 79.0 175.50023044508748
43.0 80.0 166.84684877322942
43.0 81.0 167.69885088674357
43.0 82.0 58.6626590813738
43.0 83.0 54.78638768301286
43.0 84.0 145.80560926899966
43.0 86.0 153.18574593856923
43.0 87.0 151.13804271795917
43.0 88.0 191.66690737530257
43.0 89.0 192.7741084654715
43.0 90.0 167.97431033319506
43.0 91.0 170.84877658107752
43.0 92.0 59.638442810562495
43.0 94.0 63.52687372903155
43.0 95.0 71.90377770309885
43.0 96.0 73.2235270278025
43.0 97.0 77.32981512345846
43.0 98.0 227.04218396421703
43.0 100.0 48.714309007711094
43.0 101.0 38.35883287969307
43.0 102.0 38.396248316257214
43.0 104.0 50.32122734777465
43.0 105.0 49.88644130398911
43.0 107.0 172.39678783752518
43.0 109.0 236.81581151566726
43.0 110.0 236.92955782852076
43.0 111.0 239.8000097193846
43.0 112.0 57.190320646020346
44.0 46.0 24.61483936285047
44.0 47.0 24.025691014092985
44.0 48.0 30.82393339450089
44.0 49.0 23.48948294235478
44.0 50.0 29.455231623001353
44.0 51.0 28.96206702852163
44.0 52.0 34.68790035720226
44.0 53.0 43.17832653302041
44.0 54.0 51.937497241277185
44.0 57.0 188.6588486469675
44.0 59.0 197.08678113524135
44.0 61.0 208.6456065615362
44.0 62.0 214.28130345738379
44.0 63.0 214.74152633249383
44.0 65.0 7.559016447491574
44.0 66.0 14.233333681230995
44.0 67.0 19.99294347728828
44.0 68.0 26.59112651509878
44.0 69.0 32.41288079013034
44.0 70.0 30.13690759194062
44.0 73.0 138.92609174683156
44.0 74.0 144.00036189443847
44.0 75.0 144.5140712441543
44.0 76.0 163.2782650956574
44.0 78.0 168.54518476918142
44.0 79.0 173.49217171409606
44.0 80.0 164.83879004191527
44.0 81.0 165.69079215759592
44.0 82.0 56.6546003503487
44.0 83.0 52.778328956837726
44.0 84.0 143.797550540636
44.0 86.0 151.17768721115908
44.0 87.0 149.1299839902563
44.0 88.0 189.6588486462937
44.0 89.0 190.76604973788167
44.0 90.0 165.96625160779297
44.0 91.0 168.84071784946386
44.0 92.0 57.63038408404018
44.0 94.0 61.518815001474024
44.0 95.0 69.89571897718402
44.0 96.0 71.21546830165327
44.0 97.0 75.321756392161
44.0 98.0 225.03412523312448
44.0 100.0 35.369901976187634
44.0 101.0 36.3507741521166
44.0 102.0 36.38818958742037
44.0 104.0 48.31316861919207
44.0 105.0 47.87838257600783
44.0 107.0 170.38872911498606
44.0 109.0 234.80775278710775
44.0 110.0 234.9214990898738
44.0 111.0 237.79195098651724
44.0 112.0 55.18226191751708
46.0 47.0 11.071536509336656
46.0 48.0 6.20909403161397
46.0 49.0 36.767974001692174
46.0 50.0 42.733722682798955
46.0 51.0 42.24055808863716
46.0 52.0 47.96639141731626
46.0 53.0 56.45681759483085
46.0 54.0 65.21598830194901
46.0 57.0 201.93733970675453
46.0 59.0 210.36527219684302
46.0 61.0 221.92409762009925
46.0 62.0 227.5597945145094
46.0 63.0 228.0200173917148
46.0 65.0 32.17385581172808
46.0 66.0 38.84817304447711
46.0 67.0 44.607782841982186
46.0 68.0 51.20596587781146
46.0 69.0 57.02772015482205
46.0 70.0 17.182753087808837
46.0 73.0 152.2045828066082
46.0 74.0 157.2788529523213
46.0 75.0 157.79256230360426
46.0 76.0 176.55675615617213
46.0 78.0 181.82367582999296
46.0 79.0 186.77066277959963
46.0 80.0 178.11728110461968
46.0 81.0 178.9692832184304
46.0 82.0 69.93309141241181
46.0 83.0 66.05682001877992
46.0 84.0 157.07604160069306
46.0 86.0 164.45617826999649
46.0 87.0 162.4084750485
46.0 88.0 202.93733970679523
46.0 89.0 204.0445407973201
46.0 90.0 179.2447426699833
46.0 91.0 182.11920890702527
46.0 92.0 70.90887514514637
46.0 94.0 74.79730605999978
46.0 95.0 83.17421003884283
46.0 96.0 84.49395936045036
46.0 97.0 88.60024745747009
46.0 98.0 238.31261629629358
46.0 100.0 59.984741339499834
46.0 101.0 49.629265211574065
46.0 102.0 49.666680647557996
46.0 104.0 61.59165967848698
46.0 105.0 61.15687363545421
46.0 107.0 183.66722016285632
46.0 109.0 248.08624384752605
46.0 110.0 248.19999015114405
46.0 111.0 251.07044204649674
46.0 112.0 68.46075297788519
47.0 48.0 17.28063054097611
47.0 49.0 36.17882565385831
47.0 50.0 42.14457433387551
47.0 51.0 41.65140974042848
47.0 52.0 47.37724306839045
47.0 53.0 55.86766924398415
47.0 54.0 64.62683995225217
47.0 57.0 201.34819135763945
47.0 59.0 209.7761238458635
47.0 61.0 221.33494927324315
47.0 62.0 226.97064616513165
47.0 63.0 227.43086904157482
47.0 65.0 31.58470746089372
47.0 66.0 38.259024695069456
47.0 67.0 44.01863449119334
47.0 68.0 50.616817529159164
47.0 69.0 56.438571803876535
47.0 70.0 6.111216578457775
47.0 73.0 151.61543445777738
47.0 74.0 156.68970460434824
47.0 75.0 157.20341395446977
47.0 76.0 175.96760780760243
47.0 78.0 181.23452747984578
47.0 79.0 186.18151442493726
47.0 80.0 177.52813275536136
47.0 81.0 178.38013486353316
47.0 82.0 69.34394306200014
47.0 83.0 65.4676716645958
47.0 84.0 156.48689325120117
47.0 86.0 163.86702992008145
47.0 87.0 161.81932670007672
47.0 88.0 202.34819135722512
47.0 89.0 203.45539244775586
47.0 90.0 178.65559432482968
47.0 91.0 181.53006056443587
47.0 92.0 70.31972679487755
47.0 94.0 74.20815771088664
47.0 95.0 82.58506168791973
47.0 96.0 83.90481101326219
47.0 97.0 88.01109910638189
47.0 98.0 237.72346794563236
47.0 100.0 59.39559298944908
47.0 101.0 49.04011686230797
47.0 102.0 49.077532298000676
47.0 104.0 61.002511329827115
47.0 105.0 60.56772528670228
47.0 107.0 183.0780718198069
47.0 109.0 247.49709549925126
47.0 110.0 247.61084179908778
47.0 111.0 250.4812936963649
47.0 112.0 67.87160462756265
48.0 49.0 42.97706803321144
48.0 50.0 48.9428167140245
48.0 51.0 48.44965212040698
48.0 52.0 54.17548544845513
48.0 53.0 62.665911624088686
48.0 54.0 71.42508233284401
48.0 57.0 208.14643373921174
48.0 59.0 216.57436622889063
48.0 61.0 228.1331916489338
48.0 62.0 233.76888854838688
48.0 63.0 234.229111423873
48.0 65.0 38.38294984188822
48.0 66.0 45.057267075990744
48.0 67.0 50.81687687151926
48.0 68.0 57.41505990927403
48.0 69.0 63.23681418580773
48.0 70.0 23.391847119498376
48.0 73.0 158.41367683890797
48.0 74.0 163.48794698625065
48.0 75.0 164.00165633507478
48.0 76.0 182.76585018486185
48.0 78.0 188.0327698616473
48.0 79.0 192.97975680831328
48.0 80.0 184.32637513413448
48.0 81.0 185.178377245006
48.0 82.0 76.1421854422566
48.0 83.0 72.26591404862347
48.0 84.0 163.28513563216063
48.0 86.0 170.66527230200012
48.0 87.0 168.6175690811217
48.0 88.0 209.14643373830435
48.0 89.0 210.25363482913147
48.0 90.0 185.4538367015989
48.0 91.0 188.3283029403227
48.0 92.0 77.1179691734846
48.0 94.0 81.00640008957723
48.0 95.0 89.38330406883694
48.0 96.0 90.70305338987441
48.0 97.0 94.80934148269455
48.0 98.0 244.5217103284243
48.0 100.0 66.19383537107124
48.0 101.0 55.838359243002174
48.0 102.0 55.87577467917505
48.0 104.0 67.8007537103484
48.0 105.0 67.36596766711527
48.0 107.0 189.87631419333226
48.0 109.0 254.29533787899697
48.0 110.0 254.40908417852557
48.0 111.0 257.2795360778923
48.0 112.0 74.66984700948349
49.0 50.0 5.965748680975249
49.0 51.0 5.472584086959426
49.0 52.0 11.198417415315198
49.0 53.0 19.688843591186565
49.0 54.0 28.44801429928923
49.0 57.0 188.3908882289232
49.0 59.0 196.8188207171335
49.0 61.0 208.37764614216456
49.0 62.0 214.01334303934198
49.0 63.0 214.47356591099583
49.0 65.0 31.04849938964854
49.0 66.0 37.72281662321056
49.0 67.0 43.48242641937718
49.0 68.0 50.080609457046265
49.0 69.0 55.90236373272778
49.0 70.0 42.29004223041392
49.0 73.0 138.65813132814316
49.0 74.0 143.73240147555833
49.0 75.0 144.24611082672297
49.0 76.0 163.01030468263565
49.0 78.0 168.27722435312245
49.0 79.0 173.22421129902435
49.0 80.0 164.57082962638972
49.0 81.0 165.42283173769897
49.0 82.0 56.386639934583485
49.0 83.0 52.5103685366951
49.0 84.0 143.52959012347367
49.0 86.0 150.90972679210128
49.0 87.0 148.86202357132314
49.0 88.0 189.39088822964817
49.0 89.0 190.49808931957898
49.0 90.0 165.69829119543346
49.0 91.0 168.57275743279553
49.0 92.0 57.362423664124165
49.0 94.0 61.25085457966432
49.0 95.0 69.62775855574412
49.0 96.0 70.94750787816089
49.0 97.0 75.05379597850492
49.0 98.0 224.76616481458714
49.0 100.0 58.85938491812144
49.0 101.0 12.861291209520527
49.0 102.0 12.898706645762278
49.0 104.0 24.82368567681607
49.0 105.0 24.388899633861225
49.0 107.0 170.12076868379614
49.0 109.0 234.53979237428953
49.0 110.0 234.65353867295372
49.0 111.0 237.5239905735284
49.0 112.0 31.692778975677804
50.0 51.0 11.438332768370435
50.0 52.0 5.232668734222601
50.0 53.0 13.723094910222253
50.0 54.0 22.482265618574058
50.0 57.0 194.3566369099362
50.0 59.0 202.78456939662703
50.0 61.0 214.34339482417602
50.0 62.0 219.9790917170539
50.0 63.0 220.43931459316966
50.0 65.0 37.0142480705143
50.0 66.0 43.68856530484359
50.0 67.0 49.448175100481066
50.0 68.0 56.046358138344225
50.0 69.0 61.8681124135293
50.0 70.0 48.255790911668946
50.0 73.0 144.62388000947328
50.0 74.0 149.69815015637084
50.0 75.0 150.21185950704188
50.0 76.0 168.97605335904913
50.0 78.0 174.24297303180873
50.0 79.0 179.18995997823694
50.0 80.0 170.53657830572038
50.0 81.0 171.38858042760762
50.0 82.0 62.35238861173665
50.0 83.0 58.47611721644863
50.0 84.0 149.49533880378598
50.0 86.0 156.87547547321225
50.0 87.0 154.82777225278386
50.0 88.0 195.3566369092751
50.0 89.0 196.46383800038606
50.0 90.0 171.66403987174783
50.0 91.0 174.53850611405397
50.0 92.0 63.32817234472948
50.0 94.0 67.21660326287125
50.0 95.0 75.59350723644019
50.0 96.0 76.91325656060204
50.0 97.0 81.0195446501904
50.0 98.0 230.73191349646726
50.0 100.0 64.82513359816542
50.0 101.0 18.82703989084749
50.0 102.0 18.86445532669896
50.0 104.0 30.789434358164357
50.0 105.0 30.35464831486965
50.0 107.0 176.0865173775677
50.0 109.0 240.50554104848723
50.0 110.0 240.61928735795775
50.0 111.0 243.48973924667195
50.0 112.0 37.65852765666899
51.0 52.0 16.67100150216801
51.0 53.0 25.161427678468144
51.0 54.0 33.92059838644279
51.0 57.0 193.86347231535984
51.0 59.0 202.29140480235856
51.0 61.0 213.85023022687167
51.0 62.0 219.48592712610568
51.0 63.0 219.94615000021156
51.0 65.0 36.521083475693274
51.0 66.0 43.19540071064165
51.0 67.0 48.95501050605398
51.0 68.0 55.55319354325762
51.0 69.0 61.37494781744472
51.0 70.0 47.76262631756818
51.0 73.0 144.13071541595593
51.0 74.0 149.20498556297093
51.0 75.0 149.71869491358132
51.0 76.0 168.48288876935402
51.0 78.0 173.74980844266844
51.0 79.0 178.69679538875369
51.0 80.0 170.0434137132364
51.0 81.0 170.8954158245552
51.0 82.0 61.85922401827014
51.0 83.0 57.98295262374485
51.0 84.0 149.00217420991206
51.0 86.0 156.38231087965227
51.0 87.0 154.3346076579072
51.0 88.0 194.8634723157768
51.0 89.0 195.97067340638102
51.0 90.0 171.17087527733077
51.0 91.0 174.04534152083536
51.0 92.0 62.835007749166
51.0 94.0 66.72343866735386
51.0 95.0 75.10034264676455
51.0 96.0 76.42009196715566
51.0 97.0 80.5263800617661
51.0 98.0 230.23874890082286
51.0 100.0 64.33196900614351
51.0 101.0 7.3887071228090955
51.0 102.0 7.426122558886771
51.0 104.0 19.35110159022067
51.0 105.0 18.916315546850935
51.0 107.0 175.59335279046093
51.0 109.0 240.01237645042409
51.0 110.0 240.12612275795422
51.0 111.0 242.99657465453856
51.0 112.0 26.22019488902658
52.0 53.0 8.490426175912495
52.0 54.0 17.249596884296523
52.0 57.0 199.58930564402425
52.0 59.0 208.01723813391607
52.0 61.0 219.57606355894615
52.0 62.0 225.21176045212582
52.0 63.0 225.67198332948715
52.0 65.0 42.246916803655964
52.0 66.0 48.92123403839088
52.0 67.0 54.680843834420216
52.0 68.0 61.27902687136363
52.0 69.0 67.10078114726882
52.0 70.0 53.488459646698004
52.0 73.0 149.8565487445712
52.0 74.0 154.9308188915175
52.0 75.0 155.44452824133876
52.0 76.0 174.20872209680215
52.0 78.0 179.4756417672883
52.0 79.0 184.4226287146134
52.0 80.0 175.76924704909493
52.0 81.0 176.62124915806646
52.0 82.0 67.58505734844681
52.0 83.0 63.70878594905962
52.0 84.0 154.72800753821582
52.0 86.0 162.1081442078559
52.0 87.0 160.06044098626174
52.0 88.0 200.5893056431663
52.0 89.0 201.69650673429305
52.0 90.0 176.89670860563064
52.0 91.0 179.77117484669787
52.0 92.0 68.56084107984901
52.0 94.0 72.44927199754503
52.0 95.0 80.82617596586938
52.0 96.0 82.14592529524049
52.0 97.0 86.25221338843537
52.0 98.0 235.96458223068944
52.0 100.0 70.05780233326242
52.0 101.0 24.05970862485252
52.0 102.0 24.097124061117462
52.0 104.0 36.022103092352204
52.0 105.0 35.587317048998806
52.0 107.0 181.31918610970837
52.0 109.0 245.7382097888581
52.0 110.0 245.85195608207755
52.0 111.0 248.72240798847656
52.0 112.0 42.89119639116711
53.0 54.0 8.759170708314725
53.0 57.0 208.07973182000728
53.0 59.0 216.50766430823353
53.0 61.0 228.06648973094343
53.0 62.0 233.7021866304882
53.0 63.0 234.16240950135125
53.0 65.0 50.7373429807896
53.0 66.0 57.411660214483945
53.0 67.0 63.17127001045043
53.0 68.0 69.7694530480231
53.0 69.0 75.5912073231982
53.0 70.0 61.978885823543315
53.0 73.0 158.34697491892499
53.0 74.0 163.42124506839588
53.0 75.0 163.93495441840508
53.0 76.0 182.6991482651619
53.0 78.0 187.96606794406267
53.0 79.0 192.91305489575367
53.0 80.0 184.25967320844995
53.0 81.0 185.11167533340813
53.0 82.0 76.07548352278141
53.0 83.0 72.19921212926639
53.0 84.0 163.21843371474
53.0 86.0 170.59857038377055
53.0 87.0 168.55086716326576
53.0 88.0 209.07973181971576
53.0 89.0 210.18693291093547
53.0 90.0 185.38713478669118
53.0 91.0 188.26160102488143
53.0 92.0 77.05126725222695
53.0 94.0 80.93969817006364
53.0 95.0 89.31660214523527
53.0 96.0 90.63635146822241
53.0 97.0 94.7426395644965
53.0 98.0 244.45500840679622
53.0 100.0 78.54822850898015
53.0 101.0 32.550134801064004
53.0 102.0 32.58755023692453
53.0 104.0 44.51252926811865
53.0 105.0 44.07774322492844
53.0 107.0 189.80961228851862
53.0 109.0 254.22863596085682
53.0 110.0 254.3423822661989
53.0 111.0 257.21283415576977
53.0 112.0 51.381622566949474
54.0 57.0 216.83890252775927
54.0 59.0 225.2668350205304
54.0 61.0 236.8256604370663
54.0 62.0 242.4613573343771
54.0 63.0 242.92158021304544
54.0 65.0 59.496513688938975
54.0 66.0 66.1708309228614
54.0 67.0 71.9304407184313
54.0 68.0 78.5286237565343
54.0 69.0 84.3503780315829
54.0 70.0 70.73805653105978
54.0 73.0 167.1061456288221
54.0 74.0 172.18041577498386
54.0 75.0 172.6941251262934
54.0 76.0 191.45831897985164
54.0 78.0 196.72523864858712
54.0 79.0 201.67222560244696
54.0 80.0 193.01884392229096
54.0 81.0 193.87084603400325
54.0 82.0 84.83465423337529
54.0 83.0 80.95838283630131
54.0 84.0 171.97760442194806
54.0 86.0 179.35774109207603
54.0 87.0 177.310037871065
54.0 88.0 217.8389025280337
54.0 89.0 218.94610361932118
54.0 90.0 194.14630548930208
54.0 91.0 197.02077173262484
54.0 92.0 85.81043796107367
54.0 94.0 89.69886887957544
54.0 95.0 98.07577285364968
54.0 96.0 99.39552217876863
54.0 97.0 103.5018102775831
54.0 98.0 253.2141791159999
54.0 100.0 87.30739921748861
54.0 101.0 41.30930550938164
54.0 102.0 41.3467209452772
54.0 104.0 53.27169997639997
54.0 105.0 52.83691393343029
54.0 107.0 198.56878299432236
54.0 109.0 262.9878066706367
54.0 110.0 263.10155297038557
54.0 111.0 265.9720048699364
54.0 112.0 60.14079327566875
57.0 59.0 21.771032612171673
57.0 61.0 33.32985803846325
57.0 62.0 38.96555493802225
57.0 63.0 39.425777813527354
57.0 65.0 196.21786509479932
57.0 66.0 202.89218232768707
57.0 67.0 208.65179212411138
57.0 68.0 215.24997516234822
57.0 69.0 221.07172943778116
57.0 70.0 207.45940793534433
57.0 73.0 88.56365227551512
57.0 74.0 93.63792242123625
57.0 75.0 94.1516317728659
57.0 76.0 61.20054305527859
57.0 78.0 66.46746272639646
57.0 79.0 71.41444967527663
57.0 80.0 62.76106800354569
57.0 81.0 63.613070115701134
57.0 82.0 208.83761422053612
57.0 83.0 204.961342826475
57.0 84.0 93.43511106815617
57.0 86.0 100.81524773279989
57.0 87.0 98.76754452130747
57.0 88.0 1.0000000000061289
57.0 89.0 2.1072010906087324
57.0 90.0 47.723430712325836
57.0 91.0 50.59789695488568
57.0 92.0 209.81339795358147
57.0 94.0 213.7018288684667
57.0 95.0 222.07873284547605
57.0 96.0 223.3984821695814
57.0 97.0 227.5047702641997
57.0 98.0 49.71837671215577
57.0 100.0 224.02875062268123
57.0 101.0 201.25217943824083
57.0 102.0 201.28959487460813
57.0 104.0 213.21457390604047
57.0 105.0 212.77978786250011
57.0 107.0 68.31100706535166
57.0 109.0 59.49200427028731
57.0 110.0 59.60575057777507
57.0 111.0 62.47620246839719
57.0 112.0 220.083667204733
59.0 61.0 24.2982222399201
59.0 62.0 29.93391913761613
59.0 63.0 30.394142011249095
59.0 65.0 204.6457975824976
59.0 66.0 211.32011481483767
59.0 67.0 217.07972461419803
59.0 68.0 223.67790764781273
59.0 69.0 229.49966192393924
59.0 70.0 215.88734042729942
59.0 73.0 96.99158476968542
59.0 74.0 102.06585491156075
59.0 75.0 102.5795642719604
59.0 76.0 69.62847554327341
59.0 78.0 74.89539521476222
59.0 79.0 79.8423821622952
59.0 80.0 71.18900048992123
59.0 81.0 72.04100260540889
59.0 82.0 217.2655467090073
59.0 83.0 213.3892753147528
59.0 84.0 101.86304356347989
59.0 86.0 109.24318022120599
59.0 87.0 107.19547699767772
59.0 88.0 22.771032613127907
59.0 89.0 23.878233703971148
59.0 90.0 56.15136320476037
59.0 91.0 59.02582944174276
59.0 92.0 218.2413304414343
59.0 94.0 222.12976135758493
59.0 95.0 230.5066653339731
59.0 96.0 231.82641465955976
59.0 97.0 235.9327027522355
59.0 98.0 40.68674091453205
59.0 100.0 232.45668311318224
59.0 101.0 209.68011192753815
59.0 102.0 209.71752736317802
59.0 104.0 221.64250639471038
59.0 105.0 221.20772035078528
59.0 107.0 76.73893955347137
59.0 109.0 50.46036846710906
59.0 110.0 50.574114769987666
59.0 111.0 53.44456667474906
59.0 112.0 228.51159968994116
61.0 62.0 24.1066059273566
61.0 63.0 24.56682880094647
61.0 65.0 216.20462301034905
61.0 66.0 222.87894024204803
61.0 67.0 228.63855003924283
61.0 68.0 235.236733078015
61.0 69.0 241.05848735056017
61.0 70.0 227.4461658468039
61.0 73.0 108.55041019100605
61.0 74.0 113.62468034191491
61.0 75.0 114.13838969582498
61.0 76.0 81.18730096904154
61.0 78.0 86.45422063969667
61.0 79.0 91.40120758728757
61.0 80.0 82.74782591336194
61.0 81.0 83.59982803187555
61.0 82.0 228.82437213342683
61.0 83.0 224.94810073803563
61.0 84.0 113.42186898318457
61.0 86.0 120.80200565223532
61.0 87.0 118.75430243307734
61.0 88.0 34.32985803929012
61.0 89.0 35.43705912928581
61.0 90.0 67.71018862935384
61.0 91.0 70.5846548646575
61.0 92.0 229.8001558646214
61.0 94.0 233.68858678145125
61.0 95.0 242.06549075868475
61.0 96.0 243.38524008346147
61.0 97.0 247.49152817663597
61.0 98.0 34.859427706390974
61.0 100.0 244.01550853393024
61.0 101.0 221.23893734878436
61.0 102.0 221.2763527873325
61.0 104.0 233.20133181985733
61.0 105.0 232.76654577648492
61.0 107.0 88.29776497460216
61.0 109.0 44.633055255939595
61.0 110.0 44.74680156147555
61.0 111.0 47.61725345711395
61.0 112.0 240.070425111982
62.0 63.0 15.448735753619996
62.0 65.0 221.8403199037491
62.0 66.0 228.51463713667727
62.0 67.0 234.2742469365183
62.0 68.0 240.87242996883887
62.0 69.0 246.6941842482643
62.0 70.0 233.0818627439636
62.0 73.0 114.18610708924552
62.0 74.0 119.26037723204348
62.0 75.0 119.77408658859065
62.0 76.0 86.82299787534883
62.0 78.0 92.08991753887787
62.0 79.0 97.03690449245423
62.0 80.0 88.38352281314198
62.0 81.0 89.235524922818
62.0 82.0 234.46006903117342
62.0 83.0 230.58379763534205
62.0 84.0 119.05756589004636
62.0 86.0 126.43770255718208
62.0 87.0 124.38999932581771
62.0 88.0 39.965554935696204
62.0 89.0 41.072756024780475
62.0 90.0 73.34588530679612
62.0 91.0 76.22035180115736
62.0 92.0 235.4358527611318
62.0 94.0 239.32428367835016
62.0 95.0 247.70118765620927
62.0 96.0 249.02093697998885
62.0 97.0 253.1272250723205
62.0 98.0 10.752821778636536
62.0 100.0 249.65120543068986
62.0 101.0 226.8746342515643
62.0 102.0 226.91204968614855
62.0 104.0 238.83702871413894
62.0 105.0 238.40224267565895
62.0 107.0 93.93346186048728
62.0 109.0 20.526449332467795
62.0 110.0 20.64019563306689
62.0 111.0 23.510647527710816
62.0 112.0 245.70612201667296
63.0 65.0 222.30054277775426
63.0 66.0 228.97486001288166
63.0 67.0 234.73446980905567
63.0 68.0 241.3326528478517
63.0 69.0 247.15440712242196
63.0 70.0 233.54208562006625
63.0 73.0 114.64632995900266
63.0 74.0 119.72060010675321
63.0 75.0 120.23430946626218
63.0 76.0 87.28322073887125
63.0 78.0 92.55014040814496
63.0 79.0 97.49712735930481
63.0 80.0 88.8437456887525
63.0 81.0 89.69574780715024
63.0 82.0 234.92029190423318
63.0 83.0 231.04402051136967
63.0 84.0 119.5177887499043
63.0 86.0 126.89792542066064
63.0 87.0 124.85022219725236
63.0 88.0 40.42577781105371
63.0 89.0 41.53297890253738
63.0 90.0 73.80610843275413
63.0 91.0 76.68057465369782
63.0 92.0 235.8960756386774
63.0 94.0 239.7845065546673
63.0 95.0 248.16141052824605
63.0 96.0 249.48115985395367
63.0 97.0 253.58744794646287
63.0 98.0 26.201557532740754
63.0 100.0 250.11142830708314
63.0 101.0 227.33485712493354
63.0 102.0 227.37227255859204
63.0 104.0 239.2972515894765
63.0 105.0 238.86246554565855
63.0 107.0 94.39368474889969
63.0 109.0 35.97518508514295
63.0 110.0 36.08893138474089
63.0 111.0 38.95938328450295
63.0 112.0 246.16634488693023
65.0 66.0 6.67431723369841
65.0 67.0 12.433927029853857
65.0 68.0 19.03211006723709
65.0 69.0 24.853864342379136
65.0 70.0 37.69592403977134
65.0 73.0 146.4851081943438
65.0 74.0 151.5593783413661
65.0 75.0 152.0730876908994
65.0 76.0 170.83728154653969
65.0 78.0 176.1042012097243
65.0 79.0 181.05118816594177
65.0 80.0 172.39780648821835
65.0 81.0 173.2498085985614
65.0 82.0 64.21361679841758
65.0 83.0 60.337345403907264
65.0 84.0 151.35656699019762
65.0 86.0 158.73670365841295
65.0 87.0 156.68900043750125
65.0 88.0 197.217865093829
65.0 89.0 198.32506618559185
65.0 90.0 173.5252680574512
65.0 91.0 176.39973429435673
65.0 92.0 65.18940053083078
65.0 94.0 69.07783144852884
65.0 95.0 77.45473542120742
65.0 96.0 78.77448474868623
65.0 97.0 82.8807728406302
65.0 98.0 232.59314168691873
65.0 100.0 27.810885528141085
65.0 101.0 43.90979059994342
65.0 102.0 43.94720603452558
65.0 104.0 55.872185066808
65.0 105.0 55.437399022987115
65.0 107.0 177.9477455495168
65.0 109.0 242.36676923839283
65.0 110.0 242.48051553996072
65.0 111.0 245.35096742860702
65.0 112.0 62.741278366423685
66.0 67.0 5.759609796110806
66.0 68.0 12.357792833638072
66.0 69.0 18.17954710880885
66.0 70.0 44.37024127348642
66.0 73.0 153.15942542855862
66.0 74.0 158.2336955757463
66.0 75.0 158.74740492512467
66.0 76.0 177.51159877891013
66.0 78.0 182.77851845009997
66.0 79.0 187.7255054012784
66.0 80.0 179.0721237308067
66.0 81.0 179.92412584213955
66.0 82.0 70.88793403211346
66.0 83.0 67.01166263818473
66.0 84.0 158.03088422269747
66.0 86.0 165.41102089144476
66.0 87.0 163.36331767051993
66.0 88.0 203.8921823286155
66.0 89.0 204.9993834189459
66.0 90.0 180.199585285293
66.0 91.0 183.07405153061876
66.0 92.0 71.86371776310463
66.0 94.0 75.7521486821535
66.0 95.0 84.1290526595675
66.0 96.0 85.44880198405977
66.0 97.0 89.55509007285764
66.0 98.0 239.2674589170361
66.0 100.0 21.136568294593694
66.0 101.0 50.584107833127966
66.0 102.0 50.62152326995006
66.0 104.0 62.54650230042298
66.0 105.0 62.11171625714697
66.0 107.0 184.62206278841222
66.0 109.0 249.04108646674393
66.0 110.0 249.15483277151728
66.0 111.0 252.02528466917343
66.0 112.0 69.41559559908126
67.0 68.0 6.598183037438703
67.0 69.0 12.419937312658348
67.0 70.0 50.129851069581775
67.0 73.0 158.91903522447888
67.0 74.0 163.99330537187694
67.0 75.0 164.5070147216261
67.0 76.0 183.27120857830425
67.0 78.0 188.53812823831143
67.0 79.0 193.48511519729988
67.0 80.0 184.83173352464763
67.0 81.0 185.68373563732789
67.0 82.0 76.64754382917812
67.0 83.0 72.77127243309525
67.0 84.0 163.79049401925545
67.0 86.0 171.17063068759313
67.0 87.0 169.12292746647603
67.0 88.0 209.65179212459518
67.0 89.0 210.7589932155343
67.0 90.0 185.95919508840396
67.0 91.0 188.83366132540363
67.0 92.0 77.62332756030173
67.0 94.0 81.51175847556578
67.0 95.0 89.88866245258615
67.0 96.0 91.20841177641967
67.0 97.0 95.31469986501077
67.0 98.0 245.02706871501294
67.0 100.0 15.376958498524386
67.0 101.0 56.34371762927936
67.0 102.0 56.381133064866404
67.0 104.0 68.30611209676286
67.0 105.0 67.87132605332218
67.0 107.0 190.38167257224353
67.0 109.0 254.80069626640596
67.0 110.0 254.9144425715449
67.0 111.0 257.78489446124934
67.0 112.0 75.17520539541101
68.0 69.0 5.8217542752451035
68.0 70.0 56.728034106986286
68.0 73.0 165.51721826255647
68.0 74.0 170.5914884093259
68.0 75.0 171.10519775992063
68.0 76.0 189.86939161484304
68.0 78.0 195.13631128385063
68.0 79.0 200.08329822806985
68.0 80.0 191.42991655092575
68.0 81.0 192.28191866897015
68.0 82.0 83.24572686690769
68.0 83.0 79.36945547189096
68.0 84.0 170.38867705573415
68.0 86.0 177.76881372563957
68.0 87.0 175.72111050441896
68.0 88.0 216.24997516269693
68.0 89.0 217.35717625162357
68.0 90.0 192.55737812267094
68.0 91.0 195.4318443671831
68.0 92.0 84.22151059498269
68.0 94.0 88.10994151138462
68.0 95.0 96.48684548847187
68.0 96.0 97.80659481636461
68.0 97.0 101.91288291129206
68.0 98.0 251.62525174793615
68.0 100.0 8.778775461046388
68.0 101.0 62.94190066690902
68.0 102.0 62.979316102208514
68.0 104.0 74.90429513414429
68.0 105.0 74.46950909099468
68.0 107.0 196.97985562097776
68.0 109.0 261.39887930748654
68.0 110.0 261.5126256102758
68.0 111.0 264.38307749749293
68.0 112.0 81.77338843305233
69.0 70.0 62.549788382364625
69.0 73.0 171.33897253830548
69.0 74.0 176.41324268441593
69.0 75.0 176.92695203476245
69.0 76.0 195.69114588378554
69.0 78.0 200.9580655579884
69.0 79.0 205.90505250779307
69.0 80.0 197.25167083054316
69.0 81.0 198.10367293890408
69.0 82.0 89.06748114148877
69.0 83.0 85.19120974772656
69.0 84.0 176.21043133133225
69.0 86.0 183.59056800071227
69.0 87.0 181.54286477948892
69.0 88.0 222.07172943813964
69.0 89.0 223.17893052861217
69.0 90.0 198.37913240064267
69.0 91.0 201.2535986456915
69.0 92.0 90.04326487271302
69.0 94.0 93.93169579163776
69.0 95.0 102.30859976447454
69.0 96.0 103.62834908476711
69.0 97.0 107.73463718136333
69.0 98.0 257.4470060224981
69.0 100.0 2.9570211857277244
69.0 101.0 68.76365494193733
69.0 102.0 68.80107038024283
69.0 104.0 80.72604940951555
69.0 105.0 80.29126336589133
69.0 107.0 202.8016098869827
69.0 109.0 267.22063357117236
69.0 110.0 267.33437988197977
69.0 111.0 270.20483177295034
69.0 112.0 87.5951427082081
70.0 73.0 157.72665103497704
70.0 74.0 162.80092118220364
70.0 75.0 163.31463053250621
70.0 76.0 182.07882438511143
70.0 78.0 187.34574406262544
70.0 79.0 192.2927310071593
70.0 80.0 183.6393493235796
70.0 81.0 184.49135144490077
70.0 82.0 75.45515964365732
70.0 83.0 71.57888824597619
70.0 84.0 162.5981098312569
70.0 86.0 169.97824649945417
70.0 87.0 167.93054327939774
70.0 88.0 208.45940793618308
70.0 89.0 209.56660902611284
70.0 90.0 184.76681089634963
70.0 91.0 187.64127714072927
70.0 92.0 76.43094337240656
70.0 94.0 80.31937429136471
70.0 95.0 88.69627826716629
70.0 96.0 90.01602759560583
70.0 97.0 94.12231568473015
70.0 98.0 243.83468452746908
70.0 100.0 65.5068095681582
70.0 101.0 55.15133344054841
70.0 102.0 55.188748876617346
70.0 104.0 67.11372790920035
70.0 105.0 66.67894186517091
70.0 107.0 189.1892883888894
70.0 109.0 253.6083120807408
70.0 110.0 253.72205837871397
70.0 111.0 256.5925102718417
70.0 112.0 73.98282120701381
73.0 74.0 13.652751031940449
73.0 75.0 14.166460382445944
73.0 76.0 63.183068728989575
73.0 78.0 68.44998840072506
73.0 79.0 73.39697534937878
73.0 80.0 64.74359367740773
73.0 81.0 65.59559578909855
73.0 82.0 159.1048573210997
73.0 83.0 155.22858592546177
73.0 84.0 4.871458793966965
73.0 86.0 20.83007634863914
73.0 87.0 18.78237312776674
73.0 88.0 89.56365227978755
73.0 89.0 90.67085337121569
73.0 90.0 65.87105523999776
73.0 91.0 68.74552148276258
73.0 92.0 160.0806410520657
73.0 94.0 163.96907196938292
73.0 95.0 172.34597594512826
73.0 96.0 173.66572526833477
73.0 97.0 177.77201336328665
73.0 98.0 124.93892886816585
73.0 100.0 174.29599372364873
73.0 101.0 151.51942254014608
73.0 102.0 151.55683797491844
73.0 104.0 163.48181700593094
73.0 105.0 163.04703096335103
73.0 107.0 70.2935327393784
73.0 109.0 134.7125564123205
73.0 110.0 134.82630271903383
73.0 111.0 137.69675461668123
73.0 112.0 170.35091030585653
74.0 75.0 12.637798093967769
74.0 76.0 68.25733887608277
74.0 78.0 73.52425854986082
74.0 79.0 78.47124549539996
74.0 80.0 69.81786382572409
74.0 81.0 70.66986594242651
74.0 82.0 164.17912746819582
74.0 83.0 160.3028560725312
74.0 84.0 18.524209826038874
74.0 86.0 19.301414060493954
74.0 87.0 17.253710839394504
74.0 88.0 94.63792242023504
74.0 89.0 95.74512352140455
74.0 90.0 70.9453253880875
74.0 91.0 73.81979162954454
74.0 92.0 165.15491119893966
74.0 94.0 169.0433421161302
74.0 95.0 177.4202460917657
74.0 96.0 178.73999541716728
74.0 97.0 182.84628351047328
74.0 98.0 130.01319902335408
74.0 100.0 179.3702638701666
74.0 101.0 156.59369268624573
74.0 102.0 156.6311081218595
74.0 104.0 168.55608715232302
74.0 105.0 168.12130111099555
74.0 107.0 75.36780288732842
74.0 109.0 139.78682656370376
74.0 110.0 139.90057286655954
74.0 111.0 142.7710247615497
74.0 112.0 175.4251804502311
75.0 76.0 68.77104822981364
75.0 78.0 74.0379678974849
75.0 79.0 78.98495484910644
75.0 80.0 70.33157317302741
75.0 81.0 71.18357528667792
75.0 82.0 164.6928368186256
75.0 83.0 160.81656542367497
75.0 84.0 19.037919176414576
75.0 86.0 6.663615966271056
75.0 87.0 4.615912745313153
75.0 88.0 95.15163177841998
75.0 89.0 96.25883287369757
75.0 90.0 71.45903474038869
75.0 91.0 74.33350098294255
75.0 92.0 165.6686205503969
75.0 94.0 169.55705146677047
75.0 95.0 177.93395544320396
75.0 96.0 179.25370476839007
75.0 97.0 183.35999286096282
75.0 98.0 130.5269083708702
75.0 100.0 179.88397321886802
75.0 101.0 157.10740203629456
75.0 102.0 157.1448174731514
75.0 104.0 169.06979650398523
75.0 105.0 168.6350104606859
75.0 107.0 75.88151223782847
75.0 109.0 140.30053591884885
75.0 110.0 140.41428221434523
75.0 111.0 143.28473409611786
75.0 112.0 175.93888980195135
76.0 78.0 5.266919671621896
76.0 79.0 10.213906620144742
76.0 80.0 18.489414128732474
76.0 81.0 19.341416242739562
76.0 82.0 183.45703067317487
76.0 83.0 179.5807592788009
76.0 84.0 68.05452752382683
76.0 86.0 75.43466419082006
76.0 87.0 73.3869609734177
76.0 88.0 62.20054305520028
76.0 89.0 63.30774414615898
76.0 90.0 38.507946018133964
76.0 91.0 41.38241226087577
76.0 92.0 184.43281440533627
76.0 94.0 188.3212453198532
76.0 95.0 196.69814929816778
76.0 96.0 198.01789862096751
76.0 97.0 202.1241867152827
76.0 98.0 97.57581963665433
76.0 100.0 198.6481670724981
76.0 101.0 175.87159588573195
76.0 102.0 175.90901133042706
76.0 104.0 187.8339903546247
76.0 105.0 187.3992043051271
76.0 107.0 24.039353191283
76.0 109.0 107.34944720155299
76.0 110.0 107.46319349112021
76.0 111.0 110.33364539562515
76.0 112.0 194.7030836498766
78.0 79.0 4.946986948453412
78.0 80.0 23.756333800464795
78.0 81.0 24.60833591378651
78.0 82.0 188.72395034389683
78.0 83.0 184.84767894989437
78.0 84.0 73.32144719537254
78.0 86.0 80.70158386508956
78.0 87.0 78.65388064378547
78.0 88.0 67.46746272686634
78.0 89.0 68.57466381717161
78.0 90.0 43.77486568973103
78.0 91.0 46.649331932515864
78.0 92.0 189.6997340758258
78.0 94.0 193.58816499297944
78.0 95.0 201.9650689692252
78.0 96.0 203.28481829473432
78.0 97.0 207.39110638795393
78.0 98.0 102.84273932271958
78.0 100.0 203.9150867496944
78.0 101.0 181.13851555884503
78.0 102.0 181.17593099169582
78.0 104.0 193.10091002753012
78.0 105.0 192.66612398344063
78.0 107.0 29.306272863694346
78.0 109.0 112.61636686886146
78.0 110.0 112.73011317995241
78.0 111.0 115.6005650651905
78.0 112.0 199.97000332128215
79.0 80.0 28.703320748829466
79.0 81.0 29.555322862513517
79.0 82.0 193.67093729383078
79.0 83.0 189.79466589833717
79.0 84.0 78.26843414323477
79.0 86.0 85.6485708123488
79.0 87.0 83.60086759314467
79.0 88.0 72.4144496752138
79.0 89.0 73.52165076612411
79.0 90.0 48.72185263825689
79.0 91.0 51.59631888107326
79.0 92.0 194.64672102293508
79.0 94.0 198.53515193941058
79.0 95.0 206.91205591841194
79.0 96.0 208.23180524263375
79.0 97.0 212.3380933359934
79.0 98.0 107.78972625365358
79.0 100.0 208.86207369465677
79.0 101.0 186.08550250726302
79.0 102.0 186.12291794882125
79.0 104.0 198.04789697821587
79.0 105.0 197.61311093909538
79.0 107.0 34.25325981129162
79.0 109.0 117.56335382381388
79.0 110.0 117.67710011186419
79.0 111.0 120.54755201101223
79.0 112.0 204.9169902730785
80.0 81.0 10.214604650247217
80.0 82.0 185.01755561938464
80.0 83.0 181.14128422626584
80.0 84.0 69.61505247132368
80.0 86.0 76.99518913864247
80.0 87.0 74.94748591976342
80.0 88.0 63.761068003360165
80.0 89.0 64.86826909317588
80.0 90.0 40.06847096514308
80.0 91.0 42.94293720809472
80.0 92.0 185.99333935227605
80.0 94.0 189.88177027034567
80.0 95.0 198.25867424626523
80.0 96.0 199.57842357477477
80.0 97.0 203.6847116639172
80.0 98.0 99.13634460762336
80.0 100.0 200.20869201283932
80.0 101.0 177.4321208345294
80.0 102.0 177.4695362794907
80.0 104.0 189.39451530332417
80.0 105.0 188.95972926528583
80.0 107.0 14.912541599180905
80.0 109.0 108.90997213127804
80.0 110.0 109.02371847369687
80.0 111.0 111.8941703430192
80.0 112.0 196.2636085978935
81.0 82.0 185.86955773655313
81.0 83.0 181.99328633699932
81.0 84.0 70.46705458568172
81.0 86.0 77.84719125351555
81.0 87.0 75.79948803178675
81.0 88.0 64.61307011671354
81.0 89.0 65.72027120698316
81.0 90.0 40.92047308032803
81.0 91.0 43.794939322988526
81.0 92.0 186.84534146438006
81.0 94.0 190.73377238708056
81.0 95.0 199.11067635906628
81.0 96.0 200.43042568459805
81.0 97.0 204.5367137785359
81.0 98.0 99.98834671328389
81.0 100.0 201.06069413970624
81.0 101.0 178.28412294693896
81.0 102.0 178.32153839020083
81.0 104.0 190.2465174126989
81.0 105.0 189.81173136708313
81.0 107.0 4.697936948954046
81.0 109.0 109.76197425103504
81.0 110.0 109.87572057094528
81.0 111.0 112.74617246082774
81.0 112.0 197.11561070980125
82.0 83.0 13.380224667362363
82.0 84.0 163.97631611498514
82.0 86.0 171.35645278521298
82.0 87.0 169.3087495648159
82.0 88.0 209.83761422261455
82.0 89.0 210.94481531229022
82.0 90.0 186.14501718488816
82.0 91.0 189.01948342727277
82.0 92.0 18.232279793717147
82.0 94.0 30.766517521982514
82.0 95.0 39.1434214979845
82.0 96.0 40.463170822639334
82.0 97.0 44.56945891368421
82.0 98.0 245.2128908147426
82.0 100.0 92.02450232635633
82.0 101.0 69.24793114336677
82.0 102.0 69.28534658093234
82.0 104.0 81.21032561368115
82.0 105.0 80.77553956712289
82.0 107.0 190.56749468512766
82.0 109.0 254.98651836272631
82.0 110.0 255.10026466251003
82.0 111.0 257.9707165615583
82.0 112.0 88.07941890787583
83.0 84.0 160.10004471949821
83.0 86.0 167.48018139013627
83.0 87.0 165.43247816765737
83.0 88.0 205.96134282638107
83.0 89.0 207.068543916718
83.0 90.0 182.26874578847753
83.0 91.0 185.1432120314533
83.0 92.0 4.852055126233937
83.0 94.0 26.890246126302372
83.0 95.0 35.26715010165369
83.0 96.0 36.58689942754239
83.0 97.0 40.69318752064635
83.0 98.0 241.33661941417154
83.0 100.0 88.14823093284372
83.0 101.0 65.37165974850622
83.0 102.0 65.40907518470007
83.0 104.0 77.33405421457107
83.0 105.0 76.89926816855018
83.0 107.0 186.69122329056498
83.0 109.0 251.11024696490426
83.0 110.0 251.22399326077758
83.0 111.0 254.09444516282568
83.0 112.0 84.2031475128851
84.0 86.0 25.701535142552466
84.0 87.0 23.653831921707283
84.0 88.0 94.4351110691034
84.0 89.0 95.54231216636228
84.0 90.0 70.74251403564847
84.0 91.0 73.6169802758659
84.0 92.0 164.9520998459867
84.0 94.0 168.84053076306844
84.0 95.0 177.21743473894685
84.0 96.0 178.53718406281666
84.0 97.0 182.64347215713101
84.0 98.0 129.81038766073456
84.0 100.0 179.16745251681277
84.0 101.0 156.3908813327434
84.0 102.0 156.4282967687223
84.0 104.0 168.3532758002085
84.0 105.0 167.91848975720072
84.0 107.0 75.16499153389405
84.0 109.0 139.58401520690413
84.0 110.0 139.69776151046165
84.0 111.0 142.56821341219617
84.0 112.0 175.22236909938803
86.0 87.0 5.903065084647775
86.0 88.0 101.81524774524583
86.0 89.0 102.9224488307621
86.0 90.0 78.12265070638878
86.0 91.0 80.99711694592966
86.0 92.0 172.33223651597135
86.0 94.0 176.22066743440857
86.0 95.0 184.59757141049738
86.0 96.0 185.91732073420067
86.0 97.0 190.0236088286269
86.0 98.0 137.19052433504214
86.0 100.0 186.54758918593262
86.0 101.0 163.77101800242465
86.0 102.0 163.80843343798648
86.0 104.0 175.73341246888418
86.0 105.0 175.29862642592244
86.0 107.0 82.54512820124455
86.0 109.0 146.96415187834174
86.0 110.0 147.07789818126957
86.0 111.0 149.94835008076072
86.0 112.0 182.60250576908666
87.0 88.0 99.76754452564316
87.0 89.0 100.87474561095577
87.0 90.0 76.07494748199564
87.0 91.0 78.94941372790456
87.0 92.0 170.28453329517367
87.0 94.0 174.17296421191887
87.0 95.0 182.5498681891532
87.0 96.0 183.86961751409967
87.0 97.0 187.97590560832353
87.0 98.0 135.14282111376934
87.0 100.0 184.49988596555843
87.0 101.0 161.72331478178506
87.0 102.0 161.76073021691244
87.0 104.0 173.68570924802424
87.0 105.0 173.250923204694
87.0 107.0 80.49742498397231
87.0 109.0 144.91644866683555
87.0 110.0 145.03019495429174
87.0 111.0 147.90064686048683
87.0 112.0 180.55480254802924
88.0 89.0 1.1072010905778285
88.0 90.0 48.723430711903326
88.0 91.0 51.597896954788325
88.0 92.0 210.8133979528899
88.0 94.0 214.7018288688759
88.0 95.0 223.07873284579426
88.0 96.0 224.39848216943534
88.0 97.0 228.50477026320283
88.0 98.0 50.71837671142659
88.0 100.0 225.028750623782
88.0 101.0 202.25217943800754
88.0 102.0 202.2895948747967
88.0 104.0 214.21457390598562
88.0 105.0 213.77978786246177
88.0 107.0 69.31100706499382
88.0 109.0 60.492004263035085
88.0 110.0 60.6057505865033
88.0 111.0 63.47620245777044
88.0 112.0 221.0836672045125
89.0 90.0 49.83063180268357
89.0 91.0 52.70509804551791
89.0 92.0 211.92059904266233
89.0 94.0 215.8090299606755
89.0 95.0 224.18593393548343
89.0 96.0 225.50568325966023
89.0 97.0 229.61197135432343
89.0 98.0 51.82557781089665
89.0 100.0 226.13595171359594
89.0 101.0 203.35938052914594
89.0 102.0 203.39679596558486
89.0 104.0 215.32177499617876
89.0 105.0 214.88698895292538
89.0 107.0 70.4182081555152
89.0 109.0 61.59920535732074
89.0 110.0 61.71295164973545
89.0 111.0 64.58340355157577
89.0 112.0 222.1908682944087
90.0 91.0 8.505257776047673
90.0 92.0 187.12080091568632
90.0 94.0 191.00923183208445
90.0 95.0 199.3861358077566
90.0 96.0 200.70588513431778
90.0 97.0 204.81217322619466
90.0 98.0 84.09870729191995
90.0 100.0 201.33615358211136
90.0 101.0 178.5595823988495
90.0 102.0 178.5969978360112
90.0 104.0 190.52197687175777
90.0 105.0 190.08719082575647
90.0 107.0 45.61841002749788
90.0 109.0 93.87233486729787
90.0 110.0 93.98608114029044
90.0 111.0 96.85653301553342
90.0 112.0 197.3910701639627
91.0 92.0 189.99526715833093
91.0 94.0 193.88369807579252
91.0 95.0 202.26060205094768
91.0 96.0 203.58035137485422
91.0 97.0 207.686639469253
91.0 98.0 86.97317345824058
91.0 100.0 204.21061983379167
91.0 101.0 181.4340486435219
91.0 102.0 181.471464078684
91.0 104.0 193.39644310952664
91.0 105.0 192.9616570627016
91.0 107.0 48.49287627048146
91.0 109.0 96.74680109270932
91.0 110.0 96.8605473805967
91.0 111.0 99.73099928322809
91.0 112.0 200.26553640648035
92.0 94.0 31.742301252702646
92.0 95.0 40.11920523082891
92.0 96.0 41.438954553044105
92.0 97.0 45.54524264587097
92.0 98.0 246.1886745410414
92.0 100.0 93.00028606010852
92.0 101.0 70.22371487753611
92.0 102.0 70.26113030802925
92.0 104.0 82.18610933944726
92.0 105.0 81.75132329495537
92.0 107.0 191.5432784153482
92.0 109.0 255.96230209183176
92.0 110.0 256.07604839659587
92.0 111.0 258.94650029234657
92.0 112.0 89.05520263786073
94.0 95.0 19.106597963184406
94.0 96.0 20.426347287637643
94.0 97.0 24.532635382467603
94.0 98.0 250.0771054586981
94.0 100.0 96.8887169773555
94.0 101.0 74.11214578839683
94.0 102.0 74.1495612272846
94.0 104.0 86.07454025696956
94.0 105.0 85.63975421303314
94.0 107.0 195.43170933121044
94.0 109.0 259.85073300897596
94.0 110.0 259.9644793150501
94.0 111.0 262.83493120565913
94.0 112.0 92.94363355605913
95.0 96.0 17.927390949239502
95.0 97.0 5.426037418199561
95.0 98.0 258.4540094367218
95.0 100.0 105.26562095207669
95.0 101.0 82.48904976505216
95.0 102.0 82.52646520228791
95.0 104.0 94.45144422908172
95.0 105.0 94.01665819029648
95.0 107.0 203.80861331090242
95.0 109.0 268.227636983768
95.0 110.0 268.3413832856164
95.0 111.0 271.21183518343315
95.0 112.0 101.32053753440256
96.0 97.0 23.35342836729507
96.0 98.0 259.77375876007756
96.0 100.0 106.58537027631033
96.0 101.0 83.80879909256082
96.0 102.0 83.8462145249627
96.0 104.0 95.77119355678661
96.0 105.0 95.33640751249851
96.0 107.0 205.12836264498873
96.0 109.0 269.5473863077092
96.0 110.0 269.6611326105141
96.0 111.0 272.5315845087573
96.0 112.0 102.64028685348057
97.0 98.0 263.88004685217163
97.0 100.0 110.69165837417711
97.0 101.0 87.91508717813855
97.0 102.0 87.95250262121552
97.0 104.0 99.8774816464119
97.0 105.0 99.44269560691839
97.0 107.0 209.2346507263569
97.0 109.0 273.65367440018326
97.0 110.0 273.76742070786366
97.0 111.0 276.63787260058695
97.0 112.0 106.7465749506906
98.0 100.0 260.40402721328655
98.0 101.0 237.62745602693917
98.0 102.0 237.6648714646193
98.0 104.0 249.5898504981002
98.0 105.0 249.15506445056124
98.0 107.0 104.68628365607157
98.0 109.0 15.728588422909244
98.0 110.0 15.842334725085014
98.0 111.0 18.712786620512013
98.0 112.0 256.45894379424817
100.0 101.0 71.72067612794311
100.0 102.0 71.75809156407328
100.0 104.0 83.68307059531618
100.0 105.0 83.24828455192464
100.0 107.0 205.7586310870158
100.0 109.0 270.17765476376644
100.0 110.0 270.2914010622658
100.0 111.0 273.16185296862363
100.0 112.0 90.55216389384593
101.0 102.0 14.814829681669327
101.0 104.0 11.962394467336878
101.0 105.0 11.527608424020505
101.0 107.0 182.9820599024477
101.0 109.0 247.40108358262196
101.0 110.0 247.51482988469502
101.0 111.0 250.3852817780235
101.0 112.0 18.83148776594854
102.0 104.0 26.777224149149944
102.0 105.0 26.342438105794315
102.0 107.0 183.01947533340928
102.0 109.0 247.43849901814175
102.0 110.0 247.55224532086308
102.0 111.0 250.42269721196973
102.0 112.0 33.64631744777789
104.0 105.0 10.859154828760538
104.0 107.0 194.9444543623718
104.0 109.0 259.363478047963
104.0 110.0 259.47722435282355
104.0 111.0 262.3476762463139
104.0 112.0 18.16303417101486
105.0 107.0 194.50966831972192
105.0 109.0 258.9286920066224
105.0 110.0 259.0424383086436
105.0 111.0 261.9128902067881
105.0 112.0 7.303879342135182
107.0 109.0 114.45991120279845
107.0 110.0 114.57365750020324
107.0 111.0 117.4441093976285
107.0 112.0 201.81354766456542
109.0 110.0 17.716600546235213
109.0 111.0 20.587052442038903
109.0 112.0 266.2325713452328
110.0 111.0 11.73718462653468
110.0 112.0 266.34631764590324
111.0 112.0 269.2167695508196
