2.0 3.0 2.696322031592296
2.0 4.0 2.575514658080837
2.0 5.0 4.728875132492631
2.0 6.0 6.711494406465222
2.0 11.0 13.8961690840015
2.0 13.0 16.335826980204445
2.0 16.0 21.531467005264556
2.0 18.0 5.0763013795198635
2.0 20.0 7.454674784472936
2.0 21.0 9.628566455724709
2.0 23.0 11.601166289471388
2.0 24.0 17.733082841058724
2.0 26.0 21.54398882441921
2.0 27.0 23.665532653931443
2.0 29.0 29.933234203534656
2.0 30.0 29.403631413205204
2.0 31.0 31.329119078042275
2.0 36.0 38.63517447960871
2.0 39.0 46.266539887041745
2.0 40.0 45.86518189081532
2.0 42.0 13.643035493216367
2.0 43.0 13.911109063234488
2.0 44.0 17.529315015937286
2.0 46.0 23.890559471182613
2.0 47.0 24.884826256786468
2.0 48.0 26.534418075221396
2.0 49.0 17.684138158796145
2.0 50.0 20.712864113333396
2.0 51.0 21.95822696260176
2.0 52.0 25.667260267177735
2.0 53.0 28.757550398201342
2.0 54.0 31.681747194448942
2.0 57.0 54.785446141730986
2.0 59.0 57.703303667660556
2.0 61.0 57.059642011244094
2.0 62.0 64.77596412592567
2.0 63.0 60.82837021763335
2.0 65.0 19.63691380988769
2.0 66.0 22.87014004407367
2.0 67.0 28.368886650050364
2.0 68.0 31.984713088044966
2.0 69.0 36.65541449635257
2.0 70.0 28.89385490154267
2.0 73.0 39.436689823467006
2.0 74.0 44.4824086263128
2.0 75.0 44.68086809766038
2.0 76.0 36.807147364832886
2.0 78.0 43.12990038713968
2.0 79.0 49.78289547476014
2.0 80.0 47.6768477488299
2.0 81.0 46.47595590846666
2.0 82.0 18.328637735047927
2.0 83.0 19.947123314838375
2.0 84.0 43.09033609992563
2.0 86.0 56.96288425913444
2.0 87.0 59.62658959024865
2.0 88.0 64.11095397844267
2.0 89.0 74.11095397379572
2.0 90.0 43.9798400253017
2.0 91.0 41.590260728703576
2.0 92.0 25.921906484245103
2.0 94.0 24.284160379473583
2.0 95.0 27.919150447133102
2.0 96.0 30.427220671100006
2.0 97.0 34.89591269222745
2.0 98.0 73.30194897418569
2.0 100.0 44.56675061183037
2.0 101.0 27.551935151585162
2.0 102.0 27.321344532964243
2.0 104.0 35.450170555774115
2.0 105.0 36.400570901078005
2.0 107.0 51.44938577086318
2.0 109.0 74.03030061350252
2.0 110.0 83.12846352252268
2.0 111.0 82.45101149529953
2.0 112.0 41.278054069347654
3.0 4.0 5.271836690719033
3.0 5.0 2.0325531007677973
3.0 6.0 4.015172374800921
3.0 11.0 11.199847052237269
3.0 13.0 13.63950494840823
3.0 16.0 18.83514497369839
3.0 18.0 7.7726234112918355
3.0 20.0 10.150996816147478
3.0 21.0 12.324888487413403
3.0 23.0 14.29748832116433
3.0 24.0 20.42940487336191
3.0 26.0 24.24031085610711
3.0 27.0 26.361854685696677
3.0 29.0 32.629556235381756
3.0 30.0 32.099953445067
3.0 31.0 34.025441109569606
3.0 36.0 41.33149651154281
3.0 39.0 48.96286191837842
3.0 40.0 48.56150392438086
3.0 42.0 10.946713461371601
3.0 43.0 11.214787031500894
3.0 44.0 14.832992984176665
3.0 46.0 21.194237439389532
3.0 47.0 22.188504225088682
3.0 48.0 23.838096043620183
3.0 49.0 14.98781612708345
3.0 50.0 18.01654208160634
3.0 51.0 19.261904930888516
3.0 52.0 22.97093823537477
3.0 53.0 26.061228366667812
3.0 54.0 28.985425162645118
3.0 57.0 57.481768172022235
3.0 59.0 60.399625702679614
3.0 61.0 59.75596404205527
3.0 62.0 67.47228615293363
3.0 63.0 63.52469223709015
3.0 65.0 16.940591778070274
3.0 66.0 20.17381801230629
3.0 67.0 25.672564618047723
3.0 68.0 29.288391056295474
3.0 69.0 33.959092464560534
3.0 70.0 26.197532869716763
3.0 73.0 42.13301185507242
3.0 74.0 47.17873065850194
3.0 75.0 47.37719012900871
3.0 76.0 39.503469396761105
3.0 78.0 45.826222418715474
3.0 79.0 52.479217506570194
3.0 80.0 50.3731697805217
3.0 81.0 49.17227794026421
3.0 82.0 15.632315703246912
3.0 83.0 17.250801283017466
3.0 84.0 45.78665813193617
3.0 86.0 59.65920629126252
3.0 87.0 62.32291162250925
3.0 88.0 66.80727600645056
3.0 89.0 76.80727600763845
3.0 90.0 46.67616205700702
3.0 91.0 44.28658276047472
3.0 92.0 23.225584452335806
3.0 94.0 21.587838347848365
3.0 95.0 25.222828415154538
3.0 96.0 27.730898639653937
3.0 97.0 32.19959066053675
3.0 98.0 75.99827099818265
3.0 100.0 41.870428580075355
3.0 101.0 24.85561311978822
3.0 102.0 24.625022501057163
3.0 104.0 32.75384852426188
3.0 105.0 33.70424886936601
3.0 107.0 54.14570780199085
3.0 109.0 76.72662264537472
3.0 110.0 85.82478554188118
3.0 111.0 85.14733353036605
3.0 112.0 38.581732037595216
4.0 5.0 7.304389790794666
4.0 6.0 9.28700906463316
4.0 11.0 16.47168374223854
4.0 13.0 18.91134163823173
4.0 16.0 24.106981663644184
4.0 18.0 2.5007867213947192
4.0 20.0 4.879160126243272
4.0 21.0 7.053051797416854
4.0 23.0 9.025651631305838
4.0 24.0 15.157568183194153
4.0 26.0 18.968474166446057
4.0 27.0 21.09001799563164
4.0 29.0 27.357719545283963
4.0 30.0 26.82811675521179
4.0 31.0 28.753604419842677
4.0 36.0 36.05965982155031
4.0 39.0 43.691025224882786
4.0 40.0 43.28966723188009
4.0 42.0 16.21855015134091
4.0 43.0 16.48662372137905
4.0 44.0 20.10482967406538
4.0 46.0 26.466074128981575
4.0 47.0 27.46034091488128
4.0 48.0 29.109932733641674
4.0 49.0 20.259652816951817
4.0 50.0 23.28837877147371
4.0 51.0 24.53374162063785
4.0 52.0 28.2427749252836
4.0 53.0 31.333065056393004
4.0 54.0 34.25726185274346
4.0 57.0 52.209931482347976
4.0 59.0 55.12778900965678
4.0 61.0 54.48412735459194
4.0 62.0 62.20044946340884
4.0 63.0 58.25285555219648
4.0 65.0 22.2124284679995
4.0 66.0 25.445654702237682
4.0 67.0 30.944401307922206
4.0 68.0 34.56022774604353
4.0 69.0 39.23092915471765
4.0 70.0 31.46936955979864
4.0 73.0 36.86117516534579
4.0 74.0 41.90689396815595
4.0 75.0 42.10535343953857
4.0 76.0 34.23163270697666
4.0 78.0 40.5543857288365
4.0 79.0 47.20738081650523
4.0 80.0 45.10133309112741
4.0 81.0 43.900441250031434
4.0 82.0 20.90415239312633
4.0 83.0 22.522637972874332
4.0 84.0 40.51482144168675
4.0 86.0 54.387369601292725
4.0 87.0 57.05107493212556
4.0 88.0 61.53543932018432
4.0 89.0 71.53543931842069
4.0 90.0 41.40432536709617
4.0 91.0 39.014746070458195
4.0 92.0 28.497421142323592
4.0 94.0 26.859675037764774
4.0 95.0 30.4946651053881
4.0 96.0 33.00273532954904
4.0 97.0 37.47142735003915
4.0 98.0 70.72643431193177
4.0 100.0 47.14226526989563
4.0 101.0 30.127449809696344
4.0 102.0 29.89685919088243
4.0 104.0 38.02568521400737
4.0 105.0 38.97608555915693
4.0 107.0 48.8738711122841
4.0 109.0 71.45478594992444
4.0 110.0 80.55294886557812
4.0 111.0 79.87549684006171
4.0 112.0 43.85356872743085
5.0 6.0 1.9826192739590174
5.0 11.0 9.167293951321888
5.0 13.0 11.606951847607704
5.0 16.0 16.80259187290895
5.0 18.0 9.805176512098988
5.0 20.0 12.183549916978258
5.0 21.0 14.35744158819966
5.0 23.0 16.330041422036786
5.0 24.0 22.461957973879517
5.0 26.0 26.272863956946566
5.0 27.0 28.39440778650638
5.0 29.0 34.66210933627016
5.0 30.0 34.132506545843455
5.0 31.0 36.05799421061288
5.0 36.0 43.364049612203274
5.0 39.0 50.9954150185014
5.0 40.0 50.59405702734246
5.0 42.0 8.914160360596025
5.0 43.0 9.182233930662857
5.0 44.0 12.800439883442658
5.0 46.0 19.161684338475514
5.0 47.0 20.155951124299747
5.0 48.0 21.805542942893382
5.0 49.0 12.95526302622693
5.0 50.0 15.983988980812391
5.0 51.0 17.229351829962376
5.0 52.0 20.938385134702067
5.0 53.0 24.02867526565021
5.0 54.0 26.952872061954473
5.0 57.0 59.51432127235971
5.0 59.0 62.43217880040049
5.0 61.0 61.788517146601635
5.0 62.0 69.5048392507215
5.0 63.0 65.55724534471528
5.0 65.0 14.908038677279942
5.0 66.0 18.141264911567603
5.0 67.0 23.64001151727312
5.0 68.0 27.255837955399002
5.0 69.0 31.926539363732378
5.0 70.0 24.16497976897173
5.0 73.0 44.165564956183495
5.0 74.0 49.21128375901904
5.0 75.0 49.40974323012315
5.0 76.0 41.53602249759981
5.0 78.0 47.85877551963031
5.0 79.0 54.511770607162084
5.0 80.0 52.40572288161409
5.0 81.0 51.20483104085996
5.0 82.0 13.59976260242561
5.0 83.0 15.21824818228177
5.0 84.0 47.8192112319569
5.0 86.0 61.69175939176607
5.0 87.0 64.35546472258116
5.0 88.0 68.83982910643994
5.0 89.0 78.83982910733113
5.0 90.0 48.708715157593176
5.0 91.0 46.31913586139307
5.0 92.0 21.193031351735602
5.0 94.0 19.555285247020915
5.0 95.0 23.190275314562797
5.0 96.0 25.698345538736685
5.0 97.0 30.167037559800633
5.0 98.0 78.03082409746246
5.0 100.0 39.83787547924427
5.0 101.0 22.823060018901007
5.0 102.0 22.592469400223173
5.0 104.0 30.721295423245035
5.0 105.0 31.671695768617607
5.0 107.0 56.17826090274362
5.0 109.0 78.75917573882117
5.0 110.0 87.85733866503344
5.0 111.0 87.17988663659143
5.0 112.0 36.54917893677552
6.0 11.0 7.1846746775708805
6.0 13.0 9.62433257362628
6.0 16.0 14.819972598986222
6.0 18.0 11.787795785935785
6.0 20.0 14.166169190892884
6.0 21.0 16.340060862131782
6.0 23.0 18.31266069598209
6.0 24.0 24.44457724786792
6.0 26.0 28.255483230882085
6.0 27.0 30.377027060380268
6.0 29.0 36.64472861006864
6.0 30.0 36.11512581974542
6.0 31.0 38.0406134844756
6.0 36.0 45.34666888605517
6.0 39.0 52.978034290420695
6.0 40.0 52.57667629916187
6.0 42.0 6.931541086996917
6.0 43.0 7.199614656744162
6.0 44.0 10.817820609419403
6.0 46.0 17.179065064466283
6.0 47.0 18.173331850317403
6.0 48.0 19.822923668949887
6.0 49.0 10.972643752236982
6.0 50.0 14.001369706789722
6.0 51.0 15.246732556038326
6.0 52.0 18.955765860698047
6.0 53.0 22.046055991786947
6.0 54.0 24.97025278810836
6.0 57.0 61.49694054810445
6.0 59.0 64.41479807454024
6.0 61.0 63.771136413902184
6.0 62.0 71.48745852621984
6.0 63.0 67.53986461749156
6.0 65.0 12.925419403306925
6.0 66.0 16.158645637478084
6.0 67.0 21.657392243328843
6.0 68.0 25.273218681519634
6.0 69.0 29.94392008974301
6.0 70.0 22.182360495091412
6.0 73.0 46.14818422978784
6.0 74.0 51.19390303332119
6.0 75.0 51.39236250433915
6.0 76.0 43.51864177177849
6.0 78.0 49.841394793595555
6.0 79.0 56.49438988111645
6.0 80.0 54.38834215576789
6.0 81.0 53.187450314613244
6.0 82.0 11.617143328565525
6.0 83.0 13.235628908418802
6.0 84.0 49.801830506082986
6.0 86.0 63.67437866569936
6.0 87.0 66.33808399709989
6.0 88.0 70.82244838024147
6.0 89.0 80.82244838229617
6.0 90.0 50.69133443141003
6.0 91.0 48.30175513524324
6.0 92.0 19.21041207767023
6.0 94.0 17.57266597306805
6.0 95.0 21.2076560405192
6.0 96.0 23.7157262649347
6.0 97.0 28.18441828589676
6.0 98.0 80.01344337655158
6.0 100.0 37.855256205263224
6.0 101.0 20.840440745081143
6.0 102.0 20.609850126322865
6.0 104.0 28.738676149350944
6.0 105.0 29.68907649472226
6.0 107.0 58.16088017673762
6.0 109.0 80.74179502917328
6.0 110.0 89.83995792583622
6.0 111.0 89.16250590592031
6.0 112.0 34.566559662820126
11.0 13.0 12.062743820477257
11.0 16.0 17.25838384595252
11.0 18.0 18.972470463533156
11.0 20.0 21.35084386848466
11.0 21.0 23.524735539565476
11.0 23.0 25.49733537349836
11.0 24.0 31.629251925128806
11.0 26.0 35.44015790838468
11.0 27.0 37.56170173784062
11.0 29.0 43.829403287220416
11.0 30.0 43.29980049742014
11.0 31.0 45.22528816190703
11.0 36.0 52.5313435636373
11.0 39.0 60.16270897062927
11.0 40.0 59.761350979478074
11.0 42.0 11.369952333647117
11.0 43.0 11.638025903567327
11.0 44.0 15.256231856471732
11.0 46.0 21.617476311384056
11.0 47.0 22.611743097337456
11.0 48.0 24.26133491574214
11.0 49.0 15.411054999499186
11.0 50.0 18.439780953536438
11.0 51.0 19.685143803056313
11.0 52.0 23.394177107570435
11.0 53.0 26.484467238891778
11.0 54.0 29.408664034648922
11.0 57.0 68.6816152266052
11.0 59.0 71.59947275078287
11.0 61.0 70.95581109767997
11.0 62.0 78.6721332112732
11.0 63.0 74.72453930339186
11.0 65.0 17.363830650411643
11.0 66.0 20.59705688401759
11.0 67.0 26.095803489976717
11.0 68.0 29.71162992836099
11.0 69.0 34.38233133604255
11.0 70.0 26.620771741965168
11.0 73.0 53.332858907240436
11.0 74.0 58.37857771086156
11.0 75.0 58.57703718176005
11.0 76.0 50.703316449142676
11.0 78.0 57.02606947106874
11.0 79.0 63.679064558405926
11.0 80.0 61.5730168330991
11.0 81.0 60.37212499246547
11.0 82.0 14.055554575269017
11.0 83.0 15.674040155262073
11.0 84.0 56.986505183096625
11.0 86.0 70.85905334303644
11.0 87.0 73.5227586744897
11.0 88.0 78.00712306118061
11.0 89.0 88.00712306003226
11.0 90.0 57.876009109154516
11.0 91.0 55.48642981235552
11.0 92.0 21.648823324685512
11.0 94.0 20.01107722004509
11.0 95.0 23.646067287648666
11.0 96.0 26.154137511956982
11.0 97.0 30.622829532863225
11.0 98.0 87.19811804794993
11.0 100.0 42.29366745233525
11.0 101.0 25.278851991847397
11.0 102.0 25.04826137302223
11.0 104.0 33.17708739626277
11.0 105.0 34.127487741460804
11.0 107.0 65.34555485432826
11.0 109.0 87.92646969326779
11.0 110.0 97.02463259851612
11.0 111.0 96.34718057478833
11.0 112.0 39.00497090981046
13.0 16.0 16.844231932344456
13.0 18.0 21.41212835983012
13.0 20.0 23.790501764577154
13.0 21.0 25.96439343556216
13.0 23.0 27.93699326948432
13.0 24.0 34.06890982167744
13.0 26.0 37.87981580447149
13.0 27.0 40.00135963402526
13.0 29.0 46.26906118361464
13.0 30.0 45.73945839357383
13.0 31.0 47.66494605832722
13.0 36.0 54.971001459633996
13.0 39.0 62.60236686462332
13.0 40.0 62.201008869545944
13.0 42.0 13.809610229668952
13.0 43.0 14.077683799602404
13.0 44.0 17.695889752403865
13.0 46.0 24.05713420734232
13.0 47.0 25.05140099315951
13.0 48.0 26.70099281176099
13.0 49.0 17.850712895353887
13.0 50.0 20.879438849924863
13.0 51.0 22.12480169885235
13.0 52.0 25.83383500372137
13.0 53.0 28.924125134492485
13.0 54.0 31.84832193095565
13.0 57.0 71.12127311786142
13.0 59.0 74.03913064812998
13.0 61.0 73.39546899120961
13.0 62.0 81.1117911011446
13.0 63.0 77.16419719515139
13.0 65.0 19.8034885463777
13.0 66.0 23.036714780394
13.0 67.0 28.53546138618683
13.0 68.0 32.151287824407234
13.0 69.0 36.82198923228212
13.0 70.0 29.06042963793766
13.0 73.0 55.7725168035395
13.0 74.0 60.81823560685072
13.0 75.0 61.01669507780364
13.0 76.0 53.14297434503832
13.0 78.0 59.46572736705002
13.0 79.0 66.11872245471639
13.0 80.0 64.01267472923308
13.0 81.0 62.81178288865774
13.0 82.0 13.641402661595334
13.0 83.0 15.259888241110366
13.0 84.0 59.4261630795863
13.0 86.0 73.29871123999206
13.0 87.0 75.96241657011072
13.0 88.0 80.44678095416374
13.0 89.0 90.44678095769503
13.0 90.0 60.31566700516133
13.0 91.0 57.926087708561354
13.0 92.0 21.234671410756334
13.0 94.0 19.596925306110403
13.0 95.0 23.23191537361308
13.0 96.0 25.73998559783702
13.0 97.0 30.208677618816758
13.0 98.0 89.63777595267692
13.0 100.0 44.73332534815497
13.0 101.0 27.718509888101515
13.0 102.0 27.48791926934664
13.0 104.0 35.61674529271422
13.0 105.0 36.56714563749151
13.0 107.0 67.78521275011983
13.0 109.0 90.36612759516304
13.0 110.0 99.46429048709524
13.0 111.0 98.78683846615874
13.0 112.0 41.44462880572285
16.0 18.0 26.607768384964128
16.0 20.0 28.986141789476008
16.0 21.0 31.160033461068927
16.0 23.0 33.13263329495747
16.0 24.0 39.26454984700493
16.0 26.0 43.075455829919804
16.0 27.0 45.19699965963706
16.0 29.0 51.464701209246414
16.0 30.0 50.93509841875979
16.0 31.0 52.86058608340929
16.0 36.0 60.16664148544906
16.0 39.0 67.79800688958713
16.0 40.0 67.39664889747436
16.0 42.0 19.00525025503657
16.0 43.0 19.27332382512299
16.0 44.0 22.891529777929907
16.0 46.0 29.252774233023167
16.0 47.0 30.24704101872446
16.0 48.0 31.896632837275828
16.0 49.0 23.046352920783526
16.0 50.0 26.075078875266833
16.0 51.0 27.320441724610735
16.0 52.0 31.02947502914742
16.0 53.0 34.119765159867306
16.0 54.0 37.043961956135696
16.0 57.0 76.31691314536516
16.0 59.0 79.23477067157523
16.0 61.0 78.5911090171148
16.0 62.0 86.30743112337295
16.0 63.0 82.35983721596739
16.0 65.0 24.999128571788283
16.0 66.0 28.23235480601005
16.0 67.0 33.73110141178418
16.0 68.0 37.346927849907374
16.0 69.0 42.01762925848011
16.0 70.0 34.25606966345038
16.0 73.0 60.968156828818714
16.0 74.0 66.01387563207766
16.0 75.0 66.21233510316773
16.0 76.0 58.338614370919046
16.0 78.0 64.6613673925555
16.0 79.0 71.31436248009328
16.0 80.0 69.20831475449108
16.0 81.0 68.00742291357105
16.0 82.0 14.607526640748716
16.0 83.0 16.226012220534273
16.0 84.0 64.62180310584685
16.0 86.0 78.49435126552902
16.0 87.0 81.1580565955701
16.0 88.0 85.64242098033083
16.0 89.0 95.64242097926912
16.0 90.0 65.51130703046667
16.0 91.0 63.12172773344223
16.0 92.0 22.200795389956568
16.0 94.0 13.097277772832147
16.0 95.0 16.732267840367477
16.0 96.0 19.240338064665224
16.0 97.0 23.709030085561263
16.0 98.0 94.83341597960867
16.0 100.0 49.928965373810414
16.0 101.0 32.914149913683055
16.0 102.0 32.68355929457683
16.0 104.0 40.81238531796554
16.0 105.0 41.76278566313378
16.0 107.0 72.98085277571448
16.0 109.0 95.56176761820072
16.0 110.0 104.65993053479812
16.0 111.0 103.98247850184038
16.0 112.0 46.640268831435485
18.0 20.0 2.3783734048893934
18.0 21.0 4.552265076119133
18.0 23.0 6.5248649099828615
18.0 24.0 12.65678146197158
18.0 26.0 16.467687445036447
18.0 27.0 18.589231274400653
18.0 29.0 24.856932823941566
18.0 30.0 24.327330033730867
18.0 31.0 26.25281769853884
18.0 36.0 33.55887310026504
18.0 39.0 41.19023851020193
18.0 40.0 40.78888051181734
18.0 42.0 18.719336872761822
18.0 43.0 18.987410442834012
18.0 44.0 22.60561639548227
18.0 46.0 28.966860850686324
18.0 47.0 29.96112763645693
18.0 48.0 31.610719455006702
18.0 49.0 22.760439538350816
18.0 50.0 25.789165492888976
18.0 51.0 27.034528342093353
18.0 52.0 30.74356164680324
18.0 53.0 33.83385177783251
18.0 54.0 36.758048574162515
18.0 57.0 49.709144761345044
18.0 59.0 52.627002282952446
18.0 61.0 51.98334062819369
18.0 62.0 59.69966273282844
18.0 63.0 55.75206882608781
18.0 65.0 24.713215189373955
18.0 66.0 27.946441423588947
18.0 67.0 33.44518802936887
18.0 68.0 37.06101446739859
18.0 69.0 41.73171587607343
18.0 70.0 33.97015628124445
18.0 73.0 34.36038844391332
18.0 74.0 39.40610724672926
18.0 75.0 39.60456671817364
18.0 76.0 31.730845985563292
18.0 78.0 38.0535990075491
18.0 79.0 44.70659409521687
18.0 80.0 42.600546369576406
18.0 81.0 41.39965452880818
18.0 82.0 23.404939114556413
18.0 83.0 25.02342469401036
18.0 84.0 38.01403472076043
18.0 86.0 51.88658288007309
18.0 87.0 54.55028821128454
18.0 88.0 59.03465259865216
18.0 89.0 69.03465259744256
18.0 90.0 38.90353864545673
18.0 91.0 36.51395934881078
18.0 92.0 30.99820786346296
18.0 94.0 29.360461758920913
18.0 95.0 32.99545182631033
18.0 96.0 35.50352205075785
18.0 97.0 39.97221407184811
18.0 98.0 68.22564759528989
18.0 100.0 49.64305199127074
18.0 101.0 32.62823653095229
18.0 102.0 32.39764591227678
18.0 104.0 40.52647193546966
18.0 105.0 41.476872280596574
18.0 107.0 46.37308439094356
18.0 109.0 68.95399923574263
18.0 110.0 78.05216214435376
18.0 111.0 77.3747101190231
18.0 112.0 46.3543554486549
20.0 21.0 2.1738916712709244
20.0 23.0 4.146491505046107
20.0 24.0 10.278408056875087
20.0 26.0 14.089314040051523
20.0 27.0 16.210857869374912
20.0 29.0 22.478559419059952
20.0 30.0 21.948956629059527
20.0 31.0 23.87444429366421
20.0 36.0 31.18049969545357
20.0 39.0 38.811865104356244
20.0 40.0 38.41050711083604
20.0 42.0 21.09771027763483
20.0 43.0 21.365783847572256
20.0 44.0 24.98398980042559
20.0 46.0 31.34523425535095
20.0 47.0 32.339501041433934
20.0 48.0 33.98909285995605
20.0 49.0 25.13881294326103
20.0 50.0 28.167538897757105
20.0 51.0 29.412901746915857
20.0 52.0 33.12193505159923
20.0 53.0 36.21222518276421
20.0 54.0 39.1364219788156
20.0 57.0 47.33077135524667
20.0 59.0 50.24862888466062
20.0 61.0 49.604967228451606
20.0 62.0 57.32128933746753
20.0 63.0 53.37369542248161
20.0 65.0 27.09158859410218
20.0 66.0 30.324814828431013
20.0 67.0 35.823561434265855
20.0 68.0 39.4393878723387
20.0 69.0 44.110089280652126
20.0 70.0 36.348529685768
20.0 73.0 31.982015038775884
20.0 74.0 37.027733842262236
20.0 75.0 37.22619331350526
20.0 76.0 29.35247258068796
20.0 78.0 35.67522560262131
20.0 79.0 42.328220690341425
20.0 80.0 40.22217296471784
20.0 81.0 39.02128112404172
20.0 82.0 25.78331251939456
20.0 83.0 27.401798099347705
20.0 84.0 35.635661315081975
20.0 86.0 49.50820947546952
20.0 87.0 52.17191480614311
20.0 88.0 56.65627919129601
20.0 89.0 66.65627919032484
20.0 90.0 36.525165240900826
20.0 91.0 34.13558594435648
20.0 92.0 33.37658126861297
20.0 94.0 31.738835163803277
20.0 95.0 35.37382523136077
20.0 96.0 37.881895455559075
20.0 97.0 42.35058747630385
20.0 98.0 65.84727418365375
20.0 100.0 52.02142539631339
20.0 101.0 35.00660993584458
20.0 102.0 34.77601931718509
20.0 104.0 42.90484534019183
20.0 105.0 43.85524568540224
20.0 107.0 43.994710985816354
20.0 109.0 66.57562582112826
20.0 110.0 75.67378873975402
20.0 111.0 74.99633670837261
20.0 112.0 48.73272885399001
21.0 23.0 1.9725998337678075
21.0 24.0 8.104516385680835
21.0 26.0 11.915422368808173
21.0 27.0 14.036966198316001
21.0 29.0 20.304667747857906
21.0 30.0 19.775064957635188
21.0 31.0 21.70055262245559
21.0 36.0 29.00660802400641
21.0 39.0 36.6379734333855
21.0 40.0 36.23661543834644
21.0 42.0 23.271601948940617
21.0 43.0 23.539675518983202
21.0 44.0 27.157881471684203
21.0 46.0 33.51912592674353
21.0 47.0 34.5133927125844
21.0 48.0 36.16298453110685
21.0 49.0 27.312704614473496
21.0 50.0 30.34143056896362
21.0 51.0 31.586793418131954
21.0 52.0 35.29582672273834
21.0 53.0 38.38611685394679
21.0 54.0 41.31031365019843
21.0 57.0 45.15687968606065
21.0 59.0 48.0747372095438
21.0 61.0 47.43107555558961
21.0 62.0 55.14739765985252
21.0 63.0 51.1998037532105
21.0 65.0 29.265480265554842
21.0 66.0 32.498706499555226
21.0 67.0 37.99745310555819
21.0 68.0 41.61327954379155
21.0 69.0 46.28398095203715
21.0 70.0 38.5224213572054
21.0 73.0 29.80812336761583
21.0 74.0 34.85384217095424
21.0 75.0 35.05230164229926
21.0 76.0 27.178580909640566
21.0 78.0 33.5013339314709
21.0 79.0 40.15432901923545
21.0 80.0 38.048281293530444
21.0 81.0 36.847389452582235
21.0 82.0 27.957204190474535
21.0 83.0 29.575689770339707
21.0 84.0 33.4617696440435
21.0 86.0 47.33431780369237
21.0 87.0 49.998023134729095
21.0 88.0 54.482387517865746
21.0 89.0 64.48238751926696
21.0 90.0 34.35127356963804
21.0 91.0 31.961694273052686
21.0 92.0 35.55047293979426
21.0 94.0 33.91272683474197
21.0 95.0 37.54771690282761
21.0 96.0 40.055787126641086
21.0 97.0 44.524479147369625
21.0 98.0 63.67338251416359
21.0 100.0 54.19531706733966
21.0 101.0 37.18050160703581
21.0 102.0 36.94991098857252
21.0 104.0 45.07873701156403
21.0 105.0 46.02913735707949
21.0 107.0 41.82081931473856
21.0 109.0 64.40173415965276
21.0 110.0 73.49989707026184
21.0 111.0 72.8224450452503
21.0 112.0 50.90662052485747
23.0 24.0 6.13191655184864
23.0 26.0 9.942822535084339
23.0 27.0 12.0643663645629
23.0 29.0 18.332067914177788
23.0 30.0 17.802465123944994
23.0 31.0 19.727952788613354
23.0 36.0 27.0340081901936
23.0 39.0 34.66537359895955
23.0 40.0 34.264015604793556
23.0 42.0 25.244201782628004
23.0 43.0 25.51227535268844
23.0 44.0 29.13048130552847
23.0 46.0 35.491725760405174
23.0 47.0 36.485992546376046
23.0 48.0 38.13558436500463
23.0 49.0 29.28530444835591
23.0 50.0 32.31403040263686
23.0 51.0 33.55939325181989
23.0 52.0 37.268426556590704
23.0 53.0 40.3587166878864
23.0 54.0 43.28291348377221
23.0 57.0 43.18427985087991
23.0 59.0 46.10213737945138
23.0 61.0 45.45847571776166
23.0 62.0 53.17479783844546
23.0 63.0 49.22720391840773
23.0 65.0 31.238080099235713
23.0 66.0 34.47130633356499
23.0 67.0 39.970052939452
23.0 68.0 43.585879377379484
23.0 69.0 48.25658078603
23.0 70.0 40.49502119099276
23.0 73.0 27.835523533781107
23.0 74.0 32.88124233719314
23.0 75.0 33.07970180854359
23.0 76.0 25.205981075807948
23.0 78.0 31.528734097698404
23.0 79.0 38.18172918549048
23.0 80.0 36.0756814597615
23.0 81.0 34.874789618802005
23.0 82.0 29.929804024284245
23.0 83.0 31.548289604264326
23.0 84.0 31.48916981017544
23.0 86.0 45.361717970029716
23.0 87.0 48.02542330119267
23.0 88.0 52.50978768469758
23.0 89.0 62.50978768656206
23.0 90.0 32.37867373583987
23.0 91.0 29.98909443918673
23.0 92.0 37.52307277369263
23.0 94.0 35.885326668811814
23.0 95.0 39.520316736716325
23.0 96.0 42.0283869607196
23.0 97.0 46.49707898149579
23.0 98.0 61.7007826863751
23.0 100.0 56.16791690120914
23.0 101.0 39.1531014409726
23.0 102.0 38.922510822401264
23.0 104.0 47.05133684532869
23.0 105.0 48.00173719050039
23.0 107.0 39.84821948131897
23.0 109.0 62.42913431957409
23.0 110.0 71.52729722814992
23.0 111.0 70.84984519346243
23.0 112.0 52.87922035884514
24.0 26.0 3.810905983141947
24.0 27.0 5.932449812675784
24.0 29.0 12.200151362252459
24.0 30.0 11.670548572027982
24.0 31.0 13.596036236805466
24.0 36.0 20.902091638389827
24.0 39.0 28.53345704568136
24.0 40.0 28.13209905210107
24.0 42.0 31.37611833410588
24.0 43.0 31.64419190457057
24.0 44.0 35.26239785686779
24.0 46.0 41.623642312372894
24.0 47.0 42.61790909836738
24.0 48.0 44.26750091732636
24.0 49.0 35.41722100074346
24.0 50.0 38.44594695490741
24.0 51.0 39.69130980393828
24.0 52.0 43.400343108449306
24.0 53.0 46.490633239728
24.0 54.0 49.41483003557361
24.0 57.0 37.05236329796024
24.0 59.0 39.970220824577645
24.0 61.0 39.32655916728898
24.0 62.0 47.04288127294545
24.0 63.0 43.09528736982389
24.0 65.0 37.369996651042165
24.0 66.0 40.603222885478544
24.0 67.0 46.101969490788846
24.0 68.0 49.71779592898875
24.0 69.0 54.38849733746023
24.0 70.0 46.626937743273324
24.0 73.0 21.70360698194235
24.0 74.0 26.749325785300655
24.0 75.0 26.94778525656278
24.0 76.0 19.07406452383067
24.0 78.0 25.396817545825623
24.0 79.0 32.049812633514435
24.0 80.0 29.94376490780914
24.0 81.0 28.742873067077873
24.0 82.0 36.06172057640746
24.0 83.0 37.68020615617441
24.0 84.0 25.35725325831516
24.0 86.0 39.229801418313414
24.0 87.0 41.89350674933587
24.0 88.0 46.37787113388147
24.0 89.0 56.37787113191411
24.0 90.0 26.246757183816115
24.0 91.0 23.85717788735351
24.0 92.0 43.654989325486795
24.0 94.0 42.017243220984625
24.0 95.0 45.65223328840401
24.0 96.0 48.160303512837366
24.0 97.0 52.62899553368123
24.0 98.0 55.56886613744092
24.0 100.0 62.29983345283364
24.0 101.0 45.285017992927976
24.0 102.0 45.05442737411743
24.0 104.0 53.183253397552164
24.0 105.0 54.13365374238936
24.0 107.0 33.716302929264046
24.0 109.0 56.29721776951354
24.0 110.0 65.39538068445242
24.0 111.0 64.71792865755256
24.0 112.0 59.01113691077995
26.0 27.0 2.121543829464662
26.0 29.0 8.389245379043412
26.0 30.0 7.859642588833628
26.0 31.0 9.785130253627905
26.0 36.0 17.091185655261434
26.0 39.0 24.722551062615633
26.0 40.0 24.321193067845414
26.0 42.0 35.187024317656196
26.0 43.0 35.455097887589304
26.0 44.0 39.07330384081332
26.0 46.0 45.43454829529972
26.0 47.0 46.42881508114331
26.0 48.0 48.07840689971309
26.0 49.0 39.228126983051645
26.0 50.0 42.25685293761705
26.0 51.0 43.50221578684351
26.0 52.0 47.21124909144976
26.0 53.0 50.30153922260461
26.0 54.0 53.2257360188351
26.0 57.0 33.241457317839334
26.0 59.0 36.1593148437264
26.0 61.0 35.5156531821262
26.0 62.0 43.23197529004712
26.0 63.0 39.284381387188326
26.0 65.0 41.18090263404405
26.0 66.0 44.41412886835033
26.0 67.0 49.91287547413417
26.0 68.0 53.52870191228518
26.0 69.0 58.19940332078025
26.0 70.0 50.43784372587166
26.0 73.0 17.892700998757423
26.0 74.0 22.938419802115867
26.0 75.0 23.136879273379463
26.0 76.0 15.263158540706335
26.0 78.0 21.585911562807794
26.0 79.0 28.238906650346042
26.0 80.0 26.132858924704117
26.0 81.0 24.93196708383929
26.0 82.0 39.87262655907811
26.0 83.0 41.4911121391615
26.0 84.0 21.546347275085225
26.0 86.0 35.41889543502098
26.0 87.0 38.08260076600354
26.0 88.0 42.56696515100102
26.0 89.0 52.566965153246905
26.0 90.0 22.435851200806912
26.0 91.0 20.04627190421663
26.0 92.0 47.4658953092836
26.0 94.0 45.82814920478567
26.0 95.0 49.46313927154968
26.0 96.0 51.97120949586965
26.0 97.0 56.439901516789135
26.0 98.0 51.75796015346846
26.0 100.0 66.11073943603111
26.0 101.0 49.09592397587778
26.0 102.0 48.8653333566933
26.0 104.0 56.99415938091079
26.0 105.0 57.94455972577491
26.0 107.0 29.905396946184055
26.0 109.0 52.48631178607995
26.0 110.0 61.58447469168176
26.0 111.0 60.90702267501357
26.0 112.0 62.82204289362099
27.0 29.0 6.267701549630274
27.0 30.0 5.738098759391547
27.0 31.0 7.6635864241699245
27.0 36.0 14.969641825919963
27.0 39.0 22.60100722975323
27.0 40.0 22.199649239064406
27.0 42.0 37.30856814687654
27.0 43.0 37.57664171678198
27.0 44.0 41.19484766982544
27.0 46.0 47.55609212462736
27.0 47.0 48.5503589104337
27.0 48.0 50.199950729197774
27.0 49.0 41.34967081262452
27.0 50.0 44.37839676671068
27.0 51.0 45.62375961618437
27.0 52.0 49.33279292091275
27.0 53.0 52.423083051960006
27.0 54.0 55.34727984815501
27.0 57.0 31.11991348566933
27.0 59.0 34.03777101359417
27.0 61.0 33.39410935471227
27.0 62.0 41.11043146598125
27.0 63.0 37.162837556992955
27.0 65.0 43.302446463634986
27.0 66.0 46.535672697588836
27.0 67.0 52.03441930348089
27.0 68.0 55.650245741686774
27.0 69.0 60.320947149974536
27.0 70.0 52.559387555144625
27.0 73.0 15.771157169270431
27.0 74.0 20.81687597264669
27.0 75.0 21.01533544398967
27.0 76.0 13.14161471126778
27.0 78.0 19.464367733265142
27.0 79.0 26.117362820867445
27.0 80.0 24.011315095241034
27.0 81.0 22.810423254528132
27.0 82.0 41.994170388814275
27.0 83.0 43.612655968603136
27.0 84.0 19.424803445607978
27.0 86.0 33.29735160560389
27.0 87.0 35.96105693655614
27.0 88.0 40.445421321345464
27.0 89.0 50.4454213214694
27.0 90.0 20.314307371281753
27.0 91.0 17.92472807469304
27.0 92.0 49.587439137886314
27.0 94.0 47.94969303352353
27.0 95.0 51.58468310085492
27.0 96.0 54.09275332511933
27.0 97.0 58.56144534611383
27.0 98.0 49.63641632002714
27.0 100.0 68.2322832654602
27.0 101.0 51.21746780546762
27.0 102.0 50.9868771863259
27.0 104.0 59.11570320971626
27.0 105.0 60.06610355486653
27.0 107.0 27.7838531166255
27.0 109.0 50.3647679594214
27.0 110.0 59.462930869774866
27.0 111.0 58.785478840754216
27.0 112.0 64.94358672302167
29.0 30.0 2.815711520830658
29.0 31.0 1.3958848745593693
29.0 36.0 8.70194027640117
29.0 39.0 16.3333056828209
29.0 40.0 15.931947689128604
29.0 42.0 43.576269696503275
29.0 43.0 43.84434326670783
29.0 44.0 47.46254921932726
29.0 46.0 53.82379367442816
29.0 47.0 54.818060460013314
29.0 48.0 56.467652278675395
29.0 49.0 47.617372362259395
29.0 50.0 50.64609831660449
29.0 51.0 51.89146116558532
29.0 52.0 55.60049447047051
29.0 53.0 58.690784601599795
29.0 54.0 61.614981397783176
29.0 57.0 24.852211936467604
29.0 59.0 27.770069462293492
29.0 61.0 27.12640780672865
29.0 62.0 34.842729914973546
29.0 63.0 30.89513600534305
29.0 65.0 49.5701480134513
29.0 66.0 52.80337424702959
29.0 67.0 58.302120853186054
29.0 68.0 61.917947291462134
29.0 69.0 66.58864869959963
29.0 70.0 58.827089104936874
29.0 73.0 12.848769930670713
29.0 74.0 17.894488734089055
29.0 75.0 18.0929482052439
29.0 76.0 6.873913161665146
29.0 78.0 13.196666183632562
29.0 79.0 19.849661271359622
29.0 80.0 17.74361354564965
29.0 81.0 16.542721704630956
29.0 82.0 48.261871938725974
29.0 83.0 49.88035751830408
29.0 84.0 16.50241620688252
29.0 86.0 30.374964367075187
29.0 87.0 33.0386696979827
29.0 88.0 34.17771977107128
29.0 89.0 44.1777197707398
29.0 90.0 14.046605821596243
29.0 91.0 11.657026525308888
29.0 92.0 55.85514068774634
29.0 94.0 54.21739458288023
29.0 95.0 57.85238465058235
29.0 96.0 60.36045487492794
29.0 97.0 64.82914689562719
29.0 98.0 43.36871476889158
29.0 100.0 74.49998481527714
29.0 101.0 57.485169354763684
29.0 102.0 57.25457873612807
29.0 104.0 65.38340475904087
29.0 105.0 66.3338051044386
29.0 107.0 21.5161515671249
29.0 109.0 44.09706640787962
29.0 110.0 53.195229311666715
29.0 111.0 52.51777728815974
29.0 112.0 71.211288272655
30.0 31.0 4.211596395318
30.0 36.0 11.51765179706019
30.0 39.0 19.149017203912106
30.0 40.0 18.747659208935758
30.0 42.0 43.04666690626472
30.0 43.0 43.314740476381274
30.0 44.0 46.932946429103055
30.0 46.0 53.29419088408042
30.0 47.0 54.28845766982292
30.0 48.0 55.93804948864519
30.0 49.0 47.08776957178367
30.0 50.0 50.116495526453335
30.0 51.0 51.36185837558291
30.0 52.0 55.07089168048415
30.0 53.0 58.161181811360294
30.0 54.0 61.085378607787845
30.0 57.0 27.6679234590725
30.0 59.0 30.585780983463493
30.0 61.0 29.94211932751444
30.0 62.0 37.65844143283134
30.0 63.0 33.71084752656923
30.0 65.0 49.04054522304908
30.0 66.0 52.27377145714462
30.0 67.0 57.772518063112926
30.0 68.0 61.3883445008848
30.0 69.0 66.05904590935307
30.0 70.0 58.29748631399673
30.0 73.0 10.033058409923495
30.0 74.0 15.07877721312131
30.0 75.0 15.277236684606306
30.0 76.0 9.689624682385812
30.0 78.0 16.01237770433372
30.0 79.0 22.665372792041232
30.0 80.0 20.55932506648379
30.0 81.0 19.35843322573843
30.0 82.0 47.73226914850656
30.0 83.0 49.35075472823421
30.0 84.0 13.686704686287914
30.0 86.0 27.559252846278184
30.0 87.0 30.222958177187593
30.0 88.0 36.99343129507743
30.0 89.0 46.99343129364846
30.0 90.0 16.862317342723884
30.0 91.0 14.472738046190486
30.0 92.0 55.3255378976844
30.0 94.0 53.68779179276733
30.0 95.0 57.32278186031665
30.0 96.0 59.83085208462636
30.0 97.0 64.2995441059579
30.0 98.0 46.184426289258305
30.0 100.0 73.97038202460232
30.0 101.0 56.95556656462129
30.0 102.0 56.724975945893874
30.0 104.0 64.85380196903755
30.0 105.0 65.80420231415033
30.0 107.0 24.33186308781147
30.0 109.0 46.91277793101222
30.0 110.0 56.01094083279875
30.0 111.0 55.33348881320555
30.0 112.0 70.68168548260142
31.0 36.0 7.30605540145911
31.0 39.0 14.937420805142555
31.0 40.0 14.536062814992615
31.0 42.0 44.9721545711446
31.0 43.0 45.24022814096047
31.0 44.0 48.85843409362566
31.0 46.0 55.21967854852825
31.0 47.0 56.21394533452667
31.0 48.0 57.86353715308965
31.0 49.0 49.01325723674085
31.0 50.0 52.04198319186953
31.0 51.0 53.28734604
31.0 52.0 56.99637934482506
31.0 53.0 60.08666947613894
31.0 54.0 63.01086627205599
31.0 57.0 23.456327062165613
31.0 59.0 26.374184588221098
31.0 61.0 25.730522932444046
31.0 62.0 33.44684504014629
31.0 63.0 29.49925113291869
31.0 65.0 50.96603288785138
31.0 66.0 54.19925912159256
31.0 67.0 59.69800572769071
31.0 68.0 63.31383216552081
31.0 69.0 67.98453357416885
31.0 70.0 60.22297397908018
31.0 73.0 14.244654805387503
31.0 74.0 19.290373608656868
31.0 75.0 19.488833079793093
31.0 76.0 5.478028287132304
31.0 78.0 11.800781309113749
31.0 79.0 18.453776396786573
31.0 80.0 16.34772867116397
31.0 81.0 15.146836830299447
31.0 82.0 49.657756813486046
31.0 83.0 51.276242392823775
31.0 84.0 17.898301081759342
31.0 86.0 31.770849241540752
31.0 87.0 34.43455457240591
31.0 88.0 32.78183489650541
31.0 89.0 42.781834896541596
31.0 90.0 12.650720947360277
31.0 91.0 10.261141650656954
31.0 92.0 57.25102556216396
31.0 94.0 55.61327945763502
31.0 95.0 59.24826952518082
31.0 96.0 61.756339749478684
31.0 97.0 66.22503177051381
31.0 98.0 41.97282988936653
31.0 100.0 75.89586968963997
31.0 101.0 58.88105422929253
31.0 102.0 58.65046361070334
31.0 104.0 66.77928963364339
31.0 105.0 67.72968997887773
31.0 107.0 20.12026669240339
31.0 109.0 42.70118153519521
31.0 110.0 51.79934443992657
31.0 111.0 51.1218924152198
31.0 112.0 72.60717314751935
36.0 39.0 7.631365407458518
36.0 40.0 7.2300074128411
36.0 42.0 52.27820997262391
36.0 43.0 52.546283542378426
36.0 44.0 56.16448949516631
36.0 46.0 62.52573395041945
36.0 47.0 63.52000073627903
36.0 48.0 65.16959255517413
36.0 49.0 56.31931263814451
36.0 50.0 59.34803859243146
36.0 51.0 60.593401441805
36.0 52.0 64.30243474661509
36.0 53.0 67.39272487770057
36.0 54.0 70.31692167405305
36.0 57.0 16.150271658850546
36.0 59.0 19.068129188193556
36.0 61.0 18.4244675328534
36.0 62.0 26.140789638511464
36.0 63.0 22.193195728086955
36.0 65.0 58.27208828947089
36.0 66.0 61.50531452332844
36.0 67.0 67.00406112903607
36.0 68.0 70.61988756751082
36.0 69.0 75.2905889759844
36.0 70.0 67.52902938108458
36.0 73.0 21.55071020672152
36.0 74.0 26.59642901009642
36.0 75.0 26.794888481449966
36.0 76.0 9.572267873039408
36.0 78.0 15.895020895020114
36.0 79.0 22.548015983239868
36.0 80.0 20.441968256165854
36.0 81.0 19.241076416145606
36.0 82.0 56.963812214613455
36.0 83.0 58.58229779388863
36.0 84.0 25.20435648309553
36.0 86.0 39.076904643327524
36.0 87.0 41.74060997436093
36.0 88.0 25.475779494896077
36.0 89.0 35.47577949507965
36.0 90.0 11.960998746282595
36.0 91.0 9.571419449688527
36.0 92.0 64.55708096356159
36.0 94.0 62.91933485944418
36.0 95.0 66.55432492639699
36.0 96.0 69.06239515100471
36.0 97.0 73.53108717190355
36.0 98.0 34.66677448825207
36.0 100.0 83.20192509117759
36.0 101.0 66.18710963070019
36.0 102.0 65.95651901220789
36.0 104.0 74.08534503548869
36.0 105.0 75.03574538046178
36.0 107.0 24.21450627832289
36.0 109.0 35.39512613261822
36.0 110.0 44.49328903804901
36.0 111.0 43.81583701316997
36.0 112.0 79.91322854842042
39.0 40.0 3.7779411015192563
39.0 42.0 59.90957538200622
39.0 43.0 60.17764894889385
39.0 44.0 63.79585490180817
39.0 46.0 70.15709935690478
39.0 47.0 71.15136614279487
39.0 48.0 72.80095796199987
39.0 49.0 63.95067804752709
39.0 50.0 66.97940399641395
39.0 51.0 68.22476685062111
39.0 52.0 71.9338001537248
39.0 53.0 75.02409028537633
39.0 54.0 77.94828708276167
39.0 57.0 12.69820534842328
39.0 59.0 15.616062875622077
39.0 61.0 14.972401218282197
39.0 62.0 22.688723323618653
39.0 63.0 18.741129420147644
39.0 65.0 65.90345369571571
39.0 66.0 69.13667992955828
39.0 67.0 74.63542653969049
39.0 68.0 78.25125297457132
39.0 69.0 82.92195438490702
39.0 70.0 75.16039478925424
39.0 73.0 29.182075615244806
39.0 74.0 34.2277944169378
39.0 75.0 34.426253888178536
39.0 76.0 17.203633280948797
39.0 78.0 23.526386302559565
39.0 79.0 30.179381389096292
39.0 80.0 28.07333366411892
39.0 81.0 26.872441822479303
39.0 82.0 64.59517762278499
39.0 83.0 66.21366320091497
39.0 84.0 32.83572188945865
39.0 86.0 46.708270051156575
39.0 87.0 49.371975380588765
39.0 88.0 22.023713183722982
39.0 89.0 32.02371318367215
39.0 90.0 19.59236415011965
39.0 91.0 17.202784854944632
39.0 92.0 72.18844636951343
39.0 94.0 70.55070026615138
39.0 95.0 74.18569033151357
39.0 96.0 76.69376055374552
39.0 97.0 81.16245257482464
39.0 98.0 31.21470817959886
39.0 100.0 90.83329049893521
39.0 101.0 73.81847503914472
39.0 102.0 73.58788442106459
39.0 104.0 81.71671044135397
39.0 105.0 82.6671107874907
39.0 107.0 31.8458716846111
39.0 109.0 31.943059821172472
39.0 110.0 41.04122272577726
39.0 111.0 40.36377070307749
39.0 112.0 87.54459395465213
40.0 42.0 59.50821738743024
40.0 43.0 59.77629095533286
40.0 44.0 63.39449690805728
40.0 46.0 69.75574136639318
40.0 47.0 70.75000814899235
40.0 48.0 72.39959996520243
40.0 49.0 63.54932005305515
40.0 50.0 66.57804600828996
40.0 51.0 67.82340885805473
40.0 52.0 71.53244216070557
40.0 53.0 74.62273229335047
40.0 54.0 77.54692908728572
40.0 57.0 8.920264246783576
40.0 59.0 11.838121773678841
40.0 61.0 11.194460116741995
40.0 62.0 18.910782225754495
40.0 63.0 14.963188316818622
40.0 65.0 65.50209570386673
40.0 66.0 68.7353219368758
40.0 67.0 74.23406854619644
40.0 68.0 77.84989498001171
40.0 69.0 82.52059638939411
40.0 70.0 74.75903679599645
40.0 73.0 28.78071762046194
40.0 74.0 33.82643642284124
40.0 75.0 34.024895893467736
40.0 76.0 16.802275287338794
40.0 78.0 23.12502831026311
40.0 79.0 29.778023395831607
40.0 80.0 27.671975669969328
40.0 81.0 26.471083828362573
40.0 82.0 64.19381962678477
40.0 83.0 65.8123052073563
40.0 84.0 32.43436389521338
40.0 86.0 46.3069120561857
40.0 87.0 48.97061738658095
40.0 88.0 18.24577208185759
40.0 89.0 28.245772082001164
40.0 90.0 19.191006159015295
40.0 91.0 16.801426862143792
40.0 92.0 71.78708837854575
40.0 94.0 70.14934227024986
40.0 95.0 73.78433234006441
40.0 96.0 76.29240256618026
40.0 97.0 80.76109458444108
40.0 98.0 27.436767079261056
40.0 100.0 90.43193250563813
40.0 101.0 73.41711704359604
40.0 102.0 73.18652642442268
40.0 104.0 81.3153524479362
40.0 105.0 82.2657527957761
40.0 107.0 31.444513692045902
40.0 109.0 28.165118717441842
40.0 110.0 37.26328162704332
40.0 111.0 36.58582960464665
40.0 112.0 87.14323596398918
42.0 43.0 7.213682518880406
42.0 44.0 10.831888471734768
42.0 46.0 17.193132926846296
42.0 47.0 18.187399712460017
42.0 48.0 19.836991531133584
42.0 49.0 4.041102665533815
42.0 50.0 7.0698286202368354
42.0 51.0 8.315191469429031
42.0 52.0 12.02422477392799
42.0 53.0 15.114514904855334
42.0 54.0 18.038711701524274
42.0 57.0 68.4284816315391
42.0 59.0 71.34633916224257
42.0 61.0 70.70267750375655
42.0 62.0 78.41899961909223
42.0 63.0 74.47140570638632
42.0 65.0 12.939487265573042
42.0 66.0 16.172713499814037
42.0 67.0 21.6714601054788
42.0 68.0 25.28728654362633
42.0 69.0 29.957987951990006
42.0 70.0 22.196428357233444
42.0 73.0 53.07972531628344
42.0 74.0 58.12544411920443
42.0 75.0 58.32390359079368
42.0 76.0 50.45018285816843
42.0 78.0 56.77293588019705
42.0 79.0 63.42593096783263
42.0 80.0 61.319883242335635
42.0 81.0 60.118991401564074
42.0 82.0 15.802420984621008
42.0 83.0 17.42090656446615
42.0 84.0 56.73337159277966
42.0 86.0 70.60591975282765
42.0 87.0 73.26962508351674
42.0 88.0 77.75398946558818
42.0 89.0 87.75398946763771
42.0 90.0 57.6228755181735
42.0 91.0 55.23329622151782
42.0 92.0 23.39568973390086
42.0 94.0 21.757943629181035
42.0 95.0 25.392933696834486
42.0 96.0 27.901003921007483
42.0 97.0 32.369695941864606
42.0 98.0 86.9449844628636
42.0 100.0 37.86932406741997
42.0 101.0 13.908899658273805
42.0 102.0 13.678309039877329
42.0 104.0 21.807135062764747
42.0 105.0 22.75753540781492
42.0 107.0 65.0924212632784
42.0 109.0 87.67333610375304
42.0 110.0 96.7714990181097
42.0 111.0 96.09404698576981
42.0 112.0 27.635018575551236
43.0 44.0 6.033734028261629
43.0 46.0 9.979450407790365
43.0 47.0 10.973717193655592
43.0 48.0 12.623309012245645
43.0 49.0 11.254785184582218
43.0 50.0 14.283511139079355
43.0 51.0 15.528873988285394
43.0 52.0 19.237907292998543
43.0 53.0 22.328197424030808
43.0 54.0 25.252394220129233
43.0 57.0 68.69655520391883
43.0 59.0 71.61441273247642
43.0 61.0 70.97075107369352
43.0 62.0 78.68707318593654
43.0 63.0 74.73947927897382
43.0 65.0 8.141332822018464
43.0 66.0 11.374559056160514
43.0 67.0 16.87330566213772
43.0 68.0 20.489132100046568
43.0 69.0 25.159833508522457
43.0 70.0 14.982745838278277
43.0 73.0 53.34779888630199
43.0 74.0 58.39351768964535
43.0 75.0 58.59197716107842
43.0 76.0 50.7182564280689
43.0 78.0 57.04100944999333
43.0 79.0 63.694004537934674
43.0 80.0 61.58795681220544
43.0 81.0 60.38706497154189
43.0 82.0 16.07049455463596
43.0 83.0 17.68898013445688
43.0 84.0 57.00144516267969
43.0 86.0 70.87399332268583
43.0 87.0 73.53769865352652
43.0 88.0 78.0220630371244
43.0 89.0 88.02206303516616
43.0 90.0 57.89094908783374
43.0 91.0 55.50136979115902
43.0 92.0 23.663763304000717
43.0 94.0 22.026017199232985
43.0 95.0 25.661007266865713
43.0 96.0 28.169077491019046
43.0 97.0 32.63776951191146
43.0 98.0 87.21305803250553
43.0 100.0 33.07116962393941
43.0 101.0 21.122582177188736
43.0 102.0 20.891991558359887
43.0 104.0 29.02081758171992
43.0 105.0 29.971217926907816
43.0 107.0 65.36049483373712
43.0 109.0 87.94140967863663
43.0 110.0 97.03957257313152
43.0 111.0 96.36212055679184
43.0 112.0 34.848701094830645
44.0 46.0 16.013184435961165
44.0 47.0 17.00745122140708
44.0 48.0 18.65704304049507
44.0 49.0 14.872991137316305
44.0 50.0 17.901717091893424
44.0 51.0 19.14707994099406
44.0 52.0 22.856113245583792
44.0 53.0 25.946403376636823
44.0 54.0 28.870600172855788
44.0 57.0 72.31476115741339
44.0 59.0 75.23261868352805
44.0 61.0 74.58895702614272
44.0 62.0 82.3052791466265
44.0 63.0 78.3576852358648
44.0 65.0 2.1075987940051264
44.0 66.0 5.3408250280638425
44.0 67.0 10.83957163389985
44.0 68.0 14.455398072067908
44.0 69.0 19.1260994803629
44.0 70.0 21.016479866157173
44.0 73.0 56.9660048387736
44.0 74.0 62.01172364166777
44.0 75.0 62.210183113527286
44.0 76.0 54.33646238119887
44.0 78.0 60.65921540286382
44.0 79.0 67.31221049047647
44.0 80.0 65.20616276487237
44.0 81.0 64.00527092401373
44.0 82.0 19.688700507288264
44.0 83.0 21.30718608726792
44.0 84.0 60.61965111548312
44.0 86.0 74.49219927545482
44.0 87.0 77.15590460564455
44.0 88.0 81.64026899209065
44.0 89.0 91.64026899163066
44.0 90.0 61.50915504044963
44.0 91.0 59.11957574477114
44.0 92.0 27.28196925666485
44.0 94.0 25.64422315194229
44.0 95.0 29.279213219460328
44.0 96.0 31.78728344385382
44.0 97.0 36.255975464812096
44.0 98.0 90.83126398293047
44.0 100.0 27.037435595611523
44.0 101.0 24.74078813015322
44.0 102.0 24.510197511260714
44.0 104.0 32.63902353449636
44.0 105.0 33.58942387964001
44.0 107.0 68.97870078580308
44.0 109.0 91.55961562875129
44.0 110.0 100.65777853204926
44.0 111.0 99.98032651075788
44.0 112.0 38.466907047974544
46.0 47.0 10.244044423053353
46.0 48.0 2.6438586044312644
46.0 49.0 21.234235591999564
46.0 50.0 24.262961547035893
46.0 51.0 25.50832439610862
46.0 52.0 29.21735770070552
46.0 53.0 32.30764783195687
46.0 54.0 35.231844627680644
46.0 57.0 78.67600560935934
46.0 59.0 81.59386313843865
46.0 61.0 80.95020148226632
46.0 62.0 88.66652359015175
46.0 63.0 84.71892968063548
46.0 65.0 18.12078322974172
46.0 66.0 21.354009464028028
46.0 67.0 26.852756069967555
46.0 68.0 30.46858250786567
46.0 69.0 35.13928391618082
46.0 70.0 14.253073067713924
46.0 73.0 63.327249293800634
46.0 74.0 68.37296809763046
46.0 75.0 68.57142756830049
46.0 76.0 60.697706835817996
46.0 78.0 67.02045985789363
46.0 79.0 73.67345494531438
46.0 80.0 71.5674072200501
46.0 81.0 70.36651537904456
46.0 82.0 26.049944962519504
46.0 83.0 27.668430542467
46.0 84.0 66.98089557015628
46.0 86.0 80.85344373025501
46.0 87.0 83.51714906031992
46.0 88.0 88.00151344834535
46.0 89.0 98.0015134473983
46.0 90.0 67.87039949616951
46.0 91.0 65.48082019871529
46.0 92.0 33.64321371186321
46.0 94.0 32.00546760691697
46.0 95.0 35.640457674725724
46.0 96.0 38.14852789957577
46.0 97.0 42.61721991955807
46.0 98.0 97.19250845281385
46.0 100.0 43.05062003171261
46.0 101.0 31.102032585256147
46.0 102.0 30.871441966614277
46.0 104.0 39.00026798940463
46.0 105.0 39.95066833459033
46.0 107.0 75.33994524105552
46.0 109.0 97.92086008102541
46.0 110.0 107.01902298876198
46.0 111.0 106.34157095826059
46.0 112.0 44.82815150282572
47.0 48.0 12.887903027490143
47.0 49.0 22.228502378301283
47.0 50.0 25.257228333197993
47.0 51.0 26.50259118177429
47.0 52.0 30.211624486304004
47.0 53.0 33.301914617477095
47.0 54.0 36.22611141368273
47.0 57.0 79.67027239726258
47.0 59.0 82.58812992419529
47.0 61.0 81.9444682711243
47.0 62.0 89.66079038432267
47.0 63.0 85.71319646442598
47.0 65.0 19.11505001543527
47.0 66.0 22.34827624979583
47.0 67.0 27.84702285549632
47.0 68.0 31.462849293449338
47.0 69.0 36.13355070207622
47.0 70.0 4.009028644702442
47.0 73.0 64.32151607971079
47.0 74.0 69.36723488303696
47.0 75.0 69.56569435405476
47.0 76.0 61.69197362209478
47.0 78.0 68.0147266435364
47.0 79.0 74.66772173126841
47.0 80.0 72.56167400525176
47.0 81.0 71.36078216469865
47.0 82.0 27.044211748201516
47.0 83.0 28.66269732805462
47.0 84.0 67.97516235591266
47.0 86.0 81.84771051612574
47.0 87.0 84.51141584609229
47.0 88.0 88.99578023305236
47.0 89.0 98.99578023189382
47.0 90.0 68.86466628152718
47.0 91.0 66.4750869848604
47.0 92.0 34.637480497356805
47.0 94.0 32.999734392773874
47.0 95.0 36.63472446047636
47.0 96.0 39.14279468473231
47.0 97.0 43.611486705290886
47.0 98.0 98.18677522959662
47.0 100.0 44.04488681795634
47.0 101.0 32.096299370665804
47.0 102.0 31.8657087519535
47.0 104.0 39.99453477515457
47.0 105.0 40.944935120273094
47.0 107.0 76.33421202741371
47.0 109.0 98.91512686370089
47.0 110.0 108.01328979807573
47.0 111.0 107.33583776407266
47.0 112.0 45.8224182884695
48.0 49.0 23.878094196720653
48.0 50.0 26.90682015094432
48.0 51.0 28.152183000337978
48.0 52.0 31.86121630500423
48.0 53.0 34.95150643612928
48.0 54.0 37.87570323202522
48.0 57.0 81.31986421803882
48.0 59.0 84.23772174319947
48.0 61.0 83.5940600882538
48.0 62.0 91.3103821951741
48.0 63.0 87.36278829253978
48.0 65.0 20.76464183424811
48.0 66.0 23.997868068526785
48.0 67.0 29.496614674331745
48.0 68.0 33.11244111239174
48.0 69.0 37.78314252110827
48.0 70.0 16.89693167227511
48.0 73.0 65.97110789861192
48.0 74.0 71.01682670177289
48.0 75.0 71.21528617278938
48.0 76.0 63.34156544051737
48.0 78.0 69.66431846261037
48.0 79.0 76.31731355000335
48.0 80.0 74.21126582449753
48.0 81.0 73.01037398333604
48.0 82.0 28.693803566891066
48.0 83.0 30.312289146568475
48.0 84.0 69.62475417427615
48.0 86.0 83.49730233467406
48.0 87.0 86.16100766569171
48.0 88.0 90.64537204774376
48.0 89.0 100.64537205129386
48.0 90.0 70.51425809953577
48.0 91.0 68.12467880392718
48.0 92.0 36.28707231617665
48.0 94.0 34.64932621122995
48.0 95.0 38.28431627918653
48.0 96.0 40.792386502856075
48.0 97.0 45.26107852408471
48.0 98.0 99.83636705188529
48.0 100.0 45.69447863594772
48.0 101.0 33.74589118953915
48.0 102.0 33.51530057084854
48.0 104.0 41.64412659384284
48.0 105.0 42.5945269390797
48.0 107.0 77.98380384559945
48.0 109.0 100.56471868889943
48.0 110.0 109.66288159548813
48.0 111.0 108.98542957027504
48.0 112.0 47.47201010750584
49.0 50.0 3.0287259545056147
49.0 51.0 4.274088803679176
49.0 52.0 7.983122108309281
49.0 53.0 11.073412239427919
49.0 54.0 13.997609035689639
49.0 57.0 72.46958430199052
49.0 59.0 75.38744182723653
49.0 61.0 74.7437801662436
49.0 62.0 82.46010228026478
49.0 63.0 78.51250837562263
49.0 65.0 16.980589931274437
49.0 66.0 20.21381616529201
49.0 67.0 25.71256277121923
49.0 68.0 29.32838920924519
49.0 69.0 33.999090617483496
49.0 70.0 26.23753102260349
49.0 73.0 57.12082798182436
49.0 74.0 62.16654678510832
49.0 75.0 62.365006256001294
49.0 76.0 54.49128552381286
49.0 78.0 60.814038545882894
49.0 79.0 67.4670336331613
49.0 80.0 65.3609859076977
49.0 81.0 64.16009406719473
49.0 82.0 19.843523650356296
49.0 83.0 21.46200923019969
49.0 84.0 60.77447425790457
49.0 86.0 74.64702241732054
49.0 87.0 77.3107277485988
49.0 88.0 81.79509213267909
49.0 89.0 91.7950921352028
49.0 90.0 61.66397818361552
49.0 91.0 59.27439888700002
49.0 92.0 27.436792399751212
49.0 94.0 25.799046294805105
49.0 95.0 29.434036362458006
49.0 96.0 31.942106586615992
49.0 97.0 36.4107986078744
49.0 98.0 90.98608713108867
49.0 100.0 41.9104267331454
49.0 101.0 9.867796992784207
49.0 102.0 9.637206374048903
49.0 104.0 17.76603239713475
49.0 105.0 18.716432742281917
49.0 107.0 69.13352392958804
49.0 109.0 91.71443877168423
49.0 110.0 100.81260168467875
49.0 111.0 100.13514965066742
49.0 112.0 23.593915910812864
50.0 51.0 7.302814758332328
50.0 52.0 4.954396153819878
50.0 53.0 8.044686284823392
50.0 54.0 10.96888308111588
50.0 57.0 75.49831025330604
50.0 59.0 78.41616778187634
50.0 61.0 77.77250612495018
50.0 62.0 85.48882823298693
50.0 63.0 81.54123432331264
50.0 65.0 20.009315885781668
50.0 66.0 23.242542119934967
50.0 67.0 28.741288725780436
50.0 68.0 32.35711516386537
50.0 69.0 37.02781657220898
50.0 70.0 29.26625697736428
50.0 73.0 60.14955393682254
50.0 74.0 65.19527274007356
50.0 75.0 65.39373221061052
50.0 76.0 57.52001147826583
50.0 78.0 63.84276450045719
50.0 79.0 70.4957595879393
50.0 80.0 68.38971186242208
50.0 81.0 67.1888200214155
50.0 82.0 22.87224960476054
50.0 83.0 24.490735184445548
50.0 84.0 63.803200212615636
50.0 86.0 77.67574837309347
50.0 87.0 80.33945370298619
50.0 88.0 84.82381809038216
50.0 89.0 94.82381808943535
50.0 90.0 64.69270413806655
50.0 91.0 62.303124841548524
50.0 92.0 30.465518353827157
50.0 94.0 28.827772249243694
50.0 95.0 32.46276231707999
50.0 96.0 34.97083254108295
50.0 97.0 39.4395245617658
50.0 98.0 94.01481309191823
50.0 100.0 44.939152687577625
50.0 101.0 12.896522947259227
50.0 102.0 12.665932328461441
50.0 104.0 20.79475835162104
50.0 105.0 21.745158696707065
50.0 107.0 72.16224988386718
50.0 109.0 94.74316473078181
50.0 110.0 103.84132763121166
50.0 111.0 103.16387560709376
50.0 112.0 26.622641864891847
51.0 52.0 12.25721091199738
51.0 53.0 15.347501043103405
51.0 54.0 18.271697839224593
51.0 57.0 76.74367310215598
51.0 59.0 79.66153063161363
51.0 61.0 79.01786897300775
51.0 62.0 86.73419107894534
51.0 63.0 82.78659717146257
51.0 65.0 21.25467873495603
51.0 66.0 24.487904969350577
51.0 67.0 29.986651575009788
51.0 68.0 33.60247801295297
51.0 69.0 38.27317942121237
51.0 70.0 30.511619826582333
51.0 73.0 61.39491678528437
51.0 74.0 66.44063558912558
51.0 75.0 66.63909505974843
51.0 76.0 58.76537432747392
51.0 78.0 65.08812734912168
51.0 79.0 71.74112243704965
51.0 80.0 69.63507471152947
51.0 81.0 68.43418287105345
51.0 82.0 24.11761245416558
51.0 83.0 25.73609803376001
51.0 84.0 65.04856306195776
51.0 86.0 78.92111122161734
51.0 87.0 81.58481655344005
51.0 88.0 86.06918094081811
51.0 89.0 96.0691809390871
51.0 90.0 65.93806698726995
51.0 91.0 63.54848769002824
51.0 92.0 31.710881203461526
51.0 94.0 30.073135098480947
51.0 95.0 33.708125166018405
51.0 96.0 36.216195390362216
51.0 97.0 40.68488741159117
51.0 98.0 95.260175934285
51.0 100.0 46.18451553663688
51.0 101.0 5.593708189184548
51.0 102.0 5.363117570296267
51.0 104.0 13.491943593339368
51.0 105.0 14.442343938524065
51.0 107.0 73.4076127329572
51.0 109.0 95.98852757711248
51.0 110.0 105.08669048553116
51.0 111.0 104.409238462833
51.0 112.0 19.319827106697506
52.0 53.0 3.0902901311274045
52.0 54.0 6.014486927327846
52.0 57.0 80.45270640997262
52.0 59.0 83.37056393598874
52.0 61.0 82.7269022803935
52.0 62.0 90.44322439187184
52.0 63.0 86.49563047897479
52.0 65.0 24.96371203970456
52.0 66.0 28.196938273608975
52.0 67.0 33.69568487962813
52.0 68.0 37.31151131759968
52.0 69.0 41.98221272606568
52.0 70.0 34.220653131248426
52.0 73.0 65.10395008987474
52.0 74.0 70.14966889287736
52.0 75.0 70.34812836450237
52.0 76.0 62.47440763222869
52.0 78.0 68.79716065381712
52.0 79.0 75.45015574154948
52.0 80.0 73.34410801596572
52.0 81.0 72.14321617556283
52.0 82.0 27.826645758759916
52.0 83.0 29.445131338499845
52.0 84.0 68.75759636598411
52.0 86.0 82.630144526798
52.0 87.0 85.29384985703078
52.0 88.0 89.77821423885266
52.0 89.0 99.7782142405675
52.0 90.0 69.64710029188643
52.0 91.0 67.25752099567242
52.0 92.0 35.41991450769703
52.0 94.0 33.782168402823004
52.0 95.0 37.41715847091104
52.0 96.0 39.92522869477854
52.0 97.0 44.39392071550713
52.0 98.0 98.96920924443444
52.0 100.0 49.89354884142183
52.0 101.0 17.850919101023266
52.0 102.0 17.620328482448382
52.0 104.0 25.749154505394145
52.0 105.0 26.699554850623052
52.0 107.0 77.11664603769186
52.0 109.0 99.69756088613788
52.0 110.0 108.79572378933389
52.0 111.0 108.11827176708005
52.0 112.0 31.577038018795676
53.0 54.0 2.924196796209167
53.0 57.0 83.54299653643108
53.0 59.0 86.46085406777317
53.0 61.0 85.8171924106295
53.0 62.0 93.53351452208705
53.0 63.0 89.58592061076607
53.0 65.0 28.054002170305516
53.0 66.0 31.287228404629488
53.0 67.0 36.78597501061995
53.0 68.0 40.40180144873543
53.0 69.0 45.07250285694517
53.0 70.0 37.31094326210818
53.0 73.0 68.19424022097928
53.0 74.0 73.23995902346257
53.0 75.0 73.43841849656863
53.0 76.0 65.5646977631192
53.0 78.0 71.88745078518451
53.0 79.0 78.54044587294446
53.0 80.0 76.43439814726628
53.0 81.0 75.23350630643029
53.0 82.0 30.91693588958981
53.0 83.0 32.535421469714684
53.0 84.0 71.84788649748779
53.0 86.0 85.72043465768155
53.0 87.0 88.3841399891505
53.0 88.0 92.86850437185969
53.0 89.0 102.86850437368287
53.0 90.0 72.73739042325327
53.0 91.0 70.34781112667334
53.0 92.0 38.51020463902609
53.0 94.0 36.8724585343498
53.0 95.0 40.507448602541984
53.0 96.0 43.015518826229275
53.0 97.0 47.484210847398245
53.0 98.0 102.05949937479237
53.0 100.0 52.98383897243403
53.0 101.0 20.941209232141826
53.0 102.0 20.71061861349572
53.0 104.0 28.83944463649709
53.0 105.0 29.789844981633003
53.0 107.0 80.20693616830582
53.0 109.0 102.78785101491619
53.0 110.0 111.88601392526536
53.0 111.0 111.20856189471702
53.0 112.0 34.66732814991049
54.0 57.0 86.4671933345463
54.0 59.0 89.38505086090052
54.0 61.0 88.74138920813256
54.0 62.0 96.4577113129536
54.0 63.0 92.51011741037988
54.0 65.0 30.97819896661101
54.0 66.0 34.21142520078341
54.0 67.0 39.71017180693082
54.0 68.0 43.32599824470348
54.0 69.0 47.996699653227566
54.0 70.0 40.23514005894255
54.0 73.0 71.11843701733528
54.0 74.0 76.16415582137557
54.0 75.0 76.3626152920004
54.0 76.0 68.48889455912658
54.0 78.0 74.81164758136828
54.0 79.0 81.46464266882948
54.0 80.0 79.35859494374307
54.0 81.0 78.1577031024926
54.0 82.0 33.84113268574256
54.0 83.0 35.45961826562371
54.0 84.0 74.7720832938171
54.0 86.0 88.6446314527098
54.0 87.0 91.30833678431345
54.0 88.0 95.79270117209785
54.0 89.0 105.79270117389441
54.0 90.0 75.66158721958783
54.0 91.0 73.27200792377701
54.0 92.0 41.43440143495526
54.0 94.0 39.79665533049639
54.0 95.0 43.43164539819467
54.0 96.0 45.939715622181886
54.0 97.0 50.40840764310984
54.0 98.0 104.9836961734755
54.0 100.0 55.90803576890135
54.0 101.0 23.86540602843634
54.0 102.0 23.634815409600357
54.0 104.0 31.763641432679098
54.0 105.0 32.71404177798516
54.0 107.0 83.1311329644418
54.0 109.0 105.71204781053112
54.0 110.0 114.81021071776463
54.0 111.0 114.1327586921598
54.0 112.0 37.591524946235396
57.0 59.0 13.580766992606826
57.0 61.0 12.93710533544973
57.0 62.0 20.65342744401112
57.0 63.0 16.705833536097835
57.0 65.0 74.42235995226827
57.0 66.0 77.65558618604291
57.0 67.0 83.15433278701272
57.0 68.0 86.77015922593475
57.0 69.0 91.44086063869331
57.0 70.0 83.67930104193701
57.0 73.0 37.70098186687283
57.0 74.0 42.74670067033019
57.0 75.0 42.94516014248608
57.0 76.0 25.72253953257175
57.0 78.0 32.04529255430539
57.0 79.0 38.69828764264726
57.0 80.0 36.59223991618528
57.0 81.0 35.39134807643074
57.0 82.0 73.11408387668533
57.0 83.0 74.73256945913937
57.0 84.0 41.35462814282688
57.0 86.0 55.22717630347834
57.0 87.0 57.890881634077
57.0 88.0 9.325507835054792
57.0 89.0 19.325507835151825
57.0 90.0 28.11127040608398
57.0 91.0 25.7216911100723
57.0 92.0 80.7073526210057
57.0 94.0 79.06960651690466
57.0 95.0 82.70459658901524
57.0 96.0 85.21266680812536
57.0 97.0 89.68135883456834
57.0 98.0 29.179412297985866
57.0 100.0 99.3521967460076
57.0 101.0 82.33738128774938
57.0 102.0 82.10679067383846
57.0 104.0 90.23561669613437
57.0 105.0 91.18601704090946
57.0 107.0 40.36477793785549
57.0 109.0 29.90776393555622
57.0 110.0 39.00592684613369
57.0 111.0 38.328474819713804
57.0 112.0 96.06350020961025
59.0 61.0 10.598312903658051
59.0 62.0 18.314635009263796
59.0 63.0 14.367041105153184
59.0 65.0 77.34021747649332
59.0 66.0 80.57344371361091
59.0 67.0 86.07219031868968
59.0 68.0 89.68801676155744
59.0 69.0 94.35871816920033
59.0 70.0 86.59715857075102
59.0 73.0 40.61883939428929
59.0 74.0 45.66455819640348
59.0 75.0 45.86301766708026
59.0 76.0 28.64039706049259
59.0 78.0 34.96315008239685
59.0 79.0 41.61614516941479
59.0 80.0 39.51009744393765
59.0 81.0 38.309205603880216
59.0 82.0 76.03194139971092
59.0 83.0 77.6504269851956
59.0 84.0 44.27248567007963
59.0 86.0 58.1450338304148
59.0 87.0 60.80873916077638
59.0 88.0 22.906274827641937
59.0 89.0 32.906274827711925
59.0 90.0 31.02912793347712
59.0 91.0 28.63954863656678
59.0 92.0 83.62521015233979
59.0 94.0 81.98746404899504
59.0 95.0 85.62245411392658
59.0 96.0 88.13052433757068
59.0 97.0 92.59921635790056
59.0 98.0 26.840619863322846
59.0 100.0 102.27005427416722
59.0 101.0 85.25523881852887
59.0 102.0 85.02464820229326
59.0 104.0 93.15347422385113
59.0 105.0 94.10387456729694
59.0 107.0 43.28263546517619
59.0 109.0 27.568971509742966
59.0 110.0 36.667134411388794
59.0 111.0 35.98968238830478
59.0 112.0 98.98135773130322
61.0 62.0 12.633190083066388
61.0 63.0 8.685596174219448
61.0 65.0 76.69655582487273
61.0 66.0 79.92978205352964
61.0 67.0 85.42852865615016
61.0 68.0 89.04435509649623
61.0 69.0 93.71505651147231
61.0 70.0 85.95349691270665
61.0 73.0 39.97517773858176
61.0 74.0 45.02089653978171
61.0 75.0 45.21935601101214
61.0 76.0 27.996735401668243
61.0 78.0 34.31948842434763
61.0 79.0 40.97248351188642
61.0 80.0 38.86643578739292
61.0 81.0 37.66554394787173
61.0 82.0 75.38827975019665
61.0 83.0 77.00676532737262
61.0 84.0 43.62882401295319
61.0 86.0 57.50137217323776
61.0 87.0 60.16507750464787
61.0 88.0 22.262613170713724
61.0 89.0 32.26261317068263
61.0 90.0 30.385466276656707
61.0 91.0 27.99588697868029
61.0 92.0 82.98154850268912
61.0 94.0 81.34380238698871
61.0 95.0 84.97879246132163
61.0 96.0 87.48686268309294
61.0 97.0 91.95555470158368
61.0 98.0 21.159174936467075
61.0 100.0 101.62639262749772
61.0 101.0 84.61157716188154
61.0 102.0 84.38098654147535
61.0 104.0 92.50981256630399
61.0 105.0 93.46021290785872
61.0 107.0 42.63897380753586
61.0 109.0 21.887526574175826
61.0 110.0 30.985689481337783
61.0 111.0 30.30823745793797
61.0 112.0 98.33769608248426
62.0 63.0 6.751292222150248
62.0 65.0 84.41287793099204
62.0 66.0 87.64610416736633
62.0 67.0 93.14485076745663
62.0 68.0 96.7606772081906
62.0 69.0 101.43137861717501
62.0 70.0 93.66981902345678
62.0 73.0 47.69149984396351
62.0 74.0 52.73721864705071
62.0 75.0 52.93567812046542
62.0 76.0 35.71305751239396
62.0 78.0 42.035810534587505
62.0 79.0 48.68880562502981
62.0 80.0 46.58275789324766
62.0 81.0 45.38186605222292
62.0 82.0 83.10460185098997
62.0 83.0 84.72308744425548
62.0 84.0 51.345146123988144
62.0 86.0 65.21769427853131
62.0 87.0 67.88139961226412
62.0 88.0 29.978935277241714
62.0 89.0 39.97893527931791
62.0 90.0 38.101788388117214
62.0 91.0 35.71220908922642
62.0 92.0 90.69787059625486
62.0 94.0 89.06012450072843
62.0 95.0 92.6951145564413
62.0 96.0 95.20318478108146
62.0 97.0 99.67187681976563
62.0 98.0 8.52598485304461
62.0 100.0 109.34271473999564
62.0 101.0 92.32789926604886
62.0 102.0 92.09730865260448
62.0 104.0 100.22613468004732
62.0 105.0 101.1765350192943
62.0 107.0 50.355295917224716
62.0 109.0 9.254336493826697
62.0 110.0 18.352499399147323
62.0 111.0 17.675047375817464
62.0 112.0 106.05401818366698
63.0 65.0 80.4652840282716
63.0 66.0 83.69851026058045
63.0 67.0 89.1972568612179
63.0 68.0 92.81308330542961
63.0 69.0 97.48378471267387
63.0 70.0 89.72222511470417
63.0 73.0 43.74390593982153
63.0 74.0 48.78962474082391
63.0 75.0 48.98808421341198
63.0 76.0 31.765463605004108
63.0 78.0 38.0882166303898
63.0 79.0 44.74121171281983
63.0 80.0 42.635163987241526
63.0 81.0 41.434272146603284
63.0 82.0 79.15700794365716
63.0 83.0 80.7754935320356
63.0 84.0 47.39755221288108
63.0 86.0 61.27010037226618
63.0 87.0 63.93380570335732
63.0 88.0 26.031341373139433
63.0 89.0 36.031341371849486
63.0 90.0 34.15419447818047
63.0 91.0 31.76461518387263
63.0 92.0 86.75027669489614
63.0 94.0 85.11253058270876
63.0 95.0 88.7475206625302
63.0 96.0 91.25559088031977
63.0 97.0 95.72428291335602
63.0 98.0 15.277277074732254
63.0 100.0 105.39512083625851
63.0 101.0 88.38030537371836
63.0 102.0 88.14971474398494
63.0 104.0 96.2785407658262
63.0 105.0 97.22894111130003
63.0 107.0 46.40770200913143
63.0 109.0 16.005628716121095
63.0 110.0 25.103791621144026
63.0 111.0 24.42633959706155
63.0 112.0 102.1064242855174
65.0 66.0 3.233226234191589
65.0 67.0 8.731972840032775
65.0 68.0 12.34779927792365
65.0 69.0 17.018500686362554
65.0 70.0 23.12407866055743
65.0 73.0 59.0736036330006
65.0 74.0 64.11932243601382
65.0 75.0 64.31778190739637
65.0 76.0 56.4440611747608
65.0 78.0 62.766814196780686
65.0 79.0 69.4198092846001
65.0 80.0 67.31376155883459
65.0 81.0 66.1128697182677
65.0 82.0 21.79629930130411
65.0 83.0 23.414784881115956
65.0 84.0 62.727249909160264
65.0 86.0 76.59979807009657
65.0 87.0 79.26350339904644
65.0 88.0 83.74786778377523
65.0 89.0 93.74786778612935
65.0 90.0 63.61675383443342
65.0 91.0 61.22717453840532
65.0 92.0 29.389568050537907
65.0 94.0 27.751821945867775
65.0 95.0 31.38681201363488
65.0 96.0 33.894882237871116
65.0 97.0 38.3635742587744
65.0 98.0 92.93886278086717
65.0 100.0 24.929836801866134
65.0 101.0 26.848386924006
65.0 102.0 26.6177963050659
65.0 104.0 34.74662232843204
65.0 105.0 35.69702267359887
65.0 107.0 71.0862995796644
65.0 109.0 93.66721442252216
65.0 110.0 102.76537733710376
65.0 111.0 102.08792531329107
65.0 112.0 40.57450584173936
66.0 67.0 5.498746605827046
66.0 68.0 9.114573043914003
66.0 69.0 13.785274452174617
66.0 70.0 26.357304894422924
66.0 73.0 62.30682986686934
66.0 74.0 67.35254867004011
66.0 75.0 67.5510081418595
66.0 76.0 59.677287408710605
66.0 78.0 66.00004043097486
66.0 79.0 72.65303551860396
66.0 80.0 70.54698779325376
66.0 81.0 69.34609595208599
66.0 82.0 25.029525535428146
66.0 83.0 26.64801111535944
66.0 84.0 65.96047614310113
66.0 86.0 79.83302430286804
66.0 87.0 82.49672963322978
66.0 88.0 86.98109401888121
66.0 89.0 96.98109401852246
66.0 90.0 66.84998006842204
66.0 91.0 64.46040077292295
66.0 92.0 32.622794284846066
66.0 94.0 30.985048180145725
66.0 95.0 34.62003824748747
66.0 96.0 37.128108471816915
66.0 97.0 41.59680049299563
66.0 98.0 96.17208901697764
66.0 100.0 21.696610567752796
66.0 101.0 30.08161315820611
66.0 102.0 29.85102253945727
66.0 104.0 37.97984856241821
66.0 105.0 38.930248907668265
66.0 107.0 74.31952581391164
66.0 109.0 96.90044065087797
66.0 110.0 105.9986035546631
66.0 111.0 105.32115153861511
66.0 112.0 43.80773207570415
67.0 68.0 3.615826438039342
67.0 69.0 8.28652784646531
67.0 70.0 31.856051500289922
67.0 73.0 67.80557647273335
67.0 74.0 72.85129527621929
67.0 75.0 73.04975474688973
67.0 76.0 65.1760340146402
67.0 78.0 71.49878703651956
67.0 79.0 78.1517821242987
67.0 80.0 76.04573439865231
67.0 81.0 74.84484255803878
67.0 82.0 30.5282721412622
67.0 83.0 32.14675772115517
67.0 84.0 71.4592227490561
67.0 86.0 85.3317709094996
67.0 87.0 87.99547624002973
67.0 88.0 92.47984062565413
67.0 89.0 102.4798406269561
67.0 90.0 72.34872667510824
67.0 91.0 69.95914737831583
67.0 92.0 38.12154089050668
67.0 94.0 36.48379478567518
67.0 95.0 40.11878485357205
67.0 96.0 42.62685507809973
67.0 97.0 47.0955470989589
67.0 98.0 101.67083561165778
67.0 100.0 16.197863961929936
67.0 101.0 35.58035976394369
67.0 102.0 35.34976914532734
67.0 104.0 43.47859516812562
67.0 105.0 44.428995513239144
67.0 107.0 79.81827241997917
67.0 109.0 102.39918727027927
67.0 110.0 111.49735016202281
67.0 111.0 110.81989814064796
67.0 112.0 49.306478681839224
68.0 69.0 4.670701408393955
68.0 70.0 35.471877938335666
68.0 73.0 71.42140291089358
68.0 74.0 76.46712171440636
68.0 75.0 76.66558118556217
68.0 76.0 68.79186045291279
68.0 78.0 75.11461347471857
68.0 79.0 81.76760856213554
68.0 80.0 79.66156083649645
68.0 81.0 78.4606689956722
68.0 82.0 34.14409857938073
68.0 83.0 35.76258415915882
68.0 84.0 75.07504918750749
68.0 86.0 88.94759734630982
68.0 87.0 91.6113026774949
68.0 88.0 96.0956670646278
68.0 89.0 106.09566706141418
68.0 90.0 75.96455311306059
68.0 91.0 73.57497381653107
68.0 92.0 41.73736732872429
68.0 94.0 40.09962122432191
68.0 95.0 43.734611291493685
68.0 96.0 46.242681515737914
68.0 97.0 50.71137353714631
68.0 98.0 105.2866620562677
68.0 100.0 12.582037523887774
68.0 101.0 39.196186201995104
68.0 102.0 38.965595583192794
68.0 104.0 47.09442160605302
68.0 105.0 48.044821951200106
68.0 107.0 83.43409885804715
68.0 109.0 106.01501369987322
68.0 110.0 115.11317660620071
68.0 111.0 114.43572457999542
68.0 112.0 52.92230511975288
69.0 70.0 40.14257934654357
69.0 73.0 76.09210431922725
69.0 74.0 81.13782312227521
69.0 75.0 81.33628259316387
69.0 76.0 73.4625618609409
69.0 78.0 79.78531488298128
69.0 79.0 86.43830997083667
69.0 80.0 84.33226224555094
69.0 81.0 83.13137040412013
69.0 82.0 38.814799987508856
69.0 83.0 40.433285567957284
69.0 84.0 79.74575059562633
69.0 86.0 93.6182987557941
69.0 87.0 96.28200408611744
69.0 88.0 100.7663684733485
69.0 89.0 110.76636847448464
69.0 90.0 80.63525452135362
69.0 91.0 78.24567522457582
69.0 92.0 46.408068736815565
69.0 94.0 44.770322632403634
69.0 95.0 48.40531270003723
69.0 96.0 50.91338292494488
69.0 97.0 55.38207494549647
69.0 98.0 109.95736346779893
69.0 100.0 7.911336115416773
69.0 101.0 43.86688761079192
69.0 102.0 43.63629699187929
69.0 104.0 51.76512301452343
69.0 105.0 52.71552335976486
69.0 107.0 88.1048002666032
69.0 109.0 110.68571511129274
69.0 110.0 119.78387801929571
69.0 111.0 119.10642599326545
69.0 112.0 57.59300652831419
70.0 73.0 68.33054472403366
70.0 74.0 73.37626352778587
70.0 75.0 73.57472299796598
70.0 76.0 65.70100226635864
70.0 78.0 72.02375528851442
70.0 79.0 78.676750375967
70.0 80.0 76.57070265016361
70.0 81.0 75.36981080923523
70.0 82.0 31.053240392710663
70.0 83.0 32.671725972823914
70.0 84.0 71.98419100069862
70.0 86.0 85.85673916104776
70.0 87.0 88.52044449158433
70.0 88.0 93.00480887661288
70.0 89.0 103.00480887664648
70.0 90.0 72.87369492592146
70.0 91.0 70.484115630027
70.0 92.0 38.64650914222348
70.0 94.0 37.008763037602776
70.0 95.0 40.643753105198066
70.0 96.0 43.15182332938873
70.0 97.0 47.620515350390264
70.0 98.0 102.19580387872378
70.0 100.0 48.05391546233297
70.0 101.0 36.10532801555996
70.0 102.0 35.87473739720514
70.0 104.0 44.00356341983679
70.0 105.0 44.953963764794544
70.0 107.0 80.34324067189084
70.0 109.0 102.92415551737636
70.0 110.0 112.02231842888852
70.0 111.0 111.3448664053958
70.0 112.0 49.83144693346644
73.0 74.0 18.018387135238378
73.0 75.0 18.216846606515293
73.0 76.0 19.72268309218343
73.0 78.0 26.04543611435905
73.0 79.0 32.69843120195445
73.0 80.0 30.59238347638261
73.0 81.0 29.39149163516847
73.0 82.0 57.765327558100125
73.0 83.0 59.38381313833683
73.0 84.0 3.653646276347328
73.0 86.0 30.49886276823513
73.0 87.0 33.162568099256
73.0 88.0 47.026489702070236
73.0 89.0 57.026489701548435
73.0 90.0 26.89537575252286
73.0 91.0 24.505796456123388
73.0 92.0 65.3585963073965
73.0 94.0 63.720850203259246
73.0 95.0 67.3558402702266
73.0 96.0 69.86391049441222
73.0 97.0 74.33260251552706
73.0 98.0 56.217484696252704
73.0 100.0 84.00344043469784
73.0 101.0 66.98862497439616
73.0 102.0 66.75803435604443
73.0 104.0 74.88686037880822
73.0 105.0 75.83726072388116
73.0 107.0 34.36492149821031
73.0 109.0 56.94583634415713
73.0 110.0 66.04399924153331
73.0 111.0 65.36654722007711
73.0 112.0 80.71474389217605
74.0 75.0 7.565015147898332
74.0 76.0 24.7684018956869
74.0 78.0 31.091154917660326
74.0 79.0 37.74415000531819
74.0 80.0 35.638102279628995
74.0 81.0 34.43721043883494
74.0 82.0 62.81104636171487
74.0 83.0 64.4295319415912
74.0 84.0 21.672033411603444
74.0 86.0 19.84703130961934
74.0 87.0 22.510736640568318
74.0 88.0 52.07220850530733
74.0 89.0 62.07220850523811
74.0 90.0 31.941094555741525
74.0 91.0 29.551515259260327
74.0 92.0 70.40431511097154
74.0 94.0 68.7665690060584
74.0 95.0 72.40155907354247
74.0 96.0 74.90962929785826
74.0 97.0 79.3783213186596
74.0 98.0 61.26320350088518
74.0 100.0 89.0491592379312
74.0 101.0 72.03434377692554
74.0 102.0 71.80375315900295
74.0 104.0 79.93257918152294
74.0 105.0 80.8829795273348
74.0 107.0 39.410640301118946
74.0 109.0 61.99155514488844
74.0 110.0 71.08971804706964
74.0 111.0 70.41226602331827
74.0 112.0 85.76046269457862
75.0 76.0 24.966861366935824
75.0 78.0 31.289614388902535
75.0 79.0 37.942609476476136
75.0 80.0 35.83656175093195
75.0 81.0 34.63566991006728
75.0 82.0 63.00950583313493
75.0 83.0 64.62799141249798
75.0 84.0 21.870492882778315
75.0 86.0 12.28201616179373
75.0 87.0 14.945721492689458
75.0 88.0 52.27066797644564
75.0 89.0 62.270667976571644
75.0 90.0 32.139554027156095
75.0 91.0 29.749974730489036
75.0 92.0 70.60277458198186
75.0 94.0 68.9650284780718
75.0 95.0 72.60001854481905
75.0 96.0 75.1080887690911
75.0 97.0 79.57678078996932
75.0 98.0 61.46166297304233
75.0 100.0 89.24761870856227
75.0 101.0 72.2328032496723
75.0 102.0 72.00221263011994
75.0 104.0 80.13103865284705
75.0 105.0 81.0814389983451
75.0 107.0 39.60909977244236
75.0 109.0 62.19001461338303
75.0 110.0 71.2881775180714
75.0 111.0 70.61072549547804
75.0 112.0 85.95892216654208
76.0 78.0 6.32275302195872
76.0 79.0 12.975748109612141
76.0 80.0 15.038863076214371
76.0 81.0 13.837971235339028
76.0 82.0 55.13578510016424
76.0 83.0 56.75427068034398
76.0 84.0 23.37632936847529
76.0 86.0 37.24887752855254
76.0 87.0 39.91258285956771
76.0 88.0 35.04804736753313
76.0 89.0 45.04804736788716
76.0 90.0 14.91693341852153
76.0 91.0 12.527354122037053
76.0 92.0 62.72905384895712
76.0 94.0 61.0913077447752
76.0 95.0 64.72629781224283
76.0 96.0 67.234368036428
76.0 97.0 71.70306005769633
76.0 98.0 44.23904236469216
76.0 100.0 81.37389797696387
76.0 101.0 64.3590825166836
76.0 102.0 64.12849189762728
76.0 104.0 72.2573179210324
76.0 105.0 73.20771826585863
76.0 107.0 18.811401097447007
76.0 109.0 44.967394004259404
76.0 110.0 54.06555691012827
76.0 111.0 53.38810488585299
76.0 112.0 78.0852014341757
78.0 79.0 6.652995087635017
78.0 80.0 21.36161609819795
78.0 81.0 20.160724257361686
78.0 82.0 61.45853812209714
78.0 83.0 63.07702370184239
78.0 84.0 29.69908239083491
78.0 86.0 43.57163055061934
78.0 87.0 46.23533588154136
78.0 88.0 41.370800390161286
78.0 89.0 51.370800389862396
78.0 90.0 21.239686440306045
78.0 91.0 18.850107143835373
78.0 92.0 69.05180687078233
78.0 94.0 67.41406076679563
78.0 95.0 71.0490508341126
78.0 96.0 73.5571210583217
78.0 97.0 78.02581307918734
78.0 98.0 50.56179538422279
78.0 100.0 87.69665099852281
78.0 101.0 70.68183553859788
78.0 102.0 70.45124491974097
78.0 104.0 78.58007094257545
78.0 105.0 79.53047128803846
78.0 107.0 25.13415411958855
78.0 109.0 51.29014702646167
78.0 110.0 60.38830993194275
78.0 111.0 59.71085790921255
78.0 112.0 84.40795445587605
79.0 80.0 28.01461118584306
79.0 81.0 26.813719344909266
79.0 82.0 68.11153320967838
79.0 83.0 69.73001878950355
79.0 84.0 36.35207747837771
79.0 86.0 50.2246256382843
79.0 87.0 52.888330969188104
79.0 88.0 48.02379547880318
79.0 89.0 58.023795476944116
79.0 90.0 27.892681527851206
79.0 91.0 25.50310223158325
79.0 92.0 75.70480195885236
79.0 94.0 74.06705585441841
79.0 95.0 77.70204592189947
79.0 96.0 80.21011614599348
79.0 97.0 84.67880816710414
79.0 98.0 57.214790474438516
79.0 100.0 94.34964608655307
79.0 101.0 77.33483062608528
79.0 102.0 77.10424000702523
79.0 104.0 85.23306603022513
79.0 105.0 86.18346637556363
79.0 107.0 31.787149207130533
79.0 109.0 57.943142113801386
79.0 110.0 67.04130502078746
79.0 111.0 66.36385299559026
79.0 112.0 91.0609495439899
80.0 81.0 13.085190272056803
80.0 82.0 66.00548548382974
80.0 83.0 67.6239710637812
80.0 84.0 34.2460297528778
80.0 86.0 48.11857791255592
80.0 87.0 50.78228324354221
80.0 88.0 45.91774775236897
80.0 89.0 55.91774775242755
80.0 90.0 25.786633802457093
80.0 91.0 23.397054505699465
80.0 92.0 73.59875423286542
80.0 94.0 71.96100812882915
80.0 95.0 75.59599819611674
80.0 96.0 78.10406842039774
80.0 97.0 82.57276044141622
80.0 98.0 55.108742749879646
80.0 100.0 92.24359836082768
80.0 101.0 75.2287829001371
80.0 102.0 74.99819228149568
80.0 104.0 83.1270183042713
80.0 105.0 84.07741865049148
80.0 107.0 18.05862013442249
80.0 109.0 55.83709438626289
80.0 110.0 64.93525729253425
80.0 111.0 64.25780527002098
80.0 112.0 88.95490181833071
81.0 82.0 64.80459364352613
81.0 83.0 66.42307922315848
81.0 84.0 33.04513791194513
81.0 86.0 46.9176860718888
81.0 87.0 49.581391402942245
81.0 88.0 44.716855910700374
81.0 89.0 54.71685591076036
81.0 90.0 24.585741961596426
81.0 91.0 22.1961626649297
81.0 92.0 72.39786239255645
81.0 94.0 70.76011628810943
81.0 95.0 74.39510635535731
81.0 96.0 76.90317657961216
81.0 97.0 81.37186860087107
81.0 98.0 53.9078509057357
81.0 100.0 91.04270651979537
81.0 101.0 74.02789105986105
81.0 102.0 73.79730044083931
81.0 104.0 81.92612646383209
81.0 105.0 82.87652680931348
81.0 107.0 4.973429862141702
81.0 109.0 54.63620255153319
81.0 110.0 63.734365452800475
81.0 111.0 63.05691343142873
81.0 112.0 87.75400997751534
82.0 83.0 5.927278840895122
82.0 84.0 61.41897383426071
82.0 86.0 75.29152199519407
82.0 87.0 77.95522732629787
82.0 88.0 82.43959170976763
82.0 89.0 92.4395917110142
82.0 90.0 62.30847776027135
82.0 91.0 59.918898463240836
82.0 92.0 11.90206201031441
82.0 94.0 17.360220014866
82.0 95.0 20.995210082348894
82.0 96.0 23.503280306624426
82.0 97.0 27.971972327534996
82.0 98.0 91.63058670279679
82.0 100.0 46.726136103399284
82.0 101.0 29.711320642968722
82.0 102.0 29.480730024501582
82.0 104.0 37.609556047262494
82.0 105.0 38.559956392472266
82.0 107.0 69.7780235050593
82.0 109.0 92.35893835480037
82.0 110.0 101.45710126172703
82.0 111.0 100.77964923458916
82.0 112.0 43.43743956089471
83.0 84.0 63.03745941428559
83.0 86.0 76.91000757440823
83.0 87.0 79.57371290533274
83.0 88.0 84.05807729215465
83.0 89.0 94.05807729060624
83.0 90.0 63.92696334008935
83.0 91.0 61.537384043194926
83.0 92.0 5.97478316940081
83.0 94.0 18.978705594683213
83.0 95.0 22.613695662257093
83.0 96.0 25.12176588650457
83.0 97.0 29.590457907380866
83.0 98.0 93.24907229078927
83.0 100.0 48.34462168308599
83.0 101.0 31.329806222912183
83.0 102.0 31.099215604188743
83.0 104.0 39.22804162708858
83.0 105.0 40.178441972635596
83.0 107.0 71.39650908540935
83.0 109.0 93.9774239235615
83.0 110.0 103.07558684305567
83.0 111.0 102.39813481510114
83.0 112.0 45.055925140612636
84.0 86.0 34.15250904464171
84.0 87.0 36.816214375528446
84.0 88.0 50.680135979043385
84.0 89.0 60.68013597951189
84.0 90.0 30.549022028653376
84.0 91.0 28.159442732130625
84.0 92.0 69.01224258376843
84.0 94.0 67.37449647900621
84.0 95.0 71.0094865464771
84.0 96.0 73.517556770785
84.0 97.0 77.98624879151704
84.0 98.0 59.87113097379208
84.0 100.0 87.65708671104264
84.0 101.0 70.64227125009478
84.0 102.0 70.4116806316522
84.0 104.0 78.54050665521109
84.0 105.0 79.49090699970027
84.0 107.0 38.018567774196654
84.0 109.0 60.599482617428805
84.0 110.0 69.69764552177
84.0 111.0 69.0201934949214
84.0 112.0 84.36839016808612
86.0 87.0 12.371448329643417
86.0 88.0 64.55268413808304
86.0 89.0 74.55268413927747
86.0 90.0 44.42157018871073
86.0 91.0 42.03199089220343
86.0 92.0 82.88479074404968
86.0 94.0 81.24704463861151
86.0 95.0 84.8820347064443
86.0 96.0 87.39010493072132
86.0 97.0 91.85879695162072
86.0 98.0 73.74367913387621
86.0 100.0 101.52963487013614
86.0 101.0 84.51481941129472
86.0 102.0 84.28422879248768
86.0 104.0 92.4130548139443
86.0 105.0 93.3634551600957
86.0 107.0 51.89111593385823
86.0 109.0 74.47203077707715
86.0 110.0 83.57019368105989
86.0 111.0 82.89274165512361
86.0 112.0 98.24093832774602
87.0 88.0 67.21638946912512
87.0 89.0 77.21638946832016
87.0 90.0 47.085275519717435
87.0 91.0 44.695696223162074
87.0 92.0 85.54849607486555
87.0 94.0 83.9107499702863
87.0 95.0 87.5457400373718
87.0 96.0 90.05381026188519
87.0 97.0 94.52250228271075
87.0 98.0 76.40738446394298
87.0 100.0 104.19334020064576
87.0 101.0 87.17852474226459
87.0 102.0 86.94793412227656
87.0 104.0 95.07676014591436
87.0 105.0 96.0271604911552
87.0 107.0 54.5548212648101
87.0 109.0 77.1357361072561
87.0 110.0 86.23389901269552
87.0 111.0 85.55644698860107
87.0 112.0 100.90464365874114
88.0 89.0 9.99999999998263
88.0 90.0 37.436778241254416
88.0 91.0 35.04719894607474
88.0 92.0 90.0328604631012
88.0 94.0 88.39511435631675
88.0 95.0 92.03010442243183
88.0 96.0 94.53817464694853
88.0 97.0 99.00686666494315
88.0 98.0 38.50492013194344
88.0 100.0 108.67770458646469
88.0 101.0 91.66288912841304
88.0 102.0 91.43229850855855
88.0 104.0 99.56112453151476
88.0 105.0 100.5115248755856
88.0 107.0 49.690285773231224
88.0 109.0 39.23327177326017
88.0 110.0 48.331434678459466
88.0 111.0 47.65398265481622
88.0 112.0 105.38900804835009
89.0 90.0 47.43677824145949
89.0 91.0 45.047198944736564
89.0 92.0 100.03286046048757
89.0 94.0 98.39511435898427
89.0 95.0 102.03010442096021
89.0 96.0 104.53817464626586
89.0 97.0 109.00686666722564
89.0 98.0 48.50492013211663
89.0 100.0 118.67770458697171
89.0 101.0 101.6628891289971
89.0 102.0 101.43229850885865
89.0 104.0 109.56112453052077
89.0 105.0 110.51152487458066
89.0 107.0 59.69028577312166
89.0 109.0 49.23327177329092
89.0 110.0 58.331434678545435
89.0 111.0 57.6539826550609
89.0 112.0 115.38900804250356
90.0 91.0 10.74505375932877
90.0 92.0 69.90174650817616
90.0 94.0 68.26400040502043
90.0 95.0 71.898990471932
90.0 96.0 74.40706069631554
90.0 97.0 78.87575271731924
90.0 98.0 46.62777324696492
90.0 100.0 88.5465906361598
90.0 101.0 71.53177517630986
90.0 102.0 71.30118455735926
90.0 104.0 79.43001058013954
90.0 105.0 80.38041092697023
90.0 107.0 29.55917182380383
90.0 109.0 47.35612487711843
90.0 110.0 56.45428778333302
90.0 111.0 55.77683576037526
90.0 112.0 85.25789409421196
91.0 92.0 67.51216721249492
91.0 94.0 65.87442110801857
91.0 95.0 69.5094111756085
91.0 96.0 72.01748139981046
91.0 97.0 76.48617342082503
91.0 98.0 44.238193937110296
91.0 100.0 86.15701134014928
91.0 101.0 69.14219588011969
91.0 102.0 68.91160526092955
91.0 104.0 77.0404312840357
91.0 105.0 77.99083163008453
91.0 107.0 27.169592527395416
91.0 109.0 44.96654558102302
91.0 110.0 54.0647084869359
91.0 111.0 53.38725646346397
91.0 112.0 82.86831479784433
92.0 94.0 24.953488764080003
92.0 95.0 28.58847883162316
92.0 96.0 31.096549055911048
92.0 97.0 35.56524107677005
92.0 98.0 99.22385545208132
92.0 100.0 54.31940485259828
92.0 101.0 37.30458939210837
92.0 102.0 37.07399877359251
92.0 104.0 45.20282479664467
92.0 105.0 46.15322514159634
92.0 107.0 77.37129225433713
92.0 109.0 99.95220711180659
92.0 110.0 109.05037000541694
92.0 111.0 108.37291798265127
92.0 112.0 51.03070831004605
94.0 95.0 12.828527461929738
94.0 96.0 15.336597686256294
94.0 97.0 19.805289707146997
94.0 98.0 97.58610934542943
94.0 100.0 52.681658748098826
94.0 101.0 35.666843287671554
94.0 102.0 35.43625266916953
94.0 104.0 43.565078692137874
94.0 105.0 44.51547903697146
94.0 107.0 75.73354614964151
94.0 109.0 98.31446099660283
94.0 110.0 107.41262388901146
94.0 111.0 106.73517187344297
94.0 112.0 49.392962205240984
95.0 96.0 9.38512986166053
95.0 97.0 6.976762245193133
95.0 98.0 101.22109940871843
95.0 100.0 56.31664881597165
95.0 101.0 39.301833355321946
95.0 102.0 39.07124273644831
95.0 104.0 47.20006875941206
95.0 105.0 48.15046910443354
95.0 107.0 79.36853621767429
95.0 109.0 101.9494510631031
95.0 110.0 111.04761395653318
95.0 111.0 110.37016194443926
95.0 112.0 53.027952272570175
96.0 97.0 16.361892106855485
96.0 98.0 103.72916964222776
96.0 100.0 58.82471903994227
96.0 101.0 41.809903579620894
96.0 102.0 41.57931296038505
96.0 104.0 49.708138983609174
96.0 105.0 50.65853932902355
96.0 107.0 81.87660644177964
96.0 109.0 104.4575212853786
96.0 110.0 113.55568418378934
96.0 111.0 112.87823216896375
96.0 112.0 55.53602249732029
97.0 98.0 108.19786166059555
97.0 100.0 63.293411061033424
97.0 101.0 46.27859560010111
97.0 102.0 46.04800498138361
97.0 104.0 54.176831004796966
97.0 105.0 55.12723134973443
97.0 107.0 86.34529846285022
97.0 109.0 108.92621331387163
97.0 110.0 118.02437621296102
97.0 111.0 117.34692419534707
97.0 112.0 60.004714517924626
98.0 100.0 117.86869959354055
98.0 101.0 100.85388412433673
98.0 102.0 100.62329350999734
98.0 104.0 108.75211952735864
98.0 105.0 109.70251986406652
98.0 107.0 58.88128076860673
98.0 109.0 14.175950822079297
98.0 110.0 23.27411372743778
98.0 111.0 22.596661703784925
98.0 112.0 114.5800030453157
100.0 101.0 51.77822372578109
100.0 102.0 51.5476331073415
100.0 104.0 59.67645913061287
100.0 105.0 60.626859475458104
100.0 107.0 96.01613638197293
100.0 109.0 118.59705122786157
100.0 110.0 127.69521413251113
100.0 111.0 127.01776210801611
100.0 112.0 65.5043426433817
101.0 102.0 10.956825759387678
101.0 104.0 7.898235404374079
101.0 105.0 8.848635749534148
101.0 107.0 79.00132092166895
101.0 109.0 101.5822357661014
101.0 110.0 110.68039867118077
101.0 111.0 110.00294665538703
101.0 112.0 13.72611891780286
102.0 104.0 18.855061163626146
102.0 105.0 19.805461508820265
102.0 107.0 78.77073030339133
102.0 109.0 101.35164514440072
102.0 110.0 110.44980805741986
102.0 111.0 109.77235602880097
102.0 112.0 24.68294467715799
104.0 105.0 8.017920624971872
104.0 107.0 86.89955632606507
104.0 109.0 109.48047116562788
104.0 110.0 118.57863408180546
104.0 111.0 117.90118205557482
104.0 112.0 12.895403793224903
105.0 107.0 87.84995667133626
105.0 109.0 110.43087152078297
105.0 110.0 119.52903441807709
105.0 111.0 118.85158239979488
105.0 112.0 4.877483168232269
107.0 109.0 59.60963241117975
107.0 110.0 68.70779531301358
107.0 111.0 68.03034329026691
107.0 112.0 92.72743983990011
109.0 110.0 13.346058814423229
109.0 111.0 12.668606790872103
109.0 112.0 115.30835469075973
110.0 111.0 11.624166431727389
110.0 112.0 124.40651758488923
111.0 112.0 123.72906556233154
