2.0 3.0 5.7981313146409015
2.0 4.0 5.798131315788217
2.0 5.0 11.596262630451616
2.0 6.0 17.409708860588168
2.0 11.0 37.57945256314375
2.0 13.0 40.035606191763094
2.0 16.0 43.7572072329952
2.0 18.0 11.511295890526657
2.0 20.0 17.156628288912863
2.0 21.0 22.801960686946884
2.0 23.0 28.44729308500162
2.0 24.0 38.44729308527599
2.0 26.0 49.84819011455559
2.0 27.0 55.42581545509699
2.0 29.0 70.61863640045254
2.0 30.0 71.09207128178019
2.0 31.0 76.93959058578325
2.0 36.0 99.69774402435849
2.0 39.0 114.66375758863767
2.0 40.0 116.54121775296566
2.0 42.0 40.26848576526909
2.0 43.0 45.95003108831855
2.0 44.0 49.165275728387144
2.0 46.0 64.80020368321641
2.0 47.0 65.29650525016375
2.0 48.0 73.2154368153915
2.0 49.0 49.71386524718636
2.0 50.0 57.98457679003424
2.0 51.0 59.16858385789355
2.0 52.0 67.54216466510934
2.0 53.0 73.37433760411238
2.0 54.0 78.81130836334557
2.0 57.0 133.83872236727666
2.0 59.0 139.7451946784609
2.0 61.0 143.51432263732983
2.0 62.0 156.03820969104885
2.0 63.0 151.96511456803427
2.0 65.0 55.71961851058407
2.0 66.0 63.64987235314091
2.0 67.0 73.51760074482624
2.0 68.0 81.89564995366811
2.0 69.0 90.97844175917848
2.0 70.0 74.40642295955317
2.0 73.0 89.3052438335451
2.0 74.0 97.9828832492675
2.0 75.0 98.44386659257741
2.0 76.0 94.57923048792092
2.0 78.0 104.57923048734003
2.0 79.0 114.42809688009018
2.0 80.0 108.30895723995741
2.0 81.0 108.10921865736927
2.0 82.0 44.837722405460774
2.0 83.0 47.415532533759446
2.0 84.0 97.1874386852394
2.0 86.0 116.48848517668773
2.0 87.0 117.62070286070346
2.0 88.0 143.83872236672377
2.0 89.0 153.81664819978627
2.0 90.0 106.0130340018454
2.0 91.0 105.19602831262316
2.0 92.0 57.28955013715192
2.0 94.0 49.13137698260009
2.0 95.0 55.530914976605466
2.0 96.0 50.62999574924517
2.0 97.0 65.17285836817234
2.0 98.0 171.7008835257729
2.0 100.0 100.9069141250163
2.0 101.0 69.16514296579315
2.0 102.0 69.14425787188262
2.0 104.0 86.726720825667
2.0 105.0 87.319513696426
2.0 107.0 117.35896225001673
2.0 109.0 176.49991061653907
2.0 110.0 189.87825402166067
2.0 111.0 190.2738230760402
2.0 112.0 96.91712782157552
3.0 4.0 11.596262631334247
3.0 5.0 5.798131315388078
3.0 6.0 11.611577545389387
3.0 11.0 31.78132124905463
3.0 13.0 34.23747487806213
3.0 16.0 37.95907591665208
3.0 18.0 17.309427206050458
3.0 20.0 22.9547596039543
3.0 21.0 28.600092002226837
3.0 23.0 34.24542440021743
3.0 24.0 44.24542440064586
3.0 26.0 55.646321429714746
3.0 27.0 61.2239467708834
3.0 29.0 76.41676771570177
3.0 30.0 76.89020259714428
3.0 31.0 82.73772190197958
3.0 36.0 105.49587533855893
3.0 39.0 120.46188890617572
3.0 40.0 122.33934906723641
3.0 42.0 34.47035444938818
3.0 43.0 40.15189977365033
3.0 44.0 43.367144413221546
3.0 46.0 59.002072369132925
3.0 47.0 59.4983739346511
3.0 48.0 67.41730549906727
3.0 49.0 43.915733930886944
3.0 50.0 52.18644547396288
3.0 51.0 53.37045254384973
3.0 52.0 61.74403335054165
3.0 53.0 67.57620628956964
3.0 54.0 73.01317704904343
3.0 57.0 139.63685368145462
3.0 59.0 145.54332599185545
3.0 61.0 149.31245394500095
3.0 62.0 161.83634100673595
3.0 63.0 157.7632458770454
3.0 65.0 49.92148719548838
3.0 66.0 57.85174103736645
3.0 67.0 67.71946942890854
3.0 68.0 76.09751863846122
3.0 69.0 85.18031044206658
3.0 70.0 68.6082916444178
3.0 73.0 95.10337514889022
3.0 74.0 103.78101456453965
3.0 75.0 104.24199790765131
3.0 76.0 100.37736180308937
3.0 78.0 110.3773618030027
3.0 79.0 120.22622819543233
3.0 80.0 114.10708855635056
3.0 81.0 113.90734997265176
3.0 82.0 39.03959108947348
3.0 83.0 41.61740121809607
3.0 84.0 102.98557000050096
3.0 86.0 122.28661649190688
3.0 87.0 123.41883417589834
3.0 88.0 149.63685368408628
3.0 89.0 159.61477951416646
3.0 90.0 111.81116531714494
3.0 91.0 110.9941596274708
3.0 92.0 51.49141882134907
3.0 94.0 43.333245668507864
3.0 95.0 49.73278366143343
3.0 96.0 44.8318644348334
3.0 97.0 59.37472705307905
3.0 98.0 177.49901484055454
3.0 100.0 95.10878280954398
3.0 101.0 63.367011651022054
3.0 102.0 63.34612655577561
3.0 104.0 80.92858951027779
3.0 105.0 81.52138238120946
3.0 107.0 123.15709356634535
3.0 109.0 182.29804195599795
3.0 110.0 195.6763853325438
3.0 111.0 196.07195437785282
3.0 112.0 91.11899650616206
4.0 5.0 17.39439394610691
4.0 6.0 23.2078401761607
4.0 11.0 43.3775838803583
4.0 13.0 45.833737507288106
4.0 16.0 49.55533854815043
4.0 18.0 5.713164575429046
4.0 20.0 11.358496973490345
4.0 21.0 17.003829371596936
4.0 23.0 22.64916176949971
4.0 24.0 32.649161770057916
4.0 26.0 44.05005879932113
4.0 27.0 49.62768414082082
4.0 29.0 64.82050508542072
4.0 30.0 65.29393996637623
4.0 31.0 71.1414592717242
4.0 36.0 93.89961270875028
4.0 39.0 108.86562627445733
4.0 40.0 110.74308643549932
4.0 42.0 46.066617080185885
4.0 43.0 51.748162404058995
4.0 44.0 54.96340704471072
4.0 46.0 70.59833499925804
4.0 47.0 71.09463656391799
4.0 48.0 79.0135681302806
4.0 49.0 55.51199656236775
4.0 50.0 63.782708105430174
4.0 51.0 64.9667151727959
4.0 52.0 73.34029597962801
4.0 53.0 79.17246891902032
4.0 54.0 84.6094396781543
4.0 57.0 128.04059105326246
4.0 59.0 133.94706335919116
4.0 61.0 137.71619131808373
4.0 62.0 150.24007835453696
4.0 63.0 146.16698326745953
4.0 65.0 61.51774982657832
4.0 66.0 69.44800366751733
4.0 67.0 79.31573206032525
4.0 68.0 87.69378126930418
4.0 69.0 96.7765730720739
4.0 70.0 80.20455427561063
4.0 73.0 83.50711251819753
4.0 74.0 92.18475193367055
4.0 75.0 92.6457352771146
4.0 76.0 88.78109917254457
4.0 78.0 98.78109917271257
4.0 79.0 108.62996556475952
4.0 80.0 102.51082592457144
4.0 81.0 102.31108734130902
4.0 82.0 50.63585372029776
4.0 83.0 53.21366384897061
4.0 84.0 91.38930737024253
4.0 86.0 110.69035386195345
4.0 87.0 111.82257154463778
4.0 88.0 138.04059105395018
4.0 89.0 148.01851688186522
4.0 90.0 100.21490268637747
4.0 91.0 99.39789699746075
4.0 92.0 63.08768145180109
4.0 94.0 54.92950829921804
4.0 95.0 61.32904629243645
4.0 96.0 56.42812706439173
4.0 97.0 70.97098968339657
4.0 98.0 165.90275222255718
4.0 100.0 106.70504544037138
4.0 101.0 74.9632742829863
4.0 102.0 74.94238918724122
4.0 104.0 92.52485214039365
4.0 105.0 93.11764501178926
4.0 107.0 111.5608309355699
4.0 109.0 170.70177932109948
4.0 110.0 184.08012273521928
4.0 111.0 184.47569176498496
4.0 112.0 102.71525913654844
5.0 6.0 5.813446229936705
5.0 11.0 25.98318993396001
5.0 13.0 28.439343561925
5.0 16.0 32.16094460164324
5.0 18.0 23.107558521269652
5.0 20.0 28.752890919525747
5.0 21.0 34.3982233172844
5.0 23.0 40.043555715808154
5.0 24.0 50.043555715943015
5.0 26.0 61.44445274476077
5.0 27.0 67.0220780862827
5.0 29.0 82.21489903081871
5.0 30.0 82.68833391303937
5.0 31.0 88.53585321740766
5.0 36.0 111.29400665417671
5.0 39.0 126.26002022108082
5.0 40.0 128.13748038038992
5.0 42.0 28.67222313376698
5.0 43.0 34.35376845856588
5.0 44.0 37.56901309841323
5.0 46.0 53.20394105313542
5.0 47.0 53.7002426193346
5.0 48.0 61.61917418313838
5.0 49.0 38.117602616040685
5.0 50.0 46.38831415998518
5.0 51.0 47.57232122669565
5.0 52.0 55.94590203378236
5.0 53.0 61.77807497434917
5.0 54.0 67.21504573231125
5.0 57.0 145.43498499949038
5.0 59.0 151.34145730558166
5.0 61.0 155.11058526013917
5.0 62.0 167.63447231344958
5.0 63.0 163.5613772039854
5.0 65.0 44.12335587980371
5.0 66.0 52.05360971905363
5.0 67.0 61.9213381135949
5.0 68.0 70.29938732280134
5.0 69.0 79.3821791268211
5.0 70.0 62.81016032931181
5.0 73.0 100.90150646444259
5.0 74.0 109.57914588011965
5.0 75.0 110.04012922321003
5.0 76.0 106.17549311911137
5.0 78.0 116.17549311862928
5.0 79.0 126.02435951030391
5.0 80.0 119.90521987168559
5.0 81.0 119.70548128834596
5.0 82.0 33.24145977415807
5.0 83.0 35.819269903168625
5.0 84.0 108.783701316227
5.0 86.0 128.08474780645616
5.0 87.0 129.21696549088907
5.0 88.0 155.434984997571
5.0 89.0 165.41291082479012
5.0 90.0 117.60929663237273
5.0 91.0 116.7922909429405
5.0 92.0 45.6932875066674
5.0 94.0 37.53511435207669
5.0 95.0 43.934652345552045
5.0 96.0 39.03373311873948
5.0 97.0 53.576595737836286
5.0 98.0 183.29714616564834
5.0 100.0 89.3106514954025
5.0 101.0 57.56888033584821
5.0 102.0 57.54799524127548
5.0 104.0 75.13045819459907
5.0 105.0 75.72325106535041
5.0 107.0 128.95522488038657
5.0 109.0 188.09617327104627
5.0 110.0 201.47451665027978
5.0 111.0 201.87008567370822
5.0 112.0 85.32086519117175
6.0 11.0 20.169743703711283
6.0 13.0 22.625897332321912
6.0 16.0 26.347498372037187
6.0 18.0 28.921004750727736
6.0 20.0 34.56633714946782
6.0 21.0 40.21166954723133
6.0 23.0 45.85700194582187
6.0 24.0 55.857001945797755
6.0 26.0 67.25789897465279
6.0 27.0 72.83552431616597
6.0 29.0 88.02834526109939
6.0 30.0 88.50178014255485
6.0 31.0 94.3492994471492
6.0 36.0 117.10745288514187
6.0 39.0 132.07346645181002
6.0 40.0 133.95092661423263
6.0 42.0 22.8587769037422
6.0 43.0 28.540322228719003
6.0 44.0 31.75556686873913
6.0 46.0 47.390494821474164
6.0 47.0 47.88679638873985
6.0 48.0 55.80572795339769
6.0 49.0 32.304156385471934
6.0 50.0 40.57486792860072
6.0 51.0 41.758874998185476
6.0 52.0 50.1324558051619
6.0 53.0 55.96462874312397
6.0 54.0 61.401599502646356
6.0 57.0 151.24843122977518
6.0 59.0 157.15490353500047
6.0 61.0 160.9240314974931
6.0 62.0 173.447918534451
6.0 63.0 169.3748234353065
6.0 65.0 38.309909650552356
6.0 66.0 46.24016349076102
6.0 67.0 56.1078918843991
6.0 68.0 64.48594109269546
6.0 69.0 73.56873289834141
6.0 70.0 56.996714099156385
6.0 73.0 106.71495269392057
6.0 74.0 115.3925921102112
6.0 75.0 115.85357545341942
6.0 76.0 111.98893934911695
6.0 78.0 121.98893934930481
6.0 79.0 131.83780574079736
6.0 80.0 125.71866610056031
6.0 81.0 125.51892751893965
6.0 82.0 27.428013543971268
6.0 83.0 30.00582367281412
6.0 84.0 114.59714754598764
6.0 86.0 133.89819403731332
6.0 87.0 135.0304117212895
6.0 88.0 161.2484312312362
6.0 89.0 171.2263570579413
6.0 90.0 123.42274286237432
6.0 91.0 122.60573717297237
6.0 92.0 39.87984127633873
6.0 94.0 31.721668122424532
6.0 95.0 38.12120611478738
6.0 96.0 33.22028688877684
6.0 97.0 47.76314950740597
6.0 98.0 189.11059238764557
6.0 100.0 83.49720526356187
6.0 101.0 51.75543410591338
6.0 102.0 51.734549011102125
6.0 104.0 69.31701196469373
6.0 105.0 69.90980483557681
6.0 107.0 134.76867111059758
6.0 109.0 193.90961950679392
6.0 110.0 207.28796289179365
6.0 111.0 207.68353194499917
6.0 112.0 79.5074189607812
11.0 13.0 21.77324603592954
11.0 16.0 25.49484707586106
11.0 18.0 49.09074845506123
11.0 20.0 54.73608085254682
11.0 21.0 60.38141325105298
11.0 23.0 66.02674564919367
11.0 24.0 76.02674564935285
11.0 26.0 87.42764267773225
11.0 27.0 93.00526801946846
11.0 29.0 108.19808896408841
11.0 30.0 108.67152384541089
11.0 31.0 114.51904315085685
11.0 36.0 137.27719658750615
11.0 39.0 152.24321015165748
11.0 40.0 154.12067031680292
11.0 42.0 31.421512118006586
11.0 43.0 37.103057442397585
11.0 44.0 40.31830208221397
11.0 46.0 55.953230036755826
11.0 47.0 56.44953160326726
11.0 48.0 64.36846316768872
11.0 49.0 40.866891599352556
11.0 50.0 49.13760314283313
11.0 51.0 50.32161021135757
11.0 52.0 58.695191017966884
11.0 53.0 64.52736395653488
11.0 54.0 69.96433471638308
11.0 57.0 171.41817493355074
11.0 59.0 177.32464724111645
11.0 61.0 181.093775202139
11.0 62.0 193.6176622429697
11.0 63.0 189.54456713288164
11.0 65.0 46.872644864136234
11.0 66.0 54.80289870521901
11.0 67.0 64.67062709753014
11.0 68.0 73.04867630692557
11.0 69.0 82.13146811028196
11.0 70.0 65.55944931273461
11.0 73.0 126.88469639718339
11.0 74.0 135.56233581337762
11.0 75.0 136.02331915644066
11.0 76.0 132.15868305132057
11.0 78.0 142.1586830512867
11.0 79.0 152.00754944389004
11.0 80.0 145.8884098034531
11.0 81.0 145.68867122225106
11.0 82.0 26.575362248094244
11.0 83.0 29.15317237712143
11.0 84.0 134.76689124878547
11.0 86.0 154.0679377404166
11.0 87.0 155.20015542439927
11.0 88.0 181.41817493186565
11.0 89.0 191.39610076350345
11.0 90.0 143.59248656551677
11.0 91.0 142.77548087547365
11.0 92.0 39.02718998036762
11.0 94.0 30.86901682641662
11.0 95.0 37.268554819169886
11.0 96.0 32.367635593296036
11.0 97.0 46.91049821131568
11.0 98.0 209.28033609746277
11.0 100.0 92.05994047828464
11.0 101.0 60.31816931938191
11.0 102.0 60.29728422424755
11.0 104.0 77.87974717820714
11.0 105.0 78.47254004996407
11.0 107.0 154.93841481394838
11.0 109.0 214.07936319260082
11.0 110.0 227.4577066058505
11.0 111.0 227.85327561617623
11.0 112.0 88.07015417446446
13.0 16.0 22.676103078367028
13.0 18.0 51.5469020841414
13.0 20.0 57.19223448172319
13.0 21.0 62.83756687848957
13.0 23.0 68.48289927737349
13.0 24.0 78.48289927738176
13.0 26.0 89.88379630648468
13.0 27.0 95.46142164765237
13.0 29.0 110.6542425929287
13.0 30.0 111.12767747420523
13.0 31.0 116.9751967791746
13.0 36.0 139.73335021549647
13.0 39.0 154.69936378184815
13.0 40.0 156.5768239417636
13.0 42.0 33.87766574613144
13.0 43.0 39.55921107319113
13.0 44.0 42.7744557124199
13.0 46.0 58.40938366518009
13.0 47.0 58.90568523102479
13.0 48.0 66.82461679608093
13.0 49.0 43.32304522725491
13.0 50.0 51.59375677155932
13.0 51.0 52.77776383940106
13.0 52.0 61.15134464601232
13.0 53.0 66.98351758551564
13.0 54.0 72.42048834417395
13.0 57.0 173.87432855923265
13.0 59.0 179.78080086734803
13.0 61.0 183.54992882883107
13.0 62.0 196.07381586523394
13.0 63.0 192.00072076269367
13.0 65.0 49.32879849207614
13.0 66.0 57.259052333349494
13.0 67.0 67.12678072622022
13.0 68.0 75.50482993478496
13.0 69.0 84.58762173764475
13.0 70.0 68.01560294085688
13.0 73.0 129.34085002620208
13.0 74.0 138.0184894412036
13.0 75.0 138.47947278483173
13.0 76.0 134.6148366795293
13.0 78.0 144.61483667997902
13.0 79.0 154.4637030722181
13.0 80.0 148.34456343283588
13.0 81.0 148.14482484974832
13.0 82.0 23.75661825071552
13.0 83.0 26.334428379623702
13.0 84.0 137.22304487714166
13.0 86.0 156.52409136853282
13.0 87.0 157.6563090526787
13.0 88.0 183.87432855755284
13.0 89.0 193.8522543868841
13.0 90.0 146.04864019385417
13.0 91.0 145.23163450506036
13.0 92.0 36.2084459828739
13.0 94.0 28.050272828941264
13.0 95.0 34.44981082174329
13.0 96.0 29.548891595394885
13.0 97.0 44.09175421374029
13.0 98.0 211.7364897224009
13.0 100.0 94.51609410619209
13.0 101.0 62.774322948005064
13.0 102.0 62.75343785250721
13.0 104.0 80.33590080718486
13.0 105.0 80.9286936776246
13.0 107.0 157.39456844214936
13.0 109.0 216.53551683161973
13.0 110.0 229.91386020522827
13.0 111.0 230.3094292351078
13.0 112.0 90.52630780339183
16.0 18.0 55.26850312330686
16.0 20.0 60.91383552218126
16.0 21.0 66.55916791961523
16.0 23.0 72.20450031741345
16.0 24.0 82.20450031738432
16.0 26.0 93.60539734712458
16.0 27.0 99.18302268797854
16.0 29.0 114.37584363315094
16.0 30.0 114.84927851444368
16.0 31.0 120.69679781835123
16.0 36.0 143.45495125554805
16.0 39.0 158.4209648217983
16.0 40.0 160.29842498629085
16.0 42.0 37.59926678602707
16.0 43.0 43.28081211065792
16.0 44.0 46.4960567506222
16.0 46.0 62.13098470536427
16.0 47.0 62.627286271250625
16.0 48.0 70.54621783596738
16.0 49.0 47.04464626745475
16.0 50.0 55.315357811382555
16.0 51.0 56.49936487925957
16.0 52.0 64.87294568610037
16.0 53.0 70.70511862539827
16.0 54.0 76.14208938456662
16.0 57.0 177.595929601709
16.0 59.0 183.50240190646747
16.0 61.0 187.2715298684814
16.0 62.0 199.79541691859112
16.0 63.0 195.7223218005008
16.0 65.0 53.05039953204814
16.0 66.0 60.98065337359577
16.0 67.0 70.8483817665658
16.0 68.0 79.22643097498889
16.0 69.0 88.30922277873474
16.0 70.0 71.73720398115883
16.0 73.0 133.0624510665151
16.0 74.0 141.74009048213293
16.0 75.0 142.20107382471778
16.0 76.0 138.3364377196624
16.0 78.0 148.33643772056615
16.0 79.0 158.18530411143206
16.0 80.0 152.06616447391235
16.0 81.0 151.8664258884063
16.0 82.0 23.07354193273398
16.0 83.0 25.651352061507822
16.0 84.0 140.94464591843916
16.0 86.0 160.24569240791428
16.0 87.0 161.3779100928351
16.0 88.0 187.59592959898964
16.0 89.0 197.57385542898894
16.0 90.0 149.77024123332745
16.0 91.0 148.95323554456368
16.0 92.0 35.52536966494126
16.0 94.0 22.403303495811073
16.0 95.0 28.802841488626107
16.0 96.0 23.90192226230135
16.0 97.0 38.4447848805479
16.0 98.0 215.45809075180293
16.0 100.0 98.23769514675234
16.0 101.0 66.4959239880714
16.0 102.0 66.47503889265646
16.0 104.0 84.0575018470923
16.0 105.0 84.65029471755915
16.0 107.0 161.11616948277322
16.0 109.0 220.25711786250795
16.0 110.0 233.63546125789128
16.0 111.0 234.03103030028478
16.0 112.0 94.24790884296654
18.0 20.0 5.64533239814334
18.0 21.0 11.29066479617278
18.0 23.0 16.935997194401146
18.0 24.0 26.935997194582903
18.0 26.0 38.336894223768006
18.0 27.0 43.9145195664812
18.0 29.0 59.1073405096874
18.0 30.0 59.58077539129172
18.0 31.0 65.42829469358477
18.0 36.0 88.18644813368914
18.0 39.0 103.15246170003711
18.0 40.0 105.02992186413078
18.0 42.0 51.77978165482577
18.0 43.0 57.46132698001439
18.0 44.0 60.676571619832856
18.0 46.0 76.3114995747391
18.0 47.0 76.80780113925016
18.0 48.0 84.726732705017
18.0 49.0 61.225161136361024
18.0 50.0 69.49587268092753
18.0 51.0 70.67987974907884
18.0 52.0 79.05346055628328
18.0 53.0 84.88563349426232
18.0 54.0 90.32260425319339
18.0 57.0 122.32742647647862
18.0 59.0 128.23389878101017
18.0 61.0 132.0030267459779
18.0 62.0 144.52691378855866
18.0 63.0 140.45381868029176
18.0 65.0 67.2309144016173
18.0 66.0 75.16116824220082
18.0 67.0 85.02889663614724
18.0 68.0 93.40694584504388
18.0 69.0 102.4897376479025
18.0 70.0 85.91771884999034
18.0 73.0 77.79394794266462
18.0 74.0 86.47158735847741
18.0 75.0 86.93257070166827
18.0 76.0 83.06793459742
18.0 78.0 93.06793459722958
18.0 79.0 102.9168009895786
18.0 80.0 96.7976613493621
18.0 81.0 96.5979227662729
18.0 82.0 56.349018296379356
18.0 83.0 58.926828424500656
18.0 84.0 85.67614279500202
18.0 86.0 104.9771892854809
18.0 87.0 106.10940697026916
18.0 88.0 132.32742647843398
18.0 89.0 142.30535230955934
18.0 90.0 94.50173811105284
18.0 91.0 93.68473242242837
18.0 92.0 68.80084602716653
18.0 94.0 60.64267287363262
18.0 95.0 67.04221086769013
18.0 96.0 62.14129164167069
18.0 97.0 76.68415425838593
18.0 98.0 160.18958762490666
18.0 100.0 112.41821001517815
18.0 101.0 80.67643885670337
18.0 102.0 80.65555376224584
18.0 104.0 98.23801671599657
18.0 105.0 98.83080958702631
18.0 107.0 105.84766636056548
18.0 109.0 164.98861475642147
18.0 110.0 178.36695811725403
18.0 111.0 178.76252717299332
18.0 112.0 108.4284237112281
20.0 21.0 5.645332398043735
20.0 23.0 11.290664796248288
20.0 24.0 21.29066479568059
20.0 26.0 32.69156182591403
20.0 27.0 38.26918716693558
20.0 29.0 53.46200811163682
20.0 30.0 53.9354429929295
20.0 31.0 59.78296229758857
20.0 36.0 82.5411157359304
20.0 39.0 97.50712930109343
20.0 40.0 99.38458946486139
20.0 42.0 57.42511405392581
20.0 43.0 63.10665937794895
20.0 44.0 66.32190401762597
20.0 46.0 81.95683197240982
20.0 47.0 82.45313353867857
20.0 48.0 90.37206510397337
20.0 49.0 66.87049353544332
20.0 50.0 75.14120507886545
20.0 51.0 76.32521214630151
20.0 52.0 84.69879295284787
20.0 53.0 90.53096589299139
20.0 54.0 95.96793665164162
20.0 57.0 116.68209407969596
20.0 59.0 122.58856638495274
20.0 61.0 126.35769434729737
20.0 62.0 138.88158138907903
20.0 63.0 134.8084862942017
20.0 65.0 72.87624679971479
20.0 66.0 80.8065006411214
20.0 67.0 90.67422903462449
20.0 68.0 99.05227824262124
20.0 69.0 108.13507004563908
20.0 70.0 91.5630512493991
20.0 73.0 72.1486155448109
20.0 74.0 80.82625496058584
20.0 75.0 81.28723830394213
20.0 76.0 77.42260219937693
20.0 78.0 87.42260219873799
20.0 79.0 97.27146859182642
20.0 80.0 91.152328952119
20.0 81.0 90.95259036788045
20.0 82.0 61.99435069375731
20.0 83.0 64.57216082302884
20.0 84.0 80.03081039674578
20.0 86.0 99.33185688762522
20.0 87.0 100.46407457171333
20.0 88.0 126.68209407983413
20.0 89.0 136.66001990672174
20.0 90.0 88.85640571285214
20.0 91.0 88.03940002431716
20.0 92.0 74.4461784264018
20.0 94.0 66.28800527175207
20.0 95.0 72.68754326558083
20.0 96.0 67.78662403849832
20.0 97.0 82.32948665650031
20.0 98.0 154.54425524516688
20.0 100.0 118.06354241388422
20.0 101.0 86.32177125555035
20.0 102.0 86.30088616128918
20.0 104.0 103.88334911444176
20.0 105.0 104.47614198520057
20.0 107.0 100.20233396198059
20.0 109.0 159.34328234835226
20.0 110.0 172.72162573259016
20.0 111.0 173.11719478152588
20.0 112.0 114.07375610940083
21.0 23.0 5.645332398152522
21.0 24.0 15.645332398074283
21.0 26.0 27.04622942746879
21.0 27.0 32.623854769658976
21.0 29.0 47.81667571350731
21.0 30.0 48.2901105952902
21.0 31.0 54.13762989981764
21.0 36.0 76.89578333680292
21.0 39.0 91.86179690281838
21.0 40.0 93.73925706632488
21.0 42.0 63.07044645171424
21.0 43.0 68.7519917763692
21.0 44.0 71.96723641596724
21.0 46.0 87.60216437132547
21.0 47.0 88.09846593584628
21.0 48.0 96.01739750193985
21.0 49.0 72.51582593340557
21.0 50.0 80.78653747697973
21.0 51.0 81.97054454492206
21.0 52.0 90.3441253517951
21.0 53.0 96.17629829107038
21.0 54.0 101.61326905032456
21.0 57.0 111.03676167902974
21.0 59.0 116.94323398608994
21.0 61.0 120.71236194466803
21.0 62.0 133.23624899086164
21.0 63.0 129.1631538982343
21.0 65.0 78.52157919753296
21.0 66.0 86.45183303899807
21.0 67.0 96.31956143172019
21.0 68.0 104.69761064068646
21.0 69.0 113.78040244405135
21.0 70.0 97.20838364707451
21.0 73.0 66.50328314685922
21.0 74.0 75.18092256230624
21.0 75.0 75.64190590583895
21.0 76.0 71.77726980102317
21.0 78.0 81.77726980054996
21.0 79.0 91.6261361933649
21.0 80.0 85.50699655337199
21.0 81.0 85.3072579702701
21.0 82.0 67.63968309353459
21.0 83.0 70.2174932206133
21.0 84.0 74.38547799835231
21.0 86.0 93.68652448946972
21.0 87.0 94.81874217390975
21.0 88.0 121.03676168059823
21.0 89.0 131.01468751168377
21.0 90.0 83.21107331514564
21.0 91.0 82.39406762638188
21.0 92.0 80.09151082250025
21.0 94.0 71.9333376697688
21.0 95.0 78.33287566286397
21.0 96.0 73.43195643531854
21.0 97.0 87.97481905438408
21.0 98.0 148.89892284452262
21.0 100.0 123.70887481183624
21.0 101.0 91.96710365357652
21.0 102.0 91.9462185584774
21.0 104.0 109.52868151228698
21.0 105.0 110.12147438307353
21.0 107.0 94.5570015637097
21.0 109.0 153.697949947629
21.0 110.0 167.0762933237387
21.0 111.0 167.4718623536392
21.0 112.0 119.71908850845796
23.0 24.0 9.999999999969809
23.0 26.0 21.400897029383014
23.0 27.0 26.97852237082211
23.0 29.0 42.17134331536013
23.0 30.0 42.64477819699111
23.0 31.0 48.4922975000377
23.0 36.0 71.25045093918352
23.0 39.0 86.21646450626329
23.0 40.0 88.09392466692356
23.0 42.0 68.7157788496471
23.0 43.0 74.39732417464123
23.0 44.0 77.61256881427241
23.0 46.0 93.2474967691897
23.0 47.0 93.74379833520327
23.0 48.0 101.66272990004984
23.0 49.0 78.16115833119498
23.0 50.0 86.43186987463324
23.0 51.0 87.61587694309152
23.0 52.0 95.98945774985962
23.0 53.0 101.82163068934697
23.0 54.0 107.25860144813811
23.0 57.0 105.39142928191978
23.0 59.0 111.29790158958164
23.0 61.0 115.06702954877142
23.0 62.0 127.5909166064513
23.0 63.0 123.51782150293947
23.0 65.0 84.1669115960132
23.0 66.0 92.09716543704039
23.0 67.0 101.96489382980741
23.0 68.0 110.34294303849231
23.0 69.0 119.4257348420681
23.0 70.0 102.85371604488931
23.0 73.0 60.85795074876587
23.0 74.0 69.53559016444575
23.0 75.0 69.99657350727432
23.0 76.0 66.13193740297206
23.0 78.0 76.1319374030934
23.0 79.0 85.98080379509493
23.0 80.0 79.86166415525756
23.0 81.0 79.6619255723426
23.0 82.0 73.28501548989425
23.0 83.0 75.86282561789992
23.0 84.0 68.74014560027484
23.0 86.0 88.04119209186167
23.0 87.0 89.17340977567744
23.0 88.0 115.39142928099268
23.0 89.0 125.36935511343037
23.0 90.0 77.56574091716223
23.0 91.0 76.74873522777703
23.0 92.0 85.73684322137751
23.0 94.0 77.57867006776924
23.0 95.0 83.97820806089491
23.0 96.0 79.07728883452887
23.0 97.0 93.62015145271019
23.0 98.0 143.25359043059828
23.0 100.0 129.35420721018477
23.0 101.0 97.61243605159856
23.0 102.0 97.59155095640547
23.0 104.0 115.1740139103466
23.0 105.0 115.76680678108424
23.0 107.0 88.91166916572102
23.0 109.0 148.05261756793513
23.0 110.0 161.43096094907645
23.0 111.0 161.82652997454855
23.0 112.0 125.36442090676069
24.0 26.0 11.40089702947392
24.0 27.0 16.97852237097446
24.0 29.0 32.17134331541258
24.0 30.0 32.644778197119734
24.0 31.0 38.49229750115596
24.0 36.0 61.25045093982942
24.0 39.0 76.21646450285637
24.0 40.0 78.09392466369545
24.0 42.0 78.71577884943234
24.0 43.0 84.39732417483063
24.0 44.0 87.61256881441696
24.0 46.0 103.24749676895196
24.0 47.0 103.74379833478744
24.0 48.0 111.662729900423
24.0 49.0 88.16115833122458
24.0 50.0 96.43186987482707
24.0 51.0 97.61587694319502
24.0 52.0 105.98945774986197
24.0 53.0 111.82163068966047
24.0 54.0 117.25860144812151
24.0 57.0 95.39142928422044
24.0 59.0 101.29790158759734
24.0 61.0 105.06702954986017
24.0 62.0 117.59091660252099
24.0 63.0 113.51782149236693
24.0 65.0 94.16691159621476
24.0 66.0 102.0971654369359
24.0 67.0 111.96489382960114
24.0 68.0 120.34294303875731
24.0 69.0 129.4257348419345
24.0 70.0 112.85371604533492
24.0 73.0 50.85795074855317
24.0 74.0 59.53559016407223
24.0 75.0 59.9965735075617
24.0 76.0 56.131937403084635
24.0 78.0 66.13193740281599
24.0 79.0 75.98080379505447
24.0 80.0 69.8616641555291
24.0 81.0 69.6619255717346
24.0 82.0 83.28501548899408
24.0 83.0 85.86282561829736
24.0 84.0 58.740145600516186
24.0 86.0 78.04119209142715
24.0 87.0 79.17340977590852
24.0 88.0 105.39142928337566
24.0 89.0 115.36935511357302
24.0 90.0 67.56574091758
24.0 91.0 66.74873522827295
24.0 92.0 95.73684322163025
24.0 94.0 87.57867006757274
24.0 95.0 93.97820806103623
24.0 96.0 89.07728883389112
24.0 97.0 103.6201514525245
24.0 98.0 133.2535904367635
24.0 100.0 139.35420721009393
24.0 101.0 107.61243605187943
24.0 102.0 107.59155095604346
24.0 104.0 125.17401391069285
24.0 105.0 125.76680678112658
24.0 107.0 78.91166916578236
24.0 109.0 138.0526175478551
24.0 110.0 151.4309609309768
24.0 111.0 151.82652997819514
24.0 112.0 135.36442090625974
26.0 27.0 5.577625341495939
26.0 29.0 20.77044628593763
26.0 30.0 21.243881167593926
26.0 31.0 27.091400471106784
26.0 36.0 49.84955391001276
26.0 39.0 64.81556747446785
26.0 40.0 66.69302764054984
26.0 42.0 90.11667587941051
26.0 43.0 95.79822120391485
26.0 44.0 99.01346584373489
26.0 46.0 114.64839379839908
26.0 47.0 115.14469536432844
26.0 48.0 123.06362692942106
26.0 49.0 99.56205536065161
26.0 50.0 107.83276690425109
26.0 51.0 109.01677397272478
26.0 52.0 117.39035477932836
26.0 53.0 123.22252771886554
26.0 54.0 128.65949847727438
26.0 57.0 83.99053225378488
26.0 59.0 89.89700456287555
26.0 61.0 93.66613251852894
26.0 62.0 106.19001957179438
26.0 63.0 102.11692446089059
26.0 65.0 105.56780862519497
26.0 66.0 113.4980624667472
26.0 67.0 123.36579085905976
26.0 68.0 131.7438400672876
26.0 69.0 140.82663187179446
26.0 70.0 124.25461307440108
26.0 73.0 39.457053719297704
26.0 74.0 48.134693134954965
26.0 75.0 48.595676478295296
26.0 76.0 44.731040373760976
26.0 78.0 54.731040374134835
26.0 79.0 64.57990676571734
26.0 80.0 58.46076712568711
26.0 81.0 58.26102854329511
26.0 82.0 94.68591251842042
26.0 83.0 97.26372264762165
26.0 84.0 47.33924857133409
26.0 86.0 66.64029506227733
26.0 87.0 67.77251274594266
26.0 88.0 93.99053225375162
26.0 89.0 103.96845808160403
26.0 90.0 56.164843887867264
26.0 91.0 55.34783819885698
26.0 92.0 107.13774025129553
26.0 94.0 98.9795670969371
26.0 95.0 105.3791050894617
26.0 96.0 100.4781858637363
26.0 97.0 115.02104848165148
26.0 98.0 121.85269341069247
26.0 100.0 150.75510423931053
26.0 101.0 119.01333308084776
26.0 102.0 118.99244798560588
26.0 104.0 136.57491094017988
26.0 105.0 137.16770381067488
26.0 107.0 67.51077213670911
26.0 109.0 126.65172051158135
26.0 110.0 140.03006391125336
26.0 111.0 140.42563295038644
26.0 112.0 146.7653179356491
27.0 29.0 15.192820944561893
27.0 30.0 15.666255825968108
27.0 31.0 21.51377513064061
27.0 36.0 44.27192856927042
27.0 39.0 59.23794213514827
27.0 40.0 61.1154022993187
27.0 42.0 95.69430122032165
27.0 43.0 101.37584654586993
27.0 44.0 104.5910911851011
27.0 46.0 120.2260191403767
27.0 47.0 120.72232070562018
27.0 48.0 128.64125227027415
27.0 49.0 105.13968070147858
27.0 50.0 113.41039224607957
27.0 51.0 114.59439931346171
27.0 52.0 122.96798011993121
27.0 53.0 128.80015305986575
27.0 54.0 134.23712381897246
27.0 57.0 78.41290691098195
27.0 59.0 84.31937921387154
27.0 61.0 88.08850718279304
27.0 62.0 100.61239423035754
27.0 63.0 96.53929911678603
27.0 65.0 111.14543396665641
27.0 66.0 119.07568780714624
27.0 67.0 128.94341620014742
27.0 68.0 137.3214654093721
27.0 69.0 146.40425721319488
27.0 70.0 129.832238416142
27.0 73.0 33.87942837785855
27.0 74.0 42.55706779350481
27.0 75.0 43.01805113672949
27.0 76.0 39.153415032273195
27.0 78.0 49.15341503233412
27.0 79.0 59.002281424228734
27.0 80.0 52.88314178525809
27.0 81.0 52.68340320183292
27.0 82.0 100.26353786000512
27.0 83.0 102.84134798936955
27.0 84.0 41.76162322960828
27.0 86.0 61.06266972017545
27.0 87.0 62.19488740474721
27.0 88.0 88.4129069111564
27.0 89.0 98.39083274449821
27.0 90.0 50.5872185462742
27.0 91.0 49.77021285710854
27.0 92.0 112.71536559229949
27.0 94.0 104.5571924384337
27.0 95.0 110.95673043154505
27.0 96.0 106.05581120475358
27.0 97.0 120.59867382336881
27.0 98.0 116.275068064543
27.0 100.0 156.3327295806243
27.0 101.0 124.59095842193511
27.0 102.0 124.57007332686719
27.0 104.0 142.15253628186053
27.0 105.0 142.74532915196178
27.0 107.0 61.933146795151416
27.0 109.0 121.07409517573217
27.0 110.0 134.45243857213214
27.0 111.0 134.84800760345232
27.0 112.0 152.34294327696557
29.0 30.0 12.136232618868563
29.0 31.0 6.320954186316472
29.0 36.0 29.079107623837714
29.0 39.0 44.04512119036843
29.0 40.0 45.92258135257503
29.0 42.0 110.88712216514486
29.0 43.0 116.56866749030411
29.0 44.0 119.78391212939496
29.0 46.0 135.41884008410184
29.0 47.0 135.9151416504949
29.0 48.0 143.83407321623747
29.0 49.0 120.33250164717016
29.0 50.0 128.603213189974
29.0 51.0 129.78722025830544
29.0 52.0 138.16080106521554
29.0 53.0 143.99297400465508
29.0 54.0 149.42994476340525
29.0 57.0 63.22008596788796
29.0 59.0 69.12655827041229
29.0 61.0 72.89568623942262
29.0 62.0 85.41957328568947
29.0 63.0 81.34647817849759
29.0 65.0 126.338254910784
29.0 66.0 134.26850875229673
29.0 67.0 144.13623714476643
29.0 68.0 152.51428635391827
29.0 69.0 161.59707815667824
29.0 70.0 145.0250593600793
29.0 73.0 30.349405170691867
29.0 74.0 39.02704458637986
29.0 75.0 39.48802792980375
29.0 76.0 23.96059408751044
29.0 78.0 33.96059408762955
29.0 79.0 43.80946047968629
29.0 80.0 37.69032083999451
29.0 81.0 37.4905822568293
29.0 82.0 115.45635880507808
29.0 83.0 118.0341689332264
29.0 84.0 38.23160002262824
29.0 86.0 57.53264651344723
29.0 87.0 58.66486419767185
29.0 88.0 73.22008596950215
29.0 89.0 83.19801180006877
29.0 90.0 35.394397601597056
29.0 91.0 34.577391912716315
29.0 92.0 127.90818653715863
29.0 94.0 119.75001338272912
29.0 95.0 126.14955137511109
29.0 96.0 121.24863214958786
29.0 97.0 135.7914947671566
29.0 98.0 101.08224713627355
29.0 100.0 171.5255505251317
29.0 101.0 139.78377936688207
29.0 102.0 139.76289427204713
29.0 104.0 157.34535722530129
29.0 105.0 157.93815009643987
29.0 107.0 46.74032585021648
29.0 109.0 105.88127423358398
29.0 110.0 119.25961763420023
29.0 111.0 119.65518668305289
29.0 112.0 167.5357642214267
30.0 31.0 18.457186805092686
30.0 36.0 41.21534024224738
30.0 39.0 56.18135380810983
30.0 40.0 58.05881396891765
30.0 42.0 111.36055704701099
30.0 43.0 117.04210237103439
30.0 44.0 120.25734701035398
30.0 46.0 135.89227496565366
30.0 47.0 136.38857653238165
30.0 48.0 144.30750809647952
30.0 49.0 120.80593652768836
30.0 50.0 129.0766480722451
30.0 51.0 130.26065514010136
30.0 52.0 138.6342359466032
30.0 53.0 144.46640888481795
30.0 54.0 149.90337964481122
30.0 57.0 75.35631858857705
30.0 59.0 81.26279088942799
30.0 61.0 85.0319188536368
30.0 62.0 97.5558059081512
30.0 63.0 93.48271080116973
30.0 65.0 126.81168979222741
30.0 66.0 134.74194363344634
30.0 67.0 144.60967202707167
30.0 68.0 152.98772123538816
30.0 69.0 162.07051303825492
30.0 70.0 145.49849424167752
30.0 73.0 18.21317255149989
30.0 74.0 26.890811967484503
30.0 75.0 27.351795310856932
30.0 76.0 36.096826706497964
30.0 78.0 46.09682670654914
30.0 79.0 55.945693098658964
30.0 80.0 49.826553458844025
30.0 81.0 49.62681487565992
30.0 82.0 115.9297936863048
30.0 83.0 118.5076038149715
30.0 84.0 26.09536740334502
30.0 86.0 45.396413894389696
30.0 87.0 46.52863157859713
30.0 88.0 85.35631858526784
30.0 89.0 95.33424441446518
30.0 90.0 47.53063022050641
30.0 91.0 46.71362453153302
30.0 92.0 128.3816214180613
30.0 94.0 120.22344826561142
30.0 95.0 126.62298625752896
30.0 96.0 121.72206703077057
30.0 97.0 136.26492964960016
30.0 98.0 113.21847974627686
30.0 100.0 171.998985405626
30.0 101.0 140.2572142478049
30.0 102.0 140.23632915288906
30.0 104.0 157.81879210750452
30.0 105.0 158.41158497875205
30.0 107.0 58.87655846933449
30.0 109.0 118.01750686516078
30.0 110.0 131.39585024814284
30.0 111.0 131.79141928430468
30.0 112.0 168.00919910376467
31.0 36.0 22.758153437646854
31.0 39.0 37.7241670034137
31.0 40.0 39.601627167735614
31.0 42.0 117.20807635040242
31.0 43.0 122.88962167601997
31.0 44.0 126.10486631574659
31.0 46.0 141.739794270746
31.0 47.0 142.23609583654192
31.0 48.0 150.15502740170191
31.0 49.0 126.65345583247469
31.0 50.0 134.9241673764054
31.0 51.0 136.10817444410299
31.0 52.0 144.48175525154753
31.0 53.0 150.31392819019771
31.0 54.0 155.75089894989082
31.0 57.0 56.89913178219461
31.0 59.0 62.80560409042013
31.0 61.0 66.5747320471493
31.0 62.0 79.09861909391829
31.0 63.0 75.02552399778423
31.0 65.0 132.65920909758887
31.0 66.0 140.58946293797337
31.0 67.0 150.45719133122273
31.0 68.0 158.83524053993156
31.0 69.0 167.9180323435242
31.0 70.0 151.3460135467002
31.0 73.0 36.670359356928
31.0 74.0 45.34799877268698
31.0 75.0 45.80898211591442
31.0 76.0 17.639639901262655
31.0 78.0 27.63963990113775
31.0 79.0 37.488506293338716
31.0 80.0 31.36936665356106
31.0 81.0 31.16962807029706
31.0 82.0 121.7773129909352
31.0 83.0 124.35512311975704
31.0 84.0 44.552554208978435
31.0 86.0 63.853600699198736
31.0 87.0 64.98581838371554
31.0 88.0 66.89913178240751
31.0 89.0 76.8770576132631
31.0 90.0 29.073443415244007
31.0 91.0 28.256437726292496
31.0 92.0 134.2291407222411
31.0 94.0 126.070967568946
31.0 95.0 132.47050556183893
31.0 96.0 127.56958633598268
31.0 97.0 142.1124489534955
31.0 98.0 94.76129294555491
31.0 100.0 177.84650471149317
31.0 101.0 146.1047335524167
31.0 102.0 146.0838484579229
31.0 104.0 163.66631141163148
31.0 105.0 164.2591042826994
31.0 107.0 40.41937166385534
31.0 109.0 99.56032004176271
31.0 110.0 112.9386634416513
31.0 111.0 113.334232476992
31.0 112.0 173.8567184080686
36.0 39.0 14.96601356613898
36.0 40.0 16.843473729808196
36.0 42.0 139.96622978889167
36.0 43.0 145.64777511487574
36.0 44.0 148.86301975423942
36.0 46.0 164.4979477064788
36.0 47.0 164.99424927362935
36.0 48.0 172.91318083810134
36.0 49.0 149.41160926991984
36.0 50.0 157.68232081406097
36.0 51.0 158.86632788205878
36.0 52.0 167.2399086891699
36.0 53.0 173.07208162727147
36.0 54.0 178.50905238674662
36.0 57.0 34.14097834510202
36.0 59.0 40.04745064921791
36.0 61.0 43.81657861216756
36.0 62.0 56.340465668713634
36.0 63.0 52.26737054094916
36.0 65.0 155.41736253468147
36.0 66.0 163.34761637704037
36.0 67.0 173.2153447683062
36.0 68.0 181.59339397857144
36.0 69.0 190.67618578405984
36.0 70.0 174.1041669844871
36.0 73.0 59.428512793884764
36.0 74.0 68.10615221025384
36.0 75.0 68.56713555344459
36.0 76.0 27.9080875458704
36.0 78.0 37.90808755026737
36.0 79.0 47.75695393921864
36.0 80.0 41.637814301273494
36.0 81.0 41.438075717997265
36.0 82.0 144.53546642801598
36.0 83.0 147.11327655754286
36.0 84.0 67.31070764733924
36.0 86.0 86.61175413495081
36.0 87.0 87.7439718218624
36.0 88.0 44.14097834475625
36.0 89.0 54.11890417435606
36.0 90.0 23.563945235669934
36.0 91.0 22.746939546953886
36.0 92.0 156.98729416296123
36.0 94.0 148.8291210068195
36.0 95.0 155.22865900028415
36.0 96.0 150.3277397730232
36.0 97.0 164.87060239236598
36.0 98.0 72.00313949963335
36.0 100.0 200.60465814960827
36.0 101.0 168.86288699127488
36.0 102.0 168.84200189495107
36.0 104.0 186.42446484803224
36.0 105.0 187.01725772019984
36.0 107.0 50.68781931288734
36.0 109.0 76.80216662123064
36.0 110.0 90.18051000024587
36.0 111.0 90.57607904354103
36.0 112.0 196.6148718454328
39.0 40.0 13.090083951571643
39.0 42.0 154.9322433541306
39.0 43.0 160.61378867626755
39.0 44.0 163.82903331799542
39.0 46.0 179.46396127610976
39.0 47.0 179.9602628381798
39.0 48.0 187.87919440471478
39.0 49.0 164.37762283549117
39.0 50.0 172.64833437931975
39.0 51.0 173.83234144651644
39.0 52.0 182.20592225249786
39.0 53.0 188.03809519531546
39.0 54.0 193.4750659532119
39.0 57.0 30.38758856739821
39.0 59.0 36.29406087528316
39.0 61.0 40.063188833364684
39.0 62.0 52.587075888380454
39.0 63.0 48.51398078054187
39.0 65.0 170.38337609898596
39.0 66.0 178.31362994133917
39.0 67.0 188.181358333243
39.0 68.0 196.55940754002017
39.0 69.0 205.64219934703414
39.0 70.0 189.0701805479893
39.0 73.0 74.39452635881304
39.0 74.0 83.072165777135
39.0 75.0 83.53314911861926
39.0 76.0 42.874101114979624
39.0 78.0 52.874101115942295
39.0 79.0 62.722967509176016
39.0 80.0 56.60382786506244
39.0 81.0 56.40408928560668
39.0 82.0 159.5014799940156
39.0 83.0 162.07929012419518
39.0 84.0 82.27672121218646
39.0 86.0 101.57776770248435
39.0 87.0 102.70998538584492
39.0 88.0 40.38758856841759
39.0 89.0 50.365514398046656
39.0 90.0 38.529958805383316
39.0 91.0 37.71295311247198
39.0 92.0 171.953307724394
39.0 94.0 163.79513457257053
39.0 95.0 170.1946725659488
39.0 96.0 165.29375334096164
39.0 97.0 179.83661595753853
39.0 98.0 68.24974973007653
39.0 100.0 215.5706717173204
39.0 101.0 183.8289005572211
39.0 102.0 183.8080154590527
39.0 104.0 201.39047841458392
39.0 105.0 201.98327128516627
39.0 107.0 65.6538328806879
39.0 109.0 73.04877684498845
39.0 110.0 86.42712022844589
39.0 111.0 86.82268926699683
39.0 112.0 211.5808854127029
40.0 42.0 156.80970351821267
40.0 43.0 162.4912488408017
40.0 44.0 165.70649347989223
40.0 46.0 181.34142143693174
40.0 47.0 181.8377230022283
40.0 48.0 189.75665456559761
40.0 49.0 166.25508299873388
40.0 50.0 174.52579453710706
40.0 51.0 175.70980161200134
40.0 52.0 184.08338241669782
40.0 53.0 189.91555535372254
40.0 54.0 195.35252611390843
40.0 57.0 17.297504616230903
40.0 59.0 23.20397692121706
40.0 61.0 26.973104882242893
40.0 62.0 39.496991937047234
40.0 63.0 35.423896827527756
40.0 65.0 172.26083626484564
40.0 66.0 180.1910901081303
40.0 67.0 190.05881850078524
40.0 68.0 198.43686770865742
40.0 69.0 207.51965950848268
40.0 70.0 190.94764071447452
40.0 73.0 76.271986521401
40.0 74.0 84.94962593691366
40.0 75.0 85.41060928312486
40.0 76.0 44.75156127808957
40.0 78.0 54.751561277483006
40.0 79.0 64.60042767019638
40.0 80.0 58.48128803120143
40.0 81.0 58.281549447190955
40.0 82.0 161.37894015564893
40.0 83.0 163.95675028357115
40.0 84.0 84.15418137268455
40.0 86.0 103.45522786094634
40.0 87.0 104.58744554680888
40.0 88.0 27.297504616144135
40.0 89.0 37.27543044581986
40.0 90.0 40.407418964379815
40.0 91.0 39.5904132742542
40.0 92.0 173.8307678883133
40.0 94.0 165.67259473598688
40.0 95.0 172.0721327282563
40.0 96.0 167.17121350116054
40.0 97.0 181.7140761196971
40.0 98.0 55.159665779205824
40.0 100.0 217.4481318776056
40.0 101.0 185.70636071690436
40.0 102.0 185.6854756207075
40.0 104.0 203.26793857927024
40.0 105.0 203.86073144886615
40.0 107.0 67.53129304344122
40.0 109.0 59.958692890902114
40.0 110.0 73.33703627644539
40.0 111.0 73.73260531601387
40.0 112.0 213.4583455733848
42.0 43.0 23.52933126736054
42.0 44.0 26.74457590666771
42.0 46.0 42.37950386137922
42.0 47.0 42.87580542881075
42.0 48.0 50.79473699250676
42.0 49.0 9.445379481853978
42.0 50.0 17.716091025219356
42.0 51.0 18.900098093184212
42.0 52.0 27.27367890047129
42.0 53.0 33.10585183951979
42.0 54.0 38.54282259841697
42.0 57.0 174.10720813375886
42.0 59.0 180.0136804392621
42.0 61.0 183.78280839754044
42.0 62.0 196.30669544330235
42.0 63.0 192.23360033809905
42.0 65.0 33.298918688525006
42.0 66.0 41.2291725297152
42.0 67.0 51.09690092235273
42.0 68.0 59.47495013118379
42.0 69.0 68.55774193484412
42.0 70.0 51.985723137201234
42.0 73.0 129.57372959717247
42.0 74.0 138.25136901399247
42.0 75.0 138.71235235739454
42.0 76.0 134.8477162515919
42.0 78.0 144.8477162527492
42.0 79.0 154.6965826444594
42.0 80.0 148.57744300517558
42.0 81.0 148.37770442118696
42.0 82.0 38.679781958515136
42.0 83.0 41.257592087361
42.0 84.0 137.45592444974682
42.0 86.0 156.75697094121455
42.0 87.0 157.88918862478607
42.0 88.0 184.10720813303104
42.0 89.0 194.08513395934628
42.0 90.0 146.28151976614055
42.0 91.0 145.46451407685709
42.0 92.0 51.13160969016661
42.0 94.0 42.97343653647262
42.0 95.0 49.372974529264724
42.0 96.0 44.472055303134866
42.0 97.0 59.014917921249975
42.0 98.0 211.96936927899512
42.0 100.0 78.48621430277062
42.0 101.0 28.896657201358728
42.0 102.0 28.875772107156177
42.0 104.0 46.45823506090596
42.0 105.0 47.0510279317534
42.0 107.0 157.62744801575755
42.0 109.0 216.7683963966673
42.0 110.0 230.14673979410514
42.0 111.0 230.5423088364254
42.0 112.0 56.648642057503594
43.0 44.0 15.495174937561622
43.0 46.0 18.850172594750426
43.0 47.0 19.346474160876856
43.0 48.0 27.265405725677745
43.0 49.0 32.97471074793974
43.0 50.0 41.24542229238119
43.0 51.0 42.429429360344685
43.0 52.0 50.80301016733032
43.0 53.0 56.63518310631443
43.0 54.0 62.07215386554219
43.0 57.0 179.78875345485613
43.0 59.0 185.69522576188766
43.0 61.0 189.46435372008347
43.0 62.0 201.98824079506136
43.0 63.0 197.91514568055038
43.0 65.0 22.049517719287607
43.0 66.0 29.97977156065504
43.0 67.0 39.84749995352696
43.0 68.0 48.22554916257069
43.0 69.0 57.308340965587256
43.0 70.0 28.456391870478893
43.0 73.0 135.25527492259414
43.0 74.0 143.9329143388521
43.0 75.0 144.39389768243228
43.0 76.0 140.5292615775797
43.0 78.0 150.529261577442
43.0 79.0 160.37812796867962
43.0 80.0 154.25898833017942
43.0 81.0 154.05924974576357
43.0 82.0 44.36132728283881
43.0 83.0 46.939137412015214
43.0 84.0 143.13746977427715
43.0 86.0 162.43851626537293
43.0 87.0 163.5707339505451
43.0 88.0 189.7887534550748
43.0 89.0 199.76667928682005
43.0 90.0 151.96306509163486
43.0 91.0 151.14605940255234
43.0 92.0 56.81315501499934
43.0 94.0 48.654981861054374
43.0 95.0 55.05451985329283
43.0 96.0 50.15360062740457
43.0 97.0 64.69646324536669
43.0 98.0 217.6509146011582
43.0 100.0 67.23681333355422
43.0 101.0 52.42598846915707
43.0 102.0 52.40510337372059
43.0 104.0 69.98756632787827
43.0 105.0 70.58035919869674
43.0 107.0 163.30899333990567
43.0 109.0 222.44994173354212
43.0 110.0 235.82828511019235
43.0 111.0 236.22385418884215
43.0 112.0 80.17797332373222
44.0 46.0 34.34534753288622
44.0 47.0 34.841649098359795
44.0 48.0 42.76058066407952
44.0 49.0 36.18995538848741
44.0 50.0 44.46066693204628
44.0 51.0 45.64467400025045
44.0 52.0 54.01825480711295
44.0 53.0 59.850427746032935
44.0 54.0 65.28739850534069
44.0 57.0 183.0039980955686
44.0 59.0 188.9104704013401
44.0 61.0 192.67959836207518
44.0 62.0 205.2034854097662
44.0 63.0 201.13039029422526
44.0 65.0 6.554342781623932
44.0 66.0 14.484596622836953
44.0 67.0 24.35232501545882
44.0 68.0 32.73037422419964
44.0 69.0 41.813166028207135
44.0 70.0 43.951566808669696
44.0 73.0 138.47051956223373
44.0 74.0 147.14815897847456
44.0 75.0 147.60914232157904
44.0 76.0 143.74450621700169
44.0 78.0 153.74450621695013
44.0 79.0 163.59337260972228
44.0 80.0 157.47423296986472
44.0 81.0 157.27449438663808
44.0 82.0 47.576571922258296
44.0 83.0 50.15438205163974
44.0 84.0 146.35271441452267
44.0 86.0 165.65376090608487
44.0 87.0 166.78597858894256
44.0 88.0 193.00399809660186
44.0 89.0 202.98192392250974
44.0 90.0 155.17830973039577
44.0 91.0 154.36130404171644
44.0 92.0 60.0283996550548
44.0 94.0 51.87022650077077
44.0 95.0 58.26976449423238
44.0 96.0 53.36884526757051
44.0 97.0 67.91170788624119
44.0 98.0 220.86615923343106
44.0 100.0 51.74163839583176
44.0 101.0 55.64123310855951
44.0 102.0 55.62034801373095
44.0 104.0 73.20281096756268
44.0 105.0 73.79560383882436
44.0 107.0 166.5242379784827
44.0 109.0 225.66518638162643
44.0 110.0 239.0435297662466
44.0 111.0 239.43909879219208
44.0 112.0 83.39321796347403
46.0 47.0 18.900249252168923
46.0 48.0 8.41523313095652
46.0 49.0 51.82488334340752
46.0 50.0 60.09559488692169
46.0 51.0 61.27960195460757
46.0 52.0 69.65318276168814
46.0 53.0 75.48535570100714
46.0 54.0 80.92232646015839
46.0 57.0 198.63892605216682
46.0 59.0 204.54539835918223
46.0 61.0 208.31452631755502
46.0 62.0 220.83841338049896
46.0 63.0 216.76531825797957
46.0 65.0 40.89969031422608
46.0 66.0 48.82994415565109
46.0 67.0 58.697672547973795
46.0 68.0 67.07572175705903
46.0 69.0 76.15851356047246
46.0 70.0 28.010166962106876
46.0 73.0 154.10544751852518
46.0 74.0 162.7830869334332
46.0 75.0 163.2440702764652
46.0 76.0 159.37943417222317
46.0 78.0 169.37943417294468
46.0 79.0 179.22830056420378
46.0 80.0 173.10916092505096
46.0 81.0 172.90942234202072
46.0 82.0 63.21149987751696
46.0 83.0 65.78931000657408
46.0 84.0 161.98764236940985
46.0 86.0 181.28868886008092
46.0 87.0 182.42090654485983
46.0 88.0 208.6389260535227
46.0 89.0 218.6168518825969
46.0 90.0 170.8132376854066
46.0 91.0 169.99623199692837
46.0 92.0 75.66332760944032
46.0 94.0 67.50515445592086
46.0 95.0 73.9046924462771
46.0 96.0 69.00377322240804
46.0 97.0 83.54663583959069
46.0 98.0 236.50108720701672
46.0 100.0 86.08698592864519
46.0 101.0 71.27616106320718
46.0 102.0 71.25527596883977
46.0 104.0 88.83773892189234
46.0 105.0 89.4305317931984
46.0 107.0 182.1591659340123
46.0 109.0 241.30011434327963
46.0 110.0 254.67845771026515
46.0 111.0 255.07402676598846
46.0 112.0 99.02814591860889
47.0 48.0 27.315482383090966
47.0 49.0 52.32118490897109
47.0 50.0 60.591896452624226
47.0 51.0 61.77590352099633
47.0 52.0 70.14948432783379
47.0 53.0 75.98165726682763
47.0 54.0 81.41862802609738
47.0 57.0 199.13522761527074
47.0 59.0 205.04169992123633
47.0 61.0 208.81082788101634
47.0 62.0 221.33471493834358
47.0 63.0 217.26161981635732
47.0 65.0 41.39599187956808
47.0 66.0 49.32624572181054
47.0 67.0 59.19397411386422
47.0 68.0 67.57202332310021
47.0 69.0 76.65481512608079
47.0 70.0 9.109917710033896
47.0 73.0 154.60174908293126
47.0 74.0 163.27938849973162
47.0 75.0 163.74037184175498
47.0 76.0 159.87573573737288
47.0 78.0 169.87573573794117
47.0 79.0 179.72460212921783
47.0 80.0 173.60546248989658
47.0 81.0 173.40572390817454
47.0 82.0 63.70780144366837
47.0 83.0 66.28561157210152
47.0 84.0 162.48394393404135
47.0 86.0 181.7849904260467
47.0 87.0 182.9172081095848
47.0 88.0 209.13522761933189
47.0 89.0 219.11315344882172
47.0 90.0 171.3095392512108
47.0 91.0 170.4925335627286
47.0 92.0 76.15962917543268
47.0 94.0 68.00145602090791
47.0 95.0 74.40099401436237
47.0 96.0 69.5000747880855
47.0 97.0 84.0429374060534
47.0 98.0 236.9973887644681
47.0 100.0 86.5832874943941
47.0 101.0 71.7724626289612
47.0 102.0 71.75157753328028
47.0 104.0 89.33404048818193
47.0 105.0 89.92683335862594
47.0 107.0 182.6554675013273
47.0 109.0 241.79641588073872
47.0 110.0 255.1747592612423
47.0 111.0 255.57032831726553
47.0 112.0 99.52444748417159
48.0 49.0 60.2401164742783
48.0 50.0 68.51082801762819
48.0 51.0 69.69483508537385
48.0 52.0 78.06841589282189
48.0 53.0 83.90058883193413
48.0 54.0 89.33755959120704
48.0 57.0 207.05415918464706
48.0 59.0 212.96063149026295
48.0 61.0 216.72975945147627
48.0 62.0 229.25364649638738
48.0 63.0 225.18055138070682
48.0 65.0 49.31492344507042
48.0 66.0 57.24517728690665
48.0 67.0 67.1129056788471
48.0 68.0 75.49095488761834
48.0 69.0 84.57374669195904
48.0 70.0 36.42540009302637
48.0 73.0 162.52068064849786
48.0 74.0 171.19832006433518
48.0 75.0 171.65930340816385
48.0 76.0 167.79466730185484
48.0 78.0 177.79466730345013
48.0 79.0 187.6435336953092
48.0 80.0 181.52439405598608
48.0 81.0 181.32465547179
48.0 82.0 71.62673300849465
48.0 83.0 74.20454313708035
48.0 84.0 170.40287549996816
48.0 86.0 189.70392199163615
48.0 87.0 190.8361396752386
48.0 88.0 217.05415918270114
48.0 89.0 227.03208501221366
48.0 90.0 179.2284708163367
48.0 91.0 178.41146512760247
48.0 92.0 84.07856074040808
48.0 94.0 75.92038758662129
48.0 95.0 82.3199255791515
48.0 96.0 77.41900635266761
48.0 97.0 91.96186897094712
48.0 98.0 244.91632036048853
48.0 100.0 94.50221906003645
48.0 101.0 79.69139419386873
48.0 102.0 79.67050909902412
48.0 104.0 97.25297205315906
48.0 105.0 97.84576492409744
48.0 107.0 190.57439906457728
48.0 109.0 249.7153474559086
48.0 110.0 263.09369086083393
48.0 111.0 263.48925990535787
48.0 112.0 107.44337904920091
49.0 50.0 8.270711543471847
49.0 51.0 9.454718611592433
49.0 52.0 17.828299418535618
49.0 53.0 23.66047235757666
49.0 54.0 29.097443116772823
49.0 57.0 183.55258761323086
49.0 59.0 189.4590599173678
49.0 61.0 193.2281878819132
49.0 62.0 205.7520749306525
49.0 63.0 201.67897982358852
49.0 65.0 42.744298170050925
49.0 66.0 50.67455201147139
49.0 67.0 60.5422804039
49.0 68.0 68.9203296129932
49.0 69.0 78.00312141655715
49.0 70.0 61.431102619045966
49.0 73.0 139.01910907955653
49.0 74.0 147.69674849593235
49.0 75.0 148.15773183884028
49.0 76.0 144.29309573457684
49.0 78.0 154.293095735681
49.0 79.0 164.14196212582374
49.0 80.0 158.02282248584726
49.0 81.0 157.82308390418075
49.0 82.0 48.12516143979441
49.0 83.0 50.7029715691001
49.0 84.0 146.9013039312083
49.0 86.0 166.20235042277034
49.0 87.0 167.33456810696902
49.0 88.0 193.55258761509842
49.0 89.0 203.53051344579217
49.0 90.0 155.72689924732452
49.0 91.0 154.9098935582113
49.0 92.0 60.57698917207689
49.0 94.0 52.418816018113546
49.0 95.0 58.81835401205397
49.0 96.0 53.91743478508998
49.0 97.0 68.46029740192063
49.0 98.0 221.41474878810965
49.0 100.0 87.93159378432766
49.0 101.0 19.45127772030316
49.0 102.0 19.43039262471429
49.0 104.0 37.012855579176815
49.0 105.0 37.60564844995071
49.0 107.0 167.07282749601586
49.0 109.0 226.2137758901238
49.0 110.0 239.59211926785053
49.0 111.0 239.98768833140252
49.0 112.0 47.20326257682367
50.0 51.0 17.72543015527279
50.0 52.0 9.557587875051738
50.0 53.0 15.38976081399238
50.0 54.0 20.826731573366864
50.0 57.0 191.8232991600083
50.0 59.0 197.72977146206483
50.0 61.0 201.49889941942922
50.0 62.0 214.02278648307635
50.0 63.0 209.94969136371014
50.0 65.0 51.0150097136456
50.0 66.0 58.94526355502275
50.0 67.0 68.81299194760095
50.0 68.0 77.191041156271
50.0 69.0 86.27383295972204
50.0 70.0 69.70181416284494
50.0 73.0 147.28982062440122
50.0 74.0 155.9674600385939
50.0 75.0 156.42844338193976
50.0 76.0 152.56380727819752
50.0 78.0 162.56380727643017
50.0 79.0 172.41267366935733
50.0 80.0 166.29353403026974
50.0 81.0 166.09379544671324
50.0 82.0 56.39587298357008
50.0 83.0 58.973683112686516
50.0 84.0 155.17201547458788
50.0 86.0 174.47306196745282
50.0 87.0 175.60527965033256
50.0 88.0 201.82329916022152
50.0 89.0 211.80122498595577
50.0 90.0 163.99761079046175
50.0 91.0 163.18060510219783
50.0 92.0 68.8477007151331
50.0 94.0 60.68952756155812
50.0 95.0 67.08906555438037
50.0 96.0 62.188146328554325
50.0 97.0 76.73100894711848
50.0 98.0 229.68546030977342
50.0 100.0 96.20230532788423
50.0 101.0 27.721989263715834
50.0 102.0 27.701104168464305
50.0 104.0 45.28356712264309
50.0 105.0 45.87635999349577
50.0 107.0 175.34353904045832
50.0 109.0 234.48448745078667
50.0 110.0 247.86283081887234
50.0 111.0 248.2583998364184
50.0 112.0 55.473974118677134
51.0 52.0 27.28301802948637
51.0 53.0 33.11519096852915
51.0 54.0 38.55216172827586
51.0 57.0 193.00730622422077
51.0 59.0 198.9137785304714
51.0 61.0 202.68290648915274
51.0 62.0 215.20679353783663
51.0 63.0 211.13369843754208
51.0 65.0 52.19901678172222
51.0 66.0 60.129270623435275
51.0 67.0 69.99699901527262
51.0 68.0 78.37504822432638
51.0 69.0 87.45784002862618
51.0 70.0 70.88582122743041
51.0 73.0 148.47382769168405
51.0 74.0 157.15146710673332
51.0 75.0 157.6124504505562
51.0 76.0 153.7478143455329
51.0 78.0 163.74781434496617
51.0 79.0 173.59668073792758
51.0 80.0 167.47754109851388
51.0 81.0 167.27780251357967
51.0 82.0 57.57988005151977
51.0 83.0 60.15769018033285
51.0 84.0 156.35602254288983
51.0 86.0 175.65706903362582
51.0 87.0 176.78928671817656
51.0 88.0 203.00730622517136
51.0 89.0 212.9852320532092
51.0 90.0 165.18161785934436
51.0 91.0 164.36461217135158
51.0 92.0 70.03170778316007
51.0 94.0 61.873534629230264
51.0 95.0 68.273072621779
51.0 96.0 63.37215339657123
51.0 97.0 77.91501601562715
51.0 98.0 230.86946739641365
51.0 100.0 97.38631239603811
51.0 101.0 9.996559108566178
51.0 102.0 9.975674013423987
51.0 104.0 27.558136967152645
51.0 105.0 28.15092983799775
51.0 107.0 176.52754610799713
51.0 109.0 235.6684944734346
51.0 110.0 249.04683788852975
51.0 111.0 249.4424069304073
51.0 112.0 37.74854396358566
52.0 53.0 5.832172939142104
52.0 54.0 11.269143698262964
52.0 57.0 201.38088703157592
52.0 59.0 207.28735934012076
52.0 61.0 211.05648729914742
52.0 62.0 223.58037434636162
52.0 63.0 219.50727923116509
52.0 65.0 60.572597588715134
52.0 66.0 68.50285142986533
52.0 67.0 78.3705798226738
52.0 68.0 86.74862903162787
52.0 69.0 95.83142083485055
52.0 70.0 79.25940203779575
52.0 73.0 156.8474084982881
52.0 74.0 165.52504791445193
52.0 75.0 165.9860312570411
52.0 76.0 162.12139515388816
52.0 78.0 172.1213951535916
52.0 79.0 181.9702615455361
52.0 80.0 175.85112190494476
52.0 81.0 175.65138332171622
52.0 82.0 65.95346085854136
52.0 83.0 68.53127098740927
52.0 84.0 164.72960335008105
52.0 86.0 184.03064984108778
52.0 87.0 185.16286752545886
52.0 88.0 211.38088703213668
52.0 89.0 221.35881286291294
52.0 90.0 173.55519866563384
52.0 91.0 172.7381929774083
52.0 92.0 78.40528859069465
52.0 94.0 70.24711543637518
52.0 95.0 76.64665342999459
52.0 96.0 71.7457342034757
52.0 97.0 86.2885968203847
52.0 98.0 239.2430482071215
52.0 100.0 105.75989320282233
52.0 101.0 37.27957713879705
52.0 102.0 37.258692043162725
52.0 104.0 54.84115499773851
52.0 105.0 55.433947868570684
52.0 107.0 184.90112691565312
52.0 109.0 244.04207530702544
52.0 110.0 257.4204186893768
52.0 111.0 257.81598773966857
52.0 112.0 65.03156199381611
53.0 54.0 5.436970759132035
53.0 57.0 207.21305997310446
53.0 59.0 213.11953228185166
53.0 61.0 216.88866023278243
53.0 62.0 229.4125472951505
53.0 63.0 225.33945217687432
53.0 65.0 66.40477052780213
53.0 66.0 74.3350243690648
53.0 67.0 84.20275276158543
53.0 68.0 92.58080197042872
53.0 69.0 101.66359377416006
53.0 70.0 85.09157497668738
53.0 73.0 162.67958143793948
53.0 74.0 171.35722085299165
53.0 75.0 171.8182041962826
53.0 76.0 167.95356809186106
53.0 78.0 177.95356809209147
53.0 79.0 187.80243448269078
53.0 80.0 181.683294843564
53.0 81.0 181.48355625900473
53.0 82.0 71.78563379775186
53.0 83.0 74.36344392628811
53.0 84.0 170.56177628846243
53.0 86.0 189.86282278064436
53.0 87.0 190.99504046467297
53.0 88.0 217.21305996857149
53.0 89.0 227.19098580194242
53.0 90.0 179.38737160519798
53.0 91.0 178.57036591645698
53.0 92.0 84.2374615297312
53.0 94.0 76.0792883758408
53.0 95.0 82.47882636844331
53.0 96.0 77.57790714200259
53.0 97.0 92.12076976052401
53.0 98.0 245.07522111692174
53.0 100.0 111.59206614201965
53.0 101.0 43.111750077907715
53.0 102.0 43.09086498257777
53.0 104.0 60.67332793669948
53.0 105.0 61.26612080755412
53.0 107.0 190.7332998547322
53.0 109.0 249.87424823715617
53.0 110.0 263.25259163203316
53.0 111.0 263.6481606703746
53.0 112.0 70.86373493299163
54.0 57.0 212.65003073046597
54.0 59.0 218.55650303649566
54.0 61.0 222.3256309955638
54.0 62.0 234.84951803901697
54.0 63.0 230.77642294442904
54.0 65.0 71.84174128700978
54.0 66.0 79.77199512814315
54.0 67.0 89.63972352075456
54.0 68.0 98.01777272985
54.0 69.0 107.100564533368
54.0 70.0 90.52854573581553
54.0 73.0 168.11655219611686
54.0 74.0 176.7941916116756
54.0 75.0 177.25517495524025
54.0 76.0 173.39053885124224
54.0 78.0 183.3905388500259
54.0 79.0 193.23940524284274
54.0 80.0 187.12026560146248
54.0 81.0 186.92052701894806
54.0 82.0 77.22260455678274
54.0 83.0 79.80041468577343
54.0 84.0 175.99874704929204
54.0 86.0 195.29979353931816
54.0 87.0 196.43201122338687
54.0 88.0 222.6500307336202
54.0 89.0 232.62795656204165
54.0 90.0 184.82434236352577
54.0 91.0 184.00733667612053
54.0 92.0 89.67443228916525
54.0 94.0 81.51625913503533
54.0 95.0 87.91579712763331
54.0 96.0 83.01487790240765
54.0 97.0 97.55774052026153
54.0 98.0 250.51219189501688
54.0 100.0 117.02903690114005
54.0 101.0 48.548720836866345
54.0 102.0 48.527835741918665
54.0 104.0 66.11029869575343
54.0 105.0 66.70309156683378
54.0 107.0 196.17027061292868
54.0 109.0 255.3112190166633
54.0 110.0 268.6895623555469
54.0 111.0 269.08513143003586
54.0 112.0 76.30070569199441
57.0 59.0 25.066135832142848
57.0 61.0 28.835263793153473
57.0 62.0 41.35915084827555
57.0 63.0 37.28605573966758
57.0 65.0 189.55834088105746
57.0 66.0 197.488594723502
57.0 67.0 207.35632311480921
57.0 68.0 215.73437232107938
57.0 69.0 224.8171641211204
57.0 70.0 208.24514533030882
57.0 73.0 93.56949113904435
57.0 74.0 102.24713055272345
57.0 75.0 102.70811390361692
57.0 76.0 62.04906589416708
57.0 78.0 72.04906589560025
57.0 79.0 81.89793229055198
57.0 80.0 75.7787926449534
57.0 81.0 75.57905406146247
57.0 82.0 178.67644476985782
57.0 83.0 181.25425489989976
57.0 84.0 101.45168599125469
57.0 86.0 120.75273248131558
57.0 87.0 121.88495016566867
57.0 88.0 9.999999999999977
57.0 89.0 19.97792582953498
57.0 90.0 57.70492358078103
57.0 91.0 56.88791789063603
57.0 92.0 191.1282725076075
57.0 94.0 182.97009934758387
57.0 95.0 189.36963734518687
57.0 96.0 184.46871811706052
57.0 97.0 199.01158073689538
57.0 98.0 57.02182469133565
57.0 100.0 234.74563649083012
57.0 101.0 203.00386533382877
57.0 102.0 202.98298024026417
57.0 104.0 220.5654431946399
57.0 105.0 221.1582360609317
57.0 107.0 84.82879765628896
57.0 109.0 61.82085179776762
57.0 110.0 75.19919518979437
57.0 111.0 75.5947642349595
57.0 112.0 230.7558501901308
59.0 61.0 23.073866980533893
59.0 62.0 35.597754035079454
59.0 63.0 31.524658927378233
59.0 65.0 195.46481318467144
59.0 66.0 203.395067025821
59.0 67.0 213.2627954185437
59.0 68.0 221.6408446280647
59.0 69.0 230.72363642697667
59.0 70.0 214.15161763780733
59.0 73.0 99.47596344491694
59.0 74.0 108.15360286225061
59.0 75.0 108.61458619943849
59.0 76.0 67.9555382027092
59.0 78.0 77.95553819979219
59.0 79.0 87.80440459038266
59.0 80.0 81.68526494957811
59.0 81.0 81.48552636982443
59.0 82.0 184.58291707737501
59.0 83.0 187.1607272027063
59.0 84.0 107.35815829884618
59.0 86.0 126.65920479193746
59.0 87.0 127.79142247488448
59.0 88.0 35.0661358324617
59.0 89.0 45.044061661887966
59.0 90.0 63.61139588849424
59.0 91.0 62.794390196252095
59.0 92.0 197.0347448123831
59.0 94.0 188.87657165298845
59.0 95.0 195.27610964909195
59.0 96.0 190.3751904217097
59.0 97.0 204.9180530414304
59.0 98.0 51.2604278772552
59.0 100.0 240.6521087976737
59.0 101.0 208.91033763912395
59.0 102.0 208.88945254279741
59.0 104.0 226.47191549878158
59.0 105.0 227.06470836980645
59.0 107.0 90.73526995931276
59.0 109.0 56.05945498972381
59.0 110.0 69.43779837784237
59.0 111.0 69.83336742094241
59.0 112.0 236.66232249469675
61.0 62.0 26.657358676523017
61.0 63.0 22.584263567853363
61.0 65.0 199.23394114054855
61.0 66.0 207.16419498421925
61.0 67.0 217.03192338007142
61.0 68.0 225.40997258314053
61.0 69.0 234.49276438956912
61.0 70.0 217.9207455958064
61.0 73.0 103.2450914040067
61.0 74.0 111.92273082287939
61.0 75.0 112.38371416231463
61.0 76.0 71.72466616175885
61.0 78.0 81.724666164869
61.0 79.0 91.57353255611383
61.0 80.0 85.45439290646037
61.0 81.0 85.25465432364885
61.0 82.0 188.35204503685276
61.0 83.0 190.92985516404974
61.0 84.0 111.12728625552447
61.0 86.0 130.4283327550201
61.0 87.0 131.56055043730882
61.0 88.0 38.83526379170455
61.0 89.0 48.813189622246774
61.0 90.0 67.38052384615983
61.0 91.0 66.56351816088
61.0 92.0 200.80387276964746
61.0 94.0 192.64569961521107
61.0 95.0 199.04523760415287
61.0 96.0 194.14431837914174
61.0 97.0 208.68718100326282
61.0 98.0 42.32003251797632
61.0 100.0 244.4212367564001
61.0 101.0 212.67946560175494
61.0 102.0 212.65858049943768
61.0 104.0 230.2410434622151
61.0 105.0 230.83383633114775
61.0 107.0 94.50439792876098
61.0 109.0 47.119059628818505
61.0 110.0 60.497403018578495
61.0 111.0 60.89297206304704
61.0 112.0 240.4314504572851
62.0 63.0 15.88906203883996
62.0 65.0 211.75782819813531
62.0 66.0 219.68808203739343
62.0 67.0 229.55581041875854
62.0 68.0 237.93385963949686
62.0 69.0 247.0166514273769
62.0 70.0 230.44463264227863
62.0 73.0 115.76897845634797
62.0 74.0 124.44661786949175
62.0 75.0 124.9076012074787
62.0 76.0 84.24855325366313
62.0 78.0 94.24855318916363
62.0 79.0 104.09741955386153
62.0 80.0 97.97827996202585
62.0 81.0 97.77854138579065
62.0 82.0 200.87593209552648
62.0 83.0 203.4537422278014
62.0 84.0 123.65117331210367
62.0 86.0 142.9522197929653
62.0 87.0 144.0844374875903
62.0 88.0 51.35915084561118
62.0 89.0 61.33707667663438
62.0 90.0 79.90441094553947
62.0 91.0 79.08740518900987
62.0 92.0 213.3277598270159
62.0 94.0 205.1695866614739
62.0 95.0 211.56912467637903
62.0 96.0 206.66820543586556
62.0 97.0 221.21106805162594
62.0 98.0 15.662673842490001
62.0 100.0 256.9451238029381
62.0 101.0 225.20335264996092
62.0 102.0 225.18246754496772
62.0 104.0 242.76493050083417
62.0 105.0 243.3577233849811
62.0 107.0 107.02828497164205
62.0 109.0 20.4617009532378
62.0 110.0 33.840044342175375
62.0 111.0 34.23561338581826
62.0 112.0 252.95533750770295
63.0 65.0 207.68473308890344
63.0 66.0 215.61498693057283
63.0 67.0 225.48271531770862
63.0 68.0 233.86076453169807
63.0 69.0 242.9435563303316
63.0 70.0 226.37153753494556
63.0 73.0 111.69588335163942
63.0 74.0 120.37352276689329
63.0 75.0 120.83450610883334
63.0 76.0 80.1754581058244
63.0 78.0 90.17545807368352
63.0 79.0 100.02432447170617
63.0 80.0 93.90518484056534
63.0 81.0 93.70544628276937
63.0 82.0 196.80283698059486
63.0 83.0 199.38064710079908
63.0 84.0 119.57807820600064
63.0 86.0 138.87912469202126
63.0 87.0 140.01134237539466
63.0 88.0 47.28605573901959
63.0 89.0 57.26398156934528
63.0 90.0 75.83131580404702
63.0 91.0 75.0143100670551
63.0 92.0 209.25466470486805
63.0 94.0 201.0964915550287
63.0 95.0 207.49602955063665
63.0 96.0 202.59511032824676
63.0 97.0 217.13797294976
63.0 98.0 31.55173588185705
63.0 100.0 252.87202869772776
63.0 101.0 221.13025754168825
63.0 102.0 221.1093724511368
63.0 104.0 238.69183540590996
63.0 105.0 239.28462826535397
63.0 107.0 102.9551898724556
63.0 109.0 36.35076299157369
63.0 110.0 49.729106381408876
63.0 111.0 50.12467542250121
63.0 112.0 248.88224240061874
65.0 66.0 7.9302538411696855
65.0 67.0 17.79798223381416
65.0 68.0 26.17603144286301
65.0 69.0 35.25882324628296
65.0 70.0 50.505909590071305
65.0 73.0 145.02486234431385
65.0 74.0 153.70250176116969
65.0 75.0 154.16348510335996
65.0 76.0 150.2988489984728
65.0 78.0 160.29884899932478
65.0 79.0 170.14771539081
65.0 80.0 164.0285757513035
65.0 81.0 163.82883716918772
65.0 82.0 54.130914704639665
65.0 83.0 56.70872483331445
65.0 84.0 152.9070571959266
65.0 86.0 172.20810368717008
65.0 87.0 173.3403213710695
65.0 88.0 199.55834087849922
65.0 89.0 209.53626670866873
65.0 90.0 161.73265251203492
65.0 91.0 160.91564682307452
65.0 92.0 66.58274243489456
65.0 94.0 58.42456928264021
65.0 95.0 64.82410727622194
65.0 96.0 59.923188048820876
65.0 97.0 74.46605066774174
65.0 98.0 227.42050205501772
65.0 100.0 45.187295614328455
65.0 101.0 62.19557589049029
65.0 102.0 62.17469079510283
65.0 104.0 79.75715374910527
65.0 105.0 80.34994662002254
65.0 107.0 173.0785807608329
65.0 109.0 232.2195291463043
65.0 110.0 245.5978725227977
65.0 111.0 245.99344155153761
65.0 112.0 89.94756074534962
66.0 67.0 9.867728392655543
66.0 68.0 18.245777601675996
66.0 69.0 27.3285694051119
66.0 70.0 58.43616343119486
66.0 73.0 152.95511618507715
66.0 74.0 161.63275560122983
66.0 75.0 162.0937389444128
66.0 76.0 158.22910284027438
66.0 78.0 168.2291028381959
66.0 79.0 178.07796923204552
66.0 80.0 171.9588295928849
66.0 81.0 171.75909100828275
66.0 82.0 62.06116854573459
66.0 83.0 64.63897867490574
66.0 84.0 160.83731103708266
66.0 86.0 180.13835752862116
66.0 87.0 181.27057521157803
66.0 88.0 207.48859471935876
66.0 89.0 217.4665205479086
66.0 90.0 169.66290635171174
66.0 91.0 168.84590066349665
66.0 92.0 74.51299627774176
66.0 94.0 66.35482312412861
66.0 95.0 72.75436111841387
66.0 96.0 67.8534418906861
66.0 97.0 82.39630450789969
66.0 98.0 235.3507558667447
66.0 100.0 37.25704177312487
66.0 101.0 70.12582973175338
66.0 102.0 70.10494463574867
66.0 104.0 87.68740759043068
66.0 105.0 88.28020046165881
66.0 107.0 181.00883460282213
66.0 109.0 240.14978298857852
66.0 110.0 253.5281263706278
66.0 111.0 253.92369541656507
66.0 112.0 97.87781458690856
67.0 68.0 8.378049208915687
67.0 69.0 17.46084101251445
67.0 70.0 68.30389182476685
67.0 73.0 162.8228445782883
67.0 74.0 171.50048399430574
67.0 75.0 171.9614673362601
67.0 76.0 168.0968312335874
67.0 78.0 178.0968312324582
67.0 79.0 187.94569762551234
67.0 80.0 181.82655798467812
67.0 81.0 181.62681940193943
67.0 82.0 71.92889693802891
67.0 83.0 74.50670706694915
67.0 84.0 170.7050394303264
67.0 86.0 190.00608591995464
67.0 87.0 191.13830360630186
67.0 88.0 217.3563231121409
67.0 89.0 227.3342489383283
67.0 90.0 179.53063474593216
67.0 91.0 178.7136290567738
67.0 92.0 84.38072467037404
67.0 94.0 76.22255151624327
67.0 95.0 82.6220895107671
67.0 96.0 77.72117028389702
67.0 97.0 92.26403290141525
67.0 98.0 245.21848427862187
67.0 100.0 27.38931338034325
67.0 101.0 79.99355812395456
67.0 102.0 79.9726730286356
67.0 104.0 97.55513598309835
67.0 105.0 98.14792885391398
67.0 107.0 190.87656299414073
67.0 109.0 250.01751138412908
67.0 110.0 263.39585474980856
67.0 111.0 263.79142382115435
67.0 112.0 107.74554297909103
68.0 69.0 9.082791803530498
68.0 70.0 76.68194103294385
68.0 73.0 171.2008937875285
68.0 74.0 179.87853320259046
68.0 75.0 180.3395165458479
68.0 76.0 176.4748804407888
68.0 78.0 186.4748804422883
68.0 79.0 196.32374683426752
68.0 80.0 190.2046071937777
68.0 81.0 190.00486861054813
68.0 82.0 80.30694614700087
68.0 83.0 82.88475627643051
68.0 84.0 179.08308863864508
68.0 86.0 198.38413512970428
68.0 87.0 199.51635281386604
68.0 88.0 225.73437232141637
68.0 89.0 235.7122981529016
68.0 90.0 187.9086839546804
68.0 91.0 187.09167826566568
68.0 92.0 92.75877387941102
68.0 94.0 84.6006007254656
68.0 95.0 91.00013871864061
68.0 96.0 86.09921949207795
68.0 97.0 100.64208211092135
68.0 98.0 253.5965334838754
68.0 100.0 19.011264171536688
68.0 101.0 88.37160733274312
68.0 102.0 88.35072223713124
68.0 104.0 105.93318519224906
68.0 105.0 106.52597806298425
68.0 107.0 199.25461220365628
68.0 109.0 258.3955605863432
68.0 110.0 271.7739039760096
68.0 111.0 272.16947301669217
68.0 112.0 116.12359218781344
69.0 70.0 85.76473283616508
69.0 73.0 180.2836855923029
69.0 74.0 188.961325006619
69.0 75.0 189.42230835005887
69.0 76.0 185.55767224509154
69.0 78.0 195.55767224524936
69.0 79.0 205.40653863626204
69.0 80.0 199.28739899785108
69.0 81.0 199.08766041591616
69.0 82.0 89.38973795137142
69.0 83.0 91.96754807949009
69.0 84.0 188.1658804422786
69.0 86.0 207.4669269335019
69.0 87.0 208.5991446163758
69.0 88.0 234.81716412812472
69.0 89.0 244.79508995666163
69.0 90.0 196.99147575775538
69.0 91.0 196.1744700692356
69.0 92.0 101.84156568396547
69.0 94.0 93.68339252872667
69.0 95.0 100.08293052265881
69.0 96.0 95.1820112944045
69.0 97.0 109.72487391560415
69.0 98.0 262.67932528265123
69.0 100.0 9.92847236787362
69.0 101.0 97.4543991372903
69.0 102.0 97.4335140418584
69.0 104.0 115.01597699603636
69.0 105.0 115.60876986643342
69.0 107.0 208.3374040062265
69.0 109.0 267.4783523853183
69.0 110.0 280.8566957974035
69.0 111.0 281.2522648396207
69.0 112.0 125.20638399250787
70.0 73.0 163.71166679332453
70.0 74.0 172.38930620903645
70.0 75.0 172.8502895526123
70.0 76.0 168.98565344736227
70.0 78.0 178.98565344798027
70.0 79.0 188.8345198394096
70.0 80.0 182.7153802005808
70.0 81.0 182.51564161583462
70.0 82.0 72.81771915310942
70.0 83.0 75.39552928204527
70.0 84.0 171.59386164602756
70.0 86.0 190.89490813695892
70.0 87.0 192.0271258201284
70.0 88.0 218.24514532680467
70.0 89.0 228.22307115877936
70.0 90.0 180.41945696217095
70.0 91.0 179.6024512721264
70.0 92.0 85.26954688529163
70.0 94.0 77.11137373111391
70.0 95.0 83.5109117239038
70.0 96.0 78.60999249795591
70.0 97.0 93.15285511603679
70.0 98.0 246.10730645892818
70.0 100.0 95.69320520541746
70.0 101.0 80.88238033731753
70.0 102.0 80.86149524716254
70.0 104.0 98.44395819802838
70.0 105.0 99.03675106876628
70.0 107.0 191.76538521126116
70.0 109.0 250.90633358677746
70.0 110.0 264.28467698959076
70.0 111.0 264.6802460112906
70.0 112.0 108.63436519421212
73.0 74.0 28.114670853804682
73.0 75.0 28.575654197008546
73.0 76.0 54.309999258643224
73.0 78.0 64.3099992582526
73.0 79.0 74.15886565048811
73.0 80.0 68.03972601078851
73.0 81.0 67.83998742705896
73.0 82.0 134.14296623726227
73.0 83.0 136.7207763668826
73.0 84.0 7.882194851822466
73.0 86.0 46.62027278086395
73.0 87.0 47.75249046521867
73.0 88.0 103.5694911383543
73.0 89.0 113.54741696803471
73.0 90.0 65.74380277222932
73.0 91.0 64.92679708331633
73.0 92.0 146.59479396923518
73.0 94.0 138.43662081562127
73.0 95.0 144.8361588082068
73.0 96.0 139.93523958237796
73.0 97.0 154.478102200173
73.0 98.0 131.43165229950318
73.0 100.0 190.21215795858575
73.0 101.0 158.47038679985008
73.0 102.0 158.44950170531337
73.0 104.0 176.03196465916523
73.0 105.0 176.62475753068244
73.0 107.0 77.08973102087613
73.0 109.0 136.23067941826744
73.0 110.0 149.60902279819177
73.0 111.0 150.0045918414613
73.0 112.0 186.22237165502924
74.0 75.0 17.51783683473284
74.0 76.0 62.987638673841964
74.0 78.0 72.9876386745708
74.0 79.0 82.83650506609919
74.0 80.0 76.7173654261335
74.0 81.0 76.5176268431652
74.0 82.0 142.8206056537376
74.0 83.0 145.39841578385733
74.0 84.0 35.996865705633084
74.0 86.0 35.56245541878041
74.0 87.0 36.69467310217806
74.0 88.0 112.2471305535774
74.0 89.0 122.225056379135
74.0 90.0 74.42144218798711
74.0 91.0 73.6044364989951
74.0 92.0 155.27243338595468
74.0 94.0 147.11426023232963
74.0 95.0 153.51379822482528
74.0 96.0 148.61287899757252
74.0 97.0 163.1557416169536
74.0 98.0 140.10929170672006
74.0 100.0 198.8897973743323
74.0 101.0 167.14802621579432
74.0 102.0 167.1271411204325
74.0 104.0 184.7096040742305
74.0 105.0 185.30239694599985
74.0 107.0 85.76737043681551
74.0 109.0 144.90831882932525
74.0 110.0 158.2866622212907
74.0 111.0 158.6822312606158
74.0 112.0 194.9000110708225
75.0 76.0 63.44862201733843
75.0 78.0 73.44862201728544
75.0 79.0 83.29748840939484
75.0 80.0 77.1783487696228
75.0 81.0 76.97861018609112
75.0 82.0 143.28158899714134
75.0 83.0 145.8593991262422
75.0 84.0 36.45784904883952
75.0 86.0 18.044618583720254
75.0 87.0 19.176836267794986
75.0 88.0 112.70811389549647
75.0 89.0 122.68603972902207
75.0 90.0 74.88242553076569
75.0 91.0 74.06541984208059
75.0 92.0 155.73341672946023
75.0 94.0 147.575243575748
75.0 95.0 153.97478156745888
75.0 96.0 149.0738623413137
75.0 97.0 163.6167249597641
75.0 98.0 140.5702750633433
75.0 100.0 199.3507807171103
75.0 101.0 167.6090095592618
75.0 102.0 167.58812446382885
75.0 104.0 185.1705874180401
75.0 105.0 185.76338028892275
75.0 107.0 86.22835378028051
75.0 109.0 145.36930217359844
75.0 110.0 158.74764555064226
75.0 111.0 159.14321459596002
75.0 112.0 195.3609944148406
76.0 78.0 9.999999999994811
76.0 79.0 19.848866392079
76.0 80.0 25.30433960717276
76.0 81.0 25.104601023733835
76.0 82.0 139.4169528925604
76.0 83.0 141.99476302103852
76.0 84.0 62.19219410997909
76.0 86.0 81.4932406009113
76.0 87.0 82.62545828510142
76.0 88.0 72.04906589734594
76.0 89.0 82.02699172561877
76.0 90.0 34.22337752613964
76.0 91.0 33.40637183785539
76.0 92.0 151.86878062502802
76.0 94.0 143.71060747072306
76.0 95.0 150.11014546384718
76.0 96.0 145.2092262359601
76.0 97.0 159.75208885522835
76.0 98.0 99.91122705935766
76.0 100.0 195.4861446128229
76.0 101.0 163.7443734533091
76.0 102.0 163.72348835941506
76.0 104.0 181.3059513145871
76.0 105.0 181.8987441829066
76.0 107.0 34.354344617344815
76.0 109.0 104.71025416285224
76.0 110.0 118.08859756287781
76.0 111.0 118.4841665805924
76.0 112.0 191.49635831005574
78.0 79.0 9.84886639206518
78.0 80.0 35.304339607140086
78.0 81.0 35.104601023866124
78.0 82.0 149.41695289280267
78.0 83.0 151.9947630207886
78.0 84.0 72.19219410996358
78.0 86.0 91.49324060167737
78.0 87.0 92.62545828461744
78.0 88.0 82.04906589277962
78.0 89.0 92.02699172393709
78.0 90.0 44.223377526840316
78.0 91.0 43.40637183789643
78.0 92.0 161.86878062384122
78.0 94.0 153.71060746973598
78.0 95.0 160.11014546278295
78.0 96.0 155.2092262366868
78.0 97.0 169.7520888548367
78.0 98.0 109.9112270612514
78.0 100.0 205.48614461238475
78.0 101.0 173.74437345526303
78.0 102.0 173.72348835791203
78.0 104.0 191.30595131417192
78.0 105.0 191.898744185236
78.0 107.0 44.35434461749527
78.0 109.0 114.71025415370748
78.0 110.0 128.08859749089441
78.0 111.0 128.4841665216451
78.0 112.0 201.49635830890975
79.0 80.0 45.15320599906289
79.0 81.0 44.95346741598378
79.0 82.0 159.26581928361452
79.0 83.0 161.8436294130079
79.0 84.0 82.04106050208307
79.0 86.0 101.34210699291317
79.0 87.0 102.47432467733726
79.0 88.0 91.8979322822833
79.0 89.0 101.87585811654458
79.0 90.0 54.07224391853701
79.0 91.0 53.25523822987677
79.0 92.0 171.71764701624508
79.0 94.0 163.559473861618
79.0 95.0 169.95901185476907
79.0 96.0 165.05809262929318
79.0 97.0 179.60095524729707
79.0 98.0 119.76009344230107
79.0 100.0 215.33501100513246
79.0 101.0 183.59323984639542
79.0 102.0 183.5723547499809
79.0 104.0 201.1548177051386
79.0 105.0 201.74761057685137
79.0 107.0 54.20321100948368
79.0 109.0 124.55912056784231
79.0 110.0 137.93746395664195
79.0 111.0 138.33303302032294
79.0 112.0 211.34522470148792
80.0 81.0 19.800261416481874
80.0 82.0 153.14667964427437
80.0 83.0 155.72448977321486
80.0 84.0 75.92192086183853
80.0 86.0 95.22296735312332
80.0 87.0 96.35518503714579
80.0 88.0 85.7787926458947
80.0 89.0 95.75671847761747
80.0 90.0 47.95310427903215
80.0 91.0 47.1360985900578
80.0 92.0 165.5985073770807
80.0 94.0 157.44033422202833
80.0 95.0 163.8398722155797
80.0 96.0 158.93895298950628
80.0 97.0 173.48181560777655
80.0 98.0 113.64095381437478
80.0 100.0 209.2158713651866
80.0 101.0 177.4741002060241
80.0 102.0 177.45321511205194
80.0 104.0 195.03567806640746
80.0 105.0 195.62847093553188
80.0 107.0 29.050005010610807
80.0 109.0 118.439980953743
80.0 110.0 131.81832428680823
80.0 111.0 132.2138933324437
80.0 112.0 205.22608506136905
81.0 82.0 152.94694106155973
81.0 83.0 155.52475118880886
81.0 84.0 75.7221822783753
81.0 86.0 95.02322877004043
81.0 87.0 96.15544645432904
81.0 88.0 85.57905406464573
81.0 89.0 95.55697988997349
81.0 90.0 47.753365695760124
81.0 91.0 46.9363600068173
81.0 92.0 165.39876879487565
81.0 94.0 157.24059563989488
81.0 95.0 163.64013363312557
81.0 96.0 158.73921440511558
81.0 97.0 173.28207702507876
81.0 98.0 113.44121523371729
81.0 100.0 209.0161327815697
81.0 101.0 177.27436162244126
81.0 102.0 177.25347652885353
81.0 104.0 194.8359394809954
81.0 105.0 195.42873235325277
81.0 107.0 9.24974359350041
81.0 109.0 118.24024234846488
81.0 110.0 131.6185857151274
81.0 111.0 132.0141547648524
81.0 112.0 205.02634647812863
82.0 83.0 13.294691854163917
82.0 84.0 142.0251610897023
82.0 86.0 161.32620758051337
82.0 87.0 162.45842526517697
82.0 88.0 188.6764447692801
82.0 89.0 198.6543706027237
82.0 90.0 150.85075640585356
82.0 91.0 150.0337507166987
82.0 92.0 23.168709457493325
82.0 94.0 28.44771168310466
82.0 95.0 34.84724967591662
82.0 96.0 29.946330449565824
82.0 97.0 44.48919306781898
82.0 98.0 216.53860592787987
82.0 100.0 99.31821031824116
82.0 101.0 67.57643916045976
82.0 102.0 67.55555406497272
82.0 104.0 85.13801701981905
82.0 105.0 85.73080989020079
82.0 107.0 162.19668465472944
82.0 109.0 221.33763304478947
82.0 110.0 234.7159764151603
82.0 111.0 235.11154545343294
82.0 112.0 95.32842401520982
83.0 84.0 144.6029712181556
83.0 86.0 163.9040177094928
83.0 87.0 165.03623539417558
83.0 88.0 191.25425490233778
83.0 89.0 201.23218073033718
83.0 90.0 153.4285665357153
83.0 91.0 152.61156084594128
83.0 92.0 9.87401760332487
83.0 94.0 31.02552181184646
83.0 95.0 37.42505980474107
83.0 96.0 32.524140578312014
83.0 97.0 47.06700319670477
83.0 98.0 219.11641605917777
83.0 100.0 101.89602044736576
83.0 101.0 70.15424928891844
83.0 102.0 70.13336419363092
83.0 104.0 87.71582714833266
83.0 105.0 88.30862001831454
83.0 107.0 164.77449478270796
83.0 109.0 223.9154431586739
83.0 110.0 237.29378655016967
83.0 111.0 237.6893555820555
83.0 112.0 97.90623414405982
84.0 86.0 54.50246763268298
84.0 87.0 55.63468531691718
84.0 88.0 111.45168599258909
84.0 89.0 121.42961181964175
84.0 90.0 73.62599762394794
84.0 91.0 72.80899193441718
84.0 92.0 154.4769888219223
84.0 94.0 146.31881566797153
84.0 95.0 152.71835366035344
84.0 96.0 147.81743443405605
84.0 97.0 162.36029705277875
84.0 98.0 139.31384715965066
84.0 100.0 198.09435281070586
84.0 101.0 166.35258165127993
84.0 102.0 166.33169655674112
84.0 104.0 183.91415951128175
84.0 105.0 184.50695238181913
84.0 107.0 84.971925872112
84.0 109.0 144.1128742669661
84.0 110.0 157.49121766339798
84.0 111.0 157.88678670658004
84.0 112.0 194.1045665064147
86.0 87.0 17.93927393662407
86.0 88.0 130.75273247580907
86.0 89.0 140.7306583088536
86.0 90.0 92.92704411480526
86.0 91.0 92.11003842641321
86.0 92.0 173.77803531247622
86.0 94.0 165.61986215867634
86.0 95.0 172.01940015178525
86.0 96.0 167.11848092530948
86.0 97.0 181.6613435433298
86.0 98.0 158.61489364833028
86.0 100.0 217.39539930055525
86.0 101.0 185.65362814304623
86.0 102.0 185.63274304688875
86.0 104.0 203.21520600223846
86.0 105.0 203.80799887155388
86.0 107.0 104.27297236385074
86.0 109.0 163.41392075485987
86.0 110.0 176.79226415015873
86.0 111.0 177.1878331932827
86.0 112.0 213.40561299790676
87.0 88.0 131.88495016719997
87.0 89.0 141.8628759995451
87.0 90.0 94.0592618000533
87.0 91.0 93.24225610965655
87.0 92.0 174.9102529971758
87.0 94.0 166.75207984381402
87.0 95.0 173.15161783569482
87.0 96.0 168.25069860943586
87.0 97.0 182.79356122816245
87.0 98.0 159.74711134163874
87.0 100.0 218.52761698467452
87.0 101.0 186.78584582753132
87.0 102.0 186.76496073125332
87.0 104.0 204.34742368556022
87.0 105.0 204.9402165574262
87.0 107.0 105.40519004750601
87.0 109.0 164.54613844314423
87.0 110.0 177.92448183615113
87.0 111.0 178.32005086622112
87.0 112.0 214.53783068169608
88.0 89.0 9.977925829483649
88.0 90.0 67.70492357999827
88.0 91.0 66.88791789242693
88.0 92.0 201.1282725043552
88.0 94.0 192.970099353905
88.0 95.0 199.36963734214953
88.0 96.0 194.46871811673077
88.0 97.0 209.01158073528734
88.0 98.0 67.02182469172456
88.0 100.0 244.7456364915129
88.0 101.0 213.0038653355889
88.0 102.0 212.9829802377327
88.0 104.0 230.5654431950353
88.0 105.0 231.15823606295953
88.0 107.0 94.82879765422206
88.0 109.0 71.8208518012194
88.0 110.0 85.19919518790064
88.0 111.0 85.59476423691746
88.0 112.0 240.75585018749052
89.0 90.0 77.6828494095723
89.0 91.0 76.86584372156567
89.0 92.0 211.10619833460242
89.0 94.0 202.94802517968427
89.0 95.0 209.34756317312497
89.0 96.0 204.4466439458362
89.0 97.0 218.98950656374546
89.0 98.0 76.9997505195769
89.0 100.0 254.72356232456576
89.0 101.0 222.98179116447022
89.0 102.0 222.96090606548194
89.0 104.0 240.54336902346924
89.0 105.0 241.1361618970942
89.0 107.0 104.80672348349353
89.0 109.0 81.79877763173728
89.0 110.0 95.17712101655076
89.0 111.0 95.57269006267622
89.0 112.0 250.7337760165323
90.0 91.0 18.187585988105454
90.0 92.0 163.30258413833275
90.0 94.0 155.14441098491605
90.0 95.0 161.5439489767353
90.0 96.0 156.6430297502083
90.0 97.0 171.18589236905547
90.0 98.0 95.5670847566556
90.0 100.0 206.9199481259674
90.0 101.0 175.17817696696125
90.0 102.0 175.15729187202658
90.0 104.0 192.73975482708403
90.0 105.0 193.3325476977057
90.0 107.0 57.003109289417466
90.0 109.0 100.36611186592593
90.0 110.0 113.74445524940863
90.0 111.0 114.14002430579288
90.0 112.0 202.93016182247743
91.0 92.0 162.4855784485939
91.0 94.0 154.32740529505404
91.0 95.0 160.72694328729114
91.0 96.0 155.826024061331
91.0 97.0 170.36888667948102
91.0 98.0 94.75007905831752
91.0 100.0 206.10294243722547
91.0 101.0 174.36117127778033
91.0 102.0 174.34028618342975
91.0 104.0 191.92274913817988
91.0 105.0 192.5155420088232
91.0 107.0 56.18610360039782
91.0 109.0 99.54910617275995
91.0 110.0 112.9274495684961
91.0 111.0 113.32301859741936
91.0 112.0 202.1131561338124
92.0 94.0 40.899539415148865
92.0 95.0 47.299077407995284
92.0 96.0 42.3981581815798
92.0 97.0 56.941020800200654
92.0 98.0 228.99043364826548
92.0 100.0 111.77003805108987
92.0 101.0 80.02826689231702
92.0 102.0 80.00738179717338
92.0 104.0 97.58984475110607
92.0 105.0 98.18263762185182
92.0 107.0 174.64851238830926
92.0 109.0 233.7894607671584
92.0 110.0 247.1678041971262
92.0 111.0 247.56337322455016
92.0 112.0 107.7802517472421
94.0 95.0 23.679034565308164
94.0 96.0 18.778115338839235
94.0 97.0 33.32097795727742
94.0 98.0 220.83226051952016
94.0 100.0 103.6118648973048
94.0 101.0 71.87009373840048
94.0 102.0 71.8492086432589
94.0 104.0 89.43167159737666
94.0 105.0 90.02446446846446
94.0 107.0 166.49033923319445
94.0 109.0 225.631287630093
94.0 110.0 239.0096309950015
94.0 111.0 239.4052000437677
94.0 112.0 99.62207859387587
95.0 96.0 6.900919226442175
95.0 97.0 9.641943392005064
95.0 98.0 227.2317984866021
95.0 100.0 110.01140289082952
95.0 101.0 78.26963173160004
95.0 102.0 78.24874663678493
95.0 104.0 95.83120959036424
95.0 105.0 96.42400246082914
95.0 107.0 172.88987722620743
95.0 109.0 232.03082560507875
95.0 110.0 245.4091689779312
95.0 111.0 245.80473805519625
95.0 112.0 106.02161658597528
96.0 97.0 16.54286261842861
96.0 98.0 222.33087926862243
96.0 100.0 105.1104836621438
96.0 101.0 73.36871250221094
96.0 102.0 73.34782740752733
96.0 104.0 90.930290364689
96.0 105.0 91.52308323412467
96.0 107.0 167.98895799963657
96.0 109.0 227.12990638968805
96.0 110.0 240.5082497732245
96.0 111.0 240.9038188139244
96.0 112.0 101.12069736011857
97.0 98.0 236.87374190370826
97.0 100.0 119.6533462827434
97.0 101.0 87.91157512173592
97.0 102.0 87.89069002664073
97.0 104.0 105.47315298132244
97.0 105.0 106.0659458528901
97.0 107.0 182.5318206174872
97.0 109.0 241.67276896971782
97.0 110.0 255.05111238903405
97.0 111.0 255.44668141840168
97.0 112.0 115.6635599781708
98.0 100.0 272.6077976350025
98.0 101.0 240.86602649289728
98.0 102.0 240.84514139673604
98.0 104.0 258.4276043377824
98.0 105.0 259.0203972178366
98.0 107.0 122.690958815822
98.0 109.0 23.52783574867967
98.0 110.0 36.90617913753214
98.0 111.0 37.30174817995733
98.0 112.0 268.6180113583988
100.0 101.0 107.38287150427414
100.0 102.0 107.36198640998852
100.0 104.0 124.94444936340469
100.0 105.0 125.53724223497738
100.0 107.0 218.26587637477022
100.0 109.0 277.40682477004833
100.0 110.0 290.7851681520548
100.0 111.0 291.18073718184843
100.0 112.0 135.1348563598819
101.0 102.0 19.972233121929648
101.0 104.0 17.561577858993644
101.0 105.0 18.154370730171813
101.0 107.0 186.52410521814593
101.0 109.0 245.66505359594862
101.0 110.0 259.04339699749903
101.0 111.0 259.4389660499443
101.0 112.0 27.75198485514491
102.0 104.0 37.53381098110586
102.0 105.0 38.12660385165609
102.0 107.0 186.5032201212481
102.0 109.0 245.64416850253048
102.0 110.0 259.0225119018886
102.0 111.0 259.4180809217853
102.0 112.0 47.72421797701014
104.0 105.0 17.700795329620295
104.0 107.0 204.08568307489702
104.0 109.0 263.22663146072887
104.0 110.0 276.60497484253125
104.0 111.0 277.0005438809774
104.0 112.0 27.29840945461683
105.0 107.0 204.67847594678815
105.0 109.0 263.81942433034675
105.0 110.0 277.1977677356211
105.0 111.0 277.5933367668565
105.0 112.0 9.597614125449057
107.0 109.0 127.48998593744312
107.0 110.0 140.86832931074946
107.0 111.0 141.2638983582467
107.0 112.0 214.27609007221452
109.0 110.0 23.875858968026115
109.0 111.0 24.271428010270164
109.0 112.0 273.41703846792086
110.0 111.0 19.604430957365054
110.0 112.0 286.79538184298167
111.0 112.0 287.19095087884796
