2.0 3.0 2.7675642231319912
2.0 4.0 2.848541954793364
2.0 5.0 5.3501739939340425
2.0 6.0 8.053109989302694
2.0 11.0 17.438837595140214
2.0 13.0 18.037798156069023
2.0 16.0 19.1667795649317
2.0 18.0 5.737568397719441
2.0 20.0 8.853844410038826
2.0 21.0 12.000887921414474
2.0 23.0 15.755447462401094
2.0 24.0 23.745295477346282
2.0 26.0 31.022500277467568
2.0 27.0 34.60589113009145
2.0 29.0 45.1029680989625
2.0 30.0 45.4873650730282
2.0 31.0 49.528674854130045
2.0 36.0 66.87060727844917
2.0 39.0 81.31622440204929
2.0 40.0 78.67520116434387
2.0 42.0 19.877315889637217
2.0 43.0 21.515333954971464
2.0 44.0 25.444978153916683
2.0 46.0 35.16221825336682
2.0 47.0 35.754244855547874
2.0 48.0 39.60199888542553
2.0 49.0 25.685515314436206
2.0 50.0 30.13336617938866
2.0 51.0 31.631674880964752
2.0 52.0 36.537168946954814
2.0 53.0 41.93445360460564
2.0 54.0 47.11672980016856
2.0 57.0 93.77065061540952
2.0 59.0 98.94458421607291
2.0 61.0 102.84099819297616
2.0 62.0 114.75679832917876
2.0 63.0 107.95236277473151
2.0 65.0 29.342537235797103
2.0 66.0 34.54041629650917
2.0 67.0 42.28802136954001
2.0 68.0 48.14655863877676
2.0 69.0 54.65079733344601
2.0 70.0 41.95512103933381
2.0 73.0 57.74595609879193
2.0 74.0 63.21193541636658
2.0 75.0 64.35568805786238
2.0 76.0 63.06158031368099
2.0 78.0 71.1015761578964
2.0 79.0 78.96269404756387
2.0 80.0 74.22542737533867
2.0 81.0 74.02227720048143
2.0 82.0 20.828775299158565
2.0 83.0 20.20362592728585
2.0 84.0 61.225184232938545
2.0 86.0 73.93383455640881
2.0 87.0 74.7285558266325
2.0 88.0 99.16476298409302
2.0 89.0 105.0686815260247
2.0 90.0 70.30136708902221
2.0 91.0 70.85994941941308
2.0 92.0 27.333490137940927
2.0 94.0 23.24129792619307
2.0 95.0 29.488485686734144
2.0 96.0 29.029265666835965
2.0 97.0 38.123085868967806
2.0 98.0 123.53040481890133
2.0 100.0 61.22359364793732
2.0 101.0 41.63167488160048
2.0 102.0 41.39875873068833
2.0 104.0 53.17714572862118
2.0 105.0 54.030833716411244
2.0 107.0 79.61508994414297
2.0 109.0 127.32453478197712
2.0 110.0 134.97788920485266
2.0 111.0 138.11688513654443
2.0 112.0 62.93773566634745
3.0 4.0 5.616106178792112
3.0 5.0 2.5826097705173057
3.0 6.0 5.285545765848013
3.0 11.0 14.671273372040611
3.0 13.0 15.27023393261307
3.0 16.0 16.399215341524993
3.0 18.0 8.505132621229732
3.0 20.0 11.621408633544021
3.0 21.0 14.768452144711903
3.0 23.0 18.523011685819434
3.0 24.0 26.512859700934605
3.0 26.0 33.79006450093992
3.0 27.0 37.37345535352191
3.0 29.0 47.87053232234001
3.0 30.0 48.254929297335536
3.0 31.0 52.29623907751093
3.0 36.0 69.63817150202493
3.0 39.0 84.08378862542884
3.0 40.0 81.4427653877756
3.0 42.0 17.109751666637425
3.0 43.0 18.74776973173743
3.0 44.0 22.67741393010639
3.0 46.0 32.394654029893566
3.0 47.0 32.98668063146315
3.0 48.0 36.83443466253351
3.0 49.0 22.91795109106392
3.0 50.0 27.365801956102242
3.0 51.0 28.86411065759879
3.0 52.0 33.76960472389026
3.0 53.0 39.166889381494045
3.0 54.0 44.34916557738119
3.0 57.0 96.53821483878443
3.0 59.0 101.71214844049561
3.0 61.0 105.60856241804609
3.0 62.0 117.52436254238219
3.0 63.0 110.71992699375122
3.0 65.0 26.574973012247458
3.0 66.0 31.772852073637985
3.0 67.0 39.520457146370426
3.0 68.0 45.37899441541363
3.0 69.0 51.883233108277295
3.0 70.0 39.18755681638965
3.0 73.0 60.513520322114346
3.0 74.0 65.97949963956705
3.0 75.0 67.12325228116083
3.0 76.0 65.82914453701747
3.0 78.0 73.86914038127203
3.0 79.0 81.73025827096903
3.0 80.0 76.99299159873087
3.0 81.0 76.78984142351054
3.0 82.0 18.061211076203378
3.0 83.0 17.436061703566658
3.0 84.0 63.99274845593436
3.0 86.0 76.70139878021423
3.0 87.0 77.4961200500757
3.0 88.0 101.93232720715932
3.0 89.0 107.83624574778241
3.0 90.0 73.06893131258961
3.0 91.0 73.6275136426493
3.0 92.0 24.565925914323053
3.0 94.0 20.473733702678395
3.0 95.0 26.720921464077556
3.0 96.0 26.26170144358865
3.0 97.0 35.3555216455049
3.0 98.0 126.29796909571715
3.0 100.0 58.45602942439737
3.0 101.0 38.86411065724023
3.0 102.0 38.631194506974296
3.0 104.0 50.40958150479759
3.0 105.0 51.26326949267076
3.0 107.0 82.3826541673046
3.0 109.0 130.0920989983773
3.0 110.0 137.74545343162313
3.0 111.0 140.88444937852861
3.0 112.0 60.17017144299908
4.0 5.0 8.198715949202501
4.0 6.0 10.901651944471741
4.0 11.0 20.287379551228163
4.0 13.0 20.8863401114446
4.0 16.0 22.015321520414144
4.0 18.0 2.8890264425410974
4.0 20.0 6.005302454831373
4.0 21.0 9.1523459660968
4.0 23.0 12.906905507271585
4.0 24.0 20.896753521990927
4.0 26.0 28.17395832248297
4.0 27.0 31.757349174980092
4.0 29.0 42.25442614386411
4.0 30.0 42.63882311884085
4.0 31.0 46.68013289857929
4.0 36.0 64.02206532334029
4.0 39.0 78.46768244673686
4.0 40.0 75.82665920954959
4.0 42.0 22.725857844997044
4.0 43.0 24.363875910571622
4.0 44.0 28.293520109552393
4.0 46.0 38.01076020783438
4.0 47.0 38.60278680946483
4.0 48.0 42.450540841129246
4.0 49.0 28.534057269690173
4.0 50.0 32.981908134368474
4.0 51.0 34.48021683598482
4.0 52.0 39.385710902612246
4.0 53.0 44.782995560344325
4.0 54.0 49.96527175529386
4.0 57.0 90.92210866047861
4.0 59.0 96.0960422623621
4.0 61.0 99.99245623758206
4.0 62.0 111.90825634659448
4.0 63.0 105.10382081345443
4.0 65.0 32.19107919052631
4.0 66.0 37.38895825189661
4.0 67.0 45.136563324580415
4.0 68.0 50.995100593518856
4.0 69.0 57.49933928738579
4.0 70.0 44.80366299506888
4.0 73.0 54.89741414384431
4.0 74.0 60.36339346108538
4.0 75.0 61.507146102545036
4.0 76.0 60.213038358860736
4.0 78.0 68.25303420295957
4.0 79.0 76.11415209250283
4.0 80.0 71.37688542027735
4.0 81.0 71.17373524512827
4.0 82.0 23.67731725526253
4.0 83.0 23.052167882789902
4.0 84.0 58.3766422775583
4.0 86.0 71.0852926012723
4.0 87.0 71.88001387162004
4.0 88.0 96.31622102883009
4.0 89.0 102.22013957038973
4.0 90.0 67.4528251339216
4.0 91.0 68.01140746425637
4.0 92.0 30.182032092862457
4.0 94.0 26.089839881292285
4.0 95.0 32.33702764249224
4.0 96.0 31.877807622432123
4.0 97.0 40.97162782404281
4.0 98.0 120.68186289786149
4.0 100.0 64.07213560264812
4.0 101.0 44.48021683661284
4.0 102.0 44.247300685753586
4.0 104.0 56.025687684654876
4.0 105.0 56.879375672086994
4.0 107.0 76.76654798869085
4.0 109.0 124.47599282882024
4.0 110.0 132.12934725398733
4.0 111.0 135.26834318970887
4.0 112.0 65.78627762173274
5.0 6.0 2.7029359953383922
5.0 11.0 12.088663602016613
5.0 13.0 12.687624161791955
5.0 16.0 13.816605570663466
5.0 18.0 11.087742391840052
5.0 20.0 14.20401840417724
5.0 21.0 17.35106191502601
5.0 23.0 21.105621456231994
5.0 24.0 29.095469471476193
5.0 26.0 36.37267427145548
5.0 27.0 39.95606512447307
5.0 29.0 50.45314209276348
5.0 30.0 50.837539067465656
5.0 31.0 54.87884884789194
5.0 36.0 72.22078127250003
5.0 39.0 86.6663983958033
5.0 40.0 84.02537515808203
5.0 42.0 14.527141896076362
5.0 43.0 16.165159961232384
5.0 44.0 20.094804160231508
5.0 46.0 29.812044258978958
5.0 47.0 30.404070861051288
5.0 48.0 34.25182489180331
5.0 49.0 20.335341320176486
5.0 50.0 24.783192185465627
5.0 51.0 26.28150088715684
5.0 52.0 31.18699495302367
5.0 53.0 36.58427961038237
5.0 54.0 41.766555806144694
5.0 57.0 99.12082460950072
5.0 59.0 104.29475821093865
5.0 61.0 108.19117218724008
5.0 62.0 120.10697232268137
5.0 63.0 113.3025367690074
5.0 65.0 23.992363242003485
5.0 66.0 29.19024230313717
5.0 67.0 36.937847375606836
5.0 68.0 42.796384645024204
5.0 69.0 49.300623339167664
5.0 70.0 36.604947045778054
5.0 73.0 63.096130092477175
5.0 74.0 68.56210941015621
5.0 75.0 69.70586205176906
5.0 76.0 68.41175430774206
5.0 78.0 76.45175015185919
5.0 79.0 84.31286804146464
5.0 80.0 79.57560136903754
5.0 81.0 79.3724511943038
5.0 82.0 15.47860130617731
5.0 83.0 14.853451933074933
5.0 84.0 66.57535822716727
5.0 86.0 79.28400855036229
5.0 87.0 80.07872982073441
5.0 88.0 104.51493697819838
5.0 89.0 110.41885551874591
5.0 90.0 75.65154108294504
5.0 91.0 76.21012341341674
5.0 92.0 21.98331614392792
5.0 94.0 17.891123932149327
5.0 95.0 24.13831169321524
5.0 96.0 23.67909167295186
5.0 97.0 32.77291187524547
5.0 98.0 128.88057882569072
5.0 100.0 55.87341965373804
5.0 101.0 36.28150088690571
5.0 102.0 36.048584736930046
5.0 104.0 47.82697173484441
5.0 105.0 48.68065972219149
5.0 107.0 84.96526393746038
5.0 109.0 132.67470875963934
5.0 110.0 140.3280631865259
5.0 111.0 143.46705912949773
5.0 112.0 57.58756167285371
6.0 11.0 9.385727606203487
6.0 13.0 9.984688166562265
6.0 16.0 11.113669575377797
6.0 18.0 13.790678386829988
6.0 20.0 16.906954399396536
6.0 21.0 20.05399791077985
6.0 23.0 23.8085574516479
6.0 24.0 31.798405466892557
6.0 26.0 39.07561026645987
6.0 27.0 42.659001118985955
6.0 29.0 53.15607808814569
6.0 30.0 53.54047506266966
6.0 31.0 57.58178484322312
6.0 36.0 74.92371726778973
6.0 39.0 89.36933439031836
6.0 40.0 86.7283111538628
6.0 42.0 11.824205900610538
6.0 43.0 13.462223966103917
6.0 44.0 17.391868164826228
6.0 46.0 27.10910826418836
6.0 47.0 27.701134865794682
6.0 48.0 31.548888895746536
6.0 49.0 17.632405325166467
6.0 50.0 22.080256190479084
6.0 51.0 23.578564891978218
6.0 52.0 28.484058957902686
6.0 53.0 33.88134361551619
6.0 54.0 39.06361981105616
6.0 57.0 101.8237606044766
6.0 59.0 106.99769420608175
6.0 61.0 110.89410818135006
6.0 62.0 122.80990829635832
6.0 63.0 116.00547276346919
6.0 65.0 21.289427246266968
6.0 66.0 26.48730630833905
6.0 67.0 34.23491138031179
6.0 68.0 40.09344864939509
6.0 69.0 46.59768734275591
6.0 70.0 33.902011051027536
6.0 73.0 65.799066087751
6.0 74.0 71.2650454058224
6.0 75.0 72.40879804683172
6.0 76.0 71.11469030295513
6.0 78.0 79.15468614696111
6.0 79.0 87.01580403672907
6.0 80.0 82.27853736454298
6.0 81.0 82.07538718960471
6.0 82.0 12.775665310851927
6.0 83.0 12.150515937709429
6.0 84.0 69.27829422284934
6.0 86.0 81.98694454542714
6.0 87.0 82.78166581601312
6.0 88.0 107.21787297302615
6.0 89.0 113.12179151450238
6.0 90.0 78.35447707844195
6.0 91.0 78.9130594086564
6.0 92.0 19.280380148600933
6.0 94.0 15.18818793717311
6.0 95.0 21.435375697947038
6.0 96.0 20.97615567779726
6.0 97.0 30.069975879544682
6.0 98.0 131.58351482201445
6.0 100.0 53.170483657748925
6.0 101.0 33.57856489193517
6.0 102.0 33.34564874146266
6.0 104.0 45.12403573931305
6.0 105.0 45.97772372680281
6.0 107.0 87.66819993299808
6.0 109.0 135.3776447555015
6.0 110.0 143.0309991892415
6.0 111.0 146.16999512771497
6.0 112.0 54.88462567803789
11.0 13.0 10.897397446583916
11.0 16.0 12.02637885547146
11.0 18.0 23.17640599406034
11.0 20.0 26.2926820053782
11.0 21.0 29.439725517241357
11.0 23.0 33.19428505821239
11.0 24.0 41.18413307342222
11.0 26.0 48.46133787327244
11.0 27.0 52.044728725717185
11.0 29.0 62.54180569476607
11.0 30.0 62.92620266901252
11.0 31.0 66.9675124498059
11.0 36.0 84.30944487400697
11.0 39.0 98.75506199742308
11.0 40.0 96.11403876015083
11.0 42.0 16.123564348348232
11.0 43.0 17.761582413865412
11.0 44.0 21.69122661269512
11.0 46.0 31.408466711505156
11.0 47.0 32.000493313249585
11.0 48.0 35.84824734448418
11.0 49.0 21.93176377343395
11.0 50.0 26.379614638425974
11.0 51.0 27.877923339696054
11.0 52.0 32.783417405562986
11.0 53.0 38.180702063501705
11.0 54.0 43.362978258908335
11.0 57.0 111.20948821107334
11.0 59.0 116.3834218117913
11.0 61.0 120.27983578921803
11.0 62.0 132.19563590540304
11.0 63.0 125.39120037485506
11.0 65.0 25.588785694505916
11.0 66.0 30.78666475562094
11.0 67.0 38.53426982833005
11.0 68.0 44.39280709726451
11.0 69.0 50.89704579082585
11.0 70.0 38.20136949873612
11.0 73.0 75.18479369442608
11.0 74.0 80.65077301181336
11.0 75.0 81.79452565362136
11.0 76.0 80.50041790957215
11.0 78.0 88.54041375364503
11.0 79.0 96.40153164325449
11.0 80.0 91.66426497120597
11.0 81.0 91.46111479575967
11.0 82.0 13.68837459040802
11.0 83.0 13.063225217463362
11.0 84.0 78.66402182838813
11.0 86.0 91.3726721521879
11.0 87.0 92.1673934224998
11.0 88.0 116.60360057962674
11.0 89.0 122.50751912149028
11.0 90.0 87.74020468473408
11.0 91.0 88.2987870152997
11.0 92.0 20.19308942840483
11.0 94.0 16.100897216683713
11.0 95.0 22.348084978042056
11.0 96.0 21.888864957510236
11.0 97.0 30.982685159620715
11.0 98.0 140.969242453251
11.0 100.0 57.469842106830285
11.0 101.0 37.87792333951614
11.0 102.0 37.64500718956054
11.0 104.0 49.4233941876399
11.0 105.0 50.27708217451939
11.0 107.0 97.05392753961567
11.0 109.0 144.7633723673722
11.0 110.0 152.41672680643285
11.0 111.0 155.5557227439789
11.0 112.0 59.18398412518541
13.0 16.0 10.069062900834007
13.0 18.0 23.775366553702707
13.0 20.0 26.891642566342142
13.0 21.0 30.038686077225613
13.0 23.0 33.79324561818796
13.0 24.0 41.783093633481826
13.0 26.0 49.06029843350245
13.0 27.0 52.64368928632166
13.0 29.0 63.14076625501764
13.0 30.0 63.52516323003249
13.0 31.0 67.56647301003736
13.0 36.0 84.90840543439535
13.0 39.0 99.3540225577682
13.0 40.0 96.71299931973451
13.0 42.0 16.72252490845677
13.0 43.0 18.36054297413725
13.0 44.0 22.290187172948833
13.0 46.0 32.0074272721441
13.0 47.0 32.59945387368552
13.0 48.0 36.447207904225536
13.0 49.0 22.530724333503727
13.0 50.0 26.978575198495868
13.0 51.0 28.476883900195574
13.0 52.0 33.3823779657182
13.0 53.0 38.779662623850584
13.0 54.0 43.9619388194067
13.0 57.0 111.80844877119694
13.0 59.0 116.98238237114387
13.0 61.0 120.87879634902848
13.0 62.0 132.79459646540707
13.0 63.0 125.99016093241632
13.0 65.0 26.187746254692414
13.0 66.0 31.38562531645486
13.0 67.0 39.13323038839465
13.0 68.0 44.99176765718059
13.0 69.0 51.49600635033982
13.0 70.0 38.800330058899306
13.0 73.0 75.78375425457929
13.0 74.0 81.24973357197963
13.0 75.0 82.39348621354307
13.0 76.0 81.09937846979376
13.0 78.0 89.13937431358093
13.0 79.0 97.00049220358909
13.0 80.0 92.26322553101846
13.0 81.0 92.0600753562872
13.0 82.0 11.731058635782706
13.0 83.0 11.10590926292804
13.0 84.0 79.26298238899172
13.0 86.0 91.97163271261408
13.0 87.0 92.76635398239955
13.0 88.0 117.20256113950646
13.0 89.0 123.10647968093923
13.0 90.0 88.33916524491215
13.0 91.0 88.89774757531214
13.0 92.0 18.23577347380021
13.0 94.0 14.143581262037705
13.0 95.0 20.390769023198796
13.0 96.0 19.931549003023875
13.0 97.0 29.025369204844985
13.0 98.0 141.5682029715438
13.0 100.0 58.068802666748304
13.0 101.0 38.47688389915865
13.0 102.0 38.24396775009275
13.0 104.0 50.02235474741401
13.0 105.0 50.876042734972515
13.0 107.0 97.6528880999629
13.0 109.0 145.36233295397088
13.0 110.0 153.01568733245173
13.0 111.0 156.15468329985282
13.0 112.0 59.782944684984564
16.0 18.0 24.90434796284496
16.0 20.0 28.020623975091915
16.0 21.0 31.16766748662186
16.0 23.0 34.922227027490415
16.0 24.0 42.912075042034715
16.0 26.0 50.189279842150654
16.0 27.0 53.772670695116005
16.0 29.0 64.26974766368659
16.0 30.0 64.65414463830422
16.0 31.0 68.69545441908492
16.0 36.0 86.03738684352129
16.0 39.0 100.4830039663033
16.0 40.0 97.84198072947494
16.0 42.0 17.851506317692568
16.0 43.0 19.489524382884063
16.0 44.0 23.419168581678637
16.0 46.0 33.136408680348225
16.0 47.0 33.72843528348955
16.0 48.0 37.57618931377719
16.0 49.0 23.659705742177678
16.0 50.0 28.10755660718427
16.0 51.0 29.60586530898307
16.0 52.0 34.5113593747204
16.0 53.0 39.90864403222741
16.0 54.0 45.09092022815443
16.0 57.0 112.9374301798556
16.0 59.0 118.11136378155734
16.0 61.0 122.00777776028426
16.0 62.0 133.92357788929178
16.0 63.0 127.11914234200725
16.0 65.0 27.31672766354723
16.0 66.0 32.51460672500058
16.0 67.0 40.262211797408256
16.0 68.0 46.12074906602188
16.0 69.0 52.62498775988648
16.0 70.0 39.92931146852799
16.0 73.0 76.91273566390075
16.0 74.0 82.37871498167318
16.0 75.0 83.52246762294448
16.0 76.0 82.22835987877326
16.0 78.0 90.26835572260666
16.0 79.0 98.12947361252526
16.0 80.0 93.39220694060324
16.0 81.0 93.18905676492952
16.0 82.0 10.080111986028609
16.0 83.0 9.454962613151215
16.0 84.0 80.39196379763294
16.0 86.0 93.10061412124269
16.0 87.0 93.89533539125809
16.0 88.0 118.33154254852786
16.0 89.0 124.23546108897555
16.0 90.0 89.46814665395507
16.0 91.0 90.0267289843498
16.0 92.0 16.584826823951126
16.0 94.0 10.492634612293731
16.0 95.0 16.739822373369922
16.0 96.0 16.28060235335313
16.0 97.0 25.374422555045022
16.0 98.0 142.69718440609145
16.0 100.0 59.197784075576514
16.0 101.0 39.605865309113476
16.0 102.0 39.37294915876459
16.0 104.0 51.151336156320326
16.0 105.0 52.00502414475958
16.0 107.0 98.78186950881005
16.0 109.0 146.49131435511345
16.0 110.0 154.144668745302
16.0 111.0 157.28366469843226
16.0 112.0 60.91192609454876
18.0 20.0 3.1162760123284157
18.0 21.0 6.263319523819183
18.0 23.0 10.017879064739653
18.0 24.0 18.007727079680784
18.0 26.0 25.284931879921892
18.0 27.0 28.86832273222527
18.0 29.0 39.36539970131204
18.0 30.0 39.749796676443125
18.0 31.0 43.79110645620622
18.0 36.0 61.133038880851736
18.0 39.0 75.57865600359327
18.0 40.0 72.93763276757721
18.0 42.0 25.614884287606003
18.0 43.0 27.25290235270611
18.0 44.0 31.182546551522684
18.0 46.0 40.89978665019527
18.0 47.0 41.49181325221612
18.0 48.0 45.33956728368534
18.0 49.0 31.423083712274497
18.0 50.0 35.87093457744056
18.0 51.0 37.36924327870537
18.0 52.0 42.274737345264306
18.0 53.0 47.67202200265352
18.0 54.0 52.85429819795521
18.0 57.0 88.03308221735008
18.0 59.0 93.20701581960077
18.0 61.0 97.10342979530998
18.0 62.0 109.01922991331517
18.0 63.0 102.21479438263486
18.0 65.0 35.08010563306913
18.0 66.0 40.277984694476345
18.0 67.0 48.025589767041396
18.0 68.0 53.884127035606824
18.0 69.0 60.388365729668486
18.0 70.0 47.69268943661501
18.0 73.0 52.00838770116192
18.0 74.0 57.47436701859114
18.0 75.0 58.618119660238264
18.0 76.0 57.324011916119986
18.0 78.0 65.3640077601525
18.0 79.0 73.22512564986786
18.0 80.0 68.48785897772753
18.0 81.0 68.28470880261624
18.0 82.0 26.56634369784686
18.0 83.0 25.941194324615303
18.0 84.0 55.48761583572578
18.0 86.0 68.19626615874688
18.0 87.0 68.99098742895518
18.0 88.0 93.42719458666065
18.0 89.0 99.33111312768554
18.0 90.0 64.56379869157428
18.0 91.0 65.12238102180098
18.0 92.0 33.07105853562753
18.0 94.0 28.97886632441423
18.0 95.0 35.2260540850083
18.0 96.0 34.76683406448663
18.0 97.0 43.8606542662083
18.0 98.0 117.79283644658969
18.0 100.0 66.96116204554706
18.0 101.0 47.36924327878472
18.0 102.0 47.136327128357294
18.0 104.0 58.91471412663252
18.0 105.0 59.76840211433789
18.0 107.0 73.87752154654537
18.0 109.0 121.58696640531292
18.0 110.0 129.240320808964
18.0 111.0 132.3793167540046
18.0 112.0 68.67530406433798
20.0 21.0 3.1470435113642123
20.0 23.0 6.9016030522280305
20.0 24.0 14.891451067496511
20.0 26.0 22.16865586731347
20.0 27.0 25.75204672012582
20.0 29.0 36.24912368869033
20.0 30.0 36.6335206636105
20.0 31.0 40.67483044346274
20.0 36.0 58.01676286867243
20.0 39.0 72.46237999150738
20.0 40.0 69.82135675486852
20.0 42.0 28.73116029942831
20.0 43.0 30.36917836472873
20.0 44.0 34.29882256383927
20.0 46.0 44.01606266244714
20.0 47.0 44.60808926458954
20.0 48.0 48.45584329479438
20.0 49.0 34.53935972466584
20.0 50.0 38.98721059033861
20.0 51.0 40.485519290892356
20.0 52.0 45.3910133571963
20.0 53.0 50.788298015066
20.0 54.0 55.970574210533876
20.0 57.0 84.91680620547825
20.0 59.0 90.09073980767182
20.0 61.0 93.98715378483368
20.0 62.0 105.90295392304145
20.0 63.0 99.09851838318905
20.0 65.0 38.19638164575638
20.0 66.0 43.39426070602465
20.0 67.0 51.141865778963776
20.0 68.0 57.00040304769811
20.0 69.0 63.50464174295594
20.0 70.0 50.80896544988591
20.0 73.0 48.89211168878689
20.0 74.0 54.35809100619845
20.0 75.0 55.50184364783951
20.0 76.0 54.20773590375918
20.0 78.0 62.24773174801753
20.0 79.0 70.10884963768194
20.0 80.0 65.3715829656071
20.0 81.0 65.16843279089628
20.0 82.0 29.682619710015047
20.0 83.0 29.057470337752783
20.0 84.0 52.3713398234614
20.0 86.0 65.07999014655593
20.0 87.0 65.87471141634572
20.0 88.0 90.31091857420134
20.0 89.0 96.21483711631618
20.0 90.0 61.447522679276645
20.0 91.0 62.00610500936097
20.0 92.0 36.18733454845828
20.0 94.0 32.09514233621866
20.0 95.0 38.34233009714623
20.0 96.0 37.88311007696514
20.0 97.0 46.976930278899374
20.0 98.0 114.67656041687943
20.0 100.0 70.07743805766773
20.0 101.0 50.48551929159367
20.0 102.0 50.25260314102898
20.0 104.0 62.03099013876524
20.0 105.0 62.88467812704292
20.0 107.0 70.76124553408911
20.0 109.0 118.470690370732
20.0 110.0 126.12404480309937
20.0 111.0 129.26304074439037
20.0 112.0 71.79158007711692
21.0 23.0 3.7545595410205186
21.0 24.0 11.744407555917864
21.0 26.0 19.021612356192556
21.0 27.0 22.605003208943227
21.0 29.0 33.10208017756162
21.0 30.0 33.48647715242883
21.0 31.0 37.5277869325695
21.0 36.0 54.86971935743717
21.0 39.0 69.31533648096492
21.0 40.0 66.67431324299166
21.0 42.0 31.878203810939176
21.0 43.0 33.51622187616543
21.0 44.0 37.44586607457819
21.0 46.0 47.16310617387438
21.0 47.0 47.75513277635632
21.0 48.0 51.60288680668589
21.0 49.0 37.68640323632382
21.0 50.0 42.134254101286714
21.0 51.0 43.63256280284007
21.0 52.0 48.53805686802407
21.0 53.0 53.93534152606727
21.0 54.0 59.11761772187709
21.0 57.0 81.76976269435988
21.0 59.0 86.94369629516959
21.0 61.0 90.84011027297005
21.0 62.0 102.75591040099765
21.0 63.0 95.95147484404316
21.0 65.0 41.34342515720772
21.0 66.0 46.54130421771502
21.0 67.0 54.28890928980264
21.0 68.0 60.14744655968187
21.0 69.0 66.65168525353012
21.0 70.0 53.95600896079779
21.0 73.0 45.74506817746058
21.0 74.0 51.21104749508254
21.0 75.0 52.35480013628947
21.0 76.0 51.06069239260678
21.0 78.0 59.1006882367263
21.0 79.0 66.96180612630536
21.0 80.0 62.22453945417607
21.0 81.0 62.02138927941653
21.0 82.0 32.82966322036082
21.0 83.0 32.204513848177015
21.0 84.0 49.224296311648786
21.0 86.0 61.932946635178695
21.0 87.0 62.727667905126296
21.0 88.0 87.16387506323117
21.0 89.0 93.06779360441291
21.0 90.0 58.30047916801108
21.0 91.0 58.859061498141735
21.0 92.0 39.33437805986909
21.0 94.0 35.242185847703055
21.0 95.0 41.48937360851347
21.0 96.0 41.03015358994602
21.0 97.0 50.12397379027766
21.0 98.0 111.52951691633571
21.0 100.0 73.22448156929266
21.0 101.0 53.63256280110199
21.0 102.0 53.39964665212983
21.0 104.0 65.17803364977158
21.0 105.0 66.03172163762454
21.0 107.0 67.61420202273342
21.0 109.0 115.32364687216804
21.0 110.0 122.97700128649205
21.0 111.0 126.11599722087492
21.0 112.0 74.93862358773467
23.0 24.0 7.9898480150249735
23.0 26.0 15.267052815098548
23.0 27.0 18.850443667794362
23.0 29.0 29.347520636870264
23.0 30.0 29.73191761155408
23.0 31.0 33.77322739175336
23.0 36.0 51.115159816393174
23.0 39.0 65.560776938598
23.0 40.0 62.9197537026771
23.0 42.0 35.632763352358204
23.0 43.0 37.270781417497574
23.0 44.0 41.20042561656884
23.0 46.0 50.91766571524157
23.0 47.0 51.50969231723963
23.0 48.0 55.35744634826429
23.0 49.0 41.44096277673939
23.0 50.0 45.88881364182038
23.0 51.0 47.38712234348044
23.0 52.0 52.29261640977306
23.0 53.0 57.6899010671076
23.0 54.0 62.87217726293979
23.0 57.0 78.0152031529206
23.0 59.0 83.18913675403844
23.0 61.0 87.08555072964285
23.0 62.0 99.00135086757896
23.0 63.0 92.19691531732113
23.0 65.0 45.09798469818716
23.0 66.0 50.29586375954371
23.0 67.0 58.04346883198886
23.0 68.0 63.902006100841206
23.0 69.0 70.40624479464292
23.0 70.0 57.71056850211616
23.0 73.0 41.99050863605713
23.0 74.0 47.456487953810715
23.0 75.0 48.60024059545559
23.0 76.0 47.30613285152539
23.0 78.0 55.34612869573344
23.0 79.0 63.20724658532018
23.0 80.0 58.469979913318404
23.0 81.0 58.26682973822577
23.0 82.0 36.58422276187211
23.0 83.0 35.95907338934879
23.0 84.0 45.469736770940095
23.0 86.0 58.178387094114676
23.0 87.0 58.973108364276044
23.0 88.0 83.4093155222063
23.0 89.0 89.31323406334118
23.0 90.0 54.54591962718378
23.0 91.0 55.10450195731221
23.0 92.0 43.08893759989045
23.0 94.0 38.99674538865543
23.0 95.0 45.24393314964384
23.0 96.0 44.78471312927069
23.0 97.0 53.878533331421735
23.0 98.0 107.77495740242769
23.0 100.0 76.97904111017431
23.0 101.0 57.387122343096465
23.0 102.0 57.15420619316693
23.0 104.0 68.93259319081045
23.0 105.0 69.7862811783725
23.0 107.0 63.85964248183774
23.0 109.0 111.56908733385586
23.0 110.0 119.22244175796007
23.0 111.0 122.361437702954
23.0 112.0 78.69318312878936
24.0 26.0 7.277204799972237
24.0 27.0 10.860595652548215
24.0 29.0 21.3576726214304
24.0 30.0 21.742069596142933
24.0 31.0 25.783379376945373
24.0 36.0 43.125311802367406
24.0 39.0 57.57092892476393
24.0 40.0 54.92990568866916
24.0 42.0 43.6226113672556
24.0 43.0 45.26062943262555
24.0 44.0 49.19027363145954
24.0 46.0 58.907513729884315
24.0 47.0 59.4995403327307
24.0 48.0 63.34729436331317
24.0 49.0 49.4308107921231
24.0 50.0 53.87866165727508
24.0 51.0 55.376970358359166
24.0 52.0 60.2824644242422
24.0 53.0 65.67974908181004
24.0 54.0 70.86202527815962
24.0 57.0 70.02535513879107
24.0 59.0 75.19928873733792
24.0 61.0 79.09570271912258
24.0 62.0 91.01150284684894
24.0 63.0 84.20706729695519
24.0 65.0 53.08783271336211
24.0 66.0 58.28571177457673
24.0 67.0 66.03331684696265
24.0 68.0 71.89185411573328
24.0 69.0 78.39609280985073
24.0 70.0 65.70041651769759
24.0 73.0 34.00066062126936
24.0 74.0 39.4666399387967
24.0 75.0 40.610392580338086
24.0 76.0 39.316284836605625
24.0 78.0 47.356280680477816
24.0 79.0 55.217398570387196
24.0 80.0 50.480131898339664
24.0 81.0 50.27698172332554
24.0 82.0 44.57407077709243
24.0 83.0 43.948921404346144
24.0 84.0 37.4798887557291
24.0 86.0 50.18853907914091
24.0 87.0 50.98326034921406
24.0 88.0 75.41946750689792
24.0 89.0 81.32338604834888
24.0 90.0 46.55607161239027
24.0 91.0 47.1146539420716
24.0 92.0 51.078785615580216
24.0 94.0 46.986593403571035
24.0 95.0 53.233781164644405
24.0 96.0 52.774561144741625
24.0 97.0 61.86838134621796
24.0 98.0 99.78510937966202
24.0 100.0 84.96888912560453
24.0 101.0 65.37697035846264
24.0 102.0 65.1440542082959
24.0 104.0 76.92244120591542
24.0 105.0 77.77612919402863
24.0 107.0 55.86979446688646
24.0 109.0 103.5792393144979
24.0 110.0 111.23259372314051
24.0 111.0 114.37158968705694
24.0 112.0 86.6830311438408
26.0 27.0 3.5833908527852296
26.0 29.0 14.080467821909632
26.0 30.0 14.4648647962055
26.0 31.0 18.506174577252214
26.0 36.0 35.8481070016184
26.0 39.0 50.2937241255171
26.0 40.0 47.65270088704281
26.0 42.0 50.89981616700573
26.0 43.0 52.53783423249973
26.0 44.0 56.46747843162848
26.0 46.0 66.1847185297458
26.0 47.0 66.7767451318611
26.0 48.0 70.62449916256539
26.0 49.0 56.7080155919013
26.0 50.0 61.155866456737314
26.0 51.0 62.65417515825798
26.0 52.0 67.55966922418993
26.0 53.0 72.95695388164103
26.0 54.0 78.13923007780335
26.0 57.0 62.74815033830083
26.0 59.0 67.92208393945131
26.0 61.0 71.8184979170579
26.0 62.0 83.73429803942723
26.0 63.0 76.92986250034832
26.0 65.0 60.365037513159166
26.0 66.0 65.56291657494577
26.0 67.0 73.31052164670108
26.0 68.0 79.1690589161429
26.0 69.0 85.67329761015844
26.0 70.0 72.97762131774311
26.0 73.0 26.72345582142099
26.0 74.0 32.18943513875015
26.0 75.0 33.33318778057901
26.0 76.0 32.03908003674111
26.0 78.0 40.07907588111144
26.0 79.0 47.940193770196196
26.0 80.0 43.20292709851752
26.0 81.0 42.99977692349073
26.0 82.0 51.851275576942875
26.0 83.0 51.22612620466725
26.0 84.0 30.202683955867798
26.0 86.0 42.91133427894374
26.0 87.0 43.706055549176355
26.0 88.0 68.14226270735097
26.0 89.0 74.04618124755977
26.0 90.0 39.27886681251118
26.0 91.0 39.837449142681905
26.0 92.0 58.355990414305616
26.0 94.0 54.2637982035047
26.0 95.0 60.51098596455162
26.0 96.0 60.051765944075456
26.0 97.0 69.1455861462158
26.0 98.0 92.50790458313256
26.0 100.0 92.24609392498054
26.0 101.0 72.65417515784357
26.0 102.0 72.4212590077754
26.0 104.0 84.19964600571214
26.0 105.0 85.05333399351568
26.0 107.0 48.5925896669726
26.0 109.0 96.30203451410395
26.0 110.0 103.95538893030044
26.0 111.0 107.0943848808785
26.0 112.0 93.96023594371688
27.0 29.0 10.497076969214817
27.0 30.0 10.88147394351302
27.0 31.0 14.922783724458395
27.0 36.0 32.2647161490054
27.0 39.0 46.71033327303927
27.0 40.0 44.0693100343841
27.0 42.0 54.48320701986168
27.0 43.0 56.12122508499051
27.0 44.0 60.0508692839761
27.0 46.0 69.76810938301662
27.0 47.0 70.360135985074
27.0 48.0 74.20789001561968
27.0 49.0 60.29140644499688
27.0 50.0 64.7392573095077
27.0 51.0 66.2375660109571
27.0 52.0 71.14306007754118
27.0 53.0 76.54034473489925
27.0 54.0 81.72262093099279
27.0 57.0 59.16475948628889
27.0 59.0 64.33869308487759
27.0 61.0 68.23510706071635
27.0 62.0 80.15090719049117
27.0 63.0 73.34647165792369
27.0 65.0 63.948428365688386
27.0 66.0 69.1463074274308
27.0 67.0 76.8939124997922
27.0 68.0 82.75244976856021
27.0 69.0 89.25668846222132
27.0 70.0 76.5610121699888
27.0 73.0 23.140064968858887
27.0 74.0 28.606044286116564
27.0 75.0 29.749796927956226
27.0 76.0 28.45568918440421
27.0 78.0 36.49568502844771
27.0 79.0 44.35680291793402
27.0 80.0 39.619536245580115
27.0 81.0 39.41638607034189
27.0 82.0 55.43466642971859
27.0 83.0 54.809517056528264
27.0 84.0 26.619293102997162
27.0 86.0 39.32794342622314
27.0 87.0 40.12266469628372
27.0 88.0 64.55887185472224
27.0 89.0 70.4627903955897
27.0 90.0 35.69547595938419
27.0 91.0 36.25405829041235
27.0 92.0 61.93938126801087
27.0 94.0 57.84718905677069
27.0 95.0 64.09437681729777
27.0 96.0 63.63515679704295
27.0 97.0 72.72897699919194
27.0 98.0 88.92451373154731
27.0 100.0 95.82948477817877
27.0 101.0 76.23756601040895
27.0 102.0 76.00464986116253
27.0 104.0 87.78303685812773
27.0 105.0 88.63672484594578
27.0 107.0 45.009198814186846
27.0 109.0 92.71864365957819
27.0 110.0 100.37199808637916
27.0 111.0 103.51099403537245
27.0 112.0 97.5436267958759
29.0 30.0 7.953366846096976
29.0 31.0 4.425706755414457
29.0 36.0 21.767639179765716
29.0 39.0 36.213256303521106
29.0 40.0 33.57223306737717
29.0 42.0 64.98028398875195
29.0 43.0 66.61830205395076
29.0 44.0 70.54794625306923
29.0 46.0 80.26518635171892
29.0 47.0 80.85721295386537
29.0 48.0 84.70496698462003
29.0 49.0 70.78848341321935
29.0 50.0 75.23633427849222
29.0 51.0 76.73464297980767
29.0 52.0 81.64013704598996
29.0 53.0 87.03742170361527
29.0 54.0 92.21969789947451
29.0 57.0 48.667682518535784
29.0 59.0 53.84161611301235
29.0 61.0 57.73803008745817
29.0 62.0 69.65383022891398
29.0 63.0 62.84939468212418
29.0 65.0 74.44550533461678
29.0 66.0 79.64338439593266
29.0 67.0 87.3909894684323
29.0 68.0 93.24952673714809
29.0 69.0 99.75376543108614
29.0 70.0 87.05808913881074
29.0 73.0 20.21195787146874
29.0 74.0 25.677937188993774
29.0 75.0 26.821689830641528
29.0 76.0 17.958612215057734
29.0 78.0 25.99860805910131
29.0 79.0 33.85972594874102
29.0 80.0 29.122459276659406
29.0 81.0 28.91930910164833
29.0 82.0 65.9317433988467
29.0 83.0 65.30659402606945
29.0 84.0 23.69118600583699
29.0 86.0 36.399836329295134
29.0 87.0 37.19455759943693
29.0 88.0 54.06179488334328
29.0 89.0 59.96571342523376
29.0 90.0 25.19839899044202
29.0 91.0 25.756981320693313
29.0 92.0 72.43645823662968
29.0 94.0 68.34426602510307
29.0 95.0 74.59145378613037
29.0 96.0 74.13223376600946
29.0 97.0 83.2260539678469
29.0 98.0 78.42743672701425
29.0 100.0 106.3265617465882
29.0 101.0 86.73464297983645
29.0 102.0 86.5017268295377
29.0 104.0 98.28011382726469
29.0 105.0 99.13380181523115
29.0 107.0 34.51212184537219
29.0 109.0 82.22156667863572
29.0 110.0 89.87492110809312
29.0 111.0 93.01391707595224
29.0 112.0 108.04070376522787
30.0 31.0 12.379073601315405
30.0 36.0 29.72100602577776
30.0 39.0 44.16662314842826
30.0 40.0 41.525599912115425
30.0 42.0 65.36468096329332
30.0 43.0 67.00269902957571
30.0 44.0 70.93234322867157
30.0 46.0 80.64958332757493
30.0 47.0 81.24160992905709
30.0 48.0 85.08936395983459
30.0 49.0 71.17288038900313
30.0 50.0 75.62073125310268
30.0 51.0 77.1190399544992
30.0 52.0 82.02453402088659
30.0 53.0 87.42181867781315
30.0 54.0 92.60409487389549
30.0 57.0 56.62104936215857
30.0 59.0 61.7949829642324
30.0 61.0 65.69139694305579
30.0 62.0 77.6071970811378
30.0 63.0 70.80276152566219
30.0 65.0 74.82990230920495
30.0 66.0 80.02778137093938
30.0 67.0 87.77538644245422
30.0 68.0 93.63392371193032
30.0 69.0 100.1381624072616
30.0 70.0 87.44248611395489
30.0 73.0 12.25859102536759
30.0 74.0 17.7245703430391
30.0 75.0 18.868322984476894
30.0 76.0 25.911979061164693
30.0 78.0 33.95197490497033
30.0 79.0 41.81309279504799
30.0 80.0 37.07582612281644
30.0 81.0 36.872675948130606
30.0 82.0 66.31614037412719
30.0 83.0 65.69099100100472
30.0 84.0 15.737819159775444
30.0 86.0 28.446469483072462
30.0 87.0 29.241190753115653
30.0 88.0 62.01516173137111
30.0 89.0 67.91908027215102
30.0 90.0 33.15176583651805
30.0 91.0 33.71034816682658
30.0 92.0 72.82085521094497
30.0 94.0 68.72866300034448
30.0 95.0 74.97585076042583
30.0 96.0 74.51663074047931
30.0 97.0 83.61045094217121
30.0 98.0 86.38080360633188
30.0 100.0 106.71095872094197
30.0 101.0 87.11903995427477
30.0 102.0 86.88612380368426
30.0 104.0 98.66451080218425
30.0 105.0 99.51819879025537
30.0 107.0 42.46548869134574
30.0 109.0 90.1749335392355
30.0 110.0 97.82828796339204
30.0 111.0 100.96728390854139
30.0 112.0 108.4251007404535
31.0 36.0 17.341932424453233
31.0 39.0 31.787549549172393
31.0 40.0 29.146526309070165
31.0 42.0 69.40599074383334
31.0 43.0 71.0440088090541
31.0 44.0 74.9736530081592
31.0 46.0 84.69089310695631
31.0 47.0 85.28291970868997
31.0 48.0 89.13067373981843
31.0 49.0 75.21419016841409
31.0 50.0 79.66204103366482
31.0 51.0 81.16034973489728
31.0 52.0 86.06584380108944
31.0 53.0 91.46312845872046
31.0 54.0 96.64540465441615
31.0 57.0 44.24197576183185
31.0 59.0 49.41590936025344
31.0 61.0 53.31232334638355
31.0 62.0 65.22812347541009
31.0 63.0 58.423687931239634
31.0 65.0 78.87121208975736
31.0 66.0 84.06909115114428
31.0 67.0 91.81669622355354
31.0 68.0 97.67523349243598
31.0 69.0 104.17947218626367
31.0 70.0 91.48379589424496
31.0 73.0 24.637664627170153
31.0 74.0 30.103643944562393
31.0 75.0 31.24739658583892
31.0 76.0 13.53290545990209
31.0 78.0 21.572901303909983
31.0 79.0 29.43401919341016
31.0 80.0 24.696752521549307
31.0 81.0 24.4936023464836
31.0 82.0 70.35745015391703
31.0 83.0 69.7323007809984
31.0 84.0 28.116892761317935
31.0 86.0 40.82554308517532
31.0 87.0 41.620264354741636
31.0 88.0 49.636088128392394
31.0 89.0 55.540006671378386
31.0 90.0 20.772692235217654
31.0 91.0 21.33127456555421
31.0 92.0 76.8621649918042
31.0 94.0 72.769972780051
31.0 95.0 79.01716054125812
31.0 96.0 78.55794052115019
31.0 97.0 87.6517607231691
31.0 98.0 74.00173002764382
31.0 100.0 110.75226850169938
31.0 101.0 91.1603497348951
31.0 102.0 90.92743358480544
31.0 104.0 102.70582058253768
31.0 105.0 103.55950857044857
31.0 107.0 30.086415090197896
31.0 109.0 77.79585993229651
31.0 110.0 85.44921435434142
31.0 111.0 88.58821030879554
31.0 112.0 112.46641052037972
36.0 39.0 14.4456171238586
36.0 40.0 11.80459388556171
36.0 42.0 86.74792316841413
36.0 43.0 88.38594123346667
36.0 44.0 92.31558543252636
36.0 46.0 102.03282553163204
36.0 47.0 102.62485213315853
36.0 48.0 106.47260616430394
36.0 49.0 92.55612259299838
36.0 50.0 97.00397345816715
36.0 51.0 98.50228215951344
36.0 52.0 103.40777622543678
36.0 53.0 108.80506088302782
36.0 54.0 113.98733707906737
36.0 57.0 26.90004333781583
36.0 59.0 32.07397693686812
36.0 61.0 35.970390916125545
36.0 62.0 47.886191035638355
36.0 63.0 41.081755485979066
36.0 65.0 96.21314451428746
36.0 66.0 101.4110235753837
36.0 67.0 109.1586286483197
36.0 68.0 115.017165916737
36.0 69.0 121.52140461096303
36.0 70.0 108.82572831825624
36.0 73.0 41.979597050656395
36.0 74.0 47.445576368090066
36.0 75.0 48.58932900955851
36.0 76.0 22.248748578802616
36.0 78.0 30.28874442310552
36.0 79.0 38.1498623127279
36.0 80.0 33.41259564001828
36.0 81.0 33.20944546512791
36.0 82.0 87.69938257801336
36.0 83.0 87.0742332056202
36.0 84.0 45.458825185558766
36.0 86.0 58.167475508954325
36.0 87.0 58.96219677892581
36.0 88.0 32.29415570569274
36.0 89.0 38.19807424630376
36.0 90.0 17.54879220624443
36.0 91.0 18.10737453597005
36.0 92.0 94.20409741619086
36.0 94.0 90.11190520431613
36.0 95.0 96.35909296562787
36.0 96.0 95.89987294528622
36.0 97.0 104.99369314729745
36.0 98.0 56.659797586768455
36.0 100.0 128.0942009262747
36.0 101.0 108.50228215968852
36.0 102.0 108.26936600933797
36.0 104.0 120.04775300710065
36.0 105.0 120.90144099476112
36.0 107.0 38.80225820973487
36.0 109.0 60.453927500266644
36.0 110.0 68.10728198153372
36.0 111.0 71.24627792377669
36.0 112.0 129.80834294504368
39.0 40.0 9.470966860561067
39.0 42.0 101.1935402914269
39.0 43.0 102.8315583562103
39.0 44.0 106.76120255550902
39.0 46.0 116.47844265500275
39.0 47.0 117.07046925622095
39.0 48.0 120.9182232869395
39.0 49.0 107.00173971585622
39.0 50.0 111.44959058117522
39.0 51.0 112.94789928287659
39.0 52.0 117.85339334820378
39.0 53.0 123.25067800648668
39.0 54.0 128.4329542022932
39.0 57.0 24.56641631116055
39.0 59.0 29.740349913161594
39.0 61.0 33.63676389197663
39.0 62.0 45.55256403355514
39.0 63.0 38.74812847941578
39.0 65.0 110.65876163723243
39.0 66.0 115.85664069839774
39.0 67.0 123.60424577144678
39.0 68.0 129.46278304024898
39.0 69.0 135.96702173420516
39.0 70.0 123.27134544168831
39.0 73.0 56.425214172950874
39.0 74.0 61.891193491966575
39.0 75.0 63.034946133132316
39.0 76.0 36.694365700164106
39.0 78.0 44.73436154560686
39.0 79.0 52.595479433169615
39.0 80.0 47.8582127639656
39.0 81.0 47.65506259010926
39.0 82.0 102.14499970115037
39.0 83.0 101.51985032834597
39.0 84.0 59.90444230881923
39.0 86.0 72.61309263192888
39.0 87.0 73.40781390229438
39.0 88.0 29.960528681139085
39.0 89.0 35.8644472213723
39.0 90.0 31.994409330430432
39.0 91.0 32.55299166072418
39.0 92.0 108.64971453808477
39.0 94.0 104.55752232682379
39.0 95.0 110.8047100884346
39.0 96.0 110.34549006834698
39.0 97.0 119.43931027034003
39.0 98.0 54.326170550012165
39.0 100.0 142.53981804973947
39.0 101.0 122.9478992826963
39.0 102.0 122.71498313210901
39.0 104.0 134.49337013042168
39.0 105.0 135.34705811825373
39.0 107.0 53.247875333396195
39.0 109.0 58.12030050653138
39.0 110.0 65.77365490820812
39.0 111.0 68.912650872473
39.0 112.0 144.2539600684798
40.0 42.0 98.5525170537709
40.0 43.0 100.19053511901402
40.0 44.0 104.12017931790444
40.0 46.0 113.83741941712091
40.0 47.0 114.42944601871241
40.0 48.0 118.27720004968202
40.0 49.0 104.36071647841601
40.0 50.0 108.80856734432493
40.0 51.0 110.30687604518178
40.0 52.0 115.21237011222041
40.0 53.0 120.60965476909925
40.0 54.0 125.79193096470247
40.0 57.0 15.095449451296648
40.0 59.0 20.269383053265553
40.0 61.0 24.16579703130312
40.0 62.0 36.081597169834666
40.0 63.0 29.27716161574538
40.0 65.0 108.0177384004831
40.0 66.0 113.21561746187568
40.0 67.0 120.96322253375106
40.0 68.0 126.82175980276006
40.0 69.0 133.3259984964913
40.0 70.0 120.63032220471086
40.0 73.0 53.784190935632225
40.0 74.0 59.25017025400024
40.0 75.0 60.3939228950114
40.0 76.0 34.05334246307721
40.0 78.0 42.093338308042895
40.0 79.0 49.954456199660655
40.0 80.0 45.2171895278652
40.0 81.0 45.014039349960285
40.0 82.0 99.50397646411716
40.0 83.0 98.87882709120686
40.0 84.0 57.26341907165214
40.0 86.0 69.97206939466048
40.0 87.0 70.7667906645568
40.0 88.0 20.489561819753412
40.0 89.0 26.393480360613175
40.0 90.0 29.353386092788725
40.0 91.0 29.911968423720577
40.0 92.0 106.00869130177
40.0 94.0 101.91649909065383
40.0 95.0 108.16368685204691
40.0 96.0 107.7044668316652
40.0 97.0 116.79828703375321
40.0 98.0 44.85520369822118
40.0 100.0 139.89879481153088
40.0 101.0 120.3068760453541
40.0 102.0 120.07395989497735
40.0 104.0 131.85234689335914
40.0 105.0 132.70603488109114
40.0 107.0 50.60685209549089
40.0 109.0 48.649333635010656
40.0 110.0 56.30268806657836
40.0 111.0 59.441683981426614
40.0 112.0 141.61293683103918
42.0 43.0 12.548457885770432
42.0 44.0 16.47810208488564
42.0 46.0 26.195342182934063
42.0 47.0 26.78736878562379
42.0 48.0 30.635122816331446
42.0 49.0 5.808199424650367
42.0 50.0 10.256050289587106
42.0 51.0 11.754358990813685
42.0 52.0 16.65985305749856
42.0 53.0 22.05713771474452
42.0 54.0 27.239413910749636
42.0 57.0 113.64796650410386
42.0 59.0 118.82190010694592
42.0 61.0 122.71831408348918
42.0 62.0 134.6341142243844
42.0 63.0 127.82967866899004
42.0 65.0 20.375661166489976
42.0 66.0 25.573540226914034
42.0 67.0 33.32114530049376
42.0 68.0 39.17968256925641
42.0 69.0 45.68392126236175
42.0 70.0 32.98824497072468
42.0 73.0 77.62327198816696
42.0 74.0 83.08925130599644
42.0 75.0 84.2330039477772
42.0 76.0 82.93889620357353
42.0 78.0 90.97889204772392
42.0 79.0 98.8400099372385
42.0 80.0 94.10274326521665
42.0 81.0 93.89959309055769
42.0 82.0 19.513502052457575
42.0 83.0 18.888352679666014
42.0 84.0 81.10250012258155
42.0 86.0 93.81115044622675
42.0 87.0 94.60587171605845
42.0 88.0 119.04207887339598
42.0 89.0 124.94599741501956
42.0 90.0 90.1786829789265
42.0 91.0 90.73726530915894
42.0 92.0 26.018216890447228
42.0 94.0 21.926024678693032
42.0 95.0 28.173212440043216
42.0 96.0 27.71399241908869
42.0 97.0 36.8078126212729
42.0 98.0 143.40772072782045
42.0 100.0 52.25671757836201
42.0 101.0 21.75435899093708
42.0 102.0 21.52144284057409
42.0 104.0 33.299829838741864
42.0 105.0 34.1535178267373
42.0 107.0 99.49240583346835
42.0 109.0 147.20185065987428
42.0 110.0 154.8552050946808
42.0 111.0 157.9942010344019
42.0 112.0 43.060419776505626
43.0 44.0 9.39047267657042
43.0 46.0 13.646884297790706
43.0 47.0 14.238910899858988
43.0 48.0 18.08666493064385
43.0 49.0 18.356657310430084
43.0 50.0 22.80450817550912
43.0 51.0 24.302816876546906
43.0 52.0 29.208310943041774
43.0 53.0 34.60559560063921
43.0 54.0 39.78787179649055
43.0 57.0 115.28598457005124
43.0 59.0 120.45991817121178
43.0 61.0 124.35633214984122
43.0 62.0 136.27213226872982
43.0 63.0 129.46769673613858
43.0 65.0 13.288031758376686
43.0 66.0 18.485910819695178
43.0 67.0 26.233515892147068
43.0 68.0 32.09205316083538
43.0 69.0 38.596291854905324
43.0 70.0 20.43978708516896
43.0 73.0 79.26129005376328
43.0 74.0 84.72726937126599
43.0 75.0 85.87102201282212
43.0 76.0 84.5769142687833
43.0 78.0 92.61691011309554
43.0 79.0 100.4780280027212
43.0 80.0 95.74076133045317
43.0 81.0 95.53761115538389
43.0 82.0 21.151520117880747
43.0 83.0 20.526370744956395
43.0 84.0 82.74051818818091
43.0 86.0 95.44916851174794
43.0 87.0 96.24388978109138
43.0 88.0 120.68009693932746
43.0 89.0 126.58401547975524
43.0 90.0 91.81670104416096
43.0 91.0 92.37528337427463
43.0 92.0 27.656234955589007
43.0 94.0 23.56404274410052
43.0 95.0 29.81123050457215
43.0 96.0 29.352010484855384
43.0 97.0 38.44583068725429
43.0 98.0 145.045738805264
43.0 100.0 45.169088170589134
43.0 101.0 34.30281687685055
43.0 102.0 34.06990072617598
43.0 104.0 45.84828772436559
43.0 105.0 46.70197571232261
43.0 107.0 101.13042389921182
43.0 109.0 148.83986874373807
43.0 110.0 156.49322316003745
43.0 111.0 159.63221910632433
43.0 112.0 55.60887766244853
44.0 46.0 23.037356974476047
44.0 47.0 23.629383576513618
44.0 48.0 27.47713760745667
44.0 49.0 22.286301508864792
44.0 50.0 26.7341523744896
44.0 51.0 28.232461076235573
44.0 52.0 33.13795514165463
44.0 53.0 38.53523979956718
44.0 54.0 43.71751599531047
44.0 57.0 119.21562877036084
44.0 59.0 124.38956237127945
44.0 61.0 128.2859763481135
44.0 62.0 140.20177646257025
44.0 63.0 133.3973409259518
44.0 65.0 3.8975590816713166
44.0 66.0 9.09543814302974
44.0 67.0 16.84304321545989
44.0 68.0 22.70158048414901
44.0 69.0 29.205819178099315
44.0 70.0 29.830259761889675
44.0 73.0 83.19093425256594
44.0 74.0 88.65691356983714
44.0 75.0 89.8006662115292
44.0 76.0 88.50655846779892
44.0 78.0 96.54655431179964
44.0 79.0 104.40767220146753
44.0 80.0 99.67040552940261
44.0 81.0 99.46725535424099
44.0 82.0 25.081164316747195
44.0 83.0 24.45601494383375
44.0 84.0 86.67016238680253
44.0 86.0 99.37881271030427
44.0 87.0 100.17353398056265
44.0 88.0 124.60974113758913
44.0 89.0 130.51365967891658
44.0 90.0 95.74634524311303
44.0 91.0 96.30492757336376
44.0 92.0 31.585879154778873
44.0 94.0 27.493686943001364
44.0 95.0 33.7408747037224
44.0 96.0 33.281654683833835
44.0 97.0 42.37547488620841
44.0 98.0 148.97538300351374
44.0 100.0 35.77861549372525
44.0 101.0 38.2324610759117
44.0 102.0 37.99954492556371
44.0 104.0 49.77793192353724
44.0 105.0 50.63161991140756
44.0 107.0 105.06006809811731
44.0 109.0 152.76951293213048
44.0 110.0 160.42286736042269
44.0 111.0 163.56186330416614
44.0 112.0 59.53852186146851
46.0 47.0 13.69696374047006
46.0 48.0 4.439780632832211
46.0 49.0 32.00354160812957
46.0 50.0 36.45139247383308
46.0 51.0 37.949701174802094
46.0 52.0 42.85519524085655
46.0 53.0 48.25247989795574
46.0 54.0 53.43475609418464
46.0 57.0 128.93286886819274
46.0 59.0 134.10680246840738
46.0 61.0 138.00321644728172
46.0 62.0 149.91901657857562
46.0 63.0 143.11458102323817
46.0 65.0 26.93491605618516
46.0 66.0 32.132795117466515
46.0 67.0 39.88040019003333
46.0 68.0 45.738937458784804
46.0 69.0 52.24317615260056
46.0 70.0 19.897839925751498
46.0 73.0 92.90817435151769
46.0 74.0 98.37415366846032
46.0 75.0 99.51790631042353
46.0 76.0 98.22379856639404
46.0 78.0 106.26379441065706
46.0 79.0 114.12491230042937
46.0 80.0 109.38764562834302
46.0 81.0 109.18449545338687
46.0 82.0 34.79840441521645
46.0 83.0 34.173255042801046
46.0 84.0 96.38740248606415
46.0 86.0 109.09605280925653
46.0 87.0 109.89077407939185
46.0 88.0 134.3269812362705
46.0 89.0 140.23089977766386
46.0 90.0 105.46358534223978
46.0 91.0 106.02216767227043
46.0 92.0 41.30311925329248
46.0 94.0 37.2109270417801
46.0 95.0 43.45811480320766
46.0 96.0 42.998894782592764
46.0 97.0 52.09271498581768
46.0 98.0 158.69262309869393
46.0 100.0 58.815972468307294
46.0 101.0 47.94970117455179
46.0 102.0 47.7167850242661
46.0 104.0 59.495172022312694
46.0 105.0 60.34886001035591
46.0 107.0 114.77730819690578
46.0 109.0 162.48675303298484
46.0 110.0 170.14010745001934
46.0 111.0 173.27910339018638
46.0 112.0 69.25576196017849
47.0 48.0 18.136744373340402
47.0 49.0 32.59556821038032
47.0 50.0 37.043419074505685
47.0 51.0 38.54172777658393
47.0 52.0 43.44722184275282
47.0 53.0 48.84450650029591
47.0 54.0 54.026782695059396
47.0 57.0 129.5248954696023
47.0 59.0 134.69882906975275
47.0 61.0 138.5952430505365
47.0 62.0 150.51104318163976
47.0 63.0 143.7066076377719
47.0 65.0 27.526942658390936
47.0 66.0 32.724821719337136
47.0 67.0 40.472426791563706
47.0 68.0 46.33096406091791
47.0 69.0 52.835202754945
47.0 70.0 6.200876185242437
47.0 73.0 93.50020095322373
47.0 74.0 98.96618027102936
47.0 75.0 100.10993291239944
47.0 76.0 98.81582516848236
47.0 78.0 106.85582101232518
47.0 79.0 114.7169389023026
47.0 80.0 109.97967223013141
47.0 81.0 109.77652205493538
47.0 82.0 35.39043101816486
47.0 83.0 34.76528164498072
47.0 84.0 96.97942908761779
47.0 86.0 109.6880794112327
47.0 87.0 110.48280068141987
47.0 88.0 134.91900783806102
47.0 89.0 140.8229263797192
47.0 90.0 106.05561194403859
47.0 91.0 106.61419427397523
47.0 92.0 41.89514585547095
47.0 94.0 37.80295364387989
47.0 95.0 44.05014140436276
47.0 96.0 43.5909213846212
47.0 97.0 52.68474158647291
47.0 98.0 159.2846497056823
47.0 100.0 59.4079990698816
47.0 101.0 48.54172777666696
47.0 102.0 48.308811625689614
47.0 104.0 60.08719862431645
47.0 105.0 60.94088661149934
47.0 107.0 115.36933479892184
47.0 109.0 163.07877963400557
47.0 110.0 170.73213405075055
47.0 111.0 173.87112999372962
47.0 112.0 69.84778856153474
48.0 49.0 36.44332224094989
48.0 50.0 40.89117310620488
48.0 51.0 42.38948180756127
48.0 52.0 47.29497587378036
48.0 53.0 52.69226053061992
48.0 54.0 57.87453672677932
48.0 57.0 133.37264950128713
48.0 59.0 138.54658310040114
48.0 61.0 142.44299707850092
48.0 62.0 154.35879719603696
48.0 63.0 147.5543616533776
48.0 65.0 31.374696689069356
48.0 66.0 36.572575750340604
48.0 67.0 44.32018082293815
48.0 68.0 50.17871809102693
48.0 69.0 56.68295678561757
48.0 70.0 24.337620558654386
48.0 73.0 97.34795498429123
48.0 74.0 102.81393430150924
48.0 75.0 103.95768694365583
48.0 76.0 102.66357919943158
48.0 78.0 110.70357504350103
48.0 79.0 118.56469293332168
48.0 80.0 113.82742626084408
48.0 81.0 113.62427608598219
48.0 82.0 39.238185049178554
48.0 83.0 38.6130356758815
48.0 84.0 100.82718311858731
48.0 86.0 113.53583344162129
48.0 87.0 114.33055471200939
48.0 88.0 138.76676187034525
48.0 89.0 144.67068041028983
48.0 90.0 109.90336597483683
48.0 91.0 110.46194830504632
48.0 92.0 45.74289988701064
48.0 94.0 41.65070767459754
48.0 95.0 47.89789543609923
48.0 96.0 47.43867541500467
48.0 97.0 56.5324956179756
48.0 98.0 163.13240372582914
48.0 100.0 63.25575310153563
48.0 101.0 52.38948180754293
48.0 102.0 52.156565657529626
48.0 104.0 63.93495265499176
48.0 105.0 64.78864064314301
48.0 107.0 119.21708882950381
48.0 109.0 166.92653366053077
48.0 110.0 174.57988809478502
48.0 111.0 177.7188840427973
48.0 112.0 73.69554259225883
49.0 50.0 4.447850865233356
49.0 51.0 5.946159566551621
49.0 52.0 10.851653632685439
49.0 53.0 16.24893829035244
49.0 54.0 21.431214486216764
49.0 57.0 119.45616592975594
49.0 59.0 124.63009953135412
49.0 61.0 128.52651350727785
49.0 62.0 140.4423136328141
49.0 63.0 133.63787808293762
49.0 65.0 26.1838605908409
49.0 66.0 31.38173965192589
49.0 67.0 39.12934472456126
49.0 68.0 44.98788199320717
49.0 69.0 51.492120687041805
49.0 70.0 38.79644439528287
49.0 73.0 83.43147141294594
49.0 74.0 88.89745073068048
49.0 75.0 90.04120337204958
49.0 76.0 88.74709562830299
49.0 78.0 96.78709147200715
49.0 79.0 104.64820936174303
49.0 80.0 99.91094268970835
49.0 81.0 99.70779251459862
49.0 82.0 25.321701477096063
49.0 83.0 24.69655210423784
49.0 84.0 86.91069954721436
49.0 86.0 99.61934987098581
49.0 87.0 100.41407114083981
49.0 88.0 124.85027829764769
49.0 89.0 130.75419683853906
49.0 90.0 95.98688240359482
49.0 91.0 96.54546473379094
49.0 92.0 31.826416315203772
49.0 94.0 27.734224103342477
49.0 95.0 33.98141186348328
49.0 96.0 33.52219184387602
49.0 97.0 42.61601204549167
49.0 98.0 149.2159201653255
49.0 100.0 58.064917002993404
49.0 101.0 15.946159566533103
49.0 102.0 15.71324341652627
49.0 104.0 27.49163041415557
49.0 105.0 28.345318401982105
49.0 107.0 105.3006052586183
49.0 109.0 153.01005008850862
49.0 110.0 160.66340453503395
49.0 111.0 163.8024004516412
49.0 112.0 37.25222035192716
50.0 51.0 10.394010431796136
50.0 52.0 6.4038027674579725
50.0 53.0 11.801087424982985
50.0 54.0 16.983363621081256
50.0 57.0 123.90401679435601
50.0 59.0 129.07795039515787
50.0 61.0 132.97436437218352
50.0 62.0 144.89016449673454
50.0 63.0 138.08572895332884
50.0 65.0 30.631711455967462
50.0 66.0 35.82959051720421
50.0 67.0 43.57719558984145
50.0 68.0 49.43573285832727
50.0 69.0 55.93997155168199
50.0 70.0 43.24429526014923
50.0 73.0 87.8793222783647
50.0 74.0 93.34530159561669
50.0 75.0 94.48905423750833
50.0 76.0 93.19494649320967
50.0 78.0 101.23494233730602
50.0 79.0 109.09606022693328
50.0 80.0 104.35879355518757
50.0 81.0 104.15564337967345
50.0 82.0 29.76955234217723
50.0 83.0 29.144402969382615
50.0 84.0 91.35855041218329
50.0 86.0 104.06720073590338
50.0 87.0 104.86192200568647
50.0 88.0 129.29812916308404
50.0 89.0 135.20204770396782
50.0 90.0 100.43473326876733
50.0 91.0 100.9933155989738
50.0 92.0 36.2742671801404
50.0 94.0 32.182074968599494
50.0 95.0 38.4292627295161
50.0 96.0 37.97004270882683
50.0 97.0 47.06386291156758
50.0 98.0 153.66377100990138
50.0 100.0 62.51276786813713
50.0 101.0 20.394010431534962
50.0 102.0 20.16109428153542
50.0 104.0 31.93948127928876
50.0 105.0 32.79316926697827
50.0 107.0 109.7484561234883
50.0 109.0 157.45790098086763
50.0 110.0 165.11125542220734
50.0 111.0 168.2502513248138
50.0 112.0 41.70007121723283
51.0 52.0 16.797813199123013
51.0 53.0 22.195097857016883
51.0 54.0 27.37737405249919
51.0 57.0 125.40232549613324
51.0 59.0 130.57625909495283
51.0 61.0 134.47267307340024
51.0 62.0 146.38847320090008
51.0 63.0 139.5840376499719
51.0 65.0 32.13002015698063
51.0 66.0 37.32789921803685
51.0 67.0 45.07550429163753
51.0 68.0 50.934041560077695
51.0 69.0 57.43828025277452
51.0 70.0 44.742603961944724
51.0 73.0 89.37763097993843
51.0 74.0 94.84361029714327
51.0 75.0 95.98736293872355
51.0 76.0 94.69325519466032
51.0 78.0 102.73325103870641
51.0 79.0 110.59436892837587
51.0 80.0 105.85710225635489
51.0 81.0 105.65395208127067
51.0 82.0 31.26786104357266
51.0 83.0 30.64271167107904
51.0 84.0 92.85685911399703
51.0 86.0 105.56550943738122
51.0 87.0 106.36023070725496
51.0 88.0 130.79643786499977
51.0 89.0 136.70035640629382
51.0 90.0 101.93304197020683
51.0 91.0 102.49162430031927
51.0 92.0 37.77257588174025
51.0 94.0 33.68038366990211
51.0 95.0 39.92757143044042
51.0 96.0 39.46835141040073
51.0 97.0 48.56217161260301
51.0 98.0 155.16207972158776
51.0 100.0 64.01107656962829
51.0 101.0 10.000000000019488
51.0 102.0 9.767083849692986
51.0 104.0 21.545470847399912
51.0 105.0 22.399158835149322
51.0 107.0 111.24676482483346
51.0 109.0 158.95620965643906
51.0 110.0 166.60956411118764
51.0 111.0 169.74856003156222
51.0 112.0 31.306060785453237
52.0 53.0 5.397284657566824
52.0 54.0 10.57956085345386
52.0 57.0 130.3078195617088
52.0 59.0 135.48175316251485
52.0 61.0 139.3781671407591
52.0 62.0 151.29396726694677
52.0 63.0 144.48953171726285
52.0 65.0 37.03551422371884
52.0 66.0 42.23339328500307
52.0 67.0 49.98099835675815
52.0 68.0 55.83953562610459
52.0 69.0 62.34377432013031
52.0 70.0 49.64809802778544
52.0 73.0 94.28312504582769
52.0 74.0 99.74910436319539
52.0 75.0 100.89285700480121
52.0 76.0 99.59874926076861
52.0 78.0 107.63874510487399
52.0 79.0 115.49986299442259
52.0 80.0 110.76259632256297
52.0 81.0 110.55944614753658
52.0 82.0 36.173355109892746
52.0 83.0 35.54820573683266
52.0 84.0 97.76235317984683
52.0 86.0 110.47100350343925
52.0 87.0 111.26572477342295
52.0 88.0 135.70193193068258
52.0 89.0 141.60585047125875
52.0 90.0 106.83853603594997
52.0 91.0 107.3971183665283
52.0 92.0 42.678069947883955
52.0 94.0 38.58587773588306
52.0 95.0 44.83306549714061
52.0 96.0 44.37384547606893
52.0 97.0 53.46766567789918
52.0 98.0 160.06757379763886
52.0 100.0 68.91657063531133
52.0 101.0 26.797813199139195
52.0 102.0 26.564897048769318
52.0 104.0 38.3432840462154
52.0 105.0 39.19697203462723
52.0 107.0 116.15225889101987
52.0 109.0 163.86170374212304
52.0 110.0 171.5150581446611
52.0 111.0 174.65405413371974
52.0 112.0 48.10387398459835
53.0 54.0 5.182276195876997
53.0 57.0 135.70510421947876
53.0 59.0 140.87903782060977
53.0 61.0 144.77545179917684
53.0 62.0 156.69125192977458
53.0 63.0 149.8868163823615
53.0 65.0 42.43279888120448
53.0 66.0 47.630677942435
53.0 67.0 55.378283014637454
53.0 68.0 61.236820284188184
53.0 69.0 67.74105897670475
53.0 70.0 55.045382685694385
53.0 73.0 99.68040970323612
53.0 74.0 105.14638902045726
53.0 75.0 106.29014166200983
53.0 76.0 104.99603391828376
53.0 78.0 113.03602976216959
53.0 79.0 120.89714765212835
53.0 80.0 116.15988097969094
53.0 81.0 115.95673080524242
53.0 82.0 41.57063976742126
53.0 83.0 40.945490394548656
53.0 84.0 103.15963783773566
53.0 86.0 115.8682881606754
53.0 87.0 116.66300943098383
53.0 88.0 141.09921658856916
53.0 89.0 147.00313512933695
53.0 90.0 112.23582069377557
53.0 91.0 112.79440302404473
53.0 92.0 48.075354605428586
53.0 94.0 43.98316239360889
53.0 95.0 50.230350154776175
53.0 96.0 49.77113013473907
53.0 97.0 58.86495033659803
53.0 98.0 165.4648584437929
53.0 100.0 74.31385529341242
53.0 101.0 32.195097856821015
53.0 102.0 31.962181706712943
53.0 104.0 43.74056870440283
53.0 105.0 44.594256692218764
53.0 107.0 121.54954354847054
53.0 109.0 169.25898837384327
53.0 110.0 176.91234281057265
53.0 111.0 180.0513387301781
53.0 112.0 53.501158642135096
54.0 57.0 140.88738041629637
54.0 59.0 146.06131401471288
54.0 61.0 149.9577279922229
54.0 62.0 161.87352812901543
54.0 63.0 155.06909258178587
54.0 65.0 47.6150750771447
54.0 66.0 52.81295413807276
54.0 67.0 60.560559210581204
54.0 68.0 66.41909647932673
54.0 69.0 72.92333517352702
54.0 70.0 60.22765888088608
54.0 73.0 104.86268589908643
54.0 74.0 110.32866521671589
54.0 75.0 111.47241785826867
54.0 76.0 110.17831011412656
54.0 78.0 118.21830595824181
54.0 79.0 126.07942384796362
54.0 80.0 121.34215717610687
54.0 81.0 121.13900700066623
54.0 82.0 46.752915963136786
54.0 83.0 46.12776659034224
54.0 84.0 108.34191403364977
54.0 86.0 121.05056435682884
54.0 87.0 121.84528562694379
54.0 88.0 146.2814927843722
54.0 89.0 152.1854113253539
54.0 90.0 117.41809688976092
54.0 91.0 117.97667922008236
54.0 92.0 53.257630801157774
54.0 94.0 49.16543858950435
54.0 95.0 55.41262635093901
54.0 96.0 54.95340632955575
54.0 97.0 64.04722653193117
54.0 98.0 170.64713465264896
54.0 100.0 79.49613148963365
54.0 101.0 37.37737405272105
54.0 102.0 37.144457901715406
54.0 104.0 48.92284490030126
54.0 105.0 49.776532887988104
54.0 107.0 126.73181974429765
54.0 109.0 174.44126459325076
54.0 110.0 182.0946189721371
54.0 111.0 185.23361495290055
54.0 112.0 58.68343483822011
57.0 59.0 22.330308008904034
57.0 61.0 26.22672198801784
57.0 62.0 38.14252211833705
57.0 63.0 31.338086575744068
57.0 65.0 123.11318785100748
57.0 66.0 128.31106691193224
57.0 67.0 136.05867198420242
57.0 68.0 141.91720925341247
57.0 69.0 148.42144794796621
57.0 70.0 135.72577165574512
57.0 73.0 68.87964038242978
57.0 74.0 74.34561970577454
57.0 75.0 75.48937234753801
57.0 76.0 49.14879191226996
57.0 78.0 57.18878776318168
57.0 79.0 65.04990564822941
57.0 80.0 60.312638976607175
57.0 81.0 60.1094888003417
57.0 82.0 114.59942591460347
57.0 83.0 113.97427654226487
57.0 84.0 72.35886852225624
57.0 86.0 85.06751884640641
57.0 87.0 85.86224011603744
57.0 88.0 5.394112368641689
57.0 89.0 11.298030909492473
57.0 90.0 44.44883554312118
57.0 91.0 45.00741787284157
57.0 92.0 121.10414075334404
57.0 94.0 117.01194854172408
57.0 95.0 123.25913630240998
57.0 96.0 122.79991628300536
57.0 97.0 131.8937364844433
57.0 98.0 46.91612865465603
57.0 100.0 154.99424426322457
57.0 101.0 135.40232549594725
57.0 102.0 135.16940934579156
57.0 104.0 146.94779634385682
57.0 105.0 147.80148433218102
57.0 107.0 65.70230155198355
57.0 109.0 50.7102586115463
57.0 110.0 58.36361299392551
57.0 111.0 61.502608946331485
57.0 112.0 156.7083862812579
59.0 61.0 20.96359086323647
59.0 62.0 32.8793909896968
59.0 63.0 26.07495545501449
59.0 65.0 128.28712145246206
59.0 66.0 133.4850005137732
59.0 67.0 141.23260558473933
59.0 68.0 147.091142853411
59.0 69.0 153.59538154805443
59.0 70.0 140.89970525645342
59.0 73.0 74.05357398415471
59.0 74.0 79.51955330833007
59.0 75.0 80.6633059498028
59.0 76.0 54.3227255151327
59.0 78.0 62.36272136044286
59.0 79.0 70.22383925578141
59.0 80.0 65.48657257448116
59.0 81.0 65.28342240355371
59.0 82.0 119.7733595169546
59.0 83.0 119.14821014312132
59.0 84.0 77.5328021242551
59.0 86.0 90.24145244811031
59.0 87.0 91.03617371772081
59.0 88.0 27.724420377426767
59.0 89.0 33.62833891894896
59.0 90.0 49.62276914247813
59.0 91.0 50.18135147145436
59.0 92.0 126.27807435288153
59.0 94.0 122.18588214278334
59.0 95.0 128.4330699032373
59.0 96.0 127.9738498824382
59.0 97.0 137.06767008424404
59.0 98.0 41.65299752137014
59.0 100.0 160.1681778646929
59.0 101.0 140.57625909702912
59.0 102.0 140.34334294734316
59.0 104.0 152.1217299446795
59.0 105.0 152.97541793224718
59.0 107.0 70.87623514593776
59.0 109.0 45.44712747128861
59.0 110.0 53.100481896790214
59.0 111.0 56.23947784443903
59.0 112.0 161.88231988262447
61.0 62.0 25.664324110546552
61.0 63.0 18.859888566662356
61.0 65.0 132.18353542816055
61.0 66.0 137.38141449066654
61.0 67.0 145.1290195637432
61.0 68.0 150.98755683216916
61.0 69.0 157.49179552785034
61.0 70.0 144.79611923482216
61.0 73.0 77.94998796616049
61.0 74.0 83.4159672849446
61.0 75.0 84.55971992819954
61.0 76.0 58.21913949477586
61.0 78.0 66.25913533633374
61.0 79.0 74.12025322986723
61.0 80.0 69.38298655257341
61.0 81.0 69.17983638547452
61.0 82.0 123.66977349350992
61.0 83.0 123.04462412239604
61.0 84.0 81.42921610372622
61.0 86.0 94.13786642622385
61.0 87.0 94.93258769638595
61.0 88.0 31.620834355384986
61.0 89.0 37.52475289667299
61.0 90.0 53.519183121738024
61.0 91.0 54.07776545892517
61.0 92.0 130.17448833251453
61.0 94.0 126.08229612205648
61.0 95.0 132.32948387740544
61.0 96.0 131.87026386068456
61.0 97.0 140.9640840633
61.0 98.0 34.43793064324335
61.0 100.0 164.06459184182464
61.0 101.0 144.47267307446106
61.0 102.0 144.23975692334548
61.0 104.0 156.01814392245916
61.0 105.0 156.87183191006812
61.0 107.0 74.77264913171487
61.0 109.0 38.232060583386854
61.0 110.0 45.88541500535375
61.0 111.0 49.02441094781143
61.0 112.0 165.77873386009992
62.0 63.0 12.881924057535006
62.0 65.0 144.09933556340755
62.0 66.0 149.29721461440374
62.0 67.0 157.0448196847871
62.0 68.0 162.90335696265203
62.0 69.0 169.40759564377606
62.0 70.0 156.71191937565004
62.0 73.0 89.86578808880864
62.0 74.0 95.33176742552573
62.0 75.0 96.47552006704557
62.0 76.0 70.13493959417389
62.0 78.0 78.17493550738106
62.0 79.0 86.0360533677449
62.0 80.0 81.29878673710633
62.0 81.0 81.09563650663122
62.0 82.0 135.58557360205853
62.0 83.0 134.9604242233963
62.0 84.0 93.34501623560008
62.0 86.0 106.05366656236768
62.0 87.0 106.84838782963473
62.0 88.0 43.53663449607982
62.0 89.0 49.44055303172397
62.0 90.0 65.4349832717937
62.0 91.0 65.99356557357964
62.0 92.0 142.09028846334263
62.0 94.0 137.9980962239187
62.0 95.0 144.24528400139812
62.0 96.0 143.786063967433
62.0 97.0 152.87988420466536
62.0 98.0 8.773606527440046
62.0 100.0 175.98039199127987
62.0 101.0 156.38847321134716
62.0 102.0 156.15555705717952
62.0 104.0 167.93394406202793
62.0 105.0 168.78763204831736
62.0 107.0 86.68844925431584
62.0 109.0 12.567736464164936
62.0 110.0 20.221090888828915
62.0 111.0 23.360086837900514
62.0 112.0 177.69453399494552
63.0 65.0 137.294900007591
63.0 66.0 142.49277908151632
63.0 67.0 150.24038415735484
63.0 68.0 156.09892140482754
63.0 69.0 162.60316010810797
63.0 70.0 149.90748382960106
63.0 73.0 83.06135255597155
63.0 74.0 88.52733187308203
63.0 75.0 89.67108451509154
63.0 76.0 63.3305040819255
63.0 78.0 71.37049995050677
63.0 79.0 79.2316178311219
63.0 80.0 74.49435116384748
63.0 81.0 74.29120097319762
63.0 82.0 128.78113806634295
63.0 83.0 128.15598869615792
63.0 84.0 86.54058068820285
63.0 86.0 99.24923101316193
63.0 87.0 100.04395228256715
63.0 88.0 36.732198948874185
63.0 89.0 42.63611748369827
63.0 90.0 58.630547683337866
63.0 91.0 59.18913003780302
63.0 92.0 135.28585291644393
63.0 94.0 131.19366070044651
63.0 95.0 137.44084845764124
63.0 96.0 136.9816284365554
63.0 97.0 146.075448643534
63.0 98.0 21.655530583812556
63.0 100.0 169.1759564251451
63.0 101.0 149.58403766081665
63.0 102.0 149.35112150932846
63.0 104.0 161.12950851106223
63.0 105.0 161.9831964937992
63.0 107.0 79.88401372757548
63.0 109.0 25.449660521299954
63.0 110.0 33.10301494546876
63.0 111.0 36.242010898392905
63.0 112.0 170.89009844531012
65.0 66.0 5.197879061313181
65.0 67.0 12.945484133786161
65.0 68.0 18.804021402642583
65.0 69.0 25.308260096356545
65.0 70.0 33.7278188435343
65.0 73.0 87.08849333453537
65.0 74.0 92.55447265186888
65.0 75.0 93.69822529343989
65.0 76.0 92.40411754955733
65.0 78.0 100.4441133934402
65.0 79.0 108.30523128315008
65.0 80.0 103.56796461078189
65.0 81.0 103.36481443579152
65.0 82.0 28.978723398420197
65.0 83.0 28.353574025512337
65.0 84.0 90.56772146858813
65.0 86.0 103.27637179187212
65.0 87.0 104.0710930623821
65.0 88.0 128.5073002192679
65.0 89.0 134.41121876053177
65.0 90.0 99.64390432496843
65.0 91.0 100.20248665502001
65.0 92.0 35.483438236203426
65.0 94.0 31.391246024859438
65.0 95.0 37.63843378507802
65.0 96.0 37.17921376600286
65.0 97.0 46.27303396794858
65.0 98.0 152.8729420897933
65.0 100.0 31.88105641193319
65.0 101.0 42.130020157602544
65.0 102.0 41.8971040066327
65.0 104.0 53.67549100515298
65.0 105.0 54.52917899298069
65.0 107.0 108.95762717944007
65.0 109.0 156.66707198570248
65.0 110.0 164.32042644758837
65.0 111.0 167.45942238782672
65.0 112.0 63.43608094320245
66.0 67.0 7.747605072542168
66.0 68.0 13.606142341226715
66.0 69.0 20.11038103518396
66.0 70.0 38.92569790498161
66.0 73.0 92.28637239521063
66.0 74.0 97.75235171300442
66.0 75.0 98.896104354698
66.0 76.0 97.60199661078673
66.0 78.0 105.64199245494675
66.0 79.0 113.50311034453303
66.0 80.0 108.76584367253835
66.0 81.0 108.56269349699787
66.0 82.0 34.17660245957824
66.0 83.0 33.55145308687625
66.0 84.0 95.7656005296243
66.0 86.0 108.47425085328945
66.0 87.0 109.26897212309835
66.0 88.0 133.70517928063293
66.0 89.0 139.60909782228993
66.0 90.0 104.84178338605537
66.0 91.0 105.40036571626774
66.0 92.0 40.68131729774511
66.0 94.0 36.589125085878955
66.0 95.0 42.8363128483125
66.0 96.0 42.3770928264496
66.0 97.0 51.47091302912919
66.0 98.0 158.07082115226842
66.0 100.0 26.683177350721444
66.0 101.0 47.327899218928636
66.0 102.0 47.094983068524556
66.0 104.0 58.87337006656352
66.0 105.0 59.727058054287696
66.0 107.0 114.15550624075507
66.0 109.0 161.86495105712126
66.0 110.0 169.51830548751633
66.0 111.0 172.65730144190024
66.0 112.0 68.6339600044476
67.0 68.0 5.858537268688727
67.0 69.0 12.362775962643612
67.0 70.0 46.67330297730161
67.0 73.0 100.03397746801764
67.0 74.0 105.49995678568192
67.0 75.0 106.64370942735968
67.0 76.0 105.34960168319714
67.0 78.0 113.3895975272955
67.0 79.0 121.25071541704273
67.0 80.0 116.5134487451901
67.0 81.0 116.31029856979691
67.0 82.0 41.9242075323027
67.0 83.0 41.299058159484915
67.0 84.0 103.51320560240183
67.0 86.0 116.22185592586831
67.0 87.0 117.01657719604418
67.0 88.0 141.45278435379493
67.0 89.0 147.3567028946631
67.0 90.0 112.58938845868421
67.0 91.0 113.14797078916386
67.0 92.0 48.42892237000495
67.0 94.0 44.33673015886335
67.0 95.0 50.583917919414134
67.0 96.0 50.12469790051229
67.0 97.0 59.21851810131087
67.0 98.0 165.81842622545267
67.0 100.0 18.935572278159864
67.0 101.0 55.07550429159983
67.0 102.0 54.8425881411556
67.0 104.0 66.6209751389041
67.0 105.0 67.47466312695916
67.0 107.0 121.90311131332498
67.0 109.0 169.6125561639504
67.0 110.0 177.2659105528222
67.0 111.0 180.40490652833807
67.0 112.0 76.38156507714315
68.0 69.0 6.504238693960986
68.0 70.0 52.53184024599689
68.0 73.0 105.89251473683436
68.0 74.0 111.35849405432255
68.0 75.0 112.5022466958159
68.0 76.0 111.20813895199024
68.0 78.0 119.24813479607057
68.0 79.0 127.10925268571086
68.0 80.0 122.37198601353637
68.0 81.0 122.16883583825094
68.0 82.0 47.78274480106572
68.0 83.0 47.15759542820105
68.0 84.0 109.37174287109193
68.0 86.0 122.08039319460471
68.0 87.0 122.87511446480916
68.0 88.0 147.31132162198338
68.0 89.0 153.21524016286594
68.0 90.0 118.44792572737988
68.0 91.0 119.00650805766622
68.0 92.0 54.287459638954246
68.0 94.0 50.19526742732792
68.0 95.0 56.442455188463015
68.0 96.0 55.9832351690653
68.0 97.0 65.07705537057707
68.0 98.0 171.6769634751371
68.0 100.0 13.077035009500909
68.0 101.0 60.93404155987763
68.0 102.0 60.7011254096954
68.0 104.0 72.47951240751127
68.0 105.0 73.33320039532595
68.0 107.0 127.7616485822803
68.0 109.0 175.4710934155621
68.0 110.0 183.12444786742947
68.0 111.0 186.26344379399126
68.0 112.0 82.24010234577594
69.0 70.0 59.03607894112055
69.0 73.0 112.396753430583
69.0 74.0 117.86273274785843
69.0 75.0 119.00648538996603
69.0 76.0 117.71237764568708
69.0 78.0 125.75237349005708
69.0 79.0 133.61349137947818
69.0 80.0 128.87622470742593
69.0 81.0 128.67307453248952
69.0 82.0 54.28698349506841
69.0 83.0 53.661834122077344
69.0 84.0 115.87598156520275
69.0 86.0 128.5846318889425
69.0 87.0 129.37935315861506
69.0 88.0 153.81556031655145
69.0 89.0 159.7194788572672
69.0 90.0 124.95216442158244
69.0 91.0 125.51074675152014
69.0 92.0 60.791698333167396
69.0 94.0 56.699506121369396
69.0 95.0 62.94669388286685
69.0 96.0 62.48747386238923
69.0 97.0 71.58129406400607
69.0 98.0 178.1812021764472
69.0 100.0 6.572796315548242
69.0 101.0 67.43828025413961
69.0 102.0 67.20536410392121
69.0 104.0 78.98375110193818
69.0 105.0 79.83743908929964
69.0 107.0 134.26588727627174
69.0 109.0 181.97533210090643
69.0 110.0 189.62868652550029
69.0 111.0 192.7676825036126
69.0 112.0 88.74434103944701
70.0 73.0 99.70107713848466
70.0 74.0 105.16705645585301
70.0 75.0 106.31080909777135
70.0 76.0 105.01670135342394
70.0 78.0 113.05669719779911
70.0 79.0 120.91781508739807
70.0 80.0 116.18054841539711
70.0 81.0 115.97739823985827
70.0 82.0 41.59130720324865
70.0 83.0 40.96615783020786
70.0 84.0 103.18030527292649
70.0 86.0 115.88895559658354
70.0 87.0 116.68367686665498
70.0 88.0 141.11988402424126
70.0 89.0 147.02380256476732
70.0 90.0 112.25648812901754
70.0 91.0 112.81507045923904
70.0 92.0 48.09602204118563
70.0 94.0 44.00382982898577
70.0 95.0 50.251017589794245
70.0 96.0 49.79179756987564
70.0 97.0 58.885617772291624
70.0 98.0 165.48552587886456
70.0 100.0 65.60887525597515
70.0 101.0 54.74260396201417
70.0 102.0 54.50968781175543
70.0 104.0 66.28807480938669
70.0 105.0 67.1417627973336
70.0 107.0 121.57021098413878
70.0 109.0 169.27965581531453
70.0 110.0 176.93301024510163
70.0 111.0 180.07200619712685
70.0 112.0 76.04866474735393
73.0 74.0 19.090769639771732
73.0 75.0 20.23452228135789
73.0 76.0 38.17057008653251
73.0 78.0 46.21056593050062
73.0 79.0 54.07168382015384
73.0 80.0 49.33441714821849
73.0 81.0 49.131266973172316
73.0 82.0 78.57473139883164
73.0 83.0 77.94958202535904
73.0 84.0 3.4792281343460223
73.0 86.0 29.812668780058825
73.0 87.0 30.607390050126586
73.0 88.0 74.27375275080853
73.0 89.0 80.17767129263453
73.0 90.0 45.41035686141858
73.0 91.0 45.968939191993044
73.0 92.0 85.0794462363226
73.0 94.0 80.98725402475205
73.0 95.0 87.23444178594565
73.0 96.0 86.77522176564045
73.0 97.0 95.8690419674964
73.0 98.0 98.63939462735033
73.0 100.0 118.9695497463322
73.0 101.0 99.37763097963742
73.0 102.0 99.14471482928356
73.0 104.0 110.92310182693521
73.0 105.0 111.77678981491033
73.0 107.0 54.72407971669227
73.0 109.0 102.43352456697521
73.0 110.0 110.08687899195672
73.0 111.0 113.22587494399562
73.0 112.0 120.68369176502193
74.0 75.0 11.94716858689987
74.0 76.0 43.636549404016684
74.0 78.0 51.67654524818866
74.0 79.0 59.53766313788151
74.0 80.0 54.800396465946065
74.0 81.0 54.59724629091445
74.0 82.0 84.04071071592364
74.0 83.0 83.415561343158
74.0 84.0 22.56999777416574
74.0 86.0 21.525315085663628
74.0 87.0 22.32003635573341
74.0 88.0 79.7397320740957
74.0 89.0 85.64365061545749
74.0 90.0 50.87633617940919
74.0 91.0 51.434918510131396
74.0 92.0 90.54542555415301
74.0 94.0 86.45323334274437
74.0 95.0 92.7004211033589
74.0 96.0 92.24120108332818
74.0 97.0 101.3350212851601
74.0 98.0 104.1053739390561
74.0 100.0 124.43552906387721
74.0 101.0 104.84361029742391
74.0 102.0 104.61069414700637
74.0 104.0 116.38908114487248
74.0 105.0 117.24276913259317
74.0 107.0 60.19005903438678
74.0 109.0 107.89950388286448
74.0 110.0 115.55285830712228
74.0 111.0 118.69185425624056
74.0 112.0 126.14967108272322
75.0 76.0 44.78030204586345
75.0 78.0 52.82029788934023
75.0 79.0 60.68141577919241
75.0 80.0 55.94414910779531
75.0 81.0 55.74099893198003
75.0 82.0 85.18446335751077
75.0 83.0 84.55931398437832
75.0 84.0 23.713750415670816
75.0 86.0 9.57814649864465
75.0 87.0 10.372867768825897
75.0 88.0 80.8834847161565
75.0 89.0 86.78740325717877
75.0 90.0 52.0200888212801
75.0 91.0 52.57867115183946
75.0 92.0 91.68917819563558
75.0 94.0 87.59698598407938
75.0 95.0 93.84417374490386
75.0 96.0 93.38495372462387
75.0 97.0 102.47877392678356
75.0 98.0 105.24912658645994
75.0 100.0 125.57928170535537
75.0 101.0 105.98736293871299
75.0 102.0 105.75444678830141
75.0 104.0 117.5328337863026
75.0 105.0 118.38652177403017
75.0 107.0 61.333811675860055
75.0 109.0 109.04325653136739
75.0 110.0 116.69661094395062
75.0 111.0 119.83560689581236
75.0 112.0 127.29342372420606
76.0 78.0 8.03999584408109
76.0 79.0 15.901113733801116
76.0 80.0 19.666999793351042
76.0 81.0 19.463849618302664
76.0 82.0 83.89035561330587
76.0 83.0 83.26520624029665
76.0 84.0 41.649798220953635
76.0 86.0 54.358448544212564
76.0 87.0 55.15316981456972
76.0 88.0 54.54290428157393
76.0 89.0 60.446822820518065
76.0 90.0 25.679508388790552
76.0 91.0 26.238090719034133
76.0 92.0 90.39507045156394
76.0 94.0 86.30287823970824
76.0 95.0 92.55006600094333
76.0 96.0 92.09084598055934
76.0 97.0 101.18466618249548
76.0 98.0 78.9085462061185
76.0 100.0 124.28517396143832
76.0 101.0 104.693255194794
76.0 102.0 104.46033904463066
76.0 104.0 116.23872604236175
76.0 105.0 117.0924140299795
76.0 107.0 25.056662362091558
76.0 109.0 82.70267607999892
76.0 110.0 90.35603051055385
76.0 111.0 93.49502648667297
76.0 112.0 125.99931598037527
78.0 79.0 7.861117889687527
78.0 80.0 27.70699563744466
78.0 81.0 27.50384546234323
78.0 82.0 91.93035145788537
78.0 83.0 91.3052020844545
78.0 84.0 49.68979406488615
78.0 86.0 62.398444388784384
78.0 87.0 63.19316565843542
78.0 88.0 62.58290012898374
78.0 89.0 68.48681867106953
78.0 90.0 33.71950423343659
78.0 91.0 34.27808656296441
78.0 92.0 98.43506629580656
78.0 94.0 94.34287408360673
78.0 95.0 100.59006184510265
78.0 96.0 100.13084182483148
78.0 97.0 109.22466202678811
78.0 98.0 86.94854200712163
78.0 100.0 132.32516980551836
78.0 101.0 112.73325103873512
78.0 102.0 112.50033488861996
78.0 104.0 124.27872188638294
78.0 105.0 125.13240987414599
78.0 107.0 33.096658205899075
78.0 109.0 90.74267195713293
78.0 110.0 98.39602635642218
78.0 111.0 101.53502230231857
78.0 112.0 134.03931182429255
79.0 80.0 35.56811352709629
79.0 81.0 35.3649633521361
79.0 82.0 99.79146934731165
79.0 83.0 99.16631997457822
79.0 84.0 57.55091195453784
79.0 86.0 70.25956227813577
79.0 87.0 71.05428354832027
79.0 88.0 70.4440180199235
79.0 89.0 76.34793656282392
79.0 90.0 41.58062212274561
79.0 91.0 42.1392044532507
79.0 92.0 106.29618418539474
79.0 94.0 102.20399197339574
79.0 95.0 108.45117973472384
79.0 96.0 107.9919597146732
79.0 97.0 117.08577991655852
79.0 98.0 94.80965987178482
79.0 100.0 140.18628769533672
79.0 101.0 120.5943689282791
79.0 102.0 120.36145277824752
79.0 104.0 132.1398397759921
79.0 105.0 132.99352776401446
79.0 107.0 40.95777609555047
79.0 109.0 98.60378980987544
79.0 110.0 106.25714433260147
79.0 111.0 109.3961402762225
79.0 112.0 141.90042971403847
80.0 81.0 15.963606678521243
80.0 82.0 95.05420267545477
80.0 83.0 94.42905330258722
80.0 84.0 52.813645282502435
80.0 86.0 65.5222956060671
80.0 87.0 66.31701687611246
80.0 88.0 65.70675134716792
80.0 89.0 71.61066988820167
80.0 90.0 36.84335545080337
80.0 91.0 37.40193778111609
80.0 92.0 101.55891751320401
80.0 94.0 97.46672530154498
80.0 95.0 103.7139130626315
80.0 96.0 103.25469304266929
80.0 97.0 112.34851324400711
80.0 98.0 90.07239319138284
80.0 100.0 135.44902102319512
80.0 101.0 115.85710225633366
80.0 102.0 115.62418610594096
80.0 104.0 127.40257310381982
80.0 105.0 128.25626109176628
80.0 107.0 21.556419421835834
80.0 109.0 93.86652320447898
80.0 110.0 101.51987757035924
80.0 111.0 104.65887356467749
80.0 112.0 137.16316304209116
81.0 82.0 94.85105250037172
81.0 83.0 94.22590312711716
81.0 84.0 52.61049510734482
81.0 86.0 65.31914543105651
81.0 87.0 66.11386670097609
81.0 88.0 65.50360117071655
81.0 89.0 71.40751971104964
81.0 90.0 36.64020527575468
81.0 91.0 37.19878760594651
81.0 92.0 101.35576733744061
81.0 94.0 97.26357512625046
81.0 95.0 103.51076288769232
81.0 96.0 103.05154286727787
81.0 97.0 112.14536306921464
81.0 98.0 89.86924299704613
81.0 100.0 135.24587084796383
81.0 101.0 115.65395208149184
81.0 102.0 115.4210359309537
81.0 104.0 127.1994229291676
81.0 105.0 128.05311091705607
81.0 107.0 5.592812743653137
81.0 109.0 93.66337298587985
81.0 110.0 101.31672744783083
81.0 111.0 104.45572338340486
81.0 112.0 136.96001286658216
82.0 83.0 7.620080915869895
82.0 84.0 82.05395953265989
82.0 86.0 94.76260985646604
82.0 87.0 95.55733112622761
82.0 88.0 119.99353828373106
82.0 89.0 125.89745682475659
82.0 90.0 91.13014238873048
82.0 91.0 91.68872471895654
82.0 92.0 14.74994512666527
82.0 94.0 14.15463034723534
82.0 95.0 20.401818108284996
82.0 96.0 19.942598088290993
82.0 97.0 29.036418289950888
82.0 98.0 144.35918015980513
82.0 100.0 60.859779810818196
82.0 101.0 41.26786104362775
82.0 102.0 41.03494489343997
82.0 104.0 52.8133318914585
82.0 105.0 53.66701987934007
82.0 107.0 100.44386524347976
82.0 109.0 148.15331004943758
82.0 110.0 155.80666448350811
82.0 111.0 158.94566044515727
82.0 112.0 62.57392182829185
83.0 84.0 81.42881016011086
83.0 86.0 94.13746048336273
83.0 87.0 94.93218175366707
83.0 88.0 119.36838891106075
83.0 89.0 125.27230745171273
83.0 90.0 90.50499301610483
83.0 91.0 91.06357534634294
83.0 92.0 7.129864210763458
83.0 94.0 13.529480974371747
83.0 95.0 19.77666873542661
83.0 96.0 19.317448715510952
83.0 97.0 28.41126891707197
83.0 98.0 143.73403075771952
83.0 100.0 60.23463043798989
83.0 101.0 40.642711670964815
83.0 102.0 40.409795520697116
83.0 104.0 52.18818251858687
83.0 105.0 53.04187050606669
83.0 107.0 99.8187158708146
83.0 109.0 147.52816068783483
83.0 110.0 155.18151514335804
83.0 111.0 158.3205111049775
83.0 112.0 61.94877245601936
84.0 86.0 33.29189691434083
84.0 87.0 34.08661818435624
84.0 88.0 77.75298089114641
84.0 89.0 83.65689943176676
84.0 90.0 48.889584995970594
84.0 91.0 49.44816732664882
84.0 92.0 88.55867437081093
84.0 94.0 84.46648215921945
84.0 95.0 90.71366992024733
84.0 96.0 90.25444989997987
84.0 97.0 99.34827010168
84.0 98.0 102.11862275853235
84.0 100.0 122.44877788100061
84.0 101.0 102.85685911395146
84.0 102.0 102.62394296320531
84.0 104.0 114.40232996163112
84.0 105.0 115.25601794920962
84.0 107.0 58.20330785122538
84.0 109.0 105.91275270651025
84.0 110.0 113.5661071272863
84.0 111.0 116.70510307053883
84.0 112.0 124.16291989934166
86.0 87.0 8.690365908299881
86.0 88.0 90.46163121490564
86.0 89.0 96.36554975515773
86.0 90.0 61.59823531978769
86.0 91.0 62.15681764991895
86.0 92.0 101.26732469413754
86.0 94.0 97.17513248273468
86.0 95.0 103.42232024348205
86.0 96.0 102.96310022333557
86.0 97.0 112.05692042511134
86.0 98.0 114.82727309024489
86.0 100.0 135.1574282041097
86.0 101.0 115.56550943734668
86.0 102.0 115.33259328718523
86.0 104.0 127.11098028485321
86.0 105.0 127.96466827250305
86.0 107.0 70.9119581746578
86.0 109.0 118.62140302661932
86.0 110.0 126.2747574536078
86.0 111.0 129.41375339660107
86.0 112.0 136.87157022278774
87.0 88.0 91.25635248409802
87.0 89.0 97.16027102602253
87.0 90.0 62.39295658983081
87.0 91.0 62.95153892010177
87.0 92.0 102.06204596473066
87.0 94.0 97.96985375279621
87.0 95.0 104.21704151352495
87.0 96.0 103.7578214936848
87.0 97.0 112.85164169549327
87.0 98.0 115.62199436349462
87.0 100.0 135.9521494744383
87.0 101.0 116.3602307071963
87.0 102.0 116.1273145573366
87.0 104.0 127.90570155534164
87.0 105.0 128.7593895429463
87.0 107.0 71.70667944471587
87.0 109.0 119.41612430220283
87.0 110.0 127.06947871182376
87.0 111.0 130.20847466701804
87.0 112.0 137.66629149255834
88.0 89.0 5.903918540859212
88.0 90.0 49.842947910818864
88.0 91.0 50.40153024155725
88.0 92.0 126.49825312084143
88.0 94.0 122.40606091035656
88.0 95.0 128.65324867112005
88.0 96.0 128.19402865113773
88.0 97.0 137.28784885220642
88.0 98.0 52.31024102775862
88.0 100.0 160.38835663168203
88.0 101.0 140.79643786482308
88.0 102.0 140.56352171434924
88.0 104.0 152.3419087119861
88.0 105.0 153.195596700056
88.0 107.0 71.09641391552142
88.0 109.0 56.104370976152126
88.0 110.0 63.75772536468085
88.0 111.0 66.89672134790743
88.0 112.0 162.1024986503104
89.0 90.0 55.746866451030115
89.0 91.0 56.305448783497944
89.0 92.0 132.4021716624467
89.0 94.0 128.30997945121345
89.0 95.0 134.55716721307647
89.0 96.0 134.09794719138716
89.0 97.0 143.191767392742
89.0 98.0 58.21415954725816
89.0 100.0 166.29227517289956
89.0 101.0 146.70035640585363
89.0 102.0 146.4674402551912
89.0 104.0 158.24582725336222
89.0 105.0 159.09951524073176
89.0 107.0 77.00033245784392
89.0 109.0 62.00828948024326
89.0 110.0 69.66164392770301
89.0 111.0 72.80063986285563
89.0 112.0 168.00641719081676
90.0 91.0 10.57463491108663
90.0 92.0 97.63485722684352
90.0 94.0 93.54266501525856
90.0 95.0 99.78985277627811
90.0 96.0 99.33063275615999
90.0 97.0 108.42445295806482
90.0 98.0 74.20858977469524
90.0 100.0 131.5249607369985
90.0 101.0 111.93304197017447
90.0 102.0 111.70012581992083
90.0 104.0 123.47851281777471
90.0 105.0 124.3322008056131
90.0 107.0 42.233018019532544
90.0 109.0 78.00271971374885
90.0 110.0 85.65607413104229
90.0 111.0 88.79507001687976
90.0 112.0 133.23910275555338
91.0 92.0 98.19343955690749
91.0 94.0 94.1012473453619
91.0 95.0 100.34843510643356
91.0 96.0 99.88921508625717
91.0 97.0 108.98303528824675
91.0 98.0 74.76717216123265
91.0 100.0 132.08354306723137
91.0 101.0 112.49162430041667
91.0 102.0 112.2587081501075
91.0 104.0 124.03709514783864
91.0 105.0 124.89078313577306
91.0 107.0 42.79160034949176
91.0 109.0 78.5613020326918
91.0 110.0 86.21465644246263
91.0 111.0 89.35365248136239
91.0 112.0 133.79768508604008
92.0 94.0 20.65934518515394
92.0 95.0 26.90653294622612
92.0 96.0 26.44731292610524
92.0 97.0 35.54113312788769
92.0 98.0 150.86389496169033
92.0 100.0 67.36449464848505
92.0 101.0 47.77257588183899
92.0 102.0 47.53965973080809
92.0 104.0 59.318046729173105
92.0 105.0 60.17173471741788
92.0 107.0 106.94858008184538
92.0 109.0 154.6580249423126
92.0 110.0 162.3113793327656
92.0 111.0 165.45037529134547
92.0 112.0 69.07863666774102
94.0 95.0 17.31798077399491
94.0 96.0 16.858760753858792
94.0 97.0 25.95258095565045
94.0 98.0 146.77170273319481
94.0 100.0 63.272302437034114
94.0 101.0 43.68038366983812
94.0 102.0 43.44746751983839
94.0 104.0 55.22585451808244
94.0 105.0 56.0795425059806
94.0 107.0 102.85638786967839
94.0 109.0 150.56583269351117
94.0 110.0 158.21918713574672
94.0 111.0 161.35818307707402
94.0 112.0 64.98644445634105
95.0 96.0 10.701220661361887
95.0 97.0 8.6346001816424
95.0 98.0 153.0188905252729
95.0 100.0 69.519490197657
95.0 101.0 49.927571429595254
95.0 102.0 49.694655281071945
95.0 104.0 61.47304227794427
95.0 105.0 62.326730266587745
95.0 107.0 109.1035756311888
95.0 109.0 156.81302048126605
95.0 110.0 164.46637490790718
95.0 111.0 167.60537081858672
95.0 112.0 71.23363221715199
96.0 97.0 19.335820843041095
96.0 98.0 152.5596705011627
96.0 100.0 69.06027017852402
96.0 101.0 49.468351410312266
96.0 102.0 49.23543526027973
96.0 104.0 61.013822258409036
96.0 105.0 61.867510245815865
96.0 107.0 108.64435561072838
96.0 109.0 156.3538004218631
96.0 110.0 164.0071548572603
96.0 111.0 167.1461508266401
96.0 112.0 70.77441219649776
97.0 98.0 161.65349070229135
97.0 100.0 78.15409038055043
97.0 101.0 58.56217161190572
97.0 102.0 58.329255462456885
97.0 104.0 70.10764245983025
97.0 105.0 70.96133044795747
97.0 107.0 117.73817581286377
97.0 109.0 165.44762062160999
97.0 110.0 173.10097507590206
97.0 111.0 176.23997102950074
97.0 112.0 79.86823239771502
98.0 100.0 184.75399849407063
98.0 101.0 165.16207973292194
98.0 102.0 164.92916358903074
98.0 104.0 176.70755057091884
98.0 105.0 177.56123858216964
98.0 107.0 95.46205581788658
98.0 109.0 14.137599807991146
98.0 110.0 21.790954230168516
98.0 111.0 24.929950179609364
98.0 112.0 186.46814052258662
100.0 101.0 74.01107656951118
100.0 102.0 73.77816041907673
100.0 104.0 85.55654741720113
100.0 105.0 86.41023540500287
100.0 107.0 140.83868359175844
100.0 109.0 188.54812841936842
100.0 110.0 196.20148285297165
100.0 111.0 199.34047879285959
100.0 112.0 95.31713735500448
101.0 102.0 19.76708384972261
101.0 104.0 11.545470847593316
101.0 105.0 12.399158835319367
101.0 107.0 121.24676482502007
101.0 109.0 168.9562096492977
101.0 110.0 176.60956409760828
101.0 111.0 179.74856003332454
101.0 112.0 21.306060785552962
102.0 104.0 31.31255469727422
102.0 105.0 32.16624268505407
102.0 107.0 121.01384867506259
102.0 109.0 168.72329352716923
102.0 110.0 176.37664794413553
102.0 111.0 179.515643903204
102.0 112.0 41.07314463520395
104.0 105.0 10.451322410893251
104.0 107.0 132.79223567271066
104.0 109.0 180.50168051455225
104.0 110.0 188.15503495032203
104.0 111.0 191.29403087963925
104.0 112.0 19.358224361106593
105.0 107.0 133.6459236606205
105.0 109.0 181.35536850521
105.0 110.0 189.00872295199315
105.0 111.0 192.14771887478372
105.0 112.0 8.906901950200048
107.0 109.0 99.25618573177336
107.0 110.0 106.90954018103216
107.0 111.0 110.04853609635998
107.0 112.0 142.55282561056453
109.0 110.0 16.05053237217747
109.0 111.0 19.189528320876228
109.0 112.0 190.26227042987904
110.0 111.0 16.34382433188355
110.0 112.0 197.91562489158156
111.0 112.0 201.0546208281713
