2.0 3.0 4.2527064157678955
2.0 4.0 4.041437627108391
2.0 5.0 7.306842178322548
2.0 6.0 10.263766678939527
2.0 11.0 16.132087016626073
2.0 13.0 19.462276106283568
2.0 16.0 27.81965642592787
2.0 18.0 7.965503702283376
2.0 20.0 11.680909243960109
2.0 21.0 15.023986145271179
2.0 23.0 17.991474085686825
2.0 24.0 22.43197498322143
2.0 26.0 28.09464886694343
2.0 27.0 31.34969710575554
2.0 29.0 37.23025526735594
2.0 30.0 35.98639219192128
2.0 31.0 38.86450909710878
2.0 36.0 45.97349591567668
2.0 39.0 54.32856325183701
2.0 40.0 52.45470093465174
2.0 42.0 15.722554828085027
2.0 43.0 16.125474392508924
2.0 44.0 18.762421890705042
2.0 46.0 24.212820942261004
2.0 47.0 24.685660616764448
2.0 48.0 26.08959183216121
2.0 49.0 17.96820773346643
2.0 50.0 20.853987017494767
2.0 51.0 20.642266797826217
2.0 52.0 24.5110328160754
2.0 53.0 29.426888492857444
2.0 54.0 34.11386964598526
2.0 57.0 61.35330846200964
2.0 59.0 65.78441064156826
2.0 61.0 68.23584127097837
2.0 62.0 71.36634569902664
2.0 63.0 70.06193300308009
2.0 65.0 21.686482357802003
2.0 66.0 25.447650948513964
2.0 67.0 29.18392254343125
2.0 68.0 32.9765324832631
2.0 69.0 37.29183705963799
2.0 70.0 27.747459077221404
2.0 73.0 45.26585535287927
2.0 74.0 50.57984681858069
2.0 75.0 50.022918812703324
2.0 76.0 46.73101834846631
2.0 78.0 51.495464724974234
2.0 79.0 57.227052676394045
2.0 80.0 54.89184172122229
2.0 81.0 53.51427036678999
2.0 82.0 25.059838697634973
2.0 83.0 26.41885898288972
2.0 84.0 49.821668650275654
2.0 86.0 63.24346692871854
2.0 87.0 65.1644479694535
2.0 88.0 70.47693421929469
2.0 89.0 80.47693421881795
2.0 90.0 52.839484982840176
2.0 91.0 50.64356997687823
2.0 92.0 30.968906660580906
2.0 94.0 32.066054685636466
2.0 95.0 36.90033713414455
2.0 96.0 39.358879875974296
2.0 97.0 43.64132041884505
2.0 98.0 80.80040224058392
2.0 100.0 44.69622475973333
2.0 101.0 24.141661264139763
2.0 102.0 23.784973695593063
2.0 104.0 31.42308444663549
2.0 105.0 31.92804886678315
2.0 107.0 57.978245574499695
2.0 109.0 82.84111427974489
2.0 110.0 90.24052856585472
2.0 111.0 87.94339965098303
2.0 112.0 35.33354609308644
3.0 4.0 8.29414404286763
3.0 5.0 3.0541357613114117
3.0 6.0 6.011060262067664
3.0 11.0 11.879380599597521
3.0 13.0 15.209569688938759
3.0 16.0 23.566950008653734
3.0 18.0 12.218210118989301
3.0 20.0 15.933615660725561
3.0 21.0 19.276692562231155
3.0 23.0 22.24418050256458
3.0 24.0 26.684681399722976
3.0 26.0 32.34735528376612
3.0 27.0 35.60240352266476
3.0 29.0 41.48296168402905
3.0 30.0 40.23909860849116
3.0 31.0 43.11721551368205
3.0 36.0 50.22620233242766
3.0 39.0 58.58126966857605
3.0 40.0 56.70740735116044
3.0 42.0 11.469848411096814
3.0 43.0 11.872767975643232
3.0 44.0 14.509715474185477
3.0 46.0 19.960114524870907
3.0 47.0 20.432954199714413
3.0 48.0 21.836885415344774
3.0 49.0 13.715501316585401
3.0 50.0 16.601280600721957
3.0 51.0 16.389560381018185
3.0 52.0 20.25832639955465
3.0 53.0 25.174182075554068
3.0 54.0 29.861163229362898
3.0 57.0 65.6060148787578
3.0 59.0 70.03711705847793
3.0 61.0 72.48854768807703
3.0 62.0 75.61905211603008
3.0 63.0 74.31463941889825
3.0 65.0 17.433775940848836
3.0 66.0 21.194944531323433
3.0 67.0 24.93121612683203
3.0 68.0 28.723826066547655
3.0 69.0 33.039130643314685
3.0 70.0 23.494752660389373
3.0 73.0 49.51856176950445
3.0 74.0 54.83255323550303
3.0 75.0 54.27562522899647
3.0 76.0 50.98372476526539
3.0 78.0 55.748171141648555
3.0 79.0 61.47975909317916
3.0 80.0 59.144548138145836
3.0 81.0 57.76697678376382
3.0 82.0 20.807132280785865
3.0 83.0 22.166152565911
3.0 84.0 54.07437506722265
3.0 86.0 67.49617334560998
3.0 87.0 69.41715438664386
3.0 88.0 74.72964063684108
3.0 89.0 84.72964063554909
3.0 90.0 57.092191399652435
3.0 91.0 54.89627639341512
3.0 92.0 26.71620024342409
3.0 94.0 27.813348268523537
3.0 95.0 32.64763071728383
3.0 96.0 35.10617345906802
3.0 97.0 39.38861400206208
3.0 98.0 85.05310865600057
3.0 100.0 40.44351834344536
3.0 101.0 19.888954847408133
3.0 102.0 19.532267278743394
3.0 104.0 27.170378029830673
3.0 105.0 27.67534245011106
3.0 107.0 62.230951991215804
3.0 109.0 87.09382069651573
3.0 110.0 94.49323498311193
3.0 111.0 92.19610606847253
3.0 112.0 31.080839676089035
4.0 5.0 11.34827980432516
4.0 6.0 14.305204305165153
4.0 11.0 20.173524642762047
4.0 13.0 23.503713732157834
4.0 16.0 31.861094051795348
4.0 18.0 3.9240660758696535
4.0 20.0 7.639471617742521
4.0 21.0 10.982548519177751
4.0 23.0 13.950036459613688
4.0 24.0 18.390537356845982
4.0 26.0 24.05321124074785
4.0 27.0 27.30825947943564
4.0 29.0 33.1888176411903
4.0 30.0 31.944954565869942
4.0 31.0 34.82307147069935
4.0 36.0 41.93205828963073
4.0 39.0 50.28712562579367
4.0 40.0 48.413263308704266
4.0 42.0 19.76399245410486
4.0 43.0 20.16691201886273
4.0 44.0 22.803859517128746
4.0 46.0 28.25425856832002
4.0 47.0 28.727098242936844
4.0 48.0 30.13102945850876
4.0 49.0 22.009645359540336
4.0 50.0 24.89542464371346
4.0 51.0 24.68370442411485
4.0 52.0 28.552470442460454
4.0 53.0 33.46832611898903
4.0 54.0 38.15530727208697
4.0 57.0 57.311870835706706
4.0 59.0 61.74297301518307
4.0 61.0 64.1944036450989
4.0 62.0 67.32490807225835
4.0 63.0 66.02049537713395
4.0 65.0 25.727919983760252
4.0 66.0 29.48908857459111
4.0 67.0 33.225360169875344
4.0 68.0 37.0179701093123
4.0 69.0 41.33327468620557
4.0 70.0 31.788896703752002
4.0 73.0 41.22441772685635
4.0 74.0 46.538409192439104
4.0 75.0 45.98148118598605
4.0 76.0 42.689580722331065
4.0 78.0 47.454027098837756
4.0 79.0 53.18561505024298
4.0 80.0 50.85040409502864
4.0 81.0 49.47283274068063
4.0 82.0 29.101276323697803
4.0 83.0 30.460296608538226
4.0 84.0 45.780231024361
4.0 86.0 59.202029302550955
4.0 87.0 61.123010343487856
4.0 88.0 66.4354965931741
4.0 89.0 76.43549659262999
4.0 90.0 48.79804735635945
4.0 91.0 46.6021323501715
4.0 92.0 35.010344286265806
4.0 94.0 36.10749231133563
4.0 95.0 40.941774760287394
4.0 96.0 43.40031750203932
4.0 97.0 47.68275804507169
4.0 98.0 76.75896461255704
4.0 100.0 48.737662386144116
4.0 101.0 28.183098890313033
4.0 102.0 27.82641132162363
4.0 104.0 35.464522072929405
4.0 105.0 35.96948649302916
4.0 107.0 53.93680794822883
4.0 109.0 78.79967665371966
4.0 110.0 86.19909093916536
4.0 111.0 83.90196202593728
4.0 112.0 39.374983718944854
5.0 6.0 2.956924500785692
5.0 11.0 8.825244838420176
5.0 13.0 12.15543392793439
5.0 16.0 20.51281424743219
5.0 18.0 15.272345880208533
5.0 20.0 18.987751422071817
5.0 21.0 22.330828323573222
5.0 23.0 25.2983162638141
5.0 24.0 29.738817161237193
5.0 26.0 35.401491044965816
5.0 27.0 38.65653928392451
5.0 29.0 44.537097444845486
5.0 30.0 43.29323436947761
5.0 31.0 46.171351274965375
5.0 36.0 53.28033809394381
5.0 39.0 61.63540542970101
5.0 40.0 59.76154311260464
5.0 42.0 8.415712649713566
5.0 43.0 8.818632214501838
5.0 44.0 11.45557971259273
5.0 46.0 16.90597876390008
5.0 47.0 17.378818438500822
5.0 48.0 18.782749653961893
5.0 49.0 10.661365555228523
5.0 50.0 13.547144839336172
5.0 51.0 13.33542461969836
5.0 52.0 17.204190638139025
5.0 53.0 22.120046314790578
5.0 54.0 26.80702746790346
5.0 57.0 68.66015064005592
5.0 59.0 73.09125281990394
5.0 61.0 75.54268344922104
5.0 62.0 78.6731878771228
5.0 63.0 77.36877518095925
5.0 65.0 14.37964017946673
5.0 66.0 18.140808770483204
5.0 67.0 21.877080365526293
5.0 68.0 25.669690304767975
5.0 69.0 29.984994882008376
5.0 70.0 20.440616898817886
5.0 73.0 52.57269753122338
5.0 74.0 57.88668899713354
5.0 75.0 57.329760990661725
5.0 76.0 54.0378605264423
5.0 78.0 58.80230690300054
5.0 79.0 64.53389485457782
5.0 80.0 62.19868389935976
5.0 81.0 60.82111254495854
5.0 82.0 17.752996519500392
5.0 83.0 19.112016804084224
5.0 84.0 57.128510828514045
5.0 86.0 70.55030910671685
5.0 87.0 72.47129014764063
5.0 88.0 77.78377639696282
5.0 89.0 87.78377639738954
5.0 90.0 60.146327160816064
5.0 91.0 57.95041215468098
5.0 92.0 23.662064482030146
5.0 94.0 24.75921250726277
5.0 95.0 29.593494955884733
5.0 96.0 32.05203769773757
5.0 97.0 36.33447824037176
5.0 98.0 88.10724441733257
5.0 100.0 37.38938258185098
5.0 101.0 16.83481908598084
5.0 102.0 16.478131517311382
5.0 104.0 24.116242268677087
5.0 105.0 24.62120668895561
5.0 107.0 65.28508775244447
5.0 109.0 90.14795645831809
5.0 110.0 97.54737074277821
5.0 111.0 95.25024182932907
5.0 112.0 28.026703914664377
6.0 11.0 5.868320337675912
6.0 13.0 9.198509427181438
6.0 16.0 17.555889746770966
6.0 18.0 18.229270380997775
6.0 20.0 21.94467592280774
6.0 21.0 25.287752824262384
6.0 23.0 28.255240764556422
6.0 24.0 32.695741662016374
6.0 26.0 38.35841554604342
6.0 27.0 41.61346378456549
6.0 29.0 47.494021946130815
6.0 30.0 46.25015887070647
6.0 31.0 49.12827577561623
6.0 36.0 56.237262594661914
6.0 39.0 64.59232993071922
6.0 40.0 62.71846761323061
6.0 42.0 5.458788148983077
6.0 43.0 5.86170771365446
6.0 44.0 8.498655211985215
6.0 46.0 13.949054263109941
6.0 47.0 14.42189393755035
6.0 48.0 15.825825153276186
6.0 49.0 7.704441054567552
6.0 50.0 10.590220338640046
6.0 51.0 10.378500118951605
6.0 52.0 14.247266137359334
6.0 53.0 19.163121813588795
6.0 54.0 23.850102967058103
6.0 57.0 71.61707514074332
6.0 59.0 76.04817732040723
6.0 61.0 78.49960795010793
6.0 62.0 81.63011237858008
6.0 63.0 80.3256996817543
6.0 65.0 11.422715678537395
6.0 66.0 15.183884269738511
6.0 67.0 18.9201558647663
6.0 68.0 22.71276580395169
6.0 69.0 27.028070381650267
6.0 70.0 17.48369239845925
6.0 73.0 55.52962203192395
6.0 74.0 60.84361349769824
6.0 75.0 60.28668549141885
6.0 76.0 56.994785027275455
6.0 78.0 61.759231403824245
6.0 79.0 67.49081935528271
6.0 80.0 65.15560840012644
6.0 81.0 63.77803704578179
6.0 82.0 14.796072018932687
6.0 83.0 16.155092303510575
6.0 84.0 60.08543532917091
6.0 86.0 73.50723360782436
6.0 87.0 75.42821464836635
6.0 88.0 80.7407008989128
6.0 89.0 90.7407008974252
6.0 90.0 63.10325166153875
6.0 91.0 60.9073366555609
6.0 92.0 20.705139981103027
6.0 94.0 21.80228800632328
6.0 95.0 26.63657045521085
6.0 96.0 29.095113197090853
6.0 97.0 33.37755374010469
6.0 98.0 91.0641689178448
6.0 100.0 34.432458081216254
6.0 101.0 13.877894585105274
6.0 102.0 13.521207016633571
6.0 104.0 21.159317767793134
6.0 105.0 21.66428218794219
6.0 107.0 68.2420122533009
6.0 109.0 93.1048809585981
6.0 110.0 100.50429524443817
6.0 111.0 98.2071663306432
6.0 112.0 25.069779414045936
11.0 13.0 9.544148116600748
11.0 16.0 17.901528436310436
11.0 18.0 24.09759071870228
11.0 20.0 27.81299626039121
11.0 21.0 31.156073161908182
11.0 23.0 34.1235611021694
11.0 24.0 38.56406199972966
11.0 26.0 44.22673588341496
11.0 27.0 47.481784122135096
11.0 29.0 53.362342283746614
11.0 30.0 52.11847920827083
11.0 31.0 54.99659611325393
11.0 36.0 62.10558293220883
11.0 39.0 70.46065026781196
11.0 40.0 68.58678795058009
11.0 42.0 7.804426838502074
11.0 43.0 8.207346403308263
11.0 44.0 10.844293901689152
11.0 46.0 16.294692952734582
11.0 47.0 16.767532627215793
11.0 48.0 18.171463843087
11.0 49.0 10.050079744066945
11.0 50.0 12.935859028239323
11.0 51.0 12.724138808501277
11.0 52.0 16.59290482704782
11.0 53.0 21.508760503244353
11.0 54.0 26.195741656570096
11.0 57.0 77.48539547820909
11.0 59.0 81.91649765802268
11.0 61.0 84.36792828840723
11.0 62.0 87.49843271632406
11.0 63.0 86.19402001947338
11.0 65.0 13.768354368352377
11.0 66.0 17.529522958953702
11.0 67.0 21.265794554290217
11.0 68.0 25.058404493763145
11.0 69.0 29.373709070936574
11.0 70.0 19.829331088041755
11.0 73.0 61.39794236903437
11.0 74.0 66.71193383554105
11.0 75.0 66.15500582887539
11.0 76.0 62.86310536490576
11.0 78.0 67.62755174129907
11.0 79.0 73.35913969287142
11.0 80.0 71.02392873768923
11.0 81.0 69.64635738336335
11.0 82.0 15.141710708428528
11.0 83.0 16.50073099318383
11.0 84.0 65.95375566691035
11.0 86.0 79.37555394537958
11.0 87.0 81.29653498639766
11.0 88.0 86.60902123610684
11.0 89.0 96.60902123546771
11.0 90.0 68.97157199922256
11.0 91.0 66.77565699323743
11.0 92.0 21.050778670807457
11.0 94.0 22.147926695861038
11.0 95.0 26.982209144871376
11.0 96.0 29.440751886409473
11.0 97.0 33.72319242956738
11.0 98.0 96.93248925641774
11.0 100.0 36.778096770622255
11.0 101.0 16.22353327481157
11.0 102.0 15.866845706131496
11.0 104.0 23.504956457425322
11.0 105.0 24.009920877617443
11.0 107.0 74.11033259084155
11.0 109.0 98.97320129662063
11.0 110.0 106.37261558171365
11.0 111.0 104.07548666669871
11.0 112.0 27.415418103596288
13.0 16.0 19.05280819904522
13.0 18.0 27.427779808120846
13.0 20.0 31.143185349850185
13.0 21.0 34.486262251433786
13.0 23.0 37.4537501916498
13.0 24.0 41.89425108907837
13.0 26.0 47.556924973011675
13.0 27.0 50.81197321135617
13.0 29.0 56.692531373160406
13.0 30.0 55.44866829739209
13.0 31.0 58.32678520272802
13.0 36.0 65.43577202178817
13.0 39.0 73.79083935795133
13.0 40.0 71.91697704128194
13.0 42.0 11.134615928077839
13.0 43.0 11.537535492818206
13.0 44.0 14.174482990765922
13.0 46.0 19.62488204234364
13.0 47.0 20.097721716651424
13.0 48.0 21.501652932347408
13.0 49.0 13.380268833373293
13.0 50.0 16.266048117412254
13.0 51.0 16.054327897860983
13.0 52.0 19.923093916512407
13.0 53.0 24.838949593273046
13.0 54.0 29.52593074592698
13.0 57.0 80.81558456837152
13.0 59.0 85.24668674778329
13.0 61.0 87.69811737699938
13.0 62.0 90.82862180521266
13.0 63.0 89.52420910793485
13.0 65.0 17.098543457461584
13.0 66.0 20.859712048402265
13.0 67.0 24.59598364400536
13.0 68.0 28.388593582869333
13.0 69.0 32.70389815925716
13.0 70.0 23.159520177446915
13.0 73.0 64.72813145888416
13.0 74.0 70.04212292495853
13.0 75.0 69.48519491866368
13.0 76.0 66.19329445437637
13.0 78.0 70.9577408307509
13.0 79.0 76.68932878242568
13.0 80.0 74.3541178271482
13.0 81.0 72.97654647278334
13.0 82.0 16.29299047104107
13.0 83.0 17.65201075576391
13.0 84.0 69.28394475643847
13.0 86.0 82.70574303466367
13.0 87.0 84.62672407545742
13.0 88.0 89.93921032503891
13.0 89.0 99.93921032587394
13.0 90.0 72.30176108896758
13.0 91.0 70.10584608262852
13.0 92.0 22.20205843355769
13.0 94.0 23.299206458513428
13.0 95.0 28.1334889075686
13.0 96.0 30.592031649295215
13.0 97.0 34.874472192076865
13.0 98.0 100.26267834602349
13.0 100.0 40.10828586063235
13.0 101.0 19.55372236420928
13.0 102.0 19.197034795669325
13.0 104.0 26.83514554679047
13.0 105.0 27.340109967166306
13.0 107.0 77.44052168030407
13.0 109.0 102.30339038621392
13.0 110.0 109.70280467042483
13.0 111.0 107.40567575623041
13.0 112.0 30.7456071931969
16.0 18.0 35.78516012763065
16.0 20.0 39.50056566945681
16.0 21.0 42.84364257078225
16.0 23.0 45.81113051123343
16.0 24.0 50.25163140853727
16.0 26.0 55.91430529265074
16.0 27.0 59.169353530660075
16.0 29.0 65.04991169328348
16.0 30.0 63.80604861705698
16.0 31.0 66.68416552273807
16.0 36.0 73.79315234135964
16.0 39.0 82.14821967764956
16.0 40.0 80.2743573595495
16.0 42.0 19.4919962476206
16.0 43.0 19.894915812460347
16.0 44.0 22.531863310559647
16.0 46.0 27.98226236173327
16.0 47.0 28.455102036329876
16.0 48.0 29.859033252080756
16.0 49.0 21.7376491531784
16.0 50.0 24.623428437386963
16.0 51.0 24.411708217569647
16.0 52.0 28.280474236069388
16.0 53.0 33.196329912176935
16.0 54.0 37.883311065436715
16.0 57.0 89.17296488697494
16.0 59.0 93.60406706687242
16.0 61.0 96.05549769656884
16.0 62.0 99.18600212546474
16.0 63.0 97.88158942919878
16.0 65.0 25.455923777363644
16.0 66.0 29.217092368316216
16.0 67.0 32.95336396300243
16.0 68.0 36.74597390316882
16.0 69.0 41.06127848033988
16.0 70.0 31.516900496890145
16.0 73.0 73.08551177834815
16.0 74.0 78.39950324463999
16.0 75.0 77.84257523766343
16.0 76.0 74.55067477415263
16.0 78.0 79.31512115030631
16.0 79.0 85.04670910183788
16.0 80.0 82.71149814668817
16.0 81.0 81.33392679235769
16.0 82.0 20.13559066940532
16.0 83.0 21.494610954116595
16.0 84.0 77.64132507594874
16.0 86.0 91.06312335398576
16.0 87.0 92.98410439507069
16.0 88.0 98.29659064471517
16.0 89.0 108.2965906441168
16.0 90.0 80.6591414080934
16.0 91.0 78.46322640195763
16.0 92.0 26.04465863187143
16.0 94.0 16.55891738172358
16.0 95.0 21.39319983065113
16.0 96.0 23.851742572439157
16.0 97.0 28.13418311538416
16.0 98.0 108.62005866529807
16.0 100.0 48.46566617931194
16.0 101.0 27.91110268393272
16.0 102.0 27.55441511509325
16.0 104.0 35.19252586648429
16.0 105.0 35.69749028666891
16.0 107.0 85.7979019997466
16.0 109.0 110.66077070575713
16.0 110.0 118.06018499077156
16.0 111.0 115.76305607692314
16.0 112.0 39.10298751241299
18.0 20.0 3.715405541848286
18.0 21.0 7.0584824434397655
18.0 23.0 10.025970383677423
18.0 24.0 14.466471281238192
18.0 26.0 20.129145164799162
18.0 27.0 23.38419340364987
18.0 29.0 29.26475156542945
18.0 30.0 28.020888489800818
18.0 31.0 30.899005395084814
18.0 36.0 38.007992213927
18.0 39.0 46.36305954963962
18.0 40.0 44.48919723201625
18.0 42.0 23.688058529968067
18.0 43.0 24.090978094685724
18.0 44.0 26.727925592858252
18.0 46.0 32.17832464417041
18.0 47.0 32.65116431851753
18.0 48.0 34.055095534319236
18.0 49.0 25.933711435434684
18.0 50.0 28.819490719566534
18.0 51.0 28.607770499827645
18.0 52.0 32.47653651824354
18.0 53.0 37.39239219482624
18.0 54.0 42.07937334796181
18.0 57.0 53.387804760657545
18.0 59.0 57.8189069394613
18.0 61.0 60.270337569015766
18.0 62.0 63.400841996011366
18.0 63.0 62.09642930115147
18.0 65.0 29.651986059719388
18.0 66.0 33.41315465049603
18.0 67.0 37.1494262455598
18.0 68.0 40.94203618514743
18.0 69.0 45.25734076216136
18.0 70.0 35.712962779273894
18.0 73.0 37.300351650886135
18.0 74.0 42.61434311600083
18.0 75.0 42.057415110467254
18.0 76.0 38.765514646401485
18.0 78.0 43.5299610229149
18.0 79.0 49.261548974430866
18.0 80.0 46.92633801924403
18.0 81.0 45.548766664910445
18.0 82.0 33.02534239956867
18.0 83.0 34.384362684338925
18.0 84.0 41.85616494869551
18.0 86.0 55.277963226449785
18.0 87.0 57.19894426775716
18.0 88.0 62.51143051699276
18.0 89.0 72.51143051736314
18.0 90.0 44.87398128084198
18.0 91.0 42.6780662747795
18.0 92.0 38.934410362008634
18.0 94.0 40.031558387101924
18.0 95.0 44.86584083590118
18.0 96.0 47.32438357783387
18.0 97.0 51.6068241208158
18.0 98.0 72.83489853740132
18.0 100.0 52.66172846199989
18.0 101.0 32.10716496608549
18.0 102.0 31.750477397363767
18.0 104.0 39.38858814876417
18.0 105.0 39.893552568940834
18.0 107.0 50.01274187236589
18.0 109.0 74.87561057812613
18.0 110.0 82.27502486456099
18.0 111.0 79.97789594941742
18.0 112.0 43.299049794876645
20.0 21.0 3.343076901476854
20.0 23.0 6.310564841865872
20.0 24.0 10.751065739336752
20.0 26.0 16.413739623118133
20.0 27.0 19.66878786163727
20.0 29.0 25.549346023901045
20.0 30.0 24.305482948278087
20.0 31.0 27.183599852762036
20.0 36.0 34.29258667215836
20.0 39.0 42.64765400812538
20.0 40.0 40.77379169117745
20.0 42.0 27.403464071690674
20.0 43.0 27.80638363647663
20.0 44.0 30.443331134747282
20.0 46.0 35.89373018591554
20.0 47.0 36.36656986037971
20.0 48.0 37.77050107628261
20.0 49.0 29.64911697725047
20.0 50.0 32.53489626134341
20.0 51.0 32.32317604158821
20.0 52.0 36.19194206017214
20.0 53.0 41.10779773651941
20.0 54.0 45.79477888983051
20.0 57.0 49.67239921757707
20.0 59.0 54.1035013980448
20.0 61.0 56.554932027003666
20.0 62.0 59.68543645554685
20.0 63.0 58.38102375906167
20.0 65.0 33.36739160140216
20.0 66.0 37.128560192201434
20.0 67.0 40.86483178743809
20.0 68.0 44.6574417269089
20.0 69.0 48.972746303971334
20.0 70.0 39.42836832108812
20.0 73.0 33.584946108962086
20.0 74.0 38.89893757341691
20.0 75.0 38.342009568548946
20.0 76.0 35.050109104702
20.0 78.0 39.814555481105245
20.0 79.0 45.54614343268414
20.0 80.0 43.21093247743306
20.0 81.0 41.833361123082426
20.0 82.0 36.74074794134864
20.0 83.0 38.09976822608517
20.0 84.0 38.14075940657303
20.0 86.0 51.56255768451232
20.0 87.0 53.48353872586566
20.0 88.0 58.79602497588622
20.0 89.0 68.79602497498672
20.0 90.0 41.15857573912436
20.0 91.0 38.96266073335847
20.0 92.0 42.64981590383424
20.0 94.0 43.746963928960284
20.0 95.0 48.58124637767801
20.0 96.0 51.039789119753074
20.0 97.0 55.32222966276672
20.0 98.0 69.11949299489461
20.0 100.0 56.37713400374008
20.0 101.0 35.822570507979194
20.0 102.0 35.465882939285365
20.0 104.0 43.103993690589796
20.0 105.0 43.608958110675374
20.0 107.0 46.29733633126073
20.0 109.0 71.16020503498571
20.0 110.0 78.55961932151384
20.0 111.0 76.26249040758191
20.0 112.0 47.014455336705794
21.0 23.0 2.9674879402567464
21.0 24.0 7.4079888378191345
21.0 26.0 13.07066272164463
21.0 27.0 16.325710960216917
21.0 29.0 22.206269122178025
21.0 30.0 20.962406046594943
21.0 31.0 23.840522951488218
21.0 36.0 30.94950977061292
21.0 39.0 39.30457710656996
21.0 40.0 37.430714789133944
21.0 42.0 30.746540973234495
21.0 43.0 31.149460538082806
21.0 44.0 33.7864080361834
21.0 46.0 39.236807087427486
21.0 47.0 39.70964676192487
21.0 48.0 41.11357797750804
21.0 49.0 32.992193878688106
21.0 50.0 35.877973162882014
21.0 51.0 35.66625294316781
21.0 52.0 39.53501896164918
21.0 53.0 44.450874637961505
21.0 54.0 49.137855791268365
21.0 57.0 46.32932231618463
21.0 59.0 50.76042449651325
21.0 61.0 53.211855125573926
21.0 62.0 56.34235955367822
21.0 63.0 55.03794685803742
21.0 65.0 36.71046850296172
21.0 66.0 40.47163709376325
21.0 67.0 44.20790868877354
21.0 68.0 48.000518628233536
21.0 69.0 52.31582320525617
21.0 70.0 42.771445222528364
21.0 73.0 30.241869207522626
21.0 74.0 35.5558606732974
21.0 75.0 34.99893266793025
21.0 76.0 31.707032203211988
21.0 78.0 36.471478579684856
21.0 79.0 42.20306653123293
21.0 80.0 39.867855575963034
21.0 81.0 38.490284221854296
21.0 82.0 40.08382484291528
21.0 83.0 41.44284512767615
21.0 84.0 34.7976825049014
21.0 86.0 48.219480783301876
21.0 87.0 50.140461824228154
21.0 88.0 55.45294807414931
21.0 89.0 65.45294807401683
21.0 90.0 37.81549883764264
21.0 91.0 35.61958383166968
21.0 92.0 45.99289280524957
21.0 94.0 47.09004083046035
21.0 95.0 51.9243232793656
21.0 96.0 54.382866021108335
21.0 97.0 58.66530656386844
21.0 98.0 65.77641609439226
21.0 100.0 59.72021090531088
21.0 101.0 39.165647409404315
21.0 102.0 38.80895984073058
21.0 104.0 46.44707059210175
21.0 105.0 46.952035012113534
21.0 107.0 42.95425942974443
21.0 109.0 67.81712813447984
21.0 110.0 75.2165424205929
21.0 111.0 72.9194135058867
21.0 112.0 50.35753223812843
23.0 24.0 4.4405008975299385
23.0 26.0 10.103174781247851
23.0 27.0 13.358223020025392
23.0 29.0 19.23878118178166
23.0 30.0 17.994918106198377
23.0 31.0 20.87303501127832
23.0 36.0 27.982021830304483
23.0 39.0 36.337089166490706
23.0 40.0 34.4632268490586
23.0 42.0 33.714028913531635
23.0 43.0 34.11694847828903
23.0 44.0 36.753895976528874
23.0 46.0 42.20429502793465
23.0 47.0 42.67713470200499
23.0 48.0 44.08106591766176
23.0 49.0 35.95968181901462
23.0 50.0 38.845461103116456
23.0 51.0 38.6337408834315
23.0 52.0 42.50250690196226
23.0 53.0 47.41836257832451
23.0 54.0 52.10534373153196
23.0 57.0 43.36183437695689
23.0 59.0 47.79293655565385
23.0 61.0 50.24436718517297
23.0 62.0 53.37487161328832
23.0 63.0 52.07045891774728
23.0 65.0 39.67795644316007
23.0 66.0 43.43912503395325
23.0 67.0 47.17539662914801
23.0 68.0 50.96800656860999
23.0 69.0 55.28331114570389
23.0 70.0 45.73893316278373
23.0 73.0 27.27438126709041
23.0 74.0 32.5883727331475
23.0 75.0 32.03144472672644
23.0 76.0 28.739544262901184
23.0 78.0 33.50399063938072
23.0 79.0 39.2355785909385
23.0 80.0 36.90036763569531
23.0 81.0 35.522796281251225
23.0 82.0 43.05131278303813
23.0 83.0 44.41033306796664
23.0 84.0 31.830194564775944
23.0 86.0 45.25199284286543
23.0 87.0 47.172973883901776
23.0 88.0 52.48546013362639
23.0 89.0 62.485460133503636
23.0 90.0 34.84801089728617
23.0 91.0 32.65209589114896
23.0 92.0 48.960380745737936
23.0 94.0 50.05752877074021
23.0 95.0 54.89181121964436
23.0 96.0 57.35035396159603
23.0 97.0 61.6327945043181
23.0 98.0 62.80892815389504
23.0 100.0 62.6876988455696
23.0 101.0 42.133135349804746
23.0 102.0 41.77644778110689
23.0 104.0 49.41455853236331
23.0 105.0 49.91952295235856
23.0 107.0 39.986771489003196
23.0 109.0 64.84964019450045
23.0 110.0 72.24905448053666
23.0 111.0 69.9519255654708
23.0 112.0 53.32502017861712
24.0 26.0 5.662673883789097
24.0 27.0 8.917722122572023
24.0 29.0 14.798280284317432
24.0 30.0 13.554417208751492
24.0 31.0 16.432534113870233
24.0 36.0 23.541520933071986
24.0 39.0 31.896588268976167
24.0 40.0 30.022725951571488
24.0 42.0 38.154529810861675
24.0 43.0 38.55744937574731
24.0 44.0 41.19439687397293
24.0 46.0 46.64479592544408
24.0 47.0 47.11763559956946
24.0 48.0 48.52156681524733
24.0 49.0 40.400182716437826
24.0 50.0 43.28596200067157
24.0 51.0 43.074241780824536
24.0 52.0 46.943007799409045
24.0 53.0 51.85886347578255
24.0 54.0 56.54584462906449
24.0 57.0 38.921333479155955
24.0 59.0 43.35243565808342
24.0 61.0 45.80386628768517
24.0 62.0 48.93437071604273
24.0 63.0 47.62995801958736
24.0 65.0 44.11845734056668
24.0 66.0 47.87962593142526
24.0 67.0 51.61589752662763
24.0 68.0 55.4085074660438
24.0 69.0 59.72381204332352
24.0 70.0 50.17943406009588
24.0 73.0 22.833880369665557
24.0 74.0 28.147871835883443
24.0 75.0 27.59094382919661
24.0 76.0 24.29904336548499
24.0 78.0 29.063489741931427
24.0 79.0 34.79507769344949
24.0 80.0 32.4598667382906
24.0 81.0 31.082295384267407
24.0 82.0 47.49181368070617
24.0 83.0 48.85083396544066
24.0 84.0 27.389693667399797
24.0 86.0 40.811491945658624
24.0 87.0 42.732472986704586
24.0 88.0 48.04495923626148
24.0 89.0 58.04495923556753
24.0 90.0 30.40750999980331
24.0 91.0 28.211594993642752
24.0 92.0 53.40088164329474
24.0 94.0 54.49802966818978
24.0 95.0 59.33231211717573
24.0 96.0 61.790854859035605
24.0 97.0 66.07329540172766
24.0 98.0 58.368427256308365
24.0 100.0 67.12819974289457
24.0 101.0 46.57363624732821
24.0 102.0 46.21694867847705
24.0 104.0 53.85505942980759
24.0 105.0 54.360023849814276
24.0 107.0 35.54627059147917
24.0 109.0 60.40913929573736
24.0 110.0 67.80855358211822
24.0 111.0 65.51142466747268
24.0 112.0 57.76552107599744
26.0 27.0 3.255048238696924
26.0 29.0 9.135606400551174
26.0 30.0 7.891743325067845
26.0 31.0 10.769860230169144
26.0 36.0 17.87884704922144
26.0 39.0 26.233914385181997
26.0 40.0 24.36005206789754
26.0 42.0 43.81720369471674
26.0 43.0 44.22012325944674
26.0 44.0 46.85707075780449
26.0 46.0 52.30746980887776
26.0 47.0 52.78030948286437
26.0 48.0 54.184240698946624
26.0 49.0 46.06285660032414
26.0 50.0 48.94863588429193
26.0 51.0 48.73691566490549
26.0 52.0 52.60568168325979
26.0 53.0 57.52153735969796
26.0 54.0 62.20851851289514
26.0 57.0 33.2586595957834
26.0 59.0 37.68976177495101
26.0 61.0 40.1411924045373
26.0 62.0 43.27169683269322
26.0 63.0 41.967284136423594
26.0 65.0 49.7811312242384
26.0 66.0 53.5422998151867
26.0 67.0 57.278571410489405
26.0 68.0 61.07118134985487
26.0 69.0 65.38648592672367
26.0 70.0 55.84210794356302
26.0 73.0 17.17120648581159
26.0 74.0 22.485197951675012
26.0 75.0 21.928269945985623
26.0 76.0 18.63636948179243
26.0 78.0 23.400815858142657
26.0 79.0 29.13240380973867
26.0 80.0 26.797192854541585
26.0 81.0 25.419621500144054
26.0 82.0 53.15448756437537
26.0 83.0 54.513507848706524
26.0 84.0 21.727019783565034
26.0 86.0 35.14881806178368
26.0 87.0 37.069799102903836
26.0 88.0 42.38228535268391
26.0 89.0 52.38228535246411
26.0 90.0 24.744836115920542
26.0 91.0 22.548921110116737
26.0 92.0 59.063555526899556
26.0 94.0 60.160703552269126
26.0 95.0 64.99498600090239
26.0 96.0 67.45352874257175
26.0 97.0 71.73596928525734
26.0 98.0 52.705753373050904
26.0 100.0 72.79087362702776
26.0 101.0 52.23631013089303
26.0 102.0 51.87962256221829
26.0 104.0 59.51773331378298
26.0 105.0 60.02269773391061
26.0 107.0 29.883596707754364
26.0 109.0 54.746465413303525
26.0 110.0 62.145879699535925
26.0 111.0 59.848750784798646
26.0 112.0 63.428194959600766
27.0 29.0 5.880558161875609
27.0 30.0 4.636695086364624
27.0 31.0 7.514811991451177
27.0 36.0 14.623798810406525
27.0 39.0 22.978866146452468
27.0 40.0 21.1050038294866
27.0 42.0 47.07225193329151
27.0 43.0 47.47517149793086
27.0 44.0 50.112118996717484
27.0 46.0 55.5625180477365
27.0 47.0 56.035357721649234
27.0 48.0 57.439288937730765
27.0 49.0 49.31790483896346
27.0 50.0 52.20368412317381
27.0 51.0 51.99196390381975
27.0 52.0 55.86072992225118
27.0 53.0 60.77658559800783
27.0 54.0 65.46356675166595
27.0 57.0 30.003611356428557
27.0 59.0 34.43471353667302
27.0 61.0 36.88614416565912
27.0 62.0 40.01664859338086
27.0 63.0 38.7122358973952
27.0 65.0 53.03617946351432
27.0 66.0 56.79734805414883
27.0 67.0 60.53361964899413
27.0 68.0 64.32622958853226
27.0 69.0 68.64153416536595
27.0 70.0 59.097156182330224
27.0 73.0 13.916158247097842
27.0 74.0 19.23014971306858
27.0 75.0 18.67322170679062
27.0 76.0 15.381321243012913
27.0 78.0 20.14576761951315
27.0 79.0 25.877355571042006
27.0 80.0 23.542144615815957
27.0 81.0 22.164573261456713
27.0 82.0 56.40953580308452
27.0 83.0 57.76855608745621
27.0 84.0 18.47197154505162
27.0 86.0 31.89376982292788
27.0 87.0 33.81475086424002
27.0 88.0 39.12723711348821
27.0 89.0 49.1272371137624
27.0 90.0 21.489787877434246
27.0 91.0 19.29387287143885
27.0 92.0 62.31860376535043
27.0 94.0 63.41575179039868
27.0 95.0 68.2500342398394
27.0 96.0 70.7085769811656
27.0 97.0 74.99101752421618
27.0 98.0 49.45070513412765
27.0 100.0 76.04592186602234
27.0 101.0 55.49135836957977
27.0 102.0 55.134670800838606
27.0 104.0 62.772781552124485
27.0 105.0 63.277745972530276
27.0 107.0 26.628548469017712
27.0 109.0 51.491417174363384
27.0 110.0 58.890831459952516
27.0 111.0 56.59370254519693
27.0 112.0 66.6832431983427
29.0 30.0 3.4672476390676605
29.0 31.0 1.634253829464019
29.0 36.0 8.743240647844626
29.0 39.0 17.098307985044826
29.0 40.0 15.224445667263733
29.0 42.0 52.952810094989616
29.0 43.0 53.35572966031714
29.0 44.0 55.992677158284906
29.0 46.0 61.443076208885856
29.0 47.0 61.91591588393408
29.0 48.0 63.31984709938929
29.0 49.0 55.19846300058957
29.0 50.0 58.08424228469477
29.0 51.0 57.87252206482883
29.0 52.0 61.74128808332963
29.0 53.0 66.65714375998809
29.0 54.0 71.34412491306652
29.0 57.0 24.12305319477406
29.0 59.0 28.5541553740506
29.0 61.0 31.005586004048855
29.0 62.0 34.136090431755015
29.0 63.0 32.83167773612814
29.0 65.0 58.91673762479498
29.0 66.0 62.67790621574402
29.0 67.0 66.41417781077516
29.0 68.0 70.20678775020512
29.0 69.0 74.52209232727978
29.0 70.0 64.97771434396915
29.0 73.0 12.746710800107103
29.0 74.0 18.060702266355857
29.0 75.0 17.503774259567166
29.0 76.0 9.500763081132524
29.0 78.0 14.265209457655821
29.0 79.0 19.99679740921646
29.0 80.0 17.66158645408447
29.0 81.0 16.284015099668473
29.0 82.0 62.29009396476329
29.0 83.0 63.6491142487193
29.0 84.0 17.302524097570515
29.0 86.0 30.724322376028322
29.0 87.0 32.64530341625543
29.0 88.0 33.24667895178521
29.0 89.0 43.24667895194105
29.0 90.0 15.609229715466048
29.0 91.0 13.41331470936999
29.0 92.0 68.19916192685976
29.0 94.0 69.29630995235044
29.0 95.0 74.13059240049799
29.0 96.0 76.58913514314563
29.0 97.0 80.8715756860179
29.0 98.0 43.57014697265787
29.0 100.0 81.92648002716923
29.0 101.0 61.371916531274536
29.0 102.0 61.01522896254039
29.0 104.0 68.65333971395422
29.0 105.0 69.15830413401066
29.0 107.0 20.747990307292106
29.0 109.0 45.610859012696
29.0 110.0 53.010273298606755
29.0 111.0 50.71314438455631
29.0 112.0 72.56380136002274
30.0 31.0 5.101501468705942
30.0 36.0 12.210488287704434
30.0 39.0 20.56555562376993
30.0 40.0 18.691693306495807
30.0 42.0 51.70894701936774
30.0 43.0 52.11186658428912
30.0 44.0 54.74881408259641
30.0 46.0 60.19921313300166
30.0 47.0 60.67205280805122
30.0 48.0 62.075984024199386
30.0 49.0 53.95459992509528
30.0 50.0 56.84037920935516
30.0 51.0 56.62865898976479
30.0 52.0 60.49742500836738
30.0 53.0 65.41328068446059
30.0 54.0 70.10026183762533
30.0 57.0 27.590300833988607
30.0 59.0 32.02140301309609
30.0 61.0 34.47283364279772
30.0 62.0 37.6033380711848
30.0 63.0 36.298925374855855
30.0 65.0 57.67287454921999
30.0 66.0 61.43404314030221
30.0 67.0 65.17031473526171
30.0 68.0 68.96292467470178
30.0 69.0 73.27822925171722
30.0 70.0 63.73385126887665
30.0 73.0 9.279463160959251
30.0 74.0 14.593454626643833
30.0 75.0 14.036526620340103
30.0 76.0 12.968010720226335
30.0 78.0 17.73245709677368
30.0 79.0 23.464045048439367
30.0 80.0 21.128834093039387
30.0 81.0 19.75126273867956
30.0 82.0 61.046230889246544
30.0 83.0 62.40525117371203
30.0 84.0 13.83527645934324
30.0 86.0 27.257074736724956
30.0 87.0 29.178055777805508
30.0 88.0 36.7139265907
30.0 89.0 46.71392659122007
30.0 90.0 19.07647735448219
30.0 91.0 16.880562348554744
30.0 92.0 66.9552988517271
30.0 94.0 68.05244687626987
30.0 95.0 72.88672932665509
30.0 96.0 75.34527206782508
30.0 97.0 79.62771261009524
30.0 98.0 47.03739461120426
30.0 100.0 80.68261695171819
30.0 101.0 60.128053456195985
30.0 102.0 59.77136588755898
30.0 104.0 67.40947663847162
30.0 105.0 67.91444105898144
30.0 107.0 24.215237946151625
30.0 109.0 49.07810665156145
30.0 110.0 56.47752093730187
30.0 111.0 54.180392023136676
30.0 112.0 71.31993828454888
31.0 36.0 7.108986819027146
31.0 39.0 15.464054155720572
31.0 40.0 13.590191838167454
31.0 42.0 54.58706392451573
31.0 43.0 54.98998348969683
31.0 44.0 57.62693098828956
31.0 46.0 63.077330039789274
31.0 47.0 63.550169712996514
31.0 48.0 64.95410092932514
31.0 49.0 56.832716830417496
31.0 50.0 59.71849611415547
31.0 51.0 59.50677589394833
31.0 52.0 63.37554191288358
31.0 53.0 68.29139758934957
31.0 54.0 72.97837874266929
31.0 57.0 22.488799365040414
31.0 59.0 26.91990154422973
31.0 61.0 29.37133217479896
31.0 62.0 32.50183660288641
31.0 63.0 31.197423906645206
31.0 65.0 60.550991454371726
31.0 66.0 64.31216004512542
31.0 67.0 68.0484316403443
31.0 68.0 71.84104157954171
31.0 69.0 76.15634615662901
31.0 70.0 66.61196817407637
31.0 73.0 14.380964629446693
31.0 74.0 19.694956095741667
31.0 75.0 19.138028088726017
31.0 76.0 7.866509251661426
31.0 78.0 12.630955628108389
31.0 79.0 18.36254357970376
31.0 80.0 16.027332624475545
31.0 81.0 14.649761270053492
31.0 82.0 63.924347794136196
31.0 83.0 65.28336807916725
31.0 84.0 18.93677792727677
31.0 86.0 32.3585762054712
31.0 87.0 34.27955724723066
31.0 88.0 31.6124251224748
31.0 89.0 41.61242512322911
31.0 90.0 13.97497588602354
31.0 91.0 11.779060880041964
31.0 92.0 69.83341575667473
31.0 94.0 70.93056378273336
31.0 95.0 75.76484623093309
31.0 96.0 78.22338897224861
31.0 97.0 82.50582951546427
31.0 98.0 41.93589314352292
31.0 100.0 83.56073385650532
31.0 101.0 63.00617036084718
31.0 102.0 62.64948279212627
31.0 104.0 70.28759354340391
31.0 105.0 70.79255796341778
31.0 107.0 19.11373647780356
31.0 109.0 43.97660518294881
31.0 110.0 51.37601946844628
31.0 111.0 49.07889055474686
31.0 112.0 74.19805518955008
36.0 39.0 8.355067336092631
36.0 40.0 6.481205018791835
36.0 42.0 61.696050743428415
36.0 43.0 62.0989703080044
36.0 44.0 64.73591780668752
36.0 46.0 70.18631685757202
36.0 47.0 70.65915653198621
36.0 48.0 72.06308774787298
36.0 49.0 63.94170364930017
36.0 50.0 66.82748293328686
36.0 51.0 66.61576271369698
36.0 52.0 70.48452873177831
36.0 53.0 75.4003844083461
36.0 54.0 80.08736556142459
36.0 57.0 15.379812546200561
36.0 59.0 19.810914725842906
36.0 61.0 22.26234535521782
36.0 62.0 25.392849783116038
36.0 63.0 24.088437086853457
36.0 65.0 67.65997827337205
36.0 66.0 71.42114686409963
36.0 67.0 75.15741845926391
36.0 68.0 78.95002839864111
36.0 69.0 83.26533297571471
36.0 70.0 73.720954993127
36.0 73.0 21.48995144881399
36.0 74.0 26.80394291520632
36.0 75.0 26.247014908166825
36.0 76.0 10.78818257527432
36.0 78.0 15.552628951461603
36.0 79.0 21.284216903213405
36.0 80.0 18.949005947871235
36.0 81.0 17.571434593668705
36.0 82.0 71.0333346132544
36.0 83.0 72.39235489849708
36.0 84.0 26.045764745540808
36.0 86.0 39.46756302581811
36.0 87.0 41.38854406590829
36.0 88.0 24.50343830363305
36.0 89.0 34.503438303715804
36.0 90.0 12.43375966851718
36.0 91.0 10.23784466253103
36.0 92.0 76.94240257582551
36.0 94.0 78.03955060141675
36.0 95.0 82.87383304995596
36.0 96.0 85.33237579191501
36.0 97.0 89.61481633455008
36.0 98.0 34.826906323409965
36.0 100.0 90.66972067546749
36.0 101.0 70.11515717976647
36.0 102.0 69.75846961105471
36.0 104.0 77.39658036216653
36.0 105.0 77.90154478264029
36.0 107.0 22.035409800645574
36.0 109.0 36.867618363721746
36.0 110.0 44.26703264960093
36.0 111.0 41.969903735028225
36.0 112.0 81.30704200873097
39.0 40.0 4.510697632388767
39.0 42.0 70.05111807947677
39.0 43.0 70.45403764434668
39.0 44.0 73.09098514310172
39.0 46.0 78.5413841940191
39.0 47.0 79.0142238678404
39.0 48.0 80.41815508395533
39.0 49.0 72.29677098505056
39.0 50.0 75.18255026889872
39.0 51.0 74.97083004941373
39.0 52.0 78.839596067544
39.0 53.0 83.75545174466399
39.0 54.0 88.44243289730325
39.0 57.0 13.409305159703697
39.0 59.0 17.840407340020967
39.0 61.0 20.29183796915983
39.0 62.0 23.422342397922755
39.0 63.0 22.117929700790732
39.0 65.0 76.01504560924462
39.0 66.0 79.7762141999178
39.0 67.0 83.5124857954565
39.0 68.0 87.30509573431974
39.0 69.0 91.62040031161227
39.0 70.0 82.07602232944272
39.0 73.0 29.845018784860287
39.0 74.0 35.15901025074433
39.0 75.0 34.602082244578426
39.0 76.0 19.143249912094312
39.0 78.0 23.90769628804055
39.0 79.0 29.639284239372685
39.0 80.0 27.304073283863914
39.0 81.0 25.92650192992566
39.0 82.0 79.38840194916577
39.0 83.0 80.74742223415436
39.0 84.0 34.40083208234668
39.0 86.0 47.82263036069537
39.0 87.0 49.74361140178652
39.0 88.0 22.5329309171265
39.0 89.0 32.53293091709736
39.0 90.0 20.788827004059605
39.0 91.0 18.592911999058586
39.0 92.0 85.29746991188357
39.0 94.0 86.39461793680239
39.0 95.0 91.2289003865863
39.0 96.0 93.68744312777355
39.0 97.0 97.9698836701152
39.0 98.0 32.85639893778456
39.0 100.0 99.02478801135757
39.0 101.0 78.47022451505204
39.0 102.0 78.11353694746049
39.0 104.0 85.75164769792269
39.0 105.0 86.25661211908692
39.0 107.0 30.39047713719298
39.0 109.0 34.89711097753825
39.0 110.0 42.29652526401288
39.0 111.0 39.999396349095676
39.0 112.0 89.66210934418399
40.0 42.0 68.17725576256387
40.0 43.0 68.58017532757428
40.0 44.0 71.21712282542029
40.0 46.0 76.6675218763464
40.0 47.0 77.14036155110372
40.0 48.0 78.544292766745
40.0 49.0 70.42290866769696
40.0 50.0 73.30868795235548
40.0 51.0 73.09696773201885
40.0 52.0 76.96573375002131
40.0 53.0 81.88158942691805
40.0 54.0 86.5685705802778
40.0 57.0 8.898607527624417
40.0 59.0 13.32970970676244
40.0 61.0 15.78114033643253
40.0 62.0 18.911644765439632
40.0 63.0 17.607232067919902
40.0 65.0 74.1411832913623
40.0 66.0 77.90235188287252
40.0 67.0 81.6386234780573
40.0 68.0 85.43123341732056
40.0 69.0 89.74653799434276
40.0 70.0 80.20216001126792
40.0 73.0 27.97115646763571
40.0 74.0 33.28514793319633
40.0 75.0 32.72821992649415
40.0 76.0 17.269387593325472
40.0 78.0 22.033833970734648
40.0 79.0 27.765421921484418
40.0 80.0 25.430210967048517
40.0 81.0 24.052639612527642
40.0 82.0 77.51453963176115
40.0 83.0 78.87355991718687
40.0 84.0 32.52696976523374
40.0 86.0 45.94876804392529
40.0 87.0 47.86974908428539
40.0 88.0 18.022233284692803
40.0 89.0 28.02223328468064
40.0 90.0 18.914964686954008
40.0 91.0 16.719049681239497
40.0 92.0 83.42360759442818
40.0 94.0 84.52075561961664
40.0 95.0 89.35503806800567
40.0 96.0 91.81358081090147
40.0 97.0 96.0960213531587
40.0 98.0 28.34570130486682
40.0 100.0 97.1509256940458
40.0 101.0 76.59636219803664
40.0 102.0 76.23967462952027
40.0 104.0 83.87778538084552
40.0 105.0 84.38274980060602
40.0 107.0 28.51661482024435
40.0 109.0 30.386413345488016
40.0 110.0 37.785827632747846
40.0 111.0 35.488698715918865
40.0 112.0 87.78824702700969
42.0 43.0 5.340237267271467
42.0 44.0 7.9771847655590555
42.0 46.0 13.427583816764052
42.0 47.0 13.900423491104565
42.0 48.0 15.304354706832857
42.0 49.0 2.245652905592603
42.0 50.0 5.13143218967271
42.0 51.0 4.919711969928641
42.0 52.0 8.788477988214474
42.0 53.0 13.704333664846812
42.0 54.0 18.391314818128333
42.0 57.0 77.07586328937705
42.0 59.0 81.50696546849892
42.0 61.0 83.95839609871487
42.0 62.0 87.08890052709845
42.0 63.0 85.784487831235
42.0 65.0 10.901245232347144
42.0 66.0 14.662413823070215
42.0 67.0 18.398685417987508
42.0 68.0 22.1912953574925
42.0 69.0 26.506599934739583
42.0 70.0 16.96222195184963
42.0 73.0 60.988410180781585
42.0 74.0 66.30240164689273
42.0 75.0 65.74547364048713
42.0 76.0 62.45357317620983
42.0 78.0 67.21801955266244
42.0 79.0 72.94960750402886
42.0 80.0 70.61439654904204
42.0 81.0 69.23682519474012
42.0 82.0 16.73217851970368
42.0 83.0 18.091198804535203
42.0 84.0 65.54422347826619
42.0 86.0 78.96602175621234
42.0 87.0 80.8870027975877
42.0 88.0 86.19948904660927
42.0 89.0 96.19948904747748
42.0 90.0 68.56203981049754
42.0 91.0 66.36612480449644
42.0 92.0 22.641246482268837
42.0 94.0 23.738394507231042
42.0 95.0 28.57267695610597
42.0 96.0 31.03121969764344
42.0 97.0 35.31366024078009
42.0 98.0 96.52295706694743
42.0 100.0 33.9109876346751
42.0 101.0 8.419106436257525
42.0 102.0 8.06241886760086
42.0 104.0 15.700529618873976
42.0 105.0 16.205494038984472
42.0 107.0 73.70080040210226
42.0 109.0 98.56366910641324
42.0 110.0 105.96308339345896
42.0 111.0 103.66595447945531
42.0 112.0 19.610991265058033
43.0 44.0 5.2737828136350995
43.0 46.0 8.087346549589375
43.0 47.0 8.56018622404386
43.0 48.0 9.964117439563347
43.0 49.0 7.5858901727554695
43.0 50.0 10.47166945686138
43.0 51.0 10.259949237151766
43.0 52.0 14.128715255509023
43.0 53.0 19.04457093210444
43.0 54.0 23.73155208534557
43.0 57.0 77.47878285502226
43.0 59.0 81.90988503469444
43.0 61.0 84.36131566371921
43.0 62.0 87.49182009167396
43.0 63.0 86.18740739544174
43.0 65.0 8.197843280063786
43.0 66.0 11.959011871074797
43.0 67.0 15.69528346638149
43.0 68.0 19.487893405624252
43.0 69.0 23.803197982433538
43.0 70.0 11.621984684629199
43.0 73.0 61.39132974555893
43.0 74.0 66.70532121158485
43.0 75.0 66.14839320489875
43.0 76.0 62.85649274096762
43.0 78.0 67.62093911748212
43.0 79.0 73.35252706892322
43.0 80.0 71.01731611383155
43.0 81.0 69.63974475952594
43.0 82.0 17.135098084299333
43.0 83.0 18.494118368993316
43.0 84.0 65.94714304293944
43.0 86.0 79.36894132102162
43.0 87.0 81.28992236224688
43.0 88.0 86.60240861119433
43.0 89.0 96.60240861098012
43.0 90.0 68.96495937572071
43.0 91.0 66.76904436911926
43.0 92.0 23.044166047037237
43.0 94.0 24.14131407183317
43.0 95.0 28.975596520745903
43.0 96.0 31.43413926255558
43.0 97.0 35.71657980564896
43.0 98.0 96.92587663156195
43.0 100.0 31.207585682552338
43.0 101.0 13.759343703465156
43.0 102.0 13.402656134893778
43.0 104.0 21.040766886132765
43.0 105.0 21.54573130611635
43.0 107.0 74.10371996681606
43.0 109.0 98.96658867214484
43.0 110.0 106.36600295778146
43.0 111.0 104.068874044844
43.0 112.0 24.95122853211122
44.0 46.0 13.361129363121528
44.0 47.0 13.833969037516333
44.0 48.0 15.237900253166309
44.0 49.0 10.222837670934315
44.0 50.0 13.108616955286038
44.0 51.0 12.89689673538972
44.0 52.0 16.765662753857814
44.0 53.0 21.68151843032143
44.0 54.0 26.36849958365002
44.0 57.0 80.11573035234858
44.0 59.0 84.54683253270122
44.0 61.0 86.99826316165638
44.0 62.0 90.12876759039148
44.0 63.0 88.8243548946993
44.0 65.0 2.9240604666566594
44.0 66.0 6.685229057456824
44.0 67.0 10.421500652631403
44.0 68.0 14.214110592089627
44.0 69.0 18.529415169172527
44.0 70.0 16.895767498265396
44.0 73.0 64.0282772437321
44.0 74.0 69.34226871006214
44.0 75.0 68.78534070282204
44.0 76.0 65.49344023926318
44.0 78.0 70.2578866156882
44.0 79.0 75.98947456715052
44.0 80.0 73.65426361200018
44.0 81.0 72.27669225749693
44.0 82.0 19.77204558265649
44.0 83.0 21.13106586757876
44.0 84.0 68.58409054109924
44.0 86.0 82.00588881948131
44.0 87.0 83.92686986053124
44.0 88.0 89.23935610955706
44.0 89.0 99.23935610995693
44.0 90.0 71.60190687379045
44.0 91.0 69.4059918675863
44.0 92.0 25.681113545255354
44.0 94.0 26.778261570339158
44.0 95.0 31.612544018705552
44.0 96.0 34.07108676128661
44.0 97.0 38.35352730408017
44.0 98.0 99.56282412938319
44.0 100.0 25.93380286892388
44.0 101.0 16.39629120169579
44.0 102.0 16.039603633040088
44.0 104.0 23.677714384338678
44.0 105.0 24.18267880457888
44.0 107.0 76.74066746516948
44.0 109.0 101.60353616987824
44.0 110.0 109.0029504544488
44.0 111.0 106.70582154225954
44.0 112.0 27.588176030528693
46.0 47.0 8.40816212056061
46.0 48.0 1.8767708900856206
46.0 49.0 15.673236722308921
46.0 50.0 18.559016006362953
46.0 51.0 18.347295786846914
46.0 52.0 22.21606180530079
46.0 53.0 27.131917481612362
46.0 54.0 31.818898634905217
46.0 57.0 85.56612940429818
46.0 59.0 89.99723158379433
46.0 61.0 92.44866221270848
46.0 62.0 95.57916664137966
46.0 63.0 94.27475394493322
46.0 65.0 16.285189829789832
46.0 66.0 20.046358420541317
46.0 67.0 23.782630015874695
46.0 68.0 27.575239955303132
46.0 69.0 31.890544532444967
46.0 70.0 11.46996058129088
46.0 73.0 69.47867629510611
46.0 74.0 74.79266776129819
46.0 75.0 74.23573975432046
46.0 76.0 70.94383929040629
46.0 78.0 75.7082856668478
46.0 79.0 81.43987361848724
46.0 80.0 79.10466266347888
46.0 81.0 77.72709130902291
46.0 82.0 25.222444633887182
46.0 83.0 26.581464918556257
46.0 84.0 74.03448959250106
46.0 86.0 87.45628787075333
46.0 87.0 89.37726891210225
46.0 88.0 94.68975516159514
46.0 89.0 104.68975516109359
46.0 90.0 77.05230592480763
46.0 91.0 74.85639091861523
46.0 92.0 31.13151259636473
46.0 94.0 32.22866062126711
46.0 95.0 37.062943070757946
46.0 96.0 39.521485812096216
46.0 97.0 43.803926355294706
46.0 98.0 105.01322318128558
46.0 100.0 39.294932232113844
46.0 101.0 21.846690253376437
46.0 102.0 21.49000268460257
46.0 104.0 29.12811343567885
46.0 105.0 29.633077855898385
46.0 107.0 82.1910665164965
46.0 109.0 107.05393522150176
46.0 110.0 114.45334950780796
46.0 111.0 112.15622059285346
46.0 112.0 33.038575081604286
47.0 48.0 10.284933010683476
47.0 49.0 16.146076396668573
47.0 50.0 19.03185568084174
47.0 51.0 18.82013546123695
47.0 52.0 22.688901479604446
47.0 53.0 27.60475715599326
47.0 54.0 32.29173830936975
47.0 57.0 86.038969077194
47.0 59.0 90.47007125764614
47.0 61.0 92.9215018877537
47.0 62.0 96.05200631563021
47.0 63.0 94.74759361907977
47.0 65.0 16.758029504075058
47.0 66.0 20.51919809478266
47.0 67.0 24.255469690397874
47.0 68.0 28.048079629657096
47.0 69.0 32.363384206569364
47.0 70.0 3.0617984607298174
47.0 73.0 69.95151596931461
47.0 74.0 75.2655074356879
47.0 75.0 74.70857942853118
47.0 76.0 71.41667896491903
47.0 78.0 76.18112534144977
47.0 79.0 81.91271329277917
47.0 80.0 79.57750233780865
47.0 81.0 78.1999309833798
47.0 82.0 25.69528430819689
47.0 83.0 27.054304593016454
47.0 84.0 74.50732926688886
47.0 86.0 87.929127544806
47.0 87.0 89.85010858625117
47.0 88.0 95.16259483576198
47.0 89.0 105.16259483623082
47.0 90.0 77.52514559932159
47.0 91.0 75.32923059340543
47.0 92.0 31.604352271027658
47.0 94.0 32.70150029570935
47.0 95.0 37.53578274494328
47.0 96.0 39.994325486255875
47.0 97.0 44.27676602933289
47.0 98.0 105.48606285513682
47.0 100.0 39.76777190645235
47.0 101.0 22.319529927404872
47.0 102.0 21.962842358600636
47.0 104.0 29.600953109773542
47.0 105.0 30.10591752983963
47.0 107.0 82.66390619069229
47.0 109.0 107.5267748970612
47.0 110.0 114.92618918307399
47.0 111.0 112.62906026820625
47.0 112.0 33.51141475581443
48.0 49.0 17.55000761251795
48.0 50.0 20.435786896489375
48.0 51.0 20.22406667673297
48.0 52.0 24.092832695246038
48.0 53.0 29.008688371750452
48.0 54.0 33.69566952496163
48.0 57.0 87.44290029420165
48.0 59.0 91.87400247294612
48.0 61.0 94.32543310306438
48.0 62.0 97.45593753162575
48.0 63.0 96.15152483524716
48.0 65.0 18.161960719762515
48.0 66.0 21.923129310607074
48.0 67.0 25.65940090592406
48.0 68.0 29.452010845354557
48.0 69.0 33.76731542234518
48.0 70.0 13.346731471395572
48.0 73.0 71.35544718530254
48.0 74.0 76.66943865077435
48.0 75.0 76.11251064434093
48.0 76.0 72.82061018041799
48.0 78.0 77.58505655701096
48.0 79.0 83.31664450861697
48.0 80.0 80.98143355306878
48.0 81.0 79.6038621989293
48.0 82.0 27.0992155239581
48.0 83.0 28.458235808567167
48.0 84.0 75.91126048251098
48.0 86.0 89.33305876122859
48.0 87.0 91.25403980169463
48.0 88.0 96.56652605105671
48.0 89.0 106.5665260511602
48.0 90.0 78.92907681518625
48.0 91.0 76.73316180857493
48.0 92.0 33.008283486603545
48.0 94.0 34.10543151158483
48.0 95.0 38.93971396035296
48.0 96.0 41.39825670193917
48.0 97.0 45.680697245226455
48.0 98.0 106.88999407121975
48.0 100.0 41.17170312230586
48.0 101.0 23.72346114305499
48.0 102.0 23.366773574533667
48.0 104.0 31.00488432580626
48.0 105.0 31.509848746015606
48.0 107.0 84.06783740661513
48.0 109.0 108.93070611154965
48.0 110.0 116.33012039694863
48.0 111.0 114.0329914831687
48.0 112.0 34.91534597208647
49.0 50.0 2.885779284100465
49.0 51.0 2.674059064373955
49.0 52.0 6.5428250828511665
49.0 53.0 11.458680759187045
49.0 54.0 16.145661912574145
49.0 57.0 79.3215161945786
49.0 59.0 83.7526183743311
49.0 61.0 86.20404900402846
49.0 62.0 89.33455343150726
49.0 63.0 88.03014073638107
49.0 65.0 13.146898137811577
49.0 66.0 16.908066728178483
49.0 67.0 20.644338323847876
49.0 68.0 24.436948263227265
49.0 69.0 28.752252840195325
49.0 70.0 19.20787485737147
49.0 73.0 63.234063086193025
49.0 74.0 68.54805455197288
49.0 75.0 67.99112654582645
49.0 76.0 64.6992260817595
49.0 78.0 69.46367245806056
49.0 79.0 75.19526040962478
49.0 80.0 72.86004945432427
49.0 81.0 71.48247810012563
49.0 82.0 18.97783142525925
49.0 83.0 20.3368517099355
49.0 84.0 67.78987638375166
49.0 86.0 81.21167466185896
49.0 87.0 83.13265570320237
49.0 88.0 88.44514195236674
49.0 89.0 98.44514195186895
49.0 90.0 70.80769271601811
49.0 91.0 68.61177771046391
49.0 92.0 24.886899387725006
49.0 94.0 25.984047412854938
49.0 95.0 30.818329861783383
49.0 96.0 33.27687260352985
49.0 97.0 37.55931314641095
49.0 98.0 98.76860997339057
49.0 100.0 36.156640540053026
49.0 101.0 6.173453530709706
49.0 102.0 5.81676596208474
49.0 104.0 13.454876713303136
49.0 105.0 13.959841133417907
49.0 107.0 75.94645330759688
49.0 109.0 100.80932201314232
49.0 110.0 108.20873629910632
49.0 111.0 105.91160738322925
49.0 112.0 17.36533835941958
50.0 51.0 5.559838348356889
50.0 52.0 3.6570457987340443
50.0 53.0 8.572901475199473
50.0 54.0 13.259882628459078
50.0 57.0 82.20729547935096
50.0 59.0 86.63839765838912
50.0 61.0 89.08982828900808
50.0 62.0 92.22033271669096
50.0 63.0 90.91592001994132
50.0 65.0 16.032677421474958
50.0 66.0 19.79384601267425
50.0 67.0 23.530117607777534
50.0 68.0 27.32272754716385
50.0 69.0 31.638032124659244
50.0 70.0 22.09365414145607
50.0 73.0 66.11984237004029
50.0 74.0 71.43383383668004
50.0 75.0 70.87690582988543
50.0 76.0 67.58500536577671
50.0 78.0 72.34945174228295
50.0 79.0 78.08103969379526
50.0 80.0 75.7458287385657
50.0 81.0 74.36825738424187
50.0 82.0 21.8636107092744
50.0 83.0 23.22263099407577
50.0 84.0 70.67565566776219
50.0 86.0 84.09745394555604
50.0 87.0 86.01843498679088
50.0 88.0 91.33092123562317
50.0 89.0 101.330921236481
50.0 90.0 73.69347200014312
50.0 91.0 71.49755699407635
50.0 92.0 27.772678671789464
50.0 94.0 28.86982669687259
50.0 95.0 33.70410914561262
50.0 96.0 36.16265188772231
50.0 97.0 40.44509243020721
50.0 98.0 101.6543892561385
50.0 100.0 39.04241982387831
50.0 101.0 9.059232814804831
50.0 102.0 8.70254524610727
50.0 104.0 16.34065599748752
50.0 105.0 16.845620417550357
50.0 107.0 78.8322325917517
50.0 109.0 103.69510129795535
50.0 110.0 111.0945155823348
50.0 111.0 108.79738666903721
50.0 112.0 20.251117643576833
51.0 52.0 9.216884147180068
51.0 53.0 14.132739823602325
51.0 54.0 18.819720976902186
51.0 57.0 81.99557525946649
51.0 59.0 86.42667743881597
51.0 61.0 88.87810806766329
51.0 62.0 92.00861249555206
51.0 63.0 90.70419980034222
51.0 65.0 15.820957202015014
51.0 66.0 19.582125792893443
51.0 67.0 23.318397388180298
51.0 68.0 27.111007327577568
51.0 69.0 31.42631190471538
51.0 70.0 21.881933921777396
51.0 73.0 65.90812215062704
51.0 74.0 71.22211361676308
51.0 75.0 70.66518560966608
51.0 76.0 67.3732851460239
51.0 78.0 72.13773152259475
51.0 79.0 77.86931947408297
51.0 80.0 75.53410851884759
51.0 81.0 74.15653716448745
51.0 82.0 21.6518904897381
51.0 83.0 23.010910774325442
51.0 84.0 70.46393544809786
51.0 86.0 83.88573372614309
51.0 87.0 85.80671476729962
51.0 88.0 91.11920101704541
51.0 89.0 101.11920101604636
51.0 90.0 73.48175178065158
51.0 91.0 71.2858367748117
51.0 92.0 27.56095845202101
51.0 94.0 28.65810647718314
51.0 95.0 33.492388925994604
51.0 96.0 35.950931667728135
51.0 97.0 40.23337221048686
51.0 98.0 101.442669037744
51.0 100.0 38.83069960462044
51.0 101.0 3.4993944663255427
51.0 102.0 3.1427068976467525
51.0 104.0 10.780817648928386
51.0 105.0 11.285782069033486
51.0 107.0 78.62051237211674
51.0 109.0 103.48338107685692
51.0 110.0 110.88279536331046
51.0 111.0 108.5856664495017
51.0 112.0 14.69127929487944
52.0 53.0 4.915855676477559
52.0 54.0 9.602836829706437
52.0 57.0 85.8643412782362
52.0 59.0 90.2954434575899
52.0 61.0 92.74687408743871
52.0 62.0 95.87737851439874
52.0 63.0 94.57296581909944
52.0 65.0 19.68972322043694
52.0 66.0 23.450891811258003
52.0 67.0 27.187163406963606
52.0 68.0 30.979773346127814
52.0 69.0 35.29507792289762
52.0 70.0 25.75069994024453
52.0 73.0 69.77688816902108
52.0 74.0 75.09087963460914
52.0 75.0 74.53395162787214
52.0 76.0 71.24205116442275
52.0 78.0 76.0064975409946
52.0 79.0 81.73808549262202
52.0 80.0 79.40287453730804
52.0 81.0 78.02530318304386
52.0 82.0 25.520656507983144
52.0 83.0 26.87967679276094
52.0 84.0 74.33270146648944
52.0 86.0 87.75449974467477
52.0 87.0 89.67548078554262
52.0 88.0 94.98796703534057
52.0 89.0 104.98796703533726
52.0 90.0 77.35051779894839
52.0 91.0 75.15460279288735
52.0 92.0 31.42972447062307
52.0 94.0 32.52687249557145
52.0 95.0 37.36115494426022
52.0 96.0 39.81969768637412
52.0 97.0 44.10213822935942
52.0 98.0 105.3114350549375
52.0 100.0 42.69946562252903
52.0 101.0 12.716278613535954
52.0 102.0 12.359591044903851
52.0 104.0 19.997701796218532
52.0 105.0 20.50266621620912
52.0 107.0 82.48927839035102
52.0 109.0 107.35214709528938
52.0 110.0 114.75156138179192
52.0 111.0 112.45443246801916
52.0 112.0 23.90816344233657
53.0 54.0 4.68698115319179
53.0 57.0 90.7801969532903
53.0 59.0 95.21129913420717
53.0 61.0 97.66272976413815
53.0 62.0 100.79323419231572
53.0 63.0 99.48882149506728
53.0 65.0 24.605578896998647
53.0 66.0 28.366747487896347
53.0 67.0 32.10301908301634
53.0 68.0 35.8956290223891
53.0 69.0 40.21093359948517
53.0 70.0 30.666555616638373
53.0 73.0 74.69274384545659
53.0 74.0 80.00673531163977
53.0 75.0 79.44980730494427
53.0 76.0 76.1579068409458
53.0 78.0 80.92235321743715
53.0 79.0 86.65394116908533
53.0 80.0 84.31873021384591
53.0 81.0 82.94115885939254
53.0 82.0 30.436512184348494
53.0 83.0 31.795532468855185
53.0 84.0 79.2485571430064
53.0 86.0 92.67035542115107
53.0 87.0 94.59133646246205
53.0 88.0 99.90382271140106
53.0 89.0 109.90382271099227
53.0 90.0 82.2663734753023
53.0 91.0 80.0704584692643
53.0 92.0 36.34558014714182
53.0 94.0 37.442728172282514
53.0 95.0 42.27701062126401
53.0 96.0 44.73555336269058
53.0 97.0 49.017993905553304
53.0 98.0 110.2272907320712
53.0 100.0 47.61532129938114
53.0 101.0 17.632134290138637
53.0 102.0 17.27544672128412
53.0 104.0 24.913557472646957
53.0 105.0 25.41852189271074
53.0 107.0 87.4051340669232
53.0 109.0 112.26800277228452
53.0 110.0 119.66741705713255
53.0 111.0 117.37028814317509
53.0 112.0 28.824019118793
54.0 57.0 95.46717810783366
54.0 59.0 99.89828028722039
54.0 61.0 102.34971091680022
54.0 62.0 105.48021534524344
54.0 63.0 104.17580264807489
54.0 65.0 29.292560050369
54.0 66.0 33.05372864110836
54.0 67.0 36.790000236259004
54.0 68.0 40.582610175834915
54.0 69.0 44.897914752742466
54.0 70.0 35.353536769992715
54.0 73.0 79.37972499905104
54.0 74.0 84.69371646479661
54.0 75.0 84.13678845829583
54.0 76.0 80.8448879941584
54.0 78.0 85.60933437070202
54.0 79.0 91.34092232244555
54.0 80.0 89.0057113670886
54.0 81.0 87.62814001263945
54.0 82.0 35.123493337822616
54.0 83.0 36.48251362228461
54.0 84.0 83.9355382962132
54.0 86.0 97.35733657413806
54.0 87.0 99.27831761522424
54.0 88.0 104.59080386434029
54.0 89.0 114.59080386488863
54.0 90.0 86.9533546284984
54.0 91.0 84.75743962254649
54.0 92.0 41.032561300328354
54.0 94.0 42.12970932527027
54.0 95.0 46.96399177420107
54.0 96.0 49.422534516028946
54.0 97.0 53.70497505891799
54.0 98.0 114.91427188465875
54.0 100.0 52.30230245275385
54.0 101.0 22.319115443567366
54.0 102.0 21.962427874456836
54.0 104.0 29.60053862589441
54.0 105.0 30.105503046073668
54.0 107.0 92.09211522028997
54.0 109.0 116.95498392500812
54.0 110.0 124.35439821053362
54.0 111.0 122.05726929624043
54.0 112.0 33.51100027208
57.0 59.0 12.95998932286345
57.0 61.0 15.41141995264211
57.0 62.0 18.541924379900493
57.0 63.0 17.23751168485102
57.0 65.0 83.0397908199729
57.0 66.0 86.80095940962035
57.0 67.0 90.5372310054847
57.0 68.0 94.32984094533195
57.0 69.0 98.64514552109083
57.0 70.0 89.10076753977276
57.0 73.0 36.86976399444001
57.0 74.0 42.18375546044321
57.0 75.0 41.6268274557842
57.0 76.0 26.167995122043216
57.0 78.0 30.932441498259717
57.0 79.0 36.66402944956046
57.0 80.0 34.32881849440518
57.0 81.0 32.95124714015442
57.0 82.0 86.41314715980019
57.0 83.0 87.77216744425277
57.0 84.0 41.42557729214978
57.0 86.0 54.84737557181552
57.0 87.0 56.768356612615726
57.0 88.0 9.123625757242099
57.0 89.0 19.12362575713454
57.0 90.0 27.81357221513269
57.0 91.0 25.617657210012965
57.0 92.0 92.32221512210606
57.0 94.0 93.41936314627932
57.0 95.0 98.25364559569145
57.0 96.0 100.71218833831762
57.0 97.0 104.99462888072162
57.0 98.0 27.97598092119959
57.0 100.0 106.0495332224926
57.0 101.0 85.49496972570763
57.0 102.0 85.13828215695483
57.0 104.0 92.77639290822819
57.0 105.0 93.28135732824728
57.0 107.0 37.41522234755868
57.0 109.0 30.016692961311783
57.0 110.0 37.41610724748928
57.0 111.0 35.11897833319228
57.0 112.0 96.68685455526241
59.0 61.0 11.588041578572359
59.0 62.0 14.718546006792653
59.0 63.0 13.414133310562763
59.0 65.0 87.4708929988117
59.0 66.0 91.23206158964307
59.0 67.0 94.9683331848672
59.0 68.0 98.76094312458773
59.0 69.0 103.07624770268373
59.0 70.0 93.53186971855524
59.0 73.0 41.300866174046455
59.0 74.0 46.614857641949534
59.0 75.0 46.05792963525496
59.0 76.0 30.59909730122937
59.0 78.0 35.36354367802835
59.0 79.0 41.09513162928861
59.0 80.0 38.75992067370048
59.0 81.0 37.38234931942947
59.0 82.0 90.84424933895093
59.0 83.0 92.20326962344544
59.0 84.0 45.856679471982034
59.0 86.0 59.278477749265676
59.0 87.0 61.19945879051935
59.0 88.0 22.08361508062655
59.0 89.0 32.083615080766016
59.0 90.0 32.24467439428674
59.0 91.0 30.04875938862088
59.0 92.0 96.75331730097923
59.0 94.0 97.85046532638977
59.0 95.0 102.68474777662433
59.0 96.0 105.14329051714472
59.0 97.0 109.4257310603328
59.0 98.0 24.152602547038313
59.0 100.0 110.48063540125452
59.0 101.0 89.92607190485796
59.0 102.0 89.56938433740811
59.0 104.0 97.20749508722835
59.0 105.0 97.71245950864235
59.0 107.0 41.846324526675204
59.0 109.0 26.193314587237143
59.0 110.0 33.59272887325014
59.0 111.0 31.295599958861967
59.0 112.0 101.11795673459066
61.0 62.0 9.618362085614812
61.0 63.0 8.313949389460038
61.0 65.0 89.92232362872686
61.0 66.0 93.6834922190119
61.0 67.0 97.4197638143842
61.0 68.0 101.2123737526879
61.0 69.0 105.52767833100285
61.0 70.0 95.98330034829394
61.0 73.0 43.75229680375031
61.0 74.0 49.06628826905456
61.0 75.0 48.509360264959184
61.0 76.0 33.050527930896386
61.0 78.0 37.814974306980446
61.0 79.0 43.546562258860405
61.0 80.0 41.211351303041965
61.0 81.0 39.833779948940986
61.0 82.0 93.29567996864999
61.0 83.0 94.65470025369387
61.0 84.0 48.308110101504255
61.0 86.0 61.72990837937941
61.0 87.0 63.65088942083584
61.0 88.0 24.53504571001227
61.0 89.0 34.53504571002742
61.0 90.0 34.69610502319604
61.0 91.0 32.50019001760866
61.0 92.0 99.20474793059194
61.0 94.0 100.30189595582354
61.0 95.0 105.13617840483033
61.0 96.0 107.59472114766909
61.0 97.0 111.87716168905109
61.0 98.0 19.052418625848617
61.0 100.0 112.93206603049948
61.0 101.0 92.3775025343734
61.0 102.0 92.02081496614679
61.0 104.0 99.6589257158147
61.0 105.0 100.1638901386961
61.0 107.0 44.29775515687082
61.0 109.0 21.09313066595674
61.0 110.0 28.49254495206023
61.0 111.0 26.195416037527657
61.0 112.0 103.56938736412417
62.0 63.0 4.893810804140394
62.0 65.0 93.05282805682772
62.0 66.0 96.81399664679853
62.0 67.0 100.55026824244703
62.0 68.0 104.34287818183749
62.0 69.0 108.65818275791776
62.0 70.0 99.11380477625684
62.0 73.0 46.88280123168445
62.0 74.0 52.19679269666641
62.0 75.0 51.63986469297403
62.0 76.0 36.18103235975287
62.0 78.0 40.945478734614156
62.0 79.0 46.67706668696319
62.0 80.0 44.34185573208937
62.0 81.0 42.96428437731028
62.0 82.0 96.4261843970036
62.0 83.0 97.7852046816653
62.0 84.0 51.43861452980711
62.0 86.0 64.86041280889903
62.0 87.0 66.78139384986851
62.0 88.0 27.66555013798466
62.0 89.0 37.665550137912064
62.0 90.0 37.82660945333142
62.0 91.0 35.630694445454665
62.0 92.0 102.33525235918599
62.0 94.0 103.43240038524733
62.0 95.0 108.26668283345259
62.0 96.0 110.7252255743515
62.0 97.0 115.00766611821395
62.0 98.0 9.434056540275298
62.0 100.0 116.06257045880986
62.0 101.0 95.50800696365485
62.0 102.0 95.15131939459334
62.0 104.0 102.7894301452879
62.0 105.0 103.29439456608188
62.0 107.0 47.4282595842792
62.0 109.0 11.474768580428629
62.0 110.0 18.87418286654453
62.0 111.0 16.577053951947462
62.0 112.0 106.69989179164146
63.0 65.0 91.74841536022231
63.0 66.0 95.50958395063694
63.0 67.0 99.24585554592036
63.0 68.0 103.03846548573188
63.0 69.0 107.35377006263809
63.0 70.0 97.80939208032102
63.0 73.0 45.57838853603562
63.0 74.0 50.892380002146844
63.0 75.0 50.335451995051976
63.0 76.0 34.87661966205605
63.0 78.0 39.64106603897939
63.0 79.0 45.37265399031128
63.0 80.0 43.03744303503558
63.0 81.0 41.65987168128366
63.0 82.0 95.12177170000307
63.0 83.0 96.48079198430399
63.0 84.0 50.134201833674055
63.0 86.0 63.55600011314566
63.0 87.0 65.47698115346974
63.0 88.0 26.361137441602047
63.0 89.0 36.36113744202415
63.0 90.0 36.522196755401126
63.0 91.0 34.326281749731805
63.0 92.0 101.03083966352762
63.0 94.0 102.1279876885403
63.0 95.0 106.96227013791693
63.0 96.0 109.42081287752974
63.0 97.0 113.70325342140985
63.0 98.0 14.327867344925066
63.0 100.0 114.75815776185011
63.0 101.0 94.20359426724983
63.0 102.0 93.84690669829692
63.0 104.0 101.48501744880929
63.0 105.0 101.98998186913337
63.0 107.0 46.123846888890725
63.0 109.0 16.36857938499543
63.0 110.0 23.76799367093088
63.0 111.0 21.470864756056493
63.0 112.0 105.39547909525236
65.0 66.0 3.761168590665863
65.0 67.0 7.497440185975742
65.0 68.0 11.290050125416984
65.0 69.0 15.605354702405558
65.0 70.0 19.819827964987006
65.0 73.0 66.95233771064167
65.0 74.0 72.26632917665358
65.0 75.0 71.70940116973603
65.0 76.0 68.41750070584614
65.0 78.0 73.18194708229751
65.0 79.0 78.91353503400506
65.0 80.0 76.57832407881244
65.0 81.0 75.20075272432422
65.0 82.0 22.69610604946358
65.0 83.0 24.05512633429302
65.0 84.0 71.508151007831
65.0 86.0 84.92994928634235
65.0 87.0 86.85093032734827
65.0 88.0 92.16341657694247
65.0 89.0 102.16341657652987
65.0 90.0 74.52596734028504
65.0 91.0 72.33005233463055
65.0 92.0 28.605174012149483
65.0 94.0 29.702322036882094
65.0 95.0 34.53660448602798
65.0 96.0 36.99514722732351
65.0 97.0 41.27758777086819
65.0 98.0 102.48688459767965
65.0 100.0 23.00974240221547
65.0 101.0 19.320351668476953
65.0 102.0 18.963664099721626
65.0 104.0 26.60177485109294
65.0 105.0 27.10673927113018
65.0 107.0 79.66472793180286
65.0 109.0 104.52759663630061
65.0 110.0 111.92701092421231
65.0 111.0 109.62988200867335
65.0 112.0 30.51223649707305
66.0 67.0 3.7362715952305456
66.0 68.0 7.528881534686502
66.0 69.0 11.844186111717947
66.0 70.0 23.58099655564588
66.0 73.0 70.71350630093204
66.0 74.0 76.02749776735895
66.0 75.0 75.47056976040693
66.0 76.0 72.1786692967382
66.0 78.0 76.94311567300204
66.0 79.0 82.67470362452953
66.0 80.0 80.33949266941309
66.0 81.0 78.96192131521713
66.0 82.0 26.457274640393543
66.0 83.0 27.8162949247951
66.0 84.0 75.26931959876505
66.0 86.0 88.69111787656297
66.0 87.0 90.61209891788224
66.0 88.0 95.92458516724756
66.0 89.0 105.92458516696092
66.0 90.0 78.28713593095829
66.0 91.0 76.09122092499068
66.0 92.0 32.366342603047535
66.0 94.0 33.463490627652064
66.0 95.0 38.29777307675311
66.0 96.0 40.75631581907821
66.0 97.0 45.038756360825154
66.0 98.0 106.24805318739273
66.0 100.0 19.248573811570193
66.0 101.0 23.081520258900213
66.0 102.0 22.724832690500833
66.0 104.0 30.362943442004013
66.0 105.0 30.86790786203948
66.0 107.0 83.42589652274813
66.0 109.0 108.28876522875132
66.0 110.0 115.68817951357838
66.0 111.0 113.39105059884577
66.0 112.0 34.27340508813313
67.0 68.0 3.792609939433733
67.0 69.0 8.107914516467151
67.0 70.0 27.317268150874117
67.0 73.0 74.44977789654587
67.0 74.0 79.7637693624657
67.0 75.0 79.20684135563137
67.0 76.0 75.91494089164931
67.0 78.0 80.67938726831667
67.0 79.0 86.41097521978165
67.0 80.0 84.07576426452897
67.0 81.0 82.69819291053284
67.0 82.0 30.193546235811155
67.0 83.0 31.55256652011595
67.0 84.0 79.0055911937921
67.0 86.0 92.4273894720869
67.0 87.0 94.34837051375501
67.0 88.0 99.6608567627319
67.0 89.0 109.66085676260832
67.0 90.0 82.02340752618647
67.0 91.0 79.82749252083937
67.0 92.0 36.102614197897836
67.0 94.0 37.1997622231689
67.0 95.0 42.03404467192449
67.0 96.0 44.49258741429774
67.0 97.0 48.77502795640212
67.0 98.0 109.98432478287336
67.0 100.0 15.512302216372184
67.0 101.0 26.817791854588855
67.0 102.0 26.46110428598889
67.0 104.0 34.09921503713332
67.0 105.0 34.60417945714299
67.0 107.0 87.16216811765021
67.0 109.0 112.02503682364475
67.0 110.0 119.4244511082879
67.0 111.0 117.12732219485751
67.0 112.0 38.00967668354774
68.0 69.0 4.315304577072891
68.0 70.0 31.109878090297016
68.0 73.0 78.24238783593972
68.0 74.0 83.55637930149014
68.0 75.0 82.99945129545364
68.0 76.0 79.70755083118286
68.0 78.0 84.47199720785099
68.0 79.0 90.20358515926321
68.0 80.0 87.86837420416668
68.0 81.0 86.49080284978459
68.0 82.0 33.986156174921774
68.0 83.0 35.34517645926742
68.0 84.0 82.79820113323359
68.0 86.0 96.21999941191683
68.0 87.0 98.14098045221144
68.0 88.0 103.4534667025324
68.0 89.0 113.45346670155475
68.0 90.0 85.81601746563483
68.0 91.0 83.62010245956554
68.0 92.0 39.8952241373965
68.0 94.0 40.99237216260141
68.0 95.0 45.82665461163995
68.0 96.0 48.28519735330071
68.0 97.0 52.567637896850236
68.0 98.0 113.77693472063976
68.0 100.0 11.719692276935195
68.0 101.0 30.61040179407512
68.0 102.0 30.2537142252989
68.0 104.0 37.89182497642276
68.0 105.0 38.39678939657338
68.0 107.0 90.95477805726975
68.0 109.0 115.81764676245464
68.0 110.0 123.21706104766967
68.0 111.0 120.91993213491963
68.0 112.0 41.80228662234988
69.0 70.0 35.425182667287
69.0 73.0 82.55769241270173
69.0 74.0 87.87168387898879
69.0 75.0 87.31475587251452
69.0 76.0 84.02285540848632
69.0 78.0 88.78730178487871
69.0 79.0 94.51888973637506
69.0 80.0 92.18367878133196
69.0 81.0 90.80610742702933
69.0 82.0 38.3014607518513
69.0 83.0 39.660481036056076
69.0 84.0 87.11350571047029
69.0 86.0 100.53530398887736
69.0 87.0 102.45628502967352
69.0 88.0 107.7687712796641
69.0 89.0 117.76877127910453
69.0 90.0 90.13132204259543
69.0 91.0 87.93540703666275
69.0 92.0 44.21052871410814
69.0 94.0 45.30767673965947
69.0 95.0 50.14195918823574
69.0 96.0 52.6005019300196
69.0 97.0 56.88294247370426
69.0 98.0 118.09223929834985
69.0 100.0 7.40438769984281
69.0 101.0 34.92570637109199
69.0 102.0 34.56901880228209
69.0 104.0 42.20712955376676
69.0 105.0 42.712093974058284
69.0 107.0 95.27008263424173
69.0 109.0 120.13295133969368
69.0 110.0 127.53236562621558
69.0 111.0 125.2352367094438
69.0 112.0 46.11759119928636
70.0 73.0 73.01331443004122
70.0 74.0 78.32730589624204
70.0 75.0 77.77037788933177
70.0 76.0 74.47847742552904
70.0 78.0 79.24292380190467
70.0 79.0 84.974511753506
70.0 80.0 82.63930079840415
70.0 81.0 81.26172944398016
70.0 82.0 28.757082768905
70.0 83.0 30.11610305365126
70.0 84.0 77.56912772757374
70.0 86.0 90.99092600613199
70.0 87.0 92.9119070470374
70.0 88.0 98.2243932960605
70.0 89.0 108.22439329640031
70.0 90.0 80.58694405981186
70.0 91.0 78.39102905373069
70.0 92.0 34.666150731523956
70.0 94.0 35.763298756767796
70.0 95.0 40.597581205526225
70.0 96.0 43.056123947375
70.0 97.0 47.338564490281605
70.0 98.0 108.54786131615705
70.0 100.0 42.82957036740599
70.0 101.0 25.381328387873268
70.0 102.0 25.024640819427603
70.0 104.0 32.662751570771725
70.0 105.0 33.16771599097492
70.0 107.0 85.72570465182082
70.0 109.0 110.588573356685
70.0 110.0 117.98798764301546
70.0 111.0 115.69085872877628
70.0 112.0 36.573213217065174
73.0 74.0 16.9324589591909
73.0 75.0 16.37553095262114
73.0 76.0 22.247473880871276
73.0 78.0 27.011920257457362
73.0 79.0 32.74350820905586
73.0 80.0 30.40829725396569
73.0 81.0 29.030725899409674
73.0 82.0 70.32569405008181
73.0 83.0 71.684714334897
73.0 84.0 4.555813297816927
73.0 86.0 29.596079068748097
73.0 87.0 31.517060109775855
73.0 88.0 45.99338975194932
73.0 89.0 55.99338975205234
73.0 90.0 28.355940515381757
73.0 91.0 26.16002550947634
73.0 92.0 76.23476201343837
73.0 94.0 77.33191003756411
73.0 95.0 82.16619248677463
73.0 96.0 84.62473522821746
73.0 97.0 88.90717577126895
73.0 98.0 56.31685777192858
73.0 100.0 89.96208011279262
73.0 101.0 69.40751661675735
73.0 102.0 69.05082904825215
73.0 104.0 76.68893979974189
73.0 105.0 77.19390422008672
73.0 107.0 33.494701107017164
73.0 109.0 58.35756981262902
73.0 110.0 65.75698409807737
73.0 111.0 63.45985518408285
73.0 112.0 80.59940144567167
74.0 75.0 6.7606847374919425
74.0 76.0 27.56146534735224
74.0 78.0 32.32591172351388
74.0 79.0 38.05749967505355
74.0 80.0 35.72228872025149
74.0 81.0 34.344717365440296
74.0 82.0 75.63968551644855
74.0 83.0 76.99870580123891
74.0 84.0 21.488272256957334
74.0 86.0 19.98123285382126
74.0 87.0 21.902213894892476
74.0 88.0 51.307381217209254
74.0 89.0 61.30738121923381
74.0 90.0 33.66993198171038
74.0 91.0 31.47401697526425
74.0 92.0 81.54875347844313
74.0 94.0 82.64590150412091
74.0 95.0 87.48018395271814
74.0 96.0 89.93872669489684
74.0 97.0 94.2211672382218
74.0 98.0 61.63084923815703
74.0 100.0 95.27607157923534
74.0 101.0 74.72150808243919
74.0 102.0 74.36482051423218
74.0 104.0 82.00293126549026
74.0 105.0 82.50789568517666
74.0 107.0 38.80869257200654
74.0 109.0 63.671561278744385
74.0 110.0 71.07097556493945
74.0 111.0 68.77384665120883
74.0 112.0 85.9133929115579
75.0 76.0 27.004537341174753
75.0 78.0 31.768983717547925
75.0 79.0 37.50057166900521
75.0 80.0 35.16536071408248
75.0 81.0 33.78778935976189
75.0 82.0 75.0827575104901
75.0 83.0 76.44177779438137
75.0 84.0 20.931344250447424
75.0 86.0 13.220548116341915
75.0 87.0 15.141529157401056
75.0 88.0 50.750453212197414
75.0 89.0 60.75045321015688
75.0 90.0 33.11300397547788
75.0 91.0 30.91708896906049
75.0 92.0 80.99182547237464
75.0 94.0 82.0889734973584
75.0 95.0 86.92325594730934
75.0 96.0 89.3817986879047
75.0 97.0 93.66423923134283
75.0 98.0 61.07392123211716
75.0 100.0 94.71914357210187
75.0 101.0 74.16458007628373
75.0 102.0 73.80789250761795
75.0 104.0 81.44600325905293
75.0 105.0 81.95096767894735
75.0 107.0 38.251764566452
75.0 109.0 63.114633271559704
75.0 110.0 70.51404755740836
75.0 111.0 68.21691864332062
75.0 112.0 85.35646490502987
76.0 78.0 4.764446376484329
76.0 79.0 10.4960343279895
76.0 80.0 14.468187172373609
76.0 81.0 13.090615818047507
76.0 82.0 71.7908570458269
76.0 83.0 73.14987733068975
76.0 84.0 26.80328717882447
76.0 86.0 40.22508545693344
76.0 87.0 42.146066498089866
76.0 88.0 35.29162087881464
76.0 89.0 45.29162087873765
76.0 90.0 17.65417164193762
76.0 91.0 15.458256635801394
76.0 92.0 77.69992500845512
76.0 94.0 78.79707303346127
76.0 95.0 83.63135548245259
76.0 96.0 86.08989822405698
76.0 97.0 90.37233876713508
76.0 98.0 45.615088898976296
76.0 100.0 91.42724310830664
76.0 101.0 70.87267961239397
76.0 102.0 70.51599204376119
76.0 104.0 78.15410279490507
76.0 105.0 78.65906721498541
76.0 107.0 17.55459102558168
76.0 109.0 47.655800938863905
76.0 110.0 55.055215225417655
76.0 111.0 52.75808631108228
76.0 112.0 82.06456444104623
78.0 79.0 5.731587951547655
78.0 80.0 19.23263354887188
78.0 81.0 17.85506219451113
78.0 82.0 76.55530342230762
78.0 83.0 77.91432370701372
78.0 84.0 31.56773355529139
78.0 86.0 44.98953183394745
78.0 87.0 46.91051287539048
78.0 88.0 40.056067254967594
78.0 89.0 50.05606725533035
78.0 90.0 22.418618018412985
78.0 91.0 20.222703012472852
78.0 92.0 82.46437138501554
78.0 94.0 83.56151941000003
78.0 95.0 88.39580185892561
78.0 96.0 90.85434460074218
78.0 97.0 95.1367851437023
78.0 98.0 50.37953527516498
78.0 100.0 96.19168948464124
78.0 101.0 75.63712598875462
78.0 102.0 75.28043842021972
78.0 104.0 82.9185491714232
78.0 105.0 83.42351359166153
78.0 107.0 22.31903740199605
78.0 109.0 52.420247315783556
78.0 110.0 59.81966160224812
78.0 111.0 57.52253268742897
78.0 112.0 86.82901081764734
79.0 80.0 24.964221500438327
79.0 81.0 23.586650146161357
79.0 82.0 82.28689137399536
79.0 83.0 83.64591165875808
79.0 84.0 37.299321506872744
79.0 86.0 50.72111978481344
79.0 87.0 52.64210082646302
79.0 88.0 45.78765520735301
79.0 89.0 55.78765520709318
79.0 90.0 28.150205969931225
79.0 91.0 25.95429096398584
79.0 92.0 88.1959593366716
79.0 94.0 89.29310736141323
79.0 95.0 94.12738981036614
79.0 96.0 96.58593255242006
79.0 97.0 100.86837309518974
79.0 98.0 56.1111232264678
79.0 100.0 101.92327743602135
79.0 101.0 81.36871394037789
79.0 102.0 81.01202637171053
79.0 104.0 88.65013712308703
79.0 105.0 89.15510154309885
79.0 107.0 28.05062535361921
79.0 109.0 58.151835267736175
79.0 110.0 65.55124955308398
79.0 111.0 63.254120638502506
79.0 112.0 92.56059876921063
80.0 81.0 10.789833850798644
80.0 82.0 79.95168041866586
80.0 83.0 81.31070070350877
80.0 84.0 34.964110551675375
80.0 86.0 48.38590883041562
80.0 87.0 50.306889871381145
80.0 88.0 43.452444251382346
80.0 89.0 53.45244425145702
80.0 90.0 25.814995014879564
80.0 91.0 23.619080008724737
80.0 92.0 85.8607483814522
80.0 94.0 86.95789640599128
80.0 95.0 91.79217885534142
80.0 96.0 94.25072159708269
80.0 97.0 98.53316214006432
80.0 98.0 53.77591227197941
80.0 100.0 99.58806648078368
80.0 101.0 79.03350298515217
80.0 102.0 78.67681541660122
80.0 104.0 86.314926167746
80.0 105.0 86.8198905880111
80.0 107.0 15.25380905830763
80.0 109.0 55.81662431148502
80.0 110.0 63.21603859880715
80.0 111.0 60.91890968352615
80.0 112.0 90.2253878139833
81.0 82.0 78.57410906435359
81.0 83.0 79.93312934929679
81.0 84.0 33.58653919731489
81.0 86.0 47.00833747482979
81.0 87.0 48.929318516540945
81.0 88.0 42.074872897149234
81.0 89.0 52.07487289734307
81.0 90.0 24.437423660576044
81.0 91.0 22.24150865447993
81.0 92.0 84.4831770268539
81.0 94.0 85.58032505208729
81.0 95.0 90.41460750089065
81.0 96.0 92.8731502426173
81.0 97.0 97.15559078572065
81.0 98.0 52.39834091795275
81.0 100.0 98.21049512668803
81.0 101.0 77.6559316308755
81.0 102.0 77.29924406225324
81.0 104.0 84.93735481346678
81.0 105.0 85.44231923350105
81.0 107.0 4.46397520753879
81.0 109.0 54.43905295755639
81.0 110.0 61.83846724459025
81.0 111.0 59.54133832927877
81.0 112.0 88.84781645969736
82.0 83.0 8.025612162640344
82.0 84.0 74.88150734782289
82.0 86.0 88.30330562616768
82.0 87.0 90.22428666748873
82.0 88.0 95.53677291714277
82.0 89.0 105.53677291736818
82.0 90.0 77.89932368090875
82.0 91.0 75.70340867441436
82.0 92.0 12.575659840466768
82.0 94.0 24.381988929033767
82.0 95.0 29.216271377995177
82.0 96.0 31.674814119732687
82.0 97.0 35.95725466274825
82.0 98.0 105.86024093650329
82.0 100.0 45.705848451835195
82.0 101.0 25.15128495565824
82.0 102.0 24.794597387276752
82.0 104.0 32.43270813839357
82.0 105.0 32.93767255884208
82.0 107.0 83.03808427194863
82.0 109.0 107.90095297712915
82.0 110.0 115.30036726264805
82.0 111.0 113.00323834914197
82.0 112.0 36.34316978448142
83.0 84.0 76.24052763262945
83.0 86.0 89.66232591084244
83.0 87.0 91.58330695185877
83.0 88.0 96.89579320116309
83.0 89.0 106.89579320258625
83.0 90.0 79.2583439650063
83.0 91.0 77.06242895840768
83.0 92.0 4.550047677795057
83.0 94.0 25.741009213761494
83.0 95.0 30.575291662705126
83.0 96.0 33.033834404491586
83.0 97.0 37.316274947574406
83.0 98.0 107.21926122113598
83.0 100.0 47.06486873630085
83.0 101.0 26.510305240661246
83.0 102.0 26.15361767188027
83.0 104.0 33.791728423104296
83.0 105.0 34.29669284332701
83.0 107.0 84.39710455659264
83.0 109.0 109.25997326168935
83.0 110.0 116.6593875477326
83.0 111.0 114.3622586325796
83.0 112.0 37.70219006945217
84.0 86.0 34.1518923665176
84.0 87.0 36.07287340776176
84.0 88.0 50.549203049906424
84.0 89.0 60.549203049961505
84.0 90.0 32.91175381346385
84.0 91.0 30.715838806836956
84.0 92.0 80.79057531045831
84.0 94.0 81.8877233354985
84.0 95.0 86.72200578446265
84.0 96.0 89.18054852642625
84.0 97.0 93.4629890692385
84.0 98.0 60.87267107011263
84.0 100.0 94.51789341016887
84.0 101.0 73.96332991431261
84.0 102.0 73.60664234575589
84.0 104.0 81.24475309695973
84.0 105.0 81.74971751715017
84.0 107.0 38.050514404859896
84.0 109.0 62.9133831104123
84.0 110.0 70.31279739637927
84.0 111.0 68.01566848197632
84.0 112.0 85.15521474317171
86.0 87.0 13.57195142472496
86.0 88.0 63.97100132824785
86.0 89.0 73.97100133019129
86.0 90.0 46.333552091984416
86.0 91.0 44.137637085424764
86.0 92.0 94.21237358911169
86.0 94.0 95.30952161351561
86.0 95.0 100.14380406275669
86.0 96.0 102.60234680450891
86.0 97.0 106.88478734752573
86.0 98.0 74.29446934931346
86.0 100.0 107.93969168836153
86.0 101.0 87.38512819226173
86.0 102.0 87.02844062426578
86.0 104.0 94.66655137538523
86.0 105.0 95.17151579531715
86.0 107.0 51.47231268288089
86.0 109.0 76.33518138686509
86.0 110.0 83.73459567244416
86.0 111.0 81.43746676045502
86.0 112.0 98.57701302128785
87.0 88.0 65.8919823703127
87.0 89.0 75.89198236825015
87.0 90.0 48.254533132153796
87.0 91.0 46.05861812780455
87.0 92.0 96.13335462949306
87.0 94.0 97.23050265508755
87.0 95.0 102.06478510408056
87.0 96.0 104.52332784559661
87.0 97.0 108.80576838855913
87.0 98.0 76.21545038969224
87.0 100.0 109.86067272900291
87.0 101.0 89.30610923365387
87.0 102.0 88.94942166529852
87.0 104.0 96.58753241640363
87.0 105.0 97.09249683602295
87.0 107.0 53.39329372489146
87.0 109.0 78.25616242952931
87.0 110.0 85.65557671474866
87.0 111.0 83.35844780152036
87.0 112.0 100.49799406231281
88.0 89.0 9.999999999996419
88.0 90.0 36.937197972185594
88.0 91.0 34.7412829659447
88.0 92.0 101.44584087922655
88.0 94.0 102.54298890457652
88.0 95.0 107.37727135348983
88.0 96.0 109.83581409484857
88.0 97.0 114.11825463803255
88.0 98.0 37.099606679211654
88.0 100.0 115.17315897777556
88.0 101.0 94.61859548246376
88.0 102.0 94.26190791471714
88.0 104.0 101.90001866507595
88.0 105.0 102.4049830855245
88.0 107.0 46.53884810493981
88.0 109.0 39.14031871888372
88.0 110.0 46.53973300488738
88.0 111.0 44.24260409032102
88.0 112.0 105.8104803120788
89.0 90.0 46.93719797251119
89.0 91.0 44.741282965997094
89.0 92.0 111.4458408797631
89.0 94.0 112.54298890446185
89.0 95.0 117.37727135296208
89.0 96.0 119.83581409525358
89.0 97.0 124.11825463798489
89.0 98.0 47.09960667859434
89.0 100.0 125.17315897881072
89.0 101.0 104.61859548347807
89.0 102.0 104.26190791401461
89.0 104.0 111.90001866619133
89.0 105.0 112.40498308604016
89.0 107.0 56.53884810459173
89.0 109.0 49.140318719040785
89.0 110.0 56.53973300486871
89.0 111.0 54.24260409026647
89.0 112.0 115.81048031288017
90.0 91.0 10.701327839761639
90.0 92.0 83.80839164413035
90.0 94.0 84.90553966720061
90.0 95.0 89.7398221167564
90.0 96.0 92.19836485798822
90.0 97.0 96.48080540150619
90.0 98.0 47.26066599236337
90.0 100.0 97.5357097425009
90.0 101.0 76.9811462467585
90.0 102.0 76.62445867802592
90.0 104.0 84.26256942936841
90.0 105.0 84.76753384948108
90.0 107.0 28.90139886801134
90.0 109.0 49.301378032793366
90.0 110.0 56.70079231837707
90.0 111.0 54.403663404555004
90.0 112.0 88.17303107548835
91.0 92.0 81.61247663783351
91.0 94.0 82.70962466096645
91.0 95.0 87.54390710994798
91.0 96.0 90.00244985317411
91.0 97.0 94.28489039557277
91.0 98.0 45.06475098598278
91.0 100.0 95.33979473653619
91.0 101.0 74.78523124068403
91.0 102.0 74.42854367260574
91.0 104.0 82.06665442338407
91.0 105.0 82.57161884345851
91.0 107.0 26.7054838618736
91.0 109.0 47.105463026128824
91.0 110.0 54.5048773126171
91.0 111.0 52.2077483978286
91.0 112.0 85.97711606970603
92.0 94.0 30.29105689157251
92.0 95.0 35.125339340494726
92.0 96.0 37.58388208225181
92.0 97.0 41.86632262523973
92.0 98.0 111.76930889801767
92.0 100.0 51.614916413936704
92.0 101.0 31.060352918441414
92.0 102.0 30.703665349283327
92.0 104.0 38.341776101094865
92.0 105.0 38.846740521169785
92.0 107.0 88.94715223440743
92.0 109.0 113.81002094021878
92.0 110.0 121.20943522559631
92.0 111.0 118.91230631180215
92.0 112.0 42.252237747015755
94.0 95.0 14.918342635210275
94.0 96.0 17.376885376939974
94.0 97.0 21.65932591994987
94.0 98.0 112.86645692448593
94.0 100.0 52.71206443948355
94.0 101.0 32.1575009431786
94.0 102.0 31.800813374627218
94.0 104.0 39.43892412613257
94.0 105.0 39.943888546209344
94.0 107.0 90.04430025936624
94.0 109.0 114.90716896568117
94.0 110.0 122.30658325073244
94.0 111.0 120.00945433612958
94.0 112.0 43.34938577236514
95.0 96.0 13.400588961213138
95.0 97.0 6.740983284714817
95.0 98.0 117.70073937255086
95.0 100.0 57.5463468879929
95.0 101.0 36.991783392315455
95.0 102.0 36.63509582370772
95.0 104.0 44.27320657479315
95.0 105.0 44.77817099519777
95.0 107.0 94.87858270843212
95.0 109.0 119.74145141349055
95.0 110.0 127.1408656999794
95.0 111.0 124.84373678504636
95.0 112.0 48.18366822110416
96.0 97.0 20.14157224586483
96.0 98.0 120.15928211431381
96.0 100.0 60.004889629885824
96.0 101.0 39.450326134245664
96.0 102.0 39.09363856530186
96.0 104.0 46.731749316721576
96.0 105.0 47.23671373670175
96.0 107.0 97.33712545011204
96.0 109.0 122.19999415560336
96.0 110.0 129.59940844148014
96.0 111.0 127.30227952734825
96.0 112.0 50.64221096277976
97.0 98.0 124.44172265932505
97.0 100.0 64.28733017304266
97.0 101.0 43.73276667726009
97.0 102.0 43.3760791082062
97.0 104.0 51.01418985979883
97.0 105.0 51.51915427983822
97.0 107.0 101.6195659929524
97.0 109.0 126.48243469861777
97.0 110.0 133.88184898451823
97.0 111.0 131.5847200701739
97.0 112.0 54.92465150551288
98.0 100.0 125.49662699951007
98.0 101.0 104.9420635028906
98.0 102.0 104.58537593530139
98.0 104.0 112.22348668610937
98.0 105.0 112.72845110482353
98.0 107.0 56.86231612484817
98.0 109.0 15.99028686629459
98.0 110.0 23.389701152548348
98.0 111.0 21.092572238094192
98.0 112.0 116.1339483322883
100.0 101.0 42.3300940708162
100.0 102.0 41.97340650215602
100.0 104.0 49.611517253488515
100.0 105.0 50.1164816734386
100.0 107.0 102.67447033428626
100.0 109.0 127.53733903937433
100.0 110.0 134.93675332515497
100.0 111.0 132.63962441145097
100.0 112.0 53.52197889932806
101.0 102.0 6.642101363950381
101.0 104.0 7.281423182641024
101.0 105.0 7.786387602673904
101.0 107.0 82.11990683843356
101.0 109.0 106.98277554309132
101.0 110.0 114.38218982831484
101.0 111.0 112.0850609156499
101.0 112.0 11.191884828748476
102.0 104.0 13.9235245465552
102.0 105.0 14.428488966630791
102.0 107.0 81.76321926996218
102.0 109.0 106.6260879746406
102.0 110.0 114.02550226175401
102.0 111.0 111.72837334528523
102.0 112.0 17.83398619272497
104.0 105.0 7.185249645593907
104.0 107.0 89.40133002107697
104.0 109.0 114.2641987260634
104.0 110.0 121.66361301244896
104.0 111.0 119.3664840970711
104.0 112.0 10.590746871646099
105.0 107.0 89.90629444115577
105.0 109.0 114.76916314646638
105.0 110.0 122.16857743224381
105.0 111.0 119.87144851717639
105.0 112.0 3.4054972257307004
107.0 109.0 58.903028165733616
107.0 110.0 66.30244245153277
107.0 111.0 64.00531353710824
107.0 112.0 93.31179166712057
109.0 110.0 13.959188954519423
109.0 111.0 11.662060040224118
109.0 112.0 118.17466037176116
110.0 111.0 8.830699701913435
110.0 112.0 125.57407465720223
111.0 112.0 123.27694574403145
