2.0 3.0 4.858219802005401
2.0 4.0 4.893748300107672
2.0 5.0 9.434077597857362
2.0 6.0 14.097307829712541
2.0 11.0 28.22794817669144
2.0 13.0 29.205253253001633
2.0 16.0 30.921308041892402
2.0 18.0 9.763960769796533
2.0 20.0 14.744755771027672
2.0 21.0 19.705389759125367
2.0 23.0 25.061912741887557
2.0 24.0 33.85551478902275
2.0 26.0 44.42678062145648
2.0 27.0 49.6592851322776
2.0 29.0 63.10042463748356
2.0 30.0 63.442868100722606
2.0 31.0 69.08726583454413
2.0 36.0 90.83618773681263
2.0 39.0 107.04373609362332
2.0 40.0 105.66839458371618
2.0 42.0 31.450616477678707
2.0 43.0 35.22141220892723
2.0 44.0 38.64544469584544
2.0 46.0 51.520871624472505
2.0 47.0 51.835118893783694
2.0 48.0 57.88996071711891
2.0 49.0 38.656365326023405
2.0 50.0 45.161777214436626
2.0 51.0 46.01267236441969
2.0 52.0 52.93088536923756
2.0 53.0 59.68622479405863
2.0 54.0 66.0741486769194
2.0 57.0 123.06332084556013
2.0 59.0 129.60821361799378
2.0 61.0 135.31047359817575
2.0 62.0 146.60236772759225
2.0 63.0 141.55725908150384
2.0 65.0 44.48352458242961
2.0 66.0 51.62821357613426
2.0 67.0 60.23571224946939
2.0 68.0 67.85564401345115
2.0 69.0 75.90461595305689
2.0 70.0 59.526840747627546
2.0 73.0 78.97959794472798
2.0 74.0 86.43217503353932
2.0 75.0 87.11781021979564
2.0 76.0 86.93760415187975
2.0 78.0 95.8004867737833
2.0 79.0 104.70895026140442
2.0 80.0 98.78843755709042
2.0 81.0 98.58151612439045
2.0 82.0 33.7187587883649
2.0 83.0 34.220599339523744
2.0 84.0 84.95196568751538
2.0 86.0 101.19834821943076
2.0 87.0 101.75559070268977
2.0 88.0 130.537292908113
2.0 89.0 138.51909665225645
2.0 90.0 96.03180626065007
2.0 91.0 96.39786422268432
2.0 92.0 42.483095010395694
2.0 94.0 36.461553326410154
2.0 95.0 43.740107596925
2.0 96.0 39.94891578136465
2.0 97.0 53.31992411478703
2.0 98.0 159.405315887768
2.0 100.0 84.07594817233829
2.0 101.0 56.01267236405859
2.0 102.0 55.841261757658806
2.0 104.0 70.99764725529181
2.0 105.0 71.574145274301
2.0 107.0 105.95348503540984
2.0 109.0 164.56564689253457
2.0 110.0 174.44753596790247
2.0 111.0 176.15109641659112
2.0 112.0 81.00007578526235
3.0 4.0 9.75196810113296
3.0 5.0 4.575857797016598
3.0 6.0 9.239088028882106
3.0 11.0 23.36972837480936
3.0 13.0 24.347033451938106
3.0 16.0 26.06308824026439
3.0 18.0 14.622180570346682
3.0 20.0 19.602975571775012
3.0 21.0 24.563609559609247
3.0 23.0 29.920132542755077
3.0 24.0 38.713734589855314
3.0 26.0 49.285000422514685
3.0 27.0 54.51750493320579
3.0 29.0 67.95864443844935
3.0 30.0 68.30108790140582
3.0 31.0 73.94548563569163
3.0 36.0 95.69440753608723
3.0 39.0 111.90195589554338
3.0 40.0 110.52661438481398
3.0 42.0 26.592396677064592
3.0 43.0 30.363192407978076
3.0 44.0 33.787224895042065
3.0 46.0 46.66265182449338
3.0 47.0 46.97689909237089
3.0 48.0 53.031740914352056
3.0 49.0 33.798145525147206
3.0 50.0 40.303557413079005
3.0 51.0 41.154452563477705
3.0 52.0 48.072665569213676
3.0 53.0 54.82800499358551
3.0 54.0 61.21592887623419
3.0 57.0 127.92154064662537
3.0 59.0 134.46643341870845
3.0 61.0 140.16869339958532
3.0 62.0 151.4605875499529
3.0 63.0 146.41547887103212
3.0 65.0 39.62530478169852
3.0 66.0 46.76999377502072
3.0 67.0 55.377492449513866
3.0 68.0 62.99742421207323
3.0 69.0 71.04639615208889
3.0 70.0 54.668620946589186
3.0 73.0 83.8378177457931
3.0 74.0 91.29039483388291
3.0 75.0 91.97603002036672
3.0 76.0 91.79582395224371
3.0 78.0 100.6587065740544
3.0 79.0 109.56717006286098
3.0 80.0 103.64665735779745
3.0 81.0 103.43973592467874
3.0 82.0 28.860538986884386
3.0 83.0 29.362379538069675
3.0 84.0 89.81018548909678
3.0 86.0 106.05656802027008
3.0 87.0 106.61381050355598
3.0 88.0 135.3955127080802
3.0 89.0 143.3773164522756
3.0 90.0 100.89002606182102
3.0 91.0 101.25608402341477
3.0 92.0 37.62487520922989
3.0 94.0 31.603333526034163
3.0 95.0 38.88188779479066
3.0 96.0 35.09069598060125
3.0 97.0 48.46170431290983
3.0 98.0 164.2635356833504
3.0 100.0 79.21772837134993
3.0 101.0 51.154452563303224
3.0 102.0 50.98304195671764
3.0 104.0 66.13942745505884
3.0 105.0 66.71592547323215
3.0 107.0 110.81170483732876
3.0 109.0 169.42386672933614
3.0 110.0 179.30575576471077
3.0 111.0 181.00931620133514
3.0 112.0 76.14185598587474
4.0 5.0 14.327825898175561
4.0 6.0 18.99105613018264
4.0 11.0 33.121696475894105
4.0 13.0 34.09900155293232
4.0 16.0 35.81505634141632
4.0 18.0 4.870212469201016
4.0 20.0 9.851007470676194
4.0 21.0 14.811641458713359
4.0 23.0 20.168164441227624
4.0 24.0 28.96176648892015
4.0 26.0 39.53303232122491
4.0 27.0 44.7655368319393
4.0 29.0 58.206676336761305
4.0 30.0 58.54911980003149
4.0 31.0 64.19351753441079
4.0 36.0 85.94243943543603
4.0 39.0 102.14998779293313
4.0 40.0 100.7746462836808
4.0 42.0 36.34436477836868
4.0 43.0 40.11516050940442
4.0 44.0 43.53919299666692
4.0 46.0 56.41461992563464
4.0 47.0 56.728867193546556
4.0 48.0 62.78370901800043
4.0 49.0 43.55011362681439
4.0 50.0 50.05552551488131
4.0 51.0 50.90642066473049
4.0 52.0 57.824633670261235
4.0 53.0 64.57997309424492
4.0 54.0 70.96789697797983
4.0 57.0 118.16957254498854
4.0 59.0 124.71446532141934
4.0 61.0 130.41672529813738
4.0 62.0 141.70861943724384
4.0 63.0 136.66351076263234
4.0 65.0 49.37727288344257
4.0 66.0 56.52196187710224
4.0 67.0 65.12946055119686
4.0 68.0 72.74939231399442
4.0 69.0 80.79836425207124
4.0 70.0 64.42058904720218
4.0 73.0 74.08584964415668
4.0 74.0 81.53842673310109
4.0 75.0 82.22406191956091
4.0 76.0 82.04385585099303
4.0 78.0 90.90673847313546
4.0 79.0 99.81520196228095
4.0 80.0 93.89468925656516
4.0 81.0 93.68776782374476
4.0 82.0 38.61250708778175
4.0 83.0 39.11434763962282
4.0 84.0 80.05821738689085
4.0 86.0 96.30459991891469
4.0 87.0 96.86184240252463
4.0 88.0 125.64354460726858
4.0 89.0 133.62534834902752
4.0 90.0 91.13805796024425
4.0 91.0 91.50411592215707
4.0 92.0 47.37684331149484
4.0 94.0 41.355301627188815
4.0 95.0 48.63385589693184
4.0 96.0 44.84266408260309
4.0 97.0 58.21367241487285
4.0 98.0 154.51156758130097
4.0 100.0 88.96969647170116
4.0 101.0 60.906420664676716
4.0 102.0 60.735010057897156
4.0 104.0 75.89139555621435
4.0 105.0 76.46789357457617
4.0 107.0 101.05973673565501
4.0 109.0 159.67189862922584
4.0 110.0 169.55378765198742
4.0 111.0 171.25734809431663
4.0 112.0 85.89382408654532
5.0 6.0 4.663230231869515
5.0 11.0 18.793870577915577
5.0 13.0 19.77117565467529
5.0 16.0 21.48723044312571
5.0 18.0 19.19803836747971
5.0 20.0 24.17883336881969
5.0 21.0 29.139467356757436
5.0 23.0 34.495990339888536
5.0 24.0 43.28959238687956
5.0 26.0 53.86085821967595
5.0 27.0 59.09336272971639
5.0 29.0 72.53450223470492
5.0 30.0 72.87694569865343
5.0 31.0 78.52134343266977
5.0 36.0 100.27026533321255
5.0 39.0 116.47781369206174
5.0 40.0 115.10247218030133
5.0 42.0 22.016538880231636
5.0 43.0 25.787334610545678
5.0 44.0 29.21136709832862
5.0 46.0 42.086794026817415
5.0 47.0 42.40104129521122
5.0 48.0 48.4558831185985
5.0 49.0 29.222287728245345
5.0 50.0 35.72769961586291
5.0 51.0 36.57859476658592
5.0 52.0 43.49680777132562
5.0 53.0 50.252147195708616
5.0 54.0 56.6400710798492
5.0 57.0 132.49739844213377
5.0 59.0 139.04229121620938
5.0 61.0 144.7445511961115
5.0 62.0 156.03644535104883
5.0 63.0 150.99133667925378
5.0 65.0 35.04944698489814
5.0 66.0 42.19413597876242
5.0 67.0 50.801634652353094
5.0 68.0 58.42156641569181
5.0 69.0 66.47053835326115
5.0 70.0 50.09276314925018
5.0 73.0 88.41367554235107
5.0 74.0 95.86625263108637
5.0 75.0 96.55188781739692
5.0 76.0 96.37168174914666
5.0 78.0 105.23456437064218
5.0 79.0 114.14302785883808
5.0 80.0 108.2225151538538
5.0 81.0 108.015593721372
5.0 82.0 24.28468119010597
5.0 83.0 24.786521741110597
5.0 84.0 94.3860432854954
5.0 86.0 110.63242581668837
5.0 87.0 111.18966830050108
5.0 88.0 139.97137050464053
5.0 89.0 147.95317424909365
5.0 90.0 105.46588385755595
5.0 91.0 105.83194181978541
5.0 92.0 33.0490174125356
5.0 94.0 27.027475728972128
5.0 95.0 34.30602999892202
5.0 96.0 30.51483818394575
5.0 97.0 43.88584651720786
5.0 98.0 168.839393491188
5.0 100.0 74.64187057501294
5.0 101.0 46.578594766331804
5.0 102.0 46.407184159765464
5.0 104.0 61.563569658400276
5.0 105.0 62.140067676426185
5.0 107.0 115.38756263323958
5.0 109.0 173.9997245105331
5.0 110.0 183.88161355695195
5.0 111.0 185.58517400387808
5.0 112.0 71.56599818773805
6.0 11.0 14.130640346090598
6.0 13.0 15.107945423129783
6.0 16.0 16.824000211422778
6.0 18.0 23.861268599199573
6.0 20.0 28.84206360055299
6.0 21.0 33.80269758850204
6.0 23.0 39.159220571532416
6.0 24.0 47.952822618682646
6.0 26.0 58.5240884514525
6.0 27.0 63.756592961411044
6.0 29.0 77.1977324666556
6.0 30.0 77.54017592973183
6.0 31.0 83.18457366409567
6.0 36.0 104.93349556559093
6.0 39.0 121.1410439222344
6.0 40.0 119.76570241308553
6.0 42.0 17.35330864827082
6.0 43.0 21.124104379166067
6.0 44.0 24.54813686609537
6.0 46.0 37.42356379505685
6.0 47.0 37.73781106327659
6.0 48.0 43.792652886787415
6.0 49.0 24.559057496472597
6.0 50.0 31.06446938447715
6.0 51.0 31.91536453469892
6.0 52.0 38.833577539578215
6.0 53.0 45.588916963773514
6.0 54.0 51.9768408471404
6.0 57.0 137.16062867364366
6.0 59.0 143.70552145020335
6.0 61.0 149.4077814292052
6.0 62.0 160.69967558783117
6.0 63.0 155.6545669082775
6.0 65.0 30.386216753312866
6.0 66.0 37.53090574634967
6.0 67.0 46.13840442058104
6.0 68.0 53.758336183431865
6.0 69.0 61.8073081215101
6.0 70.0 45.42953291777099
6.0 73.0 93.07690577398444
6.0 74.0 100.52948286327299
6.0 75.0 101.21511804894604
6.0 76.0 101.0349119810678
6.0 78.0 109.89779460227481
6.0 79.0 118.80625809165903
6.0 80.0 112.8857453872526
6.0 81.0 112.67882395320267
6.0 82.0 19.621450958369955
6.0 83.0 20.123291509374162
6.0 84.0 99.04927351687755
6.0 86.0 115.29565604909753
6.0 87.0 115.85289853212095
6.0 88.0 144.63460073709726
6.0 89.0 152.61640448039645
6.0 90.0 110.1291140894192
6.0 91.0 110.49517205118639
6.0 92.0 28.38578718045442
6.0 94.0 22.364245496998045
6.0 95.0 29.642799766771407
6.0 96.0 25.85160795199728
6.0 97.0 39.222616285028586
6.0 98.0 173.50262372622234
6.0 100.0 69.97864034256445
6.0 101.0 41.91536453433674
6.0 102.0 41.74395392786788
6.0 104.0 56.90033942550542
6.0 105.0 57.476837445081266
6.0 107.0 120.0507928665443
6.0 109.0 178.66295474365862
6.0 110.0 188.54484380351386
6.0 111.0 190.24840422903267
6.0 112.0 66.90276795676814
11.0 13.0 14.370987016253446
11.0 16.0 16.087041804460274
11.0 18.0 37.99190894505445
11.0 20.0 42.972703947237
11.0 21.0 47.933337934554196
11.0 23.0 53.28986091736682
11.0 24.0 62.08346296456365
11.0 26.0 72.65472879709304
11.0 27.0 77.88723330774141
11.0 29.0 91.32837281227039
11.0 30.0 91.6708162762892
11.0 31.0 97.31521400980766
11.0 36.0 119.06413591118506
11.0 39.0 135.27168426849954
11.0 40.0 133.89634275883867
11.0 42.0 22.695543382844455
11.0 43.0 26.466339114125063
11.0 44.0 29.890371599939122
11.0 46.0 42.765798530113805
11.0 47.0 43.08004579775874
11.0 48.0 49.134887621500184
11.0 49.0 29.901292230839964
11.0 50.0 36.4067041192163
11.0 51.0 37.25759926909707
11.0 52.0 44.17581227463932
11.0 53.0 50.931151699219626
11.0 54.0 57.319075581933575
11.0 57.0 151.29126901957048
11.0 59.0 157.83616179581122
11.0 61.0 163.5384217746467
11.0 62.0 174.83031593136155
11.0 63.0 169.78520725631734
11.0 65.0 35.72845148771364
11.0 66.0 42.873140480947484
11.0 67.0 51.48063915539203
11.0 68.0 59.10057091869447
11.0 69.0 67.14954285712393
11.0 70.0 50.77176765235163
11.0 73.0 107.20754611910783
11.0 74.0 114.66012320904863
11.0 75.0 115.34575839494333
11.0 76.0 115.16555232683359
11.0 78.0 124.02843494821016
11.0 79.0 132.93689843697211
11.0 80.0 127.01638573219
11.0 81.0 126.80946429940252
11.0 82.0 18.88449255152719
11.0 83.0 19.38633310231842
11.0 84.0 113.17991386300194
11.0 86.0 129.42629639484278
11.0 87.0 129.9835388778534
11.0 88.0 158.7652410836711
11.0 89.0 166.74704482630426
11.0 90.0 124.2597544354555
11.0 91.0 124.62581239785553
11.0 92.0 27.648828773891754
11.0 94.0 21.6272870900117
11.0 95.0 28.905841359758533
11.0 96.0 25.11464954531201
11.0 97.0 38.48565787804372
11.0 98.0 187.6332640662592
11.0 100.0 75.32087507757504
11.0 101.0 47.25759926963086
11.0 102.0 47.0861886629088
11.0 104.0 62.24257416043234
11.0 105.0 62.819072179356255
11.0 107.0 134.18143321119493
11.0 109.0 192.79359508393253
11.0 110.0 202.67548412890181
11.0 111.0 204.37904456211874
11.0 112.0 72.24500269009248
13.0 16.0 14.765001962474303
13.0 18.0 38.96921402260275
13.0 20.0 43.950009023557584
13.0 21.0 48.91064301153952
13.0 23.0 54.26716599470191
13.0 24.0 63.06076804181899
13.0 26.0 73.63203387450717
13.0 27.0 78.86453838514035
13.0 29.0 92.30567788944066
13.0 30.0 92.64812135290998
13.0 31.0 98.29251908664688
13.0 36.0 120.04144098868143
13.0 39.0 136.24898934574938
13.0 40.0 134.87364783608064
13.0 42.0 23.672848459733487
13.0 43.0 27.443644190720295
13.0 44.0 30.867676676756858
13.0 46.0 43.743103604871905
13.0 47.0 44.05735087431545
13.0 48.0 50.11219269881987
13.0 49.0 30.878597309119737
13.0 50.0 37.38400919630415
13.0 51.0 38.234904344481585
13.0 52.0 45.15311735155093
13.0 53.0 51.908456775682296
13.0 54.0 58.296380659054236
13.0 57.0 152.26857409720108
13.0 59.0 158.8134668715236
13.0 61.0 164.51572685252245
13.0 62.0 175.80762100539874
13.0 63.0 170.76251233477137
13.0 65.0 36.70575656452203
13.0 66.0 43.85044555760393
13.0 67.0 52.45794423259323
13.0 68.0 60.077875995596195
13.0 69.0 68.12684793410558
13.0 70.0 51.74907272895459
13.0 73.0 108.18485119656171
13.0 74.0 115.6374282851415
13.0 75.0 116.32306347106956
13.0 76.0 116.14285740423506
13.0 78.0 125.00574002522146
13.0 79.0 133.91420351442156
13.0 80.0 127.99369081017875
13.0 81.0 127.78676937650388
13.0 82.0 17.56245270946995
13.0 83.0 18.064293260516756
13.0 84.0 114.15721894109325
13.0 86.0 130.40360147226522
13.0 87.0 130.96084395524082
13.0 88.0 159.74254615978987
13.0 89.0 167.7243499042313
13.0 90.0 125.23705951256403
13.0 91.0 125.60311747434949
13.0 92.0 26.326788931719353
13.0 94.0 20.30524724805881
13.0 95.0 27.583801517710544
13.0 96.0 23.792609703223654
13.0 97.0 37.16361803598304
13.0 98.0 188.6105691453531
13.0 100.0 76.29818015457533
13.0 101.0 48.23490434673781
13.0 102.0 48.06349373908153
13.0 104.0 63.21987923781376
13.0 105.0 63.796377256513225
13.0 107.0 135.15873828890787
13.0 109.0 193.77090016080126
13.0 110.0 203.65278922811262
13.0 111.0 205.35634964644754
13.0 112.0 73.22230776731027
16.0 18.0 40.6852688111962
16.0 20.0 45.66606381230627
16.0 21.0 50.62669780001451
16.0 23.0 55.98322078308212
16.0 24.0 64.77682283003283
16.0 26.0 75.34808866213581
16.0 27.0 80.58059317289926
16.0 29.0 94.02173267836352
16.0 30.0 94.36417614037552
16.0 31.0 100.00857387512411
16.0 36.0 121.75749577671293
16.0 39.0 137.96504413423682
16.0 40.0 136.58970262457873
16.0 42.0 25.388903247718105
16.0 43.0 29.159698978895015
16.0 44.0 32.58373146582273
16.0 46.0 45.459158396425124
16.0 47.0 45.77340566401096
16.0 48.0 51.828247487533325
16.0 49.0 32.59465209689783
16.0 50.0 39.10006398510104
16.0 51.0 39.95095913378802
16.0 52.0 46.869172139449645
16.0 53.0 53.6245115643145
16.0 54.0 60.01243544799256
16.0 57.0 153.98462888505566
16.0 59.0 160.529521661454
16.0 61.0 166.23178164123382
16.0 62.0 177.52367579340157
16.0 63.0 172.4785671218385
16.0 65.0 38.421811353453485
16.0 66.0 45.5665003481353
16.0 67.0 54.17399902086054
16.0 68.0 61.793930784087294
16.0 69.0 69.84290272204618
16.0 70.0 53.46512751760579
16.0 73.0 109.90090598495067
16.0 74.0 117.35348307416001
16.0 75.0 118.0391182600195
16.0 76.0 117.8589121931505
16.0 78.0 126.72179481317275
16.0 79.0 135.63025830291875
16.0 80.0 129.7097455974133
16.0 81.0 129.50282416479172
16.0 82.0 17.278507497732928
16.0 83.0 17.780348048484175
16.0 84.0 115.87327372786916
16.0 86.0 132.11965626048607
16.0 87.0 132.67689874344092
16.0 88.0 161.45860094879214
16.0 89.0 169.44040469212044
16.0 90.0 126.95311430122936
16.0 91.0 127.31917226336665
16.0 92.0 26.04284372006303
16.0 94.0 17.37419934648016
16.0 95.0 24.652753616311017
16.0 96.0 20.861561801801937
16.0 97.0 34.2325701345033
16.0 98.0 190.32662393861904
16.0 100.0 78.01423494264873
16.0 101.0 49.95095913197699
16.0 102.0 49.77954852705774
16.0 104.0 64.93593402636114
16.0 105.0 65.51243204444495
16.0 107.0 136.87479307705775
16.0 109.0 195.48695495365757
16.0 110.0 205.36884401214513
16.0 111.0 207.07240443980396
16.0 112.0 74.93836255605126
18.0 20.0 4.980795001478167
18.0 21.0 9.941428989030122
18.0 23.0 15.297951972039597
18.0 24.0 24.091554019541622
18.0 26.0 34.66281985219862
18.0 27.0 39.895324362528
18.0 29.0 53.33646386747026
18.0 30.0 53.678907330158886
18.0 31.0 59.323305065183014
18.0 36.0 81.07222696706113
18.0 39.0 97.27977532499216
18.0 40.0 95.90443381371867
18.0 42.0 41.214577247317976
18.0 43.0 44.98537297807852
18.0 44.0 48.409405465968305
18.0 46.0 61.28483239521331
18.0 47.0 61.59907966243448
18.0 48.0 67.65392148636145
18.0 49.0 48.42032609559702
18.0 50.0 54.92573798401437
18.0 51.0 55.77663313378572
18.0 52.0 62.694846139457866
18.0 53.0 69.450185563639
18.0 54.0 75.83810944692654
18.0 57.0 113.29936007594651
18.0 59.0 119.84425285151687
18.0 61.0 125.54651283165312
18.0 62.0 136.83840697714948
18.0 63.0 131.79329830374908
18.0 65.0 54.24748535255786
18.0 66.0 61.392174345732116
18.0 67.0 69.99967302058435
18.0 68.0 77.61960478300146
18.0 69.0 85.66857672089827
18.0 70.0 69.29080151735
18.0 73.0 69.21563717514698
18.0 74.0 76.66821426365382
18.0 75.0 77.3538494503978
18.0 76.0 77.1736433818533
18.0 78.0 86.03652600314862
18.0 79.0 94.94498949271072
18.0 80.0 89.02447678731424
18.0 81.0 88.81755535503213
18.0 82.0 43.48271955704174
18.0 83.0 43.9845601082766
18.0 84.0 75.18800491771457
18.0 86.0 91.43438744989574
18.0 87.0 91.99162993188867
18.0 88.0 120.77333213464422
18.0 89.0 128.7551358823472
18.0 90.0 86.26784549110565
18.0 91.0 86.63390345321305
18.0 92.0 52.247055779055074
18.0 94.0 46.225514095795546
18.0 95.0 53.50406836518489
18.0 96.0 49.712876551672764
18.0 97.0 63.08388488430692
18.0 98.0 149.64135513265464
18.0 100.0 93.83990894180535
18.0 101.0 65.77663313412378
18.0 102.0 65.60522252723652
18.0 104.0 80.76160802460414
18.0 105.0 81.33810604364399
18.0 107.0 96.18952426679485
18.0 109.0 154.80168613416203
18.0 110.0 164.68357515950566
18.0 111.0 166.3871356169787
18.0 112.0 90.76403655556616
20.0 21.0 4.960633987821954
20.0 23.0 10.31715697083261
20.0 24.0 19.110759017801858
20.0 26.0 29.682024850989762
20.0 27.0 34.914529361072326
20.0 29.0 48.35566886624119
20.0 30.0 48.6981123290758
20.0 31.0 54.34251006381449
20.0 36.0 76.09143196515458
20.0 39.0 92.29898032250506
20.0 40.0 90.92363881151931
20.0 42.0 46.19537224843621
20.0 43.0 49.966167979766254
20.0 44.0 53.39020046671413
20.0 46.0 66.26562739635202
20.0 47.0 66.57987466391965
20.0 48.0 72.63471648697411
20.0 49.0 53.40112109661305
20.0 50.0 59.9065329847834
20.0 51.0 60.75742813528934
20.0 52.0 67.67564113982793
20.0 53.0 74.43098056478077
20.0 54.0 80.818904448156
20.0 57.0 108.31856507218768
20.0 59.0 114.86345785090721
20.0 61.0 120.56571782770175
20.0 62.0 131.85761197713896
20.0 63.0 126.81250330704933
20.0 65.0 59.22828035404844
20.0 66.0 66.37296934755204
20.0 67.0 74.98046802079365
20.0 68.0 82.60039978441517
20.0 69.0 90.64937172275235
20.0 70.0 74.27159651847565
20.0 73.0 64.23484217373681
20.0 74.0 71.68741926247102
20.0 75.0 72.37305444878741
20.0 76.0 72.19284838116741
20.0 78.0 81.05573100181658
20.0 79.0 89.96419449018288
20.0 80.0 84.0436817860352
20.0 81.0 83.83676035335682
20.0 82.0 48.463514559637616
20.0 83.0 48.96535510967166
20.0 84.0 70.20720991624253
20.0 86.0 86.45359244772098
20.0 87.0 87.01083493132322
20.0 88.0 115.79253713732888
20.0 89.0 123.77434088021144
20.0 90.0 81.28705048921738
20.0 91.0 81.65310845206994
20.0 92.0 57.22785078083915
20.0 94.0 51.20630909765142
20.0 95.0 58.48486336687287
20.0 96.0 54.69367155338007
20.0 97.0 68.06467988572354
20.0 98.0 144.66056012179126
20.0 100.0 98.8207039432107
20.0 101.0 70.75742813539298
20.0 102.0 70.58601752908666
20.0 104.0 85.74240302637374
20.0 105.0 86.31890104559943
20.0 107.0 91.20872926460379
20.0 109.0 149.8208911285416
20.0 110.0 159.70278020482195
20.0 111.0 161.40634062171324
20.0 112.0 95.74483155650898
21.0 23.0 5.356522983041978
21.0 24.0 14.150125030376973
21.0 26.0 24.721390862770548
21.0 27.0 29.95389537352498
21.0 29.0 43.39503487836116
21.0 30.0 43.737478341741266
21.0 31.0 49.38187607589722
21.0 36.0 71.13079797779184
21.0 39.0 87.33834633448897
21.0 40.0 85.96300482444774
21.0 42.0 51.15600623647926
21.0 43.0 54.926801967338776
21.0 44.0 58.35083445491408
21.0 46.0 71.22626138374414
21.0 47.0 71.54050865254943
21.0 48.0 77.59535047541249
21.0 49.0 58.36175508510945
21.0 50.0 64.86716697308293
21.0 51.0 65.71806212211382
21.0 52.0 72.63627512810413
21.0 53.0 79.39161455240314
21.0 54.0 85.77953843585607
21.0 57.0 103.35793108655912
21.0 59.0 109.9028238597567
21.0 61.0 115.60508383545599
21.0 62.0 126.89697799077724
21.0 63.0 121.85186931687784
21.0 65.0 64.18891434161051
21.0 66.0 71.33360333511592
21.0 67.0 79.94110200912407
21.0 68.0 87.56103377235989
21.0 69.0 95.61000571065347
21.0 70.0 79.23223050600126
21.0 73.0 59.2742081860699
21.0 74.0 66.7267852742113
21.0 75.0 67.4124204607125
21.0 76.0 67.23221439289343
21.0 78.0 76.09509701387326
21.0 79.0 85.00356050243639
21.0 80.0 79.08304779875351
21.0 81.0 78.87612636509454
21.0 82.0 53.42414854616145
21.0 83.0 53.92598909753938
21.0 84.0 65.24657592846822
21.0 86.0 81.49295846125162
21.0 87.0 82.05020094409443
21.0 88.0 110.83190314817787
21.0 89.0 118.81370689122026
21.0 90.0 76.32641650142985
21.0 91.0 76.69247446423833
21.0 92.0 62.18848476825378
21.0 94.0 56.16694308456546
21.0 95.0 63.445497354366296
21.0 96.0 59.654305539017756
21.0 97.0 73.0253138736052
21.0 98.0 139.69992613726384
21.0 100.0 103.78133793100616
21.0 101.0 75.7180621226772
21.0 102.0 75.54665151703071
21.0 104.0 90.70303701381967
21.0 105.0 91.27953503313675
21.0 107.0 86.2480952769102
21.0 109.0 144.86025714470318
21.0 110.0 154.74214619036778
21.0 111.0 156.44570662765997
21.0 112.0 100.70546554633015
23.0 24.0 8.79360204718025
23.0 26.0 19.364867879823258
23.0 27.0 24.597372390492538
23.0 29.0 38.03851189530282
23.0 30.0 38.380955358638985
23.0 31.0 44.02535309297197
23.0 36.0 65.77427499482833
23.0 39.0 81.98182335294067
23.0 40.0 80.60648184270087
23.0 42.0 56.512529219753105
23.0 43.0 60.28332495035745
23.0 44.0 63.70735743769457
23.0 46.0 76.58278436702753
23.0 47.0 76.89703163429424
23.0 48.0 82.95187345824748
23.0 49.0 63.71827806779529
23.0 50.0 70.22368995624886
23.0 51.0 71.07458510607017
23.0 52.0 77.99279811150409
23.0 53.0 84.74813753547264
23.0 54.0 91.13606141921173
23.0 57.0 98.00140810329101
23.0 59.0 104.54630087756047
23.0 61.0 110.2485608560371
23.0 62.0 121.54045499871188
23.0 63.0 116.49534634082296
23.0 65.0 69.54543732437418
23.0 66.0 76.69012631769502
23.0 67.0 85.2976249921407
23.0 68.0 92.91755675524176
23.0 69.0 100.96652869388339
23.0 70.0 84.58875348942267
23.0 73.0 53.91768520242
23.0 74.0 61.370262291632116
23.0 75.0 62.055897478114105
23.0 76.0 61.875691409982416
23.0 78.0 70.73857403092009
23.0 79.0 79.64703751988466
23.0 80.0 73.72652481522526
23.0 81.0 73.51960338247933
23.0 82.0 58.78067153012849
23.0 83.0 59.282512080943036
23.0 84.0 59.89005294552456
23.0 86.0 76.13643547780191
23.0 87.0 76.69367796088125
23.0 88.0 105.47538016590931
23.0 89.0 113.45718390829805
23.0 90.0 70.9698935187331
23.0 91.0 71.3359514809375
23.0 92.0 67.54500775236522
23.0 94.0 61.523466068405966
23.0 95.0 68.80202033820159
23.0 96.0 65.01082852376709
23.0 97.0 78.38183685666544
23.0 98.0 134.34340314985536
23.0 100.0 109.13786091388403
23.0 101.0 81.07458510625364
23.0 102.0 80.90317449960784
23.0 104.0 96.05955999721834
23.0 105.0 96.63605801619086
23.0 107.0 80.89157229458077
23.0 109.0 139.50373416407254
23.0 110.0 149.3856232018339
23.0 111.0 151.08918363790536
23.0 112.0 106.06198852773701
24.0 26.0 10.571265832454541
24.0 27.0 15.80377034324087
24.0 29.0 29.244909847957206
24.0 30.0 29.587353311454383
24.0 31.0 35.23175104563222
24.0 36.0 56.9806729472091
24.0 39.0 73.18822130556403
24.0 40.0 71.81287979495286
24.0 42.0 65.30613126692471
24.0 43.0 69.07692699757709
24.0 44.0 72.50095948465432
24.0 46.0 85.37638641386258
24.0 47.0 85.69063368138029
24.0 48.0 91.74547550567618
24.0 49.0 72.51188011476759
24.0 50.0 79.0172920031135
24.0 51.0 79.86818715330658
24.0 52.0 86.78640015836018
24.0 53.0 93.54173958225351
24.0 54.0 99.92966346619433
24.0 57.0 89.20780605645629
24.0 59.0 95.75269883260249
24.0 61.0 101.45495880739627
24.0 62.0 112.74685296902129
24.0 63.0 107.70174428669267
24.0 65.0 78.3390393715536
24.0 66.0 85.48372836532516
24.0 67.0 94.09122703887783
24.0 68.0 101.71115880253998
24.0 69.0 109.76013074022667
24.0 70.0 93.38235553646066
24.0 73.0 45.12408315554736
24.0 74.0 52.57666024390696
24.0 75.0 53.26229543100399
24.0 76.0 53.08208936270356
24.0 78.0 61.94497198404763
24.0 79.0 70.85343547272403
24.0 80.0 64.93292276811022
24.0 81.0 64.72600133491216
24.0 82.0 67.57427357700372
24.0 83.0 68.07611412772323
24.0 84.0 51.09645089833447
24.0 86.0 67.34283343081916
24.0 87.0 67.90007591337422
24.0 88.0 96.68177811826976
24.0 89.0 104.66358186368518
24.0 90.0 62.1762914714575
24.0 91.0 62.54234943322983
24.0 92.0 76.33860979993558
24.0 94.0 70.31706811512412
24.0 95.0 77.59562238553477
24.0 96.0 73.80443057101375
24.0 97.0 87.1754389035061
24.0 98.0 125.54980112098937
24.0 100.0 117.93146296123263
24.0 101.0 89.86818715303657
24.0 102.0 89.69677654632878
24.0 104.0 104.85316204422183
24.0 105.0 105.42966006328477
24.0 107.0 72.0979702472263
24.0 109.0 130.7101321335963
24.0 110.0 140.59202117896834
24.0 111.0 142.29558161415702
24.0 112.0 114.85559057468296
26.0 27.0 5.232504510550896
26.0 29.0 18.673644015455167
26.0 30.0 19.016087478889133
26.0 31.0 24.660485213222305
26.0 36.0 46.409407114589044
26.0 39.0 62.61695547171293
26.0 40.0 61.24161396194194
26.0 42.0 75.87739709959696
26.0 43.0 79.64819282998063
26.0 44.0 83.0722253177797
26.0 46.0 95.94765224642515
26.0 47.0 96.26189951395013
26.0 48.0 102.31674133798805
26.0 49.0 83.08314594711211
26.0 50.0 89.58855783586512
26.0 51.0 90.4394529858179
26.0 52.0 97.35766599117753
26.0 53.0 104.11300541492784
26.0 54.0 110.50092929901855
26.0 57.0 78.63654022387888
26.0 59.0 85.1814330012215
26.0 61.0 90.88369297892258
26.0 62.0 102.1755871273907
26.0 63.0 97.13047845757154
26.0 65.0 88.91030520424067
26.0 66.0 96.05499419663226
26.0 67.0 104.66249287159343
26.0 68.0 112.28242463493709
26.0 69.0 120.33139657379891
26.0 70.0 103.95362136843235
26.0 73.0 34.55281732325529
26.0 74.0 42.00539441170215
26.0 75.0 42.691029598152696
26.0 76.0 42.51082353044161
26.0 78.0 51.373706151597844
26.0 79.0 60.282169640655965
26.0 80.0 54.36165693554196
26.0 81.0 54.15473550306313
26.0 82.0 78.1455394093359
26.0 83.0 78.64737996060416
26.0 84.0 40.52518506576998
26.0 86.0 56.77156759817915
26.0 87.0 57.32881008085483
26.0 88.0 86.11051228580689
26.0 89.0 94.09231603075295
26.0 90.0 51.60502563904029
26.0 91.0 51.9710836010709
26.0 92.0 86.90987563123079
26.0 94.0 80.88833394811208
26.0 95.0 88.16688821813176
26.0 96.0 84.37569640327584
26.0 97.0 97.74670473623864
26.0 98.0 114.97853527071788
26.0 100.0 128.5027287935731
26.0 101.0 100.43945298544398
26.0 102.0 100.26804237949068
26.0 104.0 115.42442787662333
26.0 105.0 116.00092589556493
26.0 107.0 61.52670441498951
26.0 109.0 120.1388662877444
26.0 110.0 130.02075534021031
26.0 111.0 131.72431576578083
26.0 112.0 125.42685640716405
27.0 29.0 13.441139504982887
27.0 30.0 13.783582968751723
27.0 31.0 19.427980702609382
27.0 36.0 41.17690260416228
27.0 39.0 57.384450960534146
27.0 40.0 56.009109452761635
27.0 42.0 81.10990160934759
27.0 43.0 84.88069734036236
27.0 44.0 88.30472982871396
27.0 46.0 101.18015675662329
27.0 47.0 101.49440402392088
27.0 48.0 107.54924584812474
27.0 49.0 88.31565045824766
27.0 50.0 94.82106234627949
27.0 51.0 95.67195749610153
27.0 52.0 102.59017050135495
27.0 53.0 109.34550992560497
27.0 54.0 115.73343380929032
27.0 57.0 73.4040357118163
27.0 59.0 79.94892848860312
27.0 61.0 85.65118846517953
27.0 62.0 96.94308261912965
27.0 63.0 91.8979739350567
27.0 65.0 94.14280971475284
27.0 66.0 101.28749870775144
27.0 67.0 109.89499738233162
27.0 68.0 117.51492914521023
27.0 69.0 125.56390108410103
27.0 70.0 109.18612587856092
27.0 73.0 29.320312812003422
27.0 74.0 36.77288990092789
27.0 75.0 37.458525087619186
27.0 76.0 37.27831901983306
27.0 78.0 46.14120164099814
27.0 79.0 55.04966513019164
27.0 80.0 49.12915242495009
27.0 81.0 48.922230991982
27.0 82.0 83.37804391954398
27.0 83.0 83.87988447067204
27.0 84.0 35.29268055522924
27.0 86.0 51.53906308745624
27.0 87.0 52.096305570235444
27.0 88.0 80.87800777544723
27.0 89.0 88.85981151925044
27.0 90.0 46.37252112855643
27.0 91.0 46.738579090635646
27.0 92.0 92.14238014228943
27.0 94.0 86.12083845885698
27.0 95.0 93.39939272782982
27.0 96.0 89.60820091361197
27.0 97.0 102.9792092461035
27.0 98.0 109.74603075645942
27.0 100.0 133.73523330422944
27.0 101.0 105.67195749637452
27.0 102.0 105.50054688999063
27.0 104.0 120.6569323869885
27.0 105.0 121.23343040599974
27.0 107.0 56.29419990411385
27.0 109.0 114.90636177781856
27.0 110.0 124.78825084868144
27.0 111.0 126.49181125960249
27.0 112.0 130.6593609177076
29.0 30.0 11.143750043494911
29.0 31.0 5.986841197619007
29.0 36.0 27.73576309910947
29.0 39.0 43.94331145640106
29.0 40.0 42.56796994649062
29.0 42.0 94.55104111545955
29.0 43.0 98.321836844291
29.0 44.0 101.74586933215514
29.0 46.0 114.62129626070657
29.0 47.0 114.93554352897348
29.0 48.0 120.99038535427502
29.0 49.0 101.75678996196028
29.0 50.0 108.26220185144086
29.0 51.0 109.11309700189844
29.0 52.0 116.03131000678104
29.0 53.0 122.7866494318364
29.0 54.0 129.17457331287443
29.0 57.0 59.96289620699618
29.0 59.0 66.50778898640935
29.0 61.0 72.2100489625881
29.0 62.0 83.50194312157893
29.0 63.0 78.45683444419046
29.0 65.0 107.58394921906543
29.0 66.0 114.72863821132958
29.0 67.0 123.33613688691221
29.0 68.0 130.95606865011425
29.0 69.0 139.00504058861114
29.0 70.0 122.62726538376506
29.0 73.0 26.680479887751822
29.0 74.0 34.133056976339354
29.0 75.0 34.81869216292364
29.0 76.0 23.83717951482743
29.0 78.0 32.700062136150805
29.0 79.0 41.60852562494521
29.0 80.0 35.68801292026248
29.0 81.0 35.481091487193936
29.0 82.0 96.81918342435536
29.0 83.0 97.32102397568389
29.0 84.0 32.65284763047198
29.0 86.0 48.8992301625773
29.0 87.0 49.456472645710136
29.0 88.0 67.4368682706376
29.0 89.0 75.41867201582694
29.0 90.0 32.931381623532076
29.0 91.0 33.29743958560904
29.0 92.0 105.58351964764691
29.0 94.0 99.56197796254085
29.0 95.0 106.84053223189174
29.0 96.0 103.04934041879748
29.0 97.0 116.42034875137435
29.0 98.0 96.30489125685297
29.0 100.0 147.1763728088205
29.0 101.0 119.11309700074759
29.0 102.0 118.94168639509007
29.0 104.0 134.0980718914813
29.0 105.0 134.6745699112482
29.0 107.0 42.853060399033616
29.0 109.0 101.46522227999213
29.0 110.0 111.34711133919191
29.0 111.0 113.05067175867798
29.0 112.0 144.10050042241443
30.0 31.0 17.130591241038196
30.0 36.0 38.87951314297016
30.0 39.0 55.08706150044922
30.0 40.0 53.71171999078436
30.0 42.0 94.89348457843403
30.0 43.0 98.66428030804089
30.0 44.0 102.08831279590437
30.0 46.0 114.96373972515283
30.0 47.0 115.27798699328862
30.0 48.0 121.33282881643402
30.0 49.0 102.0992334257258
30.0 50.0 108.60464531404668
30.0 51.0 109.45554046478946
30.0 52.0 116.37375346991237
30.0 53.0 123.1290928934529
30.0 54.0 129.5170167775104
30.0 57.0 71.10664624978216
30.0 59.0 77.65153902619973
30.0 61.0 83.3537990058102
30.0 62.0 94.64569315419195
30.0 63.0 89.60058448446864
30.0 65.0 107.92639268310526
30.0 66.0 115.07108167526886
30.0 67.0 123.67858035013562
30.0 68.0 131.29851211360403
30.0 69.0 139.3474840534087
30.0 70.0 122.96970884809127
30.0 73.0 15.536729843965269
30.0 74.0 22.989306932817204
30.0 75.0 23.674942119472135
30.0 76.0 34.980929558378975
30.0 78.0 43.8438121795477
30.0 79.0 52.75227566853846
30.0 80.0 46.83176296348809
30.0 81.0 46.62484153074398
30.0 82.0 97.16162688701667
30.0 83.0 97.66346744050517
30.0 84.0 21.50909758673266
30.0 86.0 37.755480119363035
30.0 87.0 38.312722602082374
30.0 88.0 78.58061831338723
30.0 89.0 86.56242205729473
30.0 90.0 44.075131666377075
30.0 91.0 44.441189629797535
30.0 92.0 105.92596311135065
30.0 94.0 99.90442142598943
30.0 95.0 107.18297569636621
30.0 96.0 103.39178388200101
30.0 97.0 116.76279221482142
30.0 98.0 107.44864130617012
30.0 100.0 147.51881627234985
30.0 101.0 119.45554046457127
30.0 102.0 119.28412985734653
30.0 104.0 134.44051535667484
30.0 105.0 135.0170133742723
30.0 107.0 53.99681044284776
30.0 109.0 112.60897232552804
30.0 110.0 122.49086137799137
30.0 111.0 124.19442179967199
30.0 112.0 144.44294388575645
31.0 36.0 21.748921901709622
31.0 39.0 37.95647025791898
31.0 40.0 36.581128749964215
31.0 42.0 100.53788231187715
31.0 43.0 104.30867804357361
31.0 44.0 107.73271052968819
31.0 46.0 120.60813745982617
31.0 47.0 120.9223847267362
31.0 48.0 126.97722655111167
31.0 49.0 107.74363116100804
31.0 50.0 114.24904304904733
31.0 51.0 115.09993819864994
31.0 52.0 122.01815120441954
31.0 53.0 128.77349062871633
31.0 54.0 135.16141451226753
31.0 57.0 53.97605501097757
31.0 59.0 60.520947786925305
31.0 61.0 66.22320776924937
31.0 62.0 77.51510192151096
31.0 63.0 72.4699932486949
31.0 65.0 113.57079041746857
31.0 66.0 120.7154794117319
31.0 67.0 129.32297808387125
31.0 68.0 136.94290984777413
31.0 69.0 144.99188178607466
31.0 70.0 128.61410658180017
31.0 73.0 32.667321085151734
31.0 74.0 40.119898173855866
31.0 75.0 40.805533360388125
31.0 76.0 17.850338317136217
31.0 78.0 26.713220938493677
31.0 79.0 35.621684427265656
31.0 80.0 29.70117172244752
31.0 81.0 29.4942502895176
31.0 82.0 102.80602462263687
31.0 83.0 103.30786517198243
31.0 84.0 38.63968882812769
31.0 86.0 54.88607136019236
31.0 87.0 55.443313843349934
31.0 88.0 61.45002707199763
31.0 89.0 69.4318308184397
31.0 90.0 26.944540425856303
31.0 91.0 27.31059838790611
31.0 92.0 111.57036084402968
31.0 94.0 105.54881916083944
31.0 95.0 112.82737343198568
31.0 96.0 109.03618161535645
31.0 97.0 122.40718994890871
31.0 98.0 90.31805005981403
31.0 100.0 153.16321400632182
31.0 101.0 125.09993819872649
31.0 102.0 124.92852759067094
31.0 104.0 140.08491308894142
31.0 105.0 140.66141110876862
31.0 107.0 36.86621920150616
31.0 109.0 95.47838108684482
31.0 110.0 105.36027013795987
31.0 111.0 107.0638305651638
31.0 112.0 150.08734161927356
36.0 39.0 16.20754835754902
36.0 40.0 14.832206847430378
36.0 42.0 122.28680421384874
36.0 43.0 126.05759994432074
36.0 44.0 129.4816324316683
36.0 46.0 142.35705936085492
36.0 47.0 142.67130662824977
36.0 48.0 148.72614845245627
36.0 49.0 129.49255306159347
36.0 50.0 135.9979649496058
36.0 51.0 136.84886010030598
36.0 52.0 143.76707310494618
36.0 53.0 150.5224125292357
36.0 54.0 156.9103364127988
36.0 57.0 32.22713310864965
36.0 59.0 38.77202588411693
36.0 61.0 44.4742858638955
36.0 62.0 55.76617999857875
36.0 63.0 50.72107131507876
36.0 65.0 135.31971231866453
36.0 66.0 142.46440131198412
36.0 67.0 151.07189998552494
36.0 68.0 158.69183174914616
36.0 69.0 166.7408036876713
36.0 70.0 150.36302848303268
36.0 73.0 54.416242986798544
36.0 74.0 61.86882007506792
36.0 75.0 62.55445526043428
36.0 76.0 27.746013434186743
36.0 78.0 36.60889605945262
36.0 79.0 45.51735954916629
36.0 80.0 39.59684684220913
36.0 81.0 39.38992540958529
36.0 82.0 124.5549465226044
36.0 83.0 125.05678707394932
36.0 84.0 60.38861073036692
36.0 86.0 76.634993262187
36.0 87.0 77.19223574312487
36.0 88.0 39.701105171683366
36.0 89.0 47.682908915248525
36.0 90.0 21.824316895963364
36.0 91.0 22.190374862553387
36.0 92.0 133.31928274587713
36.0 94.0 127.29774106217081
36.0 95.0 134.57629533194716
36.0 96.0 130.78510351746564
36.0 97.0 144.15611185048726
36.0 98.0 68.56912816311483
36.0 100.0 174.91213590811316
36.0 101.0 146.84886009924983
36.0 102.0 146.67744949488005
36.0 104.0 161.8338349902555
36.0 105.0 162.41033300969946
36.0 107.0 46.76189432115799
36.0 109.0 73.72945922031683
36.0 110.0 83.61134818342504
36.0 111.0 85.3149086636002
36.0 112.0 171.83626352118114
39.0 40.0 12.385772048181167
39.0 42.0 138.49435257099577
39.0 43.0 142.2651483019297
39.0 44.0 145.6891807894085
39.0 46.0 158.56460771778217
39.0 47.0 158.87885498595358
39.0 48.0 164.93369680988332
39.0 49.0 145.7001014193686
39.0 50.0 152.20551330717078
39.0 51.0 153.05640845797868
39.0 52.0 159.97462146230635
39.0 53.0 166.7299608864026
39.0 54.0 173.1178847698783
39.0 57.0 29.78069830900258
39.0 59.0 36.325591088057394
39.0 61.0 42.02785106472554
39.0 62.0 53.319745199397815
39.0 63.0 48.274636545260144
39.0 65.0 151.52726067571305
39.0 66.0 158.6719496694747
39.0 67.0 167.27944834364706
39.0 68.0 174.8993801061269
39.0 69.0 182.9483520450994
39.0 70.0 166.5705768407248
39.0 73.0 70.62379134606945
39.0 74.0 78.07636843138452
39.0 75.0 78.76200361965866
39.0 76.0 43.953561794385166
39.0 78.0 52.81644441488361
39.0 79.0 61.7249079038521
39.0 80.0 55.8043952005995
39.0 81.0 55.59747376739516
39.0 82.0 140.76249488128659
39.0 83.0 141.26433543296906
39.0 84.0 76.59615908724297
39.0 86.0 92.84254161858831
39.0 87.0 93.39978410447915
39.0 88.0 37.25467037162809
39.0 89.0 45.23647411635213
39.0 90.0 38.03186525584551
39.0 91.0 38.39792321755726
39.0 92.0 149.52683110154413
39.0 94.0 143.50528941901385
39.0 95.0 150.78384368938617
39.0 96.0 146.99265187485167
39.0 97.0 160.36366020774108
39.0 98.0 66.12269336066332
39.0 100.0 191.1196842652962
39.0 101.0 163.05640845626095
39.0 102.0 162.88499785082033
39.0 104.0 178.04138334650747
39.0 105.0 178.61788136649096
39.0 107.0 62.96944267953768
39.0 109.0 71.28302438833029
39.0 110.0 81.164913436761
39.0 111.0 82.86847386478779
39.0 112.0 188.04381187740128
40.0 42.0 137.1190110590302
40.0 43.0 140.8898067915472
40.0 44.0 144.31383927942184
40.0 46.0 157.18926620817012
40.0 47.0 157.50351347620932
40.0 48.0 163.55835529970958
40.0 49.0 144.3247599108314
40.0 50.0 150.83017179784088
40.0 51.0 151.68106694877633
40.0 52.0 158.5992799525288
40.0 53.0 165.3546193769327
40.0 54.0 171.7425432607689
40.0 57.0 17.39492626065868
40.0 59.0 23.939819037112716
40.0 61.0 29.642079015643205
40.0 62.0 40.9339731757543
40.0 63.0 35.88886449435703
40.0 65.0 150.1519191655222
40.0 66.0 157.29660815897103
40.0 67.0 165.90410683364877
40.0 68.0 173.5240385970458
40.0 69.0 181.57301053535997
40.0 70.0 165.1952353296067
40.0 73.0 69.2484498351622
40.0 74.0 76.7010269248442
40.0 75.0 77.3866621059285
40.0 76.0 42.57822028470774
40.0 78.0 51.44110290494918
40.0 79.0 60.34956639519301
40.0 80.0 54.429053691129425
40.0 81.0 54.22213225669079
40.0 82.0 139.38715337167454
40.0 83.0 139.88899392371815
40.0 84.0 75.22081757714898
40.0 86.0 91.46720010912847
40.0 87.0 92.02444259169644
40.0 88.0 24.868898324075737
40.0 89.0 32.85070206791814
40.0 90.0 36.65652374683789
40.0 91.0 37.0225817081229
40.0 92.0 148.15148959277394
40.0 94.0 142.12994791006358
40.0 95.0 149.40850217955773
40.0 96.0 145.6173103654519
40.0 97.0 158.98831869794802
40.0 98.0 53.73692131750492
40.0 100.0 189.74434275516012
40.0 101.0 161.6810669465928
40.0 102.0 161.50965634023322
40.0 104.0 176.66604183926097
40.0 105.0 177.2425398553778
40.0 107.0 61.594101169191674
40.0 109.0 58.89725233341793
40.0 110.0 68.77914140002703
40.0 111.0 70.48270181221216
40.0 112.0 186.66847036930994
42.0 43.0 18.017205123566583
42.0 44.0 21.441237610290376
42.0 46.0 34.31666453999738
42.0 47.0 34.63091180848384
42.0 48.0 40.68575363151503
42.0 49.0 7.205748847985332
42.0 50.0 13.71116073584843
42.0 51.0 14.562055886625117
42.0 52.0 21.480268891197987
42.0 53.0 28.23560831628289
42.0 54.0 34.623532199356426
42.0 57.0 154.5139373213565
42.0 59.0 161.0588300949302
42.0 61.0 166.76109007928773
42.0 62.0 178.05298422849853
42.0 63.0 173.00787555429
42.0 65.0 27.27931749762034
42.0 66.0 34.424006489980464
42.0 67.0 43.03150516559132
42.0 68.0 50.651436928424985
42.0 69.0 58.70040886642011
42.0 70.0 42.3226336620462
42.0 73.0 110.43021442229693
42.0 74.0 117.88279151022557
42.0 75.0 118.56842669737622
42.0 76.0 118.38822063006765
42.0 78.0 127.25110325124447
42.0 79.0 136.15956673928542
42.0 80.0 130.23905403406025
42.0 81.0 130.03213260252267
42.0 82.0 28.18635399539608
42.0 83.0 28.688194546348452
42.0 84.0 116.40258216547429
42.0 86.0 132.64896469795002
42.0 87.0 133.2062071807146
42.0 88.0 161.98790938496023
42.0 89.0 169.96971312894772
42.0 90.0 127.48242273793602
42.0 91.0 127.84848070174102
42.0 92.0 36.950690217782395
42.0 94.0 30.929148533908524
42.0 95.0 38.20770280355226
42.0 96.0 34.41651098894895
42.0 97.0 47.787519322652116
42.0 98.0 190.85593236620042
42.0 100.0 66.87174108652083
42.0 101.0 24.56205588642509
42.0 102.0 24.39064527950521
42.0 104.0 39.54703077754944
42.0 105.0 40.12352879627814
42.0 107.0 137.40410151337886
42.0 109.0 196.01626338360984
42.0 110.0 205.8981524258781
42.0 111.0 207.60171286293144
42.0 112.0 49.54945930798549
43.0 44.0 12.681632497243832
43.0 46.0 16.299459416932287
43.0 47.0 16.613706683966956
43.0 48.0 22.66854850797995
43.0 49.0 25.222953971201793
43.0 50.0 31.728365858888427
43.0 51.0 32.5792610092293
43.0 52.0 39.49747401472163
43.0 53.0 46.25281343796254
43.0 54.0 52.64073732277758
43.0 57.0 158.2847330519193
43.0 59.0 164.82962582756824
43.0 61.0 170.53188581063415
43.0 62.0 181.8237799623742
43.0 63.0 176.77867128995112
43.0 65.0 18.519712384020718
43.0 66.0 25.664401377329845
43.0 67.0 34.27190005160081
43.0 68.0 41.89183181505307
43.0 69.0 49.94080375257078
43.0 70.0 24.305428538667368
43.0 73.0 114.20101015309137
43.0 74.0 121.65358724187251
43.0 75.0 122.3392224282613
43.0 76.0 122.15901635947424
43.0 78.0 131.02189898163658
43.0 79.0 139.9303624698855
43.0 80.0 134.00984976563916
43.0 81.0 133.80292833207997
43.0 82.0 31.95714972585686
43.0 83.0 32.45899027659613
43.0 84.0 120.17337789545294
43.0 86.0 136.41976042781167
43.0 87.0 136.9770029107771
43.0 88.0 165.7587051154789
43.0 89.0 173.74050885987384
43.0 90.0 131.2532184687279
43.0 91.0 131.61927643109985
43.0 92.0 40.721485948426654
43.0 94.0 34.699944264308606
43.0 95.0 41.97849853446263
43.0 96.0 38.18730672052421
43.0 97.0 51.55831505260207
43.0 98.0 194.6267280981532
43.0 100.0 58.11213597360798
43.0 101.0 42.57926100979367
43.0 102.0 42.407850403141744
43.0 104.0 57.564235901064045
43.0 105.0 58.140733919642685
43.0 107.0 141.17489724522233
43.0 109.0 199.78705912632586
43.0 110.0 209.66894818995195
43.0 111.0 211.37250860372706
43.0 112.0 67.56666443127996
44.0 46.0 28.98109191369011
44.0 47.0 29.295339181760568
44.0 48.0 35.350181005218666
44.0 49.0 28.646986459718402
44.0 50.0 35.15239834727406
44.0 51.0 36.00329349751287
44.0 52.0 42.92150650180663
44.0 53.0 49.67684592688343
44.0 54.0 56.06476981026786
44.0 57.0 161.70876554009607
44.0 59.0 168.25365831695817
44.0 61.0 173.9559182942179
44.0 62.0 185.2478124429029
44.0 63.0 180.2027037713916
44.0 65.0 5.838079886596467
44.0 66.0 12.982768880141167
44.0 67.0 21.590267554300137
44.0 68.0 29.210199317499235
44.0 69.0 37.25917125568234
44.0 70.0 36.98706103660262
44.0 73.0 117.62504264064026
44.0 74.0 125.07761972852873
44.0 75.0 125.76325491500351
44.0 76.0 125.5830488485243
44.0 78.0 134.44593146922793
44.0 79.0 143.35439495733974
44.0 80.0 137.4338822543593
44.0 81.0 137.22696081969207
44.0 82.0 35.38118221341915
44.0 83.0 35.88302276431239
44.0 84.0 123.59741038358192
44.0 86.0 139.84379291549197
44.0 87.0 140.4010353983123
44.0 88.0 169.18273760305007
44.0 89.0 177.1645413465136
44.0 90.0 134.67725095620767
44.0 91.0 135.0433089186963
44.0 92.0 44.14551843596604
44.0 94.0 38.1239767522075
44.0 95.0 45.402531022302014
44.0 96.0 41.611339207534535
44.0 97.0 54.98234753958347
44.0 98.0 198.05076059260668
44.0 100.0 45.43050347622108
44.0 101.0 46.00329349773568
44.0 102.0 45.831882891110965
44.0 104.0 60.98826838849569
44.0 105.0 61.56476640736124
44.0 107.0 144.59892973302902
44.0 109.0 203.2110916115784
44.0 110.0 213.09298066729156
44.0 111.0 214.7965410902852
44.0 112.0 70.99069691845514
46.0 47.0 16.351504078358865
46.0 48.0 6.3690890915549545
46.0 49.0 41.52241338812038
46.0 50.0 48.027825275542746
46.0 51.0 48.87872042367979
46.0 52.0 55.79693343140322
46.0 53.0 62.55227285419137
46.0 54.0 68.9401967383906
46.0 57.0 174.58419246892925
46.0 59.0 181.12908524531
46.0 61.0 186.83134522439389
46.0 62.0 198.12323937841654
46.0 63.0 193.07813070373322
46.0 65.0 34.819171800374946
46.0 66.0 41.96386079438043
46.0 67.0 50.5713594686966
46.0 68.0 58.191291231096685
46.0 69.0 66.24026316945978
46.0 70.0 24.043225932818174
46.0 73.0 130.50046956958383
46.0 74.0 137.95304665680737
46.0 75.0 138.63868184487325
46.0 76.0 138.45847577631872
46.0 78.0 147.32135839766843
46.0 79.0 156.22982188619966
46.0 80.0 150.3093091815116
46.0 81.0 150.10238774858664
46.0 82.0 48.25660914239985
46.0 83.0 48.75844969260197
46.0 84.0 136.47283731098184
46.0 86.0 152.7192198444535
46.0 87.0 153.27646232713312
46.0 88.0 182.0581645321985
46.0 89.0 190.03996827619173
46.0 90.0 147.55267788479324
46.0 91.0 147.9187358477254
46.0 92.0 57.02094536506905
46.0 94.0 50.999403679466894
46.0 95.0 58.27795795069964
46.0 96.0 54.48676613719202
46.0 97.0 67.85777446913502
46.0 98.0 210.9261875257747
46.0 100.0 74.41159539010108
46.0 101.0 58.878720426284836
46.0 102.0 58.707309818256945
46.0 104.0 73.8636953173451
46.0 105.0 74.4401933365763
46.0 107.0 157.47435666088325
46.0 109.0 216.08651854917625
46.0 110.0 225.96840759544727
46.0 111.0 227.67196802612634
46.0 112.0 83.86612384805953
47.0 48.0 22.720593169895345
47.0 49.0 41.836660656112244
47.0 50.0 48.34207254403597
47.0 51.0 49.19296769281945
47.0 52.0 56.1111806995546
47.0 53.0 62.86652012263045
47.0 54.0 69.25444400771997
47.0 57.0 174.89843973681758
47.0 59.0 181.44333251237722
47.0 61.0 187.1455924884046
47.0 62.0 198.43748665011205
47.0 63.0 193.39237797307658
47.0 65.0 35.133419068359856
47.0 66.0 42.27810806148452
47.0 67.0 50.885606736081705
47.0 68.0 58.505538499181085
47.0 69.0 66.55451043799096
47.0 70.0 7.691721854457106
47.0 73.0 130.8147168371585
47.0 74.0 138.2672939262769
47.0 75.0 138.95292911241958
47.0 76.0 138.7727230435562
47.0 78.0 147.63560566543407
47.0 79.0 156.5440691542945
47.0 80.0 150.62355644924443
47.0 81.0 150.41663501753976
47.0 82.0 48.57085641032445
47.0 83.0 49.072696960888685
47.0 84.0 136.78708458016678
47.0 86.0 153.03346711219422
47.0 87.0 153.5907095951033
47.0 88.0 182.37241180010022
47.0 89.0 190.35421554334272
47.0 90.0 147.8669251534632
47.0 91.0 148.23298311527452
47.0 92.0 57.33519263274809
47.0 94.0 51.31365094931119
47.0 95.0 58.59220521983615
47.0 96.0 54.80101340368434
47.0 97.0 68.17202173683818
47.0 98.0 211.24043478702788
47.0 100.0 74.72584265788143
47.0 101.0 59.192967693740066
47.0 102.0 59.021557085825386
47.0 104.0 74.17794258550865
47.0 105.0 74.75444060440557
47.0 107.0 157.78860392899918
47.0 109.0 216.40076580687912
47.0 110.0 226.2826548631868
47.0 111.0 227.98621528301013
47.0 112.0 84.18037111636941
48.0 49.0 47.89150247957574
48.0 50.0 54.39691436779552
48.0 51.0 55.24780951761878
48.0 52.0 62.16602252270384
48.0 53.0 68.92136194738138
48.0 54.0 75.309285831199
48.0 57.0 180.95328156049646
48.0 59.0 187.49817433681125
48.0 61.0 193.20043431521586
48.0 62.0 204.4923284660399
48.0 63.0 199.44721979796412
48.0 65.0 41.18826089233875
48.0 66.0 48.332949885681614
48.0 67.0 56.94044855954705
48.0 68.0 64.56038032305463
48.0 69.0 72.60935226048794
48.0 70.0 30.412315024331836
48.0 73.0 136.86955866093632
48.0 74.0 144.32213574891972
48.0 75.0 145.00777093605882
48.0 76.0 144.82756486784209
48.0 78.0 153.69044748892196
48.0 79.0 162.59891097757856
48.0 80.0 156.67839827297885
48.0 81.0 156.47147683990437
48.0 82.0 54.625698234793774
48.0 83.0 55.12753878438781
48.0 84.0 142.84192640475254
48.0 86.0 159.0883089357868
48.0 87.0 159.64555141858634
48.0 88.0 188.4272536234278
48.0 89.0 196.4090573676212
48.0 90.0 153.9217669783088
48.0 91.0 154.28782493959474
48.0 92.0 63.39003445640559
48.0 94.0 57.36849277245961
48.0 95.0 64.64704704252435
48.0 96.0 60.85585522759198
48.0 97.0 74.22686356080047
48.0 98.0 217.2952766146308
48.0 100.0 80.78068448317222
48.0 101.0 65.2478095177096
48.0 102.0 65.07639891112638
48.0 104.0 80.23278440875521
48.0 105.0 80.80928242781565
48.0 107.0 163.84344575217284
48.0 109.0 222.4556076356286
48.0 110.0 232.33749668596403
48.0 111.0 234.0410571124085
48.0 112.0 90.23521293920841
49.0 50.0 6.505411888372462
49.0 51.0 7.3563070382846
49.0 52.0 14.274520043277086
49.0 53.0 21.029859467579183
49.0 54.0 27.417783351132137
49.0 57.0 161.71968617022011
49.0 59.0 168.26457894754697
49.0 61.0 173.96683892622423
49.0 62.0 185.25873307957198
49.0 63.0 180.21362440662043
49.0 65.0 34.48506634521221
49.0 66.0 41.62975533914644
49.0 67.0 50.23725401267029
49.0 68.0 57.85718577583211
49.0 69.0 65.9061577147489
49.0 70.0 49.528382509696506
49.0 73.0 117.6359632702023
49.0 74.0 125.08854035890462
49.0 75.0 125.77417554533125
49.0 76.0 125.59396947622635
49.0 78.0 134.45685209748223
49.0 79.0 143.36531558714051
49.0 80.0 137.4448028812808
49.0 81.0 137.23788145068295
49.0 82.0 35.39210284309152
49.0 83.0 35.89394339465643
49.0 84.0 123.60833101397873
49.0 86.0 139.85471354526078
49.0 87.0 140.41195602846923
49.0 88.0 169.19365823278284
49.0 89.0 177.17546197651126
49.0 90.0 134.68817158716865
49.0 91.0 135.05422954716894
49.0 92.0 44.15643906518273
49.0 94.0 38.134897381886255
49.0 95.0 45.41345165211851
49.0 96.0 41.62225983802003
49.0 97.0 54.993268169661576
49.0 98.0 198.06168122552725
49.0 100.0 74.07748993549569
49.0 101.0 17.356307038277198
49.0 102.0 17.184896431669006
49.0 104.0 32.341281929427765
49.0 105.0 32.91777994880601
49.0 107.0 144.60985036152624
49.0 109.0 203.22201223394137
49.0 110.0 213.10390128097993
49.0 111.0 214.80746173594255
49.0 112.0 42.34371045976101
50.0 51.0 13.861718926696058
50.0 52.0 7.769108155208222
50.0 53.0 14.524447579315412
50.0 54.0 20.91237146313257
50.0 57.0 168.2250980582415
50.0 59.0 174.76999083502687
50.0 61.0 180.47225081373318
50.0 62.0 191.7641449717479
50.0 63.0 186.71903629421473
50.0 65.0 40.99047823441228
50.0 66.0 48.1351672262353
50.0 67.0 56.742665901294274
50.0 68.0 64.36259766433332
50.0 69.0 72.41156960370319
50.0 70.0 56.0337943974103
50.0 73.0 124.1413751579741
50.0 74.0 131.59395224647844
50.0 75.0 132.27958743398324
50.0 76.0 132.09938136670166
50.0 78.0 140.9622639876162
50.0 79.0 149.87072747553327
50.0 80.0 143.95021476988336
50.0 81.0 143.74329333785056
50.0 82.0 41.89751473159831
50.0 83.0 42.39935528323859
50.0 84.0 130.11374290214738
50.0 86.0 146.36012543344697
50.0 87.0 146.9173679164267
50.0 88.0 175.69907012144887
50.0 89.0 183.68087386531187
50.0 90.0 141.19358347451333
50.0 91.0 141.55964143602336
50.0 92.0 50.66185095407319
50.0 94.0 44.640309269942456
50.0 95.0 51.9188635386505
50.0 96.0 48.12767172523913
50.0 97.0 61.4986800601092
50.0 98.0 204.567093110716
50.0 100.0 80.58290182354018
50.0 101.0 23.86171892668755
50.0 102.0 23.690308319340893
50.0 104.0 38.84669381785899
50.0 105.0 39.42319183646769
50.0 107.0 151.11526224990655
50.0 109.0 209.72742413140855
50.0 110.0 219.60931318233654
50.0 111.0 221.31287360940206
50.0 112.0 48.84912234812366
51.0 52.0 21.63082708183697
51.0 53.0 28.386166505935293
51.0 54.0 34.774090389361966
51.0 57.0 169.07599320840154
51.0 59.0 175.6208859830106
51.0 61.0 181.32314596505293
51.0 62.0 192.61504011652934
51.0 63.0 187.56993144266954
51.0 65.0 41.84137338363335
51.0 66.0 48.98606237809416
51.0 67.0 57.593561051616675
51.0 68.0 65.21349281479729
51.0 69.0 73.26246475344377
51.0 70.0 56.884689548780685
51.0 73.0 124.99227030884254
51.0 74.0 132.44484739717296
51.0 75.0 133.13048258467316
51.0 76.0 132.95027651441035
51.0 78.0 141.81315913691398
51.0 79.0 150.72162262583936
51.0 80.0 144.80110991892337
51.0 81.0 144.5941884878228
51.0 82.0 42.74840988090597
51.0 83.0 43.25025043242242
51.0 84.0 130.964638052002
51.0 86.0 147.21102058334264
51.0 87.0 147.76826306644875
51.0 88.0 176.54996527131823
51.0 89.0 184.5317690146047
51.0 90.0 142.04447862326325
51.0 91.0 142.41053658580068
51.0 92.0 51.51274610466096
51.0 94.0 45.491204420466126
51.0 95.0 52.76975869021317
51.0 96.0 48.978566875556375
51.0 97.0 62.349575210010286
51.0 98.0 205.41798826136386
51.0 100.0 81.43379697357189
51.0 101.0 10.000000000020993
51.0 102.0 9.828589393456545
51.0 104.0 24.984974891033886
51.0 105.0 25.56147291026293
51.0 107.0 151.9661573990701
51.0 109.0 210.5783192808283
51.0 110.0 220.4602083339832
51.0 111.0 222.16376875974902
51.0 112.0 34.98740342157057
52.0 53.0 6.755339424198564
52.0 54.0 13.143263307906606
52.0 57.0 175.99420621327093
52.0 59.0 182.53909898966526
52.0 61.0 188.24135896824578
52.0 62.0 199.53325311624417
52.0 63.0 194.48814444894637
52.0 65.0 48.75958638870293
52.0 66.0 55.904275382151326
52.0 67.0 64.51177405655386
52.0 68.0 72.13170581998716
52.0 69.0 80.18067775829063
52.0 70.0 63.80290255409941
52.0 73.0 131.91048331446018
52.0 74.0 139.3630604026835
52.0 75.0 140.04869558899895
52.0 76.0 139.86848952057753
52.0 78.0 148.73137214190695
52.0 79.0 157.63983563054927
52.0 80.0 151.7193229257958
52.0 81.0 151.51240149316095
52.0 82.0 49.666622887246554
52.0 83.0 50.16846343684072
52.0 84.0 137.8828510568307
52.0 86.0 154.12923358871865
52.0 87.0 154.68647607145243
52.0 88.0 183.4681782765195
52.0 89.0 191.44998202007014
52.0 90.0 148.96269162957418
52.0 91.0 149.32874959114056
52.0 92.0 58.430959110031104
52.0 94.0 52.40941742508706
52.0 95.0 59.68797169667988
52.0 96.0 55.8967798805207
52.0 97.0 69.26778821251348
52.0 98.0 212.33620126493457
52.0 100.0 88.35200997740745
52.0 101.0 31.63082708177552
52.0 102.0 31.459416475038807
52.0 104.0 46.615801972841545
52.0 105.0 47.192299991952176
52.0 107.0 158.88437040470177
52.0 109.0 217.49653228274659
52.0 110.0 227.3784213441249
52.0 111.0 229.08198177183476
52.0 112.0 56.618230503338644
53.0 54.0 6.387923883610977
53.0 57.0 182.74954563724367
53.0 59.0 189.29443841475802
53.0 61.0 194.99669839244365
53.0 62.0 206.28859254925112
53.0 63.0 201.24348387132392
53.0 65.0 55.514925813417214
53.0 66.0 62.659614806568946
53.0 67.0 71.2671134811801
53.0 68.0 78.88704524421979
53.0 69.0 86.93601718391969
53.0 70.0 70.55824197836591
53.0 73.0 138.665822738482
53.0 74.0 146.11839982779983
53.0 75.0 146.80403501320012
53.0 76.0 146.623828944823
53.0 78.0 155.48671156605494
53.0 79.0 164.3951750550496
53.0 80.0 158.47466235013547
53.0 81.0 158.26774091713384
53.0 82.0 56.421962312354175
53.0 83.0 56.923802861428626
53.0 84.0 144.63819048157876
53.0 86.0 160.88457301284268
53.0 87.0 161.44181549588367
53.0 88.0 190.22351770119946
53.0 89.0 198.20532144473995
53.0 90.0 155.71803105355505
53.0 91.0 156.08408901557567
53.0 92.0 65.18629853429181
53.0 94.0 59.16475684942915
53.0 95.0 66.44331111910957
53.0 96.0 62.652119304945536
53.0 97.0 76.02312763759713
53.0 98.0 219.09154068119835
53.0 100.0 95.10734940295424
53.0 101.0 38.38616650586382
53.0 102.0 38.21475589978698
53.0 104.0 53.37114139684297
53.0 105.0 53.94763941604859
53.0 107.0 165.63970982935703
53.0 109.0 224.25187171712702
53.0 110.0 234.13376076826404
53.0 111.0 235.83732119881478
53.0 112.0 63.37356992747394
54.0 57.0 189.13746952101448
54.0 59.0 195.68236229649312
54.0 61.0 201.3846222774415
54.0 62.0 212.6765164289789
54.0 63.0 207.63140775636037
54.0 65.0 61.90284969694258
54.0 66.0 69.04753869044153
54.0 67.0 77.65503736454568
54.0 68.0 85.27496912780619
54.0 69.0 93.32394106618028
54.0 70.0 76.94616586078638
54.0 73.0 145.05374662200677
54.0 74.0 152.50632371045515
54.0 75.0 153.1919588966308
54.0 76.0 153.01175282851665
54.0 78.0 161.87463544965152
54.0 79.0 170.78309893870735
54.0 80.0 164.86258623361093
54.0 81.0 164.6556648007887
54.0 82.0 62.80988619471532
54.0 83.0 63.31172674620227
54.0 84.0 151.02611436528838
54.0 86.0 167.27249689641255
54.0 87.0 167.82973937937697
54.0 88.0 196.61144158452734
54.0 89.0 204.59324532846296
54.0 90.0 162.10595493714652
54.0 91.0 162.47201289918712
54.0 92.0 71.57422241703631
54.0 94.0 65.55268073334089
54.0 95.0 72.83123500314913
54.0 96.0 69.04004318867165
54.0 97.0 82.41105152244805
54.0 98.0 225.479464571611
54.0 100.0 101.49527328650525
54.0 101.0 44.7740903895939
54.0 102.0 44.60267978290232
54.0 104.0 59.759065280777094
54.0 105.0 60.33556329949738
54.0 107.0 172.02763371290962
54.0 109.0 230.63979558473773
54.0 110.0 240.521684640284
54.0 111.0 242.22524507348396
54.0 112.0 69.76149381112155
57.0 59.0 25.16019193406289
57.0 61.0 30.86245191444008
57.0 62.0 42.15434607140696
57.0 63.0 37.10923739193075
57.0 65.0 167.54684542632177
57.0 66.0 174.69153442041375
57.0 67.0 183.2990330944405
57.0 68.0 190.91896485672038
57.0 69.0 198.96793679605486
57.0 70.0 182.59016159094932
57.0 73.0 86.6433760946999
57.0 74.0 94.09595318323461
57.0 75.0 94.78158837085778
57.0 76.0 59.97314654749609
57.0 78.0 68.8360291667605
57.0 79.0 77.74449265842455
57.0 80.0 71.82397994928829
57.0 81.0 71.61705852072895
57.0 82.0 156.78207963191693
57.0 83.0 157.28392018324985
57.0 84.0 92.61574383716308
57.0 86.0 108.86212636876051
57.0 87.0 109.41936885185748
57.0 88.0 7.473972063153746
57.0 89.0 15.455775807000109
57.0 90.0 54.05145000933781
57.0 91.0 54.417507971196024
57.0 92.0 165.5464158549289
57.0 94.0 159.52487417092777
57.0 95.0 166.80342844052126
57.0 96.0 163.01223662628422
57.0 97.0 176.38324495861002
57.0 98.0 54.957294205849706
57.0 100.0 207.1392690162718
57.0 101.0 179.07599320814302
57.0 102.0 178.90458260151607
57.0 104.0 194.06096809917256
57.0 105.0 194.63746611773502
57.0 107.0 78.9890274305571
57.0 109.0 60.1176252354484
57.0 110.0 69.99951428738225
57.0 111.0 71.70307470293582
57.0 112.0 204.06339662976842
59.0 61.0 24.28372267949971
59.0 62.0 35.57561683515093
59.0 63.0 30.53050815932989
59.0 65.0 174.09173820272972
59.0 66.0 181.23642719543102
59.0 67.0 189.84392587063348
59.0 68.0 197.463857633756
59.0 69.0 205.51282957250172
59.0 70.0 189.13505436724074
59.0 73.0 93.18826887011771
59.0 74.0 100.64084596152145
59.0 75.0 101.32648114282438
59.0 76.0 66.51803932323043
59.0 78.0 75.38092194488337
59.0 79.0 84.28938543195186
59.0 80.0 78.36887273170362
59.0 81.0 78.1619512991654
59.0 82.0 163.32697240683996
59.0 83.0 163.8288129597983
59.0 84.0 99.16063661442995
59.0 86.0 115.40701914161323
59.0 87.0 115.96426162412536
59.0 88.0 32.634163996822444
59.0 89.0 40.61596773982552
59.0 90.0 60.59634278552504
59.0 91.0 60.96240074448014
59.0 92.0 172.09130862968024
59.0 94.0 166.06976694688035
59.0 95.0 173.34832121578964
59.0 96.0 169.5571294019669
59.0 97.0 182.92813773433252
59.0 98.0 48.37856497300266
59.0 100.0 213.68416179120192
59.0 101.0 185.6208859812794
59.0 102.0 185.44947537457955
59.0 104.0 200.60586087484586
59.0 105.0 201.18235889355935
59.0 107.0 85.53392020584286
59.0 109.0 53.53889599684287
59.0 110.0 63.420785051817546
59.0 111.0 65.12434547934808
59.0 112.0 210.60828940263818
61.0 62.0 27.31850701845009
61.0 63.0 22.273398342936378
61.0 65.0 179.79399817737513
61.0 66.0 186.9386871750533
61.0 67.0 195.5461858496766
61.0 68.0 203.16611761368875
61.0 69.0 211.21508955087253
61.0 70.0 194.83731434908304
61.0 73.0 98.89052885136479
61.0 74.0 106.3431059368539
61.0 75.0 107.02874113009776
61.0 76.0 72.22029930612901
61.0 78.0 81.08318193104984
61.0 79.0 89.99164541266128
61.0 80.0 84.07113270998195
61.0 81.0 83.86421126832444
61.0 82.0 169.02923238897577
61.0 83.0 169.53107293516427
61.0 84.0 104.86289659125592
61.0 86.0 121.10927912634781
61.0 87.0 121.66652161443719
61.0 88.0 38.33642397567248
61.0 89.0 46.31822772738993
61.0 90.0 66.29860276589159
61.0 91.0 66.66466072562838
61.0 92.0 177.7935686092631
61.0 94.0 171.77202692566073
61.0 95.0 179.05058119785747
61.0 96.0 175.25938938126035
61.0 97.0 188.63039771471918
61.0 98.0 40.121455158194486
61.0 100.0 219.3864217710484
61.0 101.0 191.32314596251166
61.0 102.0 191.15173535538082
61.0 104.0 206.3081208562347
61.0 105.0 206.8846188689866
61.0 107.0 91.23618018535248
61.0 109.0 45.28178617739785
61.0 110.0 55.16367523751541
61.0 111.0 56.86723566106973
61.0 112.0 216.31054938072685
62.0 63.0 14.694590282419425
62.0 65.0 191.08589233753082
62.0 66.0 198.2305813306525
62.0 67.0 206.8380800004362
62.0 68.0 214.45801176562208
62.0 69.0 222.50698370255088
62.0 70.0 206.12920849536707
62.0 73.0 110.18242300983309
62.0 74.0 117.63500009371695
62.0 75.0 118.3206352918071
62.0 76.0 83.5121934309748
62.0 78.0 92.37507608044673
62.0 79.0 101.28353950419807
62.0 80.0 95.36302685199672
62.0 81.0 95.15610544610763
62.0 82.0 180.32112652892414
62.0 83.0 180.82296707425385
62.0 84.0 116.15479075550033
62.0 86.0 132.40117327934595
62.0 87.0 132.9584157571063
62.0 88.0 49.628318133814986
62.0 89.0 57.610121876922165
62.0 90.0 77.59049683712784
62.0 91.0 77.95655479862018
62.0 92.0 189.0854627735174
62.0 94.0 183.06392108230892
62.0 95.0 190.34247535303757
62.0 96.0 186.55128353927728
62.0 97.0 199.92229186234457
62.0 98.0 12.802948140788116
62.0 100.0 230.67831592541626
62.0 101.0 202.6150401114157
62.0 102.0 202.44362950501502
62.0 104.0 217.6000150200456
62.0 105.0 218.17651303498272
62.0 107.0 102.52807434655915
62.0 109.0 17.963279158355242
62.0 110.0 27.84516821729993
62.0 111.0 29.548728643726378
62.0 112.0 227.602443541451
63.0 65.0 186.04078366173118
63.0 66.0 193.18547265235702
63.0 67.0 201.79297132913942
63.0 68.0 209.41290309295823
63.0 69.0 217.46187503129767
63.0 70.0 201.08409982504006
63.0 73.0 105.13731432532452
63.0 74.0 112.58989141038128
63.0 75.0 113.27552660718212
63.0 76.0 78.46708474259174
63.0 78.0 87.3299673854448
63.0 79.0 96.23843088640389
63.0 80.0 90.31791818434911
63.0 81.0 90.11099675887577
63.0 82.0 175.27601786420257
63.0 83.0 175.77785841709664
63.0 84.0 111.10968206950784
63.0 86.0 127.35606460357073
63.0 87.0 127.9133070904127
63.0 88.0 44.58320945413294
63.0 89.0 52.56501319972065
63.0 90.0 72.54538820708669
63.0 91.0 72.91144623350422
63.0 92.0 184.04035408748126
63.0 94.0 178.01881240715448
63.0 95.0 185.29736667436615
63.0 96.0 181.50617486187082
63.0 97.0 194.87718319461885
63.0 98.0 27.497538425789173
63.0 100.0 225.63320724298552
63.0 101.0 197.56993144439386
63.0 102.0 197.39852083887217
63.0 104.0 212.55490633507924
63.0 105.0 213.13140435215382
63.0 107.0 97.48296566243029
63.0 109.0 32.657869445277825
63.0 110.0 42.539758495086126
63.0 111.0 44.24331893533524
63.0 112.0 222.5573348561182
65.0 66.0 7.144688993414606
65.0 67.0 15.752187667618674
65.0 68.0 23.37211943075202
65.0 69.0 31.42109136936326
65.0 70.0 42.82514092286952
65.0 73.0 123.46312252723621
65.0 74.0 130.91569961520565
65.0 75.0 131.60133480215907
65.0 76.0 131.42112873433456
65.0 78.0 140.2840113559638
65.0 79.0 149.19247484412008
65.0 80.0 143.2719621391936
65.0 81.0 143.06504070680532
65.0 82.0 41.21926210090701
65.0 83.0 41.72110265092404
65.0 84.0 129.43549027050915
65.0 86.0 145.68187280204643
65.0 87.0 146.23911528504775
65.0 88.0 175.02081749027087
65.0 89.0 183.0026212341544
65.0 90.0 140.51533084287126
65.0 91.0 140.88138880562758
65.0 92.0 49.983598323303866
65.0 94.0 43.962056638985175
65.0 95.0 51.24061090912307
65.0 96.0 47.449419094413415
65.0 97.0 60.820427428229905
65.0 98.0 203.88884047376138
65.0 100.0 39.59242358972603
65.0 101.0 51.84137338392081
65.0 102.0 51.66996277761653
65.0 104.0 66.82634827513226
65.0 105.0 67.40284629427023
65.0 107.0 150.43700961847043
65.0 109.0 209.04917148787806
65.0 110.0 218.93106054232646
65.0 111.0 220.63462098252148
65.0 112.0 76.82877680501407
66.0 67.0 8.607498674216771
66.0 68.0 16.227430437403136
66.0 69.0 24.276402375864684
66.0 70.0 49.96982991590971
66.0 73.0 130.60781152043347
66.0 74.0 138.0603886086207
66.0 75.0 138.7460237957635
66.0 76.0 138.5658177271125
66.0 78.0 147.4287003487018
66.0 79.0 156.3371638375981
66.0 80.0 150.41665113258833
66.0 81.0 150.20972969944893
66.0 82.0 48.36395109148494
66.0 83.0 48.86579164475386
66.0 84.0 136.58017926338505
66.0 86.0 152.82656179540288
66.0 87.0 153.38380427832107
66.0 88.0 182.16550648226712
66.0 89.0 190.14731022727455
66.0 90.0 147.66001983572642
66.0 91.0 148.02607779651248
66.0 92.0 57.128287315799106
66.0 94.0 51.10674563253244
66.0 95.0 58.38529990195328
66.0 96.0 54.59410808738396
66.0 97.0 67.96511642089581
66.0 98.0 211.03352947145498
66.0 100.0 32.44773459597837
66.0 101.0 58.98606237739969
66.0 102.0 58.81465177096118
66.0 104.0 73.97103726827834
66.0 105.0 74.54753528726667
66.0 107.0 157.58169861189634
66.0 109.0 216.19386048876066
66.0 110.0 226.07574955082669
66.0 111.0 227.77930996771175
66.0 112.0 83.97346579854
67.0 68.0 7.6199317631867265
67.0 69.0 15.668903701562039
67.0 70.0 58.57732859034341
67.0 73.0 139.21531019448548
67.0 74.0 146.66788728510727
67.0 75.0 147.35352246979403
67.0 76.0 147.1733164016668
67.0 78.0 156.0361990226674
67.0 79.0 164.94466251169246
67.0 80.0 159.024149807232
67.0 81.0 158.8172283741684
67.0 82.0 56.9714497676389
67.0 83.0 57.47329031875909
67.0 84.0 145.1876779382258
67.0 86.0 161.43406046964577
67.0 87.0 161.99130295262012
67.0 88.0 190.77300515736385
67.0 89.0 198.75480890167114
67.0 90.0 156.2675185109252
67.0 91.0 156.63357647330736
67.0 92.0 65.73578599023759
67.0 94.0 59.71424430660889
67.0 95.0 66.99279857713793
67.0 96.0 63.20160676219129
67.0 97.0 76.57261509480122
67.0 98.0 219.64102813961154
67.0 100.0 23.840235921937165
67.0 101.0 67.5935610517602
67.0 102.0 67.42215044526952
67.0 104.0 82.57853594263003
67.0 105.0 83.15503396125547
67.0 107.0 166.1891972857941
67.0 109.0 224.80135916833422
67.0 110.0 234.68324822954844
67.0 111.0 236.38680865020137
67.0 112.0 92.58096447293013
68.0 69.0 8.048971938390807
68.0 70.0 66.19726035295794
68.0 73.0 146.83524195842597
68.0 74.0 154.28781904693687
68.0 75.0 154.97345423296844
68.0 76.0 154.7932481647914
68.0 78.0 163.65613078603246
68.0 79.0 172.5645942749623
68.0 80.0 166.64408156990186
68.0 81.0 166.43716013704756
68.0 82.0 64.59138153076042
68.0 83.0 65.0932220818941
68.0 84.0 152.80760969996294
68.0 86.0 169.05399223283945
68.0 87.0 169.611234715722
68.0 88.0 198.39293692088933
68.0 89.0 206.374740664328
68.0 90.0 163.8874502735764
68.0 91.0 164.25350823653918
68.0 92.0 73.35571775341931
68.0 94.0 67.33417606961609
68.0 95.0 74.61273034161259
68.0 96.0 70.82153852490819
68.0 97.0 84.19254685830892
68.0 98.0 227.26095990607212
68.0 100.0 16.22030415880358
68.0 101.0 75.21349281483512
68.0 102.0 75.04208220840553
68.0 104.0 90.19846770609487
68.0 105.0 90.77496572481238
68.0 107.0 173.80912904924702
68.0 109.0 232.4212909226784
68.0 110.0 242.3031799851105
68.0 111.0 244.0067403979478
68.0 112.0 100.20089623621638
69.0 70.0 74.24623229215113
69.0 73.0 154.88421389587117
69.0 74.0 162.33679098523868
69.0 75.0 163.02242617138245
69.0 76.0 162.84222010311038
69.0 78.0 171.70510272423098
69.0 79.0 180.61356621293618
69.0 80.0 174.6930535086907
69.0 81.0 174.48613207527492
69.0 82.0 72.64035346977657
69.0 83.0 73.14219402017355
69.0 84.0 160.85658163851446
69.0 86.0 177.10296417134128
69.0 87.0 177.6602066541863
69.0 88.0 206.44190885980612
69.0 89.0 214.4237126029476
69.0 90.0 171.936422211844
69.0 91.0 172.30248017392015
69.0 92.0 81.40468969147936
69.0 94.0 75.38314800773486
69.0 95.0 82.66170227905323
69.0 96.0 78.8705104639905
69.0 97.0 92.24151879846787
69.0 98.0 235.3099318478332
69.0 100.0 8.17133222039035
69.0 101.0 83.26246475316378
69.0 102.0 83.0910541470866
69.0 104.0 98.24743964405576
69.0 105.0 98.82393766324253
69.0 107.0 181.858100987566
69.0 109.0 240.47026286678073
69.0 110.0 250.35215192653328
69.0 111.0 252.05571234988776
69.0 112.0 108.24986817382907
70.0 73.0 138.5064386914815
70.0 74.0 145.95901578009745
70.0 75.0 146.6446509671478
70.0 76.0 146.4644448977072
70.0 78.0 155.3273275210591
70.0 79.0 164.23579100949374
70.0 80.0 158.31527830389604
70.0 81.0 158.10835687050223
70.0 82.0 56.262578264602084
70.0 83.0 56.76441881541795
70.0 84.0 144.47880643427263
70.0 86.0 160.72518896648256
70.0 87.0 161.28243145011268
70.0 88.0 190.06413365457163
70.0 89.0 198.04593739759733
70.0 90.0 155.55864700900892
70.0 91.0 155.92470496965433
70.0 92.0 65.0269144870877
70.0 94.0 59.00537280365084
70.0 95.0 66.2839270724157
70.0 96.0 62.49273525808134
70.0 97.0 75.86374359238955
70.0 98.0 218.93215664332638
70.0 100.0 82.41756451221222
70.0 101.0 66.88468954757947
70.0 102.0 66.71327894194732
70.0 104.0 81.86966444016751
70.0 105.0 82.44616245818621
70.0 107.0 165.480325783184
70.0 109.0 224.09248765440424
70.0 110.0 233.97437671626312
70.0 111.0 235.67793713587344
70.0 112.0 91.87209297092068
73.0 74.0 23.945018300075855
73.0 75.0 24.63065348660694
73.0 76.0 50.51765940230571
73.0 78.0 59.380542023556515
73.0 79.0 68.28900551267952
73.0 80.0 62.36849280752368
73.0 81.0 62.16157137490863
73.0 82.0 112.69835673161765
73.0 83.0 113.20019728324374
73.0 84.0 5.972367742712685
73.0 86.0 38.71119148625795
73.0 87.0 39.26843396940315
73.0 88.0 94.11734815949175
73.0 89.0 102.09915190207133
73.0 90.0 59.61186151169596
73.0 91.0 59.97791947254974
73.0 92.0 121.46269295390533
73.0 94.0 115.44115127108196
73.0 95.0 122.71970553922674
73.0 96.0 118.92851372711894
73.0 97.0 132.2995220587663
73.0 98.0 122.98537114866497
73.0 100.0 163.05554611727544
73.0 101.0 134.9922703090929
73.0 102.0 134.82085970166543
73.0 104.0 149.97724519943793
73.0 105.0 150.55374321889747
73.0 107.0 69.5335402870194
73.0 109.0 128.14570215875955
73.0 110.0 138.02759122818006
73.0 111.0 139.73115165710465
73.0 112.0 159.97967373010633
74.0 75.0 15.240128954427341
74.0 76.0 57.970236490869475
74.0 78.0 66.83311911254081
74.0 79.0 75.7415826011382
74.0 80.0 69.82106989683533
74.0 81.0 69.61414846366895
74.0 82.0 120.1509338204276
74.0 83.0 120.65277437131287
74.0 84.0 29.9173860427214
74.0 86.0 29.320666954299742
74.0 87.0 29.877909437233516
74.0 88.0 101.56992524670866
74.0 89.0 109.55172899071837
74.0 90.0 67.0644386000867
74.0 91.0 67.43049656153428
74.0 92.0 128.9152700421276
74.0 94.0 122.89372835802797
74.0 95.0 130.17228262861317
74.0 96.0 126.38109081426552
74.0 97.0 139.75209914769104
74.0 98.0 130.43794822298688
74.0 100.0 170.50812320496243
74.0 101.0 142.44484739644042
74.0 102.0 142.27343678998972
74.0 104.0 157.42982228773985
74.0 105.0 158.00632030647674
74.0 107.0 76.98611737546862
74.0 109.0 135.59827926515464
74.0 110.0 145.48016832151484
74.0 111.0 147.1837287292732
74.0 112.0 167.43225081916069
75.0 76.0 58.65587167774457
75.0 78.0 67.51875429906588
75.0 79.0 76.42721778805553
75.0 80.0 70.50670508288482
75.0 81.0 70.29978365024027
75.0 82.0 120.83656900780777
75.0 83.0 121.3384095570855
75.0 84.0 30.60302122928666
75.0 86.0 14.080537999839859
75.0 87.0 14.637780482568969
75.0 88.0 102.25556043141793
75.0 89.0 110.237364176546
75.0 90.0 67.7500737860711
75.0 91.0 68.11613174819914
75.0 92.0 129.60090522859417
75.0 94.0 123.57936354625681
75.0 95.0 130.85791781519077
75.0 96.0 127.06672600224269
75.0 97.0 140.43773433413384
75.0 98.0 131.12358342316082
75.0 100.0 171.1937583917737
75.0 101.0 143.13048258457735
75.0 102.0 142.959071976134
75.0 104.0 158.11545747373077
75.0 105.0 158.69195549315114
75.0 107.0 77.67175256221472
75.0 109.0 136.28391442897404
75.0 110.0 146.1658035110862
75.0 111.0 147.86936393955762
75.0 112.0 168.11788600419334
76.0 78.0 8.862882621323344
76.0 79.0 17.77134611014472
76.0 80.0 23.437901969122706
76.0 81.0 23.23098053624968
76.0 82.0 120.65636293830346
76.0 83.0 121.15820349041127
76.0 84.0 56.490027145156084
76.0 86.0 72.73640967692006
76.0 87.0 73.29365216000801
76.0 88.0 67.44711860749949
76.0 89.0 75.4289223546239
76.0 90.0 32.9416319611494
76.0 91.0 33.307689923502465
76.0 92.0 129.42069916216695
76.0 94.0 123.39915747699595
76.0 95.0 130.6777117472783
76.0 96.0 126.88651993323884
76.0 97.0 140.2575282659277
76.0 98.0 96.31514160469175
76.0 100.0 171.01355232348763
76.0 101.0 142.95027651493666
76.0 102.0 142.7788659091874
76.0 104.0 157.93525140629373
76.0 105.0 158.5117494243139
76.0 107.0 30.602949448327557
76.0 109.0 101.47547254049975
76.0 110.0 111.35736163984635
76.0 111.0 113.06092217155988
76.0 112.0 167.93767993650007
78.0 79.0 8.908463488764117
78.0 80.0 32.30078459046973
78.0 81.0 32.093863157539076
78.0 82.0 129.51924556124163
78.0 83.0 130.0210861116619
78.0 84.0 65.35290976651743
78.0 86.0 81.59929229844114
78.0 87.0 82.15653478179027
78.0 88.0 76.31000123074462
78.0 89.0 84.29180497308654
78.0 90.0 41.80451458275461
78.0 91.0 42.17057254441316
78.0 92.0 138.28358178266222
78.0 94.0 132.26204009846072
78.0 95.0 139.54059436903657
78.0 96.0 135.74940255406688
78.0 97.0 149.12041088738977
78.0 98.0 105.17802423407447
78.0 100.0 179.87643494462026
78.0 101.0 151.81315913662831
78.0 102.0 151.6417485292439
78.0 104.0 166.79813402847665
78.0 105.0 167.37463204642071
78.0 107.0 39.4658320695505
78.0 109.0 110.33835511793887
78.0 110.0 120.22024431317999
78.0 111.0 121.92380475797908
78.0 112.0 176.80056255800548
79.0 80.0 41.209248079259865
79.0 81.0 41.00232664641128
79.0 82.0 138.42770904897725
79.0 83.0 138.92954960041382
79.0 84.0 74.26137325542572
79.0 86.0 90.50775578752922
79.0 87.0 91.06499827046406
79.0 88.0 85.2184647173531
79.0 89.0 93.20026846419702
79.0 90.0 50.71297807134286
79.0 91.0 51.079036033210016
79.0 92.0 147.19204527222726
79.0 94.0 141.17050358900855
79.0 95.0 148.4490578564803
79.0 96.0 144.65786604276218
79.0 97.0 158.02887437599924
79.0 98.0 114.08648770989939
79.0 100.0 188.7848984338066
79.0 101.0 160.72162262431434
79.0 102.0 160.55021201838338
79.0 104.0 175.7065975176196
79.0 105.0 176.2830955354135
79.0 107.0 48.374295558422794
79.0 109.0 119.24681868840365
79.0 110.0 129.1287077571911
79.0 111.0 130.83226819774632
79.0 112.0 185.70902604839318
80.0 81.0 17.864146988905972
80.0 82.0 132.50719634385814
80.0 83.0 133.00903689519507
80.0 84.0 68.3408605506055
80.0 86.0 84.58724308295209
80.0 87.0 85.14448556524917
80.0 88.0 79.29795201295754
80.0 89.0 87.27975575668846
80.0 90.0 44.79246536657719
80.0 91.0 45.158523328752025
80.0 92.0 141.27153256616708
80.0 94.0 135.24999088315113
80.0 95.0 142.52854515150358
80.0 96.0 138.7373533393223
80.0 97.0 152.10836167119038
80.0 98.0 108.16597499959742
80.0 100.0 182.86438572875193
80.0 101.0 154.80110992115286
80.0 102.0 154.62969931346765
80.0 104.0 169.7860848123292
80.0 105.0 170.3625828313116
80.0 107.0 25.236115901020746
80.0 109.0 113.3263060233142
80.0 110.0 123.20819508204784
80.0 111.0 124.91175550497569
80.0 112.0 179.78851334350014
81.0 82.0 132.30027491189358
81.0 83.0 132.80211546205138
81.0 84.0 68.13393911777413
81.0 86.0 84.3803216499162
81.0 87.0 84.93756413290876
81.0 88.0 79.09103058172913
81.0 89.0 87.07283432582999
81.0 90.0 44.585543933719975
81.0 91.0 44.95160189581581
81.0 92.0 141.0646111334246
81.0 94.0 135.04306945016336
81.0 95.0 142.32162371990836
81.0 96.0 138.5304319057548
81.0 97.0 151.90144023829066
81.0 98.0 107.95905357297295
81.0 100.0 182.65746429602666
81.0 101.0 154.5941884874881
81.0 102.0 154.42277788256143
81.0 104.0 169.57916337805653
81.0 105.0 170.15566139745044
81.0 107.0 7.37196891201282
81.0 109.0 113.11938461240707
81.0 110.0 123.00127365988178
81.0 111.0 124.70483406757974
81.0 112.0 179.58159190819111
82.0 83.0 11.506477577281242
82.0 84.0 118.67072447554531
82.0 86.0 134.91710700757915
82.0 87.0 135.47434949045441
82.0 88.0 164.25605169501324
82.0 89.0 172.2378554392747
82.0 90.0 129.75056504850107
82.0 91.0 130.116623010097
82.0 92.0 19.76897324883145
82.0 94.0 22.818752783194554
82.0 95.0 30.097307053046464
82.0 96.0 26.30611523850763
82.0 97.0 39.67712357121634
82.0 98.0 193.12407468925278
82.0 100.0 80.81168569014426
82.0 101.0 52.74840987997533
82.0 102.0 52.5769992758041
82.0 104.0 67.73338477301888
82.0 105.0 68.30988279363021
82.0 107.0 139.67224382394215
82.0 109.0 198.28440570110158
82.0 110.0 208.16629476402824
82.0 111.0 209.86985520503674
82.0 112.0 77.73581330197474
83.0 84.0 119.17256502746208
83.0 86.0 135.41894755830015
83.0 87.0 135.9761900412343
83.0 88.0 164.75789224566972
83.0 89.0 172.73969598984772
83.0 90.0 130.25240559916725
83.0 91.0 130.6184635613716
83.0 92.0 8.262495671567489
83.0 94.0 23.320593334051345
83.0 95.0 30.599147603861123
83.0 96.0 26.807955789389144
83.0 97.0 40.17896412201983
83.0 98.0 193.62591523850475
83.0 100.0 81.31352624043973
83.0 101.0 53.250250430332684
83.0 102.0 53.07883982521767
83.0 104.0 68.23522532270016
83.0 105.0 68.81172334073784
83.0 107.0 140.1740843723948
83.0 109.0 198.78624625417905
83.0 110.0 208.66813527092276
83.0 111.0 210.371695702177
83.0 112.0 78.2376538526384
84.0 86.0 44.6835592291665
84.0 87.0 45.2408017121144
84.0 88.0 100.08971589995804
84.0 89.0 108.07151964518462
84.0 90.0 65.58422925178468
84.0 91.0 65.95028721532323
84.0 92.0 127.43506069792238
84.0 94.0 121.41351901433497
84.0 95.0 128.69207328197024
84.0 96.0 124.90088146741886
84.0 97.0 138.27188980147866
84.0 98.0 128.9577388971689
84.0 100.0 169.02791386008596
84.0 101.0 140.9646380527779
84.0 102.0 140.79322744517526
84.0 104.0 155.94961294254813
84.0 105.0 156.52611096106887
84.0 107.0 75.50590802972263
84.0 109.0 134.11806990967736
84.0 110.0 143.99995895875176
84.0 111.0 145.70351938420032
84.0 112.0 165.95204147281163
86.0 87.0 13.496213283361854
86.0 88.0 116.33609843058406
86.0 89.0 124.31790217698524
86.0 90.0 81.8306117863236
86.0 91.0 82.19666974870707
86.0 92.0 143.68144322927125
86.0 94.0 137.659901545982
86.0 95.0 144.9384558156749
86.0 96.0 141.1472640012725
86.0 97.0 154.51827233403372
86.0 98.0 145.20412141402818
86.0 100.0 185.27429639143253
86.0 101.0 157.21102058343337
86.0 102.0 157.039609976073
86.0 104.0 172.19599547470773
86.0 105.0 172.77249349348426
86.0 107.0 91.75229056234099
86.0 109.0 150.36445243203377
86.0 110.0 160.24634151911428
86.0 111.0 161.94990192649172
86.0 112.0 182.1984240042568
87.0 88.0 116.89334091597004
87.0 89.0 124.87514465802941
87.0 90.0 82.38785426845331
87.0 91.0 82.75391223037656
87.0 92.0 144.238685712875
87.0 94.0 138.2171440288952
87.0 95.0 145.49569829873673
87.0 96.0 141.7045064841506
87.0 97.0 155.07551481700864
87.0 98.0 145.76136388439068
87.0 100.0 185.83153887441108
87.0 101.0 157.7682630666048
87.0 102.0 157.59685246079397
87.0 104.0 172.75323795757475
87.0 105.0 173.3297359764457
87.0 107.0 92.30953304490814
87.0 109.0 150.92169490703031
87.0 110.0 160.80358396840367
87.0 111.0 162.50714440260256
87.0 112.0 182.75566648817227
88.0 89.0 7.981803743750962
88.0 90.0 61.525422070092176
88.0 91.0 61.8914800334096
88.0 92.0 173.02038791792933
88.0 94.0 166.9988462335021
88.0 95.0 174.27740050355246
88.0 96.0 170.48620868906823
88.0 97.0 183.85721702201266
88.0 98.0 62.43126626747794
88.0 100.0 214.61324107918983
88.0 101.0 186.54996527203588
88.0 102.0 186.37855466476105
88.0 104.0 201.53494016236914
88.0 105.0 202.11143818081155
88.0 107.0 86.46299949272546
88.0 109.0 67.59159729217401
88.0 110.0 77.47348635246651
88.0 111.0 79.17704677287222
88.0 112.0 211.53736869265333
89.0 90.0 69.50722581694231
89.0 91.0 69.87328377936711
89.0 92.0 181.00219166190232
89.0 94.0 174.98064997824656
89.0 95.0 182.25920424774566
89.0 96.0 178.46801243234148
89.0 97.0 191.8390207657731
89.0 98.0 70.41307001406518
89.0 100.0 222.59504482308284
89.0 101.0 194.53176901479225
89.0 102.0 194.36035840694353
89.0 104.0 209.5167439059764
89.0 105.0 210.09324192462142
89.0 107.0 94.44480323723246
89.0 109.0 75.57340103596562
89.0 110.0 85.45529009821536
89.0 111.0 87.15885051723404
89.0 112.0 219.51917243642686
90.0 91.0 14.526462728340682
90.0 92.0 138.51490126885227
90.0 94.0 132.49335958594673
90.0 95.0 139.77191385596007
90.0 96.0 135.98072204190237
90.0 97.0 149.35173037462746
90.0 98.0 90.39344511834206
90.0 100.0 180.1077544322818
90.0 101.0 152.04447862288475
90.0 102.0 151.87306801808836
90.0 104.0 167.0294535137959
90.0 105.0 167.6059515344976
90.0 107.0 51.95751284571922
90.0 109.0 95.55377599350888
90.0 110.0 105.43566526916476
90.0 111.0 107.13922564537019
90.0 112.0 177.0318820458774
91.0 92.0 138.8809592324871
91.0 94.0 132.85941754832322
91.0 95.0 140.137971818377
91.0 96.0 136.34678000468443
91.0 97.0 149.71778833674742
91.0 98.0 90.75950308162908
91.0 100.0 180.4738123943389
91.0 101.0 152.41053658513061
91.0 102.0 152.23912597956854
91.0 104.0 167.39551147721522
91.0 105.0 167.97200949600665
91.0 107.0 52.32357080789462
91.0 109.0 95.91983395245681
91.0 110.0 105.8017232111374
91.0 111.0 107.50528355097165
91.0 112.0 177.39794000766682
92.0 94.0 31.583089005609267
92.0 95.0 38.86164327542454
92.0 96.0 35.0704514609515
92.0 97.0 48.441459793591534
92.0 98.0 201.88841090770114
92.0 100.0 89.57602191222838
92.0 101.0 61.51274610147655
92.0 102.0 61.34133549706252
92.0 104.0 76.49772099710253
92.0 105.0 77.0742190133472
92.0 107.0 148.4365800457544
92.0 109.0 207.04874194308667
92.0 110.0 216.93063099318493
92.0 111.0 218.63419140275522
92.0 112.0 86.50014952457124
94.0 95.0 22.31491383648663
94.0 96.0 18.523722021996793
94.0 97.0 31.894730354709036
94.0 98.0 195.8668692151764
94.0 100.0 83.55448022815824
94.0 101.0 55.491204417495155
94.0 102.0 55.319793814265495
94.0 104.0 70.47617930985963
94.0 105.0 71.05267732815102
94.0 107.0 142.4150383620346
94.0 109.0 201.02720023695645
94.0 110.0 210.90908929898305
94.0 111.0 212.61264972501039
94.0 112.0 80.47860784182738
95.0 96.0 10.13000827763743
95.0 97.0 9.579816518300179
95.0 98.0 203.14542348721594
95.0 100.0 90.83303449893467
95.0 101.0 62.76975869057166
95.0 102.0 62.59834808431022
95.0 104.0 77.75473358102536
95.0 105.0 78.33123160023248
95.0 107.0 149.69359263277883
95.0 109.0 208.30575451124884
95.0 110.0 218.18764355499
95.0 111.0 219.89120397537152
95.0 112.0 87.75716211262406
96.0 97.0 19.70982479576403
96.0 98.0 199.3542316750653
96.0 100.0 87.04184268480437
96.0 101.0 58.97856687617038
96.0 102.0 58.80715627006872
96.0 104.0 73.96354176740842
96.0 105.0 74.54003978610126
96.0 107.0 145.90240081773254
96.0 109.0 204.51456269449866
96.0 110.0 214.39645174316604
96.0 111.0 216.10001216128975
96.0 112.0 83.96597029780918
97.0 98.0 212.7252400047611
97.0 100.0 100.41285101679489
97.0 101.0 72.34957520894015
97.0 102.0 72.1781646013211
97.0 104.0 87.33455009892464
97.0 105.0 87.91104811863056
97.0 107.0 159.27340915032707
97.0 109.0 217.88557102994645
97.0 110.0 227.76746007823297
97.0 111.0 229.4710205119369
97.0 112.0 97.3369786295168
98.0 100.0 243.4812640680638
98.0 101.0 215.41798826034602
98.0 102.0 215.2465776572999
98.0 104.0 230.40296315184122
98.0 105.0 230.97946115653986
98.0 107.0 115.33102248362903
98.0 109.0 19.808209548669815
98.0 110.0 29.690098606568565
98.0 111.0 31.39365902908311
98.0 112.0 240.40539165330654
100.0 101.0 91.43379697375943
100.0 102.0 91.26238636713855
100.0 104.0 106.41877186478507
100.0 105.0 106.99526988338879
100.0 107.0 190.02943320783143
100.0 109.0 248.64159508881352
100.0 110.0 258.52348414694154
100.0 111.0 260.2270445659375
100.0 112.0 116.42120039466431
101.0 102.0 19.82858939349572
101.0 104.0 14.984974891035353
101.0 105.0 15.561472910025211
101.0 107.0 161.9661573987823
101.0 109.0 220.57831927354766
101.0 110.0 230.4602083269749
101.0 111.0 232.16376873719238
101.0 112.0 24.987403421443528
102.0 104.0 34.81356428472487
102.0 105.0 35.39006230354249
102.0 107.0 161.7947467945695
102.0 109.0 220.40690867559078
102.0 110.0 230.2887977169853
102.0 111.0 231.99235814810294
102.0 112.0 44.81599281497597
104.0 105.0 14.170348364190321
104.0 107.0 176.9511322902186
104.0 109.0 235.56329415285938
104.0 110.0 245.4451832121873
104.0 111.0 247.1487436438306
104.0 112.0 23.596278875802692
105.0 107.0 177.52763031093357
105.0 109.0 236.13979220024595
105.0 110.0 246.0216812381484
105.0 111.0 247.72524167946594
105.0 112.0 9.425930511379566
107.0 109.0 120.49135349996371
107.0 110.0 130.37324255713088
107.0 111.0 132.07680298868908
107.0 112.0 186.95356081974847
109.0 110.0 20.856828729852165
109.0 111.0 22.560389152697965
109.0 112.0 245.56572268073344
110.0 111.0 17.92907014638398
110.0 112.0 255.44761179173287
111.0 112.0 257.1511721627302
